<?xml version="1.0" encoding="UTF-8"?>
<testsuite xmlns:xsi="http://www.w3.org/2001/XMLSchema-instance" xsi:noNamespaceSchemaLocation="https://maven.apache.org/surefire/maven-surefire-plugin/xsd/surefire-test-report-3.0.xsd" version="3.0" name="TestSuite" time="919.898" tests="29" errors="0" skipped="3" failures="6">
  <properties>
    <property name="sun.desktop" value="windows"/>
    <property name="awt.toolkit" value="sun.awt.windows.WToolkit"/>
    <property name="file.encoding.pkg" value="sun.io"/>
    <property name="java.specification.version" value="1.8"/>
    <property name="sun.cpu.isalist" value="amd64"/>
    <property name="sun.jnu.encoding" value="Cp1252"/>
    <property name="Opco" value="KE"/>
    <property name="java.class.path" value="C:\Users\2394650\IdeaProjects\cs-portal-automation_selenium1\target\test-classes;C:\Users\2394650\IdeaProjects\cs-portal-automation_selenium1\target\classes;C:\Users\2394650\.m2\repository\org\seleniumhq\selenium\selenium-java\4.0.0-alpha-3\selenium-java-4.0.0-alpha-3.jar;C:\Users\2394650\.m2\repository\org\seleniumhq\selenium\selenium-api\4.0.0-alpha-3\selenium-api-4.0.0-alpha-3.jar;C:\Users\2394650\.m2\repository\org\seleniumhq\selenium\selenium-chrome-driver\4.0.0-alpha-3\selenium-chrome-driver-4.0.0-alpha-3.jar;C:\Users\2394650\.m2\repository\com\google\guava\guava\27.1-jre\guava-27.1-jre.jar;C:\Users\2394650\.m2\repository\com\google\guava\failureaccess\1.0.1\failureaccess-1.0.1.jar;C:\Users\2394650\.m2\repository\com\google\guava\listenablefuture\9999.0-empty-to-avoid-conflict-with-guava\listenablefuture-9999.0-empty-to-avoid-conflict-with-guava.jar;C:\Users\2394650\.m2\repository\org\checkerframework\checker-qual\2.5.2\checker-qual-2.5.2.jar;C:\Users\2394650\.m2\repository\com\google\errorprone\error_prone_annotations\2.2.0\error_prone_annotations-2.2.0.jar;C:\Users\2394650\.m2\repository\com\google\j2objc\j2objc-annotations\1.1\j2objc-annotations-1.1.jar;C:\Users\2394650\.m2\repository\org\codehaus\mojo\animal-sniffer-annotations\1.17\animal-sniffer-annotations-1.17.jar;C:\Users\2394650\.m2\repository\org\seleniumhq\selenium\selenium-chromium-driver\4.0.0-alpha-3\selenium-chromium-driver-4.0.0-alpha-3.jar;C:\Users\2394650\.m2\repository\org\seleniumhq\selenium\selenium-devtools\4.0.0-alpha-3\selenium-devtools-4.0.0-alpha-3.jar;C:\Users\2394650\.m2\repository\org\seleniumhq\selenium\selenium-http\4.0.0-alpha-3\selenium-http-4.0.0-alpha-3.jar;C:\Users\2394650\.m2\repository\org\seleniumhq\selenium\selenium-json\4.0.0-alpha-3\selenium-json-4.0.0-alpha-3.jar;C:\Users\2394650\.m2\repository\org\seleniumhq\selenium\selenium-edge-driver\4.0.0-alpha-3\selenium-edge-driver-4.0.0-alpha-3.jar;C:\Users\2394650\.m2\repository\org\seleniumhq\selenium\selenium-edgehtml-driver\4.0.0-alpha-3\selenium-edgehtml-driver-4.0.0-alpha-3.jar;C:\Users\2394650\.m2\repository\org\seleniumhq\selenium\selenium-firefox-driver\4.0.0-alpha-3\selenium-firefox-driver-4.0.0-alpha-3.jar;C:\Users\2394650\.m2\repository\org\seleniumhq\selenium\selenium-firefox-xpi-driver\4.0.0-alpha-3\selenium-firefox-xpi-driver-4.0.0-alpha-3.jar;C:\Users\2394650\.m2\repository\org\seleniumhq\selenium\selenium-ie-driver\4.0.0-alpha-3\selenium-ie-driver-4.0.0-alpha-3.jar;C:\Users\2394650\.m2\repository\org\seleniumhq\selenium\selenium-opera-driver\4.0.0-alpha-3\selenium-opera-driver-4.0.0-alpha-3.jar;C:\Users\2394650\.m2\repository\org\seleniumhq\selenium\selenium-remote-driver\4.0.0-alpha-3\selenium-remote-driver-4.0.0-alpha-3.jar;C:\Users\2394650\.m2\repository\com\squareup\okhttp3\okhttp\4.0.1\okhttp-4.0.1.jar;C:\Users\2394650\.m2\repository\com\squareup\okio\okio\2.2.2\okio-2.2.2.jar;C:\Users\2394650\.m2\repository\org\jetbrains\kotlin\kotlin-stdlib\1.3.40\kotlin-stdlib-1.3.40.jar;C:\Users\2394650\.m2\repository\org\jetbrains\kotlin\kotlin-stdlib-common\1.3.40\kotlin-stdlib-common-1.3.40.jar;C:\Users\2394650\.m2\repository\org\jetbrains\annotations\13.0\annotations-13.0.jar;C:\Users\2394650\.m2\repository\io\opentracing\opentracing-api\0.33.0\opentracing-api-0.33.0.jar;C:\Users\2394650\.m2\repository\net\bytebuddy\byte-buddy\1.9.12\byte-buddy-1.9.12.jar;C:\Users\2394650\.m2\repository\org\apache\commons\commons-exec\1.3\commons-exec-1.3.jar;C:\Users\2394650\.m2\repository\org\seleniumhq\selenium\selenium-safari-driver\4.0.0-alpha-3\selenium-safari-driver-4.0.0-alpha-3.jar;C:\Users\2394650\.m2\repository\org\seleniumhq\selenium\selenium-support\4.0.0-alpha-3\selenium-support-4.0.0-alpha-3.jar;C:\Users\2394650\.m2\repository\org\hamcrest\java-hamcrest\2.0.0.0\java-hamcrest-2.0.0.0.jar;C:\Users\2394650\.m2\repository\commons-cli\commons-cli\1.4\commons-cli-1.4.jar;C:\Users\2394650\.m2\repository\com\fasterxml\jackson\core\jackson-core\2.10.2\jackson-core-2.10.2.jar;C:\Users\2394650\.m2\repository\com\fasterxml\jackson\core\jackson-databind\2.9.8\jackson-databind-2.9.8.jar;C:\Users\2394650\.m2\repository\com\fasterxml\jackson\core\jackson-annotations\2.9.0\jackson-annotations-2.9.0.jar;C:\Users\2394650\.m2\repository\org\hamcrest\hamcrest-all\1.3\hamcrest-all-1.3.jar;C:\Users\2394650\.m2\repository\org\hamcrest\hamcrest\2.2\hamcrest-2.2.jar;C:\Users\2394650\.m2\repository\io\rest-assured\rest-assured\3.3.0\rest-assured-3.3.0.jar;C:\Users\2394650\.m2\repository\org\codehaus\groovy\groovy\2.4.15\groovy-2.4.15.jar;C:\Users\2394650\.m2\repository\org\codehaus\groovy\groovy-xml\2.4.15\groovy-xml-2.4.15.jar;C:\Users\2394650\.m2\repository\org\apache\httpcomponents\httpclient\4.5.3\httpclient-4.5.3.jar;C:\Users\2394650\.m2\repository\org\apache\httpcomponents\httpcore\4.4.6\httpcore-4.4.6.jar;C:\Users\2394650\.m2\repository\commons-logging\commons-logging\1.2\commons-logging-1.2.jar;C:\Users\2394650\.m2\repository\commons-codec\commons-codec\1.9\commons-codec-1.9.jar;C:\Users\2394650\.m2\repository\org\apache\httpcomponents\httpmime\4.5.3\httpmime-4.5.3.jar;C:\Users\2394650\.m2\repository\org\hamcrest\hamcrest-core\1.3\hamcrest-core-1.3.jar;C:\Users\2394650\.m2\repository\org\hamcrest\hamcrest-library\1.3\hamcrest-library-1.3.jar;C:\Users\2394650\.m2\repository\org\ccil\cowan\tagsoup\tagsoup\1.2.1\tagsoup-1.2.1.jar;C:\Users\2394650\.m2\repository\io\rest-assured\xml-path\3.3.0\xml-path-3.3.0.jar;C:\Users\2394650\.m2\repository\javax\xml\bind\jaxb-api\2.2.12\jaxb-api-2.2.12.jar;C:\Users\2394650\.m2\repository\com\sun\xml\bind\jaxb-osgi\2.2.10\jaxb-osgi-2.2.10.jar;C:\Users\2394650\.m2\repository\org\apache\sling\org.apache.sling.javax.activation\0.1.0\org.apache.sling.javax.activation-0.1.0.jar;C:\Users\2394650\.m2\repository\javax\activation\activation\1.1.1\activation-1.1.1.jar;C:\Users\2394650\.m2\repository\io\rest-assured\json-path\4.2.0\json-path-4.2.0.jar;C:\Users\2394650\.m2\repository\org\codehaus\groovy\groovy-json\2.5.8\groovy-json-2.5.8.jar;C:\Users\2394650\.m2\repository\io\rest-assured\rest-assured-common\4.2.0\rest-assured-common-4.2.0.jar;C:\Users\2394650\.m2\repository\commons-io\commons-io\2.6\commons-io-2.6.jar;C:\Users\2394650\.m2\repository\io\rest-assured\json-schema-validator\4.2.0\json-schema-validator-4.2.0.jar;C:\Users\2394650\.m2\repository\com\github\java-json-tools\json-schema-validator\2.2.10\json-schema-validator-2.2.10.jar;C:\Users\2394650\.m2\repository\com\github\java-json-tools\json-schema-core\1.2.10\json-schema-core-1.2.10.jar;C:\Users\2394650\.m2\repository\com\github\java-json-tools\jackson-coreutils\1.9\jackson-coreutils-1.9.jar;C:\Users\2394650\.m2\repository\com\github\fge\msg-simple\1.1\msg-simple-1.1.jar;C:\Users\2394650\.m2\repository\com\github\fge\btf\1.2\btf-1.2.jar;C:\Users\2394650\.m2\repository\com\github\fge\uri-template\0.9\uri-template-0.9.jar;C:\Users\2394650\.m2\repository\org\mozilla\rhino\1.7.7.1\rhino-1.7.7.1.jar;C:\Users\2394650\.m2\repository\javax\mail\mailapi\1.4.3\mailapi-1.4.3.jar;C:\Users\2394650\.m2\repository\joda-time\joda-time\2.9.7\joda-time-2.9.7.jar;C:\Users\2394650\.m2\repository\com\googlecode\libphonenumber\libphonenumber\8.0.0\libphonenumber-8.0.0.jar;C:\Users\2394650\.m2\repository\com\google\code\findbugs\jsr305\3.0.1\jsr305-3.0.1.jar;C:\Users\2394650\.m2\repository\net\sf\jopt-simple\jopt-simple\5.0.3\jopt-simple-5.0.3.jar;C:\Users\2394650\.m2\repository\org\codehaus\jackson\jackson-core-asl\1.9.13\jackson-core-asl-1.9.13.jar;C:\Users\2394650\.m2\repository\org\codehaus\jackson\jackson-mapper-lgpl\1.9.13\jackson-mapper-lgpl-1.9.13.jar;C:\Users\2394650\.m2\repository\org\codehaus\jackson\jackson-core-lgpl\1.9.13\jackson-core-lgpl-1.9.13.jar;C:\Users\2394650\.m2\repository\org\testng\testng\7.0.0\testng-7.0.0.jar;C:\Users\2394650\.m2\repository\com\beust\jcommander\1.72\jcommander-1.72.jar;C:\Users\2394650\.m2\repository\org\apache\logging\log4j\log4j-api\2.13.3\log4j-api-2.13.3.jar;C:\Users\2394650\.m2\repository\org\apache\logging\log4j\log4j-core\2.13.3\log4j-core-2.13.3.jar;C:\Users\2394650\.m2\repository\org\apache\commons\commons-lang3\3.9\commons-lang3-3.9.jar;C:\Users\2394650\.m2\repository\org\apache\poi\poi-ooxml\4.1.0\poi-ooxml-4.1.0.jar;C:\Users\2394650\.m2\repository\org\apache\poi\poi\4.1.0\poi-4.1.0.jar;C:\Users\2394650\.m2\repository\org\apache\commons\commons-collections4\4.3\commons-collections4-4.3.jar;C:\Users\2394650\.m2\repository\org\apache\commons\commons-math3\3.6.1\commons-math3-3.6.1.jar;C:\Users\2394650\.m2\repository\org\apache\poi\poi-ooxml-schemas\4.1.0\poi-ooxml-schemas-4.1.0.jar;C:\Users\2394650\.m2\repository\org\apache\xmlbeans\xmlbeans\3.1.0\xmlbeans-3.1.0.jar;C:\Users\2394650\.m2\repository\org\apache\commons\commons-compress\1.18\commons-compress-1.18.jar;C:\Users\2394650\.m2\repository\com\github\virtuald\curvesapi\1.06\curvesapi-1.06.jar;C:\Users\2394650\.m2\repository\org\projectlombok\lombok\1.18.12\lombok-1.18.12.jar;C:\Users\2394650\.m2\repository\com\relevantcodes\extentreports\2.41.2\extentreports-2.41.2.jar;C:\Users\2394650\.m2\repository\org\jsoup\jsoup\1.8.3\jsoup-1.8.3.jar;C:\Users\2394650\.m2\repository\org\xerial\sqlite-jdbc\3.8.11.1\sqlite-jdbc-3.8.11.1.jar;C:\Users\2394650\.m2\repository\org\freemarker\freemarker\2.3.23\freemarker-2.3.23.jar;C:\Users\2394650\.m2\repository\org\mongodb\mongodb-driver\3.0.4\mongodb-driver-3.0.4.jar;C:\Users\2394650\.m2\repository\org\mongodb\bson\3.0.4\bson-3.0.4.jar;C:\Users\2394650\.m2\repository\org\mongodb\mongodb-driver-core\3.0.4\mongodb-driver-core-3.0.4.jar;C:\Users\2394650\.m2\repository\io\github\bonigarcia\webdrivermanager\4.2.2\webdrivermanager-4.2.2.jar;C:\Users\2394650\.m2\repository\org\slf4j\slf4j-api\1.7.30\slf4j-api-1.7.30.jar;C:\Users\2394650\.m2\repository\com\google\code\gson\gson\2.8.6\gson-2.8.6.jar;C:\Users\2394650\.m2\repository\org\apache\httpcomponents\client5\httpclient5\5.0.1\httpclient5-5.0.1.jar;C:\Users\2394650\.m2\repository\org\apache\httpcomponents\core5\httpcore5\5.0.1\httpcore5-5.0.1.jar;C:\Users\2394650\.m2\repository\org\apache\httpcomponents\core5\httpcore5-h2\5.0.1\httpcore5-h2-5.0.1.jar;C:\Users\2394650\.m2\repository\org\rauschig\jarchivelib\1.1.0\jarchivelib-1.1.0.jar;"/>
    <property name="java.vm.vendor" value="Oracle Corporation"/>
    <property name="sun.arch.data.model" value="64"/>
    <property name="user.variant" value=""/>
    <property name="java.vendor.url" value="http://java.oracle.com/"/>
    <property name="user.timezone" value="Asia/Calcutta"/>
    <property name="java.vm.specification.version" value="1.8"/>
    <property name="os.name" value="Windows 10"/>
    <property name="user.country" value="US"/>
    <property name="sun.java.launcher" value="SUN_STANDARD"/>
    <property name="sun.boot.library.path" value="C:\Program Files\Java\jdk1.8.0_231\jre\bin"/>
    <property name="sun.java.command" value="C:\Users\2394650\AppData\Local\Temp\surefire4812207894903134890\surefirebooter812011984210490083.jar C:\Users\2394650\AppData\Local\Temp\surefire4812207894903134890 2021-03-11T16-28-36_567-jvmRun1 surefire1056109241486107612tmp surefire_01151734974707152307tmp"/>
    <property name="surefire.test.class.path" value="C:\Users\2394650\IdeaProjects\cs-portal-automation_selenium1\target\test-classes;C:\Users\2394650\IdeaProjects\cs-portal-automation_selenium1\target\classes;C:\Users\2394650\.m2\repository\org\seleniumhq\selenium\selenium-java\4.0.0-alpha-3\selenium-java-4.0.0-alpha-3.jar;C:\Users\2394650\.m2\repository\org\seleniumhq\selenium\selenium-api\4.0.0-alpha-3\selenium-api-4.0.0-alpha-3.jar;C:\Users\2394650\.m2\repository\org\seleniumhq\selenium\selenium-chrome-driver\4.0.0-alpha-3\selenium-chrome-driver-4.0.0-alpha-3.jar;C:\Users\2394650\.m2\repository\com\google\guava\guava\27.1-jre\guava-27.1-jre.jar;C:\Users\2394650\.m2\repository\com\google\guava\failureaccess\1.0.1\failureaccess-1.0.1.jar;C:\Users\2394650\.m2\repository\com\google\guava\listenablefuture\9999.0-empty-to-avoid-conflict-with-guava\listenablefuture-9999.0-empty-to-avoid-conflict-with-guava.jar;C:\Users\2394650\.m2\repository\org\checkerframework\checker-qual\2.5.2\checker-qual-2.5.2.jar;C:\Users\2394650\.m2\repository\com\google\errorprone\error_prone_annotations\2.2.0\error_prone_annotations-2.2.0.jar;C:\Users\2394650\.m2\repository\com\google\j2objc\j2objc-annotations\1.1\j2objc-annotations-1.1.jar;C:\Users\2394650\.m2\repository\org\codehaus\mojo\animal-sniffer-annotations\1.17\animal-sniffer-annotations-1.17.jar;C:\Users\2394650\.m2\repository\org\seleniumhq\selenium\selenium-chromium-driver\4.0.0-alpha-3\selenium-chromium-driver-4.0.0-alpha-3.jar;C:\Users\2394650\.m2\repository\org\seleniumhq\selenium\selenium-devtools\4.0.0-alpha-3\selenium-devtools-4.0.0-alpha-3.jar;C:\Users\2394650\.m2\repository\org\seleniumhq\selenium\selenium-http\4.0.0-alpha-3\selenium-http-4.0.0-alpha-3.jar;C:\Users\2394650\.m2\repository\org\seleniumhq\selenium\selenium-json\4.0.0-alpha-3\selenium-json-4.0.0-alpha-3.jar;C:\Users\2394650\.m2\repository\org\seleniumhq\selenium\selenium-edge-driver\4.0.0-alpha-3\selenium-edge-driver-4.0.0-alpha-3.jar;C:\Users\2394650\.m2\repository\org\seleniumhq\selenium\selenium-edgehtml-driver\4.0.0-alpha-3\selenium-edgehtml-driver-4.0.0-alpha-3.jar;C:\Users\2394650\.m2\repository\org\seleniumhq\selenium\selenium-firefox-driver\4.0.0-alpha-3\selenium-firefox-driver-4.0.0-alpha-3.jar;C:\Users\2394650\.m2\repository\org\seleniumhq\selenium\selenium-firefox-xpi-driver\4.0.0-alpha-3\selenium-firefox-xpi-driver-4.0.0-alpha-3.jar;C:\Users\2394650\.m2\repository\org\seleniumhq\selenium\selenium-ie-driver\4.0.0-alpha-3\selenium-ie-driver-4.0.0-alpha-3.jar;C:\Users\2394650\.m2\repository\org\seleniumhq\selenium\selenium-opera-driver\4.0.0-alpha-3\selenium-opera-driver-4.0.0-alpha-3.jar;C:\Users\2394650\.m2\repository\org\seleniumhq\selenium\selenium-remote-driver\4.0.0-alpha-3\selenium-remote-driver-4.0.0-alpha-3.jar;C:\Users\2394650\.m2\repository\com\squareup\okhttp3\okhttp\4.0.1\okhttp-4.0.1.jar;C:\Users\2394650\.m2\repository\com\squareup\okio\okio\2.2.2\okio-2.2.2.jar;C:\Users\2394650\.m2\repository\org\jetbrains\kotlin\kotlin-stdlib\1.3.40\kotlin-stdlib-1.3.40.jar;C:\Users\2394650\.m2\repository\org\jetbrains\kotlin\kotlin-stdlib-common\1.3.40\kotlin-stdlib-common-1.3.40.jar;C:\Users\2394650\.m2\repository\org\jetbrains\annotations\13.0\annotations-13.0.jar;C:\Users\2394650\.m2\repository\io\opentracing\opentracing-api\0.33.0\opentracing-api-0.33.0.jar;C:\Users\2394650\.m2\repository\net\bytebuddy\byte-buddy\1.9.12\byte-buddy-1.9.12.jar;C:\Users\2394650\.m2\repository\org\apache\commons\commons-exec\1.3\commons-exec-1.3.jar;C:\Users\2394650\.m2\repository\org\seleniumhq\selenium\selenium-safari-driver\4.0.0-alpha-3\selenium-safari-driver-4.0.0-alpha-3.jar;C:\Users\2394650\.m2\repository\org\seleniumhq\selenium\selenium-support\4.0.0-alpha-3\selenium-support-4.0.0-alpha-3.jar;C:\Users\2394650\.m2\repository\org\hamcrest\java-hamcrest\2.0.0.0\java-hamcrest-2.0.0.0.jar;C:\Users\2394650\.m2\repository\commons-cli\commons-cli\1.4\commons-cli-1.4.jar;C:\Users\2394650\.m2\repository\com\fasterxml\jackson\core\jackson-core\2.10.2\jackson-core-2.10.2.jar;C:\Users\2394650\.m2\repository\com\fasterxml\jackson\core\jackson-databind\2.9.8\jackson-databind-2.9.8.jar;C:\Users\2394650\.m2\repository\com\fasterxml\jackson\core\jackson-annotations\2.9.0\jackson-annotations-2.9.0.jar;C:\Users\2394650\.m2\repository\org\hamcrest\hamcrest-all\1.3\hamcrest-all-1.3.jar;C:\Users\2394650\.m2\repository\org\hamcrest\hamcrest\2.2\hamcrest-2.2.jar;C:\Users\2394650\.m2\repository\io\rest-assured\rest-assured\3.3.0\rest-assured-3.3.0.jar;C:\Users\2394650\.m2\repository\org\codehaus\groovy\groovy\2.4.15\groovy-2.4.15.jar;C:\Users\2394650\.m2\repository\org\codehaus\groovy\groovy-xml\2.4.15\groovy-xml-2.4.15.jar;C:\Users\2394650\.m2\repository\org\apache\httpcomponents\httpclient\4.5.3\httpclient-4.5.3.jar;C:\Users\2394650\.m2\repository\org\apache\httpcomponents\httpcore\4.4.6\httpcore-4.4.6.jar;C:\Users\2394650\.m2\repository\commons-logging\commons-logging\1.2\commons-logging-1.2.jar;C:\Users\2394650\.m2\repository\commons-codec\commons-codec\1.9\commons-codec-1.9.jar;C:\Users\2394650\.m2\repository\org\apache\httpcomponents\httpmime\4.5.3\httpmime-4.5.3.jar;C:\Users\2394650\.m2\repository\org\hamcrest\hamcrest-core\1.3\hamcrest-core-1.3.jar;C:\Users\2394650\.m2\repository\org\hamcrest\hamcrest-library\1.3\hamcrest-library-1.3.jar;C:\Users\2394650\.m2\repository\org\ccil\cowan\tagsoup\tagsoup\1.2.1\tagsoup-1.2.1.jar;C:\Users\2394650\.m2\repository\io\rest-assured\xml-path\3.3.0\xml-path-3.3.0.jar;C:\Users\2394650\.m2\repository\javax\xml\bind\jaxb-api\2.2.12\jaxb-api-2.2.12.jar;C:\Users\2394650\.m2\repository\com\sun\xml\bind\jaxb-osgi\2.2.10\jaxb-osgi-2.2.10.jar;C:\Users\2394650\.m2\repository\org\apache\sling\org.apache.sling.javax.activation\0.1.0\org.apache.sling.javax.activation-0.1.0.jar;C:\Users\2394650\.m2\repository\javax\activation\activation\1.1.1\activation-1.1.1.jar;C:\Users\2394650\.m2\repository\io\rest-assured\json-path\4.2.0\json-path-4.2.0.jar;C:\Users\2394650\.m2\repository\org\codehaus\groovy\groovy-json\2.5.8\groovy-json-2.5.8.jar;C:\Users\2394650\.m2\repository\io\rest-assured\rest-assured-common\4.2.0\rest-assured-common-4.2.0.jar;C:\Users\2394650\.m2\repository\commons-io\commons-io\2.6\commons-io-2.6.jar;C:\Users\2394650\.m2\repository\io\rest-assured\json-schema-validator\4.2.0\json-schema-validator-4.2.0.jar;C:\Users\2394650\.m2\repository\com\github\java-json-tools\json-schema-validator\2.2.10\json-schema-validator-2.2.10.jar;C:\Users\2394650\.m2\repository\com\github\java-json-tools\json-schema-core\1.2.10\json-schema-core-1.2.10.jar;C:\Users\2394650\.m2\repository\com\github\java-json-tools\jackson-coreutils\1.9\jackson-coreutils-1.9.jar;C:\Users\2394650\.m2\repository\com\github\fge\msg-simple\1.1\msg-simple-1.1.jar;C:\Users\2394650\.m2\repository\com\github\fge\btf\1.2\btf-1.2.jar;C:\Users\2394650\.m2\repository\com\github\fge\uri-template\0.9\uri-template-0.9.jar;C:\Users\2394650\.m2\repository\org\mozilla\rhino\1.7.7.1\rhino-1.7.7.1.jar;C:\Users\2394650\.m2\repository\javax\mail\mailapi\1.4.3\mailapi-1.4.3.jar;C:\Users\2394650\.m2\repository\joda-time\joda-time\2.9.7\joda-time-2.9.7.jar;C:\Users\2394650\.m2\repository\com\googlecode\libphonenumber\libphonenumber\8.0.0\libphonenumber-8.0.0.jar;C:\Users\2394650\.m2\repository\com\google\code\findbugs\jsr305\3.0.1\jsr305-3.0.1.jar;C:\Users\2394650\.m2\repository\net\sf\jopt-simple\jopt-simple\5.0.3\jopt-simple-5.0.3.jar;C:\Users\2394650\.m2\repository\org\codehaus\jackson\jackson-core-asl\1.9.13\jackson-core-asl-1.9.13.jar;C:\Users\2394650\.m2\repository\org\codehaus\jackson\jackson-mapper-lgpl\1.9.13\jackson-mapper-lgpl-1.9.13.jar;C:\Users\2394650\.m2\repository\org\codehaus\jackson\jackson-core-lgpl\1.9.13\jackson-core-lgpl-1.9.13.jar;C:\Users\2394650\.m2\repository\org\testng\testng\7.0.0\testng-7.0.0.jar;C:\Users\2394650\.m2\repository\com\beust\jcommander\1.72\jcommander-1.72.jar;C:\Users\2394650\.m2\repository\org\apache\logging\log4j\log4j-api\2.13.3\log4j-api-2.13.3.jar;C:\Users\2394650\.m2\repository\org\apache\logging\log4j\log4j-core\2.13.3\log4j-core-2.13.3.jar;C:\Users\2394650\.m2\repository\org\apache\commons\commons-lang3\3.9\commons-lang3-3.9.jar;C:\Users\2394650\.m2\repository\org\apache\poi\poi-ooxml\4.1.0\poi-ooxml-4.1.0.jar;C:\Users\2394650\.m2\repository\org\apache\poi\poi\4.1.0\poi-4.1.0.jar;C:\Users\2394650\.m2\repository\org\apache\commons\commons-collections4\4.3\commons-collections4-4.3.jar;C:\Users\2394650\.m2\repository\org\apache\commons\commons-math3\3.6.1\commons-math3-3.6.1.jar;C:\Users\2394650\.m2\repository\org\apache\poi\poi-ooxml-schemas\4.1.0\poi-ooxml-schemas-4.1.0.jar;C:\Users\2394650\.m2\repository\org\apache\xmlbeans\xmlbeans\3.1.0\xmlbeans-3.1.0.jar;C:\Users\2394650\.m2\repository\org\apache\commons\commons-compress\1.18\commons-compress-1.18.jar;C:\Users\2394650\.m2\repository\com\github\virtuald\curvesapi\1.06\curvesapi-1.06.jar;C:\Users\2394650\.m2\repository\org\projectlombok\lombok\1.18.12\lombok-1.18.12.jar;C:\Users\2394650\.m2\repository\com\relevantcodes\extentreports\2.41.2\extentreports-2.41.2.jar;C:\Users\2394650\.m2\repository\org\jsoup\jsoup\1.8.3\jsoup-1.8.3.jar;C:\Users\2394650\.m2\repository\org\xerial\sqlite-jdbc\3.8.11.1\sqlite-jdbc-3.8.11.1.jar;C:\Users\2394650\.m2\repository\org\freemarker\freemarker\2.3.23\freemarker-2.3.23.jar;C:\Users\2394650\.m2\repository\org\mongodb\mongodb-driver\3.0.4\mongodb-driver-3.0.4.jar;C:\Users\2394650\.m2\repository\org\mongodb\bson\3.0.4\bson-3.0.4.jar;C:\Users\2394650\.m2\repository\org\mongodb\mongodb-driver-core\3.0.4\mongodb-driver-core-3.0.4.jar;C:\Users\2394650\.m2\repository\io\github\bonigarcia\webdrivermanager\4.2.2\webdrivermanager-4.2.2.jar;C:\Users\2394650\.m2\repository\org\slf4j\slf4j-api\1.7.30\slf4j-api-1.7.30.jar;C:\Users\2394650\.m2\repository\com\google\code\gson\gson\2.8.6\gson-2.8.6.jar;C:\Users\2394650\.m2\repository\org\apache\httpcomponents\client5\httpclient5\5.0.1\httpclient5-5.0.1.jar;C:\Users\2394650\.m2\repository\org\apache\httpcomponents\core5\httpcore5\5.0.1\httpcore5-5.0.1.jar;C:\Users\2394650\.m2\repository\org\apache\httpcomponents\core5\httpcore5-h2\5.0.1\httpcore5-h2-5.0.1.jar;C:\Users\2394650\.m2\repository\org\rauschig\jarchivelib\1.1.0\jarchivelib-1.1.0.jar;"/>
    <property name="sun.cpu.endian" value="little"/>
    <property name="user.home" value="C:\Users\2394650"/>
    <property name="user.language" value="en"/>
    <property name="java.specification.vendor" value="Oracle Corporation"/>
    <property name="java.home" value="C:\Program Files\Java\jdk1.8.0_231\jre"/>
    <property name="basedir" value="C:\Users\2394650\IdeaProjects\cs-portal-automation_selenium1"/>
    <property name="file.separator" value="\"/>
    <property name="line.separator" value="&#10;"/>
    <property name="java.vm.specification.vendor" value="Oracle Corporation"/>
    <property name="java.specification.name" value="Java Platform API Specification"/>
    <property name="java.awt.graphicsenv" value="sun.awt.Win32GraphicsEnvironment"/>
    <property name="idea.version2020.1.2" value="true"/>
    <property name="surefire.real.class.path" value="C:\Users\2394650\AppData\Local\Temp\surefire4812207894903134890\surefirebooter812011984210490083.jar"/>
    <property name="sun.boot.class.path" value="C:\Program Files\Java\jdk1.8.0_231\jre\lib\resources.jar;C:\Program Files\Java\jdk1.8.0_231\jre\lib\rt.jar;C:\Program Files\Java\jdk1.8.0_231\jre\lib\sunrsasign.jar;C:\Program Files\Java\jdk1.8.0_231\jre\lib\jsse.jar;C:\Program Files\Java\jdk1.8.0_231\jre\lib\jce.jar;C:\Program Files\Java\jdk1.8.0_231\jre\lib\charsets.jar;C:\Program Files\Java\jdk1.8.0_231\jre\lib\jfr.jar;C:\Program Files\Java\jdk1.8.0_231\jre\classes"/>
    <property name="user.script" value=""/>
    <property name="sun.management.compiler" value="HotSpot 64-Bit Tiered Compilers"/>
    <property name="java.runtime.version" value="1.8.0_231-b11"/>
    <property name="user.name" value="2394650"/>
    <property name="path.separator" value=";"/>
    <property name="Env" value="PROD"/>
    <property name="os.version" value="10.0"/>
    <property name="java.endorsed.dirs" value="C:\Program Files\Java\jdk1.8.0_231\jre\lib\endorsed"/>
    <property name="java.runtime.name" value="Java(TM) SE Runtime Environment"/>
    <property name="file.encoding" value="Cp1252"/>
    <property name="java.vm.name" value="Java HotSpot(TM) 64-Bit Server VM"/>
    <property name="localRepository" value="C:\Users\2394650\.m2\repository"/>
    <property name="java.vendor.url.bug" value="http://bugreport.sun.com/bugreport/"/>
    <property name="java.io.tmpdir" value="C:\Users\2394650\AppData\Local\Temp\"/>
    <property name="java.version" value="1.8.0_231"/>
    <property name="user.dir" value="C:\Users\2394650\IdeaProjects\cs-portal-automation_selenium1"/>
    <property name="os.arch" value="amd64"/>
    <property name="java.vm.specification.name" value="Java Virtual Machine Specification"/>
    <property name="java.awt.printerjob" value="sun.awt.windows.WPrinterJob"/>
    <property name="suiteType" value="Prod"/>
    <property name="sun.os.patch.level" value=""/>
    <property name="java.library.path" value="C:\Program Files\Java\jdk1.8.0_231\jre\bin;C:\windows\Sun\Java\bin;C:\windows\system32;C:\windows;C:\Program Files (x86)\Common Files\Oracle\Java\javapath;C:\windows\system32;C:\windows;C:\windows\System32\Wbem;C:\windows\System32\WindowsPowerShell\v1.0\;C:\windows\System32\OpenSSH\;C:\Program Files\nodejs\;C:\Program Files\PuTTY\;C:\Users\2394650\AppData\Local\Microsoft\WindowsApps;C:\Users\2394650\AppData\Roaming\npm;C:\Users\2394650\AppData\Local\Programs\Git\cmd;."/>
    <property name="java.vm.info" value="mixed mode"/>
    <property name="java.vendor" value="Oracle Corporation"/>
    <property name="java.vm.version" value="25.231-b11"/>
    <property name="java.ext.dirs" value="C:\Program Files\Java\jdk1.8.0_231\jre\lib\ext;C:\windows\Sun\Java\lib\ext"/>
    <property name="sun.io.unicode.encoding" value="UnicodeLittle"/>
    <property name="java.class.version" value="52.0"/>
  </properties>
  <testcase name="loginAPI" classname="API.APIEndPoints" time="6.004"/>
  <testcase name="LoggingIN" classname="tests.LoginTests" time="146.972">
    <failure message="Expected condition failed: waiting for visibility of element located by By.xpath: //mat-toolbar//button (tried for 20 second(s) with 500 milliseconds interval)" type="org.openqa.selenium.TimeoutException">org.openqa.selenium.TimeoutException: Expected condition failed: waiting for visibility of element located by By.xpath: //mat-toolbar//button (tried for 20 second(s) with 500 milliseconds interval)
	at tests.LoginTests.LoggingIN(LoginTests.java:33)
Caused by: org.openqa.selenium.NoSuchElementException: 
no such element: Unable to locate element: {"method":"xpath","selector":"//mat-toolbar//button"}
  (Session info: headless chrome=89.0.4389.82)
For documentation on this error, please visit: https://www.seleniumhq.org/exceptions/no_such_element.html
Build info: version: '4.0.0-alpha-3', revision: '8c567de6dc'
System info: host: 'LT2394650', ip: '172.23.64.219', os.name: 'Windows 10', os.arch: 'amd64', os.version: '10.0', java.version: '1.8.0_231'
Driver info: org.openqa.selenium.chrome.ChromeDriver
Capabilities {acceptInsecureCerts: true, browserName: chrome, browserVersion: 89.0.4389.82, chrome: {chromedriverVersion: 89.0.4389.23 (61b08ee2c5002..., userDataDir: C:\Users\2394650\AppData\Lo...}, goog:chromeOptions: {debuggerAddress: localhost:61999}, javascriptEnabled: true, networkConnectionEnabled: false, pageLoadStrategy: normal, platform: WINDOWS, platformName: WINDOWS, proxy: Proxy(), setWindowRect: true, strictFileInteractability: false, timeouts: {implicit: 0, pageLoad: 300000, script: 30000}, unhandledPromptBehavior: dismiss and notify, webauthn:extension:largeBlob: true, webauthn:virtualAuthenticators: true}
Session ID: 22ec530818c8240b8b3a5234bfb19207
*** Element info: {Using=xpath, value=//mat-toolbar//button}
	at tests.LoginTests.LoggingIN(LoginTests.java:33)
</failure>
    <system-out><![CDATA[I am in onFinish method PROD Sanity API Test
I am in onStart method Login Admin 1 Test
User Type ALL
User Type ADDED ALL
User Type BA
NO USER FOUND
User Type API
NO USER FOUND
User Type NFTR
NO USER FOUND
16:28:59.881 I am in onTestStart method LoggingIN start
16:30:51.855 [main] INFO  pages.loginPagePOM(34) - Opening URL:-https://singlescreen.ke.africa.airtel.itm/login
16:30:51.883 [main] INFO  pages.BasePage(321) - Waiting for loader to be removed
16:30:56.956 [main] INFO  pages.BasePage(321) - Loader Removed
16:30:56.956 [main] INFO  pages.loginPagePOM(38) - Entering AUUID :2388008In username
16:30:57.255 [main] INFO  pages.BasePage(93) - Writing 2388008to  By.xpath: //input[@formcontrolname="loginTypeStatus"]
16:30:57.255 [main] INFO  pages.loginPagePOM(45) - Clicking on Submit button
16:30:57.477 [main] INFO  pages.BasePage(73) - Clicking on elementBy.xpath:  //*[@type='submit']
16:30:57.477 [main] INFO  pages.loginPagePOM(57) - Send password to Password field
16:30:58.296 [main] INFO  pages.BasePage(93) - Writing Aairtel@0919to  By.name: password
16:30:58.297 [main] INFO  pages.loginPagePOM(63) - checking login button is enabled or not
16:30:58.478 [main] INFO  pages.loginPagePOM(75) - Clicking on Visible Password Button
16:30:59.047 [main] INFO  pages.BasePage(73) - Clicking on elementBy.xpath:  //*[@class='visibility-icon c-pointer abs visible-status mat-icon notranslate material-icons mat-icon-no-color ng-star-inserted']
16:30:59.047 [main] INFO  pages.loginPagePOM(75) - Clicking on Visible Password Button
16:30:59.207 [main] INFO  pages.BasePage(73) - Clicking on elementBy.xpath:  //*[@class='visibility-icon c-pointer abs visible-status mat-icon notranslate material-icons mat-icon-no-color ng-star-inserted']
16:30:59.207 [main] INFO  pages.loginPagePOM(69) - Clicking on Login button
16:30:59.407 [main] INFO  pages.BasePage(73) - Clicking on elementBy.xpath:  //*[@type='submit']
16:30:59.407 [main] INFO  pages.BasePage(321) - Waiting for loader to be removed
16:31:04.438 [main] INFO  pages.BasePage(321) - Loader Removed
16:31:26.192 I am in on TestFailure method LoggingIN failed
org.openqa.selenium.TimeoutException: Expected condition failed: waiting for visibility of element located by By.xpath: //mat-toolbar//button (tried for 20 second(s) with 500 milliseconds interval)
	at org.openqa.selenium.support.ui.WebDriverWait.timeoutException(WebDriverWait.java:138)
	at org.openqa.selenium.support.ui.FluentWait.until(FluentWait.java:234)
	at pages.SideMenuPOM.waitForHomePage(SideMenuPOM.java:48)
	at tests.LoginTests.LoggingIN(LoginTests.java:33)
	at sun.reflect.NativeMethodAccessorImpl.invoke0(Native Method)
	at sun.reflect.NativeMethodAccessorImpl.invoke(NativeMethodAccessorImpl.java:62)
	at sun.reflect.DelegatingMethodAccessorImpl.invoke(DelegatingMethodAccessorImpl.java:43)
	at java.lang.reflect.Method.invoke(Method.java:498)
	at org.testng.internal.MethodInvocationHelper.invokeMethod(MethodInvocationHelper.java:133)
	at org.testng.internal.TestInvoker.invokeMethod(TestInvoker.java:584)
	at org.testng.internal.TestInvoker.invokeTestMethod(TestInvoker.java:172)
	at org.testng.internal.MethodRunner.runInSequence(MethodRunner.java:46)
	at org.testng.internal.TestInvoker$MethodInvocationAgent.invoke(TestInvoker.java:804)
	at org.testng.internal.TestInvoker.invokeTestMethods(TestInvoker.java:145)
	at org.testng.internal.TestMethodWorker.invokeTestMethods(TestMethodWorker.java:146)
	at org.testng.internal.TestMethodWorker.run(TestMethodWorker.java:128)
	at java.util.ArrayList.forEach(ArrayList.java:1257)
	at org.testng.TestRunner.privateRun(TestRunner.java:770)
	at org.testng.TestRunner.run(TestRunner.java:591)
	at org.testng.SuiteRunner.runTest(SuiteRunner.java:402)
	at org.testng.SuiteRunner.runSequentially(SuiteRunner.java:396)
	at org.testng.SuiteRunner.privateRun(SuiteRunner.java:355)
	at org.testng.SuiteRunner.run(SuiteRunner.java:304)
	at org.testng.SuiteRunnerWorker.runSuite(SuiteRunnerWorker.java:53)
	at org.testng.SuiteRunnerWorker.run(SuiteRunnerWorker.java:96)
	at org.testng.TestNG.runSuitesSequentially(TestNG.java:1180)
	at org.testng.TestNG.runSuitesLocally(TestNG.java:1102)
	at org.testng.TestNG.runSuites(TestNG.java:1032)
	at org.testng.TestNG.run(TestNG.java:1000)
	at org.apache.maven.surefire.testng.TestNGExecutor.run(TestNGExecutor.java:283)
	at org.apache.maven.surefire.testng.TestNGXmlTestSuite.execute(TestNGXmlTestSuite.java:75)
	at org.apache.maven.surefire.testng.TestNGProvider.invoke(TestNGProvider.java:120)
	at org.apache.maven.surefire.booter.ForkedBooter.invokeProviderInSameClassLoader(ForkedBooter.java:384)
	at org.apache.maven.surefire.booter.ForkedBooter.runSuitesInProcess(ForkedBooter.java:345)
	at org.apache.maven.surefire.booter.ForkedBooter.execute(ForkedBooter.java:126)
	at org.apache.maven.surefire.booter.ForkedBooter.main(ForkedBooter.java:418)
Caused by: org.openqa.selenium.NoSuchElementException: no such element: Unable to locate element: {"method":"xpath","selector":"//mat-toolbar//button"}
  (Session info: headless chrome=89.0.4389.82)
For documentation on this error, please visit: https://www.seleniumhq.org/exceptions/no_such_element.html
Build info: version: '4.0.0-alpha-3', revision: '8c567de6dc'
System info: host: 'LT2394650', ip: '172.23.64.219', os.name: 'Windows 10', os.arch: 'amd64', os.version: '10.0', java.version: '1.8.0_231'
Driver info: org.openqa.selenium.chrome.ChromeDriver
Capabilities {acceptInsecureCerts: true, browserName: chrome, browserVersion: 89.0.4389.82, chrome: {chromedriverVersion: 89.0.4389.23 (61b08ee2c5002..., userDataDir: C:\Users\2394650\AppData\Lo...}, goog:chromeOptions: {debuggerAddress: localhost:61999}, javascriptEnabled: true, networkConnectionEnabled: false, pageLoadStrategy: normal, platform: WINDOWS, platformName: WINDOWS, proxy: Proxy(), setWindowRect: true, strictFileInteractability: false, timeouts: {implicit: 0, pageLoad: 300000, script: 30000}, unhandledPromptBehavior: dismiss and notify, webauthn:extension:largeBlob: true, webauthn:virtualAuthenticators: true}
Session ID: 22ec530818c8240b8b3a5234bfb19207
*** Element info: {Using=xpath, value=//mat-toolbar//button}
	at sun.reflect.NativeConstructorAccessorImpl.newInstance0(Native Method)
	at sun.reflect.NativeConstructorAccessorImpl.newInstance(NativeConstructorAccessorImpl.java:62)
	at sun.reflect.DelegatingConstructorAccessorImpl.newInstance(DelegatingConstructorAccessorImpl.java:45)
	at java.lang.reflect.Constructor.newInstance(Constructor.java:423)
	at org.openqa.selenium.remote.codec.w3c.W3CHttpResponseCodec.createException(W3CHttpResponseCodec.java:191)
	at org.openqa.selenium.remote.codec.w3c.W3CHttpResponseCodec.decode(W3CHttpResponseCodec.java:125)
	at org.openqa.selenium.remote.codec.w3c.W3CHttpResponseCodec.decode(W3CHttpResponseCodec.java:52)
	at org.openqa.selenium.remote.HttpCommandExecutor.execute(HttpCommandExecutor.java:161)
	at org.openqa.selenium.remote.service.DriverCommandExecutor.execute(DriverCommandExecutor.java:83)
	at org.openqa.selenium.remote.RemoteWebDriver.execute(RemoteWebDriver.java:576)
	at org.openqa.selenium.remote.RemoteWebDriver.findElement(RemoteWebDriver.java:327)
	at org.openqa.selenium.remote.RemoteWebDriver.findElementByXPath(RemoteWebDriver.java:445)
	at org.openqa.selenium.By$ByXPath.findElement(By.java:396)
	at org.openqa.selenium.remote.RemoteWebDriver.findElement(RemoteWebDriver.java:319)
	at org.openqa.selenium.support.ui.ExpectedConditions$7.apply(ExpectedConditions.java:205)
	at org.openqa.selenium.support.ui.ExpectedConditions$7.apply(ExpectedConditions.java:201)
	at org.openqa.selenium.support.ui.FluentWait.until(FluentWait.java:211)
	... 34 more

]]></system-out>
  </testcase>
  <testcase name="sideMenuAssert" classname="tests.sideMenuTests" time="35.106"/>
  <testcase name="openCustomerInteraction" classname="tests.customerInteractionTest" time="38.667"/>
  <testcase name="validateDemographicInformation" classname="tests.customerInteractionTest" time="74.632"/>
  <testcase name="openCustomerInteractionBySIM" classname="tests.customerInteractionTest" time="39.55">
    <failure message="The following asserts failed:&#10;	Customer Info Dashboard Page does not open using SIM Number." type="java.lang.AssertionError">java.lang.AssertionError: 
The following asserts failed:
	Customer Info Dashboard Page does not open using SIM Number.
	at tests.customerInteractionTest.openCustomerInteractionBySIM(customerInteractionTest.java:353)
</failure>
    <system-out><![CDATA[User Type ALL
User Type ADDED ALL
User Type BA
NO USER FOUND
User Type API
NO USER FOUND
User Type NFTR
NO USER FOUND
16:33:56.748 I am in onTestStart method openCustomerInteractionBySIM start
16:33:56.852 [main] INFO  pages.BasePage(321) - Waiting for loader to be removed
16:34:01.883 [main] INFO  pages.BasePage(321) - Loader Removed
16:34:01.883 [main] INFO  pages.SideMenuPOM(42) - Clicking on Side Menu
16:34:02.108 [main] INFO  pages.BasePage(73) - Clicking on elementBy.xpath: //mat-toolbar//button
16:34:02.109 [main] INFO  pages.SideMenuPOM(65) - Clicking on User Name
16:34:02.399 [main] INFO  pages.BasePage(73) - Clicking on elementBy.xpath: //*[@class="ellipsis"]
16:34:02.399 [main] INFO  pages.SideMenuPOM(131) - Opening Customer Interaction Page
16:34:02.994 [main] INFO  pages.BasePage(73) - Clicking on elementBy.xpath: //a[contains(text(),'Customer Interaction')]
16:34:03.031 [main] INFO  pages.customerInteractionsSearchPOM(20) - Entering Number in search box :8925403512006580000
16:34:03.297 [main] INFO  pages.BasePage(93) - Writing 8925403512006580000to  By.xpath: //input[@name="search"]
16:34:03.297 [main] INFO  pages.customerInteractionsSearchPOM(31) - Clicking on Search Button
16:34:03.297 [main] INFO  pages.BasePage(321) - Waiting for loader to be removed
16:34:13.422 [main] INFO  pages.BasePage(321) - Loader Removed
16:34:13.598 [main] INFO  pages.BasePage(73) - Clicking on elementBy.xpath: //button[@class="search-icon-btn"]
16:34:35.288 [main] INFO  pages.customerInteractionPagePOM(102) - Checking that is Customer Interaction Page is loaded : false
16:34:35.763 [main] INFO  pages.BasePage(321) - Clearing Customer Number
16:34:35.836 I am in on TestFailure method openCustomerInteractionBySIM failed
java.lang.AssertionError: The following asserts failed:
	Customer Info Dashboard Page does not open using SIM Number.
	at org.testng.asserts.SoftAssert.assertAll(SoftAssert.java:47)
	at org.testng.asserts.SoftAssert.assertAll(SoftAssert.java:31)
	at tests.customerInteractionTest.openCustomerInteractionBySIM(customerInteractionTest.java:353)
	at sun.reflect.NativeMethodAccessorImpl.invoke0(Native Method)
	at sun.reflect.NativeMethodAccessorImpl.invoke(NativeMethodAccessorImpl.java:62)
	at sun.reflect.DelegatingMethodAccessorImpl.invoke(DelegatingMethodAccessorImpl.java:43)
	at java.lang.reflect.Method.invoke(Method.java:498)
	at org.testng.internal.MethodInvocationHelper.invokeMethod(MethodInvocationHelper.java:133)
	at org.testng.internal.TestInvoker.invokeMethod(TestInvoker.java:584)
	at org.testng.internal.TestInvoker.invokeTestMethod(TestInvoker.java:172)
	at org.testng.internal.MethodRunner.runInSequence(MethodRunner.java:46)
	at org.testng.internal.TestInvoker$MethodInvocationAgent.invoke(TestInvoker.java:804)
	at org.testng.internal.TestInvoker.invokeTestMethods(TestInvoker.java:145)
	at org.testng.internal.TestMethodWorker.invokeTestMethods(TestMethodWorker.java:146)
	at org.testng.internal.TestMethodWorker.run(TestMethodWorker.java:128)
	at java.util.ArrayList.forEach(ArrayList.java:1257)
	at org.testng.TestRunner.privateRun(TestRunner.java:770)
	at org.testng.TestRunner.run(TestRunner.java:591)
	at org.testng.SuiteRunner.runTest(SuiteRunner.java:402)
	at org.testng.SuiteRunner.runSequentially(SuiteRunner.java:396)
	at org.testng.SuiteRunner.privateRun(SuiteRunner.java:355)
	at org.testng.SuiteRunner.run(SuiteRunner.java:304)
	at org.testng.SuiteRunnerWorker.runSuite(SuiteRunnerWorker.java:53)
	at org.testng.SuiteRunnerWorker.run(SuiteRunnerWorker.java:96)
	at org.testng.TestNG.runSuitesSequentially(TestNG.java:1180)
	at org.testng.TestNG.runSuitesLocally(TestNG.java:1102)
	at org.testng.TestNG.runSuites(TestNG.java:1032)
	at org.testng.TestNG.run(TestNG.java:1000)
	at org.apache.maven.surefire.testng.TestNGExecutor.run(TestNGExecutor.java:283)
	at org.apache.maven.surefire.testng.TestNGXmlTestSuite.execute(TestNGXmlTestSuite.java:75)
	at org.apache.maven.surefire.testng.TestNGProvider.invoke(TestNGProvider.java:120)
	at org.apache.maven.surefire.booter.ForkedBooter.invokeProviderInSameClassLoader(ForkedBooter.java:384)
	at org.apache.maven.surefire.booter.ForkedBooter.runSuitesInProcess(ForkedBooter.java:345)
	at org.apache.maven.surefire.booter.ForkedBooter.execute(ForkedBooter.java:126)
	at org.apache.maven.surefire.booter.ForkedBooter.main(ForkedBooter.java:418)

]]></system-out>
    <system-err><![CDATA[org.openqa.selenium.TimeoutException: Expected condition failed: waiting for presence of element located by: By.xpath: //div[@class="customer-details"]//div[@class="user-left-side"]/div/div[1]//input (tried for 20 second(s) with 500 milliseconds interval)
	at org.openqa.selenium.support.ui.WebDriverWait.timeoutException(WebDriverWait.java:138)
	at org.openqa.selenium.support.ui.FluentWait.until(FluentWait.java:234)
	at pages.BasePage.waitVisibility(BasePage.java:126)
	at pages.BasePage.checkState(BasePage.java:114)
	at pages.customerInteractionPagePOM.isPageLoaded(customerInteractionPagePOM.java:101)
	at tests.customerInteractionTest.openCustomerInteractionBySIM(customerInteractionTest.java:346)
	at sun.reflect.NativeMethodAccessorImpl.invoke0(Native Method)
	at sun.reflect.NativeMethodAccessorImpl.invoke(NativeMethodAccessorImpl.java:62)
	at sun.reflect.DelegatingMethodAccessorImpl.invoke(DelegatingMethodAccessorImpl.java:43)
	at java.lang.reflect.Method.invoke(Method.java:498)
	at org.testng.internal.MethodInvocationHelper.invokeMethod(MethodInvocationHelper.java:133)
	at org.testng.internal.TestInvoker.invokeMethod(TestInvoker.java:584)
	at org.testng.internal.TestInvoker.invokeTestMethod(TestInvoker.java:172)
	at org.testng.internal.MethodRunner.runInSequence(MethodRunner.java:46)
	at org.testng.internal.TestInvoker$MethodInvocationAgent.invoke(TestInvoker.java:804)
	at org.testng.internal.TestInvoker.invokeTestMethods(TestInvoker.java:145)
	at org.testng.internal.TestMethodWorker.invokeTestMethods(TestMethodWorker.java:146)
	at org.testng.internal.TestMethodWorker.run(TestMethodWorker.java:128)
	at java.util.ArrayList.forEach(ArrayList.java:1257)
	at org.testng.TestRunner.privateRun(TestRunner.java:770)
	at org.testng.TestRunner.run(TestRunner.java:591)
	at org.testng.SuiteRunner.runTest(SuiteRunner.java:402)
	at org.testng.SuiteRunner.runSequentially(SuiteRunner.java:396)
	at org.testng.SuiteRunner.privateRun(SuiteRunner.java:355)
	at org.testng.SuiteRunner.run(SuiteRunner.java:304)
	at org.testng.SuiteRunnerWorker.runSuite(SuiteRunnerWorker.java:53)
	at org.testng.SuiteRunnerWorker.run(SuiteRunnerWorker.java:96)
	at org.testng.TestNG.runSuitesSequentially(TestNG.java:1180)
	at org.testng.TestNG.runSuitesLocally(TestNG.java:1102)
	at org.testng.TestNG.runSuites(TestNG.java:1032)
	at org.testng.TestNG.run(TestNG.java:1000)
	at org.apache.maven.surefire.testng.TestNGExecutor.run(TestNGExecutor.java:283)
	at org.apache.maven.surefire.testng.TestNGXmlTestSuite.execute(TestNGXmlTestSuite.java:75)
	at org.apache.maven.surefire.testng.TestNGProvider.invoke(TestNGProvider.java:120)
	at org.apache.maven.surefire.booter.ForkedBooter.invokeProviderInSameClassLoader(ForkedBooter.java:384)
	at org.apache.maven.surefire.booter.ForkedBooter.runSuitesInProcess(ForkedBooter.java:345)
	at org.apache.maven.surefire.booter.ForkedBooter.execute(ForkedBooter.java:126)
	at org.apache.maven.surefire.booter.ForkedBooter.main(ForkedBooter.java:418)
Caused by: org.openqa.selenium.NoSuchElementException: no such element: Unable to locate element: {"method":"xpath","selector":"//div[@class="customer-details"]//div[@class="user-left-side"]/div/div[1]//input"}
  (Session info: headless chrome=89.0.4389.82)
For documentation on this error, please visit: https://www.seleniumhq.org/exceptions/no_such_element.html
Build info: version: '4.0.0-alpha-3', revision: '8c567de6dc'
System info: host: 'LT2394650', ip: '172.23.64.219', os.name: 'Windows 10', os.arch: 'amd64', os.version: '10.0', java.version: '1.8.0_231'
Driver info: org.openqa.selenium.chrome.ChromeDriver
Capabilities {acceptInsecureCerts: true, browserName: chrome, browserVersion: 89.0.4389.82, chrome: {chromedriverVersion: 89.0.4389.23 (61b08ee2c5002..., userDataDir: C:\Users\2394650\AppData\Lo...}, goog:chromeOptions: {debuggerAddress: localhost:61999}, javascriptEnabled: true, networkConnectionEnabled: false, pageLoadStrategy: normal, platform: WINDOWS, platformName: WINDOWS, proxy: Proxy(), setWindowRect: true, strictFileInteractability: false, timeouts: {implicit: 0, pageLoad: 300000, script: 30000}, unhandledPromptBehavior: dismiss and notify, webauthn:extension:largeBlob: true, webauthn:virtualAuthenticators: true}
Session ID: 22ec530818c8240b8b3a5234bfb19207
*** Element info: {Using=xpath, value=//div[@class="customer-details"]//div[@class="user-left-side"]/div/div[1]//input}
	at sun.reflect.GeneratedConstructorAccessor63.newInstance(Unknown Source)
	at sun.reflect.DelegatingConstructorAccessorImpl.newInstance(DelegatingConstructorAccessorImpl.java:45)
	at java.lang.reflect.Constructor.newInstance(Constructor.java:423)
	at org.openqa.selenium.remote.codec.w3c.W3CHttpResponseCodec.createException(W3CHttpResponseCodec.java:191)
	at org.openqa.selenium.remote.codec.w3c.W3CHttpResponseCodec.decode(W3CHttpResponseCodec.java:125)
	at org.openqa.selenium.remote.codec.w3c.W3CHttpResponseCodec.decode(W3CHttpResponseCodec.java:52)
	at org.openqa.selenium.remote.HttpCommandExecutor.execute(HttpCommandExecutor.java:161)
	at org.openqa.selenium.remote.service.DriverCommandExecutor.execute(DriverCommandExecutor.java:83)
	at org.openqa.selenium.remote.RemoteWebDriver.execute(RemoteWebDriver.java:576)
	at org.openqa.selenium.remote.RemoteWebDriver.findElement(RemoteWebDriver.java:327)
	at org.openqa.selenium.remote.RemoteWebDriver.findElementByXPath(RemoteWebDriver.java:445)
	at org.openqa.selenium.By$ByXPath.findElement(By.java:396)
	at org.openqa.selenium.remote.RemoteWebDriver.findElement(RemoteWebDriver.java:319)
	at org.openqa.selenium.support.ui.ExpectedConditions$6.apply(ExpectedConditions.java:182)
	at org.openqa.selenium.support.ui.ExpectedConditions$6.apply(ExpectedConditions.java:179)
	at org.openqa.selenium.support.ui.FluentWait.until(FluentWait.java:211)
	... 36 more
]]></system-err>
  </testcase>
  <testcase name="validateDemographicInformationBySIMNumber" classname="tests.customerInteractionTest" time="0">
    <skipped message="Method customerInteractionTest.validateDemographicInformationBySIMNumber(Utils.DataProviders.TestDatabean)[pri:4, instance:tests.customerInteractionTest@76b07f29] depends on not successfully finished methods"/>
    <system-out><![CDATA[16:34:36.274 I am in onTestStart method validateDemographicInformationBySIMNumber start
I am in on TestSkipped method validateDemographicInformationBySIMNumber skipped
]]></system-out>
  </testcase>
  <testcase name="invalidMSISDNTest" classname="tests.customerInteractionTest" time="0">
    <skipped message="Method customerInteractionTest.invalidMSISDNTest()[pri:5, instance:tests.customerInteractionTest@76b07f29] depends on not successfully finished methods"/>
    <system-out><![CDATA[16:34:36.274 I am in onTestStart method invalidMSISDNTest start
I am in on TestSkipped method invalidMSISDNTest skipped
]]></system-out>
  </testcase>
  <testcase name="openCustomerInteractionAPI" classname="tests.customerInteractionTest" time="14.706"/>
  <testcase name="airtelMoneyTransactionWidgetTest" classname="tests.customerInteractionTest" time="9.813"/>
  <testcase name="yourCurrentBalanceWidgetTest" classname="tests.customerInteractionTest" time="4.175"/>
  <testcase name="usageHistoryWidgetTest" classname="tests.customerInteractionTest" time="14.578"/>
  <testcase name="rechargeHistoryWidgetTest" classname="tests.customerInteractionTest" time="24.826"/>
  <testcase name="openCustomerInteractionAPI" classname="tests.widgetsOptionsTest" time="22.426"/>
  <testcase name="daDetailsTest" classname="tests.widgetsOptionsTest" time="22.749"/>
  <testcase name="accumulatorDetailsTest" classname="tests.widgetsOptionsTest" time="19.86">
    <failure message="The following asserts failed:&#10;	Header Name for Row 2 is not as expected expected [value] but found [description],&#10;	Header Name for Row 3 is not as expected expected [start date] but found [value],&#10;	Header Name for Row 4 is not as expected expected [next reset date] but found [start date],&#10;	Accumulator Value is not as received in API on row 0 expected [61440] but found [-],&#10;	Accumulator Start Date is not as received in API on row 0 expected [12-Mar-2021] but found [61440],&#10;	Accumulator Value is not as received in API on row 1 expected [917] but found [-],&#10;	Accumulator Start Date is not as received in API on row 1 expected [-] but found [917],&#10;	Accumulator Value is not as received in API on row 2 expected [1] but found [-],&#10;	Accumulator Start Date is not as received in API on row 2 expected [-] but found [1],&#10;	Accumulator Value is not as received in API on row 3 expected [0] but found [-],&#10;	Accumulator Start Date is not as received in API on row 3 expected [12-Mar-2021] but found [0],&#10;	Accumulator Value is not as received in API on row 4 expected [0] but found [-],&#10;	Accumulator Start Date is not as received in API on row 4 expected [12-Mar-2021] but found [0]" type="java.lang.AssertionError">java.lang.AssertionError: 
The following asserts failed:
	Header Name for Row 2 is not as expected expected [value] but found [description],
	Header Name for Row 3 is not as expected expected [start date] but found [value],
	Header Name for Row 4 is not as expected expected [next reset date] but found [start date],
	Accumulator Value is not as received in API on row 0 expected [61440] but found [-],
	Accumulator Start Date is not as received in API on row 0 expected [12-Mar-2021] but found [61440],
	Accumulator Value is not as received in API on row 1 expected [917] but found [-],
	Accumulator Start Date is not as received in API on row 1 expected [-] but found [917],
	Accumulator Value is not as received in API on row 2 expected [1] but found [-],
	Accumulator Start Date is not as received in API on row 2 expected [-] but found [1],
	Accumulator Value is not as received in API on row 3 expected [0] but found [-],
	Accumulator Start Date is not as received in API on row 3 expected [12-Mar-2021] but found [0],
	Accumulator Value is not as received in API on row 4 expected [0] but found [-],
	Accumulator Start Date is not as received in API on row 4 expected [12-Mar-2021] but found [0]
	at tests.widgetsOptionsTest.accumulatorDetailsTest(widgetsOptionsTest.java:129)
</failure>
    <system-out><![CDATA[User Type Airtel Money
NO Table FOUND
User Type Usage History
NO Table FOUND
User Type Recharge History
NO Table FOUND
User Type Bundle Subscription History
NO Table FOUND
User Type SMS History
NO Table FOUND
User Type Data History
NO Table FOUND
User Type Call History
NO Table FOUND
User Type DA DETAILS
NO Table FOUND
User Type Loan Services
NO Table FOUND
User Type Loan Details
NO Table FOUND
User Type Loan History
NO Table FOUND
User Type Loan Recoveries
NO Table FOUND
User Type More Recharge History
NO Table FOUND
User Type Detailed Usage History
NO Table FOUND
User Type Search Tune Tab
NO Table FOUND
User Type Accumulator
User table ADDED Accumulator
User Type Service Profile
NO Table FOUND
User Type More Airtel Money History
NO Table FOUND
16:36:31.103 I am in onTestStart method accumulatorDetailsTest start
16:36:31.124 [main] INFO  pages.BasePage(321) - Waiting for loader to be removed
16:36:36.138 [main] INFO  pages.BasePage(321) - Loader Removed
16:36:36.138 [main] INFO  pages.CurrentBalanceWidgetPOM(60) - Checking is Your Current Balance Widget's Menu Visible
16:36:36.194 [main] INFO  pages.CurrentBalanceWidgetPOM(69) - Clicking Current Balance Widget's Menu Visible
16:36:36.494 [main] INFO  pages.BasePage(73) - Clicking on elementBy.xpath: //span[contains(text(),"Your Current Plan ")]//parent::div/span[2]/img
16:36:38.461 [main] INFO  pages.BasePage(321) - Getting Accumulator header Number 1 : ID
16:36:38.586 [main] INFO  pages.BasePage(321) - Getting Accumulator header Number 2 : Description
16:36:38.705 [main] INFO  pages.BasePage(321) - Getting Accumulator header Number 3 : Value
16:36:38.816 [main] INFO  pages.BasePage(321) - Getting Accumulator header Number 4 : Start Date
16:36:38.816 [main] INFO  API.APIEndPoints(527) - Request Headers are  : x-app-name=cs-service
x-service-id=customer_service_service_request_webctx
x-app-type=web
x-client-id=3
x-api-key=a90d64e9-a628-4824-aeef-28ad4b23ccbe
x-login-module=MSISDN
x-channel=4
x-app-version=1.0.0
Opco=KE
Authorization=Bearer eyJjdHkiOiJKV1QiLCJlbmMiOiJBMjU2R0NNIiwiYWxnIjoiUlNBLU9BRVAtMjU2In0.EhWmp_AHuWPLPTj1_jzWOxQG6d2s0Z3YIjRCF23wsSK41WHZpwS9yCUtl8zJlJRkkraXGVJs1vdGSEp3c0pI6YwO_0Pdgk303w96qXQGY--Oo48Q8EgCi4wQL0YUyMbjzLTJFvtjzLhtY0gxmVkf4foIzGkihHnbbKLmoGFE8iWGcKwlDkaP7voV0_J9uNFE-_DVijmwFRc5ZsugpZRUwI_9cXd4FLg7EWr_Nypl_qPqygf8cZoSioR-cXjeTqcTGdKtPejyQZWk2L_EwQI2dhnPVjXqqVg7fmtXL7rmWhgx4EqevaAnm_0djg5nYopzeAaMS8K2AXM3s1SN0jxs0Q.egR4WovFu6jyfbe-.pimr0zHwwApsacXaP9elPRvKVESHIfyEXDrhOiYEfZvANSOXesVIW3_KbJ8PvWFzYjuGATf6a3EQmxUEKQAqaxXaFTtngekgAObtUl4wHsnFlX1v_LRnq-yrWXiLPBcbjiChC0dNJDL_eCtWQtNWO0Fs1AybZK7-Llb8a4I5v7EEIloZrCM02AA1Bh7Ho_096FRf-Zg71jKRCueFlTyJuq8_9_x2yooVHDapCGSpKsLyABEYsEfH6ejsdE5efFSmLQ7c.MKgIW80hbWmJRgwi5rQN3w
Content-Type=application/json
16:36:38.816 [main] INFO  API.APIEndPoints(528) - Request Body are  : {"msisdn":"789474747","pageSize":5,"pageNumber":1}
16:36:40.447 [main] INFO  API.APIEndPoints(530) - Response : {"status":"SUCCESS","statusCode":200,"result":[{"id":"202","value":"61440","startDate":"12 Mar 2021 12:00 PM","nextResetDate":"12 Mar 2021 12:00 PM"},{"id":"112","value":"917"},{"id":"84","value":"1"},{"id":"1","value":"0","startDate":"12 Mar 2021 12:00 PM","nextResetDate":"12 Mar 2021 12:00 PM"},{"id":"2","value":"0","startDate":"12 Mar 2021 12:00 PM","nextResetDate":"12 Mar 2021 12:00 PM"},{"id":"3","value":"0","startDate":"27 Mar 2021 12:00 PM","nextResetDate":"27 Mar 2021 12:00 PM"},{"id":"4","value":"0","startDate":"12 Mar 2021 12:00 PM","nextResetDate":"12 Mar 2021 12:00 PM"},{"id":"5","value":"0","startDate":"12 Mar 2021 12:00 PM","nextResetDate":"12 Mar 2021 12:00 PM"},{"id":"91","value":"0","startDate":"12 Mar 2021 12:00 PM","nextResetDate":"12 Mar 2021 12:00 PM"},{"id":"113","value":"0","startDate":"12 Mar 2021 12:00 PM","nextResetDate":"12 Mar 2021 12:00 PM"},{"id":"251","value":"0","startDate":"12 Mar 2021 12:00 PM","nextResetDate":"12 Mar 2021 12:00 PM"},{"id":"252","value":"0","startDate":"12 Mar 2021 12:00 PM","nextResetDate":"12 Mar 2021 12:00 PM"},{"id":"258","value":"0","startDate":"12 Mar 2021 12:00 PM","nextResetDate":"12 Mar 2021 12:00 PM"},{"id":"261","value":"0","startDate":"12 Mar 2021 12:00 PM","nextResetDate":"12 Mar 2021 12:00 PM"},{"id":"268","value":"0","startDate":"12 Mar 2021 12:00 PM","nextResetDate":"12 Mar 2021 12:00 PM"}]}
16:36:40.448 [main] INFO  API.APIEndPoints(531) - Response time : 1 s
16:36:40.671 [main] INFO  pages.BasePage(321) - Getting Accumulator header Number 1 : ID
16:36:40.671 [main] INFO  pages.BasePage(321) - Reading 'ID' = 202
16:36:40.908 [main] INFO  pages.BasePage(321) - Getting Accumulator header Number 2 : Description
16:36:40.908 [main] INFO  pages.BasePage(321) - Reading 'Description' = -
16:36:41.136 [main] INFO  pages.BasePage(321) - Getting Accumulator header Number 3 : Value
16:36:41.136 [main] INFO  pages.BasePage(321) - Reading 'Value' = 61440
16:36:41.345 [main] INFO  pages.BasePage(321) - Getting Accumulator header Number 4 : Start Date
16:36:41.353 [main] INFO  pages.BasePage(321) - Reading 'Start Date' = 12-Mar-2021
16:36:41.548 [main] INFO  pages.BasePage(321) - Getting Accumulator header Number 1 : ID
16:36:41.548 [main] INFO  pages.BasePage(321) - Reading 'ID' = 112
16:36:41.772 [main] INFO  pages.BasePage(321) - Getting Accumulator header Number 2 : Description
16:36:41.773 [main] INFO  pages.BasePage(321) - Reading 'Description' = -
16:36:42.004 [main] INFO  pages.BasePage(321) - Getting Accumulator header Number 3 : Value
16:36:42.004 [main] INFO  pages.BasePage(321) - Reading 'Value' = 917
16:36:42.227 [main] INFO  pages.BasePage(321) - Getting Accumulator header Number 4 : Start Date
16:36:42.227 [main] INFO  pages.BasePage(321) - Reading 'Start Date' = -
16:36:42.411 [main] INFO  pages.BasePage(321) - Getting Accumulator header Number 1 : ID
16:36:42.411 [main] INFO  pages.BasePage(321) - Reading 'ID' = 84
16:36:42.625 [main] INFO  pages.BasePage(321) - Getting Accumulator header Number 2 : Description
16:36:42.625 [main] INFO  pages.BasePage(321) - Reading 'Description' = -
16:36:42.817 [main] INFO  pages.BasePage(321) - Getting Accumulator header Number 3 : Value
16:36:42.817 [main] INFO  pages.BasePage(321) - Reading 'Value' = 1
16:36:43.046 [main] INFO  pages.BasePage(321) - Getting Accumulator header Number 4 : Start Date
16:36:43.046 [main] INFO  pages.BasePage(321) - Reading 'Start Date' = -
16:36:43.248 [main] INFO  pages.BasePage(321) - Getting Accumulator header Number 1 : ID
16:36:43.249 [main] INFO  pages.BasePage(321) - Reading 'ID' = 1
16:36:43.466 [main] INFO  pages.BasePage(321) - Getting Accumulator header Number 2 : Description
16:36:43.466 [main] INFO  pages.BasePage(321) - Reading 'Description' = -
16:36:43.677 [main] INFO  pages.BasePage(321) - Getting Accumulator header Number 3 : Value
16:36:43.678 [main] INFO  pages.BasePage(321) - Reading 'Value' = 0
16:36:43.883 [main] INFO  pages.BasePage(321) - Getting Accumulator header Number 4 : Start Date
16:36:43.883 [main] INFO  pages.BasePage(321) - Reading 'Start Date' = 12-Mar-2021
16:36:44.099 [main] INFO  pages.BasePage(321) - Getting Accumulator header Number 1 : ID
16:36:44.099 [main] INFO  pages.BasePage(321) - Reading 'ID' = 2
16:36:44.316 [main] INFO  pages.BasePage(321) - Getting Accumulator header Number 2 : Description
16:36:44.316 [main] INFO  pages.BasePage(321) - Reading 'Description' = -
16:36:44.540 [main] INFO  pages.BasePage(321) - Getting Accumulator header Number 3 : Value
16:36:44.541 [main] INFO  pages.BasePage(321) - Reading 'Value' = 0
16:36:44.774 [main] INFO  pages.BasePage(321) - Getting Accumulator header Number 4 : Start Date
16:36:44.774 [main] INFO  pages.BasePage(321) - Reading 'Start Date' = 12-Mar-2021
16:36:44.774 [main] INFO  pages.BasePage(164) - Opening Customer Interactions Dashboard
16:36:45.274 [main] INFO  pages.BasePage(73) - Clicking on elementBy.xpath: //*[text()="HOME"]
16:36:45.275 [main] INFO  pages.BasePage(321) - Waiting for loader to be removed
16:36:50.335 [main] INFO  pages.BasePage(321) - Loader Removed
16:36:50.357 I am in on TestFailure method accumulatorDetailsTest failed
java.lang.AssertionError: The following asserts failed:
	Header Name for Row 2 is not as expected expected [value] but found [description],
	Header Name for Row 3 is not as expected expected [start date] but found [value],
	Header Name for Row 4 is not as expected expected [next reset date] but found [start date],
	Accumulator Value is not as received in API on row 0 expected [61440] but found [-],
	Accumulator Start Date is not as received in API on row 0 expected [12-Mar-2021] but found [61440],
	Accumulator Value is not as received in API on row 1 expected [917] but found [-],
	Accumulator Start Date is not as received in API on row 1 expected [-] but found [917],
	Accumulator Value is not as received in API on row 2 expected [1] but found [-],
	Accumulator Start Date is not as received in API on row 2 expected [-] but found [1],
	Accumulator Value is not as received in API on row 3 expected [0] but found [-],
	Accumulator Start Date is not as received in API on row 3 expected [12-Mar-2021] but found [0],
	Accumulator Value is not as received in API on row 4 expected [0] but found [-],
	Accumulator Start Date is not as received in API on row 4 expected [12-Mar-2021] but found [0]
	at org.testng.asserts.SoftAssert.assertAll(SoftAssert.java:47)
	at org.testng.asserts.SoftAssert.assertAll(SoftAssert.java:31)
	at tests.widgetsOptionsTest.accumulatorDetailsTest(widgetsOptionsTest.java:129)
	at sun.reflect.NativeMethodAccessorImpl.invoke0(Native Method)
	at sun.reflect.NativeMethodAccessorImpl.invoke(NativeMethodAccessorImpl.java:62)
	at sun.reflect.DelegatingMethodAccessorImpl.invoke(DelegatingMethodAccessorImpl.java:43)
	at java.lang.reflect.Method.invoke(Method.java:498)
	at org.testng.internal.MethodInvocationHelper.invokeMethod(MethodInvocationHelper.java:133)
	at org.testng.internal.TestInvoker.invokeMethod(TestInvoker.java:584)
	at org.testng.internal.TestInvoker.invokeTestMethod(TestInvoker.java:172)
	at org.testng.internal.MethodRunner.runInSequence(MethodRunner.java:46)
	at org.testng.internal.TestInvoker$MethodInvocationAgent.invoke(TestInvoker.java:804)
	at org.testng.internal.TestInvoker.invokeTestMethods(TestInvoker.java:145)
	at org.testng.internal.TestMethodWorker.invokeTestMethods(TestMethodWorker.java:146)
	at org.testng.internal.TestMethodWorker.run(TestMethodWorker.java:128)
	at java.util.ArrayList.forEach(ArrayList.java:1257)
	at org.testng.TestRunner.privateRun(TestRunner.java:770)
	at org.testng.TestRunner.run(TestRunner.java:591)
	at org.testng.SuiteRunner.runTest(SuiteRunner.java:402)
	at org.testng.SuiteRunner.runSequentially(SuiteRunner.java:396)
	at org.testng.SuiteRunner.privateRun(SuiteRunner.java:355)
	at org.testng.SuiteRunner.run(SuiteRunner.java:304)
	at org.testng.SuiteRunnerWorker.runSuite(SuiteRunnerWorker.java:53)
	at org.testng.SuiteRunnerWorker.run(SuiteRunnerWorker.java:96)
	at org.testng.TestNG.runSuitesSequentially(TestNG.java:1180)
	at org.testng.TestNG.runSuitesLocally(TestNG.java:1102)
	at org.testng.TestNG.runSuites(TestNG.java:1032)
	at org.testng.TestNG.run(TestNG.java:1000)
	at org.apache.maven.surefire.testng.TestNGExecutor.run(TestNGExecutor.java:283)
	at org.apache.maven.surefire.testng.TestNGXmlTestSuite.execute(TestNGXmlTestSuite.java:75)
	at org.apache.maven.surefire.testng.TestNGProvider.invoke(TestNGProvider.java:120)
	at org.apache.maven.surefire.booter.ForkedBooter.invokeProviderInSameClassLoader(ForkedBooter.java:384)
	at org.apache.maven.surefire.booter.ForkedBooter.runSuitesInProcess(ForkedBooter.java:345)
	at org.apache.maven.surefire.booter.ForkedBooter.execute(ForkedBooter.java:126)
	at org.apache.maven.surefire.booter.ForkedBooter.main(ForkedBooter.java:418)

]]></system-out>
  </testcase>
  <testcase name="rechargeHistoryMenuTest" classname="tests.widgetsOptionsTest" time="59.183"/>
  <testcase name="usageHistoryMenuTest" classname="tests.widgetsOptionsTest" time="150.122">
    <failure message="The following asserts failed:&#10;	Description received is not as expected on row 10 did not expect to find [null] but found [-],&#10;	Today&#10;9-10 AMshould not display before Today&#10;11:05:17 AM did not expect to find [true] but found [false],&#10;	Yesterday&#10;05:33:10 PMshould not display before Today&#10;9-10 AM did not expect to find [true] but found [false],&#10;	Yesterday&#10;05:25:02 PMshould not display before Yesterday&#10;05:33:10 PM did not expect to find [true] but found [false],&#10;	Yesterday&#10;05:07:28 PMshould not display before Yesterday&#10;05:25:02 PM did not expect to find [true] but found [false],&#10;	Yesterday&#10;03:15:30 PMshould not display before Yesterday&#10;05:07:28 PM did not expect to find [true] but found [false],&#10;	Yesterday&#10;01:50:42 PMshould not display before Yesterday&#10;03:15:30 PM did not expect to find [true] but found [false],&#10;	Yesterday&#10;01:28:20 PMshould not display before Yesterday&#10;01:50:42 PM did not expect to find [true] but found [false],&#10;	Yesterday&#10;01:28:07 PMshould not display before Yesterday&#10;01:28:20 PM did not expect to find [true] but found [false],&#10;	Yesterday&#10;01:25:08 PMshould not display before Yesterday&#10;01:28:07 PM did not expect to find [true] but found [false],&#10;	Yesterday&#10;01:11:59 PMshould not display before Yesterday&#10;01:25:08 PM did not expect to find [true] but found [false],&#10;	Not able to validate Detailed Usage History Completely: org.openqa.selenium.TimeoutException: Expected condition failed: waiting for presence of element located by: By.xpath: //div[@class=&quot;card__card-header&quot;]//span[contains(text(),&apos;USAGE HISTORY&apos;)]//ancestor::div[@class=&quot;card widget ng-star-inserted&quot;]//div[@class=&quot;table-data-wrapper ng-star-inserted&quot;]/div[@class=&quot;ng-star-inserted&quot; or @class=&quot;slide-toggle red ng-star-inserted&quot;][21]//div[@class=&quot;ng-star-inserted&quot; or @class=&quot;slide-toggle red ng-star-inserted&quot;][1]/span (tried for 20 second(s) with 500 milliseconds interval)" type="java.lang.AssertionError">java.lang.AssertionError: 
The following asserts failed:
	Description received is not as expected on row 10 did not expect to find [null] but found [-],
	Today
9-10 AMshould not display before Today
11:05:17 AM did not expect to find [true] but found [false],
	Yesterday
05:33:10 PMshould not display before Today
9-10 AM did not expect to find [true] but found [false],
	Yesterday
05:25:02 PMshould not display before Yesterday
05:33:10 PM did not expect to find [true] but found [false],
	Yesterday
05:07:28 PMshould not display before Yesterday
05:25:02 PM did not expect to find [true] but found [false],
	Yesterday
03:15:30 PMshould not display before Yesterday
05:07:28 PM did not expect to find [true] but found [false],
	Yesterday
01:50:42 PMshould not display before Yesterday
03:15:30 PM did not expect to find [true] but found [false],
	Yesterday
01:28:20 PMshould not display before Yesterday
01:50:42 PM did not expect to find [true] but found [false],
	Yesterday
01:28:07 PMshould not display before Yesterday
01:28:20 PM did not expect to find [true] but found [false],
	Yesterday
01:25:08 PMshould not display before Yesterday
01:28:07 PM did not expect to find [true] but found [false],
	Yesterday
01:11:59 PMshould not display before Yesterday
01:25:08 PM did not expect to find [true] but found [false],
	Not able to validate Detailed Usage History Completely: org.openqa.selenium.TimeoutException: Expected condition failed: waiting for presence of element located by: By.xpath: //div[@class="card__card-header"]//span[contains(text(),'USAGE HISTORY')]//ancestor::div[@class="card widget ng-star-inserted"]//div[@class="table-data-wrapper ng-star-inserted"]/div[@class="ng-star-inserted" or @class="slide-toggle red ng-star-inserted"][21]//div[@class="ng-star-inserted" or @class="slide-toggle red ng-star-inserted"][1]/span (tried for 20 second(s) with 500 milliseconds interval)
	at tests.widgetsOptionsTest.usageHistoryMenuTest(widgetsOptionsTest.java:375)
</failure>
    <system-out><![CDATA[User Type Airtel Money
NO Table FOUND
User Type Usage History
NO Table FOUND
User Type Recharge History
NO Table FOUND
User Type Bundle Subscription History
NO Table FOUND
User Type SMS History
NO Table FOUND
User Type Data History
NO Table FOUND
User Type Call History
NO Table FOUND
User Type DA DETAILS
NO Table FOUND
User Type Loan Services
NO Table FOUND
User Type Loan Details
NO Table FOUND
User Type Loan History
NO Table FOUND
User Type Loan Recoveries
NO Table FOUND
User Type More Recharge History
NO Table FOUND
User Type Detailed Usage History
User table ADDED Detailed Usage History
User Type Search Tune Tab
NO Table FOUND
User Type Accumulator
NO Table FOUND
User Type Service Profile
NO Table FOUND
User Type More Airtel Money History
NO Table FOUND
16:37:50.373 I am in onTestStart method usageHistoryMenuTest start
16:37:50.413 [main] INFO  pages.BasePage(321) - Opening More under Usage History Widget
16:37:50.824 [main] INFO  pages.BasePage(73) - Clicking on elementBy.xpath: //span[@class="card__card-header--label" and contains(text(),"Usage History")]//parent::div//span[@class="filter-object"]/img
16:37:50.855 [main] INFO  pages.BasePage(321) - Waiting for loader to be removed
16:38:01.759 [main] INFO  pages.BasePage(321) - Loader Removed
16:38:01.931 [main] INFO  pages.BasePage(321) - Checking Detailed Usage history widget display: true
16:38:02.277 [main] INFO  pages.BasePage(321) - Is Free CDR Checkbox displayed: true
16:38:02.646 [main] INFO  pages.BasePage(321) - Is Type of CDR Option displayed: true
16:38:02.946 [main] INFO  pages.BasePage(321) - Is Today Date Filter Option displayed: true
16:38:03.264 [main] INFO  pages.BasePage(321) - Is last 2 day Date Filter Option displayed: true
16:38:03.716 [main] INFO  pages.BasePage(321) - Is last 7 day Date Filter Option displayed: true
16:38:03.862 [main] INFO  API.APIEndPoints(133) - Request Headers are  : x-app-name=cs-service
x-service-id=customer_service_service_request_webctx
x-app-type=web
x-client-id=3
x-api-key=a90d64e9-a628-4824-aeef-28ad4b23ccbe
x-login-module=MSISDN
x-channel=4
x-app-version=1.0.0
Opco=KE
Authorization=Bearer eyJjdHkiOiJKV1QiLCJlbmMiOiJBMjU2R0NNIiwiYWxnIjoiUlNBLU9BRVAtMjU2In0.EhWmp_AHuWPLPTj1_jzWOxQG6d2s0Z3YIjRCF23wsSK41WHZpwS9yCUtl8zJlJRkkraXGVJs1vdGSEp3c0pI6YwO_0Pdgk303w96qXQGY--Oo48Q8EgCi4wQL0YUyMbjzLTJFvtjzLhtY0gxmVkf4foIzGkihHnbbKLmoGFE8iWGcKwlDkaP7voV0_J9uNFE-_DVijmwFRc5ZsugpZRUwI_9cXd4FLg7EWr_Nypl_qPqygf8cZoSioR-cXjeTqcTGdKtPejyQZWk2L_EwQI2dhnPVjXqqVg7fmtXL7rmWhgx4EqevaAnm_0djg5nYopzeAaMS8K2AXM3s1SN0jxs0Q.egR4WovFu6jyfbe-.pimr0zHwwApsacXaP9elPRvKVESHIfyEXDrhOiYEfZvANSOXesVIW3_KbJ8PvWFzYjuGATf6a3EQmxUEKQAqaxXaFTtngekgAObtUl4wHsnFlX1v_LRnq-yrWXiLPBcbjiChC0dNJDL_eCtWQtNWO0Fs1AybZK7-Llb8a4I5v7EEIloZrCM02AA1Bh7Ho_096FRf-Zg71jKRCueFlTyJuq8_9_x2yooVHDapCGSpKsLyABEYsEfH6ejsdE5efFSmLQ7c.MKgIW80hbWmJRgwi5rQN3w
Content-Type=application/json
16:38:03.862 [main] INFO  API.APIEndPoints(135) - Request Body is  : {"msisdn":"789474747","pageSize":5,"pageNumber":1,"type":null,"startDate":null,"endDate":null,"action":"More",cdrTypeFilter: "FREE"}
16:38:11.751 [main] INFO  API.APIEndPoints(137) - Response : {"status":"Success","statusCode":200,"pageSize":5,"pageNumber":1,"totalCount":27,"result":[{"description":"Call to: 25403782936347","dateTime":"Today","bundleName":"VOICE-227","type":"VOICE","charges":"- 1.53 KES","startBalance":"2158.73 KES","endBalance":"2157.2 KES","addOrSubtract":"db","transactionAmountDetails":"Call duration: 23 Second","time":"01:27:20 PM"},{"description":"Call to: 25402727480213","dateTime":"Today","bundleName":"VOICE-228","type":"VOICE","charges":"- 1.87 KES","startBalance":"1053 KES","endBalance":"1051.13 KES","addOrSubtract":"db","transactionAmountDetails":"Call duration: 28 Second","time":"01:26:38 PM"},{"description":"Call to: 25402708814131","dateTime":"Today","bundleName":"VOICE-228","type":"VOICE","charges":"- 7.87 KES","startBalance":"1060.87 KES","endBalance":"1053 KES","addOrSubtract":"db","transactionAmountDetails":"Call duration: 118 Second","time":"01:14:39 PM"},{"description":"Call to: 25403782936347","dateTime":"Today","bundleName":"VOICE-227","type":"VOICE","charges":"- 1 KES","startBalance":"2159.73 KES","endBalance":"2158.73 KES","addOrSubtract":"db","transactionAmountDetails":"Call duration: 15 Second","time":"12:54:05 PM"},{"description":"Call to: 25403739655972","dateTime":"Today","bundleName":"VOICE-227","type":"VOICE","charges":"- 8.6 KES","startBalance":"2168.33 KES","endBalance":"2159.73 KES","addOrSubtract":"db","transactionAmountDetails":"Call duration: 129 Second","time":"12:23:43 PM"},{"description":"Call to: 25403733333313","dateTime":"Today","bundleName":"VOICE-227","type":"VOICE","charges":"- 4.53 KES","startBalance":"2172.87 KES","endBalance":"2168.33 KES","addOrSubtract":"db","transactionAmountDetails":"Call duration: 68 Second","time":"12:19:40 PM"},{"description":"Call to: 25403784742988","dateTime":"Today","bundleName":"VOICE-227","type":"VOICE","charges":"- 3.2 KES","startBalance":"2176.07 KES","endBalance":"2172.87 KES","addOrSubtract":"db","transactionAmountDetails":"Call duration: 48 Second","time":"11:44:54 AM"},{"description":"Call to: 25403784742988","dateTime":"Today","bundleName":"VOICE-227","type":"VOICE","charges":"- 0.67 KES","startBalance":"2176.73 KES","endBalance":"2176.07 KES","addOrSubtract":"db","transactionAmountDetails":"Call duration: 10 Second","time":"11:41:12 AM"},{"description":"Call to: 25402720266105","dateTime":"Today","bundleName":"VOICE-228","type":"VOICE","charges":"- 2.47 KES","startBalance":"1063.33 KES","endBalance":"1060.87 KES","addOrSubtract":"db","transactionAmountDetails":"Call duration: 37 Second","time":"11:37:24 AM"},{"description":"Call to: 25403753586979","dateTime":"Today","bundleName":"VOICE-227","type":"VOICE","charges":"- 1.8 KES","startBalance":"2178.53 KES","endBalance":"2176.73 KES","addOrSubtract":"db","transactionAmountDetails":"Call duration: 27 Second","time":"11:05:17 AM"},{"dateTime":"Today","type":"DATA","charges":"0 KES","startBalance":"19.01 KES","endBalance":"19.01 KES","expandedData":[{"type":"DATA","dateTime":"Today","startBalance":"19.01 KES","charges":"0 KES","endBalance":"19.01 KES","bundleName":"AIRTIME","time":"09:52:35 AM"}],"transactionAmountDetails":"Data Usage: 0 MB","time":"9-10 AM"},{"description":"Call to: 25403735832811","dateTime":"Yesterday","bundleName":"VOICE-227","type":"VOICE","charges":"- 3.8 KES","startBalance":"2182.33 KES","endBalance":"2178.53 KES","addOrSubtract":"db","transactionAmountDetails":"Call duration: 57 Second","time":"05:33:10 PM"},{"description":"Call to: 25403736199909","dateTime":"Yesterday","bundleName":"VOICE-227","type":"VOICE","charges":"- 3.6 KES","startBalance":"2185.93 KES","endBalance":"2182.33 KES","addOrSubtract":"db","transactionAmountDetails":"Call duration: 54 Second","time":"05:25:02 PM"},{"description":"Call to: 25403736199909","dateTime":"Yesterday","bundleName":"VOICE-227","type":"VOICE","charges":"- 18.93 KES","startBalance":"2204.87 KES","endBalance":"2185.93 KES","addOrSubtract":"db","transactionAmountDetails":"Call duration: 284 Second","time":"05:07:28 PM"},{"description":"Call to: 25403733333313","dateTime":"Yesterday","bundleName":"VOICE-227","type":"VOICE","charges":"- 17.33 KES","startBalance":"2222.2 KES","endBalance":"2204.87 KES","addOrSubtract":"db","transactionAmountDetails":"Call duration: 260 Second","time":"03:15:30 PM"},{"description":"Call to: 25403736418931","dateTime":"Yesterday","bundleName":"VOICE-227","type":"VOICE","charges":"- 16 KES","startBalance":"2238.2 KES","endBalance":"2222.2 KES","addOrSubtract":"db","transactionAmountDetails":"Call duration: 240 Second","time":"01:50:42 PM"},{"description":"SMS to: 25402708814131","dateTime":"Yesterday","bundleName":"SMS-23","type":"SMS","charges":"- 1 KES","startBalance":"1992 KES","endBalance":"1991 KES","addOrSubtract":"db","time":"01:28:20 PM"},{"description":"SMS to: 25402708814131","dateTime":"Yesterday","bundleName":"SMS-23","type":"SMS","charges":"- 1 KES","startBalance":"1993 KES","endBalance":"1992 KES","addOrSubtract":"db","time":"01:28:07 PM"},{"description":"Call to: 25403786370610","dateTime":"Yesterday","bundleName":"VOICE-227","type":"VOICE","charges":"- 8.93 KES","startBalance":"2247.13 KES","endBalance":"2238.2 KES","addOrSubtract":"db","transactionAmountDetails":"Call duration: 134 Second","time":"01:25:08 PM"},{"description":"Call to: 25403784742988","dateTime":"Yesterday","bundleName":"VOICE-227","type":"VOICE","charges":"- 14.27 KES","startBalance":"2261.4 KES","endBalance":"2247.13 KES","addOrSubtract":"db","transactionAmountDetails":"Call duration: 214 Second","time":"01:11:59 PM"},{"description":"Call to: 25402720266105","dateTime":"Yesterday","bundleName":"VOICE-228","type":"VOICE","charges":"- 18.6 KES","startBalance":"1081.93 KES","endBalance":"1063.33 KES","addOrSubtract":"db","transactionAmountDetails":"Call duration: 279 Second","time":"10:44:38 AM"},{"description":"Recharge: USSD_DATA ApartyBparty_254756468056_350MB refillCDR","dateTime":"Yesterday","type":"Recharge","charges":"- 50 KES","startBalance":"-","endBalance":"19.01 KES","addOrSubtract":"db","time":"10:15:02 AM"},{"description":"Call to: 25403736418931","dateTime":"Yesterday","bundleName":"VOICE-227","type":"VOICE","charges":"- 5 KES","startBalance":"2266.4 KES","endBalance":"2261.4 KES","addOrSubtract":"db","transactionAmountDetails":"Call duration: 75 Second","time":"09:58:52 AM"},{"description":"Call to: 25403733560000","dateTime":"Yesterday","bundleName":"VOICE-227","type":"VOICE","charges":"- 21.87 KES","startBalance":"2288.27 KES","endBalance":"2266.4 KES","addOrSubtract":"db","transactionAmountDetails":"Call duration: 328 Second","time":"09:52:44 AM"},{"description":"Call to: 25403736880234","dateTime":"Tue 09 Mar 2021","bundleName":"VOICE-227","type":"VOICE","charges":"- 11.07 KES","startBalance":"2299.33 KES","endBalance":"2288.27 KES","addOrSubtract":"db","transactionAmountDetails":"Call duration: 166 Second","time":"02:55:11 PM"},{"description":"Call to: 25403732306230","dateTime":"Tue 09 Mar 2021","bundleName":"VOICE-227","type":"VOICE","charges":"- 4.6 KES","startBalance":"2303.93 KES","endBalance":"2299.33 KES","addOrSubtract":"db","transactionAmountDetails":"Call duration: 69 Second","time":"11:54:47 AM"},{"description":"Call to: 25402720266105","dateTime":"Tue 09 Mar 2021","bundleName":"VOICE-228","type":"VOICE","charges":"- 0.67 KES","startBalance":"1082.6 KES","endBalance":"1081.93 KES","addOrSubtract":"db","transactionAmountDetails":"Call duration: 10 Second","time":"11:18:01 AM"}],"startDate":"03/09/2021","endDate":"03/11/2021"}
16:38:11.751 [main] INFO  API.APIEndPoints(138) - Response time : 7 s
16:38:11.889 [main] INFO  pages.BasePage(321) - Reading Header at POS(1): Type
16:38:12.096 [main] INFO  pages.BasePage(321) - Reading Header at POS(2): Date & Time
16:38:12.275 [main] INFO  pages.BasePage(321) - Reading Header at POS(3): Start Balance
16:38:12.483 [main] INFO  pages.BasePage(321) - Reading Header at POS(4): Transaction Amount
16:38:12.672 [main] INFO  pages.BasePage(321) - Reading Header at POS(5): Remaining Balance
16:38:12.919 [main] INFO  pages.BasePage(321) - Reading Header at POS(6): Description
16:38:13.152 [main] INFO  pages.BasePage(321) - Reading Header at POS(7): Bundle Name
16:38:13.410 [main] INFO  pages.BasePage(321) - Is pagination displayed: true
16:38:13.625 [main] INFO  pages.BasePage(321) - Reading Header at POS(1): Type
16:38:13.811 [main] INFO  pages.BasePage(321) - Reading value for Header name 'Type' is: VOICE
16:38:13.987 [main] INFO  pages.BasePage(321) - Reading Header at POS(2): Date & Time
16:38:14.230 [main] INFO  pages.BasePage(321) - Reading value for Header name 'Date & Time' is: Today
01:27:20 PM
16:38:14.467 [main] INFO  pages.BasePage(321) - Reading Header at POS(3): Start Balance
16:38:14.718 [main] INFO  pages.BasePage(321) - Reading value for Header name 'Start Balance' is: 2158.73 KES
16:38:14.921 [main] INFO  pages.BasePage(321) - Reading Header at POS(4): Transaction Amount
16:38:15.108 [main] INFO  pages.BasePage(321) - Reading value for Header name 'Transaction Amount' is: - 1.53 KES
16:38:15.224 [main] INFO  pages.BasePage(321) - Checking Negative Sign Display at ROW(1)
16:38:15.453 [main] INFO  pages.BasePage(321) - Reading Header at POS(5): Remaining Balance
16:38:15.719 [main] INFO  pages.BasePage(321) - Reading value for Header name 'Remaining Balance' is: 2157.2 KES
16:38:15.933 [main] INFO  pages.BasePage(321) - Reading Header at POS(6): Description
16:38:16.154 [main] INFO  pages.BasePage(321) - Reading value for Header name 'Description' is: Call to: 25403782936347
16:38:16.334 [main] INFO  pages.BasePage(321) - Reading Header at POS(7): Bundle Name
16:38:16.537 [main] INFO  pages.BasePage(321) - Reading value for Header name 'Bundle Name' is: VOICE-227
16:38:16.718 [main] INFO  pages.BasePage(321) - Reading Header at POS(1): Type
16:38:16.951 [main] INFO  pages.BasePage(321) - Reading value for Header name 'Type' is: VOICE
16:38:17.171 [main] INFO  pages.BasePage(321) - Reading Header at POS(2): Date & Time
16:38:17.372 [main] INFO  pages.BasePage(321) - Reading value for Header name 'Date & Time' is: Today
01:26:38 PM
16:38:17.592 [main] INFO  pages.BasePage(321) - Reading Header at POS(3): Start Balance
16:38:17.825 [main] INFO  pages.BasePage(321) - Reading value for Header name 'Start Balance' is: 1053 KES
16:38:18.045 [main] INFO  pages.BasePage(321) - Reading Header at POS(4): Transaction Amount
16:38:18.284 [main] INFO  pages.BasePage(321) - Reading value for Header name 'Transaction Amount' is: - 1.87 KES
16:38:18.406 [main] INFO  pages.BasePage(321) - Checking Negative Sign Display at ROW(2)
16:38:18.701 [main] INFO  pages.BasePage(321) - Reading Header at POS(5): Remaining Balance
16:38:18.916 [main] INFO  pages.BasePage(321) - Reading value for Header name 'Remaining Balance' is: 1051.13 KES
16:38:19.129 [main] INFO  pages.BasePage(321) - Reading Header at POS(6): Description
16:38:19.405 [main] INFO  pages.BasePage(321) - Reading value for Header name 'Description' is: Call to: 25402727480213
16:38:19.601 [main] INFO  pages.BasePage(321) - Reading Header at POS(7): Bundle Name
16:38:19.782 [main] INFO  pages.BasePage(321) - Reading value for Header name 'Bundle Name' is: VOICE-228
16:38:19.969 [main] INFO  pages.BasePage(321) - Reading Header at POS(2): Date & Time
16:38:20.171 [main] INFO  pages.BasePage(321) - Reading value for Header name 'Date & Time' is: Today
01:26:38 PM
16:38:20.345 [main] INFO  pages.BasePage(321) - Reading Header at POS(2): Date & Time
16:38:20.599 [main] INFO  pages.BasePage(321) - Reading value for Header name 'Date & Time' is: Today
01:27:20 PM
16:38:20.711 [main] INFO  pages.BasePage(302) - Thu Mar 11 13:26:38 IST 2021 come before Thu Mar 11 13:27:20 IST 2021
16:38:20.817 [main] INFO  pages.BasePage(321) - Reading Header at POS(2): Date & Time
16:38:21.013 [main] INFO  pages.BasePage(321) - Reading value for Header name 'Date & Time' is: Today
01:26:38 PM
16:38:21.216 [main] INFO  pages.BasePage(321) - Reading Header at POS(2): Date & Time
16:38:21.388 [main] INFO  pages.BasePage(321) - Reading value for Header name 'Date & Time' is: Today
01:27:20 PM
16:38:21.560 [main] INFO  pages.BasePage(321) - Reading Header at POS(1): Type
16:38:21.797 [main] INFO  pages.BasePage(321) - Reading value for Header name 'Type' is: VOICE
16:38:22.000 [main] INFO  pages.BasePage(321) - Reading Header at POS(2): Date & Time
16:38:22.205 [main] INFO  pages.BasePage(321) - Reading value for Header name 'Date & Time' is: Today
01:14:39 PM
16:38:22.401 [main] INFO  pages.BasePage(321) - Reading Header at POS(3): Start Balance
16:38:22.638 [main] INFO  pages.BasePage(321) - Reading value for Header name 'Start Balance' is: 1060.87 KES
16:38:22.827 [main] INFO  pages.BasePage(321) - Reading Header at POS(4): Transaction Amount
16:38:23.060 [main] INFO  pages.BasePage(321) - Reading value for Header name 'Transaction Amount' is: - 7.87 KES
16:38:23.144 [main] INFO  pages.BasePage(321) - Checking Negative Sign Display at ROW(3)
16:38:23.371 [main] INFO  pages.BasePage(321) - Reading Header at POS(5): Remaining Balance
16:38:23.607 [main] INFO  pages.BasePage(321) - Reading value for Header name 'Remaining Balance' is: 1053 KES
16:38:23.815 [main] INFO  pages.BasePage(321) - Reading Header at POS(6): Description
16:38:24.073 [main] INFO  pages.BasePage(321) - Reading value for Header name 'Description' is: Call to: 25402708814131
16:38:24.239 [main] INFO  pages.BasePage(321) - Reading Header at POS(7): Bundle Name
16:38:24.432 [main] INFO  pages.BasePage(321) - Reading value for Header name 'Bundle Name' is: VOICE-228
16:38:24.632 [main] INFO  pages.BasePage(321) - Reading Header at POS(2): Date & Time
16:38:24.835 [main] INFO  pages.BasePage(321) - Reading value for Header name 'Date & Time' is: Today
01:14:39 PM
16:38:25.012 [main] INFO  pages.BasePage(321) - Reading Header at POS(2): Date & Time
16:38:25.215 [main] INFO  pages.BasePage(321) - Reading value for Header name 'Date & Time' is: Today
01:26:38 PM
16:38:25.332 [main] INFO  pages.BasePage(302) - Thu Mar 11 13:14:39 IST 2021 come before Thu Mar 11 13:26:38 IST 2021
16:38:25.448 [main] INFO  pages.BasePage(321) - Reading Header at POS(2): Date & Time
16:38:25.649 [main] INFO  pages.BasePage(321) - Reading value for Header name 'Date & Time' is: Today
01:14:39 PM
16:38:25.832 [main] INFO  pages.BasePage(321) - Reading Header at POS(2): Date & Time
16:38:26.045 [main] INFO  pages.BasePage(321) - Reading value for Header name 'Date & Time' is: Today
01:26:38 PM
16:38:26.220 [main] INFO  pages.BasePage(321) - Reading Header at POS(1): Type
16:38:26.477 [main] INFO  pages.BasePage(321) - Reading value for Header name 'Type' is: VOICE
16:38:26.700 [main] INFO  pages.BasePage(321) - Reading Header at POS(2): Date & Time
16:38:26.938 [main] INFO  pages.BasePage(321) - Reading value for Header name 'Date & Time' is: Today
12:54:05 PM
16:38:27.132 [main] INFO  pages.BasePage(321) - Reading Header at POS(3): Start Balance
16:38:27.330 [main] INFO  pages.BasePage(321) - Reading value for Header name 'Start Balance' is: 2159.73 KES
16:38:27.518 [main] INFO  pages.BasePage(321) - Reading Header at POS(4): Transaction Amount
16:38:27.727 [main] INFO  pages.BasePage(321) - Reading value for Header name 'Transaction Amount' is: - 1 KES
16:38:27.906 [main] INFO  pages.BasePage(321) - Checking Negative Sign Display at ROW(4)
16:38:28.153 [main] INFO  pages.BasePage(321) - Reading Header at POS(5): Remaining Balance
16:38:28.391 [main] INFO  pages.BasePage(321) - Reading value for Header name 'Remaining Balance' is: 2158.73 KES
16:38:28.640 [main] INFO  pages.BasePage(321) - Reading Header at POS(6): Description
16:38:28.871 [main] INFO  pages.BasePage(321) - Reading value for Header name 'Description' is: Call to: 25403782936347
16:38:29.040 [main] INFO  pages.BasePage(321) - Reading Header at POS(7): Bundle Name
16:38:29.246 [main] INFO  pages.BasePage(321) - Reading value for Header name 'Bundle Name' is: VOICE-227
16:38:29.439 [main] INFO  pages.BasePage(321) - Reading Header at POS(2): Date & Time
16:38:29.681 [main] INFO  pages.BasePage(321) - Reading value for Header name 'Date & Time' is: Today
12:54:05 PM
16:38:29.910 [main] INFO  pages.BasePage(321) - Reading Header at POS(2): Date & Time
16:38:30.165 [main] INFO  pages.BasePage(321) - Reading value for Header name 'Date & Time' is: Today
01:14:39 PM
16:38:30.285 [main] INFO  pages.BasePage(302) - Thu Mar 11 12:54:05 IST 2021 come before Thu Mar 11 13:14:39 IST 2021
16:38:30.389 [main] INFO  pages.BasePage(321) - Reading Header at POS(2): Date & Time
16:38:30.607 [main] INFO  pages.BasePage(321) - Reading value for Header name 'Date & Time' is: Today
12:54:05 PM
16:38:30.811 [main] INFO  pages.BasePage(321) - Reading Header at POS(2): Date & Time
16:38:31.018 [main] INFO  pages.BasePage(321) - Reading value for Header name 'Date & Time' is: Today
01:14:39 PM
16:38:31.232 [main] INFO  pages.BasePage(321) - Reading Header at POS(1): Type
16:38:31.463 [main] INFO  pages.BasePage(321) - Reading value for Header name 'Type' is: VOICE
16:38:31.667 [main] INFO  pages.BasePage(321) - Reading Header at POS(2): Date & Time
16:38:31.880 [main] INFO  pages.BasePage(321) - Reading value for Header name 'Date & Time' is: Today
12:23:43 PM
16:38:32.086 [main] INFO  pages.BasePage(321) - Reading Header at POS(3): Start Balance
16:38:32.275 [main] INFO  pages.BasePage(321) - Reading value for Header name 'Start Balance' is: 2168.33 KES
16:38:32.469 [main] INFO  pages.BasePage(321) - Reading Header at POS(4): Transaction Amount
16:38:32.710 [main] INFO  pages.BasePage(321) - Reading value for Header name 'Transaction Amount' is: - 8.6 KES
16:38:32.823 [main] INFO  pages.BasePage(321) - Checking Negative Sign Display at ROW(5)
16:38:33.093 [main] INFO  pages.BasePage(321) - Reading Header at POS(5): Remaining Balance
16:38:33.291 [main] INFO  pages.BasePage(321) - Reading value for Header name 'Remaining Balance' is: 2159.73 KES
16:38:33.479 [main] INFO  pages.BasePage(321) - Reading Header at POS(6): Description
16:38:33.693 [main] INFO  pages.BasePage(321) - Reading value for Header name 'Description' is: Call to: 25403739655972
16:38:33.880 [main] INFO  pages.BasePage(321) - Reading Header at POS(7): Bundle Name
16:38:34.110 [main] INFO  pages.BasePage(321) - Reading value for Header name 'Bundle Name' is: VOICE-227
16:38:34.303 [main] INFO  pages.BasePage(321) - Reading Header at POS(2): Date & Time
16:38:34.541 [main] INFO  pages.BasePage(321) - Reading value for Header name 'Date & Time' is: Today
12:23:43 PM
16:38:34.747 [main] INFO  pages.BasePage(321) - Reading Header at POS(2): Date & Time
16:38:34.909 [main] INFO  pages.BasePage(321) - Reading value for Header name 'Date & Time' is: Today
12:54:05 PM
16:38:34.999 [main] INFO  pages.BasePage(302) - Thu Mar 11 12:23:43 IST 2021 come before Thu Mar 11 12:54:05 IST 2021
16:38:35.092 [main] INFO  pages.BasePage(321) - Reading Header at POS(2): Date & Time
16:38:35.291 [main] INFO  pages.BasePage(321) - Reading value for Header name 'Date & Time' is: Today
12:23:43 PM
16:38:35.489 [main] INFO  pages.BasePage(321) - Reading Header at POS(2): Date & Time
16:38:35.694 [main] INFO  pages.BasePage(321) - Reading value for Header name 'Date & Time' is: Today
12:54:05 PM
16:38:35.904 [main] INFO  pages.BasePage(321) - Reading Header at POS(1): Type
16:38:36.121 [main] INFO  pages.BasePage(321) - Reading value for Header name 'Type' is: VOICE
16:38:36.307 [main] INFO  pages.BasePage(321) - Reading Header at POS(2): Date & Time
16:38:36.512 [main] INFO  pages.BasePage(321) - Reading value for Header name 'Date & Time' is: Today
12:19:40 PM
16:38:36.720 [main] INFO  pages.BasePage(321) - Reading Header at POS(3): Start Balance
16:38:36.909 [main] INFO  pages.BasePage(321) - Reading value for Header name 'Start Balance' is: 2172.87 KES
16:38:37.093 [main] INFO  pages.BasePage(321) - Reading Header at POS(4): Transaction Amount
16:38:37.317 [main] INFO  pages.BasePage(321) - Reading value for Header name 'Transaction Amount' is: - 4.53 KES
16:38:37.411 [main] INFO  pages.BasePage(321) - Checking Negative Sign Display at ROW(6)
16:38:37.680 [main] INFO  pages.BasePage(321) - Reading Header at POS(5): Remaining Balance
16:38:37.882 [main] INFO  pages.BasePage(321) - Reading value for Header name 'Remaining Balance' is: 2168.33 KES
16:38:38.066 [main] INFO  pages.BasePage(321) - Reading Header at POS(6): Description
16:38:38.254 [main] INFO  pages.BasePage(321) - Reading value for Header name 'Description' is: Call to: 25403733333313
16:38:38.439 [main] INFO  pages.BasePage(321) - Reading Header at POS(7): Bundle Name
16:38:38.659 [main] INFO  pages.BasePage(321) - Reading value for Header name 'Bundle Name' is: VOICE-227
16:38:38.866 [main] INFO  pages.BasePage(321) - Reading Header at POS(2): Date & Time
16:38:39.128 [main] INFO  pages.BasePage(321) - Reading value for Header name 'Date & Time' is: Today
12:19:40 PM
16:38:39.292 [main] INFO  pages.BasePage(321) - Reading Header at POS(2): Date & Time
16:38:39.475 [main] INFO  pages.BasePage(321) - Reading value for Header name 'Date & Time' is: Today
12:23:43 PM
16:38:39.575 [main] INFO  pages.BasePage(302) - Thu Mar 11 12:19:40 IST 2021 come before Thu Mar 11 12:23:43 IST 2021
16:38:39.671 [main] INFO  pages.BasePage(321) - Reading Header at POS(2): Date & Time
16:38:39.850 [main] INFO  pages.BasePage(321) - Reading value for Header name 'Date & Time' is: Today
12:19:40 PM
16:38:40.118 [main] INFO  pages.BasePage(321) - Reading Header at POS(2): Date & Time
16:38:40.320 [main] INFO  pages.BasePage(321) - Reading value for Header name 'Date & Time' is: Today
12:23:43 PM
16:38:40.606 [main] INFO  pages.BasePage(321) - Reading Header at POS(1): Type
16:38:40.834 [main] INFO  pages.BasePage(321) - Reading value for Header name 'Type' is: VOICE
16:38:41.005 [main] INFO  pages.BasePage(321) - Reading Header at POS(2): Date & Time
16:38:41.218 [main] INFO  pages.BasePage(321) - Reading value for Header name 'Date & Time' is: Today
11:44:54 AM
16:38:41.415 [main] INFO  pages.BasePage(321) - Reading Header at POS(3): Start Balance
16:38:41.641 [main] INFO  pages.BasePage(321) - Reading value for Header name 'Start Balance' is: 2176.07 KES
16:38:41.852 [main] INFO  pages.BasePage(321) - Reading Header at POS(4): Transaction Amount
16:38:42.134 [main] INFO  pages.BasePage(321) - Reading value for Header name 'Transaction Amount' is: - 3.2 KES
16:38:42.262 [main] INFO  pages.BasePage(321) - Checking Negative Sign Display at ROW(7)
16:38:42.543 [main] INFO  pages.BasePage(321) - Reading Header at POS(5): Remaining Balance
16:38:42.745 [main] INFO  pages.BasePage(321) - Reading value for Header name 'Remaining Balance' is: 2172.87 KES
16:38:42.912 [main] INFO  pages.BasePage(321) - Reading Header at POS(6): Description
16:38:43.128 [main] INFO  pages.BasePage(321) - Reading value for Header name 'Description' is: Call to: 25403784742988
16:38:43.301 [main] INFO  pages.BasePage(321) - Reading Header at POS(7): Bundle Name
16:38:43.527 [main] INFO  pages.BasePage(321) - Reading value for Header name 'Bundle Name' is: VOICE-227
16:38:43.742 [main] INFO  pages.BasePage(321) - Reading Header at POS(2): Date & Time
16:38:43.932 [main] INFO  pages.BasePage(321) - Reading value for Header name 'Date & Time' is: Today
11:44:54 AM
16:38:44.104 [main] INFO  pages.BasePage(321) - Reading Header at POS(2): Date & Time
16:38:44.291 [main] INFO  pages.BasePage(321) - Reading value for Header name 'Date & Time' is: Today
12:19:40 PM
16:38:44.397 [main] INFO  pages.BasePage(302) - Thu Mar 11 11:44:54 IST 2021 come before Thu Mar 11 12:19:40 IST 2021
16:38:44.493 [main] INFO  pages.BasePage(321) - Reading Header at POS(2): Date & Time
16:38:44.695 [main] INFO  pages.BasePage(321) - Reading value for Header name 'Date & Time' is: Today
11:44:54 AM
16:38:44.869 [main] INFO  pages.BasePage(321) - Reading Header at POS(2): Date & Time
16:38:45.078 [main] INFO  pages.BasePage(321) - Reading value for Header name 'Date & Time' is: Today
12:19:40 PM
16:38:45.278 [main] INFO  pages.BasePage(321) - Reading Header at POS(1): Type
16:38:45.476 [main] INFO  pages.BasePage(321) - Reading value for Header name 'Type' is: VOICE
16:38:45.705 [main] INFO  pages.BasePage(321) - Reading Header at POS(2): Date & Time
16:38:45.936 [main] INFO  pages.BasePage(321) - Reading value for Header name 'Date & Time' is: Today
11:41:12 AM
16:38:46.144 [main] INFO  pages.BasePage(321) - Reading Header at POS(3): Start Balance
16:38:46.349 [main] INFO  pages.BasePage(321) - Reading value for Header name 'Start Balance' is: 2176.73 KES
16:38:46.562 [main] INFO  pages.BasePage(321) - Reading Header at POS(4): Transaction Amount
16:38:46.788 [main] INFO  pages.BasePage(321) - Reading value for Header name 'Transaction Amount' is: - 0.67 KES
16:38:46.885 [main] INFO  pages.BasePage(321) - Checking Negative Sign Display at ROW(8)
16:38:47.127 [main] INFO  pages.BasePage(321) - Reading Header at POS(5): Remaining Balance
16:38:47.319 [main] INFO  pages.BasePage(321) - Reading value for Header name 'Remaining Balance' is: 2176.07 KES
16:38:47.513 [main] INFO  pages.BasePage(321) - Reading Header at POS(6): Description
16:38:47.719 [main] INFO  pages.BasePage(321) - Reading value for Header name 'Description' is: Call to: 25403784742988
16:38:47.912 [main] INFO  pages.BasePage(321) - Reading Header at POS(7): Bundle Name
16:38:48.138 [main] INFO  pages.BasePage(321) - Reading value for Header name 'Bundle Name' is: VOICE-227
16:38:48.358 [main] INFO  pages.BasePage(321) - Reading Header at POS(2): Date & Time
16:38:48.538 [main] INFO  pages.BasePage(321) - Reading value for Header name 'Date & Time' is: Today
11:41:12 AM
16:38:48.706 [main] INFO  pages.BasePage(321) - Reading Header at POS(2): Date & Time
16:38:48.872 [main] INFO  pages.BasePage(321) - Reading value for Header name 'Date & Time' is: Today
11:44:54 AM
16:38:48.959 [main] INFO  pages.BasePage(302) - Thu Mar 11 11:41:12 IST 2021 come before Thu Mar 11 11:44:54 IST 2021
16:38:49.045 [main] INFO  pages.BasePage(321) - Reading Header at POS(2): Date & Time
16:38:49.372 [main] INFO  pages.BasePage(321) - Reading value for Header name 'Date & Time' is: Today
11:41:12 AM
16:38:49.631 [main] INFO  pages.BasePage(321) - Reading Header at POS(2): Date & Time
16:38:49.850 [main] INFO  pages.BasePage(321) - Reading value for Header name 'Date & Time' is: Today
11:44:54 AM
16:38:50.060 [main] INFO  pages.BasePage(321) - Reading Header at POS(1): Type
16:38:50.246 [main] INFO  pages.BasePage(321) - Reading value for Header name 'Type' is: VOICE
16:38:50.440 [main] INFO  pages.BasePage(321) - Reading Header at POS(2): Date & Time
16:38:50.633 [main] INFO  pages.BasePage(321) - Reading value for Header name 'Date & Time' is: Today
11:37:24 AM
16:38:50.846 [main] INFO  pages.BasePage(321) - Reading Header at POS(3): Start Balance
16:38:51.100 [main] INFO  pages.BasePage(321) - Reading value for Header name 'Start Balance' is: 1063.33 KES
16:38:51.298 [main] INFO  pages.BasePage(321) - Reading Header at POS(4): Transaction Amount
16:38:51.520 [main] INFO  pages.BasePage(321) - Reading value for Header name 'Transaction Amount' is: - 2.47 KES
16:38:51.612 [main] INFO  pages.BasePage(321) - Checking Negative Sign Display at ROW(9)
16:38:51.840 [main] INFO  pages.BasePage(321) - Reading Header at POS(5): Remaining Balance
16:38:52.034 [main] INFO  pages.BasePage(321) - Reading value for Header name 'Remaining Balance' is: 1060.87 KES
16:38:52.234 [main] INFO  pages.BasePage(321) - Reading Header at POS(6): Description
16:38:52.442 [main] INFO  pages.BasePage(321) - Reading value for Header name 'Description' is: Call to: 25402720266105
16:38:52.641 [main] INFO  pages.BasePage(321) - Reading Header at POS(7): Bundle Name
16:38:52.859 [main] INFO  pages.BasePage(321) - Reading value for Header name 'Bundle Name' is: VOICE-228
16:38:53.055 [main] INFO  pages.BasePage(321) - Reading Header at POS(2): Date & Time
16:38:53.222 [main] INFO  pages.BasePage(321) - Reading value for Header name 'Date & Time' is: Today
11:37:24 AM
16:38:53.431 [main] INFO  pages.BasePage(321) - Reading Header at POS(2): Date & Time
16:38:53.627 [main] INFO  pages.BasePage(321) - Reading value for Header name 'Date & Time' is: Today
11:41:12 AM
16:38:53.733 [main] INFO  pages.BasePage(302) - Thu Mar 11 11:37:24 IST 2021 come before Thu Mar 11 11:41:12 IST 2021
16:38:53.823 [main] INFO  pages.BasePage(321) - Reading Header at POS(2): Date & Time
16:38:54.029 [main] INFO  pages.BasePage(321) - Reading value for Header name 'Date & Time' is: Today
11:37:24 AM
16:38:54.226 [main] INFO  pages.BasePage(321) - Reading Header at POS(2): Date & Time
16:38:54.439 [main] INFO  pages.BasePage(321) - Reading value for Header name 'Date & Time' is: Today
11:41:12 AM
16:38:54.625 [main] INFO  pages.BasePage(321) - Reading Header at POS(1): Type
16:38:54.817 [main] INFO  pages.BasePage(321) - Reading value for Header name 'Type' is: VOICE
16:38:54.992 [main] INFO  pages.BasePage(321) - Reading Header at POS(2): Date & Time
16:38:55.190 [main] INFO  pages.BasePage(321) - Reading value for Header name 'Date & Time' is: Today
11:05:17 AM
16:38:55.451 [main] INFO  pages.BasePage(321) - Reading Header at POS(3): Start Balance
16:38:55.642 [main] INFO  pages.BasePage(321) - Reading value for Header name 'Start Balance' is: 2178.53 KES
16:38:55.823 [main] INFO  pages.BasePage(321) - Reading Header at POS(4): Transaction Amount
16:38:56.038 [main] INFO  pages.BasePage(321) - Reading value for Header name 'Transaction Amount' is: - 1.8 KES
16:38:56.138 [main] INFO  pages.BasePage(321) - Checking Negative Sign Display at ROW(10)
16:38:56.370 [main] INFO  pages.BasePage(321) - Reading Header at POS(5): Remaining Balance
16:38:56.586 [main] INFO  pages.BasePage(321) - Reading value for Header name 'Remaining Balance' is: 2176.73 KES
16:38:56.772 [main] INFO  pages.BasePage(321) - Reading Header at POS(6): Description
16:38:57.033 [main] INFO  pages.BasePage(321) - Reading value for Header name 'Description' is: Call to: 25403753586979
16:38:57.225 [main] INFO  pages.BasePage(321) - Reading Header at POS(7): Bundle Name
16:38:57.454 [main] INFO  pages.BasePage(321) - Reading value for Header name 'Bundle Name' is: VOICE-227
16:38:57.643 [main] INFO  pages.BasePage(321) - Reading Header at POS(2): Date & Time
16:38:57.832 [main] INFO  pages.BasePage(321) - Reading value for Header name 'Date & Time' is: Today
11:05:17 AM
16:38:57.995 [main] INFO  pages.BasePage(321) - Reading Header at POS(2): Date & Time
16:38:58.172 [main] INFO  pages.BasePage(321) - Reading value for Header name 'Date & Time' is: Today
11:37:24 AM
16:38:58.287 [main] INFO  pages.BasePage(302) - Thu Mar 11 11:05:17 IST 2021 come before Thu Mar 11 11:37:24 IST 2021
16:38:58.428 [main] INFO  pages.BasePage(321) - Reading Header at POS(2): Date & Time
16:38:58.645 [main] INFO  pages.BasePage(321) - Reading value for Header name 'Date & Time' is: Today
11:05:17 AM
16:38:58.853 [main] INFO  pages.BasePage(321) - Reading Header at POS(2): Date & Time
16:38:59.061 [main] INFO  pages.BasePage(321) - Reading value for Header name 'Date & Time' is: Today
11:37:24 AM
16:38:59.241 [main] INFO  pages.BasePage(321) - Reading Header at POS(1): Type
16:38:59.434 [main] INFO  pages.BasePage(321) - Reading value for Header name 'Type' is: DATA
16:38:59.655 [main] INFO  pages.BasePage(321) - Reading Header at POS(2): Date & Time
16:38:59.893 [main] INFO  pages.BasePage(321) - Reading value for Header name 'Date & Time' is: Today
9-10 AM
16:39:00.115 [main] INFO  pages.BasePage(321) - Reading Header at POS(3): Start Balance
16:39:00.349 [main] INFO  pages.BasePage(321) - Reading value for Header name 'Start Balance' is: 19.01 KES
16:39:00.569 [main] INFO  pages.BasePage(321) - Reading Header at POS(4): Transaction Amount
16:39:00.768 [main] INFO  pages.BasePage(321) - Reading value for Header name 'Transaction Amount' is: 0 KES
16:39:00.980 [main] INFO  pages.BasePage(321) - Reading Header at POS(5): Remaining Balance
16:39:01.168 [main] INFO  pages.BasePage(321) - Reading value for Header name 'Remaining Balance' is: 19.01 KES
16:39:01.349 [main] INFO  pages.BasePage(321) - Reading Header at POS(6): Description
16:39:01.559 [main] INFO  pages.BasePage(321) - Reading value for Header name 'Description' is: -
16:39:01.761 [main] INFO  pages.BasePage(321) - Reading Header at POS(7): Bundle Name
16:39:01.960 [main] INFO  pages.BasePage(321) - Reading value for Header name 'Bundle Name' is: -
16:39:02.140 [main] INFO  pages.BasePage(321) - Reading Header at POS(2): Date & Time
16:39:02.317 [main] INFO  pages.BasePage(321) - Reading value for Header name 'Date & Time' is: Today
9-10 AM
16:39:02.520 [main] INFO  pages.BasePage(321) - Reading Header at POS(2): Date & Time
16:39:02.749 [main] INFO  pages.BasePage(321) - Reading value for Header name 'Date & Time' is: Today
11:05:17 AM
16:39:03.069 [main] INFO  pages.BasePage(321) - Reading Header at POS(2): Date & Time
16:39:03.287 [main] INFO  pages.BasePage(321) - Reading value for Header name 'Date & Time' is: Today
9-10 AM
16:39:03.499 [main] INFO  pages.BasePage(321) - Reading Header at POS(2): Date & Time
16:39:03.686 [main] INFO  pages.BasePage(321) - Reading value for Header name 'Date & Time' is: Today
11:05:17 AM
16:39:03.873 [main] INFO  pages.BasePage(321) - Reading Header at POS(1): Type
16:39:04.086 [main] INFO  pages.BasePage(321) - Reading value for Header name 'Type' is: VOICE
16:39:04.271 [main] INFO  pages.BasePage(321) - Reading Header at POS(2): Date & Time
16:39:04.482 [main] INFO  pages.BasePage(321) - Reading value for Header name 'Date & Time' is: Yesterday
05:33:10 PM
16:39:04.694 [main] INFO  pages.BasePage(321) - Reading Header at POS(3): Start Balance
16:39:04.971 [main] INFO  pages.BasePage(321) - Reading value for Header name 'Start Balance' is: 2182.33 KES
16:39:05.228 [main] INFO  pages.BasePage(321) - Reading Header at POS(4): Transaction Amount
16:39:05.453 [main] INFO  pages.BasePage(321) - Reading value for Header name 'Transaction Amount' is: - 3.8 KES
16:39:05.578 [main] INFO  pages.BasePage(321) - Checking Negative Sign Display at ROW(12)
16:39:05.851 [main] INFO  pages.BasePage(321) - Reading Header at POS(5): Remaining Balance
16:39:06.102 [main] INFO  pages.BasePage(321) - Reading value for Header name 'Remaining Balance' is: 2178.53 KES
16:39:06.319 [main] INFO  pages.BasePage(321) - Reading Header at POS(6): Description
16:39:06.560 [main] INFO  pages.BasePage(321) - Reading value for Header name 'Description' is: Call to: 25403735832811
16:39:06.761 [main] INFO  pages.BasePage(321) - Reading Header at POS(7): Bundle Name
16:39:06.949 [main] INFO  pages.BasePage(321) - Reading value for Header name 'Bundle Name' is: VOICE-227
16:39:07.143 [main] INFO  pages.BasePage(321) - Reading Header at POS(2): Date & Time
16:39:07.326 [main] INFO  pages.BasePage(321) - Reading value for Header name 'Date & Time' is: Yesterday
05:33:10 PM
16:39:07.502 [main] INFO  pages.BasePage(321) - Reading Header at POS(2): Date & Time
16:39:07.713 [main] INFO  pages.BasePage(321) - Reading value for Header name 'Date & Time' is: Today
9-10 AM
Wed 10 Mar 2021 05:33:10 PM :Wed 10 Mar 2021
16:39:07.929 [main] INFO  pages.BasePage(321) - Reading Header at POS(2): Date & Time
16:39:08.117 [main] INFO  pages.BasePage(321) - Reading value for Header name 'Date & Time' is: Yesterday
05:33:10 PM
16:39:08.306 [main] INFO  pages.BasePage(321) - Reading Header at POS(2): Date & Time
16:39:08.496 [main] INFO  pages.BasePage(321) - Reading value for Header name 'Date & Time' is: Today
9-10 AM
16:39:08.671 [main] INFO  pages.BasePage(321) - Reading Header at POS(1): Type
16:39:08.886 [main] INFO  pages.BasePage(321) - Reading value for Header name 'Type' is: VOICE
16:39:09.059 [main] INFO  pages.BasePage(321) - Reading Header at POS(2): Date & Time
16:39:09.338 [main] INFO  pages.BasePage(321) - Reading value for Header name 'Date & Time' is: Yesterday
05:25:02 PM
16:39:09.551 [main] INFO  pages.BasePage(321) - Reading Header at POS(3): Start Balance
16:39:09.753 [main] INFO  pages.BasePage(321) - Reading value for Header name 'Start Balance' is: 2185.93 KES
16:39:09.964 [main] INFO  pages.BasePage(321) - Reading Header at POS(4): Transaction Amount
16:39:10.134 [main] INFO  pages.BasePage(321) - Reading value for Header name 'Transaction Amount' is: - 3.6 KES
16:39:10.218 [main] INFO  pages.BasePage(321) - Checking Negative Sign Display at ROW(13)
16:39:10.460 [main] INFO  pages.BasePage(321) - Reading Header at POS(5): Remaining Balance
16:39:10.670 [main] INFO  pages.BasePage(321) - Reading value for Header name 'Remaining Balance' is: 2182.33 KES
16:39:10.894 [main] INFO  pages.BasePage(321) - Reading Header at POS(6): Description
16:39:11.111 [main] INFO  pages.BasePage(321) - Reading value for Header name 'Description' is: Call to: 25403736199909
16:39:11.304 [main] INFO  pages.BasePage(321) - Reading Header at POS(7): Bundle Name
16:39:11.521 [main] INFO  pages.BasePage(321) - Reading value for Header name 'Bundle Name' is: VOICE-227
16:39:11.708 [main] INFO  pages.BasePage(321) - Reading Header at POS(2): Date & Time
16:39:11.907 [main] INFO  pages.BasePage(321) - Reading value for Header name 'Date & Time' is: Yesterday
05:25:02 PM
16:39:12.110 [main] INFO  pages.BasePage(321) - Reading Header at POS(2): Date & Time
16:39:12.331 [main] INFO  pages.BasePage(321) - Reading value for Header name 'Date & Time' is: Yesterday
05:33:10 PM
Wed 10 Mar 2021 05:25:02 PM :Wed 10 Mar 2021
Tue 09 Mar 2021 05:33:10 PM :Tue 09 Mar 2021
16:39:12.443 [main] INFO  pages.BasePage(305) - Wed Mar 10 17:25:02 IST 2021 come after Tue Mar 09 17:33:10 IST 2021
16:39:12.545 [main] INFO  pages.BasePage(321) - Reading Header at POS(2): Date & Time
16:39:12.722 [main] INFO  pages.BasePage(321) - Reading value for Header name 'Date & Time' is: Yesterday
05:25:02 PM
16:39:12.913 [main] INFO  pages.BasePage(321) - Reading Header at POS(2): Date & Time
16:39:13.093 [main] INFO  pages.BasePage(321) - Reading value for Header name 'Date & Time' is: Yesterday
05:33:10 PM
16:39:13.298 [main] INFO  pages.BasePage(321) - Reading Header at POS(1): Type
16:39:13.499 [main] INFO  pages.BasePage(321) - Reading value for Header name 'Type' is: VOICE
16:39:13.742 [main] INFO  pages.BasePage(321) - Reading Header at POS(2): Date & Time
16:39:13.960 [main] INFO  pages.BasePage(321) - Reading value for Header name 'Date & Time' is: Yesterday
05:07:28 PM
16:39:14.166 [main] INFO  pages.BasePage(321) - Reading Header at POS(3): Start Balance
16:39:14.379 [main] INFO  pages.BasePage(321) - Reading value for Header name 'Start Balance' is: 2204.87 KES
16:39:14.572 [main] INFO  pages.BasePage(321) - Reading Header at POS(4): Transaction Amount
16:39:14.868 [main] INFO  pages.BasePage(321) - Reading value for Header name 'Transaction Amount' is: - 18.93 KES
16:39:14.976 [main] INFO  pages.BasePage(321) - Checking Negative Sign Display at ROW(14)
16:39:15.291 [main] INFO  pages.BasePage(321) - Reading Header at POS(5): Remaining Balance
16:39:15.566 [main] INFO  pages.BasePage(321) - Reading value for Header name 'Remaining Balance' is: 2185.93 KES
16:39:15.768 [main] INFO  pages.BasePage(321) - Reading Header at POS(6): Description
16:39:15.953 [main] INFO  pages.BasePage(321) - Reading value for Header name 'Description' is: Call to: 25403736199909
16:39:16.141 [main] INFO  pages.BasePage(321) - Reading Header at POS(7): Bundle Name
16:39:16.328 [main] INFO  pages.BasePage(321) - Reading value for Header name 'Bundle Name' is: VOICE-227
16:39:16.636 [main] INFO  pages.BasePage(321) - Reading Header at POS(2): Date & Time
16:39:16.865 [main] INFO  pages.BasePage(321) - Reading value for Header name 'Date & Time' is: Yesterday
05:07:28 PM
16:39:17.068 [main] INFO  pages.BasePage(321) - Reading Header at POS(2): Date & Time
16:39:17.286 [main] INFO  pages.BasePage(321) - Reading value for Header name 'Date & Time' is: Yesterday
05:25:02 PM
Wed 10 Mar 2021 05:07:28 PM :Wed 10 Mar 2021
Tue 09 Mar 2021 05:25:02 PM :Tue 09 Mar 2021
16:39:17.383 [main] INFO  pages.BasePage(305) - Wed Mar 10 17:07:28 IST 2021 come after Tue Mar 09 17:25:02 IST 2021
16:39:17.463 [main] INFO  pages.BasePage(321) - Reading Header at POS(2): Date & Time
16:39:17.655 [main] INFO  pages.BasePage(321) - Reading value for Header name 'Date & Time' is: Yesterday
05:07:28 PM
16:39:17.866 [main] INFO  pages.BasePage(321) - Reading Header at POS(2): Date & Time
16:39:18.067 [main] INFO  pages.BasePage(321) - Reading value for Header name 'Date & Time' is: Yesterday
05:25:02 PM
16:39:18.268 [main] INFO  pages.BasePage(321) - Reading Header at POS(1): Type
16:39:18.514 [main] INFO  pages.BasePage(321) - Reading value for Header name 'Type' is: VOICE
16:39:18.714 [main] INFO  pages.BasePage(321) - Reading Header at POS(2): Date & Time
16:39:18.913 [main] INFO  pages.BasePage(321) - Reading value for Header name 'Date & Time' is: Yesterday
03:15:30 PM
16:39:19.096 [main] INFO  pages.BasePage(321) - Reading Header at POS(3): Start Balance
16:39:19.331 [main] INFO  pages.BasePage(321) - Reading value for Header name 'Start Balance' is: 2222.2 KES
16:39:19.534 [main] INFO  pages.BasePage(321) - Reading Header at POS(4): Transaction Amount
16:39:19.755 [main] INFO  pages.BasePage(321) - Reading value for Header name 'Transaction Amount' is: - 17.33 KES
16:39:19.862 [main] INFO  pages.BasePage(321) - Checking Negative Sign Display at ROW(15)
16:39:20.127 [main] INFO  pages.BasePage(321) - Reading Header at POS(5): Remaining Balance
16:39:20.358 [main] INFO  pages.BasePage(321) - Reading value for Header name 'Remaining Balance' is: 2204.87 KES
16:39:20.561 [main] INFO  pages.BasePage(321) - Reading Header at POS(6): Description
16:39:20.809 [main] INFO  pages.BasePage(321) - Reading value for Header name 'Description' is: Call to: 25403733333313
16:39:20.999 [main] INFO  pages.BasePage(321) - Reading Header at POS(7): Bundle Name
16:39:21.229 [main] INFO  pages.BasePage(321) - Reading value for Header name 'Bundle Name' is: VOICE-227
16:39:21.427 [main] INFO  pages.BasePage(321) - Reading Header at POS(2): Date & Time
16:39:21.653 [main] INFO  pages.BasePage(321) - Reading value for Header name 'Date & Time' is: Yesterday
03:15:30 PM
16:39:21.885 [main] INFO  pages.BasePage(321) - Reading Header at POS(2): Date & Time
16:39:22.083 [main] INFO  pages.BasePage(321) - Reading value for Header name 'Date & Time' is: Yesterday
05:07:28 PM
Wed 10 Mar 2021 03:15:30 PM :Wed 10 Mar 2021
Tue 09 Mar 2021 05:07:28 PM :Tue 09 Mar 2021
16:39:22.167 [main] INFO  pages.BasePage(305) - Wed Mar 10 15:15:30 IST 2021 come after Tue Mar 09 17:07:28 IST 2021
16:39:22.266 [main] INFO  pages.BasePage(321) - Reading Header at POS(2): Date & Time
16:39:22.473 [main] INFO  pages.BasePage(321) - Reading value for Header name 'Date & Time' is: Yesterday
03:15:30 PM
16:39:22.660 [main] INFO  pages.BasePage(321) - Reading Header at POS(2): Date & Time
16:39:22.881 [main] INFO  pages.BasePage(321) - Reading value for Header name 'Date & Time' is: Yesterday
05:07:28 PM
16:39:23.093 [main] INFO  pages.BasePage(321) - Reading Header at POS(1): Type
16:39:23.311 [main] INFO  pages.BasePage(321) - Reading value for Header name 'Type' is: VOICE
16:39:23.478 [main] INFO  pages.BasePage(321) - Reading Header at POS(2): Date & Time
16:39:23.684 [main] INFO  pages.BasePage(321) - Reading value for Header name 'Date & Time' is: Yesterday
01:50:42 PM
16:39:23.875 [main] INFO  pages.BasePage(321) - Reading Header at POS(3): Start Balance
16:39:24.081 [main] INFO  pages.BasePage(321) - Reading value for Header name 'Start Balance' is: 2238.2 KES
16:39:24.286 [main] INFO  pages.BasePage(321) - Reading Header at POS(4): Transaction Amount
16:39:24.508 [main] INFO  pages.BasePage(321) - Reading value for Header name 'Transaction Amount' is: - 16 KES
16:39:24.610 [main] INFO  pages.BasePage(321) - Checking Negative Sign Display at ROW(16)
16:39:24.866 [main] INFO  pages.BasePage(321) - Reading Header at POS(5): Remaining Balance
16:39:25.111 [main] INFO  pages.BasePage(321) - Reading value for Header name 'Remaining Balance' is: 2222.2 KES
16:39:25.290 [main] INFO  pages.BasePage(321) - Reading Header at POS(6): Description
16:39:25.515 [main] INFO  pages.BasePage(321) - Reading value for Header name 'Description' is: Call to: 25403736418931
16:39:25.752 [main] INFO  pages.BasePage(321) - Reading Header at POS(7): Bundle Name
16:39:26.004 [main] INFO  pages.BasePage(321) - Reading value for Header name 'Bundle Name' is: VOICE-227
16:39:26.243 [main] INFO  pages.BasePage(321) - Reading Header at POS(2): Date & Time
16:39:26.483 [main] INFO  pages.BasePage(321) - Reading value for Header name 'Date & Time' is: Yesterday
01:50:42 PM
16:39:26.670 [main] INFO  pages.BasePage(321) - Reading Header at POS(2): Date & Time
16:39:26.871 [main] INFO  pages.BasePage(321) - Reading value for Header name 'Date & Time' is: Yesterday
03:15:30 PM
Wed 10 Mar 2021 01:50:42 PM :Wed 10 Mar 2021
Tue 09 Mar 2021 03:15:30 PM :Tue 09 Mar 2021
16:39:26.985 [main] INFO  pages.BasePage(305) - Wed Mar 10 13:50:42 IST 2021 come after Tue Mar 09 15:15:30 IST 2021
16:39:27.106 [main] INFO  pages.BasePage(321) - Reading Header at POS(2): Date & Time
16:39:27.287 [main] INFO  pages.BasePage(321) - Reading value for Header name 'Date & Time' is: Yesterday
01:50:42 PM
16:39:27.511 [main] INFO  pages.BasePage(321) - Reading Header at POS(2): Date & Time
16:39:27.735 [main] INFO  pages.BasePage(321) - Reading value for Header name 'Date & Time' is: Yesterday
03:15:30 PM
16:39:27.927 [main] INFO  pages.BasePage(321) - Reading Header at POS(1): Type
16:39:28.118 [main] INFO  pages.BasePage(321) - Reading value for Header name 'Type' is: SMS
16:39:28.304 [main] INFO  pages.BasePage(321) - Reading Header at POS(2): Date & Time
16:39:28.551 [main] INFO  pages.BasePage(321) - Reading value for Header name 'Date & Time' is: Yesterday
01:28:20 PM
16:39:28.735 [main] INFO  pages.BasePage(321) - Reading Header at POS(3): Start Balance
16:39:29.007 [main] INFO  pages.BasePage(321) - Reading value for Header name 'Start Balance' is: 1992 KES
16:39:29.283 [main] INFO  pages.BasePage(321) - Reading Header at POS(4): Transaction Amount
16:39:29.498 [main] INFO  pages.BasePage(321) - Reading value for Header name 'Transaction Amount' is: - 1 KES
16:39:29.586 [main] INFO  pages.BasePage(321) - Checking Negative Sign Display at ROW(17)
16:39:29.851 [main] INFO  pages.BasePage(321) - Reading Header at POS(5): Remaining Balance
16:39:30.051 [main] INFO  pages.BasePage(321) - Reading value for Header name 'Remaining Balance' is: 1991 KES
16:39:30.256 [main] INFO  pages.BasePage(321) - Reading Header at POS(6): Description
16:39:30.519 [main] INFO  pages.BasePage(321) - Reading value for Header name 'Description' is: SMS to: 25402708814131
16:39:30.737 [main] INFO  pages.BasePage(321) - Reading Header at POS(7): Bundle Name
16:39:30.965 [main] INFO  pages.BasePage(321) - Reading value for Header name 'Bundle Name' is: SMS-23
16:39:31.150 [main] INFO  pages.BasePage(321) - Reading Header at POS(2): Date & Time
16:39:31.343 [main] INFO  pages.BasePage(321) - Reading value for Header name 'Date & Time' is: Yesterday
01:28:20 PM
16:39:31.547 [main] INFO  pages.BasePage(321) - Reading Header at POS(2): Date & Time
16:39:31.737 [main] INFO  pages.BasePage(321) - Reading value for Header name 'Date & Time' is: Yesterday
01:50:42 PM
Wed 10 Mar 2021 01:28:20 PM :Wed 10 Mar 2021
Tue 09 Mar 2021 01:50:42 PM :Tue 09 Mar 2021
16:39:31.854 [main] INFO  pages.BasePage(305) - Wed Mar 10 13:28:20 IST 2021 come after Tue Mar 09 13:50:42 IST 2021
16:39:31.955 [main] INFO  pages.BasePage(321) - Reading Header at POS(2): Date & Time
16:39:32.178 [main] INFO  pages.BasePage(321) - Reading value for Header name 'Date & Time' is: Yesterday
01:28:20 PM
16:39:32.389 [main] INFO  pages.BasePage(321) - Reading Header at POS(2): Date & Time
16:39:32.610 [main] INFO  pages.BasePage(321) - Reading value for Header name 'Date & Time' is: Yesterday
01:50:42 PM
16:39:32.810 [main] INFO  pages.BasePage(321) - Reading Header at POS(1): Type
16:39:32.998 [main] INFO  pages.BasePage(321) - Reading value for Header name 'Type' is: SMS
16:39:33.183 [main] INFO  pages.BasePage(321) - Reading Header at POS(2): Date & Time
16:39:33.402 [main] INFO  pages.BasePage(321) - Reading value for Header name 'Date & Time' is: Yesterday
01:28:07 PM
16:39:33.614 [main] INFO  pages.BasePage(321) - Reading Header at POS(3): Start Balance
16:39:33.834 [main] INFO  pages.BasePage(321) - Reading value for Header name 'Start Balance' is: 1993 KES
16:39:34.021 [main] INFO  pages.BasePage(321) - Reading Header at POS(4): Transaction Amount
16:39:34.222 [main] INFO  pages.BasePage(321) - Reading value for Header name 'Transaction Amount' is: - 1 KES
16:39:34.308 [main] INFO  pages.BasePage(321) - Checking Negative Sign Display at ROW(18)
16:39:34.541 [main] INFO  pages.BasePage(321) - Reading Header at POS(5): Remaining Balance
16:39:34.743 [main] INFO  pages.BasePage(321) - Reading value for Header name 'Remaining Balance' is: 1992 KES
16:39:34.957 [main] INFO  pages.BasePage(321) - Reading Header at POS(6): Description
16:39:35.192 [main] INFO  pages.BasePage(321) - Reading value for Header name 'Description' is: SMS to: 25402708814131
16:39:35.404 [main] INFO  pages.BasePage(321) - Reading Header at POS(7): Bundle Name
16:39:35.623 [main] INFO  pages.BasePage(321) - Reading value for Header name 'Bundle Name' is: SMS-23
16:39:35.816 [main] INFO  pages.BasePage(321) - Reading Header at POS(2): Date & Time
16:39:35.994 [main] INFO  pages.BasePage(321) - Reading value for Header name 'Date & Time' is: Yesterday
01:28:07 PM
16:39:36.183 [main] INFO  pages.BasePage(321) - Reading Header at POS(2): Date & Time
16:39:36.395 [main] INFO  pages.BasePage(321) - Reading value for Header name 'Date & Time' is: Yesterday
01:28:20 PM
Wed 10 Mar 2021 01:28:07 PM :Wed 10 Mar 2021
Tue 09 Mar 2021 01:28:20 PM :Tue 09 Mar 2021
16:39:36.531 [main] INFO  pages.BasePage(305) - Wed Mar 10 13:28:07 IST 2021 come after Tue Mar 09 13:28:20 IST 2021
16:39:36.796 [main] INFO  pages.BasePage(321) - Reading Header at POS(2): Date & Time
16:39:37.012 [main] INFO  pages.BasePage(321) - Reading value for Header name 'Date & Time' is: Yesterday
01:28:07 PM
16:39:37.208 [main] INFO  pages.BasePage(321) - Reading Header at POS(2): Date & Time
16:39:37.395 [main] INFO  pages.BasePage(321) - Reading value for Header name 'Date & Time' is: Yesterday
01:28:20 PM
16:39:37.591 [main] INFO  pages.BasePage(321) - Reading Header at POS(1): Type
16:39:37.804 [main] INFO  pages.BasePage(321) - Reading value for Header name 'Type' is: VOICE
16:39:38.022 [main] INFO  pages.BasePage(321) - Reading Header at POS(2): Date & Time
16:39:38.317 [main] INFO  pages.BasePage(321) - Reading value for Header name 'Date & Time' is: Yesterday
01:25:08 PM
16:39:38.536 [main] INFO  pages.BasePage(321) - Reading Header at POS(3): Start Balance
16:39:38.747 [main] INFO  pages.BasePage(321) - Reading value for Header name 'Start Balance' is: 2247.13 KES
16:39:38.932 [main] INFO  pages.BasePage(321) - Reading Header at POS(4): Transaction Amount
16:39:39.159 [main] INFO  pages.BasePage(321) - Reading value for Header name 'Transaction Amount' is: - 8.93 KES
16:39:39.256 [main] INFO  pages.BasePage(321) - Checking Negative Sign Display at ROW(19)
16:39:39.512 [main] INFO  pages.BasePage(321) - Reading Header at POS(5): Remaining Balance
16:39:39.761 [main] INFO  pages.BasePage(321) - Reading value for Header name 'Remaining Balance' is: 2238.2 KES
16:39:39.999 [main] INFO  pages.BasePage(321) - Reading Header at POS(6): Description
16:39:40.227 [main] INFO  pages.BasePage(321) - Reading value for Header name 'Description' is: Call to: 25403786370610
16:39:40.440 [main] INFO  pages.BasePage(321) - Reading Header at POS(7): Bundle Name
16:39:40.629 [main] INFO  pages.BasePage(321) - Reading value for Header name 'Bundle Name' is: VOICE-227
16:39:40.817 [main] INFO  pages.BasePage(321) - Reading Header at POS(2): Date & Time
16:39:41.010 [main] INFO  pages.BasePage(321) - Reading value for Header name 'Date & Time' is: Yesterday
01:25:08 PM
16:39:41.221 [main] INFO  pages.BasePage(321) - Reading Header at POS(2): Date & Time
16:39:41.431 [main] INFO  pages.BasePage(321) - Reading value for Header name 'Date & Time' is: Yesterday
01:28:07 PM
Wed 10 Mar 2021 01:25:08 PM :Wed 10 Mar 2021
Tue 09 Mar 2021 01:28:07 PM :Tue 09 Mar 2021
16:39:41.540 [main] INFO  pages.BasePage(305) - Wed Mar 10 13:25:08 IST 2021 come after Tue Mar 09 13:28:07 IST 2021
16:39:41.634 [main] INFO  pages.BasePage(321) - Reading Header at POS(2): Date & Time
16:39:41.823 [main] INFO  pages.BasePage(321) - Reading value for Header name 'Date & Time' is: Yesterday
01:25:08 PM
16:39:41.997 [main] INFO  pages.BasePage(321) - Reading Header at POS(2): Date & Time
16:39:42.207 [main] INFO  pages.BasePage(321) - Reading value for Header name 'Date & Time' is: Yesterday
01:28:07 PM
16:39:42.420 [main] INFO  pages.BasePage(321) - Reading Header at POS(1): Type
16:39:42.712 [main] INFO  pages.BasePage(321) - Reading value for Header name 'Type' is: VOICE
16:39:42.970 [main] INFO  pages.BasePage(321) - Reading Header at POS(2): Date & Time
16:39:43.199 [main] INFO  pages.BasePage(321) - Reading value for Header name 'Date & Time' is: Yesterday
01:11:59 PM
16:39:43.410 [main] INFO  pages.BasePage(321) - Reading Header at POS(3): Start Balance
16:39:43.639 [main] INFO  pages.BasePage(321) - Reading value for Header name 'Start Balance' is: 2261.4 KES
16:39:43.816 [main] INFO  pages.BasePage(321) - Reading Header at POS(4): Transaction Amount
16:39:44.027 [main] INFO  pages.BasePage(321) - Reading value for Header name 'Transaction Amount' is: - 14.27 KES
16:39:44.124 [main] INFO  pages.BasePage(321) - Checking Negative Sign Display at ROW(20)
16:39:44.378 [main] INFO  pages.BasePage(321) - Reading Header at POS(5): Remaining Balance
16:39:44.622 [main] INFO  pages.BasePage(321) - Reading value for Header name 'Remaining Balance' is: 2247.13 KES
16:39:44.827 [main] INFO  pages.BasePage(321) - Reading Header at POS(6): Description
16:39:45.038 [main] INFO  pages.BasePage(321) - Reading value for Header name 'Description' is: Call to: 25403784742988
16:39:45.242 [main] INFO  pages.BasePage(321) - Reading Header at POS(7): Bundle Name
16:39:45.455 [main] INFO  pages.BasePage(321) - Reading value for Header name 'Bundle Name' is: VOICE-227
16:39:45.642 [main] INFO  pages.BasePage(321) - Reading Header at POS(2): Date & Time
16:39:45.845 [main] INFO  pages.BasePage(321) - Reading value for Header name 'Date & Time' is: Yesterday
01:11:59 PM
16:39:46.053 [main] INFO  pages.BasePage(321) - Reading Header at POS(2): Date & Time
16:39:46.255 [main] INFO  pages.BasePage(321) - Reading value for Header name 'Date & Time' is: Yesterday
01:25:08 PM
Wed 10 Mar 2021 01:11:59 PM :Wed 10 Mar 2021
Tue 09 Mar 2021 01:25:08 PM :Tue 09 Mar 2021
16:39:46.358 [main] INFO  pages.BasePage(305) - Wed Mar 10 13:11:59 IST 2021 come after Tue Mar 09 13:25:08 IST 2021
16:39:46.472 [main] INFO  pages.BasePage(321) - Reading Header at POS(2): Date & Time
16:39:46.679 [main] INFO  pages.BasePage(321) - Reading value for Header name 'Date & Time' is: Yesterday
01:11:59 PM
16:39:46.871 [main] INFO  pages.BasePage(321) - Reading Header at POS(2): Date & Time
16:39:47.070 [main] INFO  pages.BasePage(321) - Reading value for Header name 'Date & Time' is: Yesterday
01:25:08 PM
16:39:47.266 [main] INFO  pages.BasePage(321) - Reading Header at POS(1): Type
16:40:09.110 [main] INFO  pages.BasePage(164) - Opening Customer Interactions Dashboard
16:40:09.727 [main] INFO  pages.BasePage(73) - Clicking on elementBy.xpath: //*[text()="HOME"]
16:40:09.727 [main] INFO  pages.BasePage(321) - Waiting for loader to be removed
16:40:14.804 [main] INFO  pages.BasePage(321) - Loader Removed
16:40:14.834 [main] INFO  pages.BasePage(321) - Waiting for loader to be removed
16:40:19.886 [main] INFO  pages.BasePage(321) - Loader Removed
16:40:19.886 I am in on TestFailure method usageHistoryMenuTest failed
java.lang.AssertionError: The following asserts failed:
	Description received is not as expected on row 10 did not expect to find [null] but found [-],
	Today
9-10 AMshould not display before Today
11:05:17 AM did not expect to find [true] but found [false],
	Yesterday
05:33:10 PMshould not display before Today
9-10 AM did not expect to find [true] but found [false],
	Yesterday
05:25:02 PMshould not display before Yesterday
05:33:10 PM did not expect to find [true] but found [false],
	Yesterday
05:07:28 PMshould not display before Yesterday
05:25:02 PM did not expect to find [true] but found [false],
	Yesterday
03:15:30 PMshould not display before Yesterday
05:07:28 PM did not expect to find [true] but found [false],
	Yesterday
01:50:42 PMshould not display before Yesterday
03:15:30 PM did not expect to find [true] but found [false],
	Yesterday
01:28:20 PMshould not display before Yesterday
01:50:42 PM did not expect to find [true] but found [false],
	Yesterday
01:28:07 PMshould not display before Yesterday
01:28:20 PM did not expect to find [true] but found [false],
	Yesterday
01:25:08 PMshould not display before Yesterday
01:28:07 PM did not expect to find [true] but found [false],
	Yesterday
01:11:59 PMshould not display before Yesterday
01:25:08 PM did not expect to find [true] but found [false],
	Not able to validate Detailed Usage History Completely: org.openqa.selenium.TimeoutException: Expected condition failed: waiting for presence of element located by: By.xpath: //div[@class="card__card-header"]//span[contains(text(),'USAGE HISTORY')]//ancestor::div[@class="card widget ng-star-inserted"]//div[@class="table-data-wrapper ng-star-inserted"]/div[@class="ng-star-inserted" or @class="slide-toggle red ng-star-inserted"][21]//div[@class="ng-star-inserted" or @class="slide-toggle red ng-star-inserted"][1]/span (tried for 20 second(s) with 500 milliseconds interval)
	at org.testng.asserts.SoftAssert.assertAll(SoftAssert.java:47)
	at org.testng.asserts.SoftAssert.assertAll(SoftAssert.java:31)
	at tests.widgetsOptionsTest.usageHistoryMenuTest(widgetsOptionsTest.java:375)
	at sun.reflect.NativeMethodAccessorImpl.invoke0(Native Method)
	at sun.reflect.NativeMethodAccessorImpl.invoke(NativeMethodAccessorImpl.java:62)
	at sun.reflect.DelegatingMethodAccessorImpl.invoke(DelegatingMethodAccessorImpl.java:43)
	at java.lang.reflect.Method.invoke(Method.java:498)
	at org.testng.internal.MethodInvocationHelper.invokeMethod(MethodInvocationHelper.java:133)
	at org.testng.internal.TestInvoker.invokeMethod(TestInvoker.java:584)
	at org.testng.internal.TestInvoker.invokeTestMethod(TestInvoker.java:172)
	at org.testng.internal.MethodRunner.runInSequence(MethodRunner.java:46)
	at org.testng.internal.TestInvoker$MethodInvocationAgent.invoke(TestInvoker.java:804)
	at org.testng.internal.TestInvoker.invokeTestMethods(TestInvoker.java:145)
	at org.testng.internal.TestMethodWorker.invokeTestMethods(TestMethodWorker.java:146)
	at org.testng.internal.TestMethodWorker.run(TestMethodWorker.java:128)
	at java.util.ArrayList.forEach(ArrayList.java:1257)
	at org.testng.TestRunner.privateRun(TestRunner.java:770)
	at org.testng.TestRunner.run(TestRunner.java:591)
	at org.testng.SuiteRunner.runTest(SuiteRunner.java:402)
	at org.testng.SuiteRunner.runSequentially(SuiteRunner.java:396)
	at org.testng.SuiteRunner.privateRun(SuiteRunner.java:355)
	at org.testng.SuiteRunner.run(SuiteRunner.java:304)
	at org.testng.SuiteRunnerWorker.runSuite(SuiteRunnerWorker.java:53)
	at org.testng.SuiteRunnerWorker.run(SuiteRunnerWorker.java:96)
	at org.testng.TestNG.runSuitesSequentially(TestNG.java:1180)
	at org.testng.TestNG.runSuitesLocally(TestNG.java:1102)
	at org.testng.TestNG.runSuites(TestNG.java:1032)
	at org.testng.TestNG.run(TestNG.java:1000)
	at org.apache.maven.surefire.testng.TestNGExecutor.run(TestNGExecutor.java:283)
	at org.apache.maven.surefire.testng.TestNGXmlTestSuite.execute(TestNGXmlTestSuite.java:75)
	at org.apache.maven.surefire.testng.TestNGProvider.invoke(TestNGProvider.java:120)
	at org.apache.maven.surefire.booter.ForkedBooter.invokeProviderInSameClassLoader(ForkedBooter.java:384)
	at org.apache.maven.surefire.booter.ForkedBooter.runSuitesInProcess(ForkedBooter.java:345)
	at org.apache.maven.surefire.booter.ForkedBooter.execute(ForkedBooter.java:126)
	at org.apache.maven.surefire.booter.ForkedBooter.main(ForkedBooter.java:418)

]]></system-out>
    <system-err><![CDATA[java.text.ParseException: Unparseable date: "Thu 11 Mar 2021 9-10 AM"
	at java.text.DateFormat.parse(DateFormat.java:366)
	at pages.BasePage.isSortOrderDisplay(BasePage.java:299)
	at tests.widgetsOptionsTest.usageHistoryMenuTest(widgetsOptionsTest.java:365)
	at sun.reflect.NativeMethodAccessorImpl.invoke0(Native Method)
	at sun.reflect.NativeMethodAccessorImpl.invoke(NativeMethodAccessorImpl.java:62)
	at sun.reflect.DelegatingMethodAccessorImpl.invoke(DelegatingMethodAccessorImpl.java:43)
	at java.lang.reflect.Method.invoke(Method.java:498)
	at org.testng.internal.MethodInvocationHelper.invokeMethod(MethodInvocationHelper.java:133)
	at org.testng.internal.TestInvoker.invokeMethod(TestInvoker.java:584)
	at org.testng.internal.TestInvoker.invokeTestMethod(TestInvoker.java:172)
	at org.testng.internal.MethodRunner.runInSequence(MethodRunner.java:46)
	at org.testng.internal.TestInvoker$MethodInvocationAgent.invoke(TestInvoker.java:804)
	at org.testng.internal.TestInvoker.invokeTestMethods(TestInvoker.java:145)
	at org.testng.internal.TestMethodWorker.invokeTestMethods(TestMethodWorker.java:146)
	at org.testng.internal.TestMethodWorker.run(TestMethodWorker.java:128)
	at java.util.ArrayList.forEach(ArrayList.java:1257)
	at org.testng.TestRunner.privateRun(TestRunner.java:770)
	at org.testng.TestRunner.run(TestRunner.java:591)
	at org.testng.SuiteRunner.runTest(SuiteRunner.java:402)
	at org.testng.SuiteRunner.runSequentially(SuiteRunner.java:396)
	at org.testng.SuiteRunner.privateRun(SuiteRunner.java:355)
	at org.testng.SuiteRunner.run(SuiteRunner.java:304)
	at org.testng.SuiteRunnerWorker.runSuite(SuiteRunnerWorker.java:53)
	at org.testng.SuiteRunnerWorker.run(SuiteRunnerWorker.java:96)
	at org.testng.TestNG.runSuitesSequentially(TestNG.java:1180)
	at org.testng.TestNG.runSuitesLocally(TestNG.java:1102)
	at org.testng.TestNG.runSuites(TestNG.java:1032)
	at org.testng.TestNG.run(TestNG.java:1000)
	at org.apache.maven.surefire.testng.TestNGExecutor.run(TestNGExecutor.java:283)
	at org.apache.maven.surefire.testng.TestNGXmlTestSuite.execute(TestNGXmlTestSuite.java:75)
	at org.apache.maven.surefire.testng.TestNGProvider.invoke(TestNGProvider.java:120)
	at org.apache.maven.surefire.booter.ForkedBooter.invokeProviderInSameClassLoader(ForkedBooter.java:384)
	at org.apache.maven.surefire.booter.ForkedBooter.runSuitesInProcess(ForkedBooter.java:345)
	at org.apache.maven.surefire.booter.ForkedBooter.execute(ForkedBooter.java:126)
	at org.apache.maven.surefire.booter.ForkedBooter.main(ForkedBooter.java:418)
java.text.ParseException: Unparseable date: "Thu 11 Mar 2021 9-10 AM"
	at java.text.DateFormat.parse(DateFormat.java:366)
	at pages.BasePage.isSortOrderDisplay(BasePage.java:300)
	at tests.widgetsOptionsTest.usageHistoryMenuTest(widgetsOptionsTest.java:365)
	at sun.reflect.NativeMethodAccessorImpl.invoke0(Native Method)
	at sun.reflect.NativeMethodAccessorImpl.invoke(NativeMethodAccessorImpl.java:62)
	at sun.reflect.DelegatingMethodAccessorImpl.invoke(DelegatingMethodAccessorImpl.java:43)
	at java.lang.reflect.Method.invoke(Method.java:498)
	at org.testng.internal.MethodInvocationHelper.invokeMethod(MethodInvocationHelper.java:133)
	at org.testng.internal.TestInvoker.invokeMethod(TestInvoker.java:584)
	at org.testng.internal.TestInvoker.invokeTestMethod(TestInvoker.java:172)
	at org.testng.internal.MethodRunner.runInSequence(MethodRunner.java:46)
	at org.testng.internal.TestInvoker$MethodInvocationAgent.invoke(TestInvoker.java:804)
	at org.testng.internal.TestInvoker.invokeTestMethods(TestInvoker.java:145)
	at org.testng.internal.TestMethodWorker.invokeTestMethods(TestMethodWorker.java:146)
	at org.testng.internal.TestMethodWorker.run(TestMethodWorker.java:128)
	at java.util.ArrayList.forEach(ArrayList.java:1257)
	at org.testng.TestRunner.privateRun(TestRunner.java:770)
	at org.testng.TestRunner.run(TestRunner.java:591)
	at org.testng.SuiteRunner.runTest(SuiteRunner.java:402)
	at org.testng.SuiteRunner.runSequentially(SuiteRunner.java:396)
	at org.testng.SuiteRunner.privateRun(SuiteRunner.java:355)
	at org.testng.SuiteRunner.run(SuiteRunner.java:304)
	at org.testng.SuiteRunnerWorker.runSuite(SuiteRunnerWorker.java:53)
	at org.testng.SuiteRunnerWorker.run(SuiteRunnerWorker.java:96)
	at org.testng.TestNG.runSuitesSequentially(TestNG.java:1180)
	at org.testng.TestNG.runSuitesLocally(TestNG.java:1102)
	at org.testng.TestNG.runSuites(TestNG.java:1032)
	at org.testng.TestNG.run(TestNG.java:1000)
	at org.apache.maven.surefire.testng.TestNGExecutor.run(TestNGExecutor.java:283)
	at org.apache.maven.surefire.testng.TestNGXmlTestSuite.execute(TestNGXmlTestSuite.java:75)
	at org.apache.maven.surefire.testng.TestNGProvider.invoke(TestNGProvider.java:120)
	at org.apache.maven.surefire.booter.ForkedBooter.invokeProviderInSameClassLoader(ForkedBooter.java:384)
	at org.apache.maven.surefire.booter.ForkedBooter.runSuitesInProcess(ForkedBooter.java:345)
	at org.apache.maven.surefire.booter.ForkedBooter.execute(ForkedBooter.java:126)
	at org.apache.maven.surefire.booter.ForkedBooter.main(ForkedBooter.java:418)
org.openqa.selenium.TimeoutException: Expected condition failed: waiting for presence of element located by: By.xpath: //div[@class="card__card-header"]//span[contains(text(),'USAGE HISTORY')]//ancestor::div[@class="card widget ng-star-inserted"]//div[@class="table-data-wrapper ng-star-inserted"]/div[@class="ng-star-inserted" or @class="slide-toggle red ng-star-inserted"][21]//div[@class="ng-star-inserted" or @class="slide-toggle red ng-star-inserted"][1]/span (tried for 20 second(s) with 500 milliseconds interval)
	at org.openqa.selenium.support.ui.WebDriverWait.timeoutException(WebDriverWait.java:138)
	at org.openqa.selenium.support.ui.FluentWait.until(FluentWait.java:234)
	at pages.BasePage.waitVisibility(BasePage.java:126)
	at pages.BasePage.readText(BasePage.java:99)
	at pages.DetailedUsageHistoryPOM.getValueCorrespondingToHeader(DetailedUsageHistoryPOM.java:77)
	at tests.widgetsOptionsTest.usageHistoryMenuTest(widgetsOptionsTest.java:351)
	at sun.reflect.NativeMethodAccessorImpl.invoke0(Native Method)
	at sun.reflect.NativeMethodAccessorImpl.invoke(NativeMethodAccessorImpl.java:62)
	at sun.reflect.DelegatingMethodAccessorImpl.invoke(DelegatingMethodAccessorImpl.java:43)
	at java.lang.reflect.Method.invoke(Method.java:498)
	at org.testng.internal.MethodInvocationHelper.invokeMethod(MethodInvocationHelper.java:133)
	at org.testng.internal.TestInvoker.invokeMethod(TestInvoker.java:584)
	at org.testng.internal.TestInvoker.invokeTestMethod(TestInvoker.java:172)
	at org.testng.internal.MethodRunner.runInSequence(MethodRunner.java:46)
	at org.testng.internal.TestInvoker$MethodInvocationAgent.invoke(TestInvoker.java:804)
	at org.testng.internal.TestInvoker.invokeTestMethods(TestInvoker.java:145)
	at org.testng.internal.TestMethodWorker.invokeTestMethods(TestMethodWorker.java:146)
	at org.testng.internal.TestMethodWorker.run(TestMethodWorker.java:128)
	at java.util.ArrayList.forEach(ArrayList.java:1257)
	at org.testng.TestRunner.privateRun(TestRunner.java:770)
	at org.testng.TestRunner.run(TestRunner.java:591)
	at org.testng.SuiteRunner.runTest(SuiteRunner.java:402)
	at org.testng.SuiteRunner.runSequentially(SuiteRunner.java:396)
	at org.testng.SuiteRunner.privateRun(SuiteRunner.java:355)
	at org.testng.SuiteRunner.run(SuiteRunner.java:304)
	at org.testng.SuiteRunnerWorker.runSuite(SuiteRunnerWorker.java:53)
	at org.testng.SuiteRunnerWorker.run(SuiteRunnerWorker.java:96)
	at org.testng.TestNG.runSuitesSequentially(TestNG.java:1180)
	at org.testng.TestNG.runSuitesLocally(TestNG.java:1102)
	at org.testng.TestNG.runSuites(TestNG.java:1032)
	at org.testng.TestNG.run(TestNG.java:1000)
	at org.apache.maven.surefire.testng.TestNGExecutor.run(TestNGExecutor.java:283)
	at org.apache.maven.surefire.testng.TestNGXmlTestSuite.execute(TestNGXmlTestSuite.java:75)
	at org.apache.maven.surefire.testng.TestNGProvider.invoke(TestNGProvider.java:120)
	at org.apache.maven.surefire.booter.ForkedBooter.invokeProviderInSameClassLoader(ForkedBooter.java:384)
	at org.apache.maven.surefire.booter.ForkedBooter.runSuitesInProcess(ForkedBooter.java:345)
	at org.apache.maven.surefire.booter.ForkedBooter.execute(ForkedBooter.java:126)
	at org.apache.maven.surefire.booter.ForkedBooter.main(ForkedBooter.java:418)
Caused by: org.openqa.selenium.NoSuchElementException: no such element: Unable to locate element: {"method":"xpath","selector":"//div[@class="card__card-header"]//span[contains(text(),'USAGE HISTORY')]//ancestor::div[@class="card widget ng-star-inserted"]//div[@class="table-data-wrapper ng-star-inserted"]/div[@class="ng-star-inserted" or @class="slide-toggle red ng-star-inserted"][21]//div[@class="ng-star-inserted" or @class="slide-toggle red ng-star-inserted"][1]/span"}
  (Session info: headless chrome=89.0.4389.82)
For documentation on this error, please visit: https://www.seleniumhq.org/exceptions/no_such_element.html
Build info: version: '4.0.0-alpha-3', revision: '8c567de6dc'
System info: host: 'LT2394650', ip: '172.23.64.219', os.name: 'Windows 10', os.arch: 'amd64', os.version: '10.0', java.version: '1.8.0_231'
Driver info: org.openqa.selenium.chrome.ChromeDriver
Capabilities {acceptInsecureCerts: true, browserName: chrome, browserVersion: 89.0.4389.82, chrome: {chromedriverVersion: 89.0.4389.23 (61b08ee2c5002..., userDataDir: C:\Users\2394650\AppData\Lo...}, goog:chromeOptions: {debuggerAddress: localhost:61999}, javascriptEnabled: true, networkConnectionEnabled: false, pageLoadStrategy: normal, platform: WINDOWS, platformName: WINDOWS, proxy: Proxy(), setWindowRect: true, strictFileInteractability: false, timeouts: {implicit: 0, pageLoad: 300000, script: 30000}, unhandledPromptBehavior: dismiss and notify, webauthn:extension:largeBlob: true, webauthn:virtualAuthenticators: true}
Session ID: 22ec530818c8240b8b3a5234bfb19207
*** Element info: {Using=xpath, value=//div[@class="card__card-header"]//span[contains(text(),'USAGE HISTORY')]//ancestor::div[@class="card widget ng-star-inserted"]//div[@class="table-data-wrapper ng-star-inserted"]/div[@class="ng-star-inserted" or @class="slide-toggle red ng-star-inserted"][21]//div[@class="ng-star-inserted" or @class="slide-toggle red ng-star-inserted"][1]/span}
	at sun.reflect.GeneratedConstructorAccessor63.newInstance(Unknown Source)
	at sun.reflect.DelegatingConstructorAccessorImpl.newInstance(DelegatingConstructorAccessorImpl.java:45)
	at java.lang.reflect.Constructor.newInstance(Constructor.java:423)
	at org.openqa.selenium.remote.codec.w3c.W3CHttpResponseCodec.createException(W3CHttpResponseCodec.java:191)
	at org.openqa.selenium.remote.codec.w3c.W3CHttpResponseCodec.decode(W3CHttpResponseCodec.java:125)
	at org.openqa.selenium.remote.codec.w3c.W3CHttpResponseCodec.decode(W3CHttpResponseCodec.java:52)
	at org.openqa.selenium.remote.HttpCommandExecutor.execute(HttpCommandExecutor.java:161)
	at org.openqa.selenium.remote.service.DriverCommandExecutor.execute(DriverCommandExecutor.java:83)
	at org.openqa.selenium.remote.RemoteWebDriver.execute(RemoteWebDriver.java:576)
	at org.openqa.selenium.remote.RemoteWebDriver.findElement(RemoteWebDriver.java:327)
	at org.openqa.selenium.remote.RemoteWebDriver.findElementByXPath(RemoteWebDriver.java:445)
	at org.openqa.selenium.By$ByXPath.findElement(By.java:396)
	at org.openqa.selenium.remote.RemoteWebDriver.findElement(RemoteWebDriver.java:319)
	at org.openqa.selenium.support.ui.ExpectedConditions$6.apply(ExpectedConditions.java:182)
	at org.openqa.selenium.support.ui.ExpectedConditions$6.apply(ExpectedConditions.java:179)
	at org.openqa.selenium.support.ui.FluentWait.until(FluentWait.java:211)
	... 36 more
]]></system-err>
  </testcase>
  <testcase name="openCustomerInteraction" classname="tests.AuthTabTest" time="20.606"/>
  <testcase name="validateAuthTab" classname="tests.AuthTabTest" time="26.985"/>
  <testcase name="validateAuthTabMinQuestion" classname="tests.AuthTabTest" time="8.354"/>
  <testcase name="authCustomer" classname="tests.AuthTabTest" time="25.557"/>
  <testcase name="validateSendInternetSetting" classname="tests.AuthTabTest" time="6.364"/>
  <testcase name="openCustomerInteraction" classname="tests.FrontendAgentTicketTest" time="20.981"/>
  <testcase name="validateTicket" classname="tests.FrontendAgentTicketTest" time="0">
    <skipped message="java.lang.NullPointerException"/>
    <system-out><![CDATA[I am in on TestSkipped method validateTicket skipped
]]></system-out>
    <system-err><![CDATA[[Utils] [ERROR] [Error] java.lang.NullPointerException
	at org.apache.poi.xssf.usermodel.XSSFWorkbook.getSheet(XSSFWorkbook.java:1129)
	at org.apache.poi.xssf.usermodel.XSSFWorkbook.getSheet(XSSFWorkbook.java:118)
	at Utils.DataProviders.nftrDataExcelToBeanDao.getData(nftrDataExcelToBeanDao.java:44)
	at Utils.DataProviders.DataProviders.getSingleTicketId(DataProviders.java:401)
	at sun.reflect.NativeMethodAccessorImpl.invoke0(Native Method)
	at sun.reflect.NativeMethodAccessorImpl.invoke(NativeMethodAccessorImpl.java:62)
	at sun.reflect.DelegatingMethodAccessorImpl.invoke(DelegatingMethodAccessorImpl.java:43)
	at java.lang.reflect.Method.invoke(Method.java:498)
	at org.testng.internal.MethodInvocationHelper.invokeMethod(MethodInvocationHelper.java:133)
	at org.testng.internal.MethodInvocationHelper.invokeMethod(MethodInvocationHelper.java:77)
	at org.testng.internal.MethodInvocationHelper.invokeMethodNoCheckedException(MethodInvocationHelper.java:46)
	at org.testng.internal.MethodInvocationHelper.invokeDataProvider(MethodInvocationHelper.java:146)
	at org.testng.internal.Parameters.handleParameters(Parameters.java:820)
	at org.testng.internal.Parameters.handleParameters(Parameters.java:762)
	at org.testng.internal.ParameterHandler.handleParameters(ParameterHandler.java:60)
	at org.testng.internal.ParameterHandler.createParameters(ParameterHandler.java:39)
	at org.testng.internal.TestInvoker$MethodInvocationAgent.invoke(TestInvoker.java:771)
	at org.testng.internal.TestInvoker.invokeTestMethods(TestInvoker.java:145)
	at org.testng.internal.TestMethodWorker.invokeTestMethods(TestMethodWorker.java:146)
	at org.testng.internal.TestMethodWorker.run(TestMethodWorker.java:128)
	at java.util.ArrayList.forEach(ArrayList.java:1257)
	at org.testng.TestRunner.privateRun(TestRunner.java:770)
	at org.testng.TestRunner.run(TestRunner.java:591)
	at org.testng.SuiteRunner.runTest(SuiteRunner.java:402)
	at org.testng.SuiteRunner.runSequentially(SuiteRunner.java:396)
	at org.testng.SuiteRunner.privateRun(SuiteRunner.java:355)
	at org.testng.SuiteRunner.run(SuiteRunner.java:304)
	at org.testng.SuiteRunnerWorker.runSuite(SuiteRunnerWorker.java:53)
	at org.testng.SuiteRunnerWorker.run(SuiteRunnerWorker.java:96)
	at org.testng.TestNG.runSuitesSequentially(TestNG.java:1180)
	at org.testng.TestNG.runSuitesLocally(TestNG.java:1102)
	at org.testng.TestNG.runSuites(TestNG.java:1032)
	at org.testng.TestNG.run(TestNG.java:1000)
	at org.apache.maven.surefire.testng.TestNGExecutor.run(TestNGExecutor.java:283)
	at org.apache.maven.surefire.testng.TestNGXmlTestSuite.execute(TestNGXmlTestSuite.java:75)
	at org.apache.maven.surefire.testng.TestNGProvider.invoke(TestNGProvider.java:120)
	at org.apache.maven.surefire.booter.ForkedBooter.invokeProviderInSameClassLoader(ForkedBooter.java:384)
	at org.apache.maven.surefire.booter.ForkedBooter.runSuitesInProcess(ForkedBooter.java:345)
	at org.apache.maven.surefire.booter.ForkedBooter.execute(ForkedBooter.java:126)
	at org.apache.maven.surefire.booter.ForkedBooter.main(ForkedBooter.java:418)

]]></system-err>
  </testcase>
  <testcase name="validateAddToInteraction" classname="tests.FrontendAgentTicketTest" time="35.114">
    <failure message="Expected condition failed: waiting for element to be clickable: By.xpath: //a[@class=&apos;search-close ng-star-inserted&apos;]//img (tried for 20 second(s) with 500 milliseconds interval)" type="org.openqa.selenium.TimeoutException">org.openqa.selenium.TimeoutException: Expected condition failed: waiting for element to be clickable: By.xpath: //a[@class='search-close ng-star-inserted']//img (tried for 20 second(s) with 500 milliseconds interval)
	at tests.FrontendAgentTicketTest.validateAddToInteraction(FrontendAgentTicketTest.java:59)
Caused by: org.openqa.selenium.NoSuchElementException: 
no such element: Unable to locate element: {"method":"xpath","selector":"//a[@class='search-close ng-star-inserted']//img"}
  (Session info: headless chrome=89.0.4389.82)
For documentation on this error, please visit: https://www.seleniumhq.org/exceptions/no_such_element.html
Build info: version: '4.0.0-alpha-3', revision: '8c567de6dc'
System info: host: 'LT2394650', ip: '172.23.64.219', os.name: 'Windows 10', os.arch: 'amd64', os.version: '10.0', java.version: '1.8.0_231'
Driver info: org.openqa.selenium.chrome.ChromeDriver
Capabilities {acceptInsecureCerts: true, browserName: chrome, browserVersion: 89.0.4389.82, chrome: {chromedriverVersion: 89.0.4389.23 (61b08ee2c5002..., userDataDir: C:\Users\2394650\AppData\Lo...}, goog:chromeOptions: {debuggerAddress: localhost:61999}, javascriptEnabled: true, networkConnectionEnabled: false, pageLoadStrategy: normal, platform: WINDOWS, platformName: WINDOWS, proxy: Proxy(), setWindowRect: true, strictFileInteractability: false, timeouts: {implicit: 0, pageLoad: 300000, script: 30000}, unhandledPromptBehavior: dismiss and notify, webauthn:extension:largeBlob: true, webauthn:virtualAuthenticators: true}
Session ID: 22ec530818c8240b8b3a5234bfb19207
*** Element info: {Using=xpath, value=//a[@class='search-close ng-star-inserted']//img}
	at tests.FrontendAgentTicketTest.validateAddToInteraction(FrontendAgentTicketTest.java:59)
</failure>
    <system-out><![CDATA[16:42:11.074 I am in onTestStart method validateAddToInteraction start
16:42:11.949 [main] INFO  pages.BasePage(73) - Clicking on elementBy.xpath: //*[contains(text(),"VIEW HISTORY")]
16:42:11.949 [main] INFO  pages.customerInteractionPagePOM(117) - Clicking on View History
16:42:12.005 [main] INFO  pages.viewHistoryPOM(34) - Clicking on Ticket History Tab under view history 
16:42:12.006 [main] INFO  pages.BasePage(321) - Waiting for loader to be removed
16:42:23.755 [main] INFO  pages.BasePage(321) - Loader Removed
16:42:23.943 [main] INFO  pages.BasePage(73) - Clicking on elementBy.xpath: //div[contains(text(),'Ticket')] | //span[contains(text(),'Ticket')]
16:42:23.966 [main] INFO  pages.FrontendTicketHistory(142) - Clearing search box
16:42:45.580 I am in on TestFailure method validateAddToInteraction failed
org.openqa.selenium.TimeoutException: Expected condition failed: waiting for element to be clickable: By.xpath: //a[@class='search-close ng-star-inserted']//img (tried for 20 second(s) with 500 milliseconds interval)
	at org.openqa.selenium.support.ui.WebDriverWait.timeoutException(WebDriverWait.java:138)
	at org.openqa.selenium.support.ui.FluentWait.until(FluentWait.java:234)
	at pages.BasePage.click(BasePage.java:70)
	at pages.FrontendTicketHistory.clickClearSearchBox(FrontendTicketHistory.java:144)
	at tests.FrontendAgentTicketTest.validateAddToInteraction(FrontendAgentTicketTest.java:59)
	at sun.reflect.NativeMethodAccessorImpl.invoke0(Native Method)
	at sun.reflect.NativeMethodAccessorImpl.invoke(NativeMethodAccessorImpl.java:62)
	at sun.reflect.DelegatingMethodAccessorImpl.invoke(DelegatingMethodAccessorImpl.java:43)
	at java.lang.reflect.Method.invoke(Method.java:498)
	at org.testng.internal.MethodInvocationHelper.invokeMethod(MethodInvocationHelper.java:133)
	at org.testng.internal.TestInvoker.invokeMethod(TestInvoker.java:584)
	at org.testng.internal.TestInvoker.invokeTestMethod(TestInvoker.java:172)
	at org.testng.internal.MethodRunner.runInSequence(MethodRunner.java:46)
	at org.testng.internal.TestInvoker$MethodInvocationAgent.invoke(TestInvoker.java:804)
	at org.testng.internal.TestInvoker.invokeTestMethods(TestInvoker.java:145)
	at org.testng.internal.TestMethodWorker.invokeTestMethods(TestMethodWorker.java:146)
	at org.testng.internal.TestMethodWorker.run(TestMethodWorker.java:128)
	at java.util.ArrayList.forEach(ArrayList.java:1257)
	at org.testng.TestRunner.privateRun(TestRunner.java:770)
	at org.testng.TestRunner.run(TestRunner.java:591)
	at org.testng.SuiteRunner.runTest(SuiteRunner.java:402)
	at org.testng.SuiteRunner.runSequentially(SuiteRunner.java:396)
	at org.testng.SuiteRunner.privateRun(SuiteRunner.java:355)
	at org.testng.SuiteRunner.run(SuiteRunner.java:304)
	at org.testng.SuiteRunnerWorker.runSuite(SuiteRunnerWorker.java:53)
	at org.testng.SuiteRunnerWorker.run(SuiteRunnerWorker.java:96)
	at org.testng.TestNG.runSuitesSequentially(TestNG.java:1180)
	at org.testng.TestNG.runSuitesLocally(TestNG.java:1102)
	at org.testng.TestNG.runSuites(TestNG.java:1032)
	at org.testng.TestNG.run(TestNG.java:1000)
	at org.apache.maven.surefire.testng.TestNGExecutor.run(TestNGExecutor.java:283)
	at org.apache.maven.surefire.testng.TestNGXmlTestSuite.execute(TestNGXmlTestSuite.java:75)
	at org.apache.maven.surefire.testng.TestNGProvider.invoke(TestNGProvider.java:120)
	at org.apache.maven.surefire.booter.ForkedBooter.invokeProviderInSameClassLoader(ForkedBooter.java:384)
	at org.apache.maven.surefire.booter.ForkedBooter.runSuitesInProcess(ForkedBooter.java:345)
	at org.apache.maven.surefire.booter.ForkedBooter.execute(ForkedBooter.java:126)
	at org.apache.maven.surefire.booter.ForkedBooter.main(ForkedBooter.java:418)
Caused by: org.openqa.selenium.NoSuchElementException: no such element: Unable to locate element: {"method":"xpath","selector":"//a[@class='search-close ng-star-inserted']//img"}
  (Session info: headless chrome=89.0.4389.82)
For documentation on this error, please visit: https://www.seleniumhq.org/exceptions/no_such_element.html
Build info: version: '4.0.0-alpha-3', revision: '8c567de6dc'
System info: host: 'LT2394650', ip: '172.23.64.219', os.name: 'Windows 10', os.arch: 'amd64', os.version: '10.0', java.version: '1.8.0_231'
Driver info: org.openqa.selenium.chrome.ChromeDriver
Capabilities {acceptInsecureCerts: true, browserName: chrome, browserVersion: 89.0.4389.82, chrome: {chromedriverVersion: 89.0.4389.23 (61b08ee2c5002..., userDataDir: C:\Users\2394650\AppData\Lo...}, goog:chromeOptions: {debuggerAddress: localhost:61999}, javascriptEnabled: true, networkConnectionEnabled: false, pageLoadStrategy: normal, platform: WINDOWS, platformName: WINDOWS, proxy: Proxy(), setWindowRect: true, strictFileInteractability: false, timeouts: {implicit: 0, pageLoad: 300000, script: 30000}, unhandledPromptBehavior: dismiss and notify, webauthn:extension:largeBlob: true, webauthn:virtualAuthenticators: true}
Session ID: 22ec530818c8240b8b3a5234bfb19207
*** Element info: {Using=xpath, value=//a[@class='search-close ng-star-inserted']//img}
	at sun.reflect.GeneratedConstructorAccessor63.newInstance(Unknown Source)
	at sun.reflect.DelegatingConstructorAccessorImpl.newInstance(DelegatingConstructorAccessorImpl.java:45)
	at java.lang.reflect.Constructor.newInstance(Constructor.java:423)
	at org.openqa.selenium.remote.codec.w3c.W3CHttpResponseCodec.createException(W3CHttpResponseCodec.java:191)
	at org.openqa.selenium.remote.codec.w3c.W3CHttpResponseCodec.decode(W3CHttpResponseCodec.java:125)
	at org.openqa.selenium.remote.codec.w3c.W3CHttpResponseCodec.decode(W3CHttpResponseCodec.java:52)
	at org.openqa.selenium.remote.HttpCommandExecutor.execute(HttpCommandExecutor.java:161)
	at org.openqa.selenium.remote.service.DriverCommandExecutor.execute(DriverCommandExecutor.java:83)
	at org.openqa.selenium.remote.RemoteWebDriver.execute(RemoteWebDriver.java:576)
	at org.openqa.selenium.remote.RemoteWebDriver.findElement(RemoteWebDriver.java:327)
	at org.openqa.selenium.remote.RemoteWebDriver.findElementByXPath(RemoteWebDriver.java:445)
	at org.openqa.selenium.By$ByXPath.findElement(By.java:396)
	at org.openqa.selenium.remote.RemoteWebDriver.findElement(RemoteWebDriver.java:319)
	at org.openqa.selenium.support.ui.ExpectedConditions$7.apply(ExpectedConditions.java:205)
	at org.openqa.selenium.support.ui.ExpectedConditions$7.apply(ExpectedConditions.java:201)
	at org.openqa.selenium.support.ui.ExpectedConditions$22.apply(ExpectedConditions.java:641)
	at org.openqa.selenium.support.ui.ExpectedConditions$22.apply(ExpectedConditions.java:638)
	at org.openqa.selenium.support.ui.FluentWait.until(FluentWait.java:211)
	... 35 more

]]></system-out>
  </testcase>
  <testcase name="validateNFTRIssue" classname="tests.FrontendAgentTicketTest" time="21.921">
    <failure message="No NFTR issue found in interaction history tab did not expect to find [true] but found [false]" type="java.lang.AssertionError">java.lang.AssertionError: No NFTR issue found in interaction history tab did not expect to find [true] but found [false]
	at tests.FrontendAgentTicketTest.validateNFTRIssue(FrontendAgentTicketTest.java:73)
</failure>
    <system-out><![CDATA[16:42:46.156 I am in onTestStart method validateNFTRIssue start
16:42:46.417 [main] INFO  pages.BasePage(73) - Clicking on elementBy.xpath: //*[contains(text(),"VIEW HISTORY")]
16:42:46.417 [main] INFO  pages.customerInteractionPagePOM(117) - Clicking on View History
16:42:46.441 [main] INFO  pages.viewHistoryPOM(28) - Clicking on Interactions Tab under view history 
16:42:46.441 [main] INFO  pages.BasePage(321) - Waiting for loader to be removed
16:42:51.488 [main] INFO  pages.BasePage(321) - Loader Removed
16:42:51.730 [main] INFO  pages.BasePage(73) - Clicking on elementBy.xpath: //div[@class="mat-tab-label-content" and contains(text(),"Interaction")]
16:42:51.730 [main] INFO  pages.BasePage(321) - Waiting for loader to be removed
16:43:02.438 [main] INFO  pages.BasePage(321) - Loader Removed
16:43:07.517 [main] INFO  pages.viewHistoryPOM(88) - Something went wrong
16:43:07.517 I am in on TestFailure method validateNFTRIssue failed
java.lang.AssertionError: No NFTR issue found in interaction history tab did not expect to find [true] but found [false]
	at org.testng.Assert.fail(Assert.java:97)
	at org.testng.Assert.failNotEquals(Assert.java:969)
	at org.testng.Assert.assertTrue(Assert.java:43)
	at tests.FrontendAgentTicketTest.validateNFTRIssue(FrontendAgentTicketTest.java:73)
	at sun.reflect.NativeMethodAccessorImpl.invoke0(Native Method)
	at sun.reflect.NativeMethodAccessorImpl.invoke(NativeMethodAccessorImpl.java:62)
	at sun.reflect.DelegatingMethodAccessorImpl.invoke(DelegatingMethodAccessorImpl.java:43)
	at java.lang.reflect.Method.invoke(Method.java:498)
	at org.testng.internal.MethodInvocationHelper.invokeMethod(MethodInvocationHelper.java:133)
	at org.testng.internal.TestInvoker.invokeMethod(TestInvoker.java:584)
	at org.testng.internal.TestInvoker.invokeTestMethod(TestInvoker.java:172)
	at org.testng.internal.MethodRunner.runInSequence(MethodRunner.java:46)
	at org.testng.internal.TestInvoker$MethodInvocationAgent.invoke(TestInvoker.java:804)
	at org.testng.internal.TestInvoker.invokeTestMethods(TestInvoker.java:145)
	at org.testng.internal.TestMethodWorker.invokeTestMethods(TestMethodWorker.java:146)
	at org.testng.internal.TestMethodWorker.run(TestMethodWorker.java:128)
	at java.util.ArrayList.forEach(ArrayList.java:1257)
	at org.testng.TestRunner.privateRun(TestRunner.java:770)
	at org.testng.TestRunner.run(TestRunner.java:591)
	at org.testng.SuiteRunner.runTest(SuiteRunner.java:402)
	at org.testng.SuiteRunner.runSequentially(SuiteRunner.java:396)
	at org.testng.SuiteRunner.privateRun(SuiteRunner.java:355)
	at org.testng.SuiteRunner.run(SuiteRunner.java:304)
	at org.testng.SuiteRunnerWorker.runSuite(SuiteRunnerWorker.java:53)
	at org.testng.SuiteRunnerWorker.run(SuiteRunnerWorker.java:96)
	at org.testng.TestNG.runSuitesSequentially(TestNG.java:1180)
	at org.testng.TestNG.runSuitesLocally(TestNG.java:1102)
	at org.testng.TestNG.runSuites(TestNG.java:1032)
	at org.testng.TestNG.run(TestNG.java:1000)
	at org.apache.maven.surefire.testng.TestNGExecutor.run(TestNGExecutor.java:283)
	at org.apache.maven.surefire.testng.TestNGXmlTestSuite.execute(TestNGXmlTestSuite.java:75)
	at org.apache.maven.surefire.testng.TestNGProvider.invoke(TestNGProvider.java:120)
	at org.apache.maven.surefire.booter.ForkedBooter.invokeProviderInSameClassLoader(ForkedBooter.java:384)
	at org.apache.maven.surefire.booter.ForkedBooter.runSuitesInProcess(ForkedBooter.java:345)
	at org.apache.maven.surefire.booter.ForkedBooter.execute(ForkedBooter.java:126)
	at org.apache.maven.surefire.booter.ForkedBooter.main(ForkedBooter.java:418)

]]></system-out>
    <system-err><![CDATA[org.openqa.selenium.NoSuchElementException: no such element: Unable to locate element: {"method":"xpath","selector":"//table[@id="fetchInteractionByCustomer"]//tbody//tr[1]//td[9]//span[2]//span[1]"}
  (Session info: headless chrome=89.0.4389.82)
For documentation on this error, please visit: https://www.seleniumhq.org/exceptions/no_such_element.html
Build info: version: '4.0.0-alpha-3', revision: '8c567de6dc'
System info: host: 'LT2394650', ip: '172.23.64.219', os.name: 'Windows 10', os.arch: 'amd64', os.version: '10.0', java.version: '1.8.0_231'
Driver info: org.openqa.selenium.chrome.ChromeDriver
Capabilities {acceptInsecureCerts: true, browserName: chrome, browserVersion: 89.0.4389.82, chrome: {chromedriverVersion: 89.0.4389.23 (61b08ee2c5002..., userDataDir: C:\Users\2394650\AppData\Lo...}, goog:chromeOptions: {debuggerAddress: localhost:61999}, javascriptEnabled: true, networkConnectionEnabled: false, pageLoadStrategy: normal, platform: WINDOWS, platformName: WINDOWS, proxy: Proxy(), setWindowRect: true, strictFileInteractability: false, timeouts: {implicit: 0, pageLoad: 300000, script: 30000}, unhandledPromptBehavior: dismiss and notify, webauthn:extension:largeBlob: true, webauthn:virtualAuthenticators: true}
Session ID: 22ec530818c8240b8b3a5234bfb19207
*** Element info: {Using=xpath, value=//table[@id="fetchInteractionByCustomer"]//tbody//tr[1]//td[9]//span[2]//span[1]}
	at sun.reflect.GeneratedConstructorAccessor63.newInstance(Unknown Source)
	at sun.reflect.DelegatingConstructorAccessorImpl.newInstance(DelegatingConstructorAccessorImpl.java:45)
	at java.lang.reflect.Constructor.newInstance(Constructor.java:423)
	at org.openqa.selenium.remote.codec.w3c.W3CHttpResponseCodec.createException(W3CHttpResponseCodec.java:191)
	at org.openqa.selenium.remote.codec.w3c.W3CHttpResponseCodec.decode(W3CHttpResponseCodec.java:125)
	at org.openqa.selenium.remote.codec.w3c.W3CHttpResponseCodec.decode(W3CHttpResponseCodec.java:52)
	at org.openqa.selenium.remote.HttpCommandExecutor.execute(HttpCommandExecutor.java:161)
	at org.openqa.selenium.remote.service.DriverCommandExecutor.execute(DriverCommandExecutor.java:83)
	at org.openqa.selenium.remote.RemoteWebDriver.execute(RemoteWebDriver.java:576)
	at org.openqa.selenium.remote.RemoteWebDriver.findElement(RemoteWebDriver.java:327)
	at org.openqa.selenium.remote.RemoteWebDriver.findElementByXPath(RemoteWebDriver.java:445)
	at org.openqa.selenium.By$ByXPath.findElement(By.java:396)
	at org.openqa.selenium.remote.RemoteWebDriver.findElement(RemoteWebDriver.java:319)
	at pages.viewHistoryPOM.nftrIssueValue(viewHistoryPOM.java:64)
	at pages.viewHistoryPOM.clickOnTicketIcon(viewHistoryPOM.java:80)
	at tests.FrontendAgentTicketTest.validateNFTRIssue(FrontendAgentTicketTest.java:73)
	at sun.reflect.NativeMethodAccessorImpl.invoke0(Native Method)
	at sun.reflect.NativeMethodAccessorImpl.invoke(NativeMethodAccessorImpl.java:62)
	at sun.reflect.DelegatingMethodAccessorImpl.invoke(DelegatingMethodAccessorImpl.java:43)
	at java.lang.reflect.Method.invoke(Method.java:498)
	at org.testng.internal.MethodInvocationHelper.invokeMethod(MethodInvocationHelper.java:133)
	at org.testng.internal.TestInvoker.invokeMethod(TestInvoker.java:584)
	at org.testng.internal.TestInvoker.invokeTestMethod(TestInvoker.java:172)
	at org.testng.internal.MethodRunner.runInSequence(MethodRunner.java:46)
	at org.testng.internal.TestInvoker$MethodInvocationAgent.invoke(TestInvoker.java:804)
	at org.testng.internal.TestInvoker.invokeTestMethods(TestInvoker.java:145)
	at org.testng.internal.TestMethodWorker.invokeTestMethods(TestMethodWorker.java:146)
	at org.testng.internal.TestMethodWorker.run(TestMethodWorker.java:128)
	at java.util.ArrayList.forEach(ArrayList.java:1257)
	at org.testng.TestRunner.privateRun(TestRunner.java:770)
	at org.testng.TestRunner.run(TestRunner.java:591)
	at org.testng.SuiteRunner.runTest(SuiteRunner.java:402)
	at org.testng.SuiteRunner.runSequentially(SuiteRunner.java:396)
	at org.testng.SuiteRunner.privateRun(SuiteRunner.java:355)
	at org.testng.SuiteRunner.run(SuiteRunner.java:304)
	at org.testng.SuiteRunnerWorker.runSuite(SuiteRunnerWorker.java:53)
	at org.testng.SuiteRunnerWorker.run(SuiteRunnerWorker.java:96)
	at org.testng.TestNG.runSuitesSequentially(TestNG.java:1180)
	at org.testng.TestNG.runSuitesLocally(TestNG.java:1102)
	at org.testng.TestNG.runSuites(TestNG.java:1032)
	at org.testng.TestNG.run(TestNG.java:1000)
	at org.apache.maven.surefire.testng.TestNGExecutor.run(TestNGExecutor.java:283)
	at org.apache.maven.surefire.testng.TestNGXmlTestSuite.execute(TestNGXmlTestSuite.java:75)
	at org.apache.maven.surefire.testng.TestNGProvider.invoke(TestNGProvider.java:120)
	at org.apache.maven.surefire.booter.ForkedBooter.invokeProviderInSameClassLoader(ForkedBooter.java:384)
	at org.apache.maven.surefire.booter.ForkedBooter.runSuitesInProcess(ForkedBooter.java:345)
	at org.apache.maven.surefire.booter.ForkedBooter.execute(ForkedBooter.java:126)
	at org.apache.maven.surefire.booter.ForkedBooter.main(ForkedBooter.java:418)
]]></system-err>
  </testcase>
  <testcase name="validateSendSMSTab" classname="tests.FrontendAgentTicketTest" time="21.155"/>
  <testcase name="Logout" classname="tests.LogoutTest" time="28.896"/>
</testsuite>