<?xml version="1.0" encoding="UTF-8"?>
<testsuite xmlns:xsi="http://www.w3.org/2001/XMLSchema-instance" xsi:noNamespaceSchemaLocation="https://maven.apache.org/surefire/maven-surefire-plugin/xsd/surefire-test-report-3.0.xsd" version="3.0" name="TestSuite" time="326.485" tests="260" errors="0" skipped="219" failures="41">
  <properties>
    <property name="sun.desktop" value="windows"/>
    <property name="awt.toolkit" value="sun.awt.windows.WToolkit"/>
    <property name="file.encoding.pkg" value="sun.io"/>
    <property name="java.specification.version" value="1.8"/>
    <property name="sun.cpu.isalist" value="amd64"/>
    <property name="sun.jnu.encoding" value="Cp1252"/>
    <property name="Opco" value="MW"/>
    <property name="java.class.path" value="C:\Users\2394650\IdeaProjects\cs-portal-automation_selenium1\target\test-classes;C:\Users\2394650\IdeaProjects\cs-portal-automation_selenium1\target\classes;C:\Users\2394650\.m2\repository\org\seleniumhq\selenium\selenium-java\4.0.0-alpha-3\selenium-java-4.0.0-alpha-3.jar;C:\Users\2394650\.m2\repository\org\seleniumhq\selenium\selenium-api\4.0.0-alpha-3\selenium-api-4.0.0-alpha-3.jar;C:\Users\2394650\.m2\repository\org\seleniumhq\selenium\selenium-chrome-driver\4.0.0-alpha-3\selenium-chrome-driver-4.0.0-alpha-3.jar;C:\Users\2394650\.m2\repository\com\google\guava\guava\27.1-jre\guava-27.1-jre.jar;C:\Users\2394650\.m2\repository\com\google\guava\failureaccess\1.0.1\failureaccess-1.0.1.jar;C:\Users\2394650\.m2\repository\com\google\guava\listenablefuture\9999.0-empty-to-avoid-conflict-with-guava\listenablefuture-9999.0-empty-to-avoid-conflict-with-guava.jar;C:\Users\2394650\.m2\repository\org\checkerframework\checker-qual\2.5.2\checker-qual-2.5.2.jar;C:\Users\2394650\.m2\repository\com\google\errorprone\error_prone_annotations\2.2.0\error_prone_annotations-2.2.0.jar;C:\Users\2394650\.m2\repository\com\google\j2objc\j2objc-annotations\1.1\j2objc-annotations-1.1.jar;C:\Users\2394650\.m2\repository\org\codehaus\mojo\animal-sniffer-annotations\1.17\animal-sniffer-annotations-1.17.jar;C:\Users\2394650\.m2\repository\org\seleniumhq\selenium\selenium-chromium-driver\4.0.0-alpha-3\selenium-chromium-driver-4.0.0-alpha-3.jar;C:\Users\2394650\.m2\repository\org\seleniumhq\selenium\selenium-devtools\4.0.0-alpha-3\selenium-devtools-4.0.0-alpha-3.jar;C:\Users\2394650\.m2\repository\org\seleniumhq\selenium\selenium-http\4.0.0-alpha-3\selenium-http-4.0.0-alpha-3.jar;C:\Users\2394650\.m2\repository\org\seleniumhq\selenium\selenium-json\4.0.0-alpha-3\selenium-json-4.0.0-alpha-3.jar;C:\Users\2394650\.m2\repository\org\seleniumhq\selenium\selenium-edge-driver\4.0.0-alpha-3\selenium-edge-driver-4.0.0-alpha-3.jar;C:\Users\2394650\.m2\repository\org\seleniumhq\selenium\selenium-edgehtml-driver\4.0.0-alpha-3\selenium-edgehtml-driver-4.0.0-alpha-3.jar;C:\Users\2394650\.m2\repository\org\seleniumhq\selenium\selenium-firefox-driver\4.0.0-alpha-3\selenium-firefox-driver-4.0.0-alpha-3.jar;C:\Users\2394650\.m2\repository\org\seleniumhq\selenium\selenium-firefox-xpi-driver\4.0.0-alpha-3\selenium-firefox-xpi-driver-4.0.0-alpha-3.jar;C:\Users\2394650\.m2\repository\org\seleniumhq\selenium\selenium-ie-driver\4.0.0-alpha-3\selenium-ie-driver-4.0.0-alpha-3.jar;C:\Users\2394650\.m2\repository\org\seleniumhq\selenium\selenium-opera-driver\4.0.0-alpha-3\selenium-opera-driver-4.0.0-alpha-3.jar;C:\Users\2394650\.m2\repository\org\seleniumhq\selenium\selenium-remote-driver\4.0.0-alpha-3\selenium-remote-driver-4.0.0-alpha-3.jar;C:\Users\2394650\.m2\repository\com\squareup\okhttp3\okhttp\4.0.1\okhttp-4.0.1.jar;C:\Users\2394650\.m2\repository\com\squareup\okio\okio\2.2.2\okio-2.2.2.jar;C:\Users\2394650\.m2\repository\org\jetbrains\kotlin\kotlin-stdlib\1.3.40\kotlin-stdlib-1.3.40.jar;C:\Users\2394650\.m2\repository\org\jetbrains\kotlin\kotlin-stdlib-common\1.3.40\kotlin-stdlib-common-1.3.40.jar;C:\Users\2394650\.m2\repository\org\jetbrains\annotations\13.0\annotations-13.0.jar;C:\Users\2394650\.m2\repository\io\opentracing\opentracing-api\0.33.0\opentracing-api-0.33.0.jar;C:\Users\2394650\.m2\repository\net\bytebuddy\byte-buddy\1.9.12\byte-buddy-1.9.12.jar;C:\Users\2394650\.m2\repository\org\apache\commons\commons-exec\1.3\commons-exec-1.3.jar;C:\Users\2394650\.m2\repository\org\seleniumhq\selenium\selenium-safari-driver\4.0.0-alpha-3\selenium-safari-driver-4.0.0-alpha-3.jar;C:\Users\2394650\.m2\repository\org\seleniumhq\selenium\selenium-support\4.0.0-alpha-3\selenium-support-4.0.0-alpha-3.jar;C:\Users\2394650\.m2\repository\org\hamcrest\java-hamcrest\2.0.0.0\java-hamcrest-2.0.0.0.jar;C:\Users\2394650\.m2\repository\commons-cli\commons-cli\1.4\commons-cli-1.4.jar;C:\Users\2394650\.m2\repository\com\fasterxml\jackson\core\jackson-core\2.10.2\jackson-core-2.10.2.jar;C:\Users\2394650\.m2\repository\com\fasterxml\jackson\core\jackson-databind\2.9.8\jackson-databind-2.9.8.jar;C:\Users\2394650\.m2\repository\com\fasterxml\jackson\core\jackson-annotations\2.9.0\jackson-annotations-2.9.0.jar;C:\Users\2394650\.m2\repository\org\hamcrest\hamcrest-all\1.3\hamcrest-all-1.3.jar;C:\Users\2394650\.m2\repository\org\hamcrest\hamcrest\2.2\hamcrest-2.2.jar;C:\Users\2394650\.m2\repository\io\rest-assured\rest-assured\3.3.0\rest-assured-3.3.0.jar;C:\Users\2394650\.m2\repository\org\codehaus\groovy\groovy\2.4.15\groovy-2.4.15.jar;C:\Users\2394650\.m2\repository\org\codehaus\groovy\groovy-xml\2.4.15\groovy-xml-2.4.15.jar;C:\Users\2394650\.m2\repository\org\apache\httpcomponents\httpclient\4.5.3\httpclient-4.5.3.jar;C:\Users\2394650\.m2\repository\org\apache\httpcomponents\httpcore\4.4.6\httpcore-4.4.6.jar;C:\Users\2394650\.m2\repository\commons-logging\commons-logging\1.2\commons-logging-1.2.jar;C:\Users\2394650\.m2\repository\commons-codec\commons-codec\1.9\commons-codec-1.9.jar;C:\Users\2394650\.m2\repository\org\apache\httpcomponents\httpmime\4.5.3\httpmime-4.5.3.jar;C:\Users\2394650\.m2\repository\org\hamcrest\hamcrest-core\1.3\hamcrest-core-1.3.jar;C:\Users\2394650\.m2\repository\org\hamcrest\hamcrest-library\1.3\hamcrest-library-1.3.jar;C:\Users\2394650\.m2\repository\org\ccil\cowan\tagsoup\tagsoup\1.2.1\tagsoup-1.2.1.jar;C:\Users\2394650\.m2\repository\io\rest-assured\xml-path\3.3.0\xml-path-3.3.0.jar;C:\Users\2394650\.m2\repository\javax\xml\bind\jaxb-api\2.2.12\jaxb-api-2.2.12.jar;C:\Users\2394650\.m2\repository\com\sun\xml\bind\jaxb-osgi\2.2.10\jaxb-osgi-2.2.10.jar;C:\Users\2394650\.m2\repository\org\apache\sling\org.apache.sling.javax.activation\0.1.0\org.apache.sling.javax.activation-0.1.0.jar;C:\Users\2394650\.m2\repository\javax\activation\activation\1.1.1\activation-1.1.1.jar;C:\Users\2394650\.m2\repository\io\rest-assured\json-path\4.2.0\json-path-4.2.0.jar;C:\Users\2394650\.m2\repository\org\codehaus\groovy\groovy-json\2.5.8\groovy-json-2.5.8.jar;C:\Users\2394650\.m2\repository\io\rest-assured\rest-assured-common\4.2.0\rest-assured-common-4.2.0.jar;C:\Users\2394650\.m2\repository\commons-io\commons-io\2.6\commons-io-2.6.jar;C:\Users\2394650\.m2\repository\io\rest-assured\json-schema-validator\4.2.0\json-schema-validator-4.2.0.jar;C:\Users\2394650\.m2\repository\com\github\java-json-tools\json-schema-validator\2.2.10\json-schema-validator-2.2.10.jar;C:\Users\2394650\.m2\repository\com\github\java-json-tools\json-schema-core\1.2.10\json-schema-core-1.2.10.jar;C:\Users\2394650\.m2\repository\com\github\java-json-tools\jackson-coreutils\1.9\jackson-coreutils-1.9.jar;C:\Users\2394650\.m2\repository\com\github\fge\msg-simple\1.1\msg-simple-1.1.jar;C:\Users\2394650\.m2\repository\com\github\fge\btf\1.2\btf-1.2.jar;C:\Users\2394650\.m2\repository\com\github\fge\uri-template\0.9\uri-template-0.9.jar;C:\Users\2394650\.m2\repository\org\mozilla\rhino\1.7.7.1\rhino-1.7.7.1.jar;C:\Users\2394650\.m2\repository\javax\mail\mailapi\1.4.3\mailapi-1.4.3.jar;C:\Users\2394650\.m2\repository\joda-time\joda-time\2.9.7\joda-time-2.9.7.jar;C:\Users\2394650\.m2\repository\com\googlecode\libphonenumber\libphonenumber\8.0.0\libphonenumber-8.0.0.jar;C:\Users\2394650\.m2\repository\com\google\code\findbugs\jsr305\3.0.1\jsr305-3.0.1.jar;C:\Users\2394650\.m2\repository\net\sf\jopt-simple\jopt-simple\5.0.3\jopt-simple-5.0.3.jar;C:\Users\2394650\.m2\repository\org\codehaus\jackson\jackson-core-asl\1.9.13\jackson-core-asl-1.9.13.jar;C:\Users\2394650\.m2\repository\org\codehaus\jackson\jackson-mapper-lgpl\1.9.13\jackson-mapper-lgpl-1.9.13.jar;C:\Users\2394650\.m2\repository\org\codehaus\jackson\jackson-core-lgpl\1.9.13\jackson-core-lgpl-1.9.13.jar;C:\Users\2394650\.m2\repository\org\testng\testng\7.0.0\testng-7.0.0.jar;C:\Users\2394650\.m2\repository\com\beust\jcommander\1.72\jcommander-1.72.jar;C:\Users\2394650\.m2\repository\org\apache\logging\log4j\log4j-api\2.13.3\log4j-api-2.13.3.jar;C:\Users\2394650\.m2\repository\org\apache\logging\log4j\log4j-core\2.13.3\log4j-core-2.13.3.jar;C:\Users\2394650\.m2\repository\org\apache\commons\commons-lang3\3.9\commons-lang3-3.9.jar;C:\Users\2394650\.m2\repository\org\apache\poi\poi-ooxml\4.1.0\poi-ooxml-4.1.0.jar;C:\Users\2394650\.m2\repository\org\apache\poi\poi\4.1.0\poi-4.1.0.jar;C:\Users\2394650\.m2\repository\org\apache\commons\commons-collections4\4.3\commons-collections4-4.3.jar;C:\Users\2394650\.m2\repository\org\apache\commons\commons-math3\3.6.1\commons-math3-3.6.1.jar;C:\Users\2394650\.m2\repository\org\apache\poi\poi-ooxml-schemas\4.1.0\poi-ooxml-schemas-4.1.0.jar;C:\Users\2394650\.m2\repository\org\apache\xmlbeans\xmlbeans\3.1.0\xmlbeans-3.1.0.jar;C:\Users\2394650\.m2\repository\org\apache\commons\commons-compress\1.18\commons-compress-1.18.jar;C:\Users\2394650\.m2\repository\com\github\virtuald\curvesapi\1.06\curvesapi-1.06.jar;C:\Users\2394650\.m2\repository\org\projectlombok\lombok\1.18.12\lombok-1.18.12.jar;C:\Users\2394650\.m2\repository\com\relevantcodes\extentreports\2.41.2\extentreports-2.41.2.jar;C:\Users\2394650\.m2\repository\org\jsoup\jsoup\1.8.3\jsoup-1.8.3.jar;C:\Users\2394650\.m2\repository\org\xerial\sqlite-jdbc\3.8.11.1\sqlite-jdbc-3.8.11.1.jar;C:\Users\2394650\.m2\repository\org\freemarker\freemarker\2.3.23\freemarker-2.3.23.jar;C:\Users\2394650\.m2\repository\org\mongodb\mongodb-driver\3.0.4\mongodb-driver-3.0.4.jar;C:\Users\2394650\.m2\repository\org\mongodb\bson\3.0.4\bson-3.0.4.jar;C:\Users\2394650\.m2\repository\org\mongodb\mongodb-driver-core\3.0.4\mongodb-driver-core-3.0.4.jar;C:\Users\2394650\.m2\repository\io\github\bonigarcia\webdrivermanager\4.2.2\webdrivermanager-4.2.2.jar;C:\Users\2394650\.m2\repository\org\slf4j\slf4j-api\1.7.30\slf4j-api-1.7.30.jar;C:\Users\2394650\.m2\repository\com\google\code\gson\gson\2.8.6\gson-2.8.6.jar;C:\Users\2394650\.m2\repository\org\apache\httpcomponents\client5\httpclient5\5.0.1\httpclient5-5.0.1.jar;C:\Users\2394650\.m2\repository\org\apache\httpcomponents\core5\httpcore5\5.0.1\httpcore5-5.0.1.jar;C:\Users\2394650\.m2\repository\org\apache\httpcomponents\core5\httpcore5-h2\5.0.1\httpcore5-h2-5.0.1.jar;C:\Users\2394650\.m2\repository\org\rauschig\jarchivelib\1.1.0\jarchivelib-1.1.0.jar;"/>
    <property name="java.vm.vendor" value="Oracle Corporation"/>
    <property name="sun.arch.data.model" value="64"/>
    <property name="user.variant" value=""/>
    <property name="java.vendor.url" value="http://java.oracle.com/"/>
    <property name="user.timezone" value="Asia/Calcutta"/>
    <property name="java.vm.specification.version" value="1.8"/>
    <property name="os.name" value="Windows 10"/>
    <property name="user.country" value="US"/>
    <property name="sun.java.launcher" value="SUN_STANDARD"/>
    <property name="sun.boot.library.path" value="C:\Program Files\Java\jdk1.8.0_231\jre\bin"/>
    <property name="sun.java.command" value="C:\Users\2394650\AppData\Local\Temp\surefire3490353243006952453\surefirebooter6852806240642558998.jar C:\Users\2394650\AppData\Local\Temp\surefire3490353243006952453 2021-03-21T02-41-30_812-jvmRun1 surefire7916964447372771771tmp surefire_01008672605995283472tmp"/>
    <property name="surefire.test.class.path" value="C:\Users\2394650\IdeaProjects\cs-portal-automation_selenium1\target\test-classes;C:\Users\2394650\IdeaProjects\cs-portal-automation_selenium1\target\classes;C:\Users\2394650\.m2\repository\org\seleniumhq\selenium\selenium-java\4.0.0-alpha-3\selenium-java-4.0.0-alpha-3.jar;C:\Users\2394650\.m2\repository\org\seleniumhq\selenium\selenium-api\4.0.0-alpha-3\selenium-api-4.0.0-alpha-3.jar;C:\Users\2394650\.m2\repository\org\seleniumhq\selenium\selenium-chrome-driver\4.0.0-alpha-3\selenium-chrome-driver-4.0.0-alpha-3.jar;C:\Users\2394650\.m2\repository\com\google\guava\guava\27.1-jre\guava-27.1-jre.jar;C:\Users\2394650\.m2\repository\com\google\guava\failureaccess\1.0.1\failureaccess-1.0.1.jar;C:\Users\2394650\.m2\repository\com\google\guava\listenablefuture\9999.0-empty-to-avoid-conflict-with-guava\listenablefuture-9999.0-empty-to-avoid-conflict-with-guava.jar;C:\Users\2394650\.m2\repository\org\checkerframework\checker-qual\2.5.2\checker-qual-2.5.2.jar;C:\Users\2394650\.m2\repository\com\google\errorprone\error_prone_annotations\2.2.0\error_prone_annotations-2.2.0.jar;C:\Users\2394650\.m2\repository\com\google\j2objc\j2objc-annotations\1.1\j2objc-annotations-1.1.jar;C:\Users\2394650\.m2\repository\org\codehaus\mojo\animal-sniffer-annotations\1.17\animal-sniffer-annotations-1.17.jar;C:\Users\2394650\.m2\repository\org\seleniumhq\selenium\selenium-chromium-driver\4.0.0-alpha-3\selenium-chromium-driver-4.0.0-alpha-3.jar;C:\Users\2394650\.m2\repository\org\seleniumhq\selenium\selenium-devtools\4.0.0-alpha-3\selenium-devtools-4.0.0-alpha-3.jar;C:\Users\2394650\.m2\repository\org\seleniumhq\selenium\selenium-http\4.0.0-alpha-3\selenium-http-4.0.0-alpha-3.jar;C:\Users\2394650\.m2\repository\org\seleniumhq\selenium\selenium-json\4.0.0-alpha-3\selenium-json-4.0.0-alpha-3.jar;C:\Users\2394650\.m2\repository\org\seleniumhq\selenium\selenium-edge-driver\4.0.0-alpha-3\selenium-edge-driver-4.0.0-alpha-3.jar;C:\Users\2394650\.m2\repository\org\seleniumhq\selenium\selenium-edgehtml-driver\4.0.0-alpha-3\selenium-edgehtml-driver-4.0.0-alpha-3.jar;C:\Users\2394650\.m2\repository\org\seleniumhq\selenium\selenium-firefox-driver\4.0.0-alpha-3\selenium-firefox-driver-4.0.0-alpha-3.jar;C:\Users\2394650\.m2\repository\org\seleniumhq\selenium\selenium-firefox-xpi-driver\4.0.0-alpha-3\selenium-firefox-xpi-driver-4.0.0-alpha-3.jar;C:\Users\2394650\.m2\repository\org\seleniumhq\selenium\selenium-ie-driver\4.0.0-alpha-3\selenium-ie-driver-4.0.0-alpha-3.jar;C:\Users\2394650\.m2\repository\org\seleniumhq\selenium\selenium-opera-driver\4.0.0-alpha-3\selenium-opera-driver-4.0.0-alpha-3.jar;C:\Users\2394650\.m2\repository\org\seleniumhq\selenium\selenium-remote-driver\4.0.0-alpha-3\selenium-remote-driver-4.0.0-alpha-3.jar;C:\Users\2394650\.m2\repository\com\squareup\okhttp3\okhttp\4.0.1\okhttp-4.0.1.jar;C:\Users\2394650\.m2\repository\com\squareup\okio\okio\2.2.2\okio-2.2.2.jar;C:\Users\2394650\.m2\repository\org\jetbrains\kotlin\kotlin-stdlib\1.3.40\kotlin-stdlib-1.3.40.jar;C:\Users\2394650\.m2\repository\org\jetbrains\kotlin\kotlin-stdlib-common\1.3.40\kotlin-stdlib-common-1.3.40.jar;C:\Users\2394650\.m2\repository\org\jetbrains\annotations\13.0\annotations-13.0.jar;C:\Users\2394650\.m2\repository\io\opentracing\opentracing-api\0.33.0\opentracing-api-0.33.0.jar;C:\Users\2394650\.m2\repository\net\bytebuddy\byte-buddy\1.9.12\byte-buddy-1.9.12.jar;C:\Users\2394650\.m2\repository\org\apache\commons\commons-exec\1.3\commons-exec-1.3.jar;C:\Users\2394650\.m2\repository\org\seleniumhq\selenium\selenium-safari-driver\4.0.0-alpha-3\selenium-safari-driver-4.0.0-alpha-3.jar;C:\Users\2394650\.m2\repository\org\seleniumhq\selenium\selenium-support\4.0.0-alpha-3\selenium-support-4.0.0-alpha-3.jar;C:\Users\2394650\.m2\repository\org\hamcrest\java-hamcrest\2.0.0.0\java-hamcrest-2.0.0.0.jar;C:\Users\2394650\.m2\repository\commons-cli\commons-cli\1.4\commons-cli-1.4.jar;C:\Users\2394650\.m2\repository\com\fasterxml\jackson\core\jackson-core\2.10.2\jackson-core-2.10.2.jar;C:\Users\2394650\.m2\repository\com\fasterxml\jackson\core\jackson-databind\2.9.8\jackson-databind-2.9.8.jar;C:\Users\2394650\.m2\repository\com\fasterxml\jackson\core\jackson-annotations\2.9.0\jackson-annotations-2.9.0.jar;C:\Users\2394650\.m2\repository\org\hamcrest\hamcrest-all\1.3\hamcrest-all-1.3.jar;C:\Users\2394650\.m2\repository\org\hamcrest\hamcrest\2.2\hamcrest-2.2.jar;C:\Users\2394650\.m2\repository\io\rest-assured\rest-assured\3.3.0\rest-assured-3.3.0.jar;C:\Users\2394650\.m2\repository\org\codehaus\groovy\groovy\2.4.15\groovy-2.4.15.jar;C:\Users\2394650\.m2\repository\org\codehaus\groovy\groovy-xml\2.4.15\groovy-xml-2.4.15.jar;C:\Users\2394650\.m2\repository\org\apache\httpcomponents\httpclient\4.5.3\httpclient-4.5.3.jar;C:\Users\2394650\.m2\repository\org\apache\httpcomponents\httpcore\4.4.6\httpcore-4.4.6.jar;C:\Users\2394650\.m2\repository\commons-logging\commons-logging\1.2\commons-logging-1.2.jar;C:\Users\2394650\.m2\repository\commons-codec\commons-codec\1.9\commons-codec-1.9.jar;C:\Users\2394650\.m2\repository\org\apache\httpcomponents\httpmime\4.5.3\httpmime-4.5.3.jar;C:\Users\2394650\.m2\repository\org\hamcrest\hamcrest-core\1.3\hamcrest-core-1.3.jar;C:\Users\2394650\.m2\repository\org\hamcrest\hamcrest-library\1.3\hamcrest-library-1.3.jar;C:\Users\2394650\.m2\repository\org\ccil\cowan\tagsoup\tagsoup\1.2.1\tagsoup-1.2.1.jar;C:\Users\2394650\.m2\repository\io\rest-assured\xml-path\3.3.0\xml-path-3.3.0.jar;C:\Users\2394650\.m2\repository\javax\xml\bind\jaxb-api\2.2.12\jaxb-api-2.2.12.jar;C:\Users\2394650\.m2\repository\com\sun\xml\bind\jaxb-osgi\2.2.10\jaxb-osgi-2.2.10.jar;C:\Users\2394650\.m2\repository\org\apache\sling\org.apache.sling.javax.activation\0.1.0\org.apache.sling.javax.activation-0.1.0.jar;C:\Users\2394650\.m2\repository\javax\activation\activation\1.1.1\activation-1.1.1.jar;C:\Users\2394650\.m2\repository\io\rest-assured\json-path\4.2.0\json-path-4.2.0.jar;C:\Users\2394650\.m2\repository\org\codehaus\groovy\groovy-json\2.5.8\groovy-json-2.5.8.jar;C:\Users\2394650\.m2\repository\io\rest-assured\rest-assured-common\4.2.0\rest-assured-common-4.2.0.jar;C:\Users\2394650\.m2\repository\commons-io\commons-io\2.6\commons-io-2.6.jar;C:\Users\2394650\.m2\repository\io\rest-assured\json-schema-validator\4.2.0\json-schema-validator-4.2.0.jar;C:\Users\2394650\.m2\repository\com\github\java-json-tools\json-schema-validator\2.2.10\json-schema-validator-2.2.10.jar;C:\Users\2394650\.m2\repository\com\github\java-json-tools\json-schema-core\1.2.10\json-schema-core-1.2.10.jar;C:\Users\2394650\.m2\repository\com\github\java-json-tools\jackson-coreutils\1.9\jackson-coreutils-1.9.jar;C:\Users\2394650\.m2\repository\com\github\fge\msg-simple\1.1\msg-simple-1.1.jar;C:\Users\2394650\.m2\repository\com\github\fge\btf\1.2\btf-1.2.jar;C:\Users\2394650\.m2\repository\com\github\fge\uri-template\0.9\uri-template-0.9.jar;C:\Users\2394650\.m2\repository\org\mozilla\rhino\1.7.7.1\rhino-1.7.7.1.jar;C:\Users\2394650\.m2\repository\javax\mail\mailapi\1.4.3\mailapi-1.4.3.jar;C:\Users\2394650\.m2\repository\joda-time\joda-time\2.9.7\joda-time-2.9.7.jar;C:\Users\2394650\.m2\repository\com\googlecode\libphonenumber\libphonenumber\8.0.0\libphonenumber-8.0.0.jar;C:\Users\2394650\.m2\repository\com\google\code\findbugs\jsr305\3.0.1\jsr305-3.0.1.jar;C:\Users\2394650\.m2\repository\net\sf\jopt-simple\jopt-simple\5.0.3\jopt-simple-5.0.3.jar;C:\Users\2394650\.m2\repository\org\codehaus\jackson\jackson-core-asl\1.9.13\jackson-core-asl-1.9.13.jar;C:\Users\2394650\.m2\repository\org\codehaus\jackson\jackson-mapper-lgpl\1.9.13\jackson-mapper-lgpl-1.9.13.jar;C:\Users\2394650\.m2\repository\org\codehaus\jackson\jackson-core-lgpl\1.9.13\jackson-core-lgpl-1.9.13.jar;C:\Users\2394650\.m2\repository\org\testng\testng\7.0.0\testng-7.0.0.jar;C:\Users\2394650\.m2\repository\com\beust\jcommander\1.72\jcommander-1.72.jar;C:\Users\2394650\.m2\repository\org\apache\logging\log4j\log4j-api\2.13.3\log4j-api-2.13.3.jar;C:\Users\2394650\.m2\repository\org\apache\logging\log4j\log4j-core\2.13.3\log4j-core-2.13.3.jar;C:\Users\2394650\.m2\repository\org\apache\commons\commons-lang3\3.9\commons-lang3-3.9.jar;C:\Users\2394650\.m2\repository\org\apache\poi\poi-ooxml\4.1.0\poi-ooxml-4.1.0.jar;C:\Users\2394650\.m2\repository\org\apache\poi\poi\4.1.0\poi-4.1.0.jar;C:\Users\2394650\.m2\repository\org\apache\commons\commons-collections4\4.3\commons-collections4-4.3.jar;C:\Users\2394650\.m2\repository\org\apache\commons\commons-math3\3.6.1\commons-math3-3.6.1.jar;C:\Users\2394650\.m2\repository\org\apache\poi\poi-ooxml-schemas\4.1.0\poi-ooxml-schemas-4.1.0.jar;C:\Users\2394650\.m2\repository\org\apache\xmlbeans\xmlbeans\3.1.0\xmlbeans-3.1.0.jar;C:\Users\2394650\.m2\repository\org\apache\commons\commons-compress\1.18\commons-compress-1.18.jar;C:\Users\2394650\.m2\repository\com\github\virtuald\curvesapi\1.06\curvesapi-1.06.jar;C:\Users\2394650\.m2\repository\org\projectlombok\lombok\1.18.12\lombok-1.18.12.jar;C:\Users\2394650\.m2\repository\com\relevantcodes\extentreports\2.41.2\extentreports-2.41.2.jar;C:\Users\2394650\.m2\repository\org\jsoup\jsoup\1.8.3\jsoup-1.8.3.jar;C:\Users\2394650\.m2\repository\org\xerial\sqlite-jdbc\3.8.11.1\sqlite-jdbc-3.8.11.1.jar;C:\Users\2394650\.m2\repository\org\freemarker\freemarker\2.3.23\freemarker-2.3.23.jar;C:\Users\2394650\.m2\repository\org\mongodb\mongodb-driver\3.0.4\mongodb-driver-3.0.4.jar;C:\Users\2394650\.m2\repository\org\mongodb\bson\3.0.4\bson-3.0.4.jar;C:\Users\2394650\.m2\repository\org\mongodb\mongodb-driver-core\3.0.4\mongodb-driver-core-3.0.4.jar;C:\Users\2394650\.m2\repository\io\github\bonigarcia\webdrivermanager\4.2.2\webdrivermanager-4.2.2.jar;C:\Users\2394650\.m2\repository\org\slf4j\slf4j-api\1.7.30\slf4j-api-1.7.30.jar;C:\Users\2394650\.m2\repository\com\google\code\gson\gson\2.8.6\gson-2.8.6.jar;C:\Users\2394650\.m2\repository\org\apache\httpcomponents\client5\httpclient5\5.0.1\httpclient5-5.0.1.jar;C:\Users\2394650\.m2\repository\org\apache\httpcomponents\core5\httpcore5\5.0.1\httpcore5-5.0.1.jar;C:\Users\2394650\.m2\repository\org\apache\httpcomponents\core5\httpcore5-h2\5.0.1\httpcore5-h2-5.0.1.jar;C:\Users\2394650\.m2\repository\org\rauschig\jarchivelib\1.1.0\jarchivelib-1.1.0.jar;"/>
    <property name="sun.cpu.endian" value="little"/>
    <property name="user.home" value="C:\Users\2394650"/>
    <property name="user.language" value="en"/>
    <property name="java.specification.vendor" value="Oracle Corporation"/>
    <property name="java.home" value="C:\Program Files\Java\jdk1.8.0_231\jre"/>
    <property name="basedir" value="C:\Users\2394650\IdeaProjects\cs-portal-automation_selenium1"/>
    <property name="file.separator" value="\"/>
    <property name="line.separator" value="&#10;"/>
    <property name="java.vm.specification.vendor" value="Oracle Corporation"/>
    <property name="java.specification.name" value="Java Platform API Specification"/>
    <property name="java.awt.graphicsenv" value="sun.awt.Win32GraphicsEnvironment"/>
    <property name="idea.version2020.1.2" value="true"/>
    <property name="surefire.real.class.path" value="C:\Users\2394650\AppData\Local\Temp\surefire3490353243006952453\surefirebooter6852806240642558998.jar"/>
    <property name="sun.boot.class.path" value="C:\Program Files\Java\jdk1.8.0_231\jre\lib\resources.jar;C:\Program Files\Java\jdk1.8.0_231\jre\lib\rt.jar;C:\Program Files\Java\jdk1.8.0_231\jre\lib\sunrsasign.jar;C:\Program Files\Java\jdk1.8.0_231\jre\lib\jsse.jar;C:\Program Files\Java\jdk1.8.0_231\jre\lib\jce.jar;C:\Program Files\Java\jdk1.8.0_231\jre\lib\charsets.jar;C:\Program Files\Java\jdk1.8.0_231\jre\lib\jfr.jar;C:\Program Files\Java\jdk1.8.0_231\jre\classes"/>
    <property name="user.script" value=""/>
    <property name="sun.management.compiler" value="HotSpot 64-Bit Tiered Compilers"/>
    <property name="java.runtime.version" value="1.8.0_231-b11"/>
    <property name="user.name" value="2394650"/>
    <property name="path.separator" value=";"/>
    <property name="Env" value="UAT"/>
    <property name="os.version" value="10.0"/>
    <property name="java.endorsed.dirs" value="C:\Program Files\Java\jdk1.8.0_231\jre\lib\endorsed"/>
    <property name="java.runtime.name" value="Java(TM) SE Runtime Environment"/>
    <property name="file.encoding" value="Cp1252"/>
    <property name="java.vm.name" value="Java HotSpot(TM) 64-Bit Server VM"/>
    <property name="localRepository" value="C:\Users\2394650\.m2\repository"/>
    <property name="java.vendor.url.bug" value="http://bugreport.sun.com/bugreport/"/>
    <property name="java.io.tmpdir" value="C:\Users\2394650\AppData\Local\Temp\"/>
    <property name="java.version" value="1.8.0_231"/>
    <property name="user.dir" value="C:\Users\2394650\IdeaProjects\cs-portal-automation_selenium1"/>
    <property name="os.arch" value="amd64"/>
    <property name="java.vm.specification.name" value="Java Virtual Machine Specification"/>
    <property name="java.awt.printerjob" value="sun.awt.windows.WPrinterJob"/>
    <property name="suiteType" value="Sanity"/>
    <property name="sun.os.patch.level" value=""/>
    <property name="java.library.path" value="C:\Program Files\Java\jdk1.8.0_231\jre\bin;C:\windows\Sun\Java\bin;C:\windows\system32;C:\windows;C:\Program Files (x86)\Common Files\Oracle\Java\javapath;C:\windows\system32;C:\windows;C:\windows\System32\Wbem;C:\windows\System32\WindowsPowerShell\v1.0\;C:\windows\System32\OpenSSH\;C:\Program Files\nodejs\;C:\Program Files\PuTTY\;C:\Users\2394650\AppData\Local\Microsoft\WindowsApps;C:\Users\2394650\AppData\Roaming\npm;C:\Users\2394650\AppData\Local\Programs\Git\cmd;."/>
    <property name="java.vm.info" value="mixed mode"/>
    <property name="java.vendor" value="Oracle Corporation"/>
    <property name="java.vm.version" value="25.231-b11"/>
    <property name="java.ext.dirs" value="C:\Program Files\Java\jdk1.8.0_231\jre\lib\ext;C:\windows\Sun\Java\lib\ext"/>
    <property name="sun.io.unicode.encoding" value="UnicodeLittle"/>
    <property name="java.class.version" value="52.0"/>
  </properties>
  <testcase name="loginAPI" classname="tests.SystemStatusTest" time="4.419">
    <failure message="The following asserts failed:&#10;	Not able to generate Token. Please Update Password As soon as possible if required.&#10;API Response Message: Failed to authenticate user." type="java.lang.AssertionError">java.lang.AssertionError: 
The following asserts failed:
	Not able to generate Token. Please Update Password As soon as possible if required.
API Response Message: Failed to authenticate user.
	at tests.SystemStatusTest.loginAPI(SystemStatusTest.java:78)
</failure>
    <system-out><![CDATA[2021-03-21 02:41:33,067 main DEBUG Apache Log4j Core 2.13.3 initializing configuration XmlConfiguration[location=C:\Users\2394650\IdeaProjects\cs-portal-automation_selenium1\target\classes\log4j2.xml]
2021-03-21 02:41:33,067 main DEBUG Installed 1 script engine
2021-03-21 02:41:33,473 main DEBUG Oracle Nashorn version: 1.8.0_231, language: ECMAScript, threading: Not Thread Safe, compile: true, names: [nashorn, Nashorn, js, JS, JavaScript, javascript, ECMAScript, ecmascript], factory class: jdk.nashorn.api.scripting.NashornScriptEngineFactory
2021-03-21 02:41:33,473 main DEBUG PluginManager 'Core' found 122 plugins
2021-03-21 02:41:33,473 main DEBUG PluginManager 'Level' found 0 plugins
2021-03-21 02:41:33,473 main DEBUG PluginManager 'Lookup' found 16 plugins
2021-03-21 02:41:33,489 main DEBUG Building Plugin[name=layout, class=org.apache.logging.log4j.core.layout.PatternLayout].
2021-03-21 02:41:33,505 main DEBUG PluginManager 'TypeConverter' found 26 plugins
2021-03-21 02:41:33,536 main DEBUG PatternLayout$Builder(pattern="%d{HH:mm:ss.SSS} [%t] %-5level %logger{36}(%L) - %msg%n", PatternSelector=null, Configuration(C:\Users\2394650\IdeaProjects\cs-portal-automation_selenium1\target\classes\log4j2.xml), Replace=null, charset="null", alwaysWriteExceptions="null", disableAnsi="null", noConsoleNoAnsi="null", header="null", footer="null")
2021-03-21 02:41:33,536 main DEBUG PluginManager 'Converter' found 44 plugins
2021-03-21 02:41:33,536 main DEBUG Building Plugin[name=appender, class=org.apache.logging.log4j.core.appender.ConsoleAppender].
2021-03-21 02:41:33,552 main DEBUG ConsoleAppender$Builder(target="SYSTEM_OUT", follow="null", direct="null", bufferedIo="null", bufferSize="null", immediateFlush="null", ignoreExceptions="null", PatternLayout(%d{HH:mm:ss.SSS} [%t] %-5level %logger{36}(%L) - %msg%n), name="LogToConsole", Configuration(C:\Users\2394650\IdeaProjects\cs-portal-automation_selenium1\target\classes\log4j2.xml), Filter=null, ={})
2021-03-21 02:41:33,552 main DEBUG Starting OutputStreamManager SYSTEM_OUT.false.false
2021-03-21 02:41:33,552 main DEBUG Building Plugin[name=layout, class=org.apache.logging.log4j.core.layout.PatternLayout].
2021-03-21 02:41:33,552 main DEBUG PatternLayout$Builder(pattern="%d{yyyy-MM-dd HH:mm:ss.SSS} [%-5p/%t{1}/%M]: %C{1}(%L): %msg%n", PatternSelector=null, Configuration(C:\Users\2394650\IdeaProjects\cs-portal-automation_selenium1\target\classes\log4j2.xml), Replace=null, charset="null", alwaysWriteExceptions="null", disableAnsi="null", noConsoleNoAnsi="null", header="null", footer="null")
2021-03-21 02:41:33,583 main DEBUG Building Plugin[name=SizeBasedTriggeringPolicy, class=org.apache.logging.log4j.core.appender.rolling.SizeBasedTriggeringPolicy].
2021-03-21 02:41:33,583 main DEBUG createPolicy(size="10MB")
2021-03-21 02:41:33,583 main DEBUG Building Plugin[name=OnStartupTriggeringPolicy, class=org.apache.logging.log4j.core.appender.rolling.OnStartupTriggeringPolicy].
2021-03-21 02:41:33,598 main DEBUG createPolicy(minSize="1")
2021-03-21 02:41:33,598 main DEBUG Building Plugin[name=Policies, class=org.apache.logging.log4j.core.appender.rolling.CompositeTriggeringPolicy].
2021-03-21 02:41:33,598 main DEBUG createPolicy(={SizeBasedTriggeringPolicy(size=10485760), OnStartupTriggeringPolicy})
2021-03-21 02:41:33,598 main DEBUG Building Plugin[name=DefaultRolloverStrategy, class=org.apache.logging.log4j.core.appender.rolling.DefaultRolloverStrategy].
2021-03-21 02:41:33,598 main DEBUG DefaultRolloverStrategy$Builder(max="100", min="null", fileIndex="null", compressionLevel="null", ={}, stopCustomActionsOnError="null", tempCompressedFilePattern="null", Configuration(C:\Users\2394650\IdeaProjects\cs-portal-automation_selenium1\target\classes\log4j2.xml))
2021-03-21 02:41:33,598 main DEBUG Building Plugin[name=appender, class=org.apache.logging.log4j.core.appender.RollingFileAppender].
2021-03-21 02:41:33,614 main DEBUG RollingFileAppender$Builder(fileName="logs/app.log", filePattern="logs/app-%d{yyyy-MM-dd}-%i.log", append="null", locking="null", Policies(CompositeTriggeringPolicy(policies=[SizeBasedTriggeringPolicy(size=10485760), OnStartupTriggeringPolicy])), DefaultRolloverStrategy(DefaultRolloverStrategy(min=1, max=100, useMax=true)), advertise="null", advertiseUri="null", createOnDemand="null", filePermissions="null", fileOwner="null", fileGroup="null", bufferedIo="null", bufferSize="null", immediateFlush="null", ignoreExceptions="null", PatternLayout(%d{yyyy-MM-dd HH:mm:ss.SSS} [%-5p/%t{1}/%M]: %C{1}(%L): %msg%n), name="RollingFile", Configuration(C:\Users\2394650\IdeaProjects\cs-portal-automation_selenium1\target\classes\log4j2.xml), Filter=null, ={})
2021-03-21 02:41:33,630 main DEBUG Returning file creation time for C:\Users\2394650\IdeaProjects\cs-portal-automation_selenium1\logs\app.log
2021-03-21 02:41:33,630 main DEBUG Starting RollingFileManager logs/app.log
2021-03-21 02:41:33,630 main DEBUG PluginManager 'FileConverter' found 2 plugins
2021-03-21 02:41:33,630 main DEBUG Setting prev file time to 2021-03-21T02:12:58.337+0530
2021-03-21 02:41:33,630 main DEBUG Initializing triggering policy CompositeTriggeringPolicy(policies=[SizeBasedTriggeringPolicy(size=10485760), OnStartupTriggeringPolicy])
2021-03-21 02:41:33,630 main DEBUG Initializing triggering policy SizeBasedTriggeringPolicy(size=10485760)
2021-03-21 02:41:33,630 main DEBUG Initializing triggering policy OnStartupTriggeringPolicy
2021-03-21 02:41:33,630 main DEBUG Initiating rollover at startup
2021-03-21 02:41:33,645 main DEBUG Formatting file name. useCurrentTime=false. currentFileTime=0, prevFileTime=1616272978337
2021-03-21 02:41:33,645 main DEBUG org.apache.logging.log4j.core.util.SystemClock does not support precise timestamps.
2021-03-21 02:41:33,645 main DEBUG Current file: logs/app.log
2021-03-21 02:41:33,661 main DEBUG Formatting file name. useCurrentTime=false. currentFileTime=0, prevFileTime=1616272978337
2021-03-21 02:41:33,661 main DEBUG OutputStream closed
2021-03-21 02:41:33,661 main DEBUG RollingFileManager executing synchronous FileRenameAction[logs\app.log to logs\app-2021-03-21-13.log, renameEmptyFiles=false]
2021-03-21 02:41:33,676 main DEBUG Now writing to logs/app.log at 2021-03-21T02:41:33.661+0530
2021-03-21 02:41:33,676 main DEBUG Building Plugin[name=appenders, class=org.apache.logging.log4j.core.config.AppendersPlugin].
2021-03-21 02:41:33,676 main DEBUG createAppenders(={LogToConsole, RollingFile})
2021-03-21 02:41:33,676 main DEBUG Building Plugin[name=AppenderRef, class=org.apache.logging.log4j.core.config.AppenderRef].
2021-03-21 02:41:33,676 main DEBUG createAppenderRef(ref="RollingFile", level="null", Filter=null)
2021-03-21 02:41:33,676 main DEBUG Building Plugin[name=AppenderRef, class=org.apache.logging.log4j.core.config.AppenderRef].
2021-03-21 02:41:33,676 main DEBUG createAppenderRef(ref="LogToConsole", level="null", Filter=null)
2021-03-21 02:41:33,676 main DEBUG Building Plugin[name=logger, class=org.apache.logging.log4j.core.config.LoggerConfig].
2021-03-21 02:41:33,676 main DEBUG createLogger(additivity="false", level="DEBUG", name="java", includeLocation="null", ={RollingFile, LogToConsole}, ={}, Configuration(C:\Users\2394650\IdeaProjects\cs-portal-automation_selenium1\target\classes\log4j2.xml), Filter=null)
2021-03-21 02:41:33,676 main DEBUG Building Plugin[name=AppenderRef, class=org.apache.logging.log4j.core.config.AppenderRef].
2021-03-21 02:41:33,676 main DEBUG createAppenderRef(ref="LogToConsole", level="null", Filter=null)
2021-03-21 02:41:33,692 main DEBUG Building Plugin[name=AppenderRef, class=org.apache.logging.log4j.core.config.AppenderRef].
2021-03-21 02:41:33,692 main DEBUG createAppenderRef(ref="RollingFile", level="null", Filter=null)
2021-03-21 02:41:33,692 main DEBUG Building Plugin[name=root, class=org.apache.logging.log4j.core.config.LoggerConfig$RootLogger].
2021-03-21 02:41:33,692 main DEBUG createLogger(additivity="false", level="DEBUG", includeLocation="null", ={LogToConsole, RollingFile}, ={}, Configuration(C:\Users\2394650\IdeaProjects\cs-portal-automation_selenium1\target\classes\log4j2.xml), Filter=null)
2021-03-21 02:41:33,692 main DEBUG Building Plugin[name=loggers, class=org.apache.logging.log4j.core.config.LoggersPlugin].
2021-03-21 02:41:33,692 main DEBUG createLoggers(={java, root})
2021-03-21 02:41:33,692 main DEBUG Configuration XmlConfiguration[location=C:\Users\2394650\IdeaProjects\cs-portal-automation_selenium1\target\classes\log4j2.xml] initialized
2021-03-21 02:41:33,692 main DEBUG Starting configuration XmlConfiguration[location=C:\Users\2394650\IdeaProjects\cs-portal-automation_selenium1\target\classes\log4j2.xml]
2021-03-21 02:41:33,692 main DEBUG Started configuration XmlConfiguration[location=C:\Users\2394650\IdeaProjects\cs-portal-automation_selenium1\target\classes\log4j2.xml] OK.
2021-03-21 02:41:33,692 main DEBUG Shutting down OutputStreamManager SYSTEM_OUT.false.false-1
2021-03-21 02:41:33,692 main DEBUG OutputStream closed
2021-03-21 02:41:33,692 main DEBUG Shut down OutputStreamManager SYSTEM_OUT.false.false-1, all resources released: true
2021-03-21 02:41:33,692 main DEBUG Appender DefaultConsole-1 stopped with status true
2021-03-21 02:41:33,692 main DEBUG Stopped org.apache.logging.log4j.core.config.DefaultConfiguration@7d0587f1 OK
2021-03-21 02:41:33,755 main DEBUG Registering MBean org.apache.logging.log4j2:type=42a57993
2021-03-21 02:41:33,770 main DEBUG Registering MBean org.apache.logging.log4j2:type=42a57993,component=StatusLogger
2021-03-21 02:41:33,770 main DEBUG Registering MBean org.apache.logging.log4j2:type=42a57993,component=ContextSelector
2021-03-21 02:41:33,770 main DEBUG Registering MBean org.apache.logging.log4j2:type=42a57993,component=Loggers,name=
2021-03-21 02:41:33,770 main DEBUG Registering MBean org.apache.logging.log4j2:type=42a57993,component=Loggers,name=java
2021-03-21 02:41:33,770 main DEBUG Registering MBean org.apache.logging.log4j2:type=42a57993,component=Appenders,name=LogToConsole
2021-03-21 02:41:33,770 main DEBUG Registering MBean org.apache.logging.log4j2:type=42a57993,component=Appenders,name=RollingFile
2021-03-21 02:41:33,770 main DEBUG Reconfiguration complete for context[name=42a57993] at URI C:\Users\2394650\IdeaProjects\cs-portal-automation_selenium1\target\classes\log4j2.xml (org.apache.logging.log4j.core.LoggerContext@15043a2f) with optional ClassLoader: null
2021-03-21 02:41:33,770 main DEBUG Shutdown hook enabled. Registering a new one.
2021-03-21 02:41:33,770 main DEBUG LoggerContext[name=42a57993, org.apache.logging.log4j.core.LoggerContext@15043a2f] started OK.
NFTRTickets-San
OPCO Chosen :MW
Environment Chosen : UAT
Suite Type : Sanity
http://172.26.146.190:30050
I am in onStart method Sanity API Login
02:41:38.539 [main] INFO  Utils.DataProviders.DataProviders(244) - User Type ALL
02:41:38.539 [main] INFO  Utils.DataProviders.DataProviders(250) - NO USER FOUND
02:41:38.539 [main] INFO  Utils.DataProviders.DataProviders(244) - User Type BA
02:41:38.539 [main] INFO  Utils.DataProviders.DataProviders(250) - NO USER FOUND
02:41:38.539 [main] INFO  Utils.DataProviders.DataProviders(244) - User Type NFTR
02:41:38.539 [main] INFO  Utils.DataProviders.DataProviders(250) - NO USER FOUND
02:41:38.539 [main] INFO  Utils.DataProviders.DataProviders(244) - User Type API
02:41:38.539 [main] INFO  Utils.DataProviders.DataProviders(247) - User Type ADDED API
02:41:38.570 I am in onTestStart method loginAPI start
02:41:39.007 [main] INFO  Utils.UtilsMethods(17) - Logging in Using Login API for getting TOKEN with user : 2394650
02:41:39.632 [main] INFO  Utils.UtilsMethods(17) - Request Headers are  : x-app-name=cs-service
x-service-id=customer_service_service_request_webctx
x-app-type=web
x-client-id=3
x-api-key=ae00c8a7-7ca9-4cb4-bf2a-29bf1ae05025
x-login-module=MSISDN
x-channel=4
x-app-version=1.0.0
Opco=MW
Content-Type=application/json
02:41:42.942 [main] INFO  Utils.UtilsMethods(17) - Request URL : http://172.26.146.190:30050/auth/api/user-mngmnt/v2/login
02:41:42.942 [main] INFO  Utils.UtilsMethods(17) - Response Body : {"message":"Failed to authenticate user.","statusCode":1120}
02:41:42.942 [main] INFO  Utils.UtilsMethods(17) - Response time : 2 s
]]></system-out>
    <system-err><![CDATA[SLF4J: Failed to load class "org.slf4j.impl.StaticLoggerBinder".
SLF4J: Defaulting to no-operation (NOP) logger implementation
SLF4J: See http://www.slf4j.org/codes.html#StaticLoggerBinder for further details.
Starting ChromeDriver 89.0.4389.23 (61b08ee2c50024bab004e48d2b1b083cdbdac579-refs/branch-heads/4389@{#294}) on port 18904
Only local connections are allowed.
Please see https://chromedriver.chromium.org/security-considerations for suggestions on keeping ChromeDriver safe.
ChromeDriver was started successfully.
Mar 21, 2021 2:41:37 AM org.openqa.selenium.remote.ProtocolHandshake createSession
INFO: Detected dialect: W3C
]]></system-err>
  </testcase>
  <testcase name="loginAPI" classname="tests.SystemStatusTest" time="1.372">
    <failure message="The following asserts failed:&#10;	Not able to generate Token. Please Update Password As soon as possible if required.&#10;API Response Message: Failed to authenticate user." type="java.lang.AssertionError">java.lang.AssertionError: 
The following asserts failed:
	Not able to generate Token. Please Update Password As soon as possible if required.
API Response Message: Failed to authenticate user.
	at tests.SystemStatusTest.loginAPI(SystemStatusTest.java:78)
</failure>
    <system-out><![CDATA[I am in on TestSkipped method validateSupervisorTabs skipped
I am in onFinish method Supervisors Login Test
I am in onStart method api-Regenerate
02:42:13.148 [main] INFO  Utils.DataProviders.DataProviders(244) - User Type ALL
02:42:13.148 [main] INFO  Utils.DataProviders.DataProviders(250) - NO USER FOUND
02:42:13.148 [main] INFO  Utils.DataProviders.DataProviders(244) - User Type BA
02:42:13.149 [main] INFO  Utils.DataProviders.DataProviders(250) - NO USER FOUND
02:42:13.149 [main] INFO  Utils.DataProviders.DataProviders(244) - User Type NFTR
02:42:13.149 [main] INFO  Utils.DataProviders.DataProviders(250) - NO USER FOUND
02:42:13.150 [main] INFO  Utils.DataProviders.DataProviders(244) - User Type API
02:42:13.150 [main] INFO  Utils.DataProviders.DataProviders(247) - User Type ADDED API
02:42:13.151 I am in onTestStart method loginAPI start
02:42:13.153 [main] INFO  Utils.UtilsMethods(17) - Logging in Using Login API for getting TOKEN with user : 2394650
02:42:13.156 [main] INFO  Utils.UtilsMethods(17) - Request Headers are  : x-app-name=cs-service
x-service-id=customer_service_service_request_webctx
x-app-type=web
x-client-id=3
x-api-key=ae00c8a7-7ca9-4cb4-bf2a-29bf1ae05025
x-login-module=MSISDN
x-channel=4
x-app-version=1.0.0
Opco=MW
Content-Type=application/json
02:42:14.494 [main] INFO  Utils.UtilsMethods(17) - Request URL : http://172.26.146.190:30050/auth/api/user-mngmnt/v2/login
02:42:14.494 [main] INFO  Utils.UtilsMethods(17) - Response Body : {"message":"Failed to authenticate user.","statusCode":1120}
02:42:14.494 [main] INFO  Utils.UtilsMethods(17) - Response time : 1 s
]]></system-out>
  </testcase>
  <testcase name="testCredOfAdmin" classname="tests.SystemStatusTest" time="1.812">
    <failure message="The following asserts failed:&#10;	Not able to generate Token. Please Update Password As soon as possible if required.&#10;API Response Message: Failed to authenticate user." type="java.lang.AssertionError">java.lang.AssertionError: 
The following asserts failed:
	Not able to generate Token. Please Update Password As soon as possible if required.
API Response Message: Failed to authenticate user.
	at tests.SystemStatusTest.testCredOfAdmin(SystemStatusTest.java:121)
</failure>
    <system-out><![CDATA[02:41:42.989 I am in on TestFailure method loginAPI failed
java.lang.AssertionError: The following asserts failed:
	Not able to generate Token. Please Update Password As soon as possible if required.
API Response Message: Failed to authenticate user.
	at org.testng.asserts.SoftAssert.assertAll(SoftAssert.java:47)
	at org.testng.asserts.SoftAssert.assertAll(SoftAssert.java:31)
	at tests.SystemStatusTest.loginAPI(SystemStatusTest.java:78)
	at sun.reflect.NativeMethodAccessorImpl.invoke0(Native Method)
	at sun.reflect.NativeMethodAccessorImpl.invoke(NativeMethodAccessorImpl.java:62)
	at sun.reflect.DelegatingMethodAccessorImpl.invoke(DelegatingMethodAccessorImpl.java:43)
	at java.lang.reflect.Method.invoke(Method.java:498)
	at org.testng.internal.MethodInvocationHelper.invokeMethod(MethodInvocationHelper.java:133)
	at org.testng.internal.TestInvoker.invokeMethod(TestInvoker.java:584)
	at org.testng.internal.TestInvoker.invokeTestMethod(TestInvoker.java:172)
	at org.testng.internal.MethodRunner.runInSequence(MethodRunner.java:46)
	at org.testng.internal.TestInvoker$MethodInvocationAgent.invoke(TestInvoker.java:804)
	at org.testng.internal.TestInvoker.invokeTestMethods(TestInvoker.java:145)
	at org.testng.internal.TestMethodWorker.invokeTestMethods(TestMethodWorker.java:146)
	at org.testng.internal.TestMethodWorker.run(TestMethodWorker.java:128)
	at java.util.ArrayList.forEach(ArrayList.java:1257)
	at org.testng.TestRunner.privateRun(TestRunner.java:770)
	at org.testng.TestRunner.run(TestRunner.java:591)
	at org.testng.SuiteRunner.runTest(SuiteRunner.java:402)
	at org.testng.SuiteRunner.runSequentially(SuiteRunner.java:396)
	at org.testng.SuiteRunner.privateRun(SuiteRunner.java:355)
	at org.testng.SuiteRunner.run(SuiteRunner.java:304)
	at org.testng.SuiteRunnerWorker.runSuite(SuiteRunnerWorker.java:53)
	at org.testng.SuiteRunnerWorker.run(SuiteRunnerWorker.java:96)
	at org.testng.TestNG.runSuitesSequentially(TestNG.java:1180)
	at org.testng.TestNG.runSuitesLocally(TestNG.java:1102)
	at org.testng.TestNG.runSuites(TestNG.java:1032)
	at org.testng.TestNG.run(TestNG.java:1000)
	at org.apache.maven.surefire.testng.TestNGExecutor.run(TestNGExecutor.java:283)
	at org.apache.maven.surefire.testng.TestNGXmlTestSuite.execute(TestNGXmlTestSuite.java:75)
	at org.apache.maven.surefire.testng.TestNGProvider.invoke(TestNGProvider.java:120)
	at org.apache.maven.surefire.booter.ForkedBooter.invokeProviderInSameClassLoader(ForkedBooter.java:384)
	at org.apache.maven.surefire.booter.ForkedBooter.runSuitesInProcess(ForkedBooter.java:345)
	at org.apache.maven.surefire.booter.ForkedBooter.execute(ForkedBooter.java:126)
	at org.apache.maven.surefire.booter.ForkedBooter.main(ForkedBooter.java:418)

02:41:43.611 [main] INFO  Utils.DataProviders.DataProviders(244) - User Type ALL
02:41:43.611 [main] INFO  Utils.DataProviders.DataProviders(247) - User Type ADDED ALL
02:41:43.611 [main] INFO  Utils.DataProviders.DataProviders(244) - User Type BA
02:41:43.611 [main] INFO  Utils.DataProviders.DataProviders(250) - NO USER FOUND
02:41:43.611 [main] INFO  Utils.DataProviders.DataProviders(244) - User Type NFTR
02:41:43.611 [main] INFO  Utils.DataProviders.DataProviders(250) - NO USER FOUND
02:41:43.611 [main] INFO  Utils.DataProviders.DataProviders(244) - User Type API
02:41:43.611 [main] INFO  Utils.DataProviders.DataProviders(250) - NO USER FOUND
02:41:43.611 I am in onTestStart method testCredOfAdmin start
02:41:43.611 [main] INFO  Utils.UtilsMethods(17) - Logging in Using Login API for getting TOKEN with user : 2390495
02:41:43.626 [main] INFO  Utils.UtilsMethods(17) - Request Headers are  : x-app-name=cs-service
x-service-id=customer_service_service_request_webctx
x-app-type=web
x-client-id=3
x-api-key=ae00c8a7-7ca9-4cb4-bf2a-29bf1ae05025
x-login-module=MSISDN
x-channel=4
x-app-version=1.0.0
Opco=MW
Authorization=Bearer null
Content-Type=application/json
02:41:45.407 [main] INFO  Utils.UtilsMethods(17) - Request URL : http://172.26.146.190:30050/auth/api/user-mngmnt/v2/login
02:41:45.407 [main] INFO  Utils.UtilsMethods(17) - Response Body : {"message":"Failed to authenticate user.","statusCode":1120}
02:41:45.407 [main] INFO  Utils.UtilsMethods(17) - Response time : 1 s
]]></system-out>
  </testcase>
  <testcase name="testCredOfBackendAgent" classname="tests.SystemStatusTest" time="1.75">
    <failure message="The following asserts failed:&#10;	Not able to generate Token. Please Update Password As soon as possible if required.&#10;API Response Message: Failed to authenticate user." type="java.lang.AssertionError">java.lang.AssertionError: 
The following asserts failed:
	Not able to generate Token. Please Update Password As soon as possible if required.
API Response Message: Failed to authenticate user.
	at tests.SystemStatusTest.testCredOfBackendAgent(SystemStatusTest.java:161)
</failure>
    <system-out><![CDATA[02:41:45.423 I am in on TestFailure method testCredOfAdmin failed
java.lang.AssertionError: The following asserts failed:
	Not able to generate Token. Please Update Password As soon as possible if required.
API Response Message: Failed to authenticate user.
	at org.testng.asserts.SoftAssert.assertAll(SoftAssert.java:47)
	at org.testng.asserts.SoftAssert.assertAll(SoftAssert.java:31)
	at tests.SystemStatusTest.testCredOfAdmin(SystemStatusTest.java:121)
	at sun.reflect.NativeMethodAccessorImpl.invoke0(Native Method)
	at sun.reflect.NativeMethodAccessorImpl.invoke(NativeMethodAccessorImpl.java:62)
	at sun.reflect.DelegatingMethodAccessorImpl.invoke(DelegatingMethodAccessorImpl.java:43)
	at java.lang.reflect.Method.invoke(Method.java:498)
	at org.testng.internal.MethodInvocationHelper.invokeMethod(MethodInvocationHelper.java:133)
	at org.testng.internal.TestInvoker.invokeMethod(TestInvoker.java:584)
	at org.testng.internal.TestInvoker.invokeTestMethod(TestInvoker.java:172)
	at org.testng.internal.MethodRunner.runInSequence(MethodRunner.java:46)
	at org.testng.internal.TestInvoker$MethodInvocationAgent.invoke(TestInvoker.java:804)
	at org.testng.internal.TestInvoker.invokeTestMethods(TestInvoker.java:145)
	at org.testng.internal.TestMethodWorker.invokeTestMethods(TestMethodWorker.java:146)
	at org.testng.internal.TestMethodWorker.run(TestMethodWorker.java:128)
	at java.util.ArrayList.forEach(ArrayList.java:1257)
	at org.testng.TestRunner.privateRun(TestRunner.java:770)
	at org.testng.TestRunner.run(TestRunner.java:591)
	at org.testng.SuiteRunner.runTest(SuiteRunner.java:402)
	at org.testng.SuiteRunner.runSequentially(SuiteRunner.java:396)
	at org.testng.SuiteRunner.privateRun(SuiteRunner.java:355)
	at org.testng.SuiteRunner.run(SuiteRunner.java:304)
	at org.testng.SuiteRunnerWorker.runSuite(SuiteRunnerWorker.java:53)
	at org.testng.SuiteRunnerWorker.run(SuiteRunnerWorker.java:96)
	at org.testng.TestNG.runSuitesSequentially(TestNG.java:1180)
	at org.testng.TestNG.runSuitesLocally(TestNG.java:1102)
	at org.testng.TestNG.runSuites(TestNG.java:1032)
	at org.testng.TestNG.run(TestNG.java:1000)
	at org.apache.maven.surefire.testng.TestNGExecutor.run(TestNGExecutor.java:283)
	at org.apache.maven.surefire.testng.TestNGXmlTestSuite.execute(TestNGXmlTestSuite.java:75)
	at org.apache.maven.surefire.testng.TestNGProvider.invoke(TestNGProvider.java:120)
	at org.apache.maven.surefire.booter.ForkedBooter.invokeProviderInSameClassLoader(ForkedBooter.java:384)
	at org.apache.maven.surefire.booter.ForkedBooter.runSuitesInProcess(ForkedBooter.java:345)
	at org.apache.maven.surefire.booter.ForkedBooter.execute(ForkedBooter.java:126)
	at org.apache.maven.surefire.booter.ForkedBooter.main(ForkedBooter.java:418)

02:41:46.012 [main] INFO  Utils.DataProviders.DataProviders(244) - User Type ALL
02:41:46.012 [main] INFO  Utils.DataProviders.DataProviders(250) - NO USER FOUND
02:41:46.012 [main] INFO  Utils.DataProviders.DataProviders(244) - User Type BA
02:41:46.012 [main] INFO  Utils.DataProviders.DataProviders(247) - User Type ADDED BA
02:41:46.012 [main] INFO  Utils.DataProviders.DataProviders(244) - User Type NFTR
02:41:46.028 [main] INFO  Utils.DataProviders.DataProviders(250) - NO USER FOUND
02:41:46.028 [main] INFO  Utils.DataProviders.DataProviders(244) - User Type API
02:41:46.028 [main] INFO  Utils.DataProviders.DataProviders(250) - NO USER FOUND
02:41:46.028 I am in onTestStart method testCredOfBackendAgent start
02:41:46.028 [main] INFO  Utils.UtilsMethods(17) - Logging in Using Login API for getting TOKEN with user : 2388192
02:41:46.028 [main] INFO  Utils.UtilsMethods(17) - Request Headers are  : x-app-name=cs-service
x-service-id=customer_service_service_request_webctx
x-app-type=web
x-client-id=3
x-api-key=ae00c8a7-7ca9-4cb4-bf2a-29bf1ae05025
x-login-module=MSISDN
x-channel=4
x-app-version=1.0.0
Opco=MW
Authorization=Bearer null
Content-Type=application/json
02:41:47.762 [main] INFO  Utils.UtilsMethods(17) - Request URL : http://172.26.146.190:30050/auth/api/user-mngmnt/v2/login
02:41:47.762 [main] INFO  Utils.UtilsMethods(17) - Response Body : {"message":"Failed to authenticate user.","statusCode":1120}
02:41:47.762 [main] INFO  Utils.UtilsMethods(17) - Response time : 1 s
]]></system-out>
  </testcase>
  <testcase name="checkExecution" classname="tests.LoginTests" time="3.006">
    <failure message="The following asserts failed:&#10;	Terminate Execution as user not able to login into portal or Role does not assign to user. Please do needful." type="java.lang.AssertionError">java.lang.AssertionError: 
The following asserts failed:
	Terminate Execution as user not able to login into portal or Role does not assign to user. Please do needful.
	at tests.LoginTests.checkExecution(LoginTests.java:23)
</failure>
    <system-out><![CDATA[02:41:47.778 I am in on TestFailure method testCredOfBackendAgent failed
java.lang.AssertionError: The following asserts failed:
	Not able to generate Token. Please Update Password As soon as possible if required.
API Response Message: Failed to authenticate user.
	at org.testng.asserts.SoftAssert.assertAll(SoftAssert.java:47)
	at org.testng.asserts.SoftAssert.assertAll(SoftAssert.java:31)
	at tests.SystemStatusTest.testCredOfBackendAgent(SystemStatusTest.java:161)
	at sun.reflect.NativeMethodAccessorImpl.invoke0(Native Method)
	at sun.reflect.NativeMethodAccessorImpl.invoke(NativeMethodAccessorImpl.java:62)
	at sun.reflect.DelegatingMethodAccessorImpl.invoke(DelegatingMethodAccessorImpl.java:43)
	at java.lang.reflect.Method.invoke(Method.java:498)
	at org.testng.internal.MethodInvocationHelper.invokeMethod(MethodInvocationHelper.java:133)
	at org.testng.internal.TestInvoker.invokeMethod(TestInvoker.java:584)
	at org.testng.internal.TestInvoker.invokeTestMethod(TestInvoker.java:172)
	at org.testng.internal.MethodRunner.runInSequence(MethodRunner.java:46)
	at org.testng.internal.TestInvoker$MethodInvocationAgent.invoke(TestInvoker.java:804)
	at org.testng.internal.TestInvoker.invokeTestMethods(TestInvoker.java:145)
	at org.testng.internal.TestMethodWorker.invokeTestMethods(TestMethodWorker.java:146)
	at org.testng.internal.TestMethodWorker.run(TestMethodWorker.java:128)
	at java.util.ArrayList.forEach(ArrayList.java:1257)
	at org.testng.TestRunner.privateRun(TestRunner.java:770)
	at org.testng.TestRunner.run(TestRunner.java:591)
	at org.testng.SuiteRunner.runTest(SuiteRunner.java:402)
	at org.testng.SuiteRunner.runSequentially(SuiteRunner.java:396)
	at org.testng.SuiteRunner.privateRun(SuiteRunner.java:355)
	at org.testng.SuiteRunner.run(SuiteRunner.java:304)
	at org.testng.SuiteRunnerWorker.runSuite(SuiteRunnerWorker.java:53)
	at org.testng.SuiteRunnerWorker.run(SuiteRunnerWorker.java:96)
	at org.testng.TestNG.runSuitesSequentially(TestNG.java:1180)
	at org.testng.TestNG.runSuitesLocally(TestNG.java:1102)
	at org.testng.TestNG.runSuites(TestNG.java:1032)
	at org.testng.TestNG.run(TestNG.java:1000)
	at org.apache.maven.surefire.testng.TestNGExecutor.run(TestNGExecutor.java:283)
	at org.apache.maven.surefire.testng.TestNGXmlTestSuite.execute(TestNGXmlTestSuite.java:75)
	at org.apache.maven.surefire.testng.TestNGProvider.invoke(TestNGProvider.java:120)
	at org.apache.maven.surefire.booter.ForkedBooter.invokeProviderInSameClassLoader(ForkedBooter.java:384)
	at org.apache.maven.surefire.booter.ForkedBooter.runSuitesInProcess(ForkedBooter.java:345)
	at org.apache.maven.surefire.booter.ForkedBooter.execute(ForkedBooter.java:126)
	at org.apache.maven.surefire.booter.ForkedBooter.main(ForkedBooter.java:418)

I am in onFinish method Sanity API Login
I am in onStart method Login With ALL User Test
02:41:49.018 [main] INFO  Utils.DataProviders.DataProviders(244) - User Type ALL
02:41:49.018 [main] INFO  Utils.DataProviders.DataProviders(247) - User Type ADDED ALL
02:41:49.034 [main] INFO  Utils.DataProviders.DataProviders(244) - User Type BA
02:41:49.034 [main] INFO  Utils.DataProviders.DataProviders(250) - NO USER FOUND
02:41:49.034 [main] INFO  Utils.DataProviders.DataProviders(244) - User Type NFTR
02:41:49.034 [main] INFO  Utils.DataProviders.DataProviders(250) - NO USER FOUND
02:41:49.034 [main] INFO  Utils.DataProviders.DataProviders(244) - User Type API
02:41:49.034 [main] INFO  Utils.DataProviders.DataProviders(250) - NO USER FOUND
]]></system-out>
  </testcase>
  <testcase name="checkExecution" classname="tests.LoginTests" time="15.842">
    <failure message="The following asserts failed:&#10;	Terminate Execution as user not able to login into portal or Role does not assign to user. Please do needful." type="java.lang.AssertionError">java.lang.AssertionError: 
The following asserts failed:
	Terminate Execution as user not able to login into portal or Role does not assign to user. Please do needful.
	at tests.LoginTests.checkExecution(LoginTests.java:23)
</failure>
    <system-out><![CDATA[02:42:33.763 I am in on TestFailure method Logout failed
java.lang.AssertionError: did not expect to find [true] but found [false]
	at org.testng.Assert.fail(Assert.java:97)
	at org.testng.Assert.failNotEquals(Assert.java:969)
	at org.testng.Assert.assertTrue(Assert.java:43)
	at org.testng.Assert.assertTrue(Assert.java:53)
	at tests.LogoutTest.Logout(LogoutTest.java:32)
	at sun.reflect.NativeMethodAccessorImpl.invoke0(Native Method)
	at sun.reflect.NativeMethodAccessorImpl.invoke(NativeMethodAccessorImpl.java:62)
	at sun.reflect.DelegatingMethodAccessorImpl.invoke(DelegatingMethodAccessorImpl.java:43)
	at java.lang.reflect.Method.invoke(Method.java:498)
	at org.testng.internal.MethodInvocationHelper.invokeMethod(MethodInvocationHelper.java:133)
	at org.testng.internal.TestInvoker.invokeMethod(TestInvoker.java:584)
	at org.testng.internal.TestInvoker.invokeTestMethod(TestInvoker.java:172)
	at org.testng.internal.MethodRunner.runInSequence(MethodRunner.java:46)
	at org.testng.internal.TestInvoker$MethodInvocationAgent.invoke(TestInvoker.java:804)
	at org.testng.internal.TestInvoker.invokeTestMethods(TestInvoker.java:145)
	at org.testng.internal.TestMethodWorker.invokeTestMethods(TestMethodWorker.java:146)
	at org.testng.internal.TestMethodWorker.run(TestMethodWorker.java:128)
	at java.util.ArrayList.forEach(ArrayList.java:1257)
	at org.testng.TestRunner.privateRun(TestRunner.java:770)
	at org.testng.TestRunner.run(TestRunner.java:591)
	at org.testng.SuiteRunner.runTest(SuiteRunner.java:402)
	at org.testng.SuiteRunner.runSequentially(SuiteRunner.java:396)
	at org.testng.SuiteRunner.privateRun(SuiteRunner.java:355)
	at org.testng.SuiteRunner.run(SuiteRunner.java:304)
	at org.testng.SuiteRunnerWorker.runSuite(SuiteRunnerWorker.java:53)
	at org.testng.SuiteRunnerWorker.run(SuiteRunnerWorker.java:96)
	at org.testng.TestNG.runSuitesSequentially(TestNG.java:1180)
	at org.testng.TestNG.runSuitesLocally(TestNG.java:1102)
	at org.testng.TestNG.runSuites(TestNG.java:1032)
	at org.testng.TestNG.run(TestNG.java:1000)
	at org.apache.maven.surefire.testng.TestNGExecutor.run(TestNGExecutor.java:283)
	at org.apache.maven.surefire.testng.TestNGXmlTestSuite.execute(TestNGXmlTestSuite.java:75)
	at org.apache.maven.surefire.testng.TestNGProvider.invoke(TestNGProvider.java:120)
	at org.apache.maven.surefire.booter.ForkedBooter.invokeProviderInSameClassLoader(ForkedBooter.java:384)
	at org.apache.maven.surefire.booter.ForkedBooter.runSuitesInProcess(ForkedBooter.java:345)
	at org.apache.maven.surefire.booter.ForkedBooter.execute(ForkedBooter.java:126)
	at org.apache.maven.surefire.booter.ForkedBooter.main(ForkedBooter.java:418)

I am in onFinish method Logout Supervisor Test
I am in onStart method Login Admin Test
02:42:34.468 [main] INFO  Utils.DataProviders.DataProviders(244) - User Type ALL
02:42:34.468 [main] INFO  Utils.DataProviders.DataProviders(247) - User Type ADDED ALL
02:42:34.468 [main] INFO  Utils.DataProviders.DataProviders(244) - User Type BA
02:42:34.468 [main] INFO  Utils.DataProviders.DataProviders(250) - NO USER FOUND
02:42:34.468 [main] INFO  Utils.DataProviders.DataProviders(244) - User Type NFTR
02:42:34.468 [main] INFO  Utils.DataProviders.DataProviders(250) - NO USER FOUND
02:42:34.468 [main] INFO  Utils.DataProviders.DataProviders(244) - User Type API
02:42:34.468 [main] INFO  Utils.DataProviders.DataProviders(250) - NO USER FOUND
]]></system-out>
  </testcase>
  <testcase name="LoggingIN" classname="tests.LoginTests" time="0">
    <skipped message="The following asserts failed:&#10;	Terminate Execution as user not able to login into portal or Role does not assign to user. Please do needful."/>
    <system-out><![CDATA[02:41:49.034 I am in onTestStart method LoggingIN start
]]></system-out>
  </testcase>
  <testcase name="LoggingIN" classname="tests.LoginTests" time="0">
    <skipped message="The following asserts failed:&#10;	Terminate Execution as user not able to login into portal or Role does not assign to user. Please do needful."/>
    <system-out><![CDATA[02:42:34.484 I am in onTestStart method LoggingIN start
]]></system-out>
  </testcase>
  <testcase name="checkExecution" classname="tests.sideMenuTests" time="0.359">
    <failure message="The following asserts failed:&#10;	Terminate Execution as user not able to login into portal or Role does not assign to user. Please do needful." type="java.lang.AssertionError">java.lang.AssertionError: 
The following asserts failed:
	Terminate Execution as user not able to login into portal or Role does not assign to user. Please do needful.
	at tests.sideMenuTests.checkExecution(sideMenuTests.java:19)
</failure>
    <system-out><![CDATA[I am in on TestSkipped method LoggingIN skipped
I am in onFinish method Login With ALL User Test
I am in onStart method Side Menu
]]></system-out>
  </testcase>
  <testcase name="sideMenuAssert" classname="tests.sideMenuTests" time="0">
    <skipped message="The following asserts failed:&#10;	Terminate Execution as user not able to login into portal or Role does not assign to user. Please do needful."/>
    <system-out><![CDATA[02:41:49.393 I am in onTestStart method sideMenuAssert start
]]></system-out>
  </testcase>
  <testcase name="checkExecution" classname="tests.AuthTabTest" time="0.406">
    <failure message="The following asserts failed:&#10;	Terminate Execution as user not able to login into portal or Role does not assign to user. Please do needful." type="java.lang.AssertionError">java.lang.AssertionError: 
The following asserts failed:
	Terminate Execution as user not able to login into portal or Role does not assign to user. Please do needful.
	at tests.AuthTabTest.checkExecution(AuthTabTest.java:27)
</failure>
    <system-out><![CDATA[I am in on TestSkipped method sideMenuAssert skipped
I am in onFinish method Side Menu
I am in onStart method Validate Authentication tab
02:41:49.784 [main] INFO  Utils.DataProviders.DataProviders(244) - User Type ALL
02:41:49.784 [main] INFO  Utils.DataProviders.DataProviders(250) - NO USER FOUND
02:41:49.784 [main] INFO  Utils.DataProviders.DataProviders(244) - User Type BA
02:41:49.784 [main] INFO  Utils.DataProviders.DataProviders(250) - NO USER FOUND
02:41:49.784 [main] INFO  Utils.DataProviders.DataProviders(244) - User Type NFTR
02:41:49.784 [main] INFO  Utils.DataProviders.DataProviders(247) - User Type ADDED NFTR
02:41:49.784 [main] INFO  Utils.DataProviders.DataProviders(244) - User Type API
02:41:49.784 [main] INFO  Utils.DataProviders.DataProviders(250) - NO USER FOUND
]]></system-out>
  </testcase>
  <testcase name="checkExecution" classname="tests.AuthTabTest" time="0">
    <skipped/>
  </testcase>
  <testcase name="openCustomerInteraction" classname="tests.AuthTabTest" time="0">
    <skipped message="The following asserts failed:&#10;	Terminate Execution as user not able to login into portal or Role does not assign to user. Please do needful."/>
    <system-out><![CDATA[02:41:49.799 I am in onTestStart method openCustomerInteraction start
]]></system-out>
  </testcase>
  <testcase name="validateAuthTab" classname="tests.AuthTabTest" time="0">
    <skipped message="Method AuthTabTest.validateAuthTab()[pri:2, instance:tests.AuthTabTest@222a59e6] depends on not successfully finished methods"/>
    <system-out><![CDATA[I am in on TestSkipped method openCustomerInteraction skipped
02:41:49.799 I am in onTestStart method validateAuthTab start
]]></system-out>
  </testcase>
  <testcase name="methodLevelSetup" classname="tests.AuthTabTest" time="0">
    <skipped/>
    <system-out><![CDATA[I am in on TestSkipped method validateAuthTab skipped
]]></system-out>
  </testcase>
  <testcase name="validateAuthTabMinQuestion" classname="tests.AuthTabTest" time="0">
    <skipped message="The following asserts failed:&#10;	Terminate Execution as user not able to login into portal or Role does not assign to user. Please do needful."/>
    <system-out><![CDATA[02:41:49.799 I am in onTestStart method validateAuthTabMinQuestion start
]]></system-out>
  </testcase>
  <testcase name="validateSendInternetSetting" classname="tests.AuthTabTest" time="0">
    <skipped message="Method AuthTabTest.validateSendInternetSetting()[pri:5, instance:tests.AuthTabTest@222a59e6] depends on not successfully finished methods"/>
    <system-out><![CDATA[I am in on TestSkipped method validateAuthTabMinQuestion skipped
02:41:49.799 I am in onTestStart method validateSendInternetSetting start
]]></system-out>
  </testcase>
  <testcase name="checkExecution" classname="tests.customerInteractionTest" time="0.61">
    <failure message="The following asserts failed:&#10;	Terminate Execution as user not able to login into portal or Role does not assign to user. Please do needful." type="java.lang.AssertionError">java.lang.AssertionError: 
The following asserts failed:
	Terminate Execution as user not able to login into portal or Role does not assign to user. Please do needful.
	at tests.customerInteractionTest.checkExecution(customerInteractionTest.java:40)
</failure>
    <system-out><![CDATA[I am in on TestSkipped method validateSendInternetSetting skipped
I am in onFinish method Validate Authentication tab
I am in onStart method Customer Interactions TEST
02:41:50.393 [main] INFO  Utils.DataProviders.DataProviders(244) - User Type ALL
02:41:50.393 [main] INFO  Utils.DataProviders.DataProviders(247) - User Type ADDED ALL
02:41:50.393 [main] INFO  Utils.DataProviders.DataProviders(244) - User Type BA
02:41:50.393 [main] INFO  Utils.DataProviders.DataProviders(250) - NO USER FOUND
02:41:50.409 [main] INFO  Utils.DataProviders.DataProviders(244) - User Type NFTR
02:41:50.409 [main] INFO  Utils.DataProviders.DataProviders(250) - NO USER FOUND
02:41:50.409 [main] INFO  Utils.DataProviders.DataProviders(244) - User Type API
02:41:50.409 [main] INFO  Utils.DataProviders.DataProviders(250) - NO USER FOUND
]]></system-out>
  </testcase>
  <testcase name="checkExecution" classname="tests.customerInteractionTest" time="0">
    <skipped/>
  </testcase>
  <testcase name="checkExecution" classname="tests.customerInteractionTest" time="0">
    <skipped/>
  </testcase>
  <testcase name="openCustomerInteraction" classname="tests.customerInteractionTest" time="0">
    <skipped message="The following asserts failed:&#10;	Terminate Execution as user not able to login into portal or Role does not assign to user. Please do needful."/>
    <system-out><![CDATA[02:41:50.409 I am in onTestStart method openCustomerInteraction start
]]></system-out>
  </testcase>
  <testcase name="validateDemographicInformation" classname="tests.customerInteractionTest" time="0">
    <skipped message="Method customerInteractionTest.validateDemographicInformation(Utils.DataProviders.TestDatabean)[pri:2, instance:tests.customerInteractionTest@1f760b47] depends on not successfully finished methods"/>
    <system-out><![CDATA[I am in on TestSkipped method openCustomerInteraction skipped
02:41:50.409 I am in onTestStart method validateDemographicInformation start
]]></system-out>
  </testcase>
  <testcase name="methodLevelSetup" classname="tests.customerInteractionTest" time="0">
    <skipped/>
    <system-out><![CDATA[I am in on TestSkipped method validateDemographicInformation skipped
02:41:50.534 [main] INFO  Utils.DataProviders.DataProviders(244) - User Type ALL
02:41:50.534 [main] INFO  Utils.DataProviders.DataProviders(247) - User Type ADDED ALL
02:41:50.534 [main] INFO  Utils.DataProviders.DataProviders(244) - User Type BA
02:41:50.534 [main] INFO  Utils.DataProviders.DataProviders(250) - NO USER FOUND
02:41:50.549 [main] INFO  Utils.DataProviders.DataProviders(244) - User Type NFTR
02:41:50.549 [main] INFO  Utils.DataProviders.DataProviders(250) - NO USER FOUND
02:41:50.549 [main] INFO  Utils.DataProviders.DataProviders(244) - User Type API
02:41:50.549 [main] INFO  Utils.DataProviders.DataProviders(250) - NO USER FOUND
]]></system-out>
  </testcase>
  <testcase name="methodLevelSetup" classname="tests.customerInteractionTest" time="0">
    <skipped/>
    <system-out><![CDATA[I am in on TestSkipped method invalidMSISDNTest skipped
02:41:50.674 [main] INFO  Utils.DataProviders.DataProviders(244) - User Type ALL
02:41:50.674 [main] INFO  Utils.DataProviders.DataProviders(250) - NO USER FOUND
02:41:50.674 [main] INFO  Utils.DataProviders.DataProviders(244) - User Type BA
02:41:50.674 [main] INFO  Utils.DataProviders.DataProviders(250) - NO USER FOUND
02:41:50.674 [main] INFO  Utils.DataProviders.DataProviders(244) - User Type NFTR
02:41:50.674 [main] INFO  Utils.DataProviders.DataProviders(250) - NO USER FOUND
02:41:50.674 [main] INFO  Utils.DataProviders.DataProviders(244) - User Type API
02:41:50.674 [main] INFO  Utils.DataProviders.DataProviders(247) - User Type ADDED API
]]></system-out>
  </testcase>
  <testcase name="openCustomerInteractionBySIM" classname="tests.customerInteractionTest" time="0">
    <skipped message="The following asserts failed:&#10;	Terminate Execution as user not able to login into portal or Role does not assign to user. Please do needful."/>
    <system-out><![CDATA[02:41:50.549 I am in onTestStart method openCustomerInteractionBySIM start
]]></system-out>
  </testcase>
  <testcase name="validateDemographicInformationBySIMNumber" classname="tests.customerInteractionTest" time="0">
    <skipped message="Method customerInteractionTest.validateDemographicInformationBySIMNumber(Utils.DataProviders.TestDatabean)[pri:4, instance:tests.customerInteractionTest@1f760b47] depends on not successfully finished methods"/>
    <system-out><![CDATA[I am in on TestSkipped method openCustomerInteractionBySIM skipped
02:41:50.549 I am in onTestStart method validateDemographicInformationBySIMNumber start
]]></system-out>
  </testcase>
  <testcase name="invalidMSISDNTest" classname="tests.customerInteractionTest" time="0">
    <skipped message="Method customerInteractionTest.invalidMSISDNTest()[pri:5, instance:tests.customerInteractionTest@1f760b47] depends on not successfully finished methods"/>
    <system-out><![CDATA[I am in on TestSkipped method validateDemographicInformationBySIMNumber skipped
02:41:50.549 I am in onTestStart method invalidMSISDNTest start
]]></system-out>
  </testcase>
  <testcase name="openCustomerInteractionAPI" classname="tests.customerInteractionTest" time="0">
    <skipped message="The following asserts failed:&#10;	Terminate Execution as user not able to login into portal or Role does not assign to user. Please do needful."/>
    <system-out><![CDATA[02:41:50.674 I am in onTestStart method openCustomerInteractionAPI start
]]></system-out>
  </testcase>
  <testcase name="airtelMoneyTransactionWidgetTest" classname="tests.customerInteractionTest" time="0">
    <skipped message="Method customerInteractionTest.airtelMoneyTransactionWidgetTest(Utils.DataProviders.HeaderDataBean)[pri:7, instance:tests.customerInteractionTest@1f760b47] depends on not successfully finished methods"/>
    <system-out><![CDATA[I am in on TestSkipped method openCustomerInteractionAPI skipped
02:41:50.674 I am in onTestStart method airtelMoneyTransactionWidgetTest start
]]></system-out>
  </testcase>
  <testcase name="yourCurrentBalanceWidgetTest" classname="tests.customerInteractionTest" time="0">
    <skipped message="Method customerInteractionTest.yourCurrentBalanceWidgetTest()[pri:8, instance:tests.customerInteractionTest@1f760b47] depends on not successfully finished methods"/>
    <system-out><![CDATA[I am in on TestSkipped method airtelMoneyTransactionWidgetTest skipped
02:41:50.690 I am in onTestStart method yourCurrentBalanceWidgetTest start
]]></system-out>
  </testcase>
  <testcase name="usageHistoryWidgetTest" classname="tests.customerInteractionTest" time="0">
    <skipped message="Method customerInteractionTest.usageHistoryWidgetTest(Utils.DataProviders.HeaderDataBean)[pri:9, instance:tests.customerInteractionTest@1f760b47] depends on not successfully finished methods"/>
    <system-out><![CDATA[I am in on TestSkipped method yourCurrentBalanceWidgetTest skipped
02:41:50.690 I am in onTestStart method usageHistoryWidgetTest start
]]></system-out>
  </testcase>
  <testcase name="rechargeHistoryWidgetTest" classname="tests.customerInteractionTest" time="0">
    <skipped message="Method customerInteractionTest.rechargeHistoryWidgetTest(Utils.DataProviders.HeaderDataBean)[pri:10, instance:tests.customerInteractionTest@1f760b47] depends on not successfully finished methods"/>
    <system-out><![CDATA[I am in on TestSkipped method usageHistoryWidgetTest skipped
02:41:50.690 I am in onTestStart method rechargeHistoryWidgetTest start
]]></system-out>
  </testcase>
  <testcase name="validateServiceProfileWidget" classname="tests.customerInteractionTest" time="0">
    <skipped message="Method customerInteractionTest.validateServiceProfileWidget(Utils.DataProviders.HeaderDataBean)[pri:11, instance:tests.customerInteractionTest@1f760b47] depends on not successfully finished methods"/>
    <system-out><![CDATA[I am in on TestSkipped method rechargeHistoryWidgetTest skipped
02:41:50.690 I am in onTestStart method validateServiceProfileWidget start
]]></system-out>
  </testcase>
  <testcase name="checkExecution" classname="tests.widgetsOptionsTest" time="0.125">
    <failure message="The following asserts failed:&#10;	Terminate Execution as user not able to login into portal or Role does not assign to user. Please do needful." type="java.lang.AssertionError">java.lang.AssertionError: 
The following asserts failed:
	Terminate Execution as user not able to login into portal or Role does not assign to user. Please do needful.
	at tests.widgetsOptionsTest.checkExecution(widgetsOptionsTest.java:34)
</failure>
    <system-out><![CDATA[I am in on TestSkipped method validateServiceProfileWidget skipped
02:41:50.799 [main] INFO  Utils.DataProviders.DataProviders(244) - User Type ALL
02:41:50.799 [main] INFO  Utils.DataProviders.DataProviders(250) - NO USER FOUND
02:41:50.815 [main] INFO  Utils.DataProviders.DataProviders(244) - User Type BA
02:41:50.815 [main] INFO  Utils.DataProviders.DataProviders(250) - NO USER FOUND
02:41:50.815 [main] INFO  Utils.DataProviders.DataProviders(244) - User Type NFTR
02:41:50.815 [main] INFO  Utils.DataProviders.DataProviders(250) - NO USER FOUND
02:41:50.815 [main] INFO  Utils.DataProviders.DataProviders(244) - User Type API
02:41:50.815 [main] INFO  Utils.DataProviders.DataProviders(247) - User Type ADDED API
]]></system-out>
  </testcase>
  <testcase name="openCustomerInteractionAPI" classname="tests.widgetsOptionsTest" time="0">
    <skipped message="The following asserts failed:&#10;	Terminate Execution as user not able to login into portal or Role does not assign to user. Please do needful."/>
    <system-out><![CDATA[02:41:50.815 I am in onTestStart method openCustomerInteractionAPI start
]]></system-out>
  </testcase>
  <testcase name="daDetailsTest" classname="tests.widgetsOptionsTest" time="0">
    <skipped message="Method widgetsOptionsTest.daDetailsTest(Utils.DataProviders.HeaderDataBean)[pri:1, instance:tests.widgetsOptionsTest@18ece7f4] depends on not successfully finished methods"/>
    <system-out><![CDATA[I am in on TestSkipped method openCustomerInteractionAPI skipped
02:41:50.815 I am in onTestStart method daDetailsTest start
]]></system-out>
  </testcase>
  <testcase name="accumulatorDetailsTest" classname="tests.widgetsOptionsTest" time="0">
    <skipped message="Method widgetsOptionsTest.accumulatorDetailsTest(Utils.DataProviders.HeaderDataBean)[pri:2, instance:tests.widgetsOptionsTest@18ece7f4] depends on not successfully finished methods"/>
    <system-out><![CDATA[I am in on TestSkipped method daDetailsTest skipped
02:41:50.815 I am in onTestStart method accumulatorDetailsTest start
]]></system-out>
  </testcase>
  <testcase name="rechargeHistoryMenuTest" classname="tests.widgetsOptionsTest" time="0">
    <skipped message="Method widgetsOptionsTest.rechargeHistoryMenuTest(Utils.DataProviders.HeaderDataBean)[pri:5, instance:tests.widgetsOptionsTest@18ece7f4] depends on not successfully finished methods"/>
    <system-out><![CDATA[I am in on TestSkipped method accumulatorDetailsTest skipped
02:41:50.815 I am in onTestStart method rechargeHistoryMenuTest start
]]></system-out>
  </testcase>
  <testcase name="usageHistoryMenuTest" classname="tests.widgetsOptionsTest" time="0">
    <skipped message="Method widgetsOptionsTest.usageHistoryMenuTest(Utils.DataProviders.HeaderDataBean)[pri:6, instance:tests.widgetsOptionsTest@18ece7f4] depends on not successfully finished methods"/>
    <system-out><![CDATA[I am in on TestSkipped method rechargeHistoryMenuTest skipped
02:41:50.815 I am in onTestStart method usageHistoryMenuTest start
]]></system-out>
  </testcase>
  <testcase name="checkExecution" classname="tests.CRBTWidgetTest" time="0.484">
    <failure message="The following asserts failed:&#10;	Terminate Execution as user not able to login into portal or Role does not assign to user. Please do needful." type="java.lang.AssertionError">java.lang.AssertionError: 
The following asserts failed:
	Terminate Execution as user not able to login into portal or Role does not assign to user. Please do needful.
	at tests.CRBTWidgetTest.checkExecution(CRBTWidgetTest.java:32)
</failure>
    <system-out><![CDATA[I am in on TestSkipped method usageHistoryMenuTest skipped
I am in onFinish method Customer Interactions TEST
I am in onStart method CRBT Widget Test
02:41:51.299 [main] INFO  Utils.DataProviders.DataProviders(244) - User Type ALL
02:41:51.299 [main] INFO  Utils.DataProviders.DataProviders(250) - NO USER FOUND
02:41:51.299 [main] INFO  Utils.DataProviders.DataProviders(244) - User Type BA
02:41:51.299 [main] INFO  Utils.DataProviders.DataProviders(250) - NO USER FOUND
02:41:51.299 [main] INFO  Utils.DataProviders.DataProviders(244) - User Type NFTR
02:41:51.299 [main] INFO  Utils.DataProviders.DataProviders(247) - User Type ADDED NFTR
02:41:51.299 [main] INFO  Utils.DataProviders.DataProviders(244) - User Type API
02:41:51.299 [main] INFO  Utils.DataProviders.DataProviders(250) - NO USER FOUND
]]></system-out>
  </testcase>
  <testcase name="checkExecution" classname="tests.CRBTWidgetTest" time="0">
    <skipped/>
  </testcase>
  <testcase name="openCustomerInteraction" classname="tests.CRBTWidgetTest" time="0">
    <skipped message="The following asserts failed:&#10;	Terminate Execution as user not able to login into portal or Role does not assign to user. Please do needful."/>
    <system-out><![CDATA[02:41:51.299 I am in onTestStart method openCustomerInteraction start
]]></system-out>
  </testcase>
  <testcase name="methodLevelSetup" classname="tests.CRBTWidgetTest" time="0">
    <skipped/>
    <system-out><![CDATA[I am in on TestSkipped method openCustomerInteraction skipped
]]></system-out>
  </testcase>
  <testcase name="validateMyTuneTab" classname="tests.CRBTWidgetTest" time="0">
    <skipped message="The following asserts failed:&#10;	Terminate Execution as user not able to login into portal or Role does not assign to user. Please do needful."/>
    <system-out><![CDATA[02:41:51.408 I am in onTestStart method validateMyTuneTab start
]]></system-out>
  </testcase>
  <testcase name="checkExecution" classname="tests.createInteractionTest" time="0.516">
    <failure message="The following asserts failed:&#10;	Terminate Execution as user not able to login into portal or Role does not assign to user. Please do needful." type="java.lang.AssertionError">java.lang.AssertionError: 
The following asserts failed:
	Terminate Execution as user not able to login into portal or Role does not assign to user. Please do needful.
	at tests.createInteractionTest.checkExecution(createInteractionTest.java:54)
</failure>
    <system-out><![CDATA[I am in on TestSkipped method validateMyTuneTab skipped
I am in onFinish method CRBT Widget Test
I am in onStart method Create NFTR FTR Tickets TEST
02:41:51.924 [main] INFO  Utils.DataProviders.DataProviders(244) - User Type ALL
02:41:51.924 [main] INFO  Utils.DataProviders.DataProviders(250) - NO USER FOUND
02:41:51.924 [main] INFO  Utils.DataProviders.DataProviders(244) - User Type BA
02:41:51.924 [main] INFO  Utils.DataProviders.DataProviders(250) - NO USER FOUND
02:41:51.924 [main] INFO  Utils.DataProviders.DataProviders(244) - User Type NFTR
02:41:51.924 [main] INFO  Utils.DataProviders.DataProviders(247) - User Type ADDED NFTR
02:41:51.924 [main] INFO  Utils.DataProviders.DataProviders(244) - User Type API
02:41:51.924 [main] INFO  Utils.DataProviders.DataProviders(250) - NO USER FOUND
]]></system-out>
  </testcase>
  <testcase name="checkExecution" classname="tests.createInteractionTest" time="0">
    <skipped/>
  </testcase>
  <testcase name="openCustomerInteraction" classname="tests.createInteractionTest" time="0">
    <skipped message="The following asserts failed:&#10;	Terminate Execution as user not able to login into portal or Role does not assign to user. Please do needful."/>
    <system-out><![CDATA[02:41:51.924 I am in onTestStart method openCustomerInteraction start
]]></system-out>
  </testcase>
  <testcase name="CreateInteraction" classname="tests.createInteractionTest" time="0">
    <skipped message="Method createInteractionTest.CreateInteraction(Utils.DataProviders.ftrDataBeans)[pri:2, instance:tests.createInteractionTest@389b0789] depends on not successfully finished methods"/>
    <system-out><![CDATA[I am in on TestSkipped method openCustomerInteraction skipped
02:41:51.924 I am in onTestStart method CreateInteraction start
]]></system-out>
  </testcase>
  <testcase name="methodLevelSetup" classname="tests.createInteractionTest" time="0">
    <skipped/>
    <system-out><![CDATA[I am in on TestSkipped method CreateInteraction skipped
02:41:52.049 [main] INFO  Utils.DataProviders.DataProviders(244) - User Type ALL
02:41:52.049 [main] INFO  Utils.DataProviders.DataProviders(250) - NO USER FOUND
02:41:52.049 [main] INFO  Utils.DataProviders.DataProviders(244) - User Type BA
02:41:52.049 [main] INFO  Utils.DataProviders.DataProviders(250) - NO USER FOUND
02:41:52.049 [main] INFO  Utils.DataProviders.DataProviders(244) - User Type NFTR
02:41:52.049 [main] INFO  Utils.DataProviders.DataProviders(250) - NO USER FOUND
02:41:52.049 [main] INFO  Utils.DataProviders.DataProviders(244) - User Type API
02:41:52.049 [main] INFO  Utils.DataProviders.DataProviders(247) - User Type ADDED API
]]></system-out>
  </testcase>
  <testcase name="loginAPI" classname="tests.createInteractionTest" time="0">
    <skipped message="The following asserts failed:&#10;	Terminate Execution as user not able to login into portal or Role does not assign to user. Please do needful."/>
    <system-out><![CDATA[02:41:52.049 I am in onTestStart method loginAPI start
]]></system-out>
  </testcase>
  <testcase name="CreateNFTRInteraction" classname="tests.createInteractionTest" time="0">
    <skipped message="Method createInteractionTest.CreateNFTRInteraction(Utils.DataProviders.nftrDataBeans)[pri:4, instance:tests.createInteractionTest@389b0789] depends on not successfully finished methods"/>
    <system-out><![CDATA[I am in on TestSkipped method loginAPI skipped
02:41:52.049 I am in onTestStart method CreateNFTRInteraction start
]]></system-out>
  </testcase>
  <testcase name="checkExecution" classname="tests.PinTagTest" time="0.578">
    <failure message="The following asserts failed:&#10;	Terminate Execution as user not able to login into portal or Role does not assign to user. Please do needful." type="java.lang.AssertionError">java.lang.AssertionError: 
The following asserts failed:
	Terminate Execution as user not able to login into portal or Role does not assign to user. Please do needful.
	at tests.PinTagTest.checkExecution(PinTagTest.java:28)
</failure>
    <system-out><![CDATA[I am in on TestSkipped method CreateNFTRInteraction skipped
I am in onFinish method Create NFTR FTR Tickets TEST
I am in onStart method Customer Pinned Tag TEST
02:41:52.642 [main] INFO  Utils.DataProviders.DataProviders(244) - User Type ALL
02:41:52.642 [main] INFO  Utils.DataProviders.DataProviders(250) - NO USER FOUND
02:41:52.642 [main] INFO  Utils.DataProviders.DataProviders(244) - User Type BA
02:41:52.642 [main] INFO  Utils.DataProviders.DataProviders(250) - NO USER FOUND
02:41:52.642 [main] INFO  Utils.DataProviders.DataProviders(244) - User Type NFTR
02:41:52.642 [main] INFO  Utils.DataProviders.DataProviders(247) - User Type ADDED NFTR
02:41:52.642 [main] INFO  Utils.DataProviders.DataProviders(244) - User Type API
02:41:52.642 [main] INFO  Utils.DataProviders.DataProviders(250) - NO USER FOUND
]]></system-out>
  </testcase>
  <testcase name="checkExecution" classname="tests.PinTagTest" time="0">
    <skipped/>
  </testcase>
  <testcase name="checkExecution" classname="tests.PinTagTest" time="0">
    <skipped/>
  </testcase>
  <testcase name="checkExecution" classname="tests.PinTagTest" time="0">
    <skipped/>
  </testcase>
  <testcase name="checkExecution" classname="tests.PinTagTest" time="0">
    <skipped/>
  </testcase>
  <testcase name="openCustomerInteraction" classname="tests.PinTagTest" time="0">
    <skipped message="The following asserts failed:&#10;	Terminate Execution as user not able to login into portal or Role does not assign to user. Please do needful."/>
    <system-out><![CDATA[02:41:52.642 I am in onTestStart method openCustomerInteraction start
]]></system-out>
  </testcase>
  <testcase name="methodLevelSetup" classname="tests.PinTagTest" time="0">
    <skipped/>
    <system-out><![CDATA[I am in on TestSkipped method openCustomerInteraction skipped
]]></system-out>
  </testcase>
  <testcase name="methodLevelSetup" classname="tests.PinTagTest" time="0">
    <skipped/>
    <system-out><![CDATA[I am in on TestSkipped method checkALLPinnedTag skipped
]]></system-out>
  </testcase>
  <testcase name="methodLevelSetup" classname="tests.PinTagTest" time="0">
    <skipped/>
    <system-out><![CDATA[I am in on TestSkipped method checkIssueCodeForPinTag skipped
]]></system-out>
  </testcase>
  <testcase name="methodLevelSetup" classname="tests.PinTagTest" time="0">
    <skipped/>
    <system-out><![CDATA[I am in on TestSkipped method checkIssueCodeForPinTag skipped
]]></system-out>
  </testcase>
  <testcase name="checkALLPinnedTag" classname="tests.PinTagTest" time="0">
    <skipped message="The following asserts failed:&#10;	Terminate Execution as user not able to login into portal or Role does not assign to user. Please do needful."/>
    <system-out><![CDATA[02:41:52.642 I am in onTestStart method checkALLPinnedTag start
]]></system-out>
  </testcase>
  <testcase name="checkIssueCodeForPinTag" classname="tests.PinTagTest" time="0">
    <skipped message="The following asserts failed:&#10;	Terminate Execution as user not able to login into portal or Role does not assign to user. Please do needful."/>
    <system-out><![CDATA[02:41:52.721 I am in onTestStart method checkIssueCodeForPinTag start
]]></system-out>
  </testcase>
  <testcase name="checkIssueCodeForPinTag" classname="tests.PinTagTest" time="0">
    <skipped message="The following asserts failed:&#10;	Terminate Execution as user not able to login into portal or Role does not assign to user. Please do needful."/>
    <system-out><![CDATA[02:41:52.721 I am in onTestStart method checkIssueCodeForPinTag start
]]></system-out>
  </testcase>
  <testcase name="checkIssueCodeForPinTag" classname="tests.PinTagTest" time="0">
    <skipped message="The following asserts failed:&#10;	Terminate Execution as user not able to login into portal or Role does not assign to user. Please do needful."/>
    <system-out><![CDATA[02:41:52.721 I am in onTestStart method checkIssueCodeForPinTag start
]]></system-out>
  </testcase>
  <testcase name="checkExecution" classname="tests.InteractionCommentTest" time="0.515">
    <failure message="The following asserts failed:&#10;	Terminate Execution as user not able to login into portal or Role does not assign to user. Please do needful." type="java.lang.AssertionError">java.lang.AssertionError: 
The following asserts failed:
	Terminate Execution as user not able to login into portal or Role does not assign to user. Please do needful.
	at tests.InteractionCommentTest.checkExecution(InteractionCommentTest.java:32)
</failure>
    <system-out><![CDATA[I am in on TestSkipped method checkIssueCodeForPinTag skipped
I am in onFinish method Customer Pinned Tag TEST
I am in onStart method Add Interaction Ticket Comment
02:41:53.220 [main] INFO  Utils.DataProviders.DataProviders(244) - User Type ALL
02:41:53.220 [main] INFO  Utils.DataProviders.DataProviders(250) - NO USER FOUND
02:41:53.220 [main] INFO  Utils.DataProviders.DataProviders(244) - User Type BA
02:41:53.220 [main] INFO  Utils.DataProviders.DataProviders(250) - NO USER FOUND
02:41:53.220 [main] INFO  Utils.DataProviders.DataProviders(244) - User Type NFTR
02:41:53.236 [main] INFO  Utils.DataProviders.DataProviders(247) - User Type ADDED NFTR
02:41:53.236 [main] INFO  Utils.DataProviders.DataProviders(244) - User Type API
02:41:53.236 [main] INFO  Utils.DataProviders.DataProviders(250) - NO USER FOUND
]]></system-out>
  </testcase>
  <testcase name="checkExecution" classname="tests.InteractionCommentTest" time="0">
    <skipped/>
  </testcase>
  <testcase name="openCustomerInteraction" classname="tests.InteractionCommentTest" time="0">
    <skipped message="The following asserts failed:&#10;	Terminate Execution as user not able to login into portal or Role does not assign to user. Please do needful."/>
    <system-out><![CDATA[02:41:53.236 I am in onTestStart method openCustomerInteraction start
]]></system-out>
  </testcase>
  <testcase name="methodLevelSetup" classname="tests.InteractionCommentTest" time="0">
    <skipped/>
    <system-out><![CDATA[I am in on TestSkipped method openCustomerInteraction skipped
]]></system-out>
  </testcase>
  <testcase name="addInteractionComment" classname="tests.InteractionCommentTest" time="0">
    <skipped message="The following asserts failed:&#10;	Terminate Execution as user not able to login into portal or Role does not assign to user. Please do needful."/>
    <system-out><![CDATA[02:41:53.595 I am in onTestStart method addInteractionComment start
]]></system-out>
  </testcase>
  <testcase name="checkSendMessageLog" classname="tests.InteractionCommentTest" time="0">
    <skipped message="Method InteractionCommentTest.checkSendMessageLog()[pri:3, instance:tests.InteractionCommentTest@6f8e8894] depends on not successfully finished methods"/>
    <system-out><![CDATA[I am in on TestSkipped method addInteractionComment skipped
02:41:53.595 I am in onTestStart method checkSendMessageLog start
]]></system-out>
  </testcase>
  <testcase name="checkExecution" classname="tests.FrontendAgentTicketTest" time="0.422">
    <failure message="The following asserts failed:&#10;	Terminate Execution as user not able to login into portal or Role does not assign to user. Please do needful." type="java.lang.AssertionError">java.lang.AssertionError: 
The following asserts failed:
	Terminate Execution as user not able to login into portal or Role does not assign to user. Please do needful.
	at tests.FrontendAgentTicketTest.checkExecution(FrontendAgentTicketTest.java:26)
</failure>
    <system-out><![CDATA[I am in on TestSkipped method checkSendMessageLog skipped
I am in onFinish method Add Interaction Ticket Comment
I am in onStart method Validate Frontend Agent Ticket Page
02:41:54.017 [main] INFO  Utils.DataProviders.DataProviders(244) - User Type ALL
02:41:54.017 [main] INFO  Utils.DataProviders.DataProviders(250) - NO USER FOUND
02:41:54.017 [main] INFO  Utils.DataProviders.DataProviders(244) - User Type BA
02:41:54.017 [main] INFO  Utils.DataProviders.DataProviders(250) - NO USER FOUND
02:41:54.017 [main] INFO  Utils.DataProviders.DataProviders(244) - User Type NFTR
02:41:54.017 [main] INFO  Utils.DataProviders.DataProviders(247) - User Type ADDED NFTR
02:41:54.017 [main] INFO  Utils.DataProviders.DataProviders(244) - User Type API
02:41:54.017 [main] INFO  Utils.DataProviders.DataProviders(250) - NO USER FOUND
]]></system-out>
  </testcase>
  <testcase name="checkExecution" classname="tests.FrontendAgentTicketTest" time="0">
    <skipped/>
  </testcase>
  <testcase name="checkExecution" classname="tests.FrontendAgentTicketTest" time="0">
    <skipped/>
  </testcase>
  <testcase name="checkExecution" classname="tests.FrontendAgentTicketTest" time="0">
    <skipped/>
  </testcase>
  <testcase name="openCustomerInteraction" classname="tests.FrontendAgentTicketTest" time="0">
    <skipped message="The following asserts failed:&#10;	Terminate Execution as user not able to login into portal or Role does not assign to user. Please do needful."/>
    <system-out><![CDATA[02:41:54.017 I am in onTestStart method openCustomerInteraction start
]]></system-out>
  </testcase>
  <testcase name="methodLevelSetup" classname="tests.FrontendAgentTicketTest" time="0">
    <skipped/>
    <system-out><![CDATA[I am in on TestSkipped method openCustomerInteraction skipped
]]></system-out>
  </testcase>
  <testcase name="methodLevelSetup" classname="tests.FrontendAgentTicketTest" time="0">
    <skipped/>
    <system-out><![CDATA[I am in on TestSkipped method validateTicket skipped
]]></system-out>
  </testcase>
  <testcase name="methodLevelSetup" classname="tests.FrontendAgentTicketTest" time="0">
    <skipped/>
    <system-out><![CDATA[I am in on TestSkipped method validateAddToInteraction skipped
]]></system-out>
  </testcase>
  <testcase name="validateTicket" classname="tests.FrontendAgentTicketTest" time="0">
    <skipped message="The following asserts failed:&#10;	Terminate Execution as user not able to login into portal or Role does not assign to user. Please do needful."/>
    <system-out><![CDATA[02:41:54.017 I am in onTestStart method validateTicket start
]]></system-out>
  </testcase>
  <testcase name="validateAddToInteraction" classname="tests.FrontendAgentTicketTest" time="0">
    <skipped message="The following asserts failed:&#10;	Terminate Execution as user not able to login into portal or Role does not assign to user. Please do needful."/>
    <system-out><![CDATA[02:41:54.017 I am in onTestStart method validateAddToInteraction start
]]></system-out>
  </testcase>
  <testcase name="validateNFTRIssue" classname="tests.FrontendAgentTicketTest" time="0">
    <skipped message="The following asserts failed:&#10;	Terminate Execution as user not able to login into portal or Role does not assign to user. Please do needful."/>
    <system-out><![CDATA[02:41:54.017 I am in onTestStart method validateNFTRIssue start
]]></system-out>
  </testcase>
  <testcase name="validateSendSMSTab" classname="tests.FrontendAgentTicketTest" time="0">
    <skipped message="Method FrontendAgentTicketTest.validateSendSMSTab()[pri:5, instance:tests.FrontendAgentTicketTest@19976a65] depends on not successfully finished methods"/>
    <system-out><![CDATA[I am in on TestSkipped method validateNFTRIssue skipped
02:41:54.017 I am in onTestStart method validateSendSMSTab start
]]></system-out>
  </testcase>
  <testcase name="checkExecution" classname="tests.VoucherTabTest" time="0.531">
    <failure message="The following asserts failed:&#10;	Terminate Execution as user not able to login into portal or Role does not assign to user. Please do needful." type="java.lang.AssertionError">java.lang.AssertionError: 
The following asserts failed:
	Terminate Execution as user not able to login into portal or Role does not assign to user. Please do needful.
	at tests.VoucherTabTest.checkExecution(VoucherTabTest.java:47)
</failure>
    <system-out><![CDATA[I am in on TestSkipped method validateSendSMSTab skipped
I am in onFinish method Validate Frontend Agent Ticket Page
I am in onStart method Validate Voucher Tab
02:41:54.533 [main] INFO  Utils.DataProviders.DataProviders(244) - User Type ALL
02:41:54.533 [main] INFO  Utils.DataProviders.DataProviders(250) - NO USER FOUND
02:41:54.533 [main] INFO  Utils.DataProviders.DataProviders(244) - User Type BA
02:41:54.533 [main] INFO  Utils.DataProviders.DataProviders(250) - NO USER FOUND
02:41:54.533 [main] INFO  Utils.DataProviders.DataProviders(244) - User Type NFTR
02:41:54.548 [main] INFO  Utils.DataProviders.DataProviders(250) - NO USER FOUND
02:41:54.548 [main] INFO  Utils.DataProviders.DataProviders(244) - User Type API
02:41:54.548 [main] INFO  Utils.DataProviders.DataProviders(247) - User Type ADDED API
]]></system-out>
  </testcase>
  <testcase name="checkExecution" classname="tests.VoucherTabTest" time="0">
    <skipped/>
  </testcase>
  <testcase name="checkExecution" classname="tests.VoucherTabTest" time="0">
    <skipped/>
  </testcase>
  <testcase name="loginAPI" classname="tests.VoucherTabTest" time="0">
    <skipped message="The following asserts failed:&#10;	Terminate Execution as user not able to login into portal or Role does not assign to user. Please do needful."/>
    <system-out><![CDATA[02:41:54.548 I am in onTestStart method loginAPI start
]]></system-out>
  </testcase>
  <testcase name="methodLevelSetup" classname="tests.VoucherTabTest" time="0">
    <skipped/>
    <system-out><![CDATA[I am in on TestSkipped method loginAPI skipped
02:41:54.626 [main] INFO  Utils.DataProviders.DataProviders(244) - User Type ALL
02:41:54.626 [main] INFO  Utils.DataProviders.DataProviders(250) - NO USER FOUND
02:41:54.626 [main] INFO  Utils.DataProviders.DataProviders(244) - User Type BA
02:41:54.626 [main] INFO  Utils.DataProviders.DataProviders(250) - NO USER FOUND
02:41:54.626 [main] INFO  Utils.DataProviders.DataProviders(244) - User Type NFTR
02:41:54.626 [main] INFO  Utils.DataProviders.DataProviders(247) - User Type ADDED NFTR
02:41:54.626 [main] INFO  Utils.DataProviders.DataProviders(244) - User Type API
02:41:54.626 [main] INFO  Utils.DataProviders.DataProviders(250) - NO USER FOUND
]]></system-out>
  </testcase>
  <testcase name="methodLevelSetup" classname="tests.VoucherTabTest" time="0">
    <skipped/>
    <system-out><![CDATA[I am in on TestSkipped method openCustomerInteraction skipped
]]></system-out>
  </testcase>
  <testcase name="openCustomerInteraction" classname="tests.VoucherTabTest" time="0">
    <skipped message="The following asserts failed:&#10;	Terminate Execution as user not able to login into portal or Role does not assign to user. Please do needful."/>
    <system-out><![CDATA[02:41:54.626 I am in onTestStart method openCustomerInteraction start
]]></system-out>
  </testcase>
  <testcase name="voucherSearchTest" classname="tests.VoucherTabTest" time="0">
    <skipped message="The following asserts failed:&#10;	Terminate Execution as user not able to login into portal or Role does not assign to user. Please do needful."/>
    <system-out><![CDATA[02:41:54.626 I am in onTestStart method voucherSearchTest start
]]></system-out>
  </testcase>
  <testcase name="checkExecution" classname="tests.ClearRefillErrorTest" time="0.422">
    <failure message="The following asserts failed:&#10;	Terminate Execution as user not able to login into portal or Role does not assign to user. Please do needful." type="java.lang.AssertionError">java.lang.AssertionError: 
The following asserts failed:
	Terminate Execution as user not able to login into portal or Role does not assign to user. Please do needful.
	at tests.ClearRefillErrorTest.checkExecution(ClearRefillErrorTest.java:31)
</failure>
    <system-out><![CDATA[I am in on TestSkipped method voucherSearchTest skipped
I am in onFinish method Validate Voucher Tab
I am in onStart method Clear Refill error
02:41:55.048 [main] INFO  Utils.DataProviders.DataProviders(244) - User Type ALL
02:41:55.048 [main] INFO  Utils.DataProviders.DataProviders(250) - NO USER FOUND
02:41:55.048 [main] INFO  Utils.DataProviders.DataProviders(244) - User Type BA
02:41:55.048 [main] INFO  Utils.DataProviders.DataProviders(250) - NO USER FOUND
02:41:55.048 [main] INFO  Utils.DataProviders.DataProviders(244) - User Type NFTR
02:41:55.048 [main] INFO  Utils.DataProviders.DataProviders(250) - NO USER FOUND
02:41:55.048 [main] INFO  Utils.DataProviders.DataProviders(244) - User Type API
02:41:55.048 [main] INFO  Utils.DataProviders.DataProviders(247) - User Type ADDED API
]]></system-out>
  </testcase>
  <testcase name="openCustomerInteractionAPI" classname="tests.ClearRefillErrorTest" time="0">
    <skipped message="The following asserts failed:&#10;	Terminate Execution as user not able to login into portal or Role does not assign to user. Please do needful."/>
    <system-out><![CDATA[02:41:55.048 I am in onTestStart method openCustomerInteractionAPI start
]]></system-out>
  </testcase>
  <testcase name="clearRefillTest" classname="tests.ClearRefillErrorTest" time="0">
    <skipped message="Method ClearRefillErrorTest.clearRefillTest()[pri:2, instance:tests.ClearRefillErrorTest@43015c69] depends on not successfully finished methods"/>
    <system-out><![CDATA[I am in on TestSkipped method openCustomerInteractionAPI skipped
02:41:55.048 I am in onTestStart method clearRefillTest start
]]></system-out>
  </testcase>
  <testcase name="checkExecution" classname="tests.LoanWidgetTest" time="0.515">
    <failure message="The following asserts failed:&#10;	Terminate Execution as user not able to login into portal or Role does not assign to user. Please do needful." type="java.lang.AssertionError">java.lang.AssertionError: 
The following asserts failed:
	Terminate Execution as user not able to login into portal or Role does not assign to user. Please do needful.
	at tests.LoanWidgetTest.checkExecution(LoanWidgetTest.java:38)
</failure>
    <system-out><![CDATA[I am in on TestSkipped method clearRefillTest skipped
I am in onFinish method Clear Refill error
I am in onStart method Loan Widget Test
02:41:55.564 [main] INFO  Utils.DataProviders.DataProviders(244) - User Type ALL
02:41:55.564 [main] INFO  Utils.DataProviders.DataProviders(247) - User Type ADDED ALL
02:41:55.579 [main] INFO  Utils.DataProviders.DataProviders(244) - User Type BA
02:41:55.579 [main] INFO  Utils.DataProviders.DataProviders(250) - NO USER FOUND
02:41:55.579 [main] INFO  Utils.DataProviders.DataProviders(244) - User Type NFTR
02:41:55.579 [main] INFO  Utils.DataProviders.DataProviders(250) - NO USER FOUND
02:41:55.579 [main] INFO  Utils.DataProviders.DataProviders(244) - User Type API
02:41:55.579 [main] INFO  Utils.DataProviders.DataProviders(250) - NO USER FOUND
]]></system-out>
  </testcase>
  <testcase name="openCustomerInteraction" classname="tests.LoanWidgetTest" time="0">
    <skipped message="The following asserts failed:&#10;	Terminate Execution as user not able to login into portal or Role does not assign to user. Please do needful."/>
    <system-out><![CDATA[02:41:55.579 I am in onTestStart method openCustomerInteraction start
]]></system-out>
  </testcase>
  <testcase name="validateLoanWidgetLayout" classname="tests.LoanWidgetTest" time="0">
    <skipped message="Method LoanWidgetTest.validateLoanWidgetLayout(Utils.DataProviders.HeaderDataBean)[pri:2, instance:tests.LoanWidgetTest@24c22fe] depends on not successfully finished methods"/>
    <system-out><![CDATA[I am in on TestSkipped method openCustomerInteraction skipped
02:41:55.579 I am in onTestStart method validateLoanWidgetLayout start
]]></system-out>
  </testcase>
  <testcase name="validateLoanWidget" classname="tests.LoanWidgetTest" time="0">
    <skipped message="Method LoanWidgetTest.validateLoanWidget()[pri:3, instance:tests.LoanWidgetTest@24c22fe] depends on not successfully finished methods"/>
    <system-out><![CDATA[I am in on TestSkipped method validateLoanWidgetLayout skipped
02:41:55.579 I am in onTestStart method validateLoanWidget start
]]></system-out>
  </testcase>
  <testcase name="validateLoanDetailWidget" classname="tests.LoanWidgetTest" time="0">
    <skipped message="Method LoanWidgetTest.validateLoanDetailWidget(Utils.DataProviders.HeaderDataBean)[pri:4, instance:tests.LoanWidgetTest@24c22fe] depends on not successfully finished methods"/>
    <system-out><![CDATA[I am in on TestSkipped method validateLoanWidget skipped
02:41:55.579 I am in onTestStart method validateLoanDetailWidget start
]]></system-out>
  </testcase>
  <testcase name="validateLoanHistoryWidget" classname="tests.LoanWidgetTest" time="0">
    <skipped message="Method LoanWidgetTest.validateLoanHistoryWidget(Utils.DataProviders.HeaderDataBean)[pri:5, instance:tests.LoanWidgetTest@24c22fe] depends on not successfully finished methods"/>
    <system-out><![CDATA[I am in on TestSkipped method validateLoanDetailWidget skipped
02:41:55.579 I am in onTestStart method validateLoanHistoryWidget start
]]></system-out>
  </testcase>
  <testcase name="checkExecution" classname="tests.TicketBulkUpdateTest" time="0.625">
    <failure message="The following asserts failed:&#10;	Terminate Execution as user not able to login into portal or Role does not assign to user. Please do needful." type="java.lang.AssertionError">java.lang.AssertionError: 
The following asserts failed:
	Terminate Execution as user not able to login into portal or Role does not assign to user. Please do needful.
	at tests.TicketBulkUpdateTest.checkExecution(TicketBulkUpdateTest.java:31)
</failure>
    <system-out><![CDATA[I am in on TestSkipped method validateLoanHistoryWidget skipped
I am in onFinish method Loan Widget Test
I am in onStart method Supervisors Ticket Bulk Update Test
]]></system-out>
  </testcase>
  <testcase name="checkExecution" classname="tests.TicketBulkUpdateTest" time="0">
    <skipped/>
  </testcase>
  <testcase name="openTicketBulkUpdate" classname="tests.TicketBulkUpdateTest" time="0">
    <skipped message="The following asserts failed:&#10;	Terminate Execution as user not able to login into portal or Role does not assign to user. Please do needful."/>
    <system-out><![CDATA[02:41:56.204 I am in onTestStart method openTicketBulkUpdate start
]]></system-out>
  </testcase>
  <testcase name="maxTicketSelectTest" classname="tests.TicketBulkUpdateTest" time="0">
    <skipped message="Method TicketBulkUpdateTest.maxTicketSelectTest(java.lang.reflect.Method)[pri:2, instance:tests.TicketBulkUpdateTest@26adfd2d] depends on not successfully finished methods"/>
    <system-out><![CDATA[I am in on TestSkipped method openTicketBulkUpdate skipped
02:41:56.204 I am in onTestStart method maxTicketSelectTest start
]]></system-out>
  </testcase>
  <testcase name="uploadTicketFromExcelTest" classname="tests.TicketBulkUpdateTest" time="0">
    <skipped message="Method TicketBulkUpdateTest.uploadTicketFromExcelTest(java.lang.reflect.Method)[pri:3, instance:tests.TicketBulkUpdateTest@26adfd2d] depends on not successfully finished methods"/>
    <system-out><![CDATA[I am in on TestSkipped method maxTicketSelectTest skipped
02:41:56.204 I am in onTestStart method uploadTicketFromExcelTest start
]]></system-out>
  </testcase>
  <testcase name="bulkOptionTest" classname="tests.TicketBulkUpdateTest" time="0">
    <skipped message="Method TicketBulkUpdateTest.bulkOptionTest(java.lang.reflect.Method)[pri:4, instance:tests.TicketBulkUpdateTest@26adfd2d] depends on not successfully finished methods"/>
    <system-out><![CDATA[I am in on TestSkipped method uploadTicketFromExcelTest skipped
02:41:56.204 I am in onTestStart method bulkOptionTest start
]]></system-out>
  </testcase>
  <testcase name="methodLevelSetup" classname="tests.TicketBulkUpdateTest" time="0">
    <skipped/>
    <system-out><![CDATA[I am in on TestSkipped method bulkOptionTest skipped
]]></system-out>
  </testcase>
  <testcase name="bulkAddCommentTest" classname="tests.TicketBulkUpdateTest" time="0">
    <skipped message="The following asserts failed:&#10;	Terminate Execution as user not able to login into portal or Role does not assign to user. Please do needful."/>
    <system-out><![CDATA[02:41:56.204 I am in onTestStart method bulkAddCommentTest start
]]></system-out>
  </testcase>
  <testcase name="Logout" classname="tests.LogoutTest" time="15.233">
    <failure message="did not expect to find [true] but found [false]" type="java.lang.AssertionError">java.lang.AssertionError: did not expect to find [true] but found [false]
	at tests.LogoutTest.Logout(LogoutTest.java:32)
</failure>
    <system-out><![CDATA[I am in on TestSkipped method bulkAddCommentTest skipped
I am in onFinish method Supervisors Ticket Bulk Update Test
I am in onStart method Logout Test
02:41:56.657 I am in onTestStart method Logout start
02:41:56.704 [main] INFO  pages.BasePage(328) - Waiting for loader to be removed
02:42:01.747 [main] INFO  pages.BasePage(328) - Loader Removed
02:42:01.747 [main] INFO  pages.SideMenuPOM(57) - Checking that  Side Menu options are Visible or Not
02:42:06.807 [main] INFO  pages.loginPagePOM(26) - Checking is Enter AUUID field is Visible
]]></system-out>
    <system-err><![CDATA[org.openqa.selenium.NoSuchElementException: no such element: Unable to locate element: {"method":"xpath","selector":"//mat-toolbar//button"}
  (Session info: headless chrome=89.0.4389.90)
For documentation on this error, please visit: https://www.seleniumhq.org/exceptions/no_such_element.html
Build info: version: '4.0.0-alpha-3', revision: '8c567de6dc'
System info: host: 'LT2394650', ip: '172.23.64.219', os.name: 'Windows 10', os.arch: 'amd64', os.version: '10.0', java.version: '1.8.0_231'
Driver info: org.openqa.selenium.chrome.ChromeDriver
Capabilities {acceptInsecureCerts: true, browserName: chrome, browserVersion: 89.0.4389.90, chrome: {chromedriverVersion: 89.0.4389.23 (61b08ee2c5002..., userDataDir: C:\Users\2394650\AppData\Lo...}, goog:chromeOptions: {debuggerAddress: localhost:56922}, javascriptEnabled: true, networkConnectionEnabled: false, pageLoadStrategy: normal, platform: WINDOWS, platformName: WINDOWS, proxy: Proxy(), setWindowRect: true, strictFileInteractability: false, timeouts: {implicit: 0, pageLoad: 300000, script: 30000}, unhandledPromptBehavior: dismiss and notify, webauthn:extension:largeBlob: true, webauthn:virtualAuthenticators: true}
Session ID: 94b3a7619e74f60390a19cf6f2350ccd
*** Element info: {Using=xpath, value=//mat-toolbar//button}
	at sun.reflect.NativeConstructorAccessorImpl.newInstance0(Native Method)
	at sun.reflect.NativeConstructorAccessorImpl.newInstance(NativeConstructorAccessorImpl.java:62)
	at sun.reflect.DelegatingConstructorAccessorImpl.newInstance(DelegatingConstructorAccessorImpl.java:45)
	at java.lang.reflect.Constructor.newInstance(Constructor.java:423)
	at org.openqa.selenium.remote.codec.w3c.W3CHttpResponseCodec.createException(W3CHttpResponseCodec.java:191)
	at org.openqa.selenium.remote.codec.w3c.W3CHttpResponseCodec.decode(W3CHttpResponseCodec.java:125)
	at org.openqa.selenium.remote.codec.w3c.W3CHttpResponseCodec.decode(W3CHttpResponseCodec.java:52)
	at org.openqa.selenium.remote.HttpCommandExecutor.execute(HttpCommandExecutor.java:161)
	at org.openqa.selenium.remote.service.DriverCommandExecutor.execute(DriverCommandExecutor.java:83)
	at org.openqa.selenium.remote.RemoteWebDriver.execute(RemoteWebDriver.java:576)
	at org.openqa.selenium.remote.RemoteWebDriver.findElement(RemoteWebDriver.java:327)
	at org.openqa.selenium.remote.RemoteWebDriver.findElementByXPath(RemoteWebDriver.java:445)
	at org.openqa.selenium.By$ByXPath.findElement(By.java:396)
	at org.openqa.selenium.remote.RemoteWebDriver.findElement(RemoteWebDriver.java:319)
	at pages.BasePage.isElementVisible(BasePage.java:234)
	at pages.SideMenuPOM.isSideMenuVisible(SideMenuPOM.java:60)
	at tests.LogoutTest.Logout(LogoutTest.java:21)
	at sun.reflect.NativeMethodAccessorImpl.invoke0(Native Method)
	at sun.reflect.NativeMethodAccessorImpl.invoke(NativeMethodAccessorImpl.java:62)
	at sun.reflect.DelegatingMethodAccessorImpl.invoke(DelegatingMethodAccessorImpl.java:43)
	at java.lang.reflect.Method.invoke(Method.java:498)
	at org.testng.internal.MethodInvocationHelper.invokeMethod(MethodInvocationHelper.java:133)
	at org.testng.internal.TestInvoker.invokeMethod(TestInvoker.java:584)
	at org.testng.internal.TestInvoker.invokeTestMethod(TestInvoker.java:172)
	at org.testng.internal.MethodRunner.runInSequence(MethodRunner.java:46)
	at org.testng.internal.TestInvoker$MethodInvocationAgent.invoke(TestInvoker.java:804)
	at org.testng.internal.TestInvoker.invokeTestMethods(TestInvoker.java:145)
	at org.testng.internal.TestMethodWorker.invokeTestMethods(TestMethodWorker.java:146)
	at org.testng.internal.TestMethodWorker.run(TestMethodWorker.java:128)
	at java.util.ArrayList.forEach(ArrayList.java:1257)
	at org.testng.TestRunner.privateRun(TestRunner.java:770)
	at org.testng.TestRunner.run(TestRunner.java:591)
	at org.testng.SuiteRunner.runTest(SuiteRunner.java:402)
	at org.testng.SuiteRunner.runSequentially(SuiteRunner.java:396)
	at org.testng.SuiteRunner.privateRun(SuiteRunner.java:355)
	at org.testng.SuiteRunner.run(SuiteRunner.java:304)
	at org.testng.SuiteRunnerWorker.runSuite(SuiteRunnerWorker.java:53)
	at org.testng.SuiteRunnerWorker.run(SuiteRunnerWorker.java:96)
	at org.testng.TestNG.runSuitesSequentially(TestNG.java:1180)
	at org.testng.TestNG.runSuitesLocally(TestNG.java:1102)
	at org.testng.TestNG.runSuites(TestNG.java:1032)
	at org.testng.TestNG.run(TestNG.java:1000)
	at org.apache.maven.surefire.testng.TestNGExecutor.run(TestNGExecutor.java:283)
	at org.apache.maven.surefire.testng.TestNGXmlTestSuite.execute(TestNGXmlTestSuite.java:75)
	at org.apache.maven.surefire.testng.TestNGProvider.invoke(TestNGProvider.java:120)
	at org.apache.maven.surefire.booter.ForkedBooter.invokeProviderInSameClassLoader(ForkedBooter.java:384)
	at org.apache.maven.surefire.booter.ForkedBooter.runSuitesInProcess(ForkedBooter.java:345)
	at org.apache.maven.surefire.booter.ForkedBooter.execute(ForkedBooter.java:126)
	at org.apache.maven.surefire.booter.ForkedBooter.main(ForkedBooter.java:418)
org.openqa.selenium.NoSuchElementException: no such element: Unable to locate element: {"method":"xpath","selector":"//input[@formcontrolname="loginTypeStatus"]"}
  (Session info: headless chrome=89.0.4389.90)
For documentation on this error, please visit: https://www.seleniumhq.org/exceptions/no_such_element.html
Build info: version: '4.0.0-alpha-3', revision: '8c567de6dc'
System info: host: 'LT2394650', ip: '172.23.64.219', os.name: 'Windows 10', os.arch: 'amd64', os.version: '10.0', java.version: '1.8.0_231'
Driver info: org.openqa.selenium.chrome.ChromeDriver
Capabilities {acceptInsecureCerts: true, browserName: chrome, browserVersion: 89.0.4389.90, chrome: {chromedriverVersion: 89.0.4389.23 (61b08ee2c5002..., userDataDir: C:\Users\2394650\AppData\Lo...}, goog:chromeOptions: {debuggerAddress: localhost:56922}, javascriptEnabled: true, networkConnectionEnabled: false, pageLoadStrategy: normal, platform: WINDOWS, platformName: WINDOWS, proxy: Proxy(), setWindowRect: true, strictFileInteractability: false, timeouts: {implicit: 0, pageLoad: 300000, script: 30000}, unhandledPromptBehavior: dismiss and notify, webauthn:extension:largeBlob: true, webauthn:virtualAuthenticators: true}
Session ID: 94b3a7619e74f60390a19cf6f2350ccd
*** Element info: {Using=xpath, value=//input[@formcontrolname="loginTypeStatus"]}
	at sun.reflect.NativeConstructorAccessorImpl.newInstance0(Native Method)
	at sun.reflect.NativeConstructorAccessorImpl.newInstance(NativeConstructorAccessorImpl.java:62)
	at sun.reflect.DelegatingConstructorAccessorImpl.newInstance(DelegatingConstructorAccessorImpl.java:45)
	at java.lang.reflect.Constructor.newInstance(Constructor.java:423)
	at org.openqa.selenium.remote.codec.w3c.W3CHttpResponseCodec.createException(W3CHttpResponseCodec.java:191)
	at org.openqa.selenium.remote.codec.w3c.W3CHttpResponseCodec.decode(W3CHttpResponseCodec.java:125)
	at org.openqa.selenium.remote.codec.w3c.W3CHttpResponseCodec.decode(W3CHttpResponseCodec.java:52)
	at org.openqa.selenium.remote.HttpCommandExecutor.execute(HttpCommandExecutor.java:161)
	at org.openqa.selenium.remote.service.DriverCommandExecutor.execute(DriverCommandExecutor.java:83)
	at org.openqa.selenium.remote.RemoteWebDriver.execute(RemoteWebDriver.java:576)
	at org.openqa.selenium.remote.RemoteWebDriver.findElement(RemoteWebDriver.java:327)
	at org.openqa.selenium.remote.RemoteWebDriver.findElementByXPath(RemoteWebDriver.java:445)
	at org.openqa.selenium.By$ByXPath.findElement(By.java:396)
	at org.openqa.selenium.remote.RemoteWebDriver.findElement(RemoteWebDriver.java:319)
	at pages.BasePage.isElementVisible(BasePage.java:234)
	at pages.loginPagePOM.isEnterAUUIDFieldVisible(loginPagePOM.java:28)
	at tests.LogoutTest.Logout(LogoutTest.java:32)
	at sun.reflect.NativeMethodAccessorImpl.invoke0(Native Method)
	at sun.reflect.NativeMethodAccessorImpl.invoke(NativeMethodAccessorImpl.java:62)
	at sun.reflect.DelegatingMethodAccessorImpl.invoke(DelegatingMethodAccessorImpl.java:43)
	at java.lang.reflect.Method.invoke(Method.java:498)
	at org.testng.internal.MethodInvocationHelper.invokeMethod(MethodInvocationHelper.java:133)
	at org.testng.internal.TestInvoker.invokeMethod(TestInvoker.java:584)
	at org.testng.internal.TestInvoker.invokeTestMethod(TestInvoker.java:172)
	at org.testng.internal.MethodRunner.runInSequence(MethodRunner.java:46)
	at org.testng.internal.TestInvoker$MethodInvocationAgent.invoke(TestInvoker.java:804)
	at org.testng.internal.TestInvoker.invokeTestMethods(TestInvoker.java:145)
	at org.testng.internal.TestMethodWorker.invokeTestMethods(TestMethodWorker.java:146)
	at org.testng.internal.TestMethodWorker.run(TestMethodWorker.java:128)
	at java.util.ArrayList.forEach(ArrayList.java:1257)
	at org.testng.TestRunner.privateRun(TestRunner.java:770)
	at org.testng.TestRunner.run(TestRunner.java:591)
	at org.testng.SuiteRunner.runTest(SuiteRunner.java:402)
	at org.testng.SuiteRunner.runSequentially(SuiteRunner.java:396)
	at org.testng.SuiteRunner.privateRun(SuiteRunner.java:355)
	at org.testng.SuiteRunner.run(SuiteRunner.java:304)
	at org.testng.SuiteRunnerWorker.runSuite(SuiteRunnerWorker.java:53)
	at org.testng.SuiteRunnerWorker.run(SuiteRunnerWorker.java:96)
	at org.testng.TestNG.runSuitesSequentially(TestNG.java:1180)
	at org.testng.TestNG.runSuitesLocally(TestNG.java:1102)
	at org.testng.TestNG.runSuites(TestNG.java:1032)
	at org.testng.TestNG.run(TestNG.java:1000)
	at org.apache.maven.surefire.testng.TestNGExecutor.run(TestNGExecutor.java:283)
	at org.apache.maven.surefire.testng.TestNGXmlTestSuite.execute(TestNGXmlTestSuite.java:75)
	at org.apache.maven.surefire.testng.TestNGProvider.invoke(TestNGProvider.java:120)
	at org.apache.maven.surefire.booter.ForkedBooter.invokeProviderInSameClassLoader(ForkedBooter.java:384)
	at org.apache.maven.surefire.booter.ForkedBooter.runSuitesInProcess(ForkedBooter.java:345)
	at org.apache.maven.surefire.booter.ForkedBooter.execute(ForkedBooter.java:126)
	at org.apache.maven.surefire.booter.ForkedBooter.main(ForkedBooter.java:418)
]]></system-err>
  </testcase>
  <testcase name="Logout" classname="tests.LogoutTest" time="15.153">
    <failure message="did not expect to find [true] but found [false]" type="java.lang.AssertionError">java.lang.AssertionError: did not expect to find [true] but found [false]
	at tests.LogoutTest.Logout(LogoutTest.java:32)
</failure>
    <system-out><![CDATA[I am in on TestSkipped method deleteLastAddedComment skipped
I am in onFinish method Supervisors Add Comment on Ticket
I am in onStart method Logout Supervisor Test
02:42:18.642 I am in onTestStart method Logout start
02:42:18.673 [main] INFO  pages.BasePage(328) - Waiting for loader to be removed
02:42:23.703 [main] INFO  pages.BasePage(328) - Loader Removed
02:42:23.703 [main] INFO  pages.SideMenuPOM(57) - Checking that  Side Menu options are Visible or Not
02:42:28.749 [main] INFO  pages.loginPagePOM(26) - Checking is Enter AUUID field is Visible
]]></system-out>
    <system-err><![CDATA[org.openqa.selenium.NoSuchElementException: no such element: Unable to locate element: {"method":"xpath","selector":"//mat-toolbar//button"}
  (Session info: headless chrome=89.0.4389.90)
For documentation on this error, please visit: https://www.seleniumhq.org/exceptions/no_such_element.html
Build info: version: '4.0.0-alpha-3', revision: '8c567de6dc'
System info: host: 'LT2394650', ip: '172.23.64.219', os.name: 'Windows 10', os.arch: 'amd64', os.version: '10.0', java.version: '1.8.0_231'
Driver info: org.openqa.selenium.chrome.ChromeDriver
Capabilities {acceptInsecureCerts: true, browserName: chrome, browserVersion: 89.0.4389.90, chrome: {chromedriverVersion: 89.0.4389.23 (61b08ee2c5002..., userDataDir: C:\Users\2394650\AppData\Lo...}, goog:chromeOptions: {debuggerAddress: localhost:56922}, javascriptEnabled: true, networkConnectionEnabled: false, pageLoadStrategy: normal, platform: WINDOWS, platformName: WINDOWS, proxy: Proxy(), setWindowRect: true, strictFileInteractability: false, timeouts: {implicit: 0, pageLoad: 300000, script: 30000}, unhandledPromptBehavior: dismiss and notify, webauthn:extension:largeBlob: true, webauthn:virtualAuthenticators: true}
Session ID: 94b3a7619e74f60390a19cf6f2350ccd
*** Element info: {Using=xpath, value=//mat-toolbar//button}
	at sun.reflect.NativeConstructorAccessorImpl.newInstance0(Native Method)
	at sun.reflect.NativeConstructorAccessorImpl.newInstance(NativeConstructorAccessorImpl.java:62)
	at sun.reflect.DelegatingConstructorAccessorImpl.newInstance(DelegatingConstructorAccessorImpl.java:45)
	at java.lang.reflect.Constructor.newInstance(Constructor.java:423)
	at org.openqa.selenium.remote.codec.w3c.W3CHttpResponseCodec.createException(W3CHttpResponseCodec.java:191)
	at org.openqa.selenium.remote.codec.w3c.W3CHttpResponseCodec.decode(W3CHttpResponseCodec.java:125)
	at org.openqa.selenium.remote.codec.w3c.W3CHttpResponseCodec.decode(W3CHttpResponseCodec.java:52)
	at org.openqa.selenium.remote.HttpCommandExecutor.execute(HttpCommandExecutor.java:161)
	at org.openqa.selenium.remote.service.DriverCommandExecutor.execute(DriverCommandExecutor.java:83)
	at org.openqa.selenium.remote.RemoteWebDriver.execute(RemoteWebDriver.java:576)
	at org.openqa.selenium.remote.RemoteWebDriver.findElement(RemoteWebDriver.java:327)
	at org.openqa.selenium.remote.RemoteWebDriver.findElementByXPath(RemoteWebDriver.java:445)
	at org.openqa.selenium.By$ByXPath.findElement(By.java:396)
	at org.openqa.selenium.remote.RemoteWebDriver.findElement(RemoteWebDriver.java:319)
	at pages.BasePage.isElementVisible(BasePage.java:234)
	at pages.SideMenuPOM.isSideMenuVisible(SideMenuPOM.java:60)
	at tests.LogoutTest.Logout(LogoutTest.java:21)
	at sun.reflect.NativeMethodAccessorImpl.invoke0(Native Method)
	at sun.reflect.NativeMethodAccessorImpl.invoke(NativeMethodAccessorImpl.java:62)
	at sun.reflect.DelegatingMethodAccessorImpl.invoke(DelegatingMethodAccessorImpl.java:43)
	at java.lang.reflect.Method.invoke(Method.java:498)
	at org.testng.internal.MethodInvocationHelper.invokeMethod(MethodInvocationHelper.java:133)
	at org.testng.internal.TestInvoker.invokeMethod(TestInvoker.java:584)
	at org.testng.internal.TestInvoker.invokeTestMethod(TestInvoker.java:172)
	at org.testng.internal.MethodRunner.runInSequence(MethodRunner.java:46)
	at org.testng.internal.TestInvoker$MethodInvocationAgent.invoke(TestInvoker.java:804)
	at org.testng.internal.TestInvoker.invokeTestMethods(TestInvoker.java:145)
	at org.testng.internal.TestMethodWorker.invokeTestMethods(TestMethodWorker.java:146)
	at org.testng.internal.TestMethodWorker.run(TestMethodWorker.java:128)
	at java.util.ArrayList.forEach(ArrayList.java:1257)
	at org.testng.TestRunner.privateRun(TestRunner.java:770)
	at org.testng.TestRunner.run(TestRunner.java:591)
	at org.testng.SuiteRunner.runTest(SuiteRunner.java:402)
	at org.testng.SuiteRunner.runSequentially(SuiteRunner.java:396)
	at org.testng.SuiteRunner.privateRun(SuiteRunner.java:355)
	at org.testng.SuiteRunner.run(SuiteRunner.java:304)
	at org.testng.SuiteRunnerWorker.runSuite(SuiteRunnerWorker.java:53)
	at org.testng.SuiteRunnerWorker.run(SuiteRunnerWorker.java:96)
	at org.testng.TestNG.runSuitesSequentially(TestNG.java:1180)
	at org.testng.TestNG.runSuitesLocally(TestNG.java:1102)
	at org.testng.TestNG.runSuites(TestNG.java:1032)
	at org.testng.TestNG.run(TestNG.java:1000)
	at org.apache.maven.surefire.testng.TestNGExecutor.run(TestNGExecutor.java:283)
	at org.apache.maven.surefire.testng.TestNGXmlTestSuite.execute(TestNGXmlTestSuite.java:75)
	at org.apache.maven.surefire.testng.TestNGProvider.invoke(TestNGProvider.java:120)
	at org.apache.maven.surefire.booter.ForkedBooter.invokeProviderInSameClassLoader(ForkedBooter.java:384)
	at org.apache.maven.surefire.booter.ForkedBooter.runSuitesInProcess(ForkedBooter.java:345)
	at org.apache.maven.surefire.booter.ForkedBooter.execute(ForkedBooter.java:126)
	at org.apache.maven.surefire.booter.ForkedBooter.main(ForkedBooter.java:418)
org.openqa.selenium.NoSuchElementException: no such element: Unable to locate element: {"method":"xpath","selector":"//input[@formcontrolname="loginTypeStatus"]"}
  (Session info: headless chrome=89.0.4389.90)
For documentation on this error, please visit: https://www.seleniumhq.org/exceptions/no_such_element.html
Build info: version: '4.0.0-alpha-3', revision: '8c567de6dc'
System info: host: 'LT2394650', ip: '172.23.64.219', os.name: 'Windows 10', os.arch: 'amd64', os.version: '10.0', java.version: '1.8.0_231'
Driver info: org.openqa.selenium.chrome.ChromeDriver
Capabilities {acceptInsecureCerts: true, browserName: chrome, browserVersion: 89.0.4389.90, chrome: {chromedriverVersion: 89.0.4389.23 (61b08ee2c5002..., userDataDir: C:\Users\2394650\AppData\Lo...}, goog:chromeOptions: {debuggerAddress: localhost:56922}, javascriptEnabled: true, networkConnectionEnabled: false, pageLoadStrategy: normal, platform: WINDOWS, platformName: WINDOWS, proxy: Proxy(), setWindowRect: true, strictFileInteractability: false, timeouts: {implicit: 0, pageLoad: 300000, script: 30000}, unhandledPromptBehavior: dismiss and notify, webauthn:extension:largeBlob: true, webauthn:virtualAuthenticators: true}
Session ID: 94b3a7619e74f60390a19cf6f2350ccd
*** Element info: {Using=xpath, value=//input[@formcontrolname="loginTypeStatus"]}
	at sun.reflect.NativeConstructorAccessorImpl.newInstance0(Native Method)
	at sun.reflect.NativeConstructorAccessorImpl.newInstance(NativeConstructorAccessorImpl.java:62)
	at sun.reflect.DelegatingConstructorAccessorImpl.newInstance(DelegatingConstructorAccessorImpl.java:45)
	at java.lang.reflect.Constructor.newInstance(Constructor.java:423)
	at org.openqa.selenium.remote.codec.w3c.W3CHttpResponseCodec.createException(W3CHttpResponseCodec.java:191)
	at org.openqa.selenium.remote.codec.w3c.W3CHttpResponseCodec.decode(W3CHttpResponseCodec.java:125)
	at org.openqa.selenium.remote.codec.w3c.W3CHttpResponseCodec.decode(W3CHttpResponseCodec.java:52)
	at org.openqa.selenium.remote.HttpCommandExecutor.execute(HttpCommandExecutor.java:161)
	at org.openqa.selenium.remote.service.DriverCommandExecutor.execute(DriverCommandExecutor.java:83)
	at org.openqa.selenium.remote.RemoteWebDriver.execute(RemoteWebDriver.java:576)
	at org.openqa.selenium.remote.RemoteWebDriver.findElement(RemoteWebDriver.java:327)
	at org.openqa.selenium.remote.RemoteWebDriver.findElementByXPath(RemoteWebDriver.java:445)
	at org.openqa.selenium.By$ByXPath.findElement(By.java:396)
	at org.openqa.selenium.remote.RemoteWebDriver.findElement(RemoteWebDriver.java:319)
	at pages.BasePage.isElementVisible(BasePage.java:234)
	at pages.loginPagePOM.isEnterAUUIDFieldVisible(loginPagePOM.java:28)
	at tests.LogoutTest.Logout(LogoutTest.java:32)
	at sun.reflect.NativeMethodAccessorImpl.invoke0(Native Method)
	at sun.reflect.NativeMethodAccessorImpl.invoke(NativeMethodAccessorImpl.java:62)
	at sun.reflect.DelegatingMethodAccessorImpl.invoke(DelegatingMethodAccessorImpl.java:43)
	at java.lang.reflect.Method.invoke(Method.java:498)
	at org.testng.internal.MethodInvocationHelper.invokeMethod(MethodInvocationHelper.java:133)
	at org.testng.internal.TestInvoker.invokeMethod(TestInvoker.java:584)
	at org.testng.internal.TestInvoker.invokeTestMethod(TestInvoker.java:172)
	at org.testng.internal.MethodRunner.runInSequence(MethodRunner.java:46)
	at org.testng.internal.TestInvoker$MethodInvocationAgent.invoke(TestInvoker.java:804)
	at org.testng.internal.TestInvoker.invokeTestMethods(TestInvoker.java:145)
	at org.testng.internal.TestMethodWorker.invokeTestMethods(TestMethodWorker.java:146)
	at org.testng.internal.TestMethodWorker.run(TestMethodWorker.java:128)
	at java.util.ArrayList.forEach(ArrayList.java:1257)
	at org.testng.TestRunner.privateRun(TestRunner.java:770)
	at org.testng.TestRunner.run(TestRunner.java:591)
	at org.testng.SuiteRunner.runTest(SuiteRunner.java:402)
	at org.testng.SuiteRunner.runSequentially(SuiteRunner.java:396)
	at org.testng.SuiteRunner.privateRun(SuiteRunner.java:355)
	at org.testng.SuiteRunner.run(SuiteRunner.java:304)
	at org.testng.SuiteRunnerWorker.runSuite(SuiteRunnerWorker.java:53)
	at org.testng.SuiteRunnerWorker.run(SuiteRunnerWorker.java:96)
	at org.testng.TestNG.runSuitesSequentially(TestNG.java:1180)
	at org.testng.TestNG.runSuitesLocally(TestNG.java:1102)
	at org.testng.TestNG.runSuites(TestNG.java:1032)
	at org.testng.TestNG.run(TestNG.java:1000)
	at org.apache.maven.surefire.testng.TestNGExecutor.run(TestNGExecutor.java:283)
	at org.apache.maven.surefire.testng.TestNGXmlTestSuite.execute(TestNGXmlTestSuite.java:75)
	at org.apache.maven.surefire.testng.TestNGProvider.invoke(TestNGProvider.java:120)
	at org.apache.maven.surefire.booter.ForkedBooter.invokeProviderInSameClassLoader(ForkedBooter.java:384)
	at org.apache.maven.surefire.booter.ForkedBooter.runSuitesInProcess(ForkedBooter.java:345)
	at org.apache.maven.surefire.booter.ForkedBooter.execute(ForkedBooter.java:126)
	at org.apache.maven.surefire.booter.ForkedBooter.main(ForkedBooter.java:418)
]]></system-err>
  </testcase>
  <testcase name="Logout" classname="tests.LogoutTest" time="15.149">
    <failure message="did not expect to find [true] but found [false]" type="java.lang.AssertionError">java.lang.AssertionError: did not expect to find [true] but found [false]
	at tests.LogoutTest.Logout(LogoutTest.java:32)
</failure>
    <system-out><![CDATA[I am in on TestSkipped method widgetOrderTest skipped
I am in onFinish method Profile Management Test
I am in onStart method Logout Test from ADMIN/SUPERVISOR
02:42:35.562 I am in onTestStart method Logout start
02:42:35.593 [main] INFO  pages.BasePage(328) - Waiting for loader to be removed
02:42:40.607 [main] INFO  pages.BasePage(328) - Loader Removed
02:42:40.607 [main] INFO  pages.SideMenuPOM(57) - Checking that  Side Menu options are Visible or Not
02:42:45.653 [main] INFO  pages.loginPagePOM(26) - Checking is Enter AUUID field is Visible
]]></system-out>
    <system-err><![CDATA[org.openqa.selenium.NoSuchElementException: no such element: Unable to locate element: {"method":"xpath","selector":"//mat-toolbar//button"}
  (Session info: headless chrome=89.0.4389.90)
For documentation on this error, please visit: https://www.seleniumhq.org/exceptions/no_such_element.html
Build info: version: '4.0.0-alpha-3', revision: '8c567de6dc'
System info: host: 'LT2394650', ip: '172.23.64.219', os.name: 'Windows 10', os.arch: 'amd64', os.version: '10.0', java.version: '1.8.0_231'
Driver info: org.openqa.selenium.chrome.ChromeDriver
Capabilities {acceptInsecureCerts: true, browserName: chrome, browserVersion: 89.0.4389.90, chrome: {chromedriverVersion: 89.0.4389.23 (61b08ee2c5002..., userDataDir: C:\Users\2394650\AppData\Lo...}, goog:chromeOptions: {debuggerAddress: localhost:56922}, javascriptEnabled: true, networkConnectionEnabled: false, pageLoadStrategy: normal, platform: WINDOWS, platformName: WINDOWS, proxy: Proxy(), setWindowRect: true, strictFileInteractability: false, timeouts: {implicit: 0, pageLoad: 300000, script: 30000}, unhandledPromptBehavior: dismiss and notify, webauthn:extension:largeBlob: true, webauthn:virtualAuthenticators: true}
Session ID: 94b3a7619e74f60390a19cf6f2350ccd
*** Element info: {Using=xpath, value=//mat-toolbar//button}
	at sun.reflect.NativeConstructorAccessorImpl.newInstance0(Native Method)
	at sun.reflect.NativeConstructorAccessorImpl.newInstance(NativeConstructorAccessorImpl.java:62)
	at sun.reflect.DelegatingConstructorAccessorImpl.newInstance(DelegatingConstructorAccessorImpl.java:45)
	at java.lang.reflect.Constructor.newInstance(Constructor.java:423)
	at org.openqa.selenium.remote.codec.w3c.W3CHttpResponseCodec.createException(W3CHttpResponseCodec.java:191)
	at org.openqa.selenium.remote.codec.w3c.W3CHttpResponseCodec.decode(W3CHttpResponseCodec.java:125)
	at org.openqa.selenium.remote.codec.w3c.W3CHttpResponseCodec.decode(W3CHttpResponseCodec.java:52)
	at org.openqa.selenium.remote.HttpCommandExecutor.execute(HttpCommandExecutor.java:161)
	at org.openqa.selenium.remote.service.DriverCommandExecutor.execute(DriverCommandExecutor.java:83)
	at org.openqa.selenium.remote.RemoteWebDriver.execute(RemoteWebDriver.java:576)
	at org.openqa.selenium.remote.RemoteWebDriver.findElement(RemoteWebDriver.java:327)
	at org.openqa.selenium.remote.RemoteWebDriver.findElementByXPath(RemoteWebDriver.java:445)
	at org.openqa.selenium.By$ByXPath.findElement(By.java:396)
	at org.openqa.selenium.remote.RemoteWebDriver.findElement(RemoteWebDriver.java:319)
	at pages.BasePage.isElementVisible(BasePage.java:234)
	at pages.SideMenuPOM.isSideMenuVisible(SideMenuPOM.java:60)
	at tests.LogoutTest.Logout(LogoutTest.java:21)
	at sun.reflect.NativeMethodAccessorImpl.invoke0(Native Method)
	at sun.reflect.NativeMethodAccessorImpl.invoke(NativeMethodAccessorImpl.java:62)
	at sun.reflect.DelegatingMethodAccessorImpl.invoke(DelegatingMethodAccessorImpl.java:43)
	at java.lang.reflect.Method.invoke(Method.java:498)
	at org.testng.internal.MethodInvocationHelper.invokeMethod(MethodInvocationHelper.java:133)
	at org.testng.internal.TestInvoker.invokeMethod(TestInvoker.java:584)
	at org.testng.internal.TestInvoker.invokeTestMethod(TestInvoker.java:172)
	at org.testng.internal.MethodRunner.runInSequence(MethodRunner.java:46)
	at org.testng.internal.TestInvoker$MethodInvocationAgent.invoke(TestInvoker.java:804)
	at org.testng.internal.TestInvoker.invokeTestMethods(TestInvoker.java:145)
	at org.testng.internal.TestMethodWorker.invokeTestMethods(TestMethodWorker.java:146)
	at org.testng.internal.TestMethodWorker.run(TestMethodWorker.java:128)
	at java.util.ArrayList.forEach(ArrayList.java:1257)
	at org.testng.TestRunner.privateRun(TestRunner.java:770)
	at org.testng.TestRunner.run(TestRunner.java:591)
	at org.testng.SuiteRunner.runTest(SuiteRunner.java:402)
	at org.testng.SuiteRunner.runSequentially(SuiteRunner.java:396)
	at org.testng.SuiteRunner.privateRun(SuiteRunner.java:355)
	at org.testng.SuiteRunner.run(SuiteRunner.java:304)
	at org.testng.SuiteRunnerWorker.runSuite(SuiteRunnerWorker.java:53)
	at org.testng.SuiteRunnerWorker.run(SuiteRunnerWorker.java:96)
	at org.testng.TestNG.runSuitesSequentially(TestNG.java:1180)
	at org.testng.TestNG.runSuitesLocally(TestNG.java:1102)
	at org.testng.TestNG.runSuites(TestNG.java:1032)
	at org.testng.TestNG.run(TestNG.java:1000)
	at org.apache.maven.surefire.testng.TestNGExecutor.run(TestNGExecutor.java:283)
	at org.apache.maven.surefire.testng.TestNGXmlTestSuite.execute(TestNGXmlTestSuite.java:75)
	at org.apache.maven.surefire.testng.TestNGProvider.invoke(TestNGProvider.java:120)
	at org.apache.maven.surefire.booter.ForkedBooter.invokeProviderInSameClassLoader(ForkedBooter.java:384)
	at org.apache.maven.surefire.booter.ForkedBooter.runSuitesInProcess(ForkedBooter.java:345)
	at org.apache.maven.surefire.booter.ForkedBooter.execute(ForkedBooter.java:126)
	at org.apache.maven.surefire.booter.ForkedBooter.main(ForkedBooter.java:418)
org.openqa.selenium.NoSuchElementException: no such element: Unable to locate element: {"method":"xpath","selector":"//input[@formcontrolname="loginTypeStatus"]"}
  (Session info: headless chrome=89.0.4389.90)
For documentation on this error, please visit: https://www.seleniumhq.org/exceptions/no_such_element.html
Build info: version: '4.0.0-alpha-3', revision: '8c567de6dc'
System info: host: 'LT2394650', ip: '172.23.64.219', os.name: 'Windows 10', os.arch: 'amd64', os.version: '10.0', java.version: '1.8.0_231'
Driver info: org.openqa.selenium.chrome.ChromeDriver
Capabilities {acceptInsecureCerts: true, browserName: chrome, browserVersion: 89.0.4389.90, chrome: {chromedriverVersion: 89.0.4389.23 (61b08ee2c5002..., userDataDir: C:\Users\2394650\AppData\Lo...}, goog:chromeOptions: {debuggerAddress: localhost:56922}, javascriptEnabled: true, networkConnectionEnabled: false, pageLoadStrategy: normal, platform: WINDOWS, platformName: WINDOWS, proxy: Proxy(), setWindowRect: true, strictFileInteractability: false, timeouts: {implicit: 0, pageLoad: 300000, script: 30000}, unhandledPromptBehavior: dismiss and notify, webauthn:extension:largeBlob: true, webauthn:virtualAuthenticators: true}
Session ID: 94b3a7619e74f60390a19cf6f2350ccd
*** Element info: {Using=xpath, value=//input[@formcontrolname="loginTypeStatus"]}
	at sun.reflect.NativeConstructorAccessorImpl.newInstance0(Native Method)
	at sun.reflect.NativeConstructorAccessorImpl.newInstance(NativeConstructorAccessorImpl.java:62)
	at sun.reflect.DelegatingConstructorAccessorImpl.newInstance(DelegatingConstructorAccessorImpl.java:45)
	at java.lang.reflect.Constructor.newInstance(Constructor.java:423)
	at org.openqa.selenium.remote.codec.w3c.W3CHttpResponseCodec.createException(W3CHttpResponseCodec.java:191)
	at org.openqa.selenium.remote.codec.w3c.W3CHttpResponseCodec.decode(W3CHttpResponseCodec.java:125)
	at org.openqa.selenium.remote.codec.w3c.W3CHttpResponseCodec.decode(W3CHttpResponseCodec.java:52)
	at org.openqa.selenium.remote.HttpCommandExecutor.execute(HttpCommandExecutor.java:161)
	at org.openqa.selenium.remote.service.DriverCommandExecutor.execute(DriverCommandExecutor.java:83)
	at org.openqa.selenium.remote.RemoteWebDriver.execute(RemoteWebDriver.java:576)
	at org.openqa.selenium.remote.RemoteWebDriver.findElement(RemoteWebDriver.java:327)
	at org.openqa.selenium.remote.RemoteWebDriver.findElementByXPath(RemoteWebDriver.java:445)
	at org.openqa.selenium.By$ByXPath.findElement(By.java:396)
	at org.openqa.selenium.remote.RemoteWebDriver.findElement(RemoteWebDriver.java:319)
	at pages.BasePage.isElementVisible(BasePage.java:234)
	at pages.loginPagePOM.isEnterAUUIDFieldVisible(loginPagePOM.java:28)
	at tests.LogoutTest.Logout(LogoutTest.java:32)
	at sun.reflect.NativeMethodAccessorImpl.invoke0(Native Method)
	at sun.reflect.NativeMethodAccessorImpl.invoke(NativeMethodAccessorImpl.java:62)
	at sun.reflect.DelegatingMethodAccessorImpl.invoke(DelegatingMethodAccessorImpl.java:43)
	at java.lang.reflect.Method.invoke(Method.java:498)
	at org.testng.internal.MethodInvocationHelper.invokeMethod(MethodInvocationHelper.java:133)
	at org.testng.internal.TestInvoker.invokeMethod(TestInvoker.java:584)
	at org.testng.internal.TestInvoker.invokeTestMethod(TestInvoker.java:172)
	at org.testng.internal.MethodRunner.runInSequence(MethodRunner.java:46)
	at org.testng.internal.TestInvoker$MethodInvocationAgent.invoke(TestInvoker.java:804)
	at org.testng.internal.TestInvoker.invokeTestMethods(TestInvoker.java:145)
	at org.testng.internal.TestMethodWorker.invokeTestMethods(TestMethodWorker.java:146)
	at org.testng.internal.TestMethodWorker.run(TestMethodWorker.java:128)
	at java.util.ArrayList.forEach(ArrayList.java:1257)
	at org.testng.TestRunner.privateRun(TestRunner.java:770)
	at org.testng.TestRunner.run(TestRunner.java:591)
	at org.testng.SuiteRunner.runTest(SuiteRunner.java:402)
	at org.testng.SuiteRunner.runSequentially(SuiteRunner.java:396)
	at org.testng.SuiteRunner.privateRun(SuiteRunner.java:355)
	at org.testng.SuiteRunner.run(SuiteRunner.java:304)
	at org.testng.SuiteRunnerWorker.runSuite(SuiteRunnerWorker.java:53)
	at org.testng.SuiteRunnerWorker.run(SuiteRunnerWorker.java:96)
	at org.testng.TestNG.runSuitesSequentially(TestNG.java:1180)
	at org.testng.TestNG.runSuitesLocally(TestNG.java:1102)
	at org.testng.TestNG.runSuites(TestNG.java:1032)
	at org.testng.TestNG.run(TestNG.java:1000)
	at org.apache.maven.surefire.testng.TestNGExecutor.run(TestNGExecutor.java:283)
	at org.apache.maven.surefire.testng.TestNGXmlTestSuite.execute(TestNGXmlTestSuite.java:75)
	at org.apache.maven.surefire.testng.TestNGProvider.invoke(TestNGProvider.java:120)
	at org.apache.maven.surefire.booter.ForkedBooter.invokeProviderInSameClassLoader(ForkedBooter.java:384)
	at org.apache.maven.surefire.booter.ForkedBooter.runSuitesInProcess(ForkedBooter.java:345)
	at org.apache.maven.surefire.booter.ForkedBooter.execute(ForkedBooter.java:126)
	at org.apache.maven.surefire.booter.ForkedBooter.main(ForkedBooter.java:418)
]]></system-err>
  </testcase>
  <testcase name="Logout" classname="tests.LogoutTest" time="15.135">
    <failure message="did not expect to find [true] but found [false]" type="java.lang.AssertionError">java.lang.AssertionError: did not expect to find [true] but found [false]
	at tests.LogoutTest.Logout(LogoutTest.java:32)
</failure>
    <system-out><![CDATA[I am in on TestSkipped method deleteLastAddedComment skipped
I am in onFinish method BACKEND AGENT Add Comment on Ticket
I am in onStart method Logout Test from Backend agent
02:46:41.658 I am in onTestStart method Logout start
02:46:41.689 [main] INFO  pages.BasePage(328) - Waiting for loader to be removed
02:46:46.704 [main] INFO  pages.BasePage(328) - Loader Removed
02:46:46.704 [main] INFO  pages.SideMenuPOM(57) - Checking that  Side Menu options are Visible or Not
02:46:51.749 [main] INFO  pages.loginPagePOM(26) - Checking is Enter AUUID field is Visible
]]></system-out>
    <system-err><![CDATA[org.openqa.selenium.NoSuchElementException: no such element: Unable to locate element: {"method":"xpath","selector":"//mat-toolbar//button"}
  (Session info: headless chrome=89.0.4389.90)
For documentation on this error, please visit: https://www.seleniumhq.org/exceptions/no_such_element.html
Build info: version: '4.0.0-alpha-3', revision: '8c567de6dc'
System info: host: 'LT2394650', ip: '172.23.64.219', os.name: 'Windows 10', os.arch: 'amd64', os.version: '10.0', java.version: '1.8.0_231'
Driver info: org.openqa.selenium.chrome.ChromeDriver
Capabilities {acceptInsecureCerts: true, browserName: chrome, browserVersion: 89.0.4389.90, chrome: {chromedriverVersion: 89.0.4389.23 (61b08ee2c5002..., userDataDir: C:\Users\2394650\AppData\Lo...}, goog:chromeOptions: {debuggerAddress: localhost:56922}, javascriptEnabled: true, networkConnectionEnabled: false, pageLoadStrategy: normal, platform: WINDOWS, platformName: WINDOWS, proxy: Proxy(), setWindowRect: true, strictFileInteractability: false, timeouts: {implicit: 0, pageLoad: 300000, script: 30000}, unhandledPromptBehavior: dismiss and notify, webauthn:extension:largeBlob: true, webauthn:virtualAuthenticators: true}
Session ID: 94b3a7619e74f60390a19cf6f2350ccd
*** Element info: {Using=xpath, value=//mat-toolbar//button}
	at sun.reflect.GeneratedConstructorAccessor95.newInstance(Unknown Source)
	at sun.reflect.DelegatingConstructorAccessorImpl.newInstance(DelegatingConstructorAccessorImpl.java:45)
	at java.lang.reflect.Constructor.newInstance(Constructor.java:423)
	at org.openqa.selenium.remote.codec.w3c.W3CHttpResponseCodec.createException(W3CHttpResponseCodec.java:191)
	at org.openqa.selenium.remote.codec.w3c.W3CHttpResponseCodec.decode(W3CHttpResponseCodec.java:125)
	at org.openqa.selenium.remote.codec.w3c.W3CHttpResponseCodec.decode(W3CHttpResponseCodec.java:52)
	at org.openqa.selenium.remote.HttpCommandExecutor.execute(HttpCommandExecutor.java:161)
	at org.openqa.selenium.remote.service.DriverCommandExecutor.execute(DriverCommandExecutor.java:83)
	at org.openqa.selenium.remote.RemoteWebDriver.execute(RemoteWebDriver.java:576)
	at org.openqa.selenium.remote.RemoteWebDriver.findElement(RemoteWebDriver.java:327)
	at org.openqa.selenium.remote.RemoteWebDriver.findElementByXPath(RemoteWebDriver.java:445)
	at org.openqa.selenium.By$ByXPath.findElement(By.java:396)
	at org.openqa.selenium.remote.RemoteWebDriver.findElement(RemoteWebDriver.java:319)
	at pages.BasePage.isElementVisible(BasePage.java:234)
	at pages.SideMenuPOM.isSideMenuVisible(SideMenuPOM.java:60)
	at tests.LogoutTest.Logout(LogoutTest.java:21)
	at sun.reflect.NativeMethodAccessorImpl.invoke0(Native Method)
	at sun.reflect.NativeMethodAccessorImpl.invoke(NativeMethodAccessorImpl.java:62)
	at sun.reflect.DelegatingMethodAccessorImpl.invoke(DelegatingMethodAccessorImpl.java:43)
	at java.lang.reflect.Method.invoke(Method.java:498)
	at org.testng.internal.MethodInvocationHelper.invokeMethod(MethodInvocationHelper.java:133)
	at org.testng.internal.TestInvoker.invokeMethod(TestInvoker.java:584)
	at org.testng.internal.TestInvoker.invokeTestMethod(TestInvoker.java:172)
	at org.testng.internal.MethodRunner.runInSequence(MethodRunner.java:46)
	at org.testng.internal.TestInvoker$MethodInvocationAgent.invoke(TestInvoker.java:804)
	at org.testng.internal.TestInvoker.invokeTestMethods(TestInvoker.java:145)
	at org.testng.internal.TestMethodWorker.invokeTestMethods(TestMethodWorker.java:146)
	at org.testng.internal.TestMethodWorker.run(TestMethodWorker.java:128)
	at java.util.ArrayList.forEach(ArrayList.java:1257)
	at org.testng.TestRunner.privateRun(TestRunner.java:770)
	at org.testng.TestRunner.run(TestRunner.java:591)
	at org.testng.SuiteRunner.runTest(SuiteRunner.java:402)
	at org.testng.SuiteRunner.runSequentially(SuiteRunner.java:396)
	at org.testng.SuiteRunner.privateRun(SuiteRunner.java:355)
	at org.testng.SuiteRunner.run(SuiteRunner.java:304)
	at org.testng.SuiteRunnerWorker.runSuite(SuiteRunnerWorker.java:53)
	at org.testng.SuiteRunnerWorker.run(SuiteRunnerWorker.java:96)
	at org.testng.TestNG.runSuitesSequentially(TestNG.java:1180)
	at org.testng.TestNG.runSuitesLocally(TestNG.java:1102)
	at org.testng.TestNG.runSuites(TestNG.java:1032)
	at org.testng.TestNG.run(TestNG.java:1000)
	at org.apache.maven.surefire.testng.TestNGExecutor.run(TestNGExecutor.java:283)
	at org.apache.maven.surefire.testng.TestNGXmlTestSuite.execute(TestNGXmlTestSuite.java:75)
	at org.apache.maven.surefire.testng.TestNGProvider.invoke(TestNGProvider.java:120)
	at org.apache.maven.surefire.booter.ForkedBooter.invokeProviderInSameClassLoader(ForkedBooter.java:384)
	at org.apache.maven.surefire.booter.ForkedBooter.runSuitesInProcess(ForkedBooter.java:345)
	at org.apache.maven.surefire.booter.ForkedBooter.execute(ForkedBooter.java:126)
	at org.apache.maven.surefire.booter.ForkedBooter.main(ForkedBooter.java:418)
org.openqa.selenium.NoSuchElementException: no such element: Unable to locate element: {"method":"xpath","selector":"//input[@formcontrolname="loginTypeStatus"]"}
  (Session info: headless chrome=89.0.4389.90)
For documentation on this error, please visit: https://www.seleniumhq.org/exceptions/no_such_element.html
Build info: version: '4.0.0-alpha-3', revision: '8c567de6dc'
System info: host: 'LT2394650', ip: '172.23.64.219', os.name: 'Windows 10', os.arch: 'amd64', os.version: '10.0', java.version: '1.8.0_231'
Driver info: org.openqa.selenium.chrome.ChromeDriver
Capabilities {acceptInsecureCerts: true, browserName: chrome, browserVersion: 89.0.4389.90, chrome: {chromedriverVersion: 89.0.4389.23 (61b08ee2c5002..., userDataDir: C:\Users\2394650\AppData\Lo...}, goog:chromeOptions: {debuggerAddress: localhost:56922}, javascriptEnabled: true, networkConnectionEnabled: false, pageLoadStrategy: normal, platform: WINDOWS, platformName: WINDOWS, proxy: Proxy(), setWindowRect: true, strictFileInteractability: false, timeouts: {implicit: 0, pageLoad: 300000, script: 30000}, unhandledPromptBehavior: dismiss and notify, webauthn:extension:largeBlob: true, webauthn:virtualAuthenticators: true}
Session ID: 94b3a7619e74f60390a19cf6f2350ccd
*** Element info: {Using=xpath, value=//input[@formcontrolname="loginTypeStatus"]}
	at sun.reflect.GeneratedConstructorAccessor95.newInstance(Unknown Source)
	at sun.reflect.DelegatingConstructorAccessorImpl.newInstance(DelegatingConstructorAccessorImpl.java:45)
	at java.lang.reflect.Constructor.newInstance(Constructor.java:423)
	at org.openqa.selenium.remote.codec.w3c.W3CHttpResponseCodec.createException(W3CHttpResponseCodec.java:191)
	at org.openqa.selenium.remote.codec.w3c.W3CHttpResponseCodec.decode(W3CHttpResponseCodec.java:125)
	at org.openqa.selenium.remote.codec.w3c.W3CHttpResponseCodec.decode(W3CHttpResponseCodec.java:52)
	at org.openqa.selenium.remote.HttpCommandExecutor.execute(HttpCommandExecutor.java:161)
	at org.openqa.selenium.remote.service.DriverCommandExecutor.execute(DriverCommandExecutor.java:83)
	at org.openqa.selenium.remote.RemoteWebDriver.execute(RemoteWebDriver.java:576)
	at org.openqa.selenium.remote.RemoteWebDriver.findElement(RemoteWebDriver.java:327)
	at org.openqa.selenium.remote.RemoteWebDriver.findElementByXPath(RemoteWebDriver.java:445)
	at org.openqa.selenium.By$ByXPath.findElement(By.java:396)
	at org.openqa.selenium.remote.RemoteWebDriver.findElement(RemoteWebDriver.java:319)
	at pages.BasePage.isElementVisible(BasePage.java:234)
	at pages.loginPagePOM.isEnterAUUIDFieldVisible(loginPagePOM.java:28)
	at tests.LogoutTest.Logout(LogoutTest.java:32)
	at sun.reflect.NativeMethodAccessorImpl.invoke0(Native Method)
	at sun.reflect.NativeMethodAccessorImpl.invoke(NativeMethodAccessorImpl.java:62)
	at sun.reflect.DelegatingMethodAccessorImpl.invoke(DelegatingMethodAccessorImpl.java:43)
	at java.lang.reflect.Method.invoke(Method.java:498)
	at org.testng.internal.MethodInvocationHelper.invokeMethod(MethodInvocationHelper.java:133)
	at org.testng.internal.TestInvoker.invokeMethod(TestInvoker.java:584)
	at org.testng.internal.TestInvoker.invokeTestMethod(TestInvoker.java:172)
	at org.testng.internal.MethodRunner.runInSequence(MethodRunner.java:46)
	at org.testng.internal.TestInvoker$MethodInvocationAgent.invoke(TestInvoker.java:804)
	at org.testng.internal.TestInvoker.invokeTestMethods(TestInvoker.java:145)
	at org.testng.internal.TestMethodWorker.invokeTestMethods(TestMethodWorker.java:146)
	at org.testng.internal.TestMethodWorker.run(TestMethodWorker.java:128)
	at java.util.ArrayList.forEach(ArrayList.java:1257)
	at org.testng.TestRunner.privateRun(TestRunner.java:770)
	at org.testng.TestRunner.run(TestRunner.java:591)
	at org.testng.SuiteRunner.runTest(SuiteRunner.java:402)
	at org.testng.SuiteRunner.runSequentially(SuiteRunner.java:396)
	at org.testng.SuiteRunner.privateRun(SuiteRunner.java:355)
	at org.testng.SuiteRunner.run(SuiteRunner.java:304)
	at org.testng.SuiteRunnerWorker.runSuite(SuiteRunnerWorker.java:53)
	at org.testng.SuiteRunnerWorker.run(SuiteRunnerWorker.java:96)
	at org.testng.TestNG.runSuitesSequentially(TestNG.java:1180)
	at org.testng.TestNG.runSuitesLocally(TestNG.java:1102)
	at org.testng.TestNG.runSuites(TestNG.java:1032)
	at org.testng.TestNG.run(TestNG.java:1000)
	at org.apache.maven.surefire.testng.TestNGExecutor.run(TestNGExecutor.java:283)
	at org.apache.maven.surefire.testng.TestNGXmlTestSuite.execute(TestNGXmlTestSuite.java:75)
	at org.apache.maven.surefire.testng.TestNGProvider.invoke(TestNGProvider.java:120)
	at org.apache.maven.surefire.booter.ForkedBooter.invokeProviderInSameClassLoader(ForkedBooter.java:384)
	at org.apache.maven.surefire.booter.ForkedBooter.runSuitesInProcess(ForkedBooter.java:345)
	at org.apache.maven.surefire.booter.ForkedBooter.execute(ForkedBooter.java:126)
	at org.apache.maven.surefire.booter.ForkedBooter.main(ForkedBooter.java:418)
]]></system-err>
  </testcase>
  <testcase name="checkExecution" classname="tests.SupervisorLoginTest" time="16.031">
    <failure message="The following asserts failed:&#10;	Terminate Execution as user not able to login into portal or Role does not assign to user. Please do needful." type="java.lang.AssertionError">java.lang.AssertionError: 
The following asserts failed:
	Terminate Execution as user not able to login into portal or Role does not assign to user. Please do needful.
	at tests.SupervisorLoginTest.checkExecution(SupervisorLoginTest.java:28)
</failure>
    <system-out><![CDATA[02:42:11.858 I am in on TestFailure method Logout failed
java.lang.AssertionError: did not expect to find [true] but found [false]
	at org.testng.Assert.fail(Assert.java:97)
	at org.testng.Assert.failNotEquals(Assert.java:969)
	at org.testng.Assert.assertTrue(Assert.java:43)
	at org.testng.Assert.assertTrue(Assert.java:53)
	at tests.LogoutTest.Logout(LogoutTest.java:32)
	at sun.reflect.NativeMethodAccessorImpl.invoke0(Native Method)
	at sun.reflect.NativeMethodAccessorImpl.invoke(NativeMethodAccessorImpl.java:62)
	at sun.reflect.DelegatingMethodAccessorImpl.invoke(DelegatingMethodAccessorImpl.java:43)
	at java.lang.reflect.Method.invoke(Method.java:498)
	at org.testng.internal.MethodInvocationHelper.invokeMethod(MethodInvocationHelper.java:133)
	at org.testng.internal.TestInvoker.invokeMethod(TestInvoker.java:584)
	at org.testng.internal.TestInvoker.invokeTestMethod(TestInvoker.java:172)
	at org.testng.internal.MethodRunner.runInSequence(MethodRunner.java:46)
	at org.testng.internal.TestInvoker$MethodInvocationAgent.invoke(TestInvoker.java:804)
	at org.testng.internal.TestInvoker.invokeTestMethods(TestInvoker.java:145)
	at org.testng.internal.TestMethodWorker.invokeTestMethods(TestMethodWorker.java:146)
	at org.testng.internal.TestMethodWorker.run(TestMethodWorker.java:128)
	at java.util.ArrayList.forEach(ArrayList.java:1257)
	at org.testng.TestRunner.privateRun(TestRunner.java:770)
	at org.testng.TestRunner.run(TestRunner.java:591)
	at org.testng.SuiteRunner.runTest(SuiteRunner.java:402)
	at org.testng.SuiteRunner.runSequentially(SuiteRunner.java:396)
	at org.testng.SuiteRunner.privateRun(SuiteRunner.java:355)
	at org.testng.SuiteRunner.run(SuiteRunner.java:304)
	at org.testng.SuiteRunnerWorker.runSuite(SuiteRunnerWorker.java:53)
	at org.testng.SuiteRunnerWorker.run(SuiteRunnerWorker.java:96)
	at org.testng.TestNG.runSuitesSequentially(TestNG.java:1180)
	at org.testng.TestNG.runSuitesLocally(TestNG.java:1102)
	at org.testng.TestNG.runSuites(TestNG.java:1032)
	at org.testng.TestNG.run(TestNG.java:1000)
	at org.apache.maven.surefire.testng.TestNGExecutor.run(TestNGExecutor.java:283)
	at org.apache.maven.surefire.testng.TestNGXmlTestSuite.execute(TestNGXmlTestSuite.java:75)
	at org.apache.maven.surefire.testng.TestNGProvider.invoke(TestNGProvider.java:120)
	at org.apache.maven.surefire.booter.ForkedBooter.invokeProviderInSameClassLoader(ForkedBooter.java:384)
	at org.apache.maven.surefire.booter.ForkedBooter.runSuitesInProcess(ForkedBooter.java:345)
	at org.apache.maven.surefire.booter.ForkedBooter.execute(ForkedBooter.java:126)
	at org.apache.maven.surefire.booter.ForkedBooter.main(ForkedBooter.java:418)

I am in onFinish method Logout Test
I am in onStart method Supervisors Login Test
02:42:12.681 [main] INFO  Utils.DataProviders.DataProviders(244) - User Type ALL
02:42:12.682 [main] INFO  Utils.DataProviders.DataProviders(247) - User Type ADDED ALL
02:42:12.682 [main] INFO  Utils.DataProviders.DataProviders(244) - User Type BA
02:42:12.683 [main] INFO  Utils.DataProviders.DataProviders(250) - NO USER FOUND
02:42:12.683 [main] INFO  Utils.DataProviders.DataProviders(244) - User Type NFTR
02:42:12.684 [main] INFO  Utils.DataProviders.DataProviders(250) - NO USER FOUND
02:42:12.684 [main] INFO  Utils.DataProviders.DataProviders(244) - User Type API
02:42:12.685 [main] INFO  Utils.DataProviders.DataProviders(250) - NO USER FOUND
]]></system-out>
  </testcase>
  <testcase name="checkExecution" classname="tests.SupervisorLoginTest" time="0">
    <skipped/>
  </testcase>
  <testcase name="checkExecution" classname="tests.SupervisorLoginTest" time="0">
    <skipped/>
  </testcase>
  <testcase name="checkExecution" classname="tests.SupervisorLoginTest" time="0">
    <skipped/>
  </testcase>
  <testcase name="LoggingIN" classname="tests.SupervisorLoginTest" time="0">
    <skipped message="The following asserts failed:&#10;	Terminate Execution as user not able to login into portal or Role does not assign to user. Please do needful."/>
    <system-out><![CDATA[02:42:12.687 I am in onTestStart method LoggingIN start
]]></system-out>
  </testcase>
  <testcase name="methodLevelSetup" classname="tests.SupervisorLoginTest" time="0">
    <skipped/>
    <system-out><![CDATA[I am in on TestSkipped method LoggingIN skipped
]]></system-out>
  </testcase>
  <testcase name="methodLevelSetup" classname="tests.SupervisorLoginTest" time="0">
    <skipped/>
    <system-out><![CDATA[I am in on TestSkipped method openSupervisorDashboard skipped
]]></system-out>
  </testcase>
  <testcase name="methodLevelSetup" classname="tests.SupervisorLoginTest" time="0">
    <skipped/>
    <system-out><![CDATA[I am in on TestSkipped method validateTicketSearchOptions skipped
]]></system-out>
  </testcase>
  <testcase name="openSupervisorDashboard" classname="tests.SupervisorLoginTest" time="0">
    <skipped message="The following asserts failed:&#10;	Terminate Execution as user not able to login into portal or Role does not assign to user. Please do needful."/>
    <system-out><![CDATA[02:42:12.689 I am in onTestStart method openSupervisorDashboard start
]]></system-out>
  </testcase>
  <testcase name="validateTicketSearchOptions" classname="tests.SupervisorLoginTest" time="0">
    <skipped message="The following asserts failed:&#10;	Terminate Execution as user not able to login into portal or Role does not assign to user. Please do needful."/>
    <system-out><![CDATA[02:42:12.691 I am in onTestStart method validateTicketSearchOptions start
]]></system-out>
  </testcase>
  <testcase name="validateSupervisorTabs" classname="tests.SupervisorLoginTest" time="0">
    <skipped message="The following asserts failed:&#10;	Terminate Execution as user not able to login into portal or Role does not assign to user. Please do needful."/>
    <system-out><![CDATA[02:42:12.692 I am in onTestStart method validateSupervisorTabs start
]]></system-out>
  </testcase>
  <testcase name="checkExecution" classname="tests.SupervisorGlobalSearchTest" time="2.146">
    <failure message="The following asserts failed:&#10;	Terminate Execution as user not able to login into portal or Role does not assign to user. Please do needful." type="java.lang.AssertionError">java.lang.AssertionError: 
The following asserts failed:
	Terminate Execution as user not able to login into portal or Role does not assign to user. Please do needful.
	at tests.SupervisorGlobalSearchTest.checkExecution(SupervisorGlobalSearchTest.java:27)
</failure>
    <system-out><![CDATA[02:42:14.525 I am in on TestFailure method loginAPI failed
java.lang.AssertionError: The following asserts failed:
	Not able to generate Token. Please Update Password As soon as possible if required.
API Response Message: Failed to authenticate user.
	at org.testng.asserts.SoftAssert.assertAll(SoftAssert.java:47)
	at org.testng.asserts.SoftAssert.assertAll(SoftAssert.java:31)
	at tests.SystemStatusTest.loginAPI(SystemStatusTest.java:78)
	at sun.reflect.NativeMethodAccessorImpl.invoke0(Native Method)
	at sun.reflect.NativeMethodAccessorImpl.invoke(NativeMethodAccessorImpl.java:62)
	at sun.reflect.DelegatingMethodAccessorImpl.invoke(DelegatingMethodAccessorImpl.java:43)
	at java.lang.reflect.Method.invoke(Method.java:498)
	at org.testng.internal.MethodInvocationHelper.invokeMethod(MethodInvocationHelper.java:133)
	at org.testng.internal.TestInvoker.invokeMethod(TestInvoker.java:584)
	at org.testng.internal.TestInvoker.invokeTestMethod(TestInvoker.java:172)
	at org.testng.internal.MethodRunner.runInSequence(MethodRunner.java:46)
	at org.testng.internal.TestInvoker$MethodInvocationAgent.invoke(TestInvoker.java:804)
	at org.testng.internal.TestInvoker.invokeTestMethods(TestInvoker.java:145)
	at org.testng.internal.TestMethodWorker.invokeTestMethods(TestMethodWorker.java:146)
	at org.testng.internal.TestMethodWorker.run(TestMethodWorker.java:128)
	at java.util.ArrayList.forEach(ArrayList.java:1257)
	at org.testng.TestRunner.privateRun(TestRunner.java:770)
	at org.testng.TestRunner.run(TestRunner.java:591)
	at org.testng.SuiteRunner.runTest(SuiteRunner.java:402)
	at org.testng.SuiteRunner.runSequentially(SuiteRunner.java:396)
	at org.testng.SuiteRunner.privateRun(SuiteRunner.java:355)
	at org.testng.SuiteRunner.run(SuiteRunner.java:304)
	at org.testng.SuiteRunnerWorker.runSuite(SuiteRunnerWorker.java:53)
	at org.testng.SuiteRunnerWorker.run(SuiteRunnerWorker.java:96)
	at org.testng.TestNG.runSuitesSequentially(TestNG.java:1180)
	at org.testng.TestNG.runSuitesLocally(TestNG.java:1102)
	at org.testng.TestNG.runSuites(TestNG.java:1032)
	at org.testng.TestNG.run(TestNG.java:1000)
	at org.apache.maven.surefire.testng.TestNGExecutor.run(TestNGExecutor.java:283)
	at org.apache.maven.surefire.testng.TestNGXmlTestSuite.execute(TestNGXmlTestSuite.java:75)
	at org.apache.maven.surefire.testng.TestNGProvider.invoke(TestNGProvider.java:120)
	at org.apache.maven.surefire.booter.ForkedBooter.invokeProviderInSameClassLoader(ForkedBooter.java:384)
	at org.apache.maven.surefire.booter.ForkedBooter.runSuitesInProcess(ForkedBooter.java:345)
	at org.apache.maven.surefire.booter.ForkedBooter.execute(ForkedBooter.java:126)
	at org.apache.maven.surefire.booter.ForkedBooter.main(ForkedBooter.java:418)

I am in onFinish method api-Regenerate
I am in onStart method Supervisors Global Search Ticket Test
]]></system-out>
  </testcase>
  <testcase name="checkExecution" classname="tests.SupervisorGlobalSearchTest" time="0">
    <skipped/>
  </testcase>
  <testcase name="checkExecution" classname="tests.SupervisorGlobalSearchTest" time="0">
    <skipped/>
  </testcase>
  <testcase name="checkExecution" classname="tests.SupervisorGlobalSearchTest" time="0">
    <skipped/>
  </testcase>
  <testcase name="openSupervisorDashboard" classname="tests.SupervisorGlobalSearchTest" time="0">
    <skipped message="The following asserts failed:&#10;	Terminate Execution as user not able to login into portal or Role does not assign to user. Please do needful."/>
    <system-out><![CDATA[02:42:15.299 I am in onTestStart method openSupervisorDashboard start
]]></system-out>
  </testcase>
  <testcase name="methodLevelSetup" classname="tests.SupervisorGlobalSearchTest" time="0">
    <skipped/>
    <system-out><![CDATA[I am in on TestSkipped method openSupervisorDashboard skipped
]]></system-out>
  </testcase>
  <testcase name="methodLevelSetup" classname="tests.SupervisorGlobalSearchTest" time="0">
    <skipped/>
    <system-out><![CDATA[I am in on TestSkipped method globalSearchTestByTicket skipped
]]></system-out>
  </testcase>
  <testcase name="methodLevelSetup" classname="tests.SupervisorGlobalSearchTest" time="0">
    <skipped/>
    <system-out><![CDATA[I am in on TestSkipped method globalSearchTestByInvalidTicket skipped
02:42:15.377 [main] INFO  Utils.DataProviders.DataProviders(244) - User Type ALL
02:42:15.377 [main] INFO  Utils.DataProviders.DataProviders(250) - NO USER FOUND
02:42:15.377 [main] INFO  Utils.DataProviders.DataProviders(244) - User Type BA
02:42:15.377 [main] INFO  Utils.DataProviders.DataProviders(250) - NO USER FOUND
02:42:15.377 [main] INFO  Utils.DataProviders.DataProviders(244) - User Type NFTR
02:42:15.377 [main] INFO  Utils.DataProviders.DataProviders(247) - User Type ADDED NFTR
02:42:15.377 [main] INFO  Utils.DataProviders.DataProviders(244) - User Type API
02:42:15.377 [main] INFO  Utils.DataProviders.DataProviders(250) - NO USER FOUND
]]></system-out>
  </testcase>
  <testcase name="globalSearchTestByTicket" classname="tests.SupervisorGlobalSearchTest" time="0">
    <skipped message="The following asserts failed:&#10;	Terminate Execution as user not able to login into portal or Role does not assign to user. Please do needful."/>
    <system-out><![CDATA[02:42:15.299 I am in onTestStart method globalSearchTestByTicket start
]]></system-out>
  </testcase>
  <testcase name="globalSearchTestByInvalidTicket" classname="tests.SupervisorGlobalSearchTest" time="0">
    <skipped message="The following asserts failed:&#10;	Terminate Execution as user not able to login into portal or Role does not assign to user. Please do needful."/>
    <system-out><![CDATA[02:42:15.299 I am in onTestStart method globalSearchTestByInvalidTicket start
]]></system-out>
  </testcase>
  <testcase name="globalSearchTestBy" classname="tests.SupervisorGlobalSearchTest" time="0">
    <skipped message="The following asserts failed:&#10;	Terminate Execution as user not able to login into portal or Role does not assign to user. Please do needful."/>
    <system-out><![CDATA[02:42:15.377 I am in onTestStart method globalSearchTestBy start
]]></system-out>
  </testcase>
  <testcase name="checkExecution" classname="tests.SupervisorSearchTicket" time="0.359">
    <failure message="The following asserts failed:&#10;	Terminate Execution as user not able to login into portal or Role does not assign to user. Please do needful." type="java.lang.AssertionError">java.lang.AssertionError: 
The following asserts failed:
	Terminate Execution as user not able to login into portal or Role does not assign to user. Please do needful.
	at tests.SupervisorSearchTicket.checkExecution(SupervisorSearchTicket.java:55)
</failure>
    <system-out><![CDATA[I am in on TestSkipped method globalSearchTestBy skipped
I am in onFinish method Supervisors Global Search Ticket Test
I am in onStart method Supervisors Search Ticket Test 
02:42:15.721 [main] INFO  Utils.DataProviders.DataProviders(244) - User Type ALL
02:42:15.721 [main] INFO  Utils.DataProviders.DataProviders(250) - NO USER FOUND
02:42:15.721 [main] INFO  Utils.DataProviders.DataProviders(244) - User Type BA
02:42:15.721 [main] INFO  Utils.DataProviders.DataProviders(250) - NO USER FOUND
02:42:15.721 [main] INFO  Utils.DataProviders.DataProviders(244) - User Type NFTR
02:42:15.721 [main] INFO  Utils.DataProviders.DataProviders(250) - NO USER FOUND
02:42:15.721 [main] INFO  Utils.DataProviders.DataProviders(244) - User Type API
02:42:15.721 [main] INFO  Utils.DataProviders.DataProviders(247) - User Type ADDED API
]]></system-out>
  </testcase>
  <testcase name="checkExecution" classname="tests.SupervisorSearchTicket" time="0">
    <skipped/>
  </testcase>
  <testcase name="checkExecution" classname="tests.SupervisorSearchTicket" time="0">
    <skipped/>
  </testcase>
  <testcase name="checkExecution" classname="tests.SupervisorSearchTicket" time="0">
    <skipped/>
  </testcase>
  <testcase name="checkExecution" classname="tests.SupervisorSearchTicket" time="0">
    <skipped/>
  </testcase>
  <testcase name="checkExecution" classname="tests.SupervisorSearchTicket" time="0">
    <skipped/>
  </testcase>
  <testcase name="checkExecution" classname="tests.SupervisorSearchTicket" time="0">
    <skipped/>
  </testcase>
  <testcase name="checkExecution" classname="tests.SupervisorSearchTicket" time="0">
    <skipped/>
  </testcase>
  <testcase name="loginAPI" classname="tests.SupervisorSearchTicket" time="0">
    <skipped message="The following asserts failed:&#10;	Terminate Execution as user not able to login into portal or Role does not assign to user. Please do needful."/>
    <system-out><![CDATA[02:42:15.721 I am in onTestStart method loginAPI start
]]></system-out>
  </testcase>
  <testcase name="methodLevelSetup" classname="tests.SupervisorSearchTicket" time="0">
    <skipped/>
    <system-out><![CDATA[I am in on TestSkipped method loginAPI skipped
Ticket Id: 030920000221
Ticket Id: 030920000222
Ticket Id: 030920000223
Ticket Id: 030920000224
Ticket Id: 030920000225
Ticket Id: 030920000226
]]></system-out>
  </testcase>
  <testcase name="methodLevelSetup" classname="tests.SupervisorSearchTicket" time="0">
    <skipped/>
    <system-out><![CDATA[I am in on TestSkipped method SearchTicket skipped
]]></system-out>
  </testcase>
  <testcase name="methodLevelSetup" classname="tests.SupervisorSearchTicket" time="0">
    <skipped/>
    <system-out><![CDATA[I am in on TestSkipped method SearchTicket skipped
]]></system-out>
  </testcase>
  <testcase name="methodLevelSetup" classname="tests.SupervisorSearchTicket" time="0">
    <skipped/>
    <system-out><![CDATA[I am in on TestSkipped method SearchTicket skipped
]]></system-out>
  </testcase>
  <testcase name="methodLevelSetup" classname="tests.SupervisorSearchTicket" time="0">
    <skipped/>
    <system-out><![CDATA[I am in on TestSkipped method SearchTicket skipped
]]></system-out>
  </testcase>
  <testcase name="methodLevelSetup" classname="tests.SupervisorSearchTicket" time="0">
    <skipped/>
    <system-out><![CDATA[I am in on TestSkipped method SearchTicket skipped
]]></system-out>
  </testcase>
  <testcase name="methodLevelSetup" classname="tests.SupervisorSearchTicket" time="0">
    <skipped/>
    <system-out><![CDATA[I am in on TestSkipped method SearchTicket skipped
]]></system-out>
  </testcase>
  <testcase name="SearchTicket" classname="tests.SupervisorSearchTicket" time="0">
    <skipped message="The following asserts failed:&#10;	Terminate Execution as user not able to login into portal or Role does not assign to user. Please do needful."/>
    <system-out><![CDATA[02:42:15.799 I am in onTestStart method SearchTicket start
]]></system-out>
  </testcase>
  <testcase name="SearchTicket" classname="tests.SupervisorSearchTicket" time="0">
    <skipped message="The following asserts failed:&#10;	Terminate Execution as user not able to login into portal or Role does not assign to user. Please do needful."/>
    <system-out><![CDATA[02:42:15.799 I am in onTestStart method SearchTicket start
]]></system-out>
  </testcase>
  <testcase name="SearchTicket" classname="tests.SupervisorSearchTicket" time="0">
    <skipped message="The following asserts failed:&#10;	Terminate Execution as user not able to login into portal or Role does not assign to user. Please do needful."/>
    <system-out><![CDATA[02:42:15.799 I am in onTestStart method SearchTicket start
]]></system-out>
  </testcase>
  <testcase name="SearchTicket" classname="tests.SupervisorSearchTicket" time="0">
    <skipped message="The following asserts failed:&#10;	Terminate Execution as user not able to login into portal or Role does not assign to user. Please do needful."/>
    <system-out><![CDATA[02:42:15.799 I am in onTestStart method SearchTicket start
]]></system-out>
  </testcase>
  <testcase name="SearchTicket" classname="tests.SupervisorSearchTicket" time="0">
    <skipped message="The following asserts failed:&#10;	Terminate Execution as user not able to login into portal or Role does not assign to user. Please do needful."/>
    <system-out><![CDATA[02:42:15.799 I am in onTestStart method SearchTicket start
]]></system-out>
  </testcase>
  <testcase name="SearchTicket" classname="tests.SupervisorSearchTicket" time="0">
    <skipped message="The following asserts failed:&#10;	Terminate Execution as user not able to login into portal or Role does not assign to user. Please do needful."/>
    <system-out><![CDATA[02:42:15.799 I am in onTestStart method SearchTicket start
]]></system-out>
  </testcase>
  <testcase name="validateCheckBox" classname="tests.SupervisorSearchTicket" time="0">
    <skipped message="The following asserts failed:&#10;	Terminate Execution as user not able to login into portal or Role does not assign to user. Please do needful."/>
    <system-out><![CDATA[02:42:15.799 I am in onTestStart method validateCheckBox start
]]></system-out>
  </testcase>
  <testcase name="checkExecution" classname="tests.SupervisorFilterTest" time="0.375">
    <failure message="The following asserts failed:&#10;	Terminate Execution as user not able to login into portal or Role does not assign to user. Please do needful." type="java.lang.AssertionError">java.lang.AssertionError: 
The following asserts failed:
	Terminate Execution as user not able to login into portal or Role does not assign to user. Please do needful.
	at tests.SupervisorFilterTest.checkExecution(SupervisorFilterTest.java:26)
</failure>
    <system-out><![CDATA[I am in on TestSkipped method validateCheckBox skipped
I am in onFinish method Supervisors Search Ticket Test 
I am in onStart method Supervisors Validate Filter Option 
]]></system-out>
  </testcase>
  <testcase name="checkExecution" classname="tests.SupervisorFilterTest" time="0">
    <skipped/>
  </testcase>
  <testcase name="checkExecution" classname="tests.SupervisorFilterTest" time="0">
    <skipped/>
  </testcase>
  <testcase name="validateOpenFilterTab" classname="tests.SupervisorFilterTest" time="0">
    <skipped message="The following asserts failed:&#10;	Terminate Execution as user not able to login into portal or Role does not assign to user. Please do needful."/>
    <system-out><![CDATA[02:42:16.174 I am in onTestStart method validateOpenFilterTab start
]]></system-out>
  </testcase>
  <testcase name="methodLevelSetup" classname="tests.SupervisorFilterTest" time="0">
    <skipped/>
    <system-out><![CDATA[I am in on TestSkipped method validateOpenFilterTab skipped
]]></system-out>
  </testcase>
  <testcase name="methodLevelSetup" classname="tests.SupervisorFilterTest" time="0">
    <skipped/>
    <system-out><![CDATA[I am in on TestSkipped method validateClosedFilterTab skipped
]]></system-out>
  </testcase>
  <testcase name="validateClosedFilterTab" classname="tests.SupervisorFilterTest" time="0">
    <skipped message="The following asserts failed:&#10;	Terminate Execution as user not able to login into portal or Role does not assign to user. Please do needful."/>
    <system-out><![CDATA[02:42:16.174 I am in onTestStart method validateClosedFilterTab start
]]></system-out>
  </testcase>
  <testcase name="applyFilterByCreatedDate" classname="tests.SupervisorFilterTest" time="0">
    <skipped message="The following asserts failed:&#10;	Terminate Execution as user not able to login into portal or Role does not assign to user. Please do needful."/>
    <system-out><![CDATA[02:42:16.174 I am in onTestStart method applyFilterByCreatedDate start
]]></system-out>
  </testcase>
  <testcase name="checkExecution" classname="tests.SupervisorUpdateTicket" time="0.375">
    <failure message="The following asserts failed:&#10;	Terminate Execution as user not able to login into portal or Role does not assign to user. Please do needful." type="java.lang.AssertionError">java.lang.AssertionError: 
The following asserts failed:
	Terminate Execution as user not able to login into portal or Role does not assign to user. Please do needful.
	at tests.SupervisorUpdateTicket.checkExecution(SupervisorUpdateTicket.java:52)
</failure>
    <system-out><![CDATA[I am in on TestSkipped method applyFilterByCreatedDate skipped
I am in onFinish method Supervisors Validate Filter Option 
I am in onStart method Supervisors Update Ticket Test
02:42:16.549 [main] INFO  Utils.DataProviders.DataProviders(244) - User Type ALL
02:42:16.549 [main] INFO  Utils.DataProviders.DataProviders(250) - NO USER FOUND
02:42:16.549 [main] INFO  Utils.DataProviders.DataProviders(244) - User Type BA
02:42:16.549 [main] INFO  Utils.DataProviders.DataProviders(250) - NO USER FOUND
02:42:16.549 [main] INFO  Utils.DataProviders.DataProviders(244) - User Type NFTR
02:42:16.549 [main] INFO  Utils.DataProviders.DataProviders(250) - NO USER FOUND
02:42:16.549 [main] INFO  Utils.DataProviders.DataProviders(244) - User Type API
02:42:16.549 [main] INFO  Utils.DataProviders.DataProviders(247) - User Type ADDED API
]]></system-out>
  </testcase>
  <testcase name="checkExecution" classname="tests.SupervisorUpdateTicket" time="0">
    <skipped/>
  </testcase>
  <testcase name="checkExecution" classname="tests.SupervisorUpdateTicket" time="0">
    <skipped/>
  </testcase>
  <testcase name="checkExecution" classname="tests.SupervisorUpdateTicket" time="0">
    <skipped/>
  </testcase>
  <testcase name="checkExecution" classname="tests.SupervisorUpdateTicket" time="0">
    <skipped/>
  </testcase>
  <testcase name="checkExecution" classname="tests.SupervisorUpdateTicket" time="0">
    <skipped/>
  </testcase>
  <testcase name="checkExecution" classname="tests.SupervisorUpdateTicket" time="0">
    <skipped/>
  </testcase>
  <testcase name="checkExecution" classname="tests.SupervisorUpdateTicket" time="0">
    <skipped/>
  </testcase>
  <testcase name="checkExecution" classname="tests.SupervisorUpdateTicket" time="0">
    <skipped/>
  </testcase>
  <testcase name="loginAPI" classname="tests.SupervisorUpdateTicket" time="0">
    <skipped message="The following asserts failed:&#10;	Terminate Execution as user not able to login into portal or Role does not assign to user. Please do needful."/>
    <system-out><![CDATA[02:42:16.549 I am in onTestStart method loginAPI start
]]></system-out>
  </testcase>
  <testcase name="methodLevelSetup" classname="tests.SupervisorUpdateTicket" time="0">
    <skipped/>
    <system-out><![CDATA[I am in on TestSkipped method loginAPI skipped
02:42:16.627 [main] INFO  Utils.DataProviders.DataProviders(244) - User Type ALL
02:42:16.627 [main] INFO  Utils.DataProviders.DataProviders(250) - NO USER FOUND
02:42:16.627 [main] INFO  Utils.DataProviders.DataProviders(244) - User Type BA
02:42:16.627 [main] INFO  Utils.DataProviders.DataProviders(250) - NO USER FOUND
02:42:16.627 [main] INFO  Utils.DataProviders.DataProviders(244) - User Type NFTR
02:42:16.627 [main] INFO  Utils.DataProviders.DataProviders(247) - User Type ADDED NFTR
02:42:16.627 [main] INFO  Utils.DataProviders.DataProviders(244) - User Type API
02:42:16.627 [main] INFO  Utils.DataProviders.DataProviders(250) - NO USER FOUND
]]></system-out>
  </testcase>
  <testcase name="methodLevelSetup" classname="tests.SupervisorUpdateTicket" time="0">
    <skipped/>
    <system-out><![CDATA[I am in on TestSkipped method setCustomerNumber skipped
Ticket Id: 030920000221
Ticket Id: 030920000222
Ticket Id: 030920000223
Ticket Id: 030920000224
Ticket Id: 030920000225
Ticket Id: 030920000226
]]></system-out>
  </testcase>
  <testcase name="methodLevelSetup" classname="tests.SupervisorUpdateTicket" time="0">
    <skipped/>
    <system-out><![CDATA[I am in on TestSkipped method updateTicket skipped
]]></system-out>
  </testcase>
  <testcase name="methodLevelSetup" classname="tests.SupervisorUpdateTicket" time="0">
    <skipped/>
    <system-out><![CDATA[I am in on TestSkipped method updateTicket skipped
]]></system-out>
  </testcase>
  <testcase name="methodLevelSetup" classname="tests.SupervisorUpdateTicket" time="0">
    <skipped/>
    <system-out><![CDATA[I am in on TestSkipped method updateTicket skipped
]]></system-out>
  </testcase>
  <testcase name="methodLevelSetup" classname="tests.SupervisorUpdateTicket" time="0">
    <skipped/>
    <system-out><![CDATA[I am in on TestSkipped method updateTicket skipped
]]></system-out>
  </testcase>
  <testcase name="methodLevelSetup" classname="tests.SupervisorUpdateTicket" time="0">
    <skipped/>
    <system-out><![CDATA[I am in on TestSkipped method updateTicket skipped
]]></system-out>
  </testcase>
  <testcase name="methodLevelSetup" classname="tests.SupervisorUpdateTicket" time="0">
    <skipped/>
    <system-out><![CDATA[I am in on TestSkipped method updateTicket skipped
02:42:16.830 [main] INFO  Utils.DataProviders.DataProviders(244) - User Type ALL
02:42:16.830 [main] INFO  Utils.DataProviders.DataProviders(250) - NO USER FOUND
02:42:16.830 [main] INFO  Utils.DataProviders.DataProviders(244) - User Type BA
02:42:16.830 [main] INFO  Utils.DataProviders.DataProviders(250) - NO USER FOUND
02:42:16.830 [main] INFO  Utils.DataProviders.DataProviders(244) - User Type NFTR
02:42:16.830 [main] INFO  Utils.DataProviders.DataProviders(247) - User Type ADDED NFTR
02:42:16.830 [main] INFO  Utils.DataProviders.DataProviders(244) - User Type API
02:42:16.830 [main] INFO  Utils.DataProviders.DataProviders(250) - NO USER FOUND
]]></system-out>
  </testcase>
  <testcase name="setCustomerNumber" classname="tests.SupervisorUpdateTicket" time="0">
    <skipped message="The following asserts failed:&#10;	Terminate Execution as user not able to login into portal or Role does not assign to user. Please do needful."/>
    <system-out><![CDATA[02:42:16.642 I am in onTestStart method setCustomerNumber start
]]></system-out>
  </testcase>
  <testcase name="updateTicket" classname="tests.SupervisorUpdateTicket" time="0">
    <skipped message="The following asserts failed:&#10;	Terminate Execution as user not able to login into portal or Role does not assign to user. Please do needful."/>
    <system-out><![CDATA[02:42:16.721 I am in onTestStart method updateTicket start
]]></system-out>
  </testcase>
  <testcase name="updateTicket" classname="tests.SupervisorUpdateTicket" time="0">
    <skipped message="The following asserts failed:&#10;	Terminate Execution as user not able to login into portal or Role does not assign to user. Please do needful."/>
    <system-out><![CDATA[02:42:16.721 I am in onTestStart method updateTicket start
]]></system-out>
  </testcase>
  <testcase name="updateTicket" classname="tests.SupervisorUpdateTicket" time="0">
    <skipped message="The following asserts failed:&#10;	Terminate Execution as user not able to login into portal or Role does not assign to user. Please do needful."/>
    <system-out><![CDATA[02:42:16.721 I am in onTestStart method updateTicket start
]]></system-out>
  </testcase>
  <testcase name="updateTicket" classname="tests.SupervisorUpdateTicket" time="0">
    <skipped message="The following asserts failed:&#10;	Terminate Execution as user not able to login into portal or Role does not assign to user. Please do needful."/>
    <system-out><![CDATA[02:42:16.721 I am in onTestStart method updateTicket start
]]></system-out>
  </testcase>
  <testcase name="updateTicket" classname="tests.SupervisorUpdateTicket" time="0">
    <skipped message="The following asserts failed:&#10;	Terminate Execution as user not able to login into portal or Role does not assign to user. Please do needful."/>
    <system-out><![CDATA[02:42:16.736 I am in onTestStart method updateTicket start
]]></system-out>
  </testcase>
  <testcase name="updateTicket" classname="tests.SupervisorUpdateTicket" time="0">
    <skipped message="The following asserts failed:&#10;	Terminate Execution as user not able to login into portal or Role does not assign to user. Please do needful."/>
    <system-out><![CDATA[02:42:16.736 I am in onTestStart method updateTicket start
]]></system-out>
  </testcase>
  <testcase name="openCustomerInteraction" classname="tests.SupervisorUpdateTicket" time="0">
    <skipped message="The following asserts failed:&#10;	Terminate Execution as user not able to login into portal or Role does not assign to user. Please do needful."/>
    <system-out><![CDATA[02:42:16.830 I am in onTestStart method openCustomerInteraction start
]]></system-out>
  </testcase>
  <testcase name="validateReopenIcon" classname="tests.SupervisorUpdateTicket" time="0">
    <skipped message="Method SupervisorUpdateTicket.validateReopenIcon()[pri:4, instance:tests.SupervisorUpdateTicket@5f77d0f9] depends on not successfully finished methods"/>
    <system-out><![CDATA[I am in on TestSkipped method openCustomerInteraction skipped
02:42:16.830 I am in onTestStart method validateReopenIcon start
]]></system-out>
  </testcase>
  <testcase name="checkExecution" classname="tests.AssignToAgentTicketTest" time="0.297">
    <failure message="The following asserts failed:&#10;	Terminate Execution as user not able to login into portal or Role does not assign to user. Please do needful." type="java.lang.AssertionError">java.lang.AssertionError: 
The following asserts failed:
	Terminate Execution as user not able to login into portal or Role does not assign to user. Please do needful.
	at tests.AssignToAgentTicketTest.checkExecution(AssignToAgentTicketTest.java:29)
</failure>
    <system-out><![CDATA[I am in on TestSkipped method validateReopenIcon skipped
I am in onFinish method Supervisors Update Ticket Test
I am in onStart method Supervisors Assign To Agent Test
]]></system-out>
  </testcase>
  <testcase name="openSupervisorDashboard" classname="tests.AssignToAgentTicketTest" time="0">
    <skipped message="The following asserts failed:&#10;	Terminate Execution as user not able to login into portal or Role does not assign to user. Please do needful."/>
    <system-out><![CDATA[02:42:17.127 I am in onTestStart method openSupervisorDashboard start
]]></system-out>
  </testcase>
  <testcase name="assignTicketToAgent" classname="tests.AssignToAgentTicketTest" time="0">
    <skipped message="Method AssignToAgentTicketTest.assignTicketToAgent(java.lang.reflect.Method)[pri:2, instance:tests.AssignToAgentTicketTest@5456afaa] depends on not successfully finished methods"/>
    <system-out><![CDATA[I am in on TestSkipped method openSupervisorDashboard skipped
02:42:17.127 I am in onTestStart method assignTicketToAgent start
]]></system-out>
  </testcase>
  <testcase name="checkExecution" classname="tests.TransferToQueueTest" time="0.328">
    <failure message="The following asserts failed:&#10;	Terminate Execution as user not able to login into portal or Role does not assign to user. Please do needful." type="java.lang.AssertionError">java.lang.AssertionError: 
The following asserts failed:
	Terminate Execution as user not able to login into portal or Role does not assign to user. Please do needful.
	at tests.TransferToQueueTest.checkExecution(TransferToQueueTest.java:26)
</failure>
    <system-out><![CDATA[I am in on TestSkipped method assignTicketToAgent skipped
I am in onFinish method Supervisors Assign To Agent Test
I am in onStart method Supervisors Ticket Transfer To Queue Test
]]></system-out>
  </testcase>
  <testcase name="checkExecution" classname="tests.TransferToQueueTest" time="0">
    <skipped/>
  </testcase>
  <testcase name="checkExecution" classname="tests.TransferToQueueTest" time="0">
    <skipped/>
  </testcase>
  <testcase name="checkExecution" classname="tests.TransferToQueueTest" time="0">
    <skipped/>
  </testcase>
  <testcase name="openSupervisorDashboard" classname="tests.TransferToQueueTest" time="0">
    <skipped message="The following asserts failed:&#10;	Terminate Execution as user not able to login into portal or Role does not assign to user. Please do needful."/>
    <system-out><![CDATA[02:42:17.455 I am in onTestStart method openSupervisorDashboard start
]]></system-out>
  </testcase>
  <testcase name="methodLevelSetup" classname="tests.TransferToQueueTest" time="0">
    <skipped/>
    <system-out><![CDATA[I am in on TestSkipped method openSupervisorDashboard skipped
]]></system-out>
  </testcase>
  <testcase name="methodLevelSetup" classname="tests.TransferToQueueTest" time="0">
    <skipped/>
    <system-out><![CDATA[I am in on TestSkipped method transferToQueue skipped
]]></system-out>
  </testcase>
  <testcase name="methodLevelSetup" classname="tests.TransferToQueueTest" time="0">
    <skipped/>
    <system-out><![CDATA[I am in on TestSkipped method transferToQueue skipped
]]></system-out>
  </testcase>
  <testcase name="transferToQueue" classname="tests.TransferToQueueTest" time="0">
    <skipped message="The following asserts failed:&#10;	Terminate Execution as user not able to login into portal or Role does not assign to user. Please do needful."/>
    <system-out><![CDATA[02:42:17.517 I am in onTestStart method transferToQueue start
]]></system-out>
  </testcase>
  <testcase name="transferToQueue" classname="tests.TransferToQueueTest" time="0">
    <skipped message="The following asserts failed:&#10;	Terminate Execution as user not able to login into portal or Role does not assign to user. Please do needful."/>
    <system-out><![CDATA[02:42:17.517 I am in onTestStart method transferToQueue start
]]></system-out>
  </testcase>
  <testcase name="transferToQueue" classname="tests.TransferToQueueTest" time="0">
    <skipped message="The following asserts failed:&#10;	Terminate Execution as user not able to login into portal or Role does not assign to user. Please do needful."/>
    <system-out><![CDATA[02:42:17.517 I am in onTestStart method transferToQueue start
]]></system-out>
  </testcase>
  <testcase name="checkExecution" classname="tests.SupervisorReopenTicketTest" time="0.313">
    <failure message="The following asserts failed:&#10;	Terminate Execution as user not able to login into portal or Role does not assign to user. Please do needful." type="java.lang.AssertionError">java.lang.AssertionError: 
The following asserts failed:
	Terminate Execution as user not able to login into portal or Role does not assign to user. Please do needful.
	at tests.SupervisorReopenTicketTest.checkExecution(SupervisorReopenTicketTest.java:27)
</failure>
    <system-out><![CDATA[I am in on TestSkipped method transferToQueue skipped
I am in onFinish method Supervisors Ticket Transfer To Queue Test
I am in onStart method Supervisor Re-Open Ticket
]]></system-out>
  </testcase>
  <testcase name="openSupervisorDashboard" classname="tests.SupervisorReopenTicketTest" time="0">
    <skipped message="The following asserts failed:&#10;	Terminate Execution as user not able to login into portal or Role does not assign to user. Please do needful."/>
    <system-out><![CDATA[02:42:17.830 I am in onTestStart method openSupervisorDashboard start
]]></system-out>
  </testcase>
  <testcase name="ReopenTicket" classname="tests.SupervisorReopenTicketTest" time="0">
    <skipped message="Method SupervisorReopenTicketTest.ReopenTicket(java.lang.reflect.Method, Utils.DataProviders.TicketStateDataBean)[pri:2, instance:tests.SupervisorReopenTicketTest@20d7d6fb] depends on not successfully finished methods"/>
    <system-out><![CDATA[I am in on TestSkipped method openSupervisorDashboard skipped
02:42:17.830 I am in onTestStart method ReopenTicket start
]]></system-out>
  </testcase>
  <testcase name="checkExecution" classname="tests.TicketEscalationTest" time="0.281">
    <failure message="The following asserts failed:&#10;	Terminate Execution as user not able to login into portal or Role does not assign to user. Please do needful." type="java.lang.AssertionError">java.lang.AssertionError: 
The following asserts failed:
	Terminate Execution as user not able to login into portal or Role does not assign to user. Please do needful.
	at tests.TicketEscalationTest.checkExecution(TicketEscalationTest.java:25)
</failure>
    <system-out><![CDATA[I am in on TestSkipped method ReopenTicket skipped
I am in onFinish method Supervisor Re-Open Ticket
I am in onStart method Ticket Escalation
]]></system-out>
  </testcase>
  <testcase name="openSupervisorDashboard" classname="tests.TicketEscalationTest" time="0">
    <skipped message="The following asserts failed:&#10;	Terminate Execution as user not able to login into portal or Role does not assign to user. Please do needful."/>
    <system-out><![CDATA[02:42:18.111 I am in onTestStart method openSupervisorDashboard start
]]></system-out>
  </testcase>
  <testcase name="ticketEscalation" classname="tests.TicketEscalationTest" time="0">
    <skipped message="Method TicketEscalationTest.ticketEscalation(java.lang.reflect.Method)[pri:2, instance:tests.TicketEscalationTest@2fba3fc4] depends on not successfully finished methods"/>
    <system-out><![CDATA[I am in on TestSkipped method openSupervisorDashboard skipped
02:42:18.111 I am in onTestStart method ticketEscalation start
]]></system-out>
  </testcase>
  <testcase name="ticketEscalationBeforeSLA" classname="tests.TicketEscalationTest" time="0">
    <skipped message="Method TicketEscalationTest.ticketEscalationBeforeSLA(java.lang.reflect.Method)[pri:3, instance:tests.TicketEscalationTest@2fba3fc4] depends on not successfully finished methods"/>
    <system-out><![CDATA[I am in on TestSkipped method ticketEscalation skipped
02:42:18.111 I am in onTestStart method ticketEscalationBeforeSLA start
]]></system-out>
  </testcase>
  <testcase name="ticketEscalationAfterSLA" classname="tests.TicketEscalationTest" time="0">
    <skipped message="Method TicketEscalationTest.ticketEscalationAfterSLA(java.lang.reflect.Method)[pri:4, instance:tests.TicketEscalationTest@2fba3fc4] depends on not successfully finished methods"/>
    <system-out><![CDATA[I am in on TestSkipped method ticketEscalationBeforeSLA skipped
02:42:18.111 I am in onTestStart method ticketEscalationAfterSLA start
]]></system-out>
  </testcase>
  <testcase name="ticketEscalationOnSLA" classname="tests.TicketEscalationTest" time="0">
    <skipped message="Method TicketEscalationTest.ticketEscalationOnSLA(java.lang.reflect.Method)[pri:5, instance:tests.TicketEscalationTest@2fba3fc4] depends on not successfully finished methods"/>
    <system-out><![CDATA[I am in on TestSkipped method ticketEscalationAfterSLA skipped
02:42:18.111 I am in onTestStart method ticketEscalationOnSLA start
]]></system-out>
  </testcase>
  <testcase name="checkExecution" classname="tests.SupervisorAddCommentTest" time="0.266">
    <failure message="The following asserts failed:&#10;	Terminate Execution as user not able to login into portal or Role does not assign to user. Please do needful." type="java.lang.AssertionError">java.lang.AssertionError: 
The following asserts failed:
	Terminate Execution as user not able to login into portal or Role does not assign to user. Please do needful.
	at tests.SupervisorAddCommentTest.checkExecution(SupervisorAddCommentTest.java:29)
</failure>
    <system-out><![CDATA[I am in on TestSkipped method ticketEscalationOnSLA skipped
I am in onFinish method Ticket Escalation
I am in onStart method Supervisors Add Comment on Ticket
]]></system-out>
  </testcase>
  <testcase name="openSupervisorDashboard" classname="tests.SupervisorAddCommentTest" time="0">
    <skipped message="The following asserts failed:&#10;	Terminate Execution as user not able to login into portal or Role does not assign to user. Please do needful."/>
    <system-out><![CDATA[02:42:18.392 I am in onTestStart method openSupervisorDashboard start
]]></system-out>
  </testcase>
  <testcase name="addCommentOnTicket" classname="tests.SupervisorAddCommentTest" time="0">
    <skipped message="Method SupervisorAddCommentTest.addCommentOnTicket(java.lang.reflect.Method)[pri:2, instance:tests.SupervisorAddCommentTest@13b3d178] depends on not successfully finished methods"/>
    <system-out><![CDATA[I am in on TestSkipped method openSupervisorDashboard skipped
02:42:18.392 I am in onTestStart method addCommentOnTicket start
]]></system-out>
  </testcase>
  <testcase name="validateIssueComment" classname="tests.SupervisorAddCommentTest" time="0">
    <skipped message="Method SupervisorAddCommentTest.validateIssueComment(java.lang.reflect.Method)[pri:3, instance:tests.SupervisorAddCommentTest@13b3d178] depends on not successfully finished methods"/>
    <system-out><![CDATA[I am in on TestSkipped method addCommentOnTicket skipped
02:42:18.392 I am in onTestStart method validateIssueComment start
]]></system-out>
  </testcase>
  <testcase name="editComment" classname="tests.SupervisorAddCommentTest" time="0">
    <skipped message="Method SupervisorAddCommentTest.editComment()[pri:4, instance:tests.SupervisorAddCommentTest@13b3d178] depends on not successfully finished methods"/>
    <system-out><![CDATA[I am in on TestSkipped method validateIssueComment skipped
02:42:18.392 I am in onTestStart method editComment start
]]></system-out>
  </testcase>
  <testcase name="deleteLastAddedComment" classname="tests.SupervisorAddCommentTest" time="0">
    <skipped message="Method SupervisorAddCommentTest.deleteLastAddedComment()[pri:5, instance:tests.SupervisorAddCommentTest@13b3d178] depends on not successfully finished methods"/>
    <system-out><![CDATA[I am in on TestSkipped method editComment skipped
02:42:18.392 I am in onTestStart method deleteLastAddedComment start
]]></system-out>
  </testcase>
  <testcase name="checkExecution" classname="tests.CreateTemplateTest" time="0.219">
    <failure message="The following asserts failed:&#10;	Terminate Execution as user not able to login into portal or Role does not assign to user. Please do needful." type="java.lang.AssertionError">java.lang.AssertionError: 
The following asserts failed:
	Terminate Execution as user not able to login into portal or Role does not assign to user. Please do needful.
	at tests.CreateTemplateTest.checkExecution(CreateTemplateTest.java:29)
</failure>
    <system-out><![CDATA[I am in on TestSkipped method LoggingIN skipped
I am in onFinish method Login Admin Test
I am in onStart method Create Template Test
]]></system-out>
  </testcase>
  <testcase name="checkExecution" classname="tests.CreateTemplateTest" time="0">
    <skipped/>
  </testcase>
  <testcase name="openTemplateManagement" classname="tests.CreateTemplateTest" time="0">
    <skipped message="The following asserts failed:&#10;	Terminate Execution as user not able to login into portal or Role does not assign to user. Please do needful."/>
    <system-out><![CDATA[02:42:34.703 I am in onTestStart method openTemplateManagement start
]]></system-out>
  </testcase>
  <testcase name="ValidateAddTemplateManagementPage" classname="tests.CreateTemplateTest" time="0">
    <skipped message="Method CreateTemplateTest.ValidateAddTemplateManagementPage()[pri:2, instance:tests.CreateTemplateTest@6b58b9e9] depends on not successfully finished methods"/>
    <system-out><![CDATA[I am in on TestSkipped method openTemplateManagement skipped
02:42:34.703 I am in onTestStart method ValidateAddTemplateManagementPage start
]]></system-out>
  </testcase>
  <testcase name="methodLevelSetup" classname="tests.CreateTemplateTest" time="0">
    <skipped/>
    <system-out><![CDATA[I am in on TestSkipped method ValidateAddTemplateManagementPage skipped
]]></system-out>
  </testcase>
  <testcase name="addTemplateCategory" classname="tests.CreateTemplateTest" time="0">
    <skipped message="The following asserts failed:&#10;	Terminate Execution as user not able to login into portal or Role does not assign to user. Please do needful."/>
    <system-out><![CDATA[02:42:34.703 I am in onTestStart method addTemplateCategory start
]]></system-out>
  </testcase>
  <testcase name="createTemplate" classname="tests.CreateTemplateTest" time="0">
    <skipped message="Method CreateTemplateTest.createTemplate()[pri:4, instance:tests.CreateTemplateTest@6b58b9e9] depends on not successfully finished methods"/>
    <system-out><![CDATA[I am in on TestSkipped method addTemplateCategory skipped
02:42:34.703 I am in onTestStart method createTemplate start
]]></system-out>
  </testcase>
  <testcase name="validateAddedTemplate" classname="tests.CreateTemplateTest" time="0">
    <skipped message="Method CreateTemplateTest.validateAddedTemplate()[pri:5, instance:tests.CreateTemplateTest@6b58b9e9] depends on not successfully finished methods"/>
    <system-out><![CDATA[I am in on TestSkipped method createTemplate skipped
02:42:34.703 I am in onTestStart method validateAddedTemplate start
]]></system-out>
  </testcase>
  <testcase name="checkExecution" classname="tests.ViewTemplateTest" time="0.234">
    <failure message="The following asserts failed:&#10;	Terminate Execution as user not able to login into portal or Role does not assign to user. Please do needful." type="java.lang.AssertionError">java.lang.AssertionError: 
The following asserts failed:
	Terminate Execution as user not able to login into portal or Role does not assign to user. Please do needful.
	at tests.ViewTemplateTest.checkExecution(ViewTemplateTest.java:25)
</failure>
    <system-out><![CDATA[I am in on TestSkipped method validateAddedTemplate skipped
I am in onFinish method Create Template Test
I am in onStart method View Template Test
]]></system-out>
  </testcase>
  <testcase name="openTemplateManagement" classname="tests.ViewTemplateTest" time="0">
    <skipped message="The following asserts failed:&#10;	Terminate Execution as user not able to login into portal or Role does not assign to user. Please do needful."/>
    <system-out><![CDATA[02:42:34.921 I am in onTestStart method openTemplateManagement start
]]></system-out>
  </testcase>
  <testcase name="openViewCreatedTemplate" classname="tests.ViewTemplateTest" time="0">
    <skipped message="Method ViewTemplateTest.openViewCreatedTemplate()[pri:2, instance:tests.ViewTemplateTest@6f6745d6] depends on not successfully finished methods"/>
    <system-out><![CDATA[I am in on TestSkipped method openTemplateManagement skipped
02:42:34.937 I am in onTestStart method openViewCreatedTemplate start
]]></system-out>
  </testcase>
  <testcase name="validateAgentChannel" classname="tests.ViewTemplateTest" time="0">
    <skipped message="Method ViewTemplateTest.validateAgentChannel()[pri:3, instance:tests.ViewTemplateTest@6f6745d6] depends on not successfully finished methods"/>
    <system-out><![CDATA[I am in on TestSkipped method openViewCreatedTemplate skipped
02:42:34.937 I am in onTestStart method validateAgentChannel start
]]></system-out>
  </testcase>
  <testcase name="validateRoles" classname="tests.ViewTemplateTest" time="0">
    <skipped message="Method ViewTemplateTest.validateRoles()[pri:4, instance:tests.ViewTemplateTest@6f6745d6] depends on not successfully finished methods"/>
    <system-out><![CDATA[I am in on TestSkipped method validateAgentChannel skipped
02:42:34.937 I am in onTestStart method validateRoles start
]]></system-out>
  </testcase>
  <testcase name="validateLanguage" classname="tests.ViewTemplateTest" time="0">
    <skipped message="Method ViewTemplateTest.validateLanguage()[pri:5, instance:tests.ViewTemplateTest@6f6745d6] depends on not successfully finished methods"/>
    <system-out><![CDATA[I am in on TestSkipped method validateRoles skipped
02:42:34.937 I am in onTestStart method validateLanguage start
]]></system-out>
  </testcase>
  <testcase name="validateTemplateLayout" classname="tests.ViewTemplateTest" time="0">
    <skipped message="Method ViewTemplateTest.validateTemplateLayout()[pri:6, instance:tests.ViewTemplateTest@6f6745d6] depends on not successfully finished methods"/>
    <system-out><![CDATA[I am in on TestSkipped method validateLanguage skipped
02:42:34.937 I am in onTestStart method validateTemplateLayout start
]]></system-out>
  </testcase>
  <testcase name="deactivateTemplate" classname="tests.ViewTemplateTest" time="0">
    <skipped message="Method ViewTemplateTest.deactivateTemplate()[pri:7, instance:tests.ViewTemplateTest@6f6745d6] depends on not successfully finished methods"/>
    <system-out><![CDATA[I am in on TestSkipped method validateTemplateLayout skipped
02:42:34.937 I am in onTestStart method deactivateTemplate start
]]></system-out>
  </testcase>
  <testcase name="checkExecution" classname="tests.userManagementTest" time="0.25">
    <failure message="The following asserts failed:&#10;	Terminate Execution as user not able to login into portal or Role does not assign to user. Please do needful." type="java.lang.AssertionError">java.lang.AssertionError: 
The following asserts failed:
	Terminate Execution as user not able to login into portal or Role does not assign to user. Please do needful.
	at tests.userManagementTest.checkExecution(userManagementTest.java:27)
</failure>
    <system-out><![CDATA[I am in on TestSkipped method deactivateTemplate skipped
I am in onFinish method View Template Test
I am in onStart method UserManagement Test
]]></system-out>
  </testcase>
  <testcase name="openUserManagementPage" classname="tests.userManagementTest" time="0">
    <skipped message="The following asserts failed:&#10;	Terminate Execution as user not able to login into portal or Role does not assign to user. Please do needful."/>
    <system-out><![CDATA[02:42:35.187 I am in onTestStart method openUserManagementPage start
]]></system-out>
  </testcase>
  <testcase name="openEditUserPage" classname="tests.userManagementTest" time="0">
    <skipped message="Method userManagementTest.openEditUserPage(Utils.DataProviders.TestDatabean)[pri:2, instance:tests.userManagementTest@1e81f160] depends on not successfully finished methods"/>
    <system-out><![CDATA[I am in on TestSkipped method openUserManagementPage skipped
02:42:35.187 I am in onTestStart method openEditUserPage start
]]></system-out>
  </testcase>
  <testcase name="getInteractionChannel" classname="tests.userManagementTest" time="0">
    <skipped message="Method userManagementTest.getInteractionChannel()[pri:3, instance:tests.userManagementTest@1e81f160] depends on not successfully finished methods"/>
    <system-out><![CDATA[I am in on TestSkipped method openEditUserPage skipped
02:42:35.187 I am in onTestStart method getInteractionChannel start
]]></system-out>
  </testcase>
  <testcase name="getWorkflows" classname="tests.userManagementTest" time="0">
    <skipped message="Method userManagementTest.getWorkflows()[pri:4, instance:tests.userManagementTest@1e81f160] depends on not successfully finished methods"/>
    <system-out><![CDATA[I am in on TestSkipped method getInteractionChannel skipped
02:42:35.187 I am in onTestStart method getWorkflows start
]]></system-out>
  </testcase>
  <testcase name="getLoginQueue" classname="tests.userManagementTest" time="0">
    <skipped message="Method userManagementTest.getLoginQueue()[pri:5, instance:tests.userManagementTest@1e81f160] depends on not successfully finished methods"/>
    <system-out><![CDATA[I am in on TestSkipped method getWorkflows skipped
02:42:35.187 I am in onTestStart method getLoginQueue start
]]></system-out>
  </testcase>
  <testcase name="changeBucketSize" classname="tests.userManagementTest" time="0">
    <skipped message="Method userManagementTest.changeBucketSize(Utils.DataProviders.TestDatabean)[pri:6, instance:tests.userManagementTest@1e81f160] depends on not successfully finished methods"/>
    <system-out><![CDATA[I am in on TestSkipped method getLoginQueue skipped
02:42:35.187 I am in onTestStart method changeBucketSize start
]]></system-out>
  </testcase>
  <testcase name="checkExecution" classname="tests.profileManagementTest" time="0.219">
    <failure message="The following asserts failed:&#10;	Terminate Execution as user not able to login into portal or Role does not assign to user. Please do needful." type="java.lang.AssertionError">java.lang.AssertionError: 
The following asserts failed:
	Terminate Execution as user not able to login into portal or Role does not assign to user. Please do needful.
	at tests.profileManagementTest.checkExecution(profileManagementTest.java:24)
</failure>
    <system-out><![CDATA[I am in on TestSkipped method changeBucketSize skipped
I am in onFinish method UserManagement Test
I am in onStart method Profile Management Test
]]></system-out>
  </testcase>
  <testcase name="openProfileManagementPage" classname="tests.profileManagementTest" time="0">
    <skipped message="The following asserts failed:&#10;	Terminate Execution as user not able to login into portal or Role does not assign to user. Please do needful."/>
    <system-out><![CDATA[02:42:35.406 I am in onTestStart method openProfileManagementPage start
]]></system-out>
  </testcase>
  <testcase name="configurationFilterTest" classname="tests.profileManagementTest" time="0">
    <skipped message="Method profileManagementTest.configurationFilterTest()[pri:2, instance:tests.profileManagementTest@59d4cd39] depends on not successfully finished methods"/>
    <system-out><![CDATA[I am in on TestSkipped method openProfileManagementPage skipped
02:42:35.406 I am in onTestStart method configurationFilterTest start
]]></system-out>
  </testcase>
  <testcase name="roleStatusFilterTest" classname="tests.profileManagementTest" time="0">
    <skipped message="Method profileManagementTest.roleStatusFilterTest()[pri:3, instance:tests.profileManagementTest@59d4cd39] depends on not successfully finished methods"/>
    <system-out><![CDATA[I am in on TestSkipped method configurationFilterTest skipped
02:42:35.406 I am in onTestStart method roleStatusFilterTest start
]]></system-out>
  </testcase>
  <testcase name="widgetOrderTest" classname="tests.profileManagementTest" time="0">
    <skipped message="Method profileManagementTest.widgetOrderTest(Utils.DataProviders.TestDatabean)[pri:3, instance:tests.profileManagementTest@59d4cd39] depends on not successfully finished methods"/>
    <system-out><![CDATA[I am in on TestSkipped method roleStatusFilterTest skipped
02:42:35.406 I am in onTestStart method widgetOrderTest start
]]></system-out>
  </testcase>
  <testcase name="LoggingIN" classname="tests.BackendAgentLoginTest" time="91.778">
    <failure message="Expected condition failed: waiting for visibility of element located by By.xpath: //mat-toolbar//button (tried for 40 second(s) with 500 milliseconds interval)" type="org.openqa.selenium.TimeoutException">org.openqa.selenium.TimeoutException: Expected condition failed: waiting for visibility of element located by By.xpath: //mat-toolbar//button (tried for 40 second(s) with 500 milliseconds interval)
	at tests.BackendAgentLoginTest.LoggingIN(BackendAgentLoginTest.java:49)
Caused by: org.openqa.selenium.NoSuchElementException: 
no such element: Unable to locate element: {"method":"xpath","selector":"//mat-toolbar//button"}
  (Session info: headless chrome=89.0.4389.90)
For documentation on this error, please visit: https://www.seleniumhq.org/exceptions/no_such_element.html
Build info: version: '4.0.0-alpha-3', revision: '8c567de6dc'
System info: host: 'LT2394650', ip: '172.23.64.219', os.name: 'Windows 10', os.arch: 'amd64', os.version: '10.0', java.version: '1.8.0_231'
Driver info: org.openqa.selenium.chrome.ChromeDriver
Capabilities {acceptInsecureCerts: true, browserName: chrome, browserVersion: 89.0.4389.90, chrome: {chromedriverVersion: 89.0.4389.23 (61b08ee2c5002..., userDataDir: C:\Users\2394650\AppData\Lo...}, goog:chromeOptions: {debuggerAddress: localhost:56922}, javascriptEnabled: true, networkConnectionEnabled: false, pageLoadStrategy: normal, platform: WINDOWS, platformName: WINDOWS, proxy: Proxy(), setWindowRect: true, strictFileInteractability: false, timeouts: {implicit: 0, pageLoad: 300000, script: 30000}, unhandledPromptBehavior: dismiss and notify, webauthn:extension:largeBlob: true, webauthn:virtualAuthenticators: true}
Session ID: 94b3a7619e74f60390a19cf6f2350ccd
*** Element info: {Using=xpath, value=//mat-toolbar//button}
	at tests.BackendAgentLoginTest.LoggingIN(BackendAgentLoginTest.java:49)
</failure>
    <system-out><![CDATA[02:42:50.668 I am in on TestFailure method Logout failed
java.lang.AssertionError: did not expect to find [true] but found [false]
	at org.testng.Assert.fail(Assert.java:97)
	at org.testng.Assert.failNotEquals(Assert.java:969)
	at org.testng.Assert.assertTrue(Assert.java:43)
	at org.testng.Assert.assertTrue(Assert.java:53)
	at tests.LogoutTest.Logout(LogoutTest.java:32)
	at sun.reflect.NativeMethodAccessorImpl.invoke0(Native Method)
	at sun.reflect.NativeMethodAccessorImpl.invoke(NativeMethodAccessorImpl.java:62)
	at sun.reflect.DelegatingMethodAccessorImpl.invoke(DelegatingMethodAccessorImpl.java:43)
	at java.lang.reflect.Method.invoke(Method.java:498)
	at org.testng.internal.MethodInvocationHelper.invokeMethod(MethodInvocationHelper.java:133)
	at org.testng.internal.TestInvoker.invokeMethod(TestInvoker.java:584)
	at org.testng.internal.TestInvoker.invokeTestMethod(TestInvoker.java:172)
	at org.testng.internal.MethodRunner.runInSequence(MethodRunner.java:46)
	at org.testng.internal.TestInvoker$MethodInvocationAgent.invoke(TestInvoker.java:804)
	at org.testng.internal.TestInvoker.invokeTestMethods(TestInvoker.java:145)
	at org.testng.internal.TestMethodWorker.invokeTestMethods(TestMethodWorker.java:146)
	at org.testng.internal.TestMethodWorker.run(TestMethodWorker.java:128)
	at java.util.ArrayList.forEach(ArrayList.java:1257)
	at org.testng.TestRunner.privateRun(TestRunner.java:770)
	at org.testng.TestRunner.run(TestRunner.java:591)
	at org.testng.SuiteRunner.runTest(SuiteRunner.java:402)
	at org.testng.SuiteRunner.runSequentially(SuiteRunner.java:396)
	at org.testng.SuiteRunner.privateRun(SuiteRunner.java:355)
	at org.testng.SuiteRunner.run(SuiteRunner.java:304)
	at org.testng.SuiteRunnerWorker.runSuite(SuiteRunnerWorker.java:53)
	at org.testng.SuiteRunnerWorker.run(SuiteRunnerWorker.java:96)
	at org.testng.TestNG.runSuitesSequentially(TestNG.java:1180)
	at org.testng.TestNG.runSuitesLocally(TestNG.java:1102)
	at org.testng.TestNG.runSuites(TestNG.java:1032)
	at org.testng.TestNG.run(TestNG.java:1000)
	at org.apache.maven.surefire.testng.TestNGExecutor.run(TestNGExecutor.java:283)
	at org.apache.maven.surefire.testng.TestNGXmlTestSuite.execute(TestNGXmlTestSuite.java:75)
	at org.apache.maven.surefire.testng.TestNGProvider.invoke(TestNGProvider.java:120)
	at org.apache.maven.surefire.booter.ForkedBooter.invokeProviderInSameClassLoader(ForkedBooter.java:384)
	at org.apache.maven.surefire.booter.ForkedBooter.runSuitesInProcess(ForkedBooter.java:345)
	at org.apache.maven.surefire.booter.ForkedBooter.execute(ForkedBooter.java:126)
	at org.apache.maven.surefire.booter.ForkedBooter.main(ForkedBooter.java:418)

I am in onFinish method Logout Test from ADMIN/SUPERVISOR
I am in onStart method LOGIN TO BACKEND AGENT
02:42:51.213 [main] INFO  Utils.DataProviders.DataProviders(244) - User Type ALL
02:42:51.228 [main] INFO  Utils.DataProviders.DataProviders(250) - NO USER FOUND
02:42:51.228 [main] INFO  Utils.DataProviders.DataProviders(244) - User Type BA
02:42:51.228 [main] INFO  Utils.DataProviders.DataProviders(247) - User Type ADDED BA
02:42:51.228 [main] INFO  Utils.DataProviders.DataProviders(244) - User Type NFTR
02:42:51.228 [main] INFO  Utils.DataProviders.DataProviders(250) - NO USER FOUND
02:42:51.228 [main] INFO  Utils.DataProviders.DataProviders(244) - User Type API
02:42:51.228 [main] INFO  Utils.DataProviders.DataProviders(250) - NO USER FOUND
02:42:51.228 I am in onTestStart method LoggingIN start
02:43:10.605 [main] INFO  pages.loginPagePOM(34) - Opening URL:-http://172.26.146.190:30050/login
02:43:10.612 [main] INFO  pages.BasePage(328) - Waiting for loader to be removed
02:43:15.666 [main] INFO  pages.BasePage(328) - Loader Removed
02:43:15.666 [main] INFO  pages.loginPagePOM(38) - Entering AUUID :2388192In username
02:43:15.898 [main] INFO  pages.BasePage(94) - Writing 2388192to  By.xpath: //input[@formcontrolname="loginTypeStatus"]
02:43:15.898 [main] INFO  pages.loginPagePOM(45) - Clicking on Submit button
02:43:16.039 [main] INFO  pages.BasePage(74) - Clicking on elementBy.xpath:  //*[@type='submit']
02:43:16.039 [main] INFO  pages.loginPagePOM(57) - Send password to Password field
02:43:17.072 [main] INFO  pages.BasePage(94) - Writing Airtel#321to  By.name: password
02:43:17.073 [main] INFO  pages.loginPagePOM(63) - checking login button is enabled or not
02:43:17.179 [main] INFO  pages.loginPagePOM(75) - Clicking on Visible Password Button
02:43:17.892 [main] INFO  pages.BasePage(74) - Clicking on elementBy.xpath:  //*[@class='visibility-icon c-pointer abs visible-status mat-icon notranslate material-icons mat-icon-no-color ng-star-inserted']
02:43:17.892 [main] INFO  pages.loginPagePOM(75) - Clicking on Visible Password Button
02:43:18.000 [main] INFO  pages.BasePage(74) - Clicking on elementBy.xpath:  //*[@class='visibility-icon c-pointer abs visible-status mat-icon notranslate material-icons mat-icon-no-color ng-star-inserted']
02:43:18.000 [main] INFO  pages.loginPagePOM(69) - Clicking on Login button
02:43:18.145 [main] INFO  pages.BasePage(74) - Clicking on elementBy.xpath:  //*[@type='submit']
02:43:18.160 [main] INFO  pages.BasePage(328) - Waiting for loader to be removed
02:43:29.180 [main] INFO  pages.BasePage(328) - Loader Removed
02:43:29.180 [main] INFO  pages.BasePage(328) - Waiting for loader to be removed
02:43:34.210 [main] INFO  pages.BasePage(328) - Loader Removed
02:43:34.210 [main] INFO  pages.SideMenuPOM(57) - Checking that  Side Menu options are Visible or Not
]]></system-out>
    <system-err><![CDATA[org.openqa.selenium.NoSuchElementException: no such element: Unable to locate element: {"method":"xpath","selector":"//mat-toolbar//button"}
  (Session info: headless chrome=89.0.4389.90)
For documentation on this error, please visit: https://www.seleniumhq.org/exceptions/no_such_element.html
Build info: version: '4.0.0-alpha-3', revision: '8c567de6dc'
System info: host: 'LT2394650', ip: '172.23.64.219', os.name: 'Windows 10', os.arch: 'amd64', os.version: '10.0', java.version: '1.8.0_231'
Driver info: org.openqa.selenium.chrome.ChromeDriver
Capabilities {acceptInsecureCerts: true, browserName: chrome, browserVersion: 89.0.4389.90, chrome: {chromedriverVersion: 89.0.4389.23 (61b08ee2c5002..., userDataDir: C:\Users\2394650\AppData\Lo...}, goog:chromeOptions: {debuggerAddress: localhost:56922}, javascriptEnabled: true, networkConnectionEnabled: false, pageLoadStrategy: normal, platform: WINDOWS, platformName: WINDOWS, proxy: Proxy(), setWindowRect: true, strictFileInteractability: false, timeouts: {implicit: 0, pageLoad: 300000, script: 30000}, unhandledPromptBehavior: dismiss and notify, webauthn:extension:largeBlob: true, webauthn:virtualAuthenticators: true}
Session ID: 94b3a7619e74f60390a19cf6f2350ccd
*** Element info: {Using=xpath, value=//mat-toolbar//button}
	at sun.reflect.NativeConstructorAccessorImpl.newInstance0(Native Method)
	at sun.reflect.NativeConstructorAccessorImpl.newInstance(NativeConstructorAccessorImpl.java:62)
	at sun.reflect.DelegatingConstructorAccessorImpl.newInstance(DelegatingConstructorAccessorImpl.java:45)
	at java.lang.reflect.Constructor.newInstance(Constructor.java:423)
	at org.openqa.selenium.remote.codec.w3c.W3CHttpResponseCodec.createException(W3CHttpResponseCodec.java:191)
	at org.openqa.selenium.remote.codec.w3c.W3CHttpResponseCodec.decode(W3CHttpResponseCodec.java:125)
	at org.openqa.selenium.remote.codec.w3c.W3CHttpResponseCodec.decode(W3CHttpResponseCodec.java:52)
	at org.openqa.selenium.remote.HttpCommandExecutor.execute(HttpCommandExecutor.java:161)
	at org.openqa.selenium.remote.service.DriverCommandExecutor.execute(DriverCommandExecutor.java:83)
	at org.openqa.selenium.remote.RemoteWebDriver.execute(RemoteWebDriver.java:576)
	at org.openqa.selenium.remote.RemoteWebDriver.findElement(RemoteWebDriver.java:327)
	at org.openqa.selenium.remote.RemoteWebDriver.findElementByXPath(RemoteWebDriver.java:445)
	at org.openqa.selenium.By$ByXPath.findElement(By.java:396)
	at org.openqa.selenium.remote.RemoteWebDriver.findElement(RemoteWebDriver.java:319)
	at pages.BasePage.isElementVisible(BasePage.java:234)
	at pages.SideMenuPOM.isSideMenuVisible(SideMenuPOM.java:60)
	at tests.BackendAgentLoginTest.LoggingIN(BackendAgentLoginTest.java:48)
	at sun.reflect.NativeMethodAccessorImpl.invoke0(Native Method)
	at sun.reflect.NativeMethodAccessorImpl.invoke(NativeMethodAccessorImpl.java:62)
	at sun.reflect.DelegatingMethodAccessorImpl.invoke(DelegatingMethodAccessorImpl.java:43)
	at java.lang.reflect.Method.invoke(Method.java:498)
	at org.testng.internal.MethodInvocationHelper.invokeMethod(MethodInvocationHelper.java:133)
	at org.testng.internal.TestInvoker.invokeMethod(TestInvoker.java:584)
	at org.testng.internal.TestInvoker.invokeTestMethod(TestInvoker.java:172)
	at org.testng.internal.MethodRunner.runInSequence(MethodRunner.java:46)
	at org.testng.internal.TestInvoker$MethodInvocationAgent.invoke(TestInvoker.java:804)
	at org.testng.internal.TestInvoker.invokeTestMethods(TestInvoker.java:145)
	at org.testng.internal.TestMethodWorker.invokeTestMethods(TestMethodWorker.java:146)
	at org.testng.internal.TestMethodWorker.run(TestMethodWorker.java:128)
	at java.util.ArrayList.forEach(ArrayList.java:1257)
	at org.testng.TestRunner.privateRun(TestRunner.java:770)
	at org.testng.TestRunner.run(TestRunner.java:591)
	at org.testng.SuiteRunner.runTest(SuiteRunner.java:402)
	at org.testng.SuiteRunner.runSequentially(SuiteRunner.java:396)
	at org.testng.SuiteRunner.privateRun(SuiteRunner.java:355)
	at org.testng.SuiteRunner.run(SuiteRunner.java:304)
	at org.testng.SuiteRunnerWorker.runSuite(SuiteRunnerWorker.java:53)
	at org.testng.SuiteRunnerWorker.run(SuiteRunnerWorker.java:96)
	at org.testng.TestNG.runSuitesSequentially(TestNG.java:1180)
	at org.testng.TestNG.runSuitesLocally(TestNG.java:1102)
	at org.testng.TestNG.runSuites(TestNG.java:1032)
	at org.testng.TestNG.run(TestNG.java:1000)
	at org.apache.maven.surefire.testng.TestNGExecutor.run(TestNGExecutor.java:283)
	at org.apache.maven.surefire.testng.TestNGXmlTestSuite.execute(TestNGXmlTestSuite.java:75)
	at org.apache.maven.surefire.testng.TestNGProvider.invoke(TestNGProvider.java:120)
	at org.apache.maven.surefire.booter.ForkedBooter.invokeProviderInSameClassLoader(ForkedBooter.java:384)
	at org.apache.maven.surefire.booter.ForkedBooter.runSuitesInProcess(ForkedBooter.java:345)
	at org.apache.maven.surefire.booter.ForkedBooter.execute(ForkedBooter.java:126)
	at org.apache.maven.surefire.booter.ForkedBooter.main(ForkedBooter.java:418)
]]></system-err>
  </testcase>
  <testcase name="agentQueueLogin" classname="tests.BackendAgentLoginTest" time="0">
    <skipped message="Method BackendAgentLoginTest.agentQueueLogin(java.lang.reflect.Method)[pri:2, instance:tests.BackendAgentLoginTest@68034211] depends on not successfully finished methods"/>
    <system-out><![CDATA[02:44:23.006 I am in on TestFailure method LoggingIN failed
org.openqa.selenium.TimeoutException: Expected condition failed: waiting for visibility of element located by By.xpath: //mat-toolbar//button (tried for 40 second(s) with 500 milliseconds interval)
	at org.openqa.selenium.support.ui.WebDriverWait.timeoutException(WebDriverWait.java:138)
	at org.openqa.selenium.support.ui.FluentWait.until(FluentWait.java:234)
	at pages.SideMenuPOM.clickOnSideMenu(SideMenuPOM.java:40)
	at tests.BackendAgentLoginTest.LoggingIN(BackendAgentLoginTest.java:49)
	at sun.reflect.NativeMethodAccessorImpl.invoke0(Native Method)
	at sun.reflect.NativeMethodAccessorImpl.invoke(NativeMethodAccessorImpl.java:62)
	at sun.reflect.DelegatingMethodAccessorImpl.invoke(DelegatingMethodAccessorImpl.java:43)
	at java.lang.reflect.Method.invoke(Method.java:498)
	at org.testng.internal.MethodInvocationHelper.invokeMethod(MethodInvocationHelper.java:133)
	at org.testng.internal.TestInvoker.invokeMethod(TestInvoker.java:584)
	at org.testng.internal.TestInvoker.invokeTestMethod(TestInvoker.java:172)
	at org.testng.internal.MethodRunner.runInSequence(MethodRunner.java:46)
	at org.testng.internal.TestInvoker$MethodInvocationAgent.invoke(TestInvoker.java:804)
	at org.testng.internal.TestInvoker.invokeTestMethods(TestInvoker.java:145)
	at org.testng.internal.TestMethodWorker.invokeTestMethods(TestMethodWorker.java:146)
	at org.testng.internal.TestMethodWorker.run(TestMethodWorker.java:128)
	at java.util.ArrayList.forEach(ArrayList.java:1257)
	at org.testng.TestRunner.privateRun(TestRunner.java:770)
	at org.testng.TestRunner.run(TestRunner.java:591)
	at org.testng.SuiteRunner.runTest(SuiteRunner.java:402)
	at org.testng.SuiteRunner.runSequentially(SuiteRunner.java:396)
	at org.testng.SuiteRunner.privateRun(SuiteRunner.java:355)
	at org.testng.SuiteRunner.run(SuiteRunner.java:304)
	at org.testng.SuiteRunnerWorker.runSuite(SuiteRunnerWorker.java:53)
	at org.testng.SuiteRunnerWorker.run(SuiteRunnerWorker.java:96)
	at org.testng.TestNG.runSuitesSequentially(TestNG.java:1180)
	at org.testng.TestNG.runSuitesLocally(TestNG.java:1102)
	at org.testng.TestNG.runSuites(TestNG.java:1032)
	at org.testng.TestNG.run(TestNG.java:1000)
	at org.apache.maven.surefire.testng.TestNGExecutor.run(TestNGExecutor.java:283)
	at org.apache.maven.surefire.testng.TestNGXmlTestSuite.execute(TestNGXmlTestSuite.java:75)
	at org.apache.maven.surefire.testng.TestNGProvider.invoke(TestNGProvider.java:120)
	at org.apache.maven.surefire.booter.ForkedBooter.invokeProviderInSameClassLoader(ForkedBooter.java:384)
	at org.apache.maven.surefire.booter.ForkedBooter.runSuitesInProcess(ForkedBooter.java:345)
	at org.apache.maven.surefire.booter.ForkedBooter.execute(ForkedBooter.java:126)
	at org.apache.maven.surefire.booter.ForkedBooter.main(ForkedBooter.java:418)
Caused by: org.openqa.selenium.NoSuchElementException: no such element: Unable to locate element: {"method":"xpath","selector":"//mat-toolbar//button"}
  (Session info: headless chrome=89.0.4389.90)
For documentation on this error, please visit: https://www.seleniumhq.org/exceptions/no_such_element.html
Build info: version: '4.0.0-alpha-3', revision: '8c567de6dc'
System info: host: 'LT2394650', ip: '172.23.64.219', os.name: 'Windows 10', os.arch: 'amd64', os.version: '10.0', java.version: '1.8.0_231'
Driver info: org.openqa.selenium.chrome.ChromeDriver
Capabilities {acceptInsecureCerts: true, browserName: chrome, browserVersion: 89.0.4389.90, chrome: {chromedriverVersion: 89.0.4389.23 (61b08ee2c5002..., userDataDir: C:\Users\2394650\AppData\Lo...}, goog:chromeOptions: {debuggerAddress: localhost:56922}, javascriptEnabled: true, networkConnectionEnabled: false, pageLoadStrategy: normal, platform: WINDOWS, platformName: WINDOWS, proxy: Proxy(), setWindowRect: true, strictFileInteractability: false, timeouts: {implicit: 0, pageLoad: 300000, script: 30000}, unhandledPromptBehavior: dismiss and notify, webauthn:extension:largeBlob: true, webauthn:virtualAuthenticators: true}
Session ID: 94b3a7619e74f60390a19cf6f2350ccd
*** Element info: {Using=xpath, value=//mat-toolbar//button}
	at sun.reflect.GeneratedConstructorAccessor95.newInstance(Unknown Source)
	at sun.reflect.DelegatingConstructorAccessorImpl.newInstance(DelegatingConstructorAccessorImpl.java:45)
	at java.lang.reflect.Constructor.newInstance(Constructor.java:423)
	at org.openqa.selenium.remote.codec.w3c.W3CHttpResponseCodec.createException(W3CHttpResponseCodec.java:191)
	at org.openqa.selenium.remote.codec.w3c.W3CHttpResponseCodec.decode(W3CHttpResponseCodec.java:125)
	at org.openqa.selenium.remote.codec.w3c.W3CHttpResponseCodec.decode(W3CHttpResponseCodec.java:52)
	at org.openqa.selenium.remote.HttpCommandExecutor.execute(HttpCommandExecutor.java:161)
	at org.openqa.selenium.remote.service.DriverCommandExecutor.execute(DriverCommandExecutor.java:83)
	at org.openqa.selenium.remote.RemoteWebDriver.execute(RemoteWebDriver.java:576)
	at org.openqa.selenium.remote.RemoteWebDriver.findElement(RemoteWebDriver.java:327)
	at org.openqa.selenium.remote.RemoteWebDriver.findElementByXPath(RemoteWebDriver.java:445)
	at org.openqa.selenium.By$ByXPath.findElement(By.java:396)
	at org.openqa.selenium.remote.RemoteWebDriver.findElement(RemoteWebDriver.java:319)
	at org.openqa.selenium.support.ui.ExpectedConditions$7.apply(ExpectedConditions.java:205)
	at org.openqa.selenium.support.ui.ExpectedConditions$7.apply(ExpectedConditions.java:201)
	at org.openqa.selenium.support.ui.FluentWait.until(FluentWait.java:211)
	... 34 more

02:44:23.419 I am in onTestStart method agentQueueLogin start
]]></system-out>
  </testcase>
  <testcase name="ValidateTicket" classname="tests.BackendAgentLoginTest" time="0">
    <skipped message="Method BackendAgentLoginTest.ValidateTicket(java.lang.reflect.Method)[pri:3, instance:tests.BackendAgentLoginTest@68034211] depends on not successfully finished methods"/>
    <system-out><![CDATA[I am in on TestSkipped method agentQueueLogin skipped
02:44:23.419 I am in onTestStart method ValidateTicket start
]]></system-out>
  </testcase>
  <testcase name="agentQueueLogin" classname="tests.BackendAgentFilterTest" time="43.833">
    <failure message="Expected condition failed: waiting for visibility of element located by By.xpath: //mat-toolbar//button (tried for 40 second(s) with 500 milliseconds interval)" type="org.openqa.selenium.TimeoutException">org.openqa.selenium.TimeoutException: Expected condition failed: waiting for visibility of element located by By.xpath: //mat-toolbar//button (tried for 40 second(s) with 500 milliseconds interval)
	at tests.BackendAgentFilterTest.agentQueueLogin(BackendAgentFilterTest.java:31)
Caused by: org.openqa.selenium.NoSuchElementException: 
no such element: Unable to locate element: {"method":"xpath","selector":"//mat-toolbar//button"}
  (Session info: headless chrome=89.0.4389.90)
For documentation on this error, please visit: https://www.seleniumhq.org/exceptions/no_such_element.html
Build info: version: '4.0.0-alpha-3', revision: '8c567de6dc'
System info: host: 'LT2394650', ip: '172.23.64.219', os.name: 'Windows 10', os.arch: 'amd64', os.version: '10.0', java.version: '1.8.0_231'
Driver info: org.openqa.selenium.chrome.ChromeDriver
Capabilities {acceptInsecureCerts: true, browserName: chrome, browserVersion: 89.0.4389.90, chrome: {chromedriverVersion: 89.0.4389.23 (61b08ee2c5002..., userDataDir: C:\Users\2394650\AppData\Lo...}, goog:chromeOptions: {debuggerAddress: localhost:56922}, javascriptEnabled: true, networkConnectionEnabled: false, pageLoadStrategy: normal, platform: WINDOWS, platformName: WINDOWS, proxy: Proxy(), setWindowRect: true, strictFileInteractability: false, timeouts: {implicit: 0, pageLoad: 300000, script: 30000}, unhandledPromptBehavior: dismiss and notify, webauthn:extension:largeBlob: true, webauthn:virtualAuthenticators: true}
Session ID: 94b3a7619e74f60390a19cf6f2350ccd
*** Element info: {Using=xpath, value=//mat-toolbar//button}
	at tests.BackendAgentFilterTest.agentQueueLogin(BackendAgentFilterTest.java:31)
</failure>
    <system-out><![CDATA[I am in on TestSkipped method ValidateTicket skipped
I am in onFinish method LOGIN TO BACKEND AGENT
I am in onStart method Validate BACKEND AGENT Filter Options
02:44:23.622 I am in onTestStart method agentQueueLogin start
]]></system-out>
  </testcase>
  <testcase name="validateFilter" classname="tests.BackendAgentFilterTest" time="0">
    <skipped message="Method BackendAgentFilterTest.validateFilter(java.lang.reflect.Method)[pri:2, instance:tests.BackendAgentFilterTest@1722011b] depends on not successfully finished methods"/>
    <system-out><![CDATA[02:45:07.455 I am in on TestFailure method agentQueueLogin failed
org.openqa.selenium.TimeoutException: Expected condition failed: waiting for visibility of element located by By.xpath: //mat-toolbar//button (tried for 40 second(s) with 500 milliseconds interval)
	at org.openqa.selenium.support.ui.WebDriverWait.timeoutException(WebDriverWait.java:138)
	at org.openqa.selenium.support.ui.FluentWait.until(FluentWait.java:234)
	at pages.SideMenuPOM.clickOnSideMenu(SideMenuPOM.java:40)
	at tests.BackendAgentFilterTest.agentQueueLogin(BackendAgentFilterTest.java:31)
	at sun.reflect.NativeMethodAccessorImpl.invoke0(Native Method)
	at sun.reflect.NativeMethodAccessorImpl.invoke(NativeMethodAccessorImpl.java:62)
	at sun.reflect.DelegatingMethodAccessorImpl.invoke(DelegatingMethodAccessorImpl.java:43)
	at java.lang.reflect.Method.invoke(Method.java:498)
	at org.testng.internal.MethodInvocationHelper.invokeMethod(MethodInvocationHelper.java:133)
	at org.testng.internal.TestInvoker.invokeMethod(TestInvoker.java:584)
	at org.testng.internal.TestInvoker.invokeTestMethod(TestInvoker.java:172)
	at org.testng.internal.MethodRunner.runInSequence(MethodRunner.java:46)
	at org.testng.internal.TestInvoker$MethodInvocationAgent.invoke(TestInvoker.java:804)
	at org.testng.internal.TestInvoker.invokeTestMethods(TestInvoker.java:145)
	at org.testng.internal.TestMethodWorker.invokeTestMethods(TestMethodWorker.java:146)
	at org.testng.internal.TestMethodWorker.run(TestMethodWorker.java:128)
	at java.util.ArrayList.forEach(ArrayList.java:1257)
	at org.testng.TestRunner.privateRun(TestRunner.java:770)
	at org.testng.TestRunner.run(TestRunner.java:591)
	at org.testng.SuiteRunner.runTest(SuiteRunner.java:402)
	at org.testng.SuiteRunner.runSequentially(SuiteRunner.java:396)
	at org.testng.SuiteRunner.privateRun(SuiteRunner.java:355)
	at org.testng.SuiteRunner.run(SuiteRunner.java:304)
	at org.testng.SuiteRunnerWorker.runSuite(SuiteRunnerWorker.java:53)
	at org.testng.SuiteRunnerWorker.run(SuiteRunnerWorker.java:96)
	at org.testng.TestNG.runSuitesSequentially(TestNG.java:1180)
	at org.testng.TestNG.runSuitesLocally(TestNG.java:1102)
	at org.testng.TestNG.runSuites(TestNG.java:1032)
	at org.testng.TestNG.run(TestNG.java:1000)
	at org.apache.maven.surefire.testng.TestNGExecutor.run(TestNGExecutor.java:283)
	at org.apache.maven.surefire.testng.TestNGXmlTestSuite.execute(TestNGXmlTestSuite.java:75)
	at org.apache.maven.surefire.testng.TestNGProvider.invoke(TestNGProvider.java:120)
	at org.apache.maven.surefire.booter.ForkedBooter.invokeProviderInSameClassLoader(ForkedBooter.java:384)
	at org.apache.maven.surefire.booter.ForkedBooter.runSuitesInProcess(ForkedBooter.java:345)
	at org.apache.maven.surefire.booter.ForkedBooter.execute(ForkedBooter.java:126)
	at org.apache.maven.surefire.booter.ForkedBooter.main(ForkedBooter.java:418)
Caused by: org.openqa.selenium.NoSuchElementException: no such element: Unable to locate element: {"method":"xpath","selector":"//mat-toolbar//button"}
  (Session info: headless chrome=89.0.4389.90)
For documentation on this error, please visit: https://www.seleniumhq.org/exceptions/no_such_element.html
Build info: version: '4.0.0-alpha-3', revision: '8c567de6dc'
System info: host: 'LT2394650', ip: '172.23.64.219', os.name: 'Windows 10', os.arch: 'amd64', os.version: '10.0', java.version: '1.8.0_231'
Driver info: org.openqa.selenium.chrome.ChromeDriver
Capabilities {acceptInsecureCerts: true, browserName: chrome, browserVersion: 89.0.4389.90, chrome: {chromedriverVersion: 89.0.4389.23 (61b08ee2c5002..., userDataDir: C:\Users\2394650\AppData\Lo...}, goog:chromeOptions: {debuggerAddress: localhost:56922}, javascriptEnabled: true, networkConnectionEnabled: false, pageLoadStrategy: normal, platform: WINDOWS, platformName: WINDOWS, proxy: Proxy(), setWindowRect: true, strictFileInteractability: false, timeouts: {implicit: 0, pageLoad: 300000, script: 30000}, unhandledPromptBehavior: dismiss and notify, webauthn:extension:largeBlob: true, webauthn:virtualAuthenticators: true}
Session ID: 94b3a7619e74f60390a19cf6f2350ccd
*** Element info: {Using=xpath, value=//mat-toolbar//button}
	at sun.reflect.GeneratedConstructorAccessor95.newInstance(Unknown Source)
	at sun.reflect.DelegatingConstructorAccessorImpl.newInstance(DelegatingConstructorAccessorImpl.java:45)
	at java.lang.reflect.Constructor.newInstance(Constructor.java:423)
	at org.openqa.selenium.remote.codec.w3c.W3CHttpResponseCodec.createException(W3CHttpResponseCodec.java:191)
	at org.openqa.selenium.remote.codec.w3c.W3CHttpResponseCodec.decode(W3CHttpResponseCodec.java:125)
	at org.openqa.selenium.remote.codec.w3c.W3CHttpResponseCodec.decode(W3CHttpResponseCodec.java:52)
	at org.openqa.selenium.remote.HttpCommandExecutor.execute(HttpCommandExecutor.java:161)
	at org.openqa.selenium.remote.service.DriverCommandExecutor.execute(DriverCommandExecutor.java:83)
	at org.openqa.selenium.remote.RemoteWebDriver.execute(RemoteWebDriver.java:576)
	at org.openqa.selenium.remote.RemoteWebDriver.findElement(RemoteWebDriver.java:327)
	at org.openqa.selenium.remote.RemoteWebDriver.findElementByXPath(RemoteWebDriver.java:445)
	at org.openqa.selenium.By$ByXPath.findElement(By.java:396)
	at org.openqa.selenium.remote.RemoteWebDriver.findElement(RemoteWebDriver.java:319)
	at org.openqa.selenium.support.ui.ExpectedConditions$7.apply(ExpectedConditions.java:205)
	at org.openqa.selenium.support.ui.ExpectedConditions$7.apply(ExpectedConditions.java:201)
	at org.openqa.selenium.support.ui.FluentWait.until(FluentWait.java:211)
	... 34 more

02:45:07.846 I am in onTestStart method validateFilter start
]]></system-out>
  </testcase>
  <testcase name="updateTicket" classname="tests.BackendAgentUpdateTicket" time="48.825">
    <failure message="Expected condition failed: waiting for presence of element located by: By.xpath: //app-ticket-list//div[@class=&quot;container-fluid table-card ng-star-inserted&quot;][1]//div[@class=&quot;data-area&quot; or @class=&quot;data-area-full&quot;]//ul[1]//li[1]//span[@class=&quot;blue-clr&quot;] (tried for 40 second(s) with 500 milliseconds interval)" type="org.openqa.selenium.TimeoutException">org.openqa.selenium.TimeoutException: Expected condition failed: waiting for presence of element located by: By.xpath: //app-ticket-list//div[@class="container-fluid table-card ng-star-inserted"][1]//div[@class="data-area" or @class="data-area-full"]//ul[1]//li[1]//span[@class="blue-clr"] (tried for 40 second(s) with 500 milliseconds interval)
	at tests.BackendAgentUpdateTicket.updateTicket(BackendAgentUpdateTicket.java:38)
Caused by: org.openqa.selenium.NoSuchElementException: 
no such element: Unable to locate element: {"method":"xpath","selector":"//app-ticket-list//div[@class="container-fluid table-card ng-star-inserted"][1]//div[@class="data-area" or @class="data-area-full"]//ul[1]//li[1]//span[@class="blue-clr"]"}
  (Session info: headless chrome=89.0.4389.90)
For documentation on this error, please visit: https://www.seleniumhq.org/exceptions/no_such_element.html
Build info: version: '4.0.0-alpha-3', revision: '8c567de6dc'
System info: host: 'LT2394650', ip: '172.23.64.219', os.name: 'Windows 10', os.arch: 'amd64', os.version: '10.0', java.version: '1.8.0_231'
Driver info: org.openqa.selenium.chrome.ChromeDriver
Capabilities {acceptInsecureCerts: true, browserName: chrome, browserVersion: 89.0.4389.90, chrome: {chromedriverVersion: 89.0.4389.23 (61b08ee2c5002..., userDataDir: C:\Users\2394650\AppData\Lo...}, goog:chromeOptions: {debuggerAddress: localhost:56922}, javascriptEnabled: true, networkConnectionEnabled: false, pageLoadStrategy: normal, platform: WINDOWS, platformName: WINDOWS, proxy: Proxy(), setWindowRect: true, strictFileInteractability: false, timeouts: {implicit: 0, pageLoad: 300000, script: 30000}, unhandledPromptBehavior: dismiss and notify, webauthn:extension:largeBlob: true, webauthn:virtualAuthenticators: true}
Session ID: 94b3a7619e74f60390a19cf6f2350ccd
*** Element info: {Using=xpath, value=//app-ticket-list//div[@class="container-fluid table-card ng-star-inserted"][1]//div[@class="data-area" or @class="data-area-full"]//ul[1]//li[1]//span[@class="blue-clr"]}
	at tests.BackendAgentUpdateTicket.updateTicket(BackendAgentUpdateTicket.java:38)
</failure>
    <system-out><![CDATA[I am in on TestSkipped method validateFilter skipped
I am in onFinish method Validate BACKEND AGENT Filter Options
I am in onStart method BACKEND AGENT Update Ticket
02:45:08.047 I am in onTestStart method updateTicket start
02:45:08.075 [main] INFO  pages.BasePage(328) - Waiting for loader to be removed
02:45:13.132 [main] INFO  pages.BasePage(328) - Loader Removed
]]></system-out>
  </testcase>
  <testcase name="agentQueueLogin" classname="tests.BackendAgentAddComment" time="43.748">
    <failure message="Expected condition failed: waiting for visibility of element located by By.xpath: //mat-toolbar//button (tried for 40 second(s) with 500 milliseconds interval)" type="org.openqa.selenium.TimeoutException">org.openqa.selenium.TimeoutException: Expected condition failed: waiting for visibility of element located by By.xpath: //mat-toolbar//button (tried for 40 second(s) with 500 milliseconds interval)
	at tests.BackendAgentAddComment.agentQueueLogin(BackendAgentAddComment.java:33)
Caused by: org.openqa.selenium.NoSuchElementException: 
no such element: Unable to locate element: {"method":"xpath","selector":"//mat-toolbar//button"}
  (Session info: headless chrome=89.0.4389.90)
For documentation on this error, please visit: https://www.seleniumhq.org/exceptions/no_such_element.html
Build info: version: '4.0.0-alpha-3', revision: '8c567de6dc'
System info: host: 'LT2394650', ip: '172.23.64.219', os.name: 'Windows 10', os.arch: 'amd64', os.version: '10.0', java.version: '1.8.0_231'
Driver info: org.openqa.selenium.chrome.ChromeDriver
Capabilities {acceptInsecureCerts: true, browserName: chrome, browserVersion: 89.0.4389.90, chrome: {chromedriverVersion: 89.0.4389.23 (61b08ee2c5002..., userDataDir: C:\Users\2394650\AppData\Lo...}, goog:chromeOptions: {debuggerAddress: localhost:56922}, javascriptEnabled: true, networkConnectionEnabled: false, pageLoadStrategy: normal, platform: WINDOWS, platformName: WINDOWS, proxy: Proxy(), setWindowRect: true, strictFileInteractability: false, timeouts: {implicit: 0, pageLoad: 300000, script: 30000}, unhandledPromptBehavior: dismiss and notify, webauthn:extension:largeBlob: true, webauthn:virtualAuthenticators: true}
Session ID: 94b3a7619e74f60390a19cf6f2350ccd
*** Element info: {Using=xpath, value=//mat-toolbar//button}
	at tests.BackendAgentAddComment.agentQueueLogin(BackendAgentAddComment.java:33)
</failure>
    <system-out><![CDATA[02:45:56.872 I am in on TestFailure method updateTicket failed
org.openqa.selenium.TimeoutException: Expected condition failed: waiting for presence of element located by: By.xpath: //app-ticket-list//div[@class="container-fluid table-card ng-star-inserted"][1]//div[@class="data-area" or @class="data-area-full"]//ul[1]//li[1]//span[@class="blue-clr"] (tried for 40 second(s) with 500 milliseconds interval)
	at org.openqa.selenium.support.ui.WebDriverWait.timeoutException(WebDriverWait.java:138)
	at org.openqa.selenium.support.ui.FluentWait.until(FluentWait.java:234)
	at pages.BasePage.waitVisibility(BasePage.java:127)
	at pages.BasePage.readText(BasePage.java:100)
	at pages.supervisorTicketListPagePOM.getTicketIdvalue(supervisorTicketListPagePOM.java:206)
	at tests.BackendAgentUpdateTicket.updateTicket(BackendAgentUpdateTicket.java:38)
	at sun.reflect.NativeMethodAccessorImpl.invoke0(Native Method)
	at sun.reflect.NativeMethodAccessorImpl.invoke(NativeMethodAccessorImpl.java:62)
	at sun.reflect.DelegatingMethodAccessorImpl.invoke(DelegatingMethodAccessorImpl.java:43)
	at java.lang.reflect.Method.invoke(Method.java:498)
	at org.testng.internal.MethodInvocationHelper.invokeMethod(MethodInvocationHelper.java:133)
	at org.testng.internal.TestInvoker.invokeMethod(TestInvoker.java:584)
	at org.testng.internal.TestInvoker.invokeTestMethod(TestInvoker.java:172)
	at org.testng.internal.MethodRunner.runInSequence(MethodRunner.java:46)
	at org.testng.internal.TestInvoker$MethodInvocationAgent.invoke(TestInvoker.java:804)
	at org.testng.internal.TestInvoker.invokeTestMethods(TestInvoker.java:145)
	at org.testng.internal.TestMethodWorker.invokeTestMethods(TestMethodWorker.java:146)
	at org.testng.internal.TestMethodWorker.run(TestMethodWorker.java:128)
	at java.util.ArrayList.forEach(ArrayList.java:1257)
	at org.testng.TestRunner.privateRun(TestRunner.java:770)
	at org.testng.TestRunner.run(TestRunner.java:591)
	at org.testng.SuiteRunner.runTest(SuiteRunner.java:402)
	at org.testng.SuiteRunner.runSequentially(SuiteRunner.java:396)
	at org.testng.SuiteRunner.privateRun(SuiteRunner.java:355)
	at org.testng.SuiteRunner.run(SuiteRunner.java:304)
	at org.testng.SuiteRunnerWorker.runSuite(SuiteRunnerWorker.java:53)
	at org.testng.SuiteRunnerWorker.run(SuiteRunnerWorker.java:96)
	at org.testng.TestNG.runSuitesSequentially(TestNG.java:1180)
	at org.testng.TestNG.runSuitesLocally(TestNG.java:1102)
	at org.testng.TestNG.runSuites(TestNG.java:1032)
	at org.testng.TestNG.run(TestNG.java:1000)
	at org.apache.maven.surefire.testng.TestNGExecutor.run(TestNGExecutor.java:283)
	at org.apache.maven.surefire.testng.TestNGXmlTestSuite.execute(TestNGXmlTestSuite.java:75)
	at org.apache.maven.surefire.testng.TestNGProvider.invoke(TestNGProvider.java:120)
	at org.apache.maven.surefire.booter.ForkedBooter.invokeProviderInSameClassLoader(ForkedBooter.java:384)
	at org.apache.maven.surefire.booter.ForkedBooter.runSuitesInProcess(ForkedBooter.java:345)
	at org.apache.maven.surefire.booter.ForkedBooter.execute(ForkedBooter.java:126)
	at org.apache.maven.surefire.booter.ForkedBooter.main(ForkedBooter.java:418)
Caused by: org.openqa.selenium.NoSuchElementException: no such element: Unable to locate element: {"method":"xpath","selector":"//app-ticket-list//div[@class="container-fluid table-card ng-star-inserted"][1]//div[@class="data-area" or @class="data-area-full"]//ul[1]//li[1]//span[@class="blue-clr"]"}
  (Session info: headless chrome=89.0.4389.90)
For documentation on this error, please visit: https://www.seleniumhq.org/exceptions/no_such_element.html
Build info: version: '4.0.0-alpha-3', revision: '8c567de6dc'
System info: host: 'LT2394650', ip: '172.23.64.219', os.name: 'Windows 10', os.arch: 'amd64', os.version: '10.0', java.version: '1.8.0_231'
Driver info: org.openqa.selenium.chrome.ChromeDriver
Capabilities {acceptInsecureCerts: true, browserName: chrome, browserVersion: 89.0.4389.90, chrome: {chromedriverVersion: 89.0.4389.23 (61b08ee2c5002..., userDataDir: C:\Users\2394650\AppData\Lo...}, goog:chromeOptions: {debuggerAddress: localhost:56922}, javascriptEnabled: true, networkConnectionEnabled: false, pageLoadStrategy: normal, platform: WINDOWS, platformName: WINDOWS, proxy: Proxy(), setWindowRect: true, strictFileInteractability: false, timeouts: {implicit: 0, pageLoad: 300000, script: 30000}, unhandledPromptBehavior: dismiss and notify, webauthn:extension:largeBlob: true, webauthn:virtualAuthenticators: true}
Session ID: 94b3a7619e74f60390a19cf6f2350ccd
*** Element info: {Using=xpath, value=//app-ticket-list//div[@class="container-fluid table-card ng-star-inserted"][1]//div[@class="data-area" or @class="data-area-full"]//ul[1]//li[1]//span[@class="blue-clr"]}
	at sun.reflect.GeneratedConstructorAccessor95.newInstance(Unknown Source)
	at sun.reflect.DelegatingConstructorAccessorImpl.newInstance(DelegatingConstructorAccessorImpl.java:45)
	at java.lang.reflect.Constructor.newInstance(Constructor.java:423)
	at org.openqa.selenium.remote.codec.w3c.W3CHttpResponseCodec.createException(W3CHttpResponseCodec.java:191)
	at org.openqa.selenium.remote.codec.w3c.W3CHttpResponseCodec.decode(W3CHttpResponseCodec.java:125)
	at org.openqa.selenium.remote.codec.w3c.W3CHttpResponseCodec.decode(W3CHttpResponseCodec.java:52)
	at org.openqa.selenium.remote.HttpCommandExecutor.execute(HttpCommandExecutor.java:161)
	at org.openqa.selenium.remote.service.DriverCommandExecutor.execute(DriverCommandExecutor.java:83)
	at org.openqa.selenium.remote.RemoteWebDriver.execute(RemoteWebDriver.java:576)
	at org.openqa.selenium.remote.RemoteWebDriver.findElement(RemoteWebDriver.java:327)
	at org.openqa.selenium.remote.RemoteWebDriver.findElementByXPath(RemoteWebDriver.java:445)
	at org.openqa.selenium.By$ByXPath.findElement(By.java:396)
	at org.openqa.selenium.remote.RemoteWebDriver.findElement(RemoteWebDriver.java:319)
	at org.openqa.selenium.support.ui.ExpectedConditions$6.apply(ExpectedConditions.java:182)
	at org.openqa.selenium.support.ui.ExpectedConditions$6.apply(ExpectedConditions.java:179)
	at org.openqa.selenium.support.ui.FluentWait.until(FluentWait.java:211)
	... 36 more

I am in onFinish method BACKEND AGENT Update Ticket
I am in onStart method BACKEND AGENT Add Comment on Ticket
02:45:57.421 I am in onTestStart method agentQueueLogin start
]]></system-out>
  </testcase>
  <testcase name="addNewComment" classname="tests.BackendAgentAddComment" time="0">
    <skipped message="Method BackendAgentAddComment.addNewComment(java.lang.reflect.Method, Utils.DataProviders.TicketStateDataBean)[pri:2, instance:tests.BackendAgentAddComment@5495333e] depends on not successfully finished methods"/>
    <system-out><![CDATA[02:46:41.169 I am in on TestFailure method agentQueueLogin failed
org.openqa.selenium.TimeoutException: Expected condition failed: waiting for visibility of element located by By.xpath: //mat-toolbar//button (tried for 40 second(s) with 500 milliseconds interval)
	at org.openqa.selenium.support.ui.WebDriverWait.timeoutException(WebDriverWait.java:138)
	at org.openqa.selenium.support.ui.FluentWait.until(FluentWait.java:234)
	at pages.SideMenuPOM.clickOnSideMenu(SideMenuPOM.java:40)
	at tests.BackendAgentAddComment.agentQueueLogin(BackendAgentAddComment.java:33)
	at sun.reflect.NativeMethodAccessorImpl.invoke0(Native Method)
	at sun.reflect.NativeMethodAccessorImpl.invoke(NativeMethodAccessorImpl.java:62)
	at sun.reflect.DelegatingMethodAccessorImpl.invoke(DelegatingMethodAccessorImpl.java:43)
	at java.lang.reflect.Method.invoke(Method.java:498)
	at org.testng.internal.MethodInvocationHelper.invokeMethod(MethodInvocationHelper.java:133)
	at org.testng.internal.TestInvoker.invokeMethod(TestInvoker.java:584)
	at org.testng.internal.TestInvoker.invokeTestMethod(TestInvoker.java:172)
	at org.testng.internal.MethodRunner.runInSequence(MethodRunner.java:46)
	at org.testng.internal.TestInvoker$MethodInvocationAgent.invoke(TestInvoker.java:804)
	at org.testng.internal.TestInvoker.invokeTestMethods(TestInvoker.java:145)
	at org.testng.internal.TestMethodWorker.invokeTestMethods(TestMethodWorker.java:146)
	at org.testng.internal.TestMethodWorker.run(TestMethodWorker.java:128)
	at java.util.ArrayList.forEach(ArrayList.java:1257)
	at org.testng.TestRunner.privateRun(TestRunner.java:770)
	at org.testng.TestRunner.run(TestRunner.java:591)
	at org.testng.SuiteRunner.runTest(SuiteRunner.java:402)
	at org.testng.SuiteRunner.runSequentially(SuiteRunner.java:396)
	at org.testng.SuiteRunner.privateRun(SuiteRunner.java:355)
	at org.testng.SuiteRunner.run(SuiteRunner.java:304)
	at org.testng.SuiteRunnerWorker.runSuite(SuiteRunnerWorker.java:53)
	at org.testng.SuiteRunnerWorker.run(SuiteRunnerWorker.java:96)
	at org.testng.TestNG.runSuitesSequentially(TestNG.java:1180)
	at org.testng.TestNG.runSuitesLocally(TestNG.java:1102)
	at org.testng.TestNG.runSuites(TestNG.java:1032)
	at org.testng.TestNG.run(TestNG.java:1000)
	at org.apache.maven.surefire.testng.TestNGExecutor.run(TestNGExecutor.java:283)
	at org.apache.maven.surefire.testng.TestNGXmlTestSuite.execute(TestNGXmlTestSuite.java:75)
	at org.apache.maven.surefire.testng.TestNGProvider.invoke(TestNGProvider.java:120)
	at org.apache.maven.surefire.booter.ForkedBooter.invokeProviderInSameClassLoader(ForkedBooter.java:384)
	at org.apache.maven.surefire.booter.ForkedBooter.runSuitesInProcess(ForkedBooter.java:345)
	at org.apache.maven.surefire.booter.ForkedBooter.execute(ForkedBooter.java:126)
	at org.apache.maven.surefire.booter.ForkedBooter.main(ForkedBooter.java:418)
Caused by: org.openqa.selenium.NoSuchElementException: no such element: Unable to locate element: {"method":"xpath","selector":"//mat-toolbar//button"}
  (Session info: headless chrome=89.0.4389.90)
For documentation on this error, please visit: https://www.seleniumhq.org/exceptions/no_such_element.html
Build info: version: '4.0.0-alpha-3', revision: '8c567de6dc'
System info: host: 'LT2394650', ip: '172.23.64.219', os.name: 'Windows 10', os.arch: 'amd64', os.version: '10.0', java.version: '1.8.0_231'
Driver info: org.openqa.selenium.chrome.ChromeDriver
Capabilities {acceptInsecureCerts: true, browserName: chrome, browserVersion: 89.0.4389.90, chrome: {chromedriverVersion: 89.0.4389.23 (61b08ee2c5002..., userDataDir: C:\Users\2394650\AppData\Lo...}, goog:chromeOptions: {debuggerAddress: localhost:56922}, javascriptEnabled: true, networkConnectionEnabled: false, pageLoadStrategy: normal, platform: WINDOWS, platformName: WINDOWS, proxy: Proxy(), setWindowRect: true, strictFileInteractability: false, timeouts: {implicit: 0, pageLoad: 300000, script: 30000}, unhandledPromptBehavior: dismiss and notify, webauthn:extension:largeBlob: true, webauthn:virtualAuthenticators: true}
Session ID: 94b3a7619e74f60390a19cf6f2350ccd
*** Element info: {Using=xpath, value=//mat-toolbar//button}
	at sun.reflect.GeneratedConstructorAccessor95.newInstance(Unknown Source)
	at sun.reflect.DelegatingConstructorAccessorImpl.newInstance(DelegatingConstructorAccessorImpl.java:45)
	at java.lang.reflect.Constructor.newInstance(Constructor.java:423)
	at org.openqa.selenium.remote.codec.w3c.W3CHttpResponseCodec.createException(W3CHttpResponseCodec.java:191)
	at org.openqa.selenium.remote.codec.w3c.W3CHttpResponseCodec.decode(W3CHttpResponseCodec.java:125)
	at org.openqa.selenium.remote.codec.w3c.W3CHttpResponseCodec.decode(W3CHttpResponseCodec.java:52)
	at org.openqa.selenium.remote.HttpCommandExecutor.execute(HttpCommandExecutor.java:161)
	at org.openqa.selenium.remote.service.DriverCommandExecutor.execute(DriverCommandExecutor.java:83)
	at org.openqa.selenium.remote.RemoteWebDriver.execute(RemoteWebDriver.java:576)
	at org.openqa.selenium.remote.RemoteWebDriver.findElement(RemoteWebDriver.java:327)
	at org.openqa.selenium.remote.RemoteWebDriver.findElementByXPath(RemoteWebDriver.java:445)
	at org.openqa.selenium.By$ByXPath.findElement(By.java:396)
	at org.openqa.selenium.remote.RemoteWebDriver.findElement(RemoteWebDriver.java:319)
	at org.openqa.selenium.support.ui.ExpectedConditions$7.apply(ExpectedConditions.java:205)
	at org.openqa.selenium.support.ui.ExpectedConditions$7.apply(ExpectedConditions.java:201)
	at org.openqa.selenium.support.ui.FluentWait.until(FluentWait.java:211)
	... 34 more

02:46:41.580 I am in onTestStart method addNewComment start
]]></system-out>
  </testcase>
  <testcase name="validateIssueCommentBS" classname="tests.BackendAgentAddComment" time="0">
    <skipped message="Method BackendAgentAddComment.validateIssueCommentBS(java.lang.reflect.Method)[pri:3, instance:tests.BackendAgentAddComment@5495333e] depends on not successfully finished methods"/>
    <system-out><![CDATA[I am in on TestSkipped method addNewComment skipped
02:46:41.580 I am in onTestStart method validateIssueCommentBS start
]]></system-out>
  </testcase>
  <testcase name="editComment" classname="tests.BackendAgentAddComment" time="0">
    <skipped message="Method BackendAgentAddComment.editComment()[pri:4, instance:tests.BackendAgentAddComment@5495333e] depends on not successfully finished methods"/>
    <system-out><![CDATA[I am in on TestSkipped method validateIssueCommentBS skipped
02:46:41.580 I am in onTestStart method editComment start
]]></system-out>
  </testcase>
  <testcase name="deleteLastAddedComment" classname="tests.BackendAgentAddComment" time="0">
    <skipped message="Method BackendAgentAddComment.deleteLastAddedComment()[pri:5, instance:tests.BackendAgentAddComment@5495333e] depends on not successfully finished methods"/>
    <system-out><![CDATA[I am in on TestSkipped method editComment skipped
02:46:41.580 I am in onTestStart method deleteLastAddedComment start
]]></system-out>
  </testcase>
</testsuite>