<?xml version="1.0" encoding="UTF-8"?>
<testsuite xmlns:xsi="http://www.w3.org/2001/XMLSchema-instance" xsi:noNamespaceSchemaLocation="https://maven.apache.org/surefire/maven-surefire-plugin/xsd/surefire-test-report-3.0.xsd" version="3.0" name="TestSuite" time="1,907.971" tests="129" errors="0" skipped="33" failures="44">
  <properties>
    <property name="sun.desktop" value="windows"/>
    <property name="awt.toolkit" value="sun.awt.windows.WToolkit"/>
    <property name="file.encoding.pkg" value="sun.io"/>
    <property name="java.specification.version" value="1.8"/>
    <property name="sun.cpu.isalist" value="amd64"/>
    <property name="sun.jnu.encoding" value="Cp1252"/>
    <property name="Opco" value="ZM"/>
    <property name="java.class.path" value="C:\Users\2394650\IdeaProjects\cs-portal-automation_selenium1\target\test-classes;C:\Users\2394650\IdeaProjects\cs-portal-automation_selenium1\target\classes;C:\Users\2394650\.m2\repository\org\seleniumhq\selenium\selenium-java\4.0.0-alpha-3\selenium-java-4.0.0-alpha-3.jar;C:\Users\2394650\.m2\repository\org\seleniumhq\selenium\selenium-api\4.0.0-alpha-3\selenium-api-4.0.0-alpha-3.jar;C:\Users\2394650\.m2\repository\org\seleniumhq\selenium\selenium-chrome-driver\4.0.0-alpha-3\selenium-chrome-driver-4.0.0-alpha-3.jar;C:\Users\2394650\.m2\repository\com\google\guava\guava\27.1-jre\guava-27.1-jre.jar;C:\Users\2394650\.m2\repository\com\google\guava\failureaccess\1.0.1\failureaccess-1.0.1.jar;C:\Users\2394650\.m2\repository\com\google\guava\listenablefuture\9999.0-empty-to-avoid-conflict-with-guava\listenablefuture-9999.0-empty-to-avoid-conflict-with-guava.jar;C:\Users\2394650\.m2\repository\org\checkerframework\checker-qual\2.5.2\checker-qual-2.5.2.jar;C:\Users\2394650\.m2\repository\com\google\errorprone\error_prone_annotations\2.2.0\error_prone_annotations-2.2.0.jar;C:\Users\2394650\.m2\repository\com\google\j2objc\j2objc-annotations\1.1\j2objc-annotations-1.1.jar;C:\Users\2394650\.m2\repository\org\codehaus\mojo\animal-sniffer-annotations\1.17\animal-sniffer-annotations-1.17.jar;C:\Users\2394650\.m2\repository\org\seleniumhq\selenium\selenium-chromium-driver\4.0.0-alpha-3\selenium-chromium-driver-4.0.0-alpha-3.jar;C:\Users\2394650\.m2\repository\org\seleniumhq\selenium\selenium-devtools\4.0.0-alpha-3\selenium-devtools-4.0.0-alpha-3.jar;C:\Users\2394650\.m2\repository\org\seleniumhq\selenium\selenium-http\4.0.0-alpha-3\selenium-http-4.0.0-alpha-3.jar;C:\Users\2394650\.m2\repository\org\seleniumhq\selenium\selenium-json\4.0.0-alpha-3\selenium-json-4.0.0-alpha-3.jar;C:\Users\2394650\.m2\repository\org\seleniumhq\selenium\selenium-edge-driver\4.0.0-alpha-3\selenium-edge-driver-4.0.0-alpha-3.jar;C:\Users\2394650\.m2\repository\org\seleniumhq\selenium\selenium-edgehtml-driver\4.0.0-alpha-3\selenium-edgehtml-driver-4.0.0-alpha-3.jar;C:\Users\2394650\.m2\repository\org\seleniumhq\selenium\selenium-firefox-driver\4.0.0-alpha-3\selenium-firefox-driver-4.0.0-alpha-3.jar;C:\Users\2394650\.m2\repository\org\seleniumhq\selenium\selenium-firefox-xpi-driver\4.0.0-alpha-3\selenium-firefox-xpi-driver-4.0.0-alpha-3.jar;C:\Users\2394650\.m2\repository\org\seleniumhq\selenium\selenium-ie-driver\4.0.0-alpha-3\selenium-ie-driver-4.0.0-alpha-3.jar;C:\Users\2394650\.m2\repository\org\seleniumhq\selenium\selenium-opera-driver\4.0.0-alpha-3\selenium-opera-driver-4.0.0-alpha-3.jar;C:\Users\2394650\.m2\repository\org\seleniumhq\selenium\selenium-remote-driver\4.0.0-alpha-3\selenium-remote-driver-4.0.0-alpha-3.jar;C:\Users\2394650\.m2\repository\com\squareup\okhttp3\okhttp\4.0.1\okhttp-4.0.1.jar;C:\Users\2394650\.m2\repository\com\squareup\okio\okio\2.2.2\okio-2.2.2.jar;C:\Users\2394650\.m2\repository\org\jetbrains\kotlin\kotlin-stdlib\1.3.40\kotlin-stdlib-1.3.40.jar;C:\Users\2394650\.m2\repository\org\jetbrains\kotlin\kotlin-stdlib-common\1.3.40\kotlin-stdlib-common-1.3.40.jar;C:\Users\2394650\.m2\repository\org\jetbrains\annotations\13.0\annotations-13.0.jar;C:\Users\2394650\.m2\repository\io\opentracing\opentracing-api\0.33.0\opentracing-api-0.33.0.jar;C:\Users\2394650\.m2\repository\net\bytebuddy\byte-buddy\1.9.12\byte-buddy-1.9.12.jar;C:\Users\2394650\.m2\repository\org\apache\commons\commons-exec\1.3\commons-exec-1.3.jar;C:\Users\2394650\.m2\repository\org\seleniumhq\selenium\selenium-safari-driver\4.0.0-alpha-3\selenium-safari-driver-4.0.0-alpha-3.jar;C:\Users\2394650\.m2\repository\org\seleniumhq\selenium\selenium-support\4.0.0-alpha-3\selenium-support-4.0.0-alpha-3.jar;C:\Users\2394650\.m2\repository\org\hamcrest\java-hamcrest\2.0.0.0\java-hamcrest-2.0.0.0.jar;C:\Users\2394650\.m2\repository\commons-cli\commons-cli\1.4\commons-cli-1.4.jar;C:\Users\2394650\.m2\repository\com\fasterxml\jackson\core\jackson-core\2.10.2\jackson-core-2.10.2.jar;C:\Users\2394650\.m2\repository\com\fasterxml\jackson\core\jackson-databind\2.9.8\jackson-databind-2.9.8.jar;C:\Users\2394650\.m2\repository\com\fasterxml\jackson\core\jackson-annotations\2.9.0\jackson-annotations-2.9.0.jar;C:\Users\2394650\.m2\repository\org\hamcrest\hamcrest-all\1.3\hamcrest-all-1.3.jar;C:\Users\2394650\.m2\repository\org\hamcrest\hamcrest\2.2\hamcrest-2.2.jar;C:\Users\2394650\.m2\repository\io\rest-assured\rest-assured\3.3.0\rest-assured-3.3.0.jar;C:\Users\2394650\.m2\repository\org\codehaus\groovy\groovy\2.4.15\groovy-2.4.15.jar;C:\Users\2394650\.m2\repository\org\codehaus\groovy\groovy-xml\2.4.15\groovy-xml-2.4.15.jar;C:\Users\2394650\.m2\repository\org\apache\httpcomponents\httpclient\4.5.3\httpclient-4.5.3.jar;C:\Users\2394650\.m2\repository\org\apache\httpcomponents\httpcore\4.4.6\httpcore-4.4.6.jar;C:\Users\2394650\.m2\repository\commons-logging\commons-logging\1.2\commons-logging-1.2.jar;C:\Users\2394650\.m2\repository\commons-codec\commons-codec\1.9\commons-codec-1.9.jar;C:\Users\2394650\.m2\repository\org\apache\httpcomponents\httpmime\4.5.3\httpmime-4.5.3.jar;C:\Users\2394650\.m2\repository\org\hamcrest\hamcrest-core\1.3\hamcrest-core-1.3.jar;C:\Users\2394650\.m2\repository\org\hamcrest\hamcrest-library\1.3\hamcrest-library-1.3.jar;C:\Users\2394650\.m2\repository\org\ccil\cowan\tagsoup\tagsoup\1.2.1\tagsoup-1.2.1.jar;C:\Users\2394650\.m2\repository\io\rest-assured\xml-path\3.3.0\xml-path-3.3.0.jar;C:\Users\2394650\.m2\repository\javax\xml\bind\jaxb-api\2.2.12\jaxb-api-2.2.12.jar;C:\Users\2394650\.m2\repository\com\sun\xml\bind\jaxb-osgi\2.2.10\jaxb-osgi-2.2.10.jar;C:\Users\2394650\.m2\repository\org\apache\sling\org.apache.sling.javax.activation\0.1.0\org.apache.sling.javax.activation-0.1.0.jar;C:\Users\2394650\.m2\repository\javax\activation\activation\1.1.1\activation-1.1.1.jar;C:\Users\2394650\.m2\repository\io\rest-assured\json-path\4.2.0\json-path-4.2.0.jar;C:\Users\2394650\.m2\repository\org\codehaus\groovy\groovy-json\2.5.8\groovy-json-2.5.8.jar;C:\Users\2394650\.m2\repository\io\rest-assured\rest-assured-common\4.2.0\rest-assured-common-4.2.0.jar;C:\Users\2394650\.m2\repository\commons-io\commons-io\2.6\commons-io-2.6.jar;C:\Users\2394650\.m2\repository\io\rest-assured\json-schema-validator\4.2.0\json-schema-validator-4.2.0.jar;C:\Users\2394650\.m2\repository\com\github\java-json-tools\json-schema-validator\2.2.10\json-schema-validator-2.2.10.jar;C:\Users\2394650\.m2\repository\com\github\java-json-tools\json-schema-core\1.2.10\json-schema-core-1.2.10.jar;C:\Users\2394650\.m2\repository\com\github\java-json-tools\jackson-coreutils\1.9\jackson-coreutils-1.9.jar;C:\Users\2394650\.m2\repository\com\github\fge\msg-simple\1.1\msg-simple-1.1.jar;C:\Users\2394650\.m2\repository\com\github\fge\btf\1.2\btf-1.2.jar;C:\Users\2394650\.m2\repository\com\github\fge\uri-template\0.9\uri-template-0.9.jar;C:\Users\2394650\.m2\repository\org\mozilla\rhino\1.7.7.1\rhino-1.7.7.1.jar;C:\Users\2394650\.m2\repository\javax\mail\mailapi\1.4.3\mailapi-1.4.3.jar;C:\Users\2394650\.m2\repository\joda-time\joda-time\2.9.7\joda-time-2.9.7.jar;C:\Users\2394650\.m2\repository\com\googlecode\libphonenumber\libphonenumber\8.0.0\libphonenumber-8.0.0.jar;C:\Users\2394650\.m2\repository\com\google\code\findbugs\jsr305\3.0.1\jsr305-3.0.1.jar;C:\Users\2394650\.m2\repository\net\sf\jopt-simple\jopt-simple\5.0.3\jopt-simple-5.0.3.jar;C:\Users\2394650\.m2\repository\org\codehaus\jackson\jackson-core-asl\1.9.13\jackson-core-asl-1.9.13.jar;C:\Users\2394650\.m2\repository\org\codehaus\jackson\jackson-mapper-lgpl\1.9.13\jackson-mapper-lgpl-1.9.13.jar;C:\Users\2394650\.m2\repository\org\codehaus\jackson\jackson-core-lgpl\1.9.13\jackson-core-lgpl-1.9.13.jar;C:\Users\2394650\.m2\repository\org\testng\testng\7.0.0\testng-7.0.0.jar;C:\Users\2394650\.m2\repository\com\beust\jcommander\1.72\jcommander-1.72.jar;C:\Users\2394650\.m2\repository\org\apache\logging\log4j\log4j-api\2.13.3\log4j-api-2.13.3.jar;C:\Users\2394650\.m2\repository\org\apache\logging\log4j\log4j-core\2.13.3\log4j-core-2.13.3.jar;C:\Users\2394650\.m2\repository\org\apache\commons\commons-lang3\3.9\commons-lang3-3.9.jar;C:\Users\2394650\.m2\repository\org\apache\poi\poi-ooxml\4.1.0\poi-ooxml-4.1.0.jar;C:\Users\2394650\.m2\repository\org\apache\poi\poi\4.1.0\poi-4.1.0.jar;C:\Users\2394650\.m2\repository\org\apache\commons\commons-collections4\4.3\commons-collections4-4.3.jar;C:\Users\2394650\.m2\repository\org\apache\commons\commons-math3\3.6.1\commons-math3-3.6.1.jar;C:\Users\2394650\.m2\repository\org\apache\poi\poi-ooxml-schemas\4.1.0\poi-ooxml-schemas-4.1.0.jar;C:\Users\2394650\.m2\repository\org\apache\xmlbeans\xmlbeans\3.1.0\xmlbeans-3.1.0.jar;C:\Users\2394650\.m2\repository\org\apache\commons\commons-compress\1.18\commons-compress-1.18.jar;C:\Users\2394650\.m2\repository\com\github\virtuald\curvesapi\1.06\curvesapi-1.06.jar;C:\Users\2394650\.m2\repository\org\projectlombok\lombok\1.18.12\lombok-1.18.12.jar;C:\Users\2394650\.m2\repository\com\relevantcodes\extentreports\2.41.2\extentreports-2.41.2.jar;C:\Users\2394650\.m2\repository\org\jsoup\jsoup\1.8.3\jsoup-1.8.3.jar;C:\Users\2394650\.m2\repository\org\xerial\sqlite-jdbc\3.8.11.1\sqlite-jdbc-3.8.11.1.jar;C:\Users\2394650\.m2\repository\org\freemarker\freemarker\2.3.23\freemarker-2.3.23.jar;C:\Users\2394650\.m2\repository\org\mongodb\mongodb-driver\3.0.4\mongodb-driver-3.0.4.jar;C:\Users\2394650\.m2\repository\org\mongodb\bson\3.0.4\bson-3.0.4.jar;C:\Users\2394650\.m2\repository\org\mongodb\mongodb-driver-core\3.0.4\mongodb-driver-core-3.0.4.jar;C:\Users\2394650\.m2\repository\io\github\bonigarcia\webdrivermanager\4.2.2\webdrivermanager-4.2.2.jar;C:\Users\2394650\.m2\repository\org\slf4j\slf4j-api\1.7.30\slf4j-api-1.7.30.jar;C:\Users\2394650\.m2\repository\com\google\code\gson\gson\2.8.6\gson-2.8.6.jar;C:\Users\2394650\.m2\repository\org\apache\httpcomponents\client5\httpclient5\5.0.1\httpclient5-5.0.1.jar;C:\Users\2394650\.m2\repository\org\apache\httpcomponents\core5\httpcore5\5.0.1\httpcore5-5.0.1.jar;C:\Users\2394650\.m2\repository\org\apache\httpcomponents\core5\httpcore5-h2\5.0.1\httpcore5-h2-5.0.1.jar;C:\Users\2394650\.m2\repository\org\rauschig\jarchivelib\1.1.0\jarchivelib-1.1.0.jar;"/>
    <property name="java.vm.vendor" value="Oracle Corporation"/>
    <property name="sun.arch.data.model" value="64"/>
    <property name="user.variant" value=""/>
    <property name="java.vendor.url" value="http://java.oracle.com/"/>
    <property name="user.timezone" value="Asia/Calcutta"/>
    <property name="java.vm.specification.version" value="1.8"/>
    <property name="os.name" value="Windows 10"/>
    <property name="user.country" value="US"/>
    <property name="sun.java.launcher" value="SUN_STANDARD"/>
    <property name="sun.boot.library.path" value="C:\Program Files\Java\jdk1.8.0_231\jre\bin"/>
    <property name="sun.java.command" value="C:\Users\2394650\AppData\Local\Temp\surefire7011395725674745561\surefirebooter639207258308705551.jar C:\Users\2394650\AppData\Local\Temp\surefire7011395725674745561 2021-03-20T18-19-07_385-jvmRun1 surefire3160416761278962252tmp surefire_03170528167445115513tmp"/>
    <property name="surefire.test.class.path" value="C:\Users\2394650\IdeaProjects\cs-portal-automation_selenium1\target\test-classes;C:\Users\2394650\IdeaProjects\cs-portal-automation_selenium1\target\classes;C:\Users\2394650\.m2\repository\org\seleniumhq\selenium\selenium-java\4.0.0-alpha-3\selenium-java-4.0.0-alpha-3.jar;C:\Users\2394650\.m2\repository\org\seleniumhq\selenium\selenium-api\4.0.0-alpha-3\selenium-api-4.0.0-alpha-3.jar;C:\Users\2394650\.m2\repository\org\seleniumhq\selenium\selenium-chrome-driver\4.0.0-alpha-3\selenium-chrome-driver-4.0.0-alpha-3.jar;C:\Users\2394650\.m2\repository\com\google\guava\guava\27.1-jre\guava-27.1-jre.jar;C:\Users\2394650\.m2\repository\com\google\guava\failureaccess\1.0.1\failureaccess-1.0.1.jar;C:\Users\2394650\.m2\repository\com\google\guava\listenablefuture\9999.0-empty-to-avoid-conflict-with-guava\listenablefuture-9999.0-empty-to-avoid-conflict-with-guava.jar;C:\Users\2394650\.m2\repository\org\checkerframework\checker-qual\2.5.2\checker-qual-2.5.2.jar;C:\Users\2394650\.m2\repository\com\google\errorprone\error_prone_annotations\2.2.0\error_prone_annotations-2.2.0.jar;C:\Users\2394650\.m2\repository\com\google\j2objc\j2objc-annotations\1.1\j2objc-annotations-1.1.jar;C:\Users\2394650\.m2\repository\org\codehaus\mojo\animal-sniffer-annotations\1.17\animal-sniffer-annotations-1.17.jar;C:\Users\2394650\.m2\repository\org\seleniumhq\selenium\selenium-chromium-driver\4.0.0-alpha-3\selenium-chromium-driver-4.0.0-alpha-3.jar;C:\Users\2394650\.m2\repository\org\seleniumhq\selenium\selenium-devtools\4.0.0-alpha-3\selenium-devtools-4.0.0-alpha-3.jar;C:\Users\2394650\.m2\repository\org\seleniumhq\selenium\selenium-http\4.0.0-alpha-3\selenium-http-4.0.0-alpha-3.jar;C:\Users\2394650\.m2\repository\org\seleniumhq\selenium\selenium-json\4.0.0-alpha-3\selenium-json-4.0.0-alpha-3.jar;C:\Users\2394650\.m2\repository\org\seleniumhq\selenium\selenium-edge-driver\4.0.0-alpha-3\selenium-edge-driver-4.0.0-alpha-3.jar;C:\Users\2394650\.m2\repository\org\seleniumhq\selenium\selenium-edgehtml-driver\4.0.0-alpha-3\selenium-edgehtml-driver-4.0.0-alpha-3.jar;C:\Users\2394650\.m2\repository\org\seleniumhq\selenium\selenium-firefox-driver\4.0.0-alpha-3\selenium-firefox-driver-4.0.0-alpha-3.jar;C:\Users\2394650\.m2\repository\org\seleniumhq\selenium\selenium-firefox-xpi-driver\4.0.0-alpha-3\selenium-firefox-xpi-driver-4.0.0-alpha-3.jar;C:\Users\2394650\.m2\repository\org\seleniumhq\selenium\selenium-ie-driver\4.0.0-alpha-3\selenium-ie-driver-4.0.0-alpha-3.jar;C:\Users\2394650\.m2\repository\org\seleniumhq\selenium\selenium-opera-driver\4.0.0-alpha-3\selenium-opera-driver-4.0.0-alpha-3.jar;C:\Users\2394650\.m2\repository\org\seleniumhq\selenium\selenium-remote-driver\4.0.0-alpha-3\selenium-remote-driver-4.0.0-alpha-3.jar;C:\Users\2394650\.m2\repository\com\squareup\okhttp3\okhttp\4.0.1\okhttp-4.0.1.jar;C:\Users\2394650\.m2\repository\com\squareup\okio\okio\2.2.2\okio-2.2.2.jar;C:\Users\2394650\.m2\repository\org\jetbrains\kotlin\kotlin-stdlib\1.3.40\kotlin-stdlib-1.3.40.jar;C:\Users\2394650\.m2\repository\org\jetbrains\kotlin\kotlin-stdlib-common\1.3.40\kotlin-stdlib-common-1.3.40.jar;C:\Users\2394650\.m2\repository\org\jetbrains\annotations\13.0\annotations-13.0.jar;C:\Users\2394650\.m2\repository\io\opentracing\opentracing-api\0.33.0\opentracing-api-0.33.0.jar;C:\Users\2394650\.m2\repository\net\bytebuddy\byte-buddy\1.9.12\byte-buddy-1.9.12.jar;C:\Users\2394650\.m2\repository\org\apache\commons\commons-exec\1.3\commons-exec-1.3.jar;C:\Users\2394650\.m2\repository\org\seleniumhq\selenium\selenium-safari-driver\4.0.0-alpha-3\selenium-safari-driver-4.0.0-alpha-3.jar;C:\Users\2394650\.m2\repository\org\seleniumhq\selenium\selenium-support\4.0.0-alpha-3\selenium-support-4.0.0-alpha-3.jar;C:\Users\2394650\.m2\repository\org\hamcrest\java-hamcrest\2.0.0.0\java-hamcrest-2.0.0.0.jar;C:\Users\2394650\.m2\repository\commons-cli\commons-cli\1.4\commons-cli-1.4.jar;C:\Users\2394650\.m2\repository\com\fasterxml\jackson\core\jackson-core\2.10.2\jackson-core-2.10.2.jar;C:\Users\2394650\.m2\repository\com\fasterxml\jackson\core\jackson-databind\2.9.8\jackson-databind-2.9.8.jar;C:\Users\2394650\.m2\repository\com\fasterxml\jackson\core\jackson-annotations\2.9.0\jackson-annotations-2.9.0.jar;C:\Users\2394650\.m2\repository\org\hamcrest\hamcrest-all\1.3\hamcrest-all-1.3.jar;C:\Users\2394650\.m2\repository\org\hamcrest\hamcrest\2.2\hamcrest-2.2.jar;C:\Users\2394650\.m2\repository\io\rest-assured\rest-assured\3.3.0\rest-assured-3.3.0.jar;C:\Users\2394650\.m2\repository\org\codehaus\groovy\groovy\2.4.15\groovy-2.4.15.jar;C:\Users\2394650\.m2\repository\org\codehaus\groovy\groovy-xml\2.4.15\groovy-xml-2.4.15.jar;C:\Users\2394650\.m2\repository\org\apache\httpcomponents\httpclient\4.5.3\httpclient-4.5.3.jar;C:\Users\2394650\.m2\repository\org\apache\httpcomponents\httpcore\4.4.6\httpcore-4.4.6.jar;C:\Users\2394650\.m2\repository\commons-logging\commons-logging\1.2\commons-logging-1.2.jar;C:\Users\2394650\.m2\repository\commons-codec\commons-codec\1.9\commons-codec-1.9.jar;C:\Users\2394650\.m2\repository\org\apache\httpcomponents\httpmime\4.5.3\httpmime-4.5.3.jar;C:\Users\2394650\.m2\repository\org\hamcrest\hamcrest-core\1.3\hamcrest-core-1.3.jar;C:\Users\2394650\.m2\repository\org\hamcrest\hamcrest-library\1.3\hamcrest-library-1.3.jar;C:\Users\2394650\.m2\repository\org\ccil\cowan\tagsoup\tagsoup\1.2.1\tagsoup-1.2.1.jar;C:\Users\2394650\.m2\repository\io\rest-assured\xml-path\3.3.0\xml-path-3.3.0.jar;C:\Users\2394650\.m2\repository\javax\xml\bind\jaxb-api\2.2.12\jaxb-api-2.2.12.jar;C:\Users\2394650\.m2\repository\com\sun\xml\bind\jaxb-osgi\2.2.10\jaxb-osgi-2.2.10.jar;C:\Users\2394650\.m2\repository\org\apache\sling\org.apache.sling.javax.activation\0.1.0\org.apache.sling.javax.activation-0.1.0.jar;C:\Users\2394650\.m2\repository\javax\activation\activation\1.1.1\activation-1.1.1.jar;C:\Users\2394650\.m2\repository\io\rest-assured\json-path\4.2.0\json-path-4.2.0.jar;C:\Users\2394650\.m2\repository\org\codehaus\groovy\groovy-json\2.5.8\groovy-json-2.5.8.jar;C:\Users\2394650\.m2\repository\io\rest-assured\rest-assured-common\4.2.0\rest-assured-common-4.2.0.jar;C:\Users\2394650\.m2\repository\commons-io\commons-io\2.6\commons-io-2.6.jar;C:\Users\2394650\.m2\repository\io\rest-assured\json-schema-validator\4.2.0\json-schema-validator-4.2.0.jar;C:\Users\2394650\.m2\repository\com\github\java-json-tools\json-schema-validator\2.2.10\json-schema-validator-2.2.10.jar;C:\Users\2394650\.m2\repository\com\github\java-json-tools\json-schema-core\1.2.10\json-schema-core-1.2.10.jar;C:\Users\2394650\.m2\repository\com\github\java-json-tools\jackson-coreutils\1.9\jackson-coreutils-1.9.jar;C:\Users\2394650\.m2\repository\com\github\fge\msg-simple\1.1\msg-simple-1.1.jar;C:\Users\2394650\.m2\repository\com\github\fge\btf\1.2\btf-1.2.jar;C:\Users\2394650\.m2\repository\com\github\fge\uri-template\0.9\uri-template-0.9.jar;C:\Users\2394650\.m2\repository\org\mozilla\rhino\1.7.7.1\rhino-1.7.7.1.jar;C:\Users\2394650\.m2\repository\javax\mail\mailapi\1.4.3\mailapi-1.4.3.jar;C:\Users\2394650\.m2\repository\joda-time\joda-time\2.9.7\joda-time-2.9.7.jar;C:\Users\2394650\.m2\repository\com\googlecode\libphonenumber\libphonenumber\8.0.0\libphonenumber-8.0.0.jar;C:\Users\2394650\.m2\repository\com\google\code\findbugs\jsr305\3.0.1\jsr305-3.0.1.jar;C:\Users\2394650\.m2\repository\net\sf\jopt-simple\jopt-simple\5.0.3\jopt-simple-5.0.3.jar;C:\Users\2394650\.m2\repository\org\codehaus\jackson\jackson-core-asl\1.9.13\jackson-core-asl-1.9.13.jar;C:\Users\2394650\.m2\repository\org\codehaus\jackson\jackson-mapper-lgpl\1.9.13\jackson-mapper-lgpl-1.9.13.jar;C:\Users\2394650\.m2\repository\org\codehaus\jackson\jackson-core-lgpl\1.9.13\jackson-core-lgpl-1.9.13.jar;C:\Users\2394650\.m2\repository\org\testng\testng\7.0.0\testng-7.0.0.jar;C:\Users\2394650\.m2\repository\com\beust\jcommander\1.72\jcommander-1.72.jar;C:\Users\2394650\.m2\repository\org\apache\logging\log4j\log4j-api\2.13.3\log4j-api-2.13.3.jar;C:\Users\2394650\.m2\repository\org\apache\logging\log4j\log4j-core\2.13.3\log4j-core-2.13.3.jar;C:\Users\2394650\.m2\repository\org\apache\commons\commons-lang3\3.9\commons-lang3-3.9.jar;C:\Users\2394650\.m2\repository\org\apache\poi\poi-ooxml\4.1.0\poi-ooxml-4.1.0.jar;C:\Users\2394650\.m2\repository\org\apache\poi\poi\4.1.0\poi-4.1.0.jar;C:\Users\2394650\.m2\repository\org\apache\commons\commons-collections4\4.3\commons-collections4-4.3.jar;C:\Users\2394650\.m2\repository\org\apache\commons\commons-math3\3.6.1\commons-math3-3.6.1.jar;C:\Users\2394650\.m2\repository\org\apache\poi\poi-ooxml-schemas\4.1.0\poi-ooxml-schemas-4.1.0.jar;C:\Users\2394650\.m2\repository\org\apache\xmlbeans\xmlbeans\3.1.0\xmlbeans-3.1.0.jar;C:\Users\2394650\.m2\repository\org\apache\commons\commons-compress\1.18\commons-compress-1.18.jar;C:\Users\2394650\.m2\repository\com\github\virtuald\curvesapi\1.06\curvesapi-1.06.jar;C:\Users\2394650\.m2\repository\org\projectlombok\lombok\1.18.12\lombok-1.18.12.jar;C:\Users\2394650\.m2\repository\com\relevantcodes\extentreports\2.41.2\extentreports-2.41.2.jar;C:\Users\2394650\.m2\repository\org\jsoup\jsoup\1.8.3\jsoup-1.8.3.jar;C:\Users\2394650\.m2\repository\org\xerial\sqlite-jdbc\3.8.11.1\sqlite-jdbc-3.8.11.1.jar;C:\Users\2394650\.m2\repository\org\freemarker\freemarker\2.3.23\freemarker-2.3.23.jar;C:\Users\2394650\.m2\repository\org\mongodb\mongodb-driver\3.0.4\mongodb-driver-3.0.4.jar;C:\Users\2394650\.m2\repository\org\mongodb\bson\3.0.4\bson-3.0.4.jar;C:\Users\2394650\.m2\repository\org\mongodb\mongodb-driver-core\3.0.4\mongodb-driver-core-3.0.4.jar;C:\Users\2394650\.m2\repository\io\github\bonigarcia\webdrivermanager\4.2.2\webdrivermanager-4.2.2.jar;C:\Users\2394650\.m2\repository\org\slf4j\slf4j-api\1.7.30\slf4j-api-1.7.30.jar;C:\Users\2394650\.m2\repository\com\google\code\gson\gson\2.8.6\gson-2.8.6.jar;C:\Users\2394650\.m2\repository\org\apache\httpcomponents\client5\httpclient5\5.0.1\httpclient5-5.0.1.jar;C:\Users\2394650\.m2\repository\org\apache\httpcomponents\core5\httpcore5\5.0.1\httpcore5-5.0.1.jar;C:\Users\2394650\.m2\repository\org\apache\httpcomponents\core5\httpcore5-h2\5.0.1\httpcore5-h2-5.0.1.jar;C:\Users\2394650\.m2\repository\org\rauschig\jarchivelib\1.1.0\jarchivelib-1.1.0.jar;"/>
    <property name="sun.cpu.endian" value="little"/>
    <property name="user.home" value="C:\Users\2394650"/>
    <property name="user.language" value="en"/>
    <property name="java.specification.vendor" value="Oracle Corporation"/>
    <property name="java.home" value="C:\Program Files\Java\jdk1.8.0_231\jre"/>
    <property name="basedir" value="C:\Users\2394650\IdeaProjects\cs-portal-automation_selenium1"/>
    <property name="file.separator" value="\"/>
    <property name="line.separator" value="&#10;"/>
    <property name="java.vm.specification.vendor" value="Oracle Corporation"/>
    <property name="java.specification.name" value="Java Platform API Specification"/>
    <property name="java.awt.graphicsenv" value="sun.awt.Win32GraphicsEnvironment"/>
    <property name="idea.version2020.1.2" value="true"/>
    <property name="surefire.real.class.path" value="C:\Users\2394650\AppData\Local\Temp\surefire7011395725674745561\surefirebooter639207258308705551.jar"/>
    <property name="sun.boot.class.path" value="C:\Program Files\Java\jdk1.8.0_231\jre\lib\resources.jar;C:\Program Files\Java\jdk1.8.0_231\jre\lib\rt.jar;C:\Program Files\Java\jdk1.8.0_231\jre\lib\sunrsasign.jar;C:\Program Files\Java\jdk1.8.0_231\jre\lib\jsse.jar;C:\Program Files\Java\jdk1.8.0_231\jre\lib\jce.jar;C:\Program Files\Java\jdk1.8.0_231\jre\lib\charsets.jar;C:\Program Files\Java\jdk1.8.0_231\jre\lib\jfr.jar;C:\Program Files\Java\jdk1.8.0_231\jre\classes"/>
    <property name="user.script" value=""/>
    <property name="sun.management.compiler" value="HotSpot 64-Bit Tiered Compilers"/>
    <property name="java.runtime.version" value="1.8.0_231-b11"/>
    <property name="user.name" value="2394650"/>
    <property name="path.separator" value=";"/>
    <property name="Env" value="UAT"/>
    <property name="os.version" value="10.0"/>
    <property name="java.endorsed.dirs" value="C:\Program Files\Java\jdk1.8.0_231\jre\lib\endorsed"/>
    <property name="java.runtime.name" value="Java(TM) SE Runtime Environment"/>
    <property name="file.encoding" value="Cp1252"/>
    <property name="java.vm.name" value="Java HotSpot(TM) 64-Bit Server VM"/>
    <property name="localRepository" value="C:\Users\2394650\.m2\repository"/>
    <property name="java.vendor.url.bug" value="http://bugreport.sun.com/bugreport/"/>
    <property name="java.io.tmpdir" value="C:\Users\2394650\AppData\Local\Temp\"/>
    <property name="java.version" value="1.8.0_231"/>
    <property name="user.dir" value="C:\Users\2394650\IdeaProjects\cs-portal-automation_selenium1"/>
    <property name="os.arch" value="amd64"/>
    <property name="java.vm.specification.name" value="Java Virtual Machine Specification"/>
    <property name="java.awt.printerjob" value="sun.awt.windows.WPrinterJob"/>
    <property name="suiteType" value="Sanity"/>
    <property name="sun.os.patch.level" value=""/>
    <property name="java.library.path" value="C:\Program Files\Java\jdk1.8.0_231\jre\bin;C:\windows\Sun\Java\bin;C:\windows\system32;C:\windows;C:\Program Files (x86)\Common Files\Oracle\Java\javapath;C:\windows\system32;C:\windows;C:\windows\System32\Wbem;C:\windows\System32\WindowsPowerShell\v1.0\;C:\windows\System32\OpenSSH\;C:\Program Files\nodejs\;C:\Program Files\PuTTY\;C:\Users\2394650\AppData\Local\Microsoft\WindowsApps;C:\Users\2394650\AppData\Roaming\npm;C:\Users\2394650\AppData\Local\Programs\Git\cmd;."/>
    <property name="java.vm.info" value="mixed mode"/>
    <property name="java.vendor" value="Oracle Corporation"/>
    <property name="java.vm.version" value="25.231-b11"/>
    <property name="java.ext.dirs" value="C:\Program Files\Java\jdk1.8.0_231\jre\lib\ext;C:\windows\Sun\Java\lib\ext"/>
    <property name="sun.io.unicode.encoding" value="UnicodeLittle"/>
    <property name="java.class.version" value="52.0"/>
  </properties>
  <testcase name="loginAPI" classname="API.APIEndPoints" time="4.204"/>
  <testcase name="loginAPI" classname="API.APIEndPoints" time="1.667"/>
  <testcase name="LoggingIN" classname="tests.LoginTests" time="52.921"/>
  <testcase name="LoggingIN" classname="tests.LoginTests" time="44.302"/>
  <testcase name="sideMenuAssert" classname="tests.sideMenuTests" time="13.229"/>
  <testcase name="openCustomerInteraction" classname="tests.AuthTabTest" time="29.133"/>
  <testcase name="validateAuthTab" classname="tests.AuthTabTest" time="48.51">
    <failure message="The following asserts failed:&#10;	Not able to validate auth Tab" type="java.lang.AssertionError">java.lang.AssertionError: 
The following asserts failed:
	Not able to validate auth Tab
	at tests.AuthTabTest.validateAuthTab(AuthTabTest.java:78)
</failure>
    <system-out><![CDATA[18:20:58.499 I am in on TestSuccess method openCustomerInteraction succeed
18:20:58.501 I am in onTestStart method validateAuthTab start
18:20:58.513 [main] INFO  pages.BasePage(328) - Waiting for loader to be removed
18:21:13.940 [main] INFO  pages.BasePage(328) - Loader Removed
18:21:13.940 [main] INFO  pages.customerInteractionPagePOM(153) - Clicking on Home Action button
18:21:14.258 [main] INFO  pages.BasePage(74) - Clicking on elementBy.xpath: //span[@class='action-placeholder']
18:21:14.511 [main] INFO  pages.BasePage(328) - Opening Authentication tab for : Suspend SIM
18:21:14.966 [main] INFO  pages.BasePage(74) - Clicking on elementBy.xpath: //div[@class="mat-menu-content"]//button[1]
18:21:20.032 [main] INFO  pages.BasePage(328) - Waiting for loader to be removed
18:21:25.065 [main] INFO  pages.BasePage(328) - Loader Removed
18:21:25.065 [main] INFO  pages.BasePage(328) - Checking Authentication tab load
18:21:46.730 [main] INFO  pages.BasePage(328) - Closing SIM bar/unbar popup
18:21:46.993 [main] INFO  pages.BasePage(74) - Clicking on elementBy.xpath: //div[@class="main-container__header"]//mat-icon
]]></system-out>
    <system-err><![CDATA[org.openqa.selenium.TimeoutException: Expected condition failed: waiting for presence of element located by: By.xpath: //app-authentication-block-modal//span[@class="main-container__header--title"] (tried for 20 second(s) with 500 milliseconds interval)
	at org.openqa.selenium.support.ui.WebDriverWait.timeoutException(WebDriverWait.java:138)
	at org.openqa.selenium.support.ui.FluentWait.until(FluentWait.java:234)
	at pages.BasePage.waitVisibility(BasePage.java:127)
	at pages.BasePage.checkState(BasePage.java:115)
	at pages.AuthenticationTabPOM.isAuthTabLoad(AuthenticationTabPOM.java:38)
	at tests.AuthTabTest.validateAuthTab(AuthTabTest.java:50)
	at sun.reflect.NativeMethodAccessorImpl.invoke0(Native Method)
	at sun.reflect.NativeMethodAccessorImpl.invoke(NativeMethodAccessorImpl.java:62)
	at sun.reflect.DelegatingMethodAccessorImpl.invoke(DelegatingMethodAccessorImpl.java:43)
	at java.lang.reflect.Method.invoke(Method.java:498)
	at org.testng.internal.MethodInvocationHelper.invokeMethod(MethodInvocationHelper.java:133)
	at org.testng.internal.TestInvoker.invokeMethod(TestInvoker.java:584)
	at org.testng.internal.TestInvoker.invokeTestMethod(TestInvoker.java:172)
	at org.testng.internal.MethodRunner.runInSequence(MethodRunner.java:46)
	at org.testng.internal.TestInvoker$MethodInvocationAgent.invoke(TestInvoker.java:804)
	at org.testng.internal.TestInvoker.invokeTestMethods(TestInvoker.java:145)
	at org.testng.internal.TestMethodWorker.invokeTestMethods(TestMethodWorker.java:146)
	at org.testng.internal.TestMethodWorker.run(TestMethodWorker.java:128)
	at java.util.ArrayList.forEach(ArrayList.java:1257)
	at org.testng.TestRunner.privateRun(TestRunner.java:770)
	at org.testng.TestRunner.run(TestRunner.java:591)
	at org.testng.SuiteRunner.runTest(SuiteRunner.java:402)
	at org.testng.SuiteRunner.runSequentially(SuiteRunner.java:396)
	at org.testng.SuiteRunner.privateRun(SuiteRunner.java:355)
	at org.testng.SuiteRunner.run(SuiteRunner.java:304)
	at org.testng.SuiteRunnerWorker.runSuite(SuiteRunnerWorker.java:53)
	at org.testng.SuiteRunnerWorker.run(SuiteRunnerWorker.java:96)
	at org.testng.TestNG.runSuitesSequentially(TestNG.java:1180)
	at org.testng.TestNG.runSuitesLocally(TestNG.java:1102)
	at org.testng.TestNG.runSuites(TestNG.java:1032)
	at org.testng.TestNG.run(TestNG.java:1000)
	at org.apache.maven.surefire.testng.TestNGExecutor.run(TestNGExecutor.java:283)
	at org.apache.maven.surefire.testng.TestNGXmlTestSuite.execute(TestNGXmlTestSuite.java:75)
	at org.apache.maven.surefire.testng.TestNGProvider.invoke(TestNGProvider.java:120)
	at org.apache.maven.surefire.booter.ForkedBooter.invokeProviderInSameClassLoader(ForkedBooter.java:384)
	at org.apache.maven.surefire.booter.ForkedBooter.runSuitesInProcess(ForkedBooter.java:345)
	at org.apache.maven.surefire.booter.ForkedBooter.execute(ForkedBooter.java:126)
	at org.apache.maven.surefire.booter.ForkedBooter.main(ForkedBooter.java:418)
Caused by: org.openqa.selenium.NoSuchElementException: no such element: Unable to locate element: {"method":"xpath","selector":"//app-authentication-block-modal//span[@class="main-container__header--title"]"}
  (Session info: headless chrome=89.0.4389.90)
For documentation on this error, please visit: https://www.seleniumhq.org/exceptions/no_such_element.html
Build info: version: '4.0.0-alpha-3', revision: '8c567de6dc'
System info: host: 'LT2394650', ip: '172.23.64.219', os.name: 'Windows 10', os.arch: 'amd64', os.version: '10.0', java.version: '1.8.0_231'
Driver info: org.openqa.selenium.chrome.ChromeDriver
Capabilities {acceptInsecureCerts: true, browserName: chrome, browserVersion: 89.0.4389.90, chrome: {chromedriverVersion: 89.0.4389.23 (61b08ee2c5002..., userDataDir: C:\Users\2394650\AppData\Lo...}, goog:chromeOptions: {debuggerAddress: localhost:52187}, javascriptEnabled: true, networkConnectionEnabled: false, pageLoadStrategy: normal, platform: WINDOWS, platformName: WINDOWS, proxy: Proxy(), setWindowRect: true, strictFileInteractability: false, timeouts: {implicit: 0, pageLoad: 300000, script: 30000}, unhandledPromptBehavior: dismiss and notify, webauthn:extension:largeBlob: true, webauthn:virtualAuthenticators: true}
Session ID: 9bddb60362793b98befcaaba70e29dcd
*** Element info: {Using=xpath, value=//app-authentication-block-modal//span[@class="main-container__header--title"]}
	at sun.reflect.NativeConstructorAccessorImpl.newInstance0(Native Method)
	at sun.reflect.NativeConstructorAccessorImpl.newInstance(NativeConstructorAccessorImpl.java:62)
	at sun.reflect.DelegatingConstructorAccessorImpl.newInstance(DelegatingConstructorAccessorImpl.java:45)
	at java.lang.reflect.Constructor.newInstance(Constructor.java:423)
	at org.openqa.selenium.remote.codec.w3c.W3CHttpResponseCodec.createException(W3CHttpResponseCodec.java:191)
	at org.openqa.selenium.remote.codec.w3c.W3CHttpResponseCodec.decode(W3CHttpResponseCodec.java:125)
	at org.openqa.selenium.remote.codec.w3c.W3CHttpResponseCodec.decode(W3CHttpResponseCodec.java:52)
	at org.openqa.selenium.remote.HttpCommandExecutor.execute(HttpCommandExecutor.java:161)
	at org.openqa.selenium.remote.service.DriverCommandExecutor.execute(DriverCommandExecutor.java:83)
	at org.openqa.selenium.remote.RemoteWebDriver.execute(RemoteWebDriver.java:576)
	at org.openqa.selenium.remote.RemoteWebDriver.findElement(RemoteWebDriver.java:327)
	at org.openqa.selenium.remote.RemoteWebDriver.findElementByXPath(RemoteWebDriver.java:445)
	at org.openqa.selenium.By$ByXPath.findElement(By.java:396)
	at org.openqa.selenium.remote.RemoteWebDriver.findElement(RemoteWebDriver.java:319)
	at org.openqa.selenium.support.ui.ExpectedConditions$6.apply(ExpectedConditions.java:182)
	at org.openqa.selenium.support.ui.ExpectedConditions$6.apply(ExpectedConditions.java:179)
	at org.openqa.selenium.support.ui.FluentWait.until(FluentWait.java:211)
	... 36 more
]]></system-err>
  </testcase>
  <testcase name="validateAuthTabMinQuestion" classname="tests.AuthTabTest" time="26.813">
    <failure message="Authentication tab does not load correctly did not expect to find [true] but found [false]" type="java.lang.AssertionError">java.lang.AssertionError: Authentication tab does not load correctly did not expect to find [true] but found [false]
	at tests.AuthTabTest.validateAuthTabMinQuestion(AuthTabTest.java:88)
</failure>
    <system-out><![CDATA[18:21:47.010 I am in on TestFailure method validateAuthTab failed
java.lang.AssertionError: The following asserts failed:
	Not able to validate auth Tab
	at org.testng.asserts.SoftAssert.assertAll(SoftAssert.java:47)
	at org.testng.asserts.SoftAssert.assertAll(SoftAssert.java:31)
	at tests.AuthTabTest.validateAuthTab(AuthTabTest.java:78)
	at sun.reflect.NativeMethodAccessorImpl.invoke0(Native Method)
	at sun.reflect.NativeMethodAccessorImpl.invoke(NativeMethodAccessorImpl.java:62)
	at sun.reflect.DelegatingMethodAccessorImpl.invoke(DelegatingMethodAccessorImpl.java:43)
	at java.lang.reflect.Method.invoke(Method.java:498)
	at org.testng.internal.MethodInvocationHelper.invokeMethod(MethodInvocationHelper.java:133)
	at org.testng.internal.TestInvoker.invokeMethod(TestInvoker.java:584)
	at org.testng.internal.TestInvoker.invokeTestMethod(TestInvoker.java:172)
	at org.testng.internal.MethodRunner.runInSequence(MethodRunner.java:46)
	at org.testng.internal.TestInvoker$MethodInvocationAgent.invoke(TestInvoker.java:804)
	at org.testng.internal.TestInvoker.invokeTestMethods(TestInvoker.java:145)
	at org.testng.internal.TestMethodWorker.invokeTestMethods(TestMethodWorker.java:146)
	at org.testng.internal.TestMethodWorker.run(TestMethodWorker.java:128)
	at java.util.ArrayList.forEach(ArrayList.java:1257)
	at org.testng.TestRunner.privateRun(TestRunner.java:770)
	at org.testng.TestRunner.run(TestRunner.java:591)
	at org.testng.SuiteRunner.runTest(SuiteRunner.java:402)
	at org.testng.SuiteRunner.runSequentially(SuiteRunner.java:396)
	at org.testng.SuiteRunner.privateRun(SuiteRunner.java:355)
	at org.testng.SuiteRunner.run(SuiteRunner.java:304)
	at org.testng.SuiteRunnerWorker.runSuite(SuiteRunnerWorker.java:53)
	at org.testng.SuiteRunnerWorker.run(SuiteRunnerWorker.java:96)
	at org.testng.TestNG.runSuitesSequentially(TestNG.java:1180)
	at org.testng.TestNG.runSuitesLocally(TestNG.java:1102)
	at org.testng.TestNG.runSuites(TestNG.java:1032)
	at org.testng.TestNG.run(TestNG.java:1000)
	at org.apache.maven.surefire.testng.TestNGExecutor.run(TestNGExecutor.java:283)
	at org.apache.maven.surefire.testng.TestNGXmlTestSuite.execute(TestNGXmlTestSuite.java:75)
	at org.apache.maven.surefire.testng.TestNGProvider.invoke(TestNGProvider.java:120)
	at org.apache.maven.surefire.booter.ForkedBooter.invokeProviderInSameClassLoader(ForkedBooter.java:384)
	at org.apache.maven.surefire.booter.ForkedBooter.runSuitesInProcess(ForkedBooter.java:345)
	at org.apache.maven.surefire.booter.ForkedBooter.execute(ForkedBooter.java:126)
	at org.apache.maven.surefire.booter.ForkedBooter.main(ForkedBooter.java:418)

18:21:47.726 I am in onTestStart method validateAuthTabMinQuestion start
18:21:47.751 [main] INFO  pages.BasePage(328) - Waiting for loader to be removed
18:21:52.793 [main] INFO  pages.BasePage(328) - Loader Removed
18:21:52.794 [main] INFO  pages.BasePage(328) - Checking Authentication tab load
]]></system-out>
    <system-err><![CDATA[org.openqa.selenium.TimeoutException: Expected condition failed: waiting for presence of element located by: By.xpath: //app-authentication-block-modal//span[@class="main-container__header--title"] (tried for 20 second(s) with 500 milliseconds interval)
	at org.openqa.selenium.support.ui.WebDriverWait.timeoutException(WebDriverWait.java:138)
	at org.openqa.selenium.support.ui.FluentWait.until(FluentWait.java:234)
	at pages.BasePage.waitVisibility(BasePage.java:127)
	at pages.BasePage.checkState(BasePage.java:115)
	at pages.AuthenticationTabPOM.isAuthTabLoad(AuthenticationTabPOM.java:38)
	at tests.AuthTabTest.validateAuthTabMinQuestion(AuthTabTest.java:88)
	at sun.reflect.NativeMethodAccessorImpl.invoke0(Native Method)
	at sun.reflect.NativeMethodAccessorImpl.invoke(NativeMethodAccessorImpl.java:62)
	at sun.reflect.DelegatingMethodAccessorImpl.invoke(DelegatingMethodAccessorImpl.java:43)
	at java.lang.reflect.Method.invoke(Method.java:498)
	at org.testng.internal.MethodInvocationHelper.invokeMethod(MethodInvocationHelper.java:133)
	at org.testng.internal.TestInvoker.invokeMethod(TestInvoker.java:584)
	at org.testng.internal.TestInvoker.invokeTestMethod(TestInvoker.java:172)
	at org.testng.internal.MethodRunner.runInSequence(MethodRunner.java:46)
	at org.testng.internal.TestInvoker$MethodInvocationAgent.invoke(TestInvoker.java:804)
	at org.testng.internal.TestInvoker.invokeTestMethods(TestInvoker.java:145)
	at org.testng.internal.TestMethodWorker.invokeTestMethods(TestMethodWorker.java:146)
	at org.testng.internal.TestMethodWorker.run(TestMethodWorker.java:128)
	at java.util.ArrayList.forEach(ArrayList.java:1257)
	at org.testng.TestRunner.privateRun(TestRunner.java:770)
	at org.testng.TestRunner.run(TestRunner.java:591)
	at org.testng.SuiteRunner.runTest(SuiteRunner.java:402)
	at org.testng.SuiteRunner.runSequentially(SuiteRunner.java:396)
	at org.testng.SuiteRunner.privateRun(SuiteRunner.java:355)
	at org.testng.SuiteRunner.run(SuiteRunner.java:304)
	at org.testng.SuiteRunnerWorker.runSuite(SuiteRunnerWorker.java:53)
	at org.testng.SuiteRunnerWorker.run(SuiteRunnerWorker.java:96)
	at org.testng.TestNG.runSuitesSequentially(TestNG.java:1180)
	at org.testng.TestNG.runSuitesLocally(TestNG.java:1102)
	at org.testng.TestNG.runSuites(TestNG.java:1032)
	at org.testng.TestNG.run(TestNG.java:1000)
	at org.apache.maven.surefire.testng.TestNGExecutor.run(TestNGExecutor.java:283)
	at org.apache.maven.surefire.testng.TestNGXmlTestSuite.execute(TestNGXmlTestSuite.java:75)
	at org.apache.maven.surefire.testng.TestNGProvider.invoke(TestNGProvider.java:120)
	at org.apache.maven.surefire.booter.ForkedBooter.invokeProviderInSameClassLoader(ForkedBooter.java:384)
	at org.apache.maven.surefire.booter.ForkedBooter.runSuitesInProcess(ForkedBooter.java:345)
	at org.apache.maven.surefire.booter.ForkedBooter.execute(ForkedBooter.java:126)
	at org.apache.maven.surefire.booter.ForkedBooter.main(ForkedBooter.java:418)
Caused by: org.openqa.selenium.NoSuchElementException: no such element: Unable to locate element: {"method":"xpath","selector":"//app-authentication-block-modal//span[@class="main-container__header--title"]"}
  (Session info: headless chrome=89.0.4389.90)
For documentation on this error, please visit: https://www.seleniumhq.org/exceptions/no_such_element.html
Build info: version: '4.0.0-alpha-3', revision: '8c567de6dc'
System info: host: 'LT2394650', ip: '172.23.64.219', os.name: 'Windows 10', os.arch: 'amd64', os.version: '10.0', java.version: '1.8.0_231'
Driver info: org.openqa.selenium.chrome.ChromeDriver
Capabilities {acceptInsecureCerts: true, browserName: chrome, browserVersion: 89.0.4389.90, chrome: {chromedriverVersion: 89.0.4389.23 (61b08ee2c5002..., userDataDir: C:\Users\2394650\AppData\Lo...}, goog:chromeOptions: {debuggerAddress: localhost:52187}, javascriptEnabled: true, networkConnectionEnabled: false, pageLoadStrategy: normal, platform: WINDOWS, platformName: WINDOWS, proxy: Proxy(), setWindowRect: true, strictFileInteractability: false, timeouts: {implicit: 0, pageLoad: 300000, script: 30000}, unhandledPromptBehavior: dismiss and notify, webauthn:extension:largeBlob: true, webauthn:virtualAuthenticators: true}
Session ID: 9bddb60362793b98befcaaba70e29dcd
*** Element info: {Using=xpath, value=//app-authentication-block-modal//span[@class="main-container__header--title"]}
	at sun.reflect.GeneratedConstructorAccessor50.newInstance(Unknown Source)
	at sun.reflect.DelegatingConstructorAccessorImpl.newInstance(DelegatingConstructorAccessorImpl.java:45)
	at java.lang.reflect.Constructor.newInstance(Constructor.java:423)
	at org.openqa.selenium.remote.codec.w3c.W3CHttpResponseCodec.createException(W3CHttpResponseCodec.java:191)
	at org.openqa.selenium.remote.codec.w3c.W3CHttpResponseCodec.decode(W3CHttpResponseCodec.java:125)
	at org.openqa.selenium.remote.codec.w3c.W3CHttpResponseCodec.decode(W3CHttpResponseCodec.java:52)
	at org.openqa.selenium.remote.HttpCommandExecutor.execute(HttpCommandExecutor.java:161)
	at org.openqa.selenium.remote.service.DriverCommandExecutor.execute(DriverCommandExecutor.java:83)
	at org.openqa.selenium.remote.RemoteWebDriver.execute(RemoteWebDriver.java:576)
	at org.openqa.selenium.remote.RemoteWebDriver.findElement(RemoteWebDriver.java:327)
	at org.openqa.selenium.remote.RemoteWebDriver.findElementByXPath(RemoteWebDriver.java:445)
	at org.openqa.selenium.By$ByXPath.findElement(By.java:396)
	at org.openqa.selenium.remote.RemoteWebDriver.findElement(RemoteWebDriver.java:319)
	at org.openqa.selenium.support.ui.ExpectedConditions$6.apply(ExpectedConditions.java:182)
	at org.openqa.selenium.support.ui.ExpectedConditions$6.apply(ExpectedConditions.java:179)
	at org.openqa.selenium.support.ui.FluentWait.until(FluentWait.java:211)
	... 36 more
]]></system-err>
  </testcase>
  <testcase name="validateSendInternetSetting" classname="tests.AuthTabTest" time="13.48">
    <failure message="element click intercepted: Element &lt;button _ngcontent-jxq-c57=&quot;&quot; class=&quot;no-btn&quot; style=&quot;border: 2px solid black;&quot;&gt;...&lt;/button&gt; is not clickable at point (1274, 631). Other element would receive the click: &lt;div _ngcontent-jxq-c1=&quot;&quot; class=&quot;ngx-overlay loading-foreground&quot; style=&quot;background-color: rgba(40, 40, 40, 0.8); border-radius: 0px;&quot;&gt;...&lt;/div&gt;&#10;  (Session info: headless chrome=89.0.4389.90)&#10;Build info: version: &apos;4.0.0-alpha-3&apos;, revision: &apos;8c567de6dc&apos;&#10;System info: host: &apos;LT2394650&apos;, ip: &apos;172.23.64.219&apos;, os.name: &apos;Windows 10&apos;, os.arch: &apos;amd64&apos;, os.version: &apos;10.0&apos;, java.version: &apos;1.8.0_231&apos;&#10;Driver info: org.openqa.selenium.chrome.ChromeDriver&#10;Capabilities {acceptInsecureCerts: true, browserName: chrome, browserVersion: 89.0.4389.90, chrome: {chromedriverVersion: 89.0.4389.23 (61b08ee2c5002..., userDataDir: C:\Users\2394650\AppData\Lo...}, goog:chromeOptions: {debuggerAddress: localhost:52187}, javascriptEnabled: true, networkConnectionEnabled: false, pageLoadStrategy: normal, platform: WINDOWS, platformName: WINDOWS, proxy: Proxy(), setWindowRect: true, strictFileInteractability: false, timeouts: {implicit: 0, pageLoad: 300000, script: 30000}, unhandledPromptBehavior: dismiss and notify, webauthn:extension:largeBlob: true, webauthn:virtualAuthenticators: true}&#10;Session ID: 9bddb60362793b98befcaaba70e29dcd" type="org.openqa.selenium.ElementClickInterceptedException"><![CDATA[org.openqa.selenium.ElementClickInterceptedException: 
element click intercepted: Element <button _ngcontent-jxq-c57="" class="no-btn" style="border: 2px solid black;">...</button> is not clickable at point (1274, 631). Other element would receive the click: <div _ngcontent-jxq-c1="" class="ngx-overlay loading-foreground" style="background-color: rgba(40, 40, 40, 0.8); border-radius: 0px;">...</div>
  (Session info: headless chrome=89.0.4389.90)
Build info: version: '4.0.0-alpha-3', revision: '8c567de6dc'
System info: host: 'LT2394650', ip: '172.23.64.219', os.name: 'Windows 10', os.arch: 'amd64', os.version: '10.0', java.version: '1.8.0_231'
Driver info: org.openqa.selenium.chrome.ChromeDriver
Capabilities {acceptInsecureCerts: true, browserName: chrome, browserVersion: 89.0.4389.90, chrome: {chromedriverVersion: 89.0.4389.23 (61b08ee2c5002..., userDataDir: C:\Users\2394650\AppData\Lo...}, goog:chromeOptions: {debuggerAddress: localhost:52187}, javascriptEnabled: true, networkConnectionEnabled: false, pageLoadStrategy: normal, platform: WINDOWS, platformName: WINDOWS, proxy: Proxy(), setWindowRect: true, strictFileInteractability: false, timeouts: {implicit: 0, pageLoad: 300000, script: 30000}, unhandledPromptBehavior: dismiss and notify, webauthn:extension:largeBlob: true, webauthn:virtualAuthenticators: true}
Session ID: 9bddb60362793b98befcaaba70e29dcd
	at tests.AuthTabTest.validateSendInternetSetting(AuthTabTest.java:151)
]]></failure>
    <system-out><![CDATA[18:22:14.501 I am in on TestFailure method validateAuthTabMinQuestion failed
java.lang.AssertionError: Authentication tab does not load correctly did not expect to find [true] but found [false]
	at org.testng.Assert.fail(Assert.java:97)
	at org.testng.Assert.failNotEquals(Assert.java:969)
	at org.testng.Assert.assertTrue(Assert.java:43)
	at tests.AuthTabTest.validateAuthTabMinQuestion(AuthTabTest.java:88)
	at sun.reflect.NativeMethodAccessorImpl.invoke0(Native Method)
	at sun.reflect.NativeMethodAccessorImpl.invoke(NativeMethodAccessorImpl.java:62)
	at sun.reflect.DelegatingMethodAccessorImpl.invoke(DelegatingMethodAccessorImpl.java:43)
	at java.lang.reflect.Method.invoke(Method.java:498)
	at org.testng.internal.MethodInvocationHelper.invokeMethod(MethodInvocationHelper.java:133)
	at org.testng.internal.TestInvoker.invokeMethod(TestInvoker.java:584)
	at org.testng.internal.TestInvoker.invokeTestMethod(TestInvoker.java:172)
	at org.testng.internal.MethodRunner.runInSequence(MethodRunner.java:46)
	at org.testng.internal.TestInvoker$MethodInvocationAgent.invoke(TestInvoker.java:804)
	at org.testng.internal.TestInvoker.invokeTestMethods(TestInvoker.java:145)
	at org.testng.internal.TestMethodWorker.invokeTestMethods(TestMethodWorker.java:146)
	at org.testng.internal.TestMethodWorker.run(TestMethodWorker.java:128)
	at java.util.ArrayList.forEach(ArrayList.java:1257)
	at org.testng.TestRunner.privateRun(TestRunner.java:770)
	at org.testng.TestRunner.run(TestRunner.java:591)
	at org.testng.SuiteRunner.runTest(SuiteRunner.java:402)
	at org.testng.SuiteRunner.runSequentially(SuiteRunner.java:396)
	at org.testng.SuiteRunner.privateRun(SuiteRunner.java:355)
	at org.testng.SuiteRunner.run(SuiteRunner.java:304)
	at org.testng.SuiteRunnerWorker.runSuite(SuiteRunnerWorker.java:53)
	at org.testng.SuiteRunnerWorker.run(SuiteRunnerWorker.java:96)
	at org.testng.TestNG.runSuitesSequentially(TestNG.java:1180)
	at org.testng.TestNG.runSuitesLocally(TestNG.java:1102)
	at org.testng.TestNG.runSuites(TestNG.java:1032)
	at org.testng.TestNG.run(TestNG.java:1000)
	at org.apache.maven.surefire.testng.TestNGExecutor.run(TestNGExecutor.java:283)
	at org.apache.maven.surefire.testng.TestNGXmlTestSuite.execute(TestNGXmlTestSuite.java:75)
	at org.apache.maven.surefire.testng.TestNGProvider.invoke(TestNGProvider.java:120)
	at org.apache.maven.surefire.booter.ForkedBooter.invokeProviderInSameClassLoader(ForkedBooter.java:384)
	at org.apache.maven.surefire.booter.ForkedBooter.runSuitesInProcess(ForkedBooter.java:345)
	at org.apache.maven.surefire.booter.ForkedBooter.execute(ForkedBooter.java:126)
	at org.apache.maven.surefire.booter.ForkedBooter.main(ForkedBooter.java:418)

18:22:15.097 I am in onTestStart method validateSendInternetSetting start
18:22:15.140 [main] INFO  pages.BasePage(328) - Waiting for loader to be removed
18:22:20.194 [main] INFO  pages.BasePage(328) - Loader Removed
18:22:20.196 [main] INFO  pages.customerInteractionPagePOM(153) - Clicking on Home Action button
18:22:20.497 [main] INFO  pages.BasePage(74) - Clicking on elementBy.xpath: //span[@class='action-placeholder']
18:22:20.498 [main] INFO  pages.BasePage(328) - Clicking on Send SMS Setting
18:22:20.928 [main] INFO  pages.BasePage(74) - Clicking on elementBy.xpath: //div[@class="mat-menu-content"]//button[contains(text(),'Send Internet Settings')]
18:22:21.084 [main] INFO  pages.BasePage(328) - Is Send Internet Setting Title Display: true
18:22:21.258 [main] INFO  pages.BasePage(328) - Clicking on No Button
18:22:22.480 [main] INFO  pages.BasePage(328) - Waiting for loader to be removed
18:22:27.495 [main] INFO  pages.BasePage(328) - Loader Removed
]]></system-out>
  </testcase>
  <testcase name="openCustomerInteraction" classname="tests.customerInteractionTest" time="12.479">
    <failure message="element click intercepted: Element &lt;button _ngcontent-jxq-c14=&quot;&quot; mat-icon-button=&quot;&quot; class=&quot;mat-icon-button ng-tns-c14-4&quot; style=&quot;border: 2px solid black;&quot;&gt;...&lt;/button&gt; is not clickable at point (30, 34). Other element would receive the click: &lt;div _ngcontent-jxq-c1=&quot;&quot; class=&quot;ngx-overlay loading-foreground&quot; style=&quot;background-color: rgba(40, 40, 40, 0.8); border-radius: 0px;&quot;&gt;...&lt;/div&gt;&#10;  (Session info: headless chrome=89.0.4389.90)&#10;Build info: version: &apos;4.0.0-alpha-3&apos;, revision: &apos;8c567de6dc&apos;&#10;System info: host: &apos;LT2394650&apos;, ip: &apos;172.23.64.219&apos;, os.name: &apos;Windows 10&apos;, os.arch: &apos;amd64&apos;, os.version: &apos;10.0&apos;, java.version: &apos;1.8.0_231&apos;&#10;Driver info: org.openqa.selenium.chrome.ChromeDriver&#10;Capabilities {acceptInsecureCerts: true, browserName: chrome, browserVersion: 89.0.4389.90, chrome: {chromedriverVersion: 89.0.4389.23 (61b08ee2c5002..., userDataDir: C:\Users\2394650\AppData\Lo...}, goog:chromeOptions: {debuggerAddress: localhost:52187}, javascriptEnabled: true, networkConnectionEnabled: false, pageLoadStrategy: normal, platform: WINDOWS, platformName: WINDOWS, proxy: Proxy(), setWindowRect: true, strictFileInteractability: false, timeouts: {implicit: 0, pageLoad: 300000, script: 30000}, unhandledPromptBehavior: dismiss and notify, webauthn:extension:largeBlob: true, webauthn:virtualAuthenticators: true}&#10;Session ID: 9bddb60362793b98befcaaba70e29dcd" type="org.openqa.selenium.ElementClickInterceptedException"><![CDATA[org.openqa.selenium.ElementClickInterceptedException: 
element click intercepted: Element <button _ngcontent-jxq-c14="" mat-icon-button="" class="mat-icon-button ng-tns-c14-4" style="border: 2px solid black;">...</button> is not clickable at point (30, 34). Other element would receive the click: <div _ngcontent-jxq-c1="" class="ngx-overlay loading-foreground" style="background-color: rgba(40, 40, 40, 0.8); border-radius: 0px;">...</div>
  (Session info: headless chrome=89.0.4389.90)
Build info: version: '4.0.0-alpha-3', revision: '8c567de6dc'
System info: host: 'LT2394650', ip: '172.23.64.219', os.name: 'Windows 10', os.arch: 'amd64', os.version: '10.0', java.version: '1.8.0_231'
Driver info: org.openqa.selenium.chrome.ChromeDriver
Capabilities {acceptInsecureCerts: true, browserName: chrome, browserVersion: 89.0.4389.90, chrome: {chromedriverVersion: 89.0.4389.23 (61b08ee2c5002..., userDataDir: C:\Users\2394650\AppData\Lo...}, goog:chromeOptions: {debuggerAddress: localhost:52187}, javascriptEnabled: true, networkConnectionEnabled: false, pageLoadStrategy: normal, platform: WINDOWS, platformName: WINDOWS, proxy: Proxy(), setWindowRect: true, strictFileInteractability: false, timeouts: {implicit: 0, pageLoad: 300000, script: 30000}, unhandledPromptBehavior: dismiss and notify, webauthn:extension:largeBlob: true, webauthn:virtualAuthenticators: true}
Session ID: 9bddb60362793b98befcaaba70e29dcd
	at tests.customerInteractionTest.openCustomerInteraction(customerInteractionTest.java:45)
]]></failure>
    <system-out><![CDATA[18:22:28.590 I am in on TestFailure method validateSendInternetSetting failed
org.openqa.selenium.ElementClickInterceptedException: element click intercepted: Element <button _ngcontent-jxq-c57="" class="no-btn" style="border: 2px solid black;">...</button> is not clickable at point (1274, 631). Other element would receive the click: <div _ngcontent-jxq-c1="" class="ngx-overlay loading-foreground" style="background-color: rgba(40, 40, 40, 0.8); border-radius: 0px;">...</div>
  (Session info: headless chrome=89.0.4389.90)
Build info: version: '4.0.0-alpha-3', revision: '8c567de6dc'
System info: host: 'LT2394650', ip: '172.23.64.219', os.name: 'Windows 10', os.arch: 'amd64', os.version: '10.0', java.version: '1.8.0_231'
Driver info: org.openqa.selenium.chrome.ChromeDriver
Capabilities {acceptInsecureCerts: true, browserName: chrome, browserVersion: 89.0.4389.90, chrome: {chromedriverVersion: 89.0.4389.23 (61b08ee2c5002..., userDataDir: C:\Users\2394650\AppData\Lo...}, goog:chromeOptions: {debuggerAddress: localhost:52187}, javascriptEnabled: true, networkConnectionEnabled: false, pageLoadStrategy: normal, platform: WINDOWS, platformName: WINDOWS, proxy: Proxy(), setWindowRect: true, strictFileInteractability: false, timeouts: {implicit: 0, pageLoad: 300000, script: 30000}, unhandledPromptBehavior: dismiss and notify, webauthn:extension:largeBlob: true, webauthn:virtualAuthenticators: true}
Session ID: 9bddb60362793b98befcaaba70e29dcd
	at sun.reflect.NativeConstructorAccessorImpl.newInstance0(Native Method)
	at sun.reflect.NativeConstructorAccessorImpl.newInstance(NativeConstructorAccessorImpl.java:62)
	at sun.reflect.DelegatingConstructorAccessorImpl.newInstance(DelegatingConstructorAccessorImpl.java:45)
	at java.lang.reflect.Constructor.newInstance(Constructor.java:423)
	at org.openqa.selenium.remote.codec.w3c.W3CHttpResponseCodec.createException(W3CHttpResponseCodec.java:191)
	at org.openqa.selenium.remote.codec.w3c.W3CHttpResponseCodec.decode(W3CHttpResponseCodec.java:125)
	at org.openqa.selenium.remote.codec.w3c.W3CHttpResponseCodec.decode(W3CHttpResponseCodec.java:52)
	at org.openqa.selenium.remote.HttpCommandExecutor.execute(HttpCommandExecutor.java:161)
	at org.openqa.selenium.remote.service.DriverCommandExecutor.execute(DriverCommandExecutor.java:83)
	at org.openqa.selenium.remote.RemoteWebDriver.execute(RemoteWebDriver.java:576)
	at org.openqa.selenium.remote.RemoteWebElement.execute(RemoteWebElement.java:308)
	at org.openqa.selenium.remote.RemoteWebElement.click(RemoteWebElement.java:83)
	at pages.BasePage.click(BasePage.java:77)
	at pages.customerInteractionPagePOM.clickNoBtn(customerInteractionPagePOM.java:177)
	at tests.AuthTabTest.validateSendInternetSetting(AuthTabTest.java:151)
	at sun.reflect.NativeMethodAccessorImpl.invoke0(Native Method)
	at sun.reflect.NativeMethodAccessorImpl.invoke(NativeMethodAccessorImpl.java:62)
	at sun.reflect.DelegatingMethodAccessorImpl.invoke(DelegatingMethodAccessorImpl.java:43)
	at java.lang.reflect.Method.invoke(Method.java:498)
	at org.testng.internal.MethodInvocationHelper.invokeMethod(MethodInvocationHelper.java:133)
	at org.testng.internal.TestInvoker.invokeMethod(TestInvoker.java:584)
	at org.testng.internal.TestInvoker.invokeTestMethod(TestInvoker.java:172)
	at org.testng.internal.MethodRunner.runInSequence(MethodRunner.java:46)
	at org.testng.internal.TestInvoker$MethodInvocationAgent.invoke(TestInvoker.java:804)
	at org.testng.internal.TestInvoker.invokeTestMethods(TestInvoker.java:145)
	at org.testng.internal.TestMethodWorker.invokeTestMethods(TestMethodWorker.java:146)
	at org.testng.internal.TestMethodWorker.run(TestMethodWorker.java:128)
	at java.util.ArrayList.forEach(ArrayList.java:1257)
	at org.testng.TestRunner.privateRun(TestRunner.java:770)
	at org.testng.TestRunner.run(TestRunner.java:591)
	at org.testng.SuiteRunner.runTest(SuiteRunner.java:402)
	at org.testng.SuiteRunner.runSequentially(SuiteRunner.java:396)
	at org.testng.SuiteRunner.privateRun(SuiteRunner.java:355)
	at org.testng.SuiteRunner.run(SuiteRunner.java:304)
	at org.testng.SuiteRunnerWorker.runSuite(SuiteRunnerWorker.java:53)
	at org.testng.SuiteRunnerWorker.run(SuiteRunnerWorker.java:96)
	at org.testng.TestNG.runSuitesSequentially(TestNG.java:1180)
	at org.testng.TestNG.runSuitesLocally(TestNG.java:1102)
	at org.testng.TestNG.runSuites(TestNG.java:1032)
	at org.testng.TestNG.run(TestNG.java:1000)
	at org.apache.maven.surefire.testng.TestNGExecutor.run(TestNGExecutor.java:283)
	at org.apache.maven.surefire.testng.TestNGXmlTestSuite.execute(TestNGXmlTestSuite.java:75)
	at org.apache.maven.surefire.testng.TestNGProvider.invoke(TestNGProvider.java:120)
	at org.apache.maven.surefire.booter.ForkedBooter.invokeProviderInSameClassLoader(ForkedBooter.java:384)
	at org.apache.maven.surefire.booter.ForkedBooter.runSuitesInProcess(ForkedBooter.java:345)
	at org.apache.maven.surefire.booter.ForkedBooter.execute(ForkedBooter.java:126)
	at org.apache.maven.surefire.booter.ForkedBooter.main(ForkedBooter.java:418)

I am in onFinish method Validate Authentication tab
I am in onStart method Customer Interactions TEST
18:22:29.952 [main] INFO  Utils.DataProviders.DataProviders(244) - User Type ALL
18:22:29.953 [main] INFO  Utils.DataProviders.DataProviders(247) - User Type ADDED ALL
18:22:29.954 [main] INFO  Utils.DataProviders.DataProviders(244) - User Type BA
18:22:29.955 [main] INFO  Utils.DataProviders.DataProviders(250) - NO USER FOUND
18:22:29.955 [main] INFO  Utils.DataProviders.DataProviders(244) - User Type API
18:22:29.956 [main] INFO  Utils.DataProviders.DataProviders(250) - NO USER FOUND
18:22:29.956 [main] INFO  Utils.DataProviders.DataProviders(244) - User Type NFTR
18:22:29.956 [main] INFO  Utils.DataProviders.DataProviders(250) - NO USER FOUND
18:22:29.958 I am in onTestStart method openCustomerInteraction start
18:22:30.051 [main] INFO  pages.BasePage(328) - Waiting for loader to be removed
18:22:35.090 [main] INFO  pages.BasePage(328) - Loader Removed
18:22:35.090 [main] INFO  pages.SideMenuPOM(42) - Clicking on Side Menu
18:22:36.289 [main] INFO  pages.BasePage(328) - Waiting for loader to be removed
18:22:41.328 [main] INFO  pages.BasePage(328) - Loader Removed
]]></system-out>
  </testcase>
  <testcase name="validateDemographicInformation" classname="tests.customerInteractionTest" time="0">
    <skipped message="Method customerInteractionTest.validateDemographicInformation(Utils.DataProviders.TestDatabean)[pri:2, instance:tests.customerInteractionTest@776a6d9b] depends on not successfully finished methods"/>
    <system-out><![CDATA[18:22:42.439 I am in on TestFailure method openCustomerInteraction failed
org.openqa.selenium.ElementClickInterceptedException: element click intercepted: Element <button _ngcontent-jxq-c14="" mat-icon-button="" class="mat-icon-button ng-tns-c14-4" style="border: 2px solid black;">...</button> is not clickable at point (30, 34). Other element would receive the click: <div _ngcontent-jxq-c1="" class="ngx-overlay loading-foreground" style="background-color: rgba(40, 40, 40, 0.8); border-radius: 0px;">...</div>
  (Session info: headless chrome=89.0.4389.90)
Build info: version: '4.0.0-alpha-3', revision: '8c567de6dc'
System info: host: 'LT2394650', ip: '172.23.64.219', os.name: 'Windows 10', os.arch: 'amd64', os.version: '10.0', java.version: '1.8.0_231'
Driver info: org.openqa.selenium.chrome.ChromeDriver
Capabilities {acceptInsecureCerts: true, browserName: chrome, browserVersion: 89.0.4389.90, chrome: {chromedriverVersion: 89.0.4389.23 (61b08ee2c5002..., userDataDir: C:\Users\2394650\AppData\Lo...}, goog:chromeOptions: {debuggerAddress: localhost:52187}, javascriptEnabled: true, networkConnectionEnabled: false, pageLoadStrategy: normal, platform: WINDOWS, platformName: WINDOWS, proxy: Proxy(), setWindowRect: true, strictFileInteractability: false, timeouts: {implicit: 0, pageLoad: 300000, script: 30000}, unhandledPromptBehavior: dismiss and notify, webauthn:extension:largeBlob: true, webauthn:virtualAuthenticators: true}
Session ID: 9bddb60362793b98befcaaba70e29dcd
	at sun.reflect.NativeConstructorAccessorImpl.newInstance0(Native Method)
	at sun.reflect.NativeConstructorAccessorImpl.newInstance(NativeConstructorAccessorImpl.java:62)
	at sun.reflect.DelegatingConstructorAccessorImpl.newInstance(DelegatingConstructorAccessorImpl.java:45)
	at java.lang.reflect.Constructor.newInstance(Constructor.java:423)
	at org.openqa.selenium.remote.codec.w3c.W3CHttpResponseCodec.createException(W3CHttpResponseCodec.java:191)
	at org.openqa.selenium.remote.codec.w3c.W3CHttpResponseCodec.decode(W3CHttpResponseCodec.java:125)
	at org.openqa.selenium.remote.codec.w3c.W3CHttpResponseCodec.decode(W3CHttpResponseCodec.java:52)
	at org.openqa.selenium.remote.HttpCommandExecutor.execute(HttpCommandExecutor.java:161)
	at org.openqa.selenium.remote.service.DriverCommandExecutor.execute(DriverCommandExecutor.java:83)
	at org.openqa.selenium.remote.RemoteWebDriver.execute(RemoteWebDriver.java:576)
	at org.openqa.selenium.remote.RemoteWebElement.execute(RemoteWebElement.java:308)
	at org.openqa.selenium.remote.RemoteWebElement.click(RemoteWebElement.java:83)
	at pages.BasePage.click(BasePage.java:77)
	at pages.SideMenuPOM.clickOnSideMenu(SideMenuPOM.java:44)
	at tests.customerInteractionTest.openCustomerInteraction(customerInteractionTest.java:45)
	at sun.reflect.NativeMethodAccessorImpl.invoke0(Native Method)
	at sun.reflect.NativeMethodAccessorImpl.invoke(NativeMethodAccessorImpl.java:62)
	at sun.reflect.DelegatingMethodAccessorImpl.invoke(DelegatingMethodAccessorImpl.java:43)
	at java.lang.reflect.Method.invoke(Method.java:498)
	at org.testng.internal.MethodInvocationHelper.invokeMethod(MethodInvocationHelper.java:133)
	at org.testng.internal.TestInvoker.invokeMethod(TestInvoker.java:584)
	at org.testng.internal.TestInvoker.invokeTestMethod(TestInvoker.java:172)
	at org.testng.internal.MethodRunner.runInSequence(MethodRunner.java:46)
	at org.testng.internal.TestInvoker$MethodInvocationAgent.invoke(TestInvoker.java:804)
	at org.testng.internal.TestInvoker.invokeTestMethods(TestInvoker.java:145)
	at org.testng.internal.TestMethodWorker.invokeTestMethods(TestMethodWorker.java:146)
	at org.testng.internal.TestMethodWorker.run(TestMethodWorker.java:128)
	at java.util.ArrayList.forEach(ArrayList.java:1257)
	at org.testng.TestRunner.privateRun(TestRunner.java:770)
	at org.testng.TestRunner.run(TestRunner.java:591)
	at org.testng.SuiteRunner.runTest(SuiteRunner.java:402)
	at org.testng.SuiteRunner.runSequentially(SuiteRunner.java:396)
	at org.testng.SuiteRunner.privateRun(SuiteRunner.java:355)
	at org.testng.SuiteRunner.run(SuiteRunner.java:304)
	at org.testng.SuiteRunnerWorker.runSuite(SuiteRunnerWorker.java:53)
	at org.testng.SuiteRunnerWorker.run(SuiteRunnerWorker.java:96)
	at org.testng.TestNG.runSuitesSequentially(TestNG.java:1180)
	at org.testng.TestNG.runSuitesLocally(TestNG.java:1102)
	at org.testng.TestNG.runSuites(TestNG.java:1032)
	at org.testng.TestNG.run(TestNG.java:1000)
	at org.apache.maven.surefire.testng.TestNGExecutor.run(TestNGExecutor.java:283)
	at org.apache.maven.surefire.testng.TestNGXmlTestSuite.execute(TestNGXmlTestSuite.java:75)
	at org.apache.maven.surefire.testng.TestNGProvider.invoke(TestNGProvider.java:120)
	at org.apache.maven.surefire.booter.ForkedBooter.invokeProviderInSameClassLoader(ForkedBooter.java:384)
	at org.apache.maven.surefire.booter.ForkedBooter.runSuitesInProcess(ForkedBooter.java:345)
	at org.apache.maven.surefire.booter.ForkedBooter.execute(ForkedBooter.java:126)
	at org.apache.maven.surefire.booter.ForkedBooter.main(ForkedBooter.java:418)

18:22:43.018 I am in onTestStart method validateDemographicInformation start
]]></system-out>
  </testcase>
  <testcase name="openCustomerInteractionBySIM" classname="tests.customerInteractionTest" time="22.898">
    <failure message="element click intercepted: Element &lt;button _ngcontent-jxq-c14=&quot;&quot; mat-icon-button=&quot;&quot; class=&quot;mat-icon-button ng-tns-c14-4&quot; style=&quot;border: 2px solid black;&quot;&gt;...&lt;/button&gt; is not clickable at point (30, 34). Other element would receive the click: &lt;div class=&quot;cdk-overlay-backdrop cdk-overlay-dark-backdrop cdk-overlay-backdrop-showing&quot;&gt;&lt;/div&gt;&#10;  (Session info: headless chrome=89.0.4389.90)&#10;Build info: version: &apos;4.0.0-alpha-3&apos;, revision: &apos;8c567de6dc&apos;&#10;System info: host: &apos;LT2394650&apos;, ip: &apos;172.23.64.219&apos;, os.name: &apos;Windows 10&apos;, os.arch: &apos;amd64&apos;, os.version: &apos;10.0&apos;, java.version: &apos;1.8.0_231&apos;&#10;Driver info: org.openqa.selenium.chrome.ChromeDriver&#10;Capabilities {acceptInsecureCerts: true, browserName: chrome, browserVersion: 89.0.4389.90, chrome: {chromedriverVersion: 89.0.4389.23 (61b08ee2c5002..., userDataDir: C:\Users\2394650\AppData\Lo...}, goog:chromeOptions: {debuggerAddress: localhost:52187}, javascriptEnabled: true, networkConnectionEnabled: false, pageLoadStrategy: normal, platform: WINDOWS, platformName: WINDOWS, proxy: Proxy(), setWindowRect: true, strictFileInteractability: false, timeouts: {implicit: 0, pageLoad: 300000, script: 30000}, unhandledPromptBehavior: dismiss and notify, webauthn:extension:largeBlob: true, webauthn:virtualAuthenticators: true}&#10;Session ID: 9bddb60362793b98befcaaba70e29dcd" type="org.openqa.selenium.ElementClickInterceptedException"><![CDATA[org.openqa.selenium.ElementClickInterceptedException: 
element click intercepted: Element <button _ngcontent-jxq-c14="" mat-icon-button="" class="mat-icon-button ng-tns-c14-4" style="border: 2px solid black;">...</button> is not clickable at point (30, 34). Other element would receive the click: <div class="cdk-overlay-backdrop cdk-overlay-dark-backdrop cdk-overlay-backdrop-showing"></div>
  (Session info: headless chrome=89.0.4389.90)
Build info: version: '4.0.0-alpha-3', revision: '8c567de6dc'
System info: host: 'LT2394650', ip: '172.23.64.219', os.name: 'Windows 10', os.arch: 'amd64', os.version: '10.0', java.version: '1.8.0_231'
Driver info: org.openqa.selenium.chrome.ChromeDriver
Capabilities {acceptInsecureCerts: true, browserName: chrome, browserVersion: 89.0.4389.90, chrome: {chromedriverVersion: 89.0.4389.23 (61b08ee2c5002..., userDataDir: C:\Users\2394650\AppData\Lo...}, goog:chromeOptions: {debuggerAddress: localhost:52187}, javascriptEnabled: true, networkConnectionEnabled: false, pageLoadStrategy: normal, platform: WINDOWS, platformName: WINDOWS, proxy: Proxy(), setWindowRect: true, strictFileInteractability: false, timeouts: {implicit: 0, pageLoad: 300000, script: 30000}, unhandledPromptBehavior: dismiss and notify, webauthn:extension:largeBlob: true, webauthn:virtualAuthenticators: true}
Session ID: 9bddb60362793b98befcaaba70e29dcd
	at tests.customerInteractionTest.openCustomerInteractionBySIM(customerInteractionTest.java:349)
]]></failure>
    <system-out><![CDATA[I am in on TestSkipped method validateDemographicInformation skipped
18:22:43.224 [main] INFO  Utils.DataProviders.DataProviders(244) - User Type ALL
18:22:43.224 [main] INFO  Utils.DataProviders.DataProviders(247) - User Type ADDED ALL
18:22:43.229 [main] INFO  Utils.DataProviders.DataProviders(244) - User Type BA
18:22:43.229 [main] INFO  Utils.DataProviders.DataProviders(250) - NO USER FOUND
18:22:43.244 [main] INFO  Utils.DataProviders.DataProviders(244) - User Type API
18:22:43.245 [main] INFO  Utils.DataProviders.DataProviders(250) - NO USER FOUND
18:22:43.246 [main] INFO  Utils.DataProviders.DataProviders(244) - User Type NFTR
18:22:43.246 [main] INFO  Utils.DataProviders.DataProviders(250) - NO USER FOUND
18:22:43.248 I am in onTestStart method openCustomerInteractionBySIM start
18:22:43.305 [main] INFO  pages.BasePage(328) - Waiting for loader to be removed
18:22:58.791 [main] INFO  pages.BasePage(328) - Loader Removed
18:22:58.791 [main] INFO  pages.SideMenuPOM(42) - Clicking on Side Menu
18:22:59.993 [main] INFO  pages.BasePage(328) - Waiting for loader to be removed
18:23:05.005 [main] INFO  pages.BasePage(328) - Loader Removed
]]></system-out>
  </testcase>
  <testcase name="validateDemographicInformationBySIMNumber" classname="tests.customerInteractionTest" time="0">
    <skipped message="Method customerInteractionTest.validateDemographicInformationBySIMNumber(Utils.DataProviders.TestDatabean)[pri:4, instance:tests.customerInteractionTest@776a6d9b] depends on not successfully finished methods"/>
    <system-out><![CDATA[18:23:06.146 I am in on TestFailure method openCustomerInteractionBySIM failed
org.openqa.selenium.ElementClickInterceptedException: element click intercepted: Element <button _ngcontent-jxq-c14="" mat-icon-button="" class="mat-icon-button ng-tns-c14-4" style="border: 2px solid black;">...</button> is not clickable at point (30, 34). Other element would receive the click: <div class="cdk-overlay-backdrop cdk-overlay-dark-backdrop cdk-overlay-backdrop-showing"></div>
  (Session info: headless chrome=89.0.4389.90)
Build info: version: '4.0.0-alpha-3', revision: '8c567de6dc'
System info: host: 'LT2394650', ip: '172.23.64.219', os.name: 'Windows 10', os.arch: 'amd64', os.version: '10.0', java.version: '1.8.0_231'
Driver info: org.openqa.selenium.chrome.ChromeDriver
Capabilities {acceptInsecureCerts: true, browserName: chrome, browserVersion: 89.0.4389.90, chrome: {chromedriverVersion: 89.0.4389.23 (61b08ee2c5002..., userDataDir: C:\Users\2394650\AppData\Lo...}, goog:chromeOptions: {debuggerAddress: localhost:52187}, javascriptEnabled: true, networkConnectionEnabled: false, pageLoadStrategy: normal, platform: WINDOWS, platformName: WINDOWS, proxy: Proxy(), setWindowRect: true, strictFileInteractability: false, timeouts: {implicit: 0, pageLoad: 300000, script: 30000}, unhandledPromptBehavior: dismiss and notify, webauthn:extension:largeBlob: true, webauthn:virtualAuthenticators: true}
Session ID: 9bddb60362793b98befcaaba70e29dcd
	at sun.reflect.NativeConstructorAccessorImpl.newInstance0(Native Method)
	at sun.reflect.NativeConstructorAccessorImpl.newInstance(NativeConstructorAccessorImpl.java:62)
	at sun.reflect.DelegatingConstructorAccessorImpl.newInstance(DelegatingConstructorAccessorImpl.java:45)
	at java.lang.reflect.Constructor.newInstance(Constructor.java:423)
	at org.openqa.selenium.remote.codec.w3c.W3CHttpResponseCodec.createException(W3CHttpResponseCodec.java:191)
	at org.openqa.selenium.remote.codec.w3c.W3CHttpResponseCodec.decode(W3CHttpResponseCodec.java:125)
	at org.openqa.selenium.remote.codec.w3c.W3CHttpResponseCodec.decode(W3CHttpResponseCodec.java:52)
	at org.openqa.selenium.remote.HttpCommandExecutor.execute(HttpCommandExecutor.java:161)
	at org.openqa.selenium.remote.service.DriverCommandExecutor.execute(DriverCommandExecutor.java:83)
	at org.openqa.selenium.remote.RemoteWebDriver.execute(RemoteWebDriver.java:576)
	at org.openqa.selenium.remote.RemoteWebElement.execute(RemoteWebElement.java:308)
	at org.openqa.selenium.remote.RemoteWebElement.click(RemoteWebElement.java:83)
	at pages.BasePage.click(BasePage.java:77)
	at pages.SideMenuPOM.clickOnSideMenu(SideMenuPOM.java:44)
	at tests.customerInteractionTest.openCustomerInteractionBySIM(customerInteractionTest.java:349)
	at sun.reflect.NativeMethodAccessorImpl.invoke0(Native Method)
	at sun.reflect.NativeMethodAccessorImpl.invoke(NativeMethodAccessorImpl.java:62)
	at sun.reflect.DelegatingMethodAccessorImpl.invoke(DelegatingMethodAccessorImpl.java:43)
	at java.lang.reflect.Method.invoke(Method.java:498)
	at org.testng.internal.MethodInvocationHelper.invokeMethod(MethodInvocationHelper.java:133)
	at org.testng.internal.TestInvoker.invokeMethod(TestInvoker.java:584)
	at org.testng.internal.TestInvoker.invokeTestMethod(TestInvoker.java:172)
	at org.testng.internal.MethodRunner.runInSequence(MethodRunner.java:46)
	at org.testng.internal.TestInvoker$MethodInvocationAgent.invoke(TestInvoker.java:804)
	at org.testng.internal.TestInvoker.invokeTestMethods(TestInvoker.java:145)
	at org.testng.internal.TestMethodWorker.invokeTestMethods(TestMethodWorker.java:146)
	at org.testng.internal.TestMethodWorker.run(TestMethodWorker.java:128)
	at java.util.ArrayList.forEach(ArrayList.java:1257)
	at org.testng.TestRunner.privateRun(TestRunner.java:770)
	at org.testng.TestRunner.run(TestRunner.java:591)
	at org.testng.SuiteRunner.runTest(SuiteRunner.java:402)
	at org.testng.SuiteRunner.runSequentially(SuiteRunner.java:396)
	at org.testng.SuiteRunner.privateRun(SuiteRunner.java:355)
	at org.testng.SuiteRunner.run(SuiteRunner.java:304)
	at org.testng.SuiteRunnerWorker.runSuite(SuiteRunnerWorker.java:53)
	at org.testng.SuiteRunnerWorker.run(SuiteRunnerWorker.java:96)
	at org.testng.TestNG.runSuitesSequentially(TestNG.java:1180)
	at org.testng.TestNG.runSuitesLocally(TestNG.java:1102)
	at org.testng.TestNG.runSuites(TestNG.java:1032)
	at org.testng.TestNG.run(TestNG.java:1000)
	at org.apache.maven.surefire.testng.TestNGExecutor.run(TestNGExecutor.java:283)
	at org.apache.maven.surefire.testng.TestNGXmlTestSuite.execute(TestNGXmlTestSuite.java:75)
	at org.apache.maven.surefire.testng.TestNGProvider.invoke(TestNGProvider.java:120)
	at org.apache.maven.surefire.booter.ForkedBooter.invokeProviderInSameClassLoader(ForkedBooter.java:384)
	at org.apache.maven.surefire.booter.ForkedBooter.runSuitesInProcess(ForkedBooter.java:345)
	at org.apache.maven.surefire.booter.ForkedBooter.execute(ForkedBooter.java:126)
	at org.apache.maven.surefire.booter.ForkedBooter.main(ForkedBooter.java:418)

18:23:06.731 I am in onTestStart method validateDemographicInformationBySIMNumber start
]]></system-out>
  </testcase>
  <testcase name="invalidMSISDNTest" classname="tests.customerInteractionTest" time="0">
    <skipped message="Method customerInteractionTest.invalidMSISDNTest()[pri:5, instance:tests.customerInteractionTest@776a6d9b] depends on not successfully finished methods"/>
    <system-out><![CDATA[I am in on TestSkipped method validateDemographicInformationBySIMNumber skipped
18:23:06.731 I am in onTestStart method invalidMSISDNTest start
]]></system-out>
  </testcase>
  <testcase name="openCustomerInteractionAPI" classname="tests.customerInteractionTest" time="12.511">
    <failure message="element click intercepted: Element &lt;button _ngcontent-jxq-c14=&quot;&quot; mat-icon-button=&quot;&quot; class=&quot;mat-icon-button ng-tns-c14-4&quot; style=&quot;border: 2px solid black;&quot;&gt;...&lt;/button&gt; is not clickable at point (30, 34). Other element would receive the click: &lt;div class=&quot;cdk-overlay-backdrop cdk-overlay-dark-backdrop cdk-overlay-backdrop-showing&quot;&gt;&lt;/div&gt;&#10;  (Session info: headless chrome=89.0.4389.90)&#10;Build info: version: &apos;4.0.0-alpha-3&apos;, revision: &apos;8c567de6dc&apos;&#10;System info: host: &apos;LT2394650&apos;, ip: &apos;172.23.64.219&apos;, os.name: &apos;Windows 10&apos;, os.arch: &apos;amd64&apos;, os.version: &apos;10.0&apos;, java.version: &apos;1.8.0_231&apos;&#10;Driver info: org.openqa.selenium.chrome.ChromeDriver&#10;Capabilities {acceptInsecureCerts: true, browserName: chrome, browserVersion: 89.0.4389.90, chrome: {chromedriverVersion: 89.0.4389.23 (61b08ee2c5002..., userDataDir: C:\Users\2394650\AppData\Lo...}, goog:chromeOptions: {debuggerAddress: localhost:52187}, javascriptEnabled: true, networkConnectionEnabled: false, pageLoadStrategy: normal, platform: WINDOWS, platformName: WINDOWS, proxy: Proxy(), setWindowRect: true, strictFileInteractability: false, timeouts: {implicit: 0, pageLoad: 300000, script: 30000}, unhandledPromptBehavior: dismiss and notify, webauthn:extension:largeBlob: true, webauthn:virtualAuthenticators: true}&#10;Session ID: 9bddb60362793b98befcaaba70e29dcd" type="org.openqa.selenium.ElementClickInterceptedException"><![CDATA[org.openqa.selenium.ElementClickInterceptedException: 
element click intercepted: Element <button _ngcontent-jxq-c14="" mat-icon-button="" class="mat-icon-button ng-tns-c14-4" style="border: 2px solid black;">...</button> is not clickable at point (30, 34). Other element would receive the click: <div class="cdk-overlay-backdrop cdk-overlay-dark-backdrop cdk-overlay-backdrop-showing"></div>
  (Session info: headless chrome=89.0.4389.90)
Build info: version: '4.0.0-alpha-3', revision: '8c567de6dc'
System info: host: 'LT2394650', ip: '172.23.64.219', os.name: 'Windows 10', os.arch: 'amd64', os.version: '10.0', java.version: '1.8.0_231'
Driver info: org.openqa.selenium.chrome.ChromeDriver
Capabilities {acceptInsecureCerts: true, browserName: chrome, browserVersion: 89.0.4389.90, chrome: {chromedriverVersion: 89.0.4389.23 (61b08ee2c5002..., userDataDir: C:\Users\2394650\AppData\Lo...}, goog:chromeOptions: {debuggerAddress: localhost:52187}, javascriptEnabled: true, networkConnectionEnabled: false, pageLoadStrategy: normal, platform: WINDOWS, platformName: WINDOWS, proxy: Proxy(), setWindowRect: true, strictFileInteractability: false, timeouts: {implicit: 0, pageLoad: 300000, script: 30000}, unhandledPromptBehavior: dismiss and notify, webauthn:extension:largeBlob: true, webauthn:virtualAuthenticators: true}
Session ID: 9bddb60362793b98befcaaba70e29dcd
	at tests.customerInteractionTest.openCustomerInteractionAPI(customerInteractionTest.java:647)
]]></failure>
    <system-out><![CDATA[I am in on TestSkipped method invalidMSISDNTest skipped
18:23:06.888 [main] INFO  Utils.DataProviders.DataProviders(244) - User Type ALL
18:23:06.888 [main] INFO  Utils.DataProviders.DataProviders(250) - NO USER FOUND
18:23:06.888 [main] INFO  Utils.DataProviders.DataProviders(244) - User Type BA
18:23:06.888 [main] INFO  Utils.DataProviders.DataProviders(250) - NO USER FOUND
18:23:06.888 [main] INFO  Utils.DataProviders.DataProviders(244) - User Type API
18:23:06.888 [main] INFO  Utils.DataProviders.DataProviders(247) - User Type ADDED API
18:23:06.888 [main] INFO  Utils.DataProviders.DataProviders(244) - User Type NFTR
18:23:06.888 [main] INFO  Utils.DataProviders.DataProviders(250) - NO USER FOUND
18:23:06.888 I am in onTestStart method openCustomerInteractionAPI start
18:23:06.989 [main] INFO  pages.BasePage(328) - Waiting for loader to be removed
18:23:12.035 [main] INFO  pages.BasePage(328) - Loader Removed
18:23:12.035 [main] INFO  pages.SideMenuPOM(42) - Clicking on Side Menu
18:23:13.235 [main] INFO  pages.BasePage(328) - Waiting for loader to be removed
18:23:18.285 [main] INFO  pages.BasePage(328) - Loader Removed
]]></system-out>
  </testcase>
  <testcase name="airtelMoneyTransactionWidgetTest" classname="tests.customerInteractionTest" time="0">
    <skipped message="Method customerInteractionTest.airtelMoneyTransactionWidgetTest(Utils.DataProviders.HeaderDataBean)[pri:7, instance:tests.customerInteractionTest@776a6d9b] depends on not successfully finished methods"/>
    <system-out><![CDATA[18:23:19.406 I am in on TestFailure method openCustomerInteractionAPI failed
org.openqa.selenium.ElementClickInterceptedException: element click intercepted: Element <button _ngcontent-jxq-c14="" mat-icon-button="" class="mat-icon-button ng-tns-c14-4" style="border: 2px solid black;">...</button> is not clickable at point (30, 34). Other element would receive the click: <div class="cdk-overlay-backdrop cdk-overlay-dark-backdrop cdk-overlay-backdrop-showing"></div>
  (Session info: headless chrome=89.0.4389.90)
Build info: version: '4.0.0-alpha-3', revision: '8c567de6dc'
System info: host: 'LT2394650', ip: '172.23.64.219', os.name: 'Windows 10', os.arch: 'amd64', os.version: '10.0', java.version: '1.8.0_231'
Driver info: org.openqa.selenium.chrome.ChromeDriver
Capabilities {acceptInsecureCerts: true, browserName: chrome, browserVersion: 89.0.4389.90, chrome: {chromedriverVersion: 89.0.4389.23 (61b08ee2c5002..., userDataDir: C:\Users\2394650\AppData\Lo...}, goog:chromeOptions: {debuggerAddress: localhost:52187}, javascriptEnabled: true, networkConnectionEnabled: false, pageLoadStrategy: normal, platform: WINDOWS, platformName: WINDOWS, proxy: Proxy(), setWindowRect: true, strictFileInteractability: false, timeouts: {implicit: 0, pageLoad: 300000, script: 30000}, unhandledPromptBehavior: dismiss and notify, webauthn:extension:largeBlob: true, webauthn:virtualAuthenticators: true}
Session ID: 9bddb60362793b98befcaaba70e29dcd
	at sun.reflect.NativeConstructorAccessorImpl.newInstance0(Native Method)
	at sun.reflect.NativeConstructorAccessorImpl.newInstance(NativeConstructorAccessorImpl.java:62)
	at sun.reflect.DelegatingConstructorAccessorImpl.newInstance(DelegatingConstructorAccessorImpl.java:45)
	at java.lang.reflect.Constructor.newInstance(Constructor.java:423)
	at org.openqa.selenium.remote.codec.w3c.W3CHttpResponseCodec.createException(W3CHttpResponseCodec.java:191)
	at org.openqa.selenium.remote.codec.w3c.W3CHttpResponseCodec.decode(W3CHttpResponseCodec.java:125)
	at org.openqa.selenium.remote.codec.w3c.W3CHttpResponseCodec.decode(W3CHttpResponseCodec.java:52)
	at org.openqa.selenium.remote.HttpCommandExecutor.execute(HttpCommandExecutor.java:161)
	at org.openqa.selenium.remote.service.DriverCommandExecutor.execute(DriverCommandExecutor.java:83)
	at org.openqa.selenium.remote.RemoteWebDriver.execute(RemoteWebDriver.java:576)
	at org.openqa.selenium.remote.RemoteWebElement.execute(RemoteWebElement.java:308)
	at org.openqa.selenium.remote.RemoteWebElement.click(RemoteWebElement.java:83)
	at pages.BasePage.click(BasePage.java:77)
	at pages.SideMenuPOM.clickOnSideMenu(SideMenuPOM.java:44)
	at tests.customerInteractionTest.openCustomerInteractionAPI(customerInteractionTest.java:647)
	at sun.reflect.NativeMethodAccessorImpl.invoke0(Native Method)
	at sun.reflect.NativeMethodAccessorImpl.invoke(NativeMethodAccessorImpl.java:62)
	at sun.reflect.DelegatingMethodAccessorImpl.invoke(DelegatingMethodAccessorImpl.java:43)
	at java.lang.reflect.Method.invoke(Method.java:498)
	at org.testng.internal.MethodInvocationHelper.invokeMethod(MethodInvocationHelper.java:133)
	at org.testng.internal.TestInvoker.invokeMethod(TestInvoker.java:584)
	at org.testng.internal.TestInvoker.invokeTestMethod(TestInvoker.java:172)
	at org.testng.internal.MethodRunner.runInSequence(MethodRunner.java:46)
	at org.testng.internal.TestInvoker$MethodInvocationAgent.invoke(TestInvoker.java:804)
	at org.testng.internal.TestInvoker.invokeTestMethods(TestInvoker.java:145)
	at org.testng.internal.TestMethodWorker.invokeTestMethods(TestMethodWorker.java:146)
	at org.testng.internal.TestMethodWorker.run(TestMethodWorker.java:128)
	at java.util.ArrayList.forEach(ArrayList.java:1257)
	at org.testng.TestRunner.privateRun(TestRunner.java:770)
	at org.testng.TestRunner.run(TestRunner.java:591)
	at org.testng.SuiteRunner.runTest(SuiteRunner.java:402)
	at org.testng.SuiteRunner.runSequentially(SuiteRunner.java:396)
	at org.testng.SuiteRunner.privateRun(SuiteRunner.java:355)
	at org.testng.SuiteRunner.run(SuiteRunner.java:304)
	at org.testng.SuiteRunnerWorker.runSuite(SuiteRunnerWorker.java:53)
	at org.testng.SuiteRunnerWorker.run(SuiteRunnerWorker.java:96)
	at org.testng.TestNG.runSuitesSequentially(TestNG.java:1180)
	at org.testng.TestNG.runSuitesLocally(TestNG.java:1102)
	at org.testng.TestNG.runSuites(TestNG.java:1032)
	at org.testng.TestNG.run(TestNG.java:1000)
	at org.apache.maven.surefire.testng.TestNGExecutor.run(TestNGExecutor.java:283)
	at org.apache.maven.surefire.testng.TestNGXmlTestSuite.execute(TestNGXmlTestSuite.java:75)
	at org.apache.maven.surefire.testng.TestNGProvider.invoke(TestNGProvider.java:120)
	at org.apache.maven.surefire.booter.ForkedBooter.invokeProviderInSameClassLoader(ForkedBooter.java:384)
	at org.apache.maven.surefire.booter.ForkedBooter.runSuitesInProcess(ForkedBooter.java:345)
	at org.apache.maven.surefire.booter.ForkedBooter.execute(ForkedBooter.java:126)
	at org.apache.maven.surefire.booter.ForkedBooter.main(ForkedBooter.java:418)

18:23:19.984 I am in onTestStart method airtelMoneyTransactionWidgetTest start
]]></system-out>
  </testcase>
  <testcase name="yourCurrentBalanceWidgetTest" classname="tests.customerInteractionTest" time="3.919"/>
  <testcase name="usageHistoryWidgetTest" classname="tests.customerInteractionTest" time="0">
    <skipped message="Method customerInteractionTest.usageHistoryWidgetTest(Utils.DataProviders.HeaderDataBean)[pri:9, instance:tests.customerInteractionTest@776a6d9b] depends on not successfully finished methods"/>
    <system-out><![CDATA[18:23:23.945 I am in on TestSuccess method yourCurrentBalanceWidgetTest succeed
18:23:23.945 I am in onTestStart method usageHistoryWidgetTest start
]]></system-out>
  </testcase>
  <testcase name="rechargeHistoryWidgetTest" classname="tests.customerInteractionTest" time="0">
    <skipped message="Method customerInteractionTest.rechargeHistoryWidgetTest(Utils.DataProviders.HeaderDataBean)[pri:10, instance:tests.customerInteractionTest@776a6d9b] depends on not successfully finished methods"/>
    <system-out><![CDATA[I am in on TestSkipped method usageHistoryWidgetTest skipped
18:23:23.945 I am in onTestStart method rechargeHistoryWidgetTest start
]]></system-out>
  </testcase>
  <testcase name="validateServiceProfileWidget" classname="tests.customerInteractionTest" time="0">
    <skipped message="Method customerInteractionTest.validateServiceProfileWidget(Utils.DataProviders.HeaderDataBean)[pri:11, instance:tests.customerInteractionTest@776a6d9b] depends on not successfully finished methods"/>
    <system-out><![CDATA[I am in on TestSkipped method rechargeHistoryWidgetTest skipped
18:23:23.945 I am in onTestStart method validateServiceProfileWidget start
]]></system-out>
  </testcase>
  <testcase name="openCustomerInteractionAPI" classname="tests.widgetsOptionsTest" time="12.565">
    <failure message="element click intercepted: Element &lt;button _ngcontent-jxq-c14=&quot;&quot; mat-icon-button=&quot;&quot; class=&quot;mat-icon-button ng-tns-c14-4&quot; style=&quot;border: 2px solid black;&quot;&gt;...&lt;/button&gt; is not clickable at point (30, 34). Other element would receive the click: &lt;div class=&quot;cdk-overlay-backdrop cdk-overlay-dark-backdrop cdk-overlay-backdrop-showing&quot;&gt;&lt;/div&gt;&#10;  (Session info: headless chrome=89.0.4389.90)&#10;Build info: version: &apos;4.0.0-alpha-3&apos;, revision: &apos;8c567de6dc&apos;&#10;System info: host: &apos;LT2394650&apos;, ip: &apos;172.23.64.219&apos;, os.name: &apos;Windows 10&apos;, os.arch: &apos;amd64&apos;, os.version: &apos;10.0&apos;, java.version: &apos;1.8.0_231&apos;&#10;Driver info: org.openqa.selenium.chrome.ChromeDriver&#10;Capabilities {acceptInsecureCerts: true, browserName: chrome, browserVersion: 89.0.4389.90, chrome: {chromedriverVersion: 89.0.4389.23 (61b08ee2c5002..., userDataDir: C:\Users\2394650\AppData\Lo...}, goog:chromeOptions: {debuggerAddress: localhost:52187}, javascriptEnabled: true, networkConnectionEnabled: false, pageLoadStrategy: normal, platform: WINDOWS, platformName: WINDOWS, proxy: Proxy(), setWindowRect: true, strictFileInteractability: false, timeouts: {implicit: 0, pageLoad: 300000, script: 30000}, unhandledPromptBehavior: dismiss and notify, webauthn:extension:largeBlob: true, webauthn:virtualAuthenticators: true}&#10;Session ID: 9bddb60362793b98befcaaba70e29dcd" type="org.openqa.selenium.ElementClickInterceptedException"><![CDATA[org.openqa.selenium.ElementClickInterceptedException: 
element click intercepted: Element <button _ngcontent-jxq-c14="" mat-icon-button="" class="mat-icon-button ng-tns-c14-4" style="border: 2px solid black;">...</button> is not clickable at point (30, 34). Other element would receive the click: <div class="cdk-overlay-backdrop cdk-overlay-dark-backdrop cdk-overlay-backdrop-showing"></div>
  (Session info: headless chrome=89.0.4389.90)
Build info: version: '4.0.0-alpha-3', revision: '8c567de6dc'
System info: host: 'LT2394650', ip: '172.23.64.219', os.name: 'Windows 10', os.arch: 'amd64', os.version: '10.0', java.version: '1.8.0_231'
Driver info: org.openqa.selenium.chrome.ChromeDriver
Capabilities {acceptInsecureCerts: true, browserName: chrome, browserVersion: 89.0.4389.90, chrome: {chromedriverVersion: 89.0.4389.23 (61b08ee2c5002..., userDataDir: C:\Users\2394650\AppData\Lo...}, goog:chromeOptions: {debuggerAddress: localhost:52187}, javascriptEnabled: true, networkConnectionEnabled: false, pageLoadStrategy: normal, platform: WINDOWS, platformName: WINDOWS, proxy: Proxy(), setWindowRect: true, strictFileInteractability: false, timeouts: {implicit: 0, pageLoad: 300000, script: 30000}, unhandledPromptBehavior: dismiss and notify, webauthn:extension:largeBlob: true, webauthn:virtualAuthenticators: true}
Session ID: 9bddb60362793b98befcaaba70e29dcd
	at tests.widgetsOptionsTest.openCustomerInteractionAPI(widgetsOptionsTest.java:33)
]]></failure>
    <system-out><![CDATA[I am in on TestSkipped method validateServiceProfileWidget skipped
18:23:24.094 [main] INFO  Utils.DataProviders.DataProviders(244) - User Type ALL
18:23:24.094 [main] INFO  Utils.DataProviders.DataProviders(250) - NO USER FOUND
18:23:24.096 [main] INFO  Utils.DataProviders.DataProviders(244) - User Type BA
18:23:24.096 [main] INFO  Utils.DataProviders.DataProviders(250) - NO USER FOUND
18:23:24.096 [main] INFO  Utils.DataProviders.DataProviders(244) - User Type API
18:23:24.096 [main] INFO  Utils.DataProviders.DataProviders(247) - User Type ADDED API
18:23:24.096 [main] INFO  Utils.DataProviders.DataProviders(244) - User Type NFTR
18:23:24.096 [main] INFO  Utils.DataProviders.DataProviders(250) - NO USER FOUND
18:23:24.096 I am in onTestStart method openCustomerInteractionAPI start
18:23:24.203 [main] INFO  pages.BasePage(328) - Waiting for loader to be removed
18:23:29.241 [main] INFO  pages.BasePage(328) - Loader Removed
18:23:29.241 [main] INFO  pages.SideMenuPOM(42) - Clicking on Side Menu
18:23:30.460 [main] INFO  pages.BasePage(328) - Waiting for loader to be removed
18:23:35.520 [main] INFO  pages.BasePage(328) - Loader Removed
]]></system-out>
  </testcase>
  <testcase name="daDetailsTest" classname="tests.widgetsOptionsTest" time="0">
    <skipped message="Method widgetsOptionsTest.daDetailsTest(Utils.DataProviders.HeaderDataBean)[pri:1, instance:tests.widgetsOptionsTest@21d03963] depends on not successfully finished methods"/>
    <system-out><![CDATA[18:23:36.655 I am in on TestFailure method openCustomerInteractionAPI failed
org.openqa.selenium.ElementClickInterceptedException: element click intercepted: Element <button _ngcontent-jxq-c14="" mat-icon-button="" class="mat-icon-button ng-tns-c14-4" style="border: 2px solid black;">...</button> is not clickable at point (30, 34). Other element would receive the click: <div class="cdk-overlay-backdrop cdk-overlay-dark-backdrop cdk-overlay-backdrop-showing"></div>
  (Session info: headless chrome=89.0.4389.90)
Build info: version: '4.0.0-alpha-3', revision: '8c567de6dc'
System info: host: 'LT2394650', ip: '172.23.64.219', os.name: 'Windows 10', os.arch: 'amd64', os.version: '10.0', java.version: '1.8.0_231'
Driver info: org.openqa.selenium.chrome.ChromeDriver
Capabilities {acceptInsecureCerts: true, browserName: chrome, browserVersion: 89.0.4389.90, chrome: {chromedriverVersion: 89.0.4389.23 (61b08ee2c5002..., userDataDir: C:\Users\2394650\AppData\Lo...}, goog:chromeOptions: {debuggerAddress: localhost:52187}, javascriptEnabled: true, networkConnectionEnabled: false, pageLoadStrategy: normal, platform: WINDOWS, platformName: WINDOWS, proxy: Proxy(), setWindowRect: true, strictFileInteractability: false, timeouts: {implicit: 0, pageLoad: 300000, script: 30000}, unhandledPromptBehavior: dismiss and notify, webauthn:extension:largeBlob: true, webauthn:virtualAuthenticators: true}
Session ID: 9bddb60362793b98befcaaba70e29dcd
	at sun.reflect.NativeConstructorAccessorImpl.newInstance0(Native Method)
	at sun.reflect.NativeConstructorAccessorImpl.newInstance(NativeConstructorAccessorImpl.java:62)
	at sun.reflect.DelegatingConstructorAccessorImpl.newInstance(DelegatingConstructorAccessorImpl.java:45)
	at java.lang.reflect.Constructor.newInstance(Constructor.java:423)
	at org.openqa.selenium.remote.codec.w3c.W3CHttpResponseCodec.createException(W3CHttpResponseCodec.java:191)
	at org.openqa.selenium.remote.codec.w3c.W3CHttpResponseCodec.decode(W3CHttpResponseCodec.java:125)
	at org.openqa.selenium.remote.codec.w3c.W3CHttpResponseCodec.decode(W3CHttpResponseCodec.java:52)
	at org.openqa.selenium.remote.HttpCommandExecutor.execute(HttpCommandExecutor.java:161)
	at org.openqa.selenium.remote.service.DriverCommandExecutor.execute(DriverCommandExecutor.java:83)
	at org.openqa.selenium.remote.RemoteWebDriver.execute(RemoteWebDriver.java:576)
	at org.openqa.selenium.remote.RemoteWebElement.execute(RemoteWebElement.java:308)
	at org.openqa.selenium.remote.RemoteWebElement.click(RemoteWebElement.java:83)
	at pages.BasePage.click(BasePage.java:77)
	at pages.SideMenuPOM.clickOnSideMenu(SideMenuPOM.java:44)
	at tests.widgetsOptionsTest.openCustomerInteractionAPI(widgetsOptionsTest.java:33)
	at sun.reflect.NativeMethodAccessorImpl.invoke0(Native Method)
	at sun.reflect.NativeMethodAccessorImpl.invoke(NativeMethodAccessorImpl.java:62)
	at sun.reflect.DelegatingMethodAccessorImpl.invoke(DelegatingMethodAccessorImpl.java:43)
	at java.lang.reflect.Method.invoke(Method.java:498)
	at org.testng.internal.MethodInvocationHelper.invokeMethod(MethodInvocationHelper.java:133)
	at org.testng.internal.TestInvoker.invokeMethod(TestInvoker.java:584)
	at org.testng.internal.TestInvoker.invokeTestMethod(TestInvoker.java:172)
	at org.testng.internal.MethodRunner.runInSequence(MethodRunner.java:46)
	at org.testng.internal.TestInvoker$MethodInvocationAgent.invoke(TestInvoker.java:804)
	at org.testng.internal.TestInvoker.invokeTestMethods(TestInvoker.java:145)
	at org.testng.internal.TestMethodWorker.invokeTestMethods(TestMethodWorker.java:146)
	at org.testng.internal.TestMethodWorker.run(TestMethodWorker.java:128)
	at java.util.ArrayList.forEach(ArrayList.java:1257)
	at org.testng.TestRunner.privateRun(TestRunner.java:770)
	at org.testng.TestRunner.run(TestRunner.java:591)
	at org.testng.SuiteRunner.runTest(SuiteRunner.java:402)
	at org.testng.SuiteRunner.runSequentially(SuiteRunner.java:396)
	at org.testng.SuiteRunner.privateRun(SuiteRunner.java:355)
	at org.testng.SuiteRunner.run(SuiteRunner.java:304)
	at org.testng.SuiteRunnerWorker.runSuite(SuiteRunnerWorker.java:53)
	at org.testng.SuiteRunnerWorker.run(SuiteRunnerWorker.java:96)
	at org.testng.TestNG.runSuitesSequentially(TestNG.java:1180)
	at org.testng.TestNG.runSuitesLocally(TestNG.java:1102)
	at org.testng.TestNG.runSuites(TestNG.java:1032)
	at org.testng.TestNG.run(TestNG.java:1000)
	at org.apache.maven.surefire.testng.TestNGExecutor.run(TestNGExecutor.java:283)
	at org.apache.maven.surefire.testng.TestNGXmlTestSuite.execute(TestNGXmlTestSuite.java:75)
	at org.apache.maven.surefire.testng.TestNGProvider.invoke(TestNGProvider.java:120)
	at org.apache.maven.surefire.booter.ForkedBooter.invokeProviderInSameClassLoader(ForkedBooter.java:384)
	at org.apache.maven.surefire.booter.ForkedBooter.runSuitesInProcess(ForkedBooter.java:345)
	at org.apache.maven.surefire.booter.ForkedBooter.execute(ForkedBooter.java:126)
	at org.apache.maven.surefire.booter.ForkedBooter.main(ForkedBooter.java:418)

18:23:37.241 I am in onTestStart method daDetailsTest start
]]></system-out>
  </testcase>
  <testcase name="accumulatorDetailsTest" classname="tests.widgetsOptionsTest" time="0">
    <skipped message="Method widgetsOptionsTest.accumulatorDetailsTest(Utils.DataProviders.HeaderDataBean)[pri:2, instance:tests.widgetsOptionsTest@21d03963] depends on not successfully finished methods"/>
    <system-out><![CDATA[I am in on TestSkipped method daDetailsTest skipped
18:23:37.248 I am in onTestStart method accumulatorDetailsTest start
]]></system-out>
  </testcase>
  <testcase name="rechargeHistoryMenuTest" classname="tests.widgetsOptionsTest" time="0">
    <skipped message="Method widgetsOptionsTest.rechargeHistoryMenuTest(Utils.DataProviders.HeaderDataBean)[pri:5, instance:tests.widgetsOptionsTest@21d03963] depends on not successfully finished methods"/>
    <system-out><![CDATA[I am in on TestSkipped method accumulatorDetailsTest skipped
18:23:37.248 I am in onTestStart method rechargeHistoryMenuTest start
]]></system-out>
  </testcase>
  <testcase name="usageHistoryMenuTest" classname="tests.widgetsOptionsTest" time="0">
    <skipped message="Method widgetsOptionsTest.usageHistoryMenuTest(Utils.DataProviders.HeaderDataBean)[pri:6, instance:tests.widgetsOptionsTest@21d03963] depends on not successfully finished methods"/>
    <system-out><![CDATA[I am in on TestSkipped method rechargeHistoryMenuTest skipped
18:23:37.248 I am in onTestStart method usageHistoryMenuTest start
]]></system-out>
  </testcase>
  <testcase name="openCustomerInteraction" classname="tests.CRBTWidgetTest" time="12.433">
    <failure message="element click intercepted: Element &lt;button _ngcontent-jxq-c14=&quot;&quot; mat-icon-button=&quot;&quot; class=&quot;mat-icon-button ng-tns-c14-4&quot; style=&quot;border: 2px solid black;&quot;&gt;...&lt;/button&gt; is not clickable at point (30, 34). Other element would receive the click: &lt;div class=&quot;cdk-overlay-backdrop cdk-overlay-dark-backdrop cdk-overlay-backdrop-showing&quot;&gt;&lt;/div&gt;&#10;  (Session info: headless chrome=89.0.4389.90)&#10;Build info: version: &apos;4.0.0-alpha-3&apos;, revision: &apos;8c567de6dc&apos;&#10;System info: host: &apos;LT2394650&apos;, ip: &apos;172.23.64.219&apos;, os.name: &apos;Windows 10&apos;, os.arch: &apos;amd64&apos;, os.version: &apos;10.0&apos;, java.version: &apos;1.8.0_231&apos;&#10;Driver info: org.openqa.selenium.chrome.ChromeDriver&#10;Capabilities {acceptInsecureCerts: true, browserName: chrome, browserVersion: 89.0.4389.90, chrome: {chromedriverVersion: 89.0.4389.23 (61b08ee2c5002..., userDataDir: C:\Users\2394650\AppData\Lo...}, goog:chromeOptions: {debuggerAddress: localhost:52187}, javascriptEnabled: true, networkConnectionEnabled: false, pageLoadStrategy: normal, platform: WINDOWS, platformName: WINDOWS, proxy: Proxy(), setWindowRect: true, strictFileInteractability: false, timeouts: {implicit: 0, pageLoad: 300000, script: 30000}, unhandledPromptBehavior: dismiss and notify, webauthn:extension:largeBlob: true, webauthn:virtualAuthenticators: true}&#10;Session ID: 9bddb60362793b98befcaaba70e29dcd" type="org.openqa.selenium.ElementClickInterceptedException"><![CDATA[org.openqa.selenium.ElementClickInterceptedException: 
element click intercepted: Element <button _ngcontent-jxq-c14="" mat-icon-button="" class="mat-icon-button ng-tns-c14-4" style="border: 2px solid black;">...</button> is not clickable at point (30, 34). Other element would receive the click: <div class="cdk-overlay-backdrop cdk-overlay-dark-backdrop cdk-overlay-backdrop-showing"></div>
  (Session info: headless chrome=89.0.4389.90)
Build info: version: '4.0.0-alpha-3', revision: '8c567de6dc'
System info: host: 'LT2394650', ip: '172.23.64.219', os.name: 'Windows 10', os.arch: 'amd64', os.version: '10.0', java.version: '1.8.0_231'
Driver info: org.openqa.selenium.chrome.ChromeDriver
Capabilities {acceptInsecureCerts: true, browserName: chrome, browserVersion: 89.0.4389.90, chrome: {chromedriverVersion: 89.0.4389.23 (61b08ee2c5002..., userDataDir: C:\Users\2394650\AppData\Lo...}, goog:chromeOptions: {debuggerAddress: localhost:52187}, javascriptEnabled: true, networkConnectionEnabled: false, pageLoadStrategy: normal, platform: WINDOWS, platformName: WINDOWS, proxy: Proxy(), setWindowRect: true, strictFileInteractability: false, timeouts: {implicit: 0, pageLoad: 300000, script: 30000}, unhandledPromptBehavior: dismiss and notify, webauthn:extension:largeBlob: true, webauthn:virtualAuthenticators: true}
Session ID: 9bddb60362793b98befcaaba70e29dcd
	at tests.CRBTWidgetTest.openCustomerInteraction(CRBTWidgetTest.java:31)
]]></failure>
    <system-out><![CDATA[I am in on TestSkipped method usageHistoryMenuTest skipped
I am in onFinish method Customer Interactions TEST
I am in onStart method CRBT Widget Test
18:23:38.138 [main] INFO  Utils.DataProviders.DataProviders(244) - User Type ALL
18:23:38.138 [main] INFO  Utils.DataProviders.DataProviders(250) - NO USER FOUND
18:23:38.138 [main] INFO  Utils.DataProviders.DataProviders(244) - User Type BA
18:23:38.140 [main] INFO  Utils.DataProviders.DataProviders(250) - NO USER FOUND
18:23:38.140 [main] INFO  Utils.DataProviders.DataProviders(244) - User Type API
18:23:38.140 [main] INFO  Utils.DataProviders.DataProviders(250) - NO USER FOUND
18:23:38.140 [main] INFO  Utils.DataProviders.DataProviders(244) - User Type NFTR
18:23:38.140 [main] INFO  Utils.DataProviders.DataProviders(247) - User Type ADDED NFTR
18:23:38.140 I am in onTestStart method openCustomerInteraction start
18:23:38.225 [main] INFO  pages.BasePage(328) - Waiting for loader to be removed
18:23:43.258 [main] INFO  pages.BasePage(328) - Loader Removed
18:23:43.258 [main] INFO  pages.SideMenuPOM(42) - Clicking on Side Menu
18:23:44.455 [main] INFO  pages.BasePage(328) - Waiting for loader to be removed
18:23:49.469 [main] INFO  pages.BasePage(328) - Loader Removed
]]></system-out>
  </testcase>
  <testcase name="validateMyTuneTab" classname="tests.CRBTWidgetTest" time="43.525">
    <failure message="CRBT Widget Does not display did not expect to find [true] but found [false]" type="java.lang.AssertionError">java.lang.AssertionError: CRBT Widget Does not display did not expect to find [true] but found [false]
	at tests.CRBTWidgetTest.validateMyTuneTab(CRBTWidgetTest.java:47)
</failure>
    <system-out><![CDATA[18:23:50.573 I am in on TestFailure method openCustomerInteraction failed
org.openqa.selenium.ElementClickInterceptedException: element click intercepted: Element <button _ngcontent-jxq-c14="" mat-icon-button="" class="mat-icon-button ng-tns-c14-4" style="border: 2px solid black;">...</button> is not clickable at point (30, 34). Other element would receive the click: <div class="cdk-overlay-backdrop cdk-overlay-dark-backdrop cdk-overlay-backdrop-showing"></div>
  (Session info: headless chrome=89.0.4389.90)
Build info: version: '4.0.0-alpha-3', revision: '8c567de6dc'
System info: host: 'LT2394650', ip: '172.23.64.219', os.name: 'Windows 10', os.arch: 'amd64', os.version: '10.0', java.version: '1.8.0_231'
Driver info: org.openqa.selenium.chrome.ChromeDriver
Capabilities {acceptInsecureCerts: true, browserName: chrome, browserVersion: 89.0.4389.90, chrome: {chromedriverVersion: 89.0.4389.23 (61b08ee2c5002..., userDataDir: C:\Users\2394650\AppData\Lo...}, goog:chromeOptions: {debuggerAddress: localhost:52187}, javascriptEnabled: true, networkConnectionEnabled: false, pageLoadStrategy: normal, platform: WINDOWS, platformName: WINDOWS, proxy: Proxy(), setWindowRect: true, strictFileInteractability: false, timeouts: {implicit: 0, pageLoad: 300000, script: 30000}, unhandledPromptBehavior: dismiss and notify, webauthn:extension:largeBlob: true, webauthn:virtualAuthenticators: true}
Session ID: 9bddb60362793b98befcaaba70e29dcd
	at sun.reflect.NativeConstructorAccessorImpl.newInstance0(Native Method)
	at sun.reflect.NativeConstructorAccessorImpl.newInstance(NativeConstructorAccessorImpl.java:62)
	at sun.reflect.DelegatingConstructorAccessorImpl.newInstance(DelegatingConstructorAccessorImpl.java:45)
	at java.lang.reflect.Constructor.newInstance(Constructor.java:423)
	at org.openqa.selenium.remote.codec.w3c.W3CHttpResponseCodec.createException(W3CHttpResponseCodec.java:191)
	at org.openqa.selenium.remote.codec.w3c.W3CHttpResponseCodec.decode(W3CHttpResponseCodec.java:125)
	at org.openqa.selenium.remote.codec.w3c.W3CHttpResponseCodec.decode(W3CHttpResponseCodec.java:52)
	at org.openqa.selenium.remote.HttpCommandExecutor.execute(HttpCommandExecutor.java:161)
	at org.openqa.selenium.remote.service.DriverCommandExecutor.execute(DriverCommandExecutor.java:83)
	at org.openqa.selenium.remote.RemoteWebDriver.execute(RemoteWebDriver.java:576)
	at org.openqa.selenium.remote.RemoteWebElement.execute(RemoteWebElement.java:308)
	at org.openqa.selenium.remote.RemoteWebElement.click(RemoteWebElement.java:83)
	at pages.BasePage.click(BasePage.java:77)
	at pages.SideMenuPOM.clickOnSideMenu(SideMenuPOM.java:44)
	at tests.CRBTWidgetTest.openCustomerInteraction(CRBTWidgetTest.java:31)
	at sun.reflect.NativeMethodAccessorImpl.invoke0(Native Method)
	at sun.reflect.NativeMethodAccessorImpl.invoke(NativeMethodAccessorImpl.java:62)
	at sun.reflect.DelegatingMethodAccessorImpl.invoke(DelegatingMethodAccessorImpl.java:43)
	at java.lang.reflect.Method.invoke(Method.java:498)
	at org.testng.internal.MethodInvocationHelper.invokeMethod(MethodInvocationHelper.java:133)
	at org.testng.internal.TestInvoker.invokeMethod(TestInvoker.java:584)
	at org.testng.internal.TestInvoker.invokeTestMethod(TestInvoker.java:172)
	at org.testng.internal.MethodRunner.runInSequence(MethodRunner.java:46)
	at org.testng.internal.TestInvoker$MethodInvocationAgent.invoke(TestInvoker.java:804)
	at org.testng.internal.TestInvoker.invokeTestMethods(TestInvoker.java:145)
	at org.testng.internal.TestMethodWorker.invokeTestMethods(TestMethodWorker.java:146)
	at org.testng.internal.TestMethodWorker.run(TestMethodWorker.java:128)
	at java.util.ArrayList.forEach(ArrayList.java:1257)
	at org.testng.TestRunner.privateRun(TestRunner.java:770)
	at org.testng.TestRunner.run(TestRunner.java:591)
	at org.testng.SuiteRunner.runTest(SuiteRunner.java:402)
	at org.testng.SuiteRunner.runSequentially(SuiteRunner.java:396)
	at org.testng.SuiteRunner.privateRun(SuiteRunner.java:355)
	at org.testng.SuiteRunner.run(SuiteRunner.java:304)
	at org.testng.SuiteRunnerWorker.runSuite(SuiteRunnerWorker.java:53)
	at org.testng.SuiteRunnerWorker.run(SuiteRunnerWorker.java:96)
	at org.testng.TestNG.runSuitesSequentially(TestNG.java:1180)
	at org.testng.TestNG.runSuitesLocally(TestNG.java:1102)
	at org.testng.TestNG.runSuites(TestNG.java:1032)
	at org.testng.TestNG.run(TestNG.java:1000)
	at org.apache.maven.surefire.testng.TestNGExecutor.run(TestNGExecutor.java:283)
	at org.apache.maven.surefire.testng.TestNGXmlTestSuite.execute(TestNGXmlTestSuite.java:75)
	at org.apache.maven.surefire.testng.TestNGProvider.invoke(TestNGProvider.java:120)
	at org.apache.maven.surefire.booter.ForkedBooter.invokeProviderInSameClassLoader(ForkedBooter.java:384)
	at org.apache.maven.surefire.booter.ForkedBooter.runSuitesInProcess(ForkedBooter.java:345)
	at org.apache.maven.surefire.booter.ForkedBooter.execute(ForkedBooter.java:126)
	at org.apache.maven.surefire.booter.ForkedBooter.main(ForkedBooter.java:418)

18:23:51.260 I am in onTestStart method validateMyTuneTab start
18:24:13.015 [main] INFO  pages.BasePage(328) - Is CRBT Widget Display: false
]]></system-out>
    <system-err><![CDATA[org.openqa.selenium.TimeoutException: Expected condition failed: waiting for presence of element located by: By.xpath: //span[contains(text(),"RING BACK TUNE ") and @class="card__card-header--label"] (tried for 20 second(s) with 500 milliseconds interval)
	at org.openqa.selenium.support.ui.WebDriverWait.timeoutException(WebDriverWait.java:138)
	at org.openqa.selenium.support.ui.FluentWait.until(FluentWait.java:234)
	at pages.BasePage.waitVisibility(BasePage.java:127)
	at pages.BasePage.checkState(BasePage.java:115)
	at pages.CRBTWidgetPOM.isCRBTWidgetDisplay(CRBTWidgetPOM.java:32)
	at tests.CRBTWidgetTest.validateMyTuneTab(CRBTWidgetTest.java:47)
	at sun.reflect.NativeMethodAccessorImpl.invoke0(Native Method)
	at sun.reflect.NativeMethodAccessorImpl.invoke(NativeMethodAccessorImpl.java:62)
	at sun.reflect.DelegatingMethodAccessorImpl.invoke(DelegatingMethodAccessorImpl.java:43)
	at java.lang.reflect.Method.invoke(Method.java:498)
	at org.testng.internal.MethodInvocationHelper.invokeMethod(MethodInvocationHelper.java:133)
	at org.testng.internal.TestInvoker.invokeMethod(TestInvoker.java:584)
	at org.testng.internal.TestInvoker.invokeTestMethod(TestInvoker.java:172)
	at org.testng.internal.MethodRunner.runInSequence(MethodRunner.java:46)
	at org.testng.internal.TestInvoker$MethodInvocationAgent.invoke(TestInvoker.java:804)
	at org.testng.internal.TestInvoker.invokeTestMethods(TestInvoker.java:145)
	at org.testng.internal.TestMethodWorker.invokeTestMethods(TestMethodWorker.java:146)
	at org.testng.internal.TestMethodWorker.run(TestMethodWorker.java:128)
	at java.util.ArrayList.forEach(ArrayList.java:1257)
	at org.testng.TestRunner.privateRun(TestRunner.java:770)
	at org.testng.TestRunner.run(TestRunner.java:591)
	at org.testng.SuiteRunner.runTest(SuiteRunner.java:402)
	at org.testng.SuiteRunner.runSequentially(SuiteRunner.java:396)
	at org.testng.SuiteRunner.privateRun(SuiteRunner.java:355)
	at org.testng.SuiteRunner.run(SuiteRunner.java:304)
	at org.testng.SuiteRunnerWorker.runSuite(SuiteRunnerWorker.java:53)
	at org.testng.SuiteRunnerWorker.run(SuiteRunnerWorker.java:96)
	at org.testng.TestNG.runSuitesSequentially(TestNG.java:1180)
	at org.testng.TestNG.runSuitesLocally(TestNG.java:1102)
	at org.testng.TestNG.runSuites(TestNG.java:1032)
	at org.testng.TestNG.run(TestNG.java:1000)
	at org.apache.maven.surefire.testng.TestNGExecutor.run(TestNGExecutor.java:283)
	at org.apache.maven.surefire.testng.TestNGXmlTestSuite.execute(TestNGXmlTestSuite.java:75)
	at org.apache.maven.surefire.testng.TestNGProvider.invoke(TestNGProvider.java:120)
	at org.apache.maven.surefire.booter.ForkedBooter.invokeProviderInSameClassLoader(ForkedBooter.java:384)
	at org.apache.maven.surefire.booter.ForkedBooter.runSuitesInProcess(ForkedBooter.java:345)
	at org.apache.maven.surefire.booter.ForkedBooter.execute(ForkedBooter.java:126)
	at org.apache.maven.surefire.booter.ForkedBooter.main(ForkedBooter.java:418)
Caused by: org.openqa.selenium.NoSuchElementException: no such element: Unable to locate element: {"method":"xpath","selector":"//span[contains(text(),"RING BACK TUNE ") and @class="card__card-header--label"]"}
  (Session info: headless chrome=89.0.4389.90)
For documentation on this error, please visit: https://www.seleniumhq.org/exceptions/no_such_element.html
Build info: version: '4.0.0-alpha-3', revision: '8c567de6dc'
System info: host: 'LT2394650', ip: '172.23.64.219', os.name: 'Windows 10', os.arch: 'amd64', os.version: '10.0', java.version: '1.8.0_231'
Driver info: org.openqa.selenium.chrome.ChromeDriver
Capabilities {acceptInsecureCerts: true, browserName: chrome, browserVersion: 89.0.4389.90, chrome: {chromedriverVersion: 89.0.4389.23 (61b08ee2c5002..., userDataDir: C:\Users\2394650\AppData\Lo...}, goog:chromeOptions: {debuggerAddress: localhost:52187}, javascriptEnabled: true, networkConnectionEnabled: false, pageLoadStrategy: normal, platform: WINDOWS, platformName: WINDOWS, proxy: Proxy(), setWindowRect: true, strictFileInteractability: false, timeouts: {implicit: 0, pageLoad: 300000, script: 30000}, unhandledPromptBehavior: dismiss and notify, webauthn:extension:largeBlob: true, webauthn:virtualAuthenticators: true}
Session ID: 9bddb60362793b98befcaaba70e29dcd
*** Element info: {Using=xpath, value=//span[contains(text(),"RING BACK TUNE ") and @class="card__card-header--label"]}
	at sun.reflect.GeneratedConstructorAccessor50.newInstance(Unknown Source)
	at sun.reflect.DelegatingConstructorAccessorImpl.newInstance(DelegatingConstructorAccessorImpl.java:45)
	at java.lang.reflect.Constructor.newInstance(Constructor.java:423)
	at org.openqa.selenium.remote.codec.w3c.W3CHttpResponseCodec.createException(W3CHttpResponseCodec.java:191)
	at org.openqa.selenium.remote.codec.w3c.W3CHttpResponseCodec.decode(W3CHttpResponseCodec.java:125)
	at org.openqa.selenium.remote.codec.w3c.W3CHttpResponseCodec.decode(W3CHttpResponseCodec.java:52)
	at org.openqa.selenium.remote.HttpCommandExecutor.execute(HttpCommandExecutor.java:161)
	at org.openqa.selenium.remote.service.DriverCommandExecutor.execute(DriverCommandExecutor.java:83)
	at org.openqa.selenium.remote.RemoteWebDriver.execute(RemoteWebDriver.java:576)
	at org.openqa.selenium.remote.RemoteWebDriver.findElement(RemoteWebDriver.java:327)
	at org.openqa.selenium.remote.RemoteWebDriver.findElementByXPath(RemoteWebDriver.java:445)
	at org.openqa.selenium.By$ByXPath.findElement(By.java:396)
	at org.openqa.selenium.remote.RemoteWebDriver.findElement(RemoteWebDriver.java:319)
	at org.openqa.selenium.support.ui.ExpectedConditions$6.apply(ExpectedConditions.java:182)
	at org.openqa.selenium.support.ui.ExpectedConditions$6.apply(ExpectedConditions.java:179)
	at org.openqa.selenium.support.ui.FluentWait.until(FluentWait.java:211)
	... 36 more
org.openqa.selenium.TimeoutException: Expected condition failed: waiting for presence of element located by: By.xpath: //span[contains(text(),"RING BACK TUNE ") and @class="card__card-header--label"] (tried for 20 second(s) with 500 milliseconds interval)
	at org.openqa.selenium.support.ui.WebDriverWait.timeoutException(WebDriverWait.java:138)
	at org.openqa.selenium.support.ui.FluentWait.until(FluentWait.java:234)
	at pages.BasePage.waitVisibility(BasePage.java:127)
	at pages.BasePage.checkState(BasePage.java:115)
	at pages.CRBTWidgetPOM.isCRBTWidgetDisplay(CRBTWidgetPOM.java:33)
	at tests.CRBTWidgetTest.validateMyTuneTab(CRBTWidgetTest.java:47)
	at sun.reflect.NativeMethodAccessorImpl.invoke0(Native Method)
	at sun.reflect.NativeMethodAccessorImpl.invoke(NativeMethodAccessorImpl.java:62)
	at sun.reflect.DelegatingMethodAccessorImpl.invoke(DelegatingMethodAccessorImpl.java:43)
	at java.lang.reflect.Method.invoke(Method.java:498)
	at org.testng.internal.MethodInvocationHelper.invokeMethod(MethodInvocationHelper.java:133)
	at org.testng.internal.TestInvoker.invokeMethod(TestInvoker.java:584)
	at org.testng.internal.TestInvoker.invokeTestMethod(TestInvoker.java:172)
	at org.testng.internal.MethodRunner.runInSequence(MethodRunner.java:46)
	at org.testng.internal.TestInvoker$MethodInvocationAgent.invoke(TestInvoker.java:804)
	at org.testng.internal.TestInvoker.invokeTestMethods(TestInvoker.java:145)
	at org.testng.internal.TestMethodWorker.invokeTestMethods(TestMethodWorker.java:146)
	at org.testng.internal.TestMethodWorker.run(TestMethodWorker.java:128)
	at java.util.ArrayList.forEach(ArrayList.java:1257)
	at org.testng.TestRunner.privateRun(TestRunner.java:770)
	at org.testng.TestRunner.run(TestRunner.java:591)
	at org.testng.SuiteRunner.runTest(SuiteRunner.java:402)
	at org.testng.SuiteRunner.runSequentially(SuiteRunner.java:396)
	at org.testng.SuiteRunner.privateRun(SuiteRunner.java:355)
	at org.testng.SuiteRunner.run(SuiteRunner.java:304)
	at org.testng.SuiteRunnerWorker.runSuite(SuiteRunnerWorker.java:53)
	at org.testng.SuiteRunnerWorker.run(SuiteRunnerWorker.java:96)
	at org.testng.TestNG.runSuitesSequentially(TestNG.java:1180)
	at org.testng.TestNG.runSuitesLocally(TestNG.java:1102)
	at org.testng.TestNG.runSuites(TestNG.java:1032)
	at org.testng.TestNG.run(TestNG.java:1000)
	at org.apache.maven.surefire.testng.TestNGExecutor.run(TestNGExecutor.java:283)
	at org.apache.maven.surefire.testng.TestNGXmlTestSuite.execute(TestNGXmlTestSuite.java:75)
	at org.apache.maven.surefire.testng.TestNGProvider.invoke(TestNGProvider.java:120)
	at org.apache.maven.surefire.booter.ForkedBooter.invokeProviderInSameClassLoader(ForkedBooter.java:384)
	at org.apache.maven.surefire.booter.ForkedBooter.runSuitesInProcess(ForkedBooter.java:345)
	at org.apache.maven.surefire.booter.ForkedBooter.execute(ForkedBooter.java:126)
	at org.apache.maven.surefire.booter.ForkedBooter.main(ForkedBooter.java:418)
Caused by: org.openqa.selenium.NoSuchElementException: no such element: Unable to locate element: {"method":"xpath","selector":"//span[contains(text(),"RING BACK TUNE ") and @class="card__card-header--label"]"}
  (Session info: headless chrome=89.0.4389.90)
For documentation on this error, please visit: https://www.seleniumhq.org/exceptions/no_such_element.html
Build info: version: '4.0.0-alpha-3', revision: '8c567de6dc'
System info: host: 'LT2394650', ip: '172.23.64.219', os.name: 'Windows 10', os.arch: 'amd64', os.version: '10.0', java.version: '1.8.0_231'
Driver info: org.openqa.selenium.chrome.ChromeDriver
Capabilities {acceptInsecureCerts: true, browserName: chrome, browserVersion: 89.0.4389.90, chrome: {chromedriverVersion: 89.0.4389.23 (61b08ee2c5002..., userDataDir: C:\Users\2394650\AppData\Lo...}, goog:chromeOptions: {debuggerAddress: localhost:52187}, javascriptEnabled: true, networkConnectionEnabled: false, pageLoadStrategy: normal, platform: WINDOWS, platformName: WINDOWS, proxy: Proxy(), setWindowRect: true, strictFileInteractability: false, timeouts: {implicit: 0, pageLoad: 300000, script: 30000}, unhandledPromptBehavior: dismiss and notify, webauthn:extension:largeBlob: true, webauthn:virtualAuthenticators: true}
Session ID: 9bddb60362793b98befcaaba70e29dcd
*** Element info: {Using=xpath, value=//span[contains(text(),"RING BACK TUNE ") and @class="card__card-header--label"]}
	at sun.reflect.GeneratedConstructorAccessor50.newInstance(Unknown Source)
	at sun.reflect.DelegatingConstructorAccessorImpl.newInstance(DelegatingConstructorAccessorImpl.java:45)
	at java.lang.reflect.Constructor.newInstance(Constructor.java:423)
	at org.openqa.selenium.remote.codec.w3c.W3CHttpResponseCodec.createException(W3CHttpResponseCodec.java:191)
	at org.openqa.selenium.remote.codec.w3c.W3CHttpResponseCodec.decode(W3CHttpResponseCodec.java:125)
	at org.openqa.selenium.remote.codec.w3c.W3CHttpResponseCodec.decode(W3CHttpResponseCodec.java:52)
	at org.openqa.selenium.remote.HttpCommandExecutor.execute(HttpCommandExecutor.java:161)
	at org.openqa.selenium.remote.service.DriverCommandExecutor.execute(DriverCommandExecutor.java:83)
	at org.openqa.selenium.remote.RemoteWebDriver.execute(RemoteWebDriver.java:576)
	at org.openqa.selenium.remote.RemoteWebDriver.findElement(RemoteWebDriver.java:327)
	at org.openqa.selenium.remote.RemoteWebDriver.findElementByXPath(RemoteWebDriver.java:445)
	at org.openqa.selenium.By$ByXPath.findElement(By.java:396)
	at org.openqa.selenium.remote.RemoteWebDriver.findElement(RemoteWebDriver.java:319)
	at org.openqa.selenium.support.ui.ExpectedConditions$6.apply(ExpectedConditions.java:182)
	at org.openqa.selenium.support.ui.ExpectedConditions$6.apply(ExpectedConditions.java:179)
	at org.openqa.selenium.support.ui.FluentWait.until(FluentWait.java:211)
	... 36 more
]]></system-err>
  </testcase>
  <testcase name="openCustomerInteraction" classname="tests.createInteractionTest" time="12.545">
    <failure message="element click intercepted: Element &lt;button _ngcontent-jxq-c14=&quot;&quot; mat-icon-button=&quot;&quot; class=&quot;mat-icon-button ng-tns-c14-4&quot; style=&quot;border: 2px solid black;&quot;&gt;...&lt;/button&gt; is not clickable at point (30, 34). Other element would receive the click: &lt;div class=&quot;cdk-overlay-backdrop cdk-overlay-dark-backdrop cdk-overlay-backdrop-showing&quot;&gt;&lt;/div&gt;&#10;  (Session info: headless chrome=89.0.4389.90)&#10;Build info: version: &apos;4.0.0-alpha-3&apos;, revision: &apos;8c567de6dc&apos;&#10;System info: host: &apos;LT2394650&apos;, ip: &apos;172.23.64.219&apos;, os.name: &apos;Windows 10&apos;, os.arch: &apos;amd64&apos;, os.version: &apos;10.0&apos;, java.version: &apos;1.8.0_231&apos;&#10;Driver info: org.openqa.selenium.chrome.ChromeDriver&#10;Capabilities {acceptInsecureCerts: true, browserName: chrome, browserVersion: 89.0.4389.90, chrome: {chromedriverVersion: 89.0.4389.23 (61b08ee2c5002..., userDataDir: C:\Users\2394650\AppData\Lo...}, goog:chromeOptions: {debuggerAddress: localhost:52187}, javascriptEnabled: true, networkConnectionEnabled: false, pageLoadStrategy: normal, platform: WINDOWS, platformName: WINDOWS, proxy: Proxy(), setWindowRect: true, strictFileInteractability: false, timeouts: {implicit: 0, pageLoad: 300000, script: 30000}, unhandledPromptBehavior: dismiss and notify, webauthn:extension:largeBlob: true, webauthn:virtualAuthenticators: true}&#10;Session ID: 9bddb60362793b98befcaaba70e29dcd" type="org.openqa.selenium.ElementClickInterceptedException"><![CDATA[org.openqa.selenium.ElementClickInterceptedException: 
element click intercepted: Element <button _ngcontent-jxq-c14="" mat-icon-button="" class="mat-icon-button ng-tns-c14-4" style="border: 2px solid black;">...</button> is not clickable at point (30, 34). Other element would receive the click: <div class="cdk-overlay-backdrop cdk-overlay-dark-backdrop cdk-overlay-backdrop-showing"></div>
  (Session info: headless chrome=89.0.4389.90)
Build info: version: '4.0.0-alpha-3', revision: '8c567de6dc'
System info: host: 'LT2394650', ip: '172.23.64.219', os.name: 'Windows 10', os.arch: 'amd64', os.version: '10.0', java.version: '1.8.0_231'
Driver info: org.openqa.selenium.chrome.ChromeDriver
Capabilities {acceptInsecureCerts: true, browserName: chrome, browserVersion: 89.0.4389.90, chrome: {chromedriverVersion: 89.0.4389.23 (61b08ee2c5002..., userDataDir: C:\Users\2394650\AppData\Lo...}, goog:chromeOptions: {debuggerAddress: localhost:52187}, javascriptEnabled: true, networkConnectionEnabled: false, pageLoadStrategy: normal, platform: WINDOWS, platformName: WINDOWS, proxy: Proxy(), setWindowRect: true, strictFileInteractability: false, timeouts: {implicit: 0, pageLoad: 300000, script: 30000}, unhandledPromptBehavior: dismiss and notify, webauthn:extension:largeBlob: true, webauthn:virtualAuthenticators: true}
Session ID: 9bddb60362793b98befcaaba70e29dcd
	at tests.createInteractionTest.openCustomerInteraction(createInteractionTest.java:52)
]]></failure>
    <system-out><![CDATA[18:24:34.742 I am in on TestFailure method validateMyTuneTab failed
java.lang.AssertionError: CRBT Widget Does not display did not expect to find [true] but found [false]
	at org.testng.Assert.fail(Assert.java:97)
	at org.testng.Assert.failNotEquals(Assert.java:969)
	at org.testng.Assert.assertTrue(Assert.java:43)
	at tests.CRBTWidgetTest.validateMyTuneTab(CRBTWidgetTest.java:47)
	at sun.reflect.NativeMethodAccessorImpl.invoke0(Native Method)
	at sun.reflect.NativeMethodAccessorImpl.invoke(NativeMethodAccessorImpl.java:62)
	at sun.reflect.DelegatingMethodAccessorImpl.invoke(DelegatingMethodAccessorImpl.java:43)
	at java.lang.reflect.Method.invoke(Method.java:498)
	at org.testng.internal.MethodInvocationHelper.invokeMethod(MethodInvocationHelper.java:133)
	at org.testng.internal.TestInvoker.invokeMethod(TestInvoker.java:584)
	at org.testng.internal.TestInvoker.invokeTestMethod(TestInvoker.java:172)
	at org.testng.internal.MethodRunner.runInSequence(MethodRunner.java:46)
	at org.testng.internal.TestInvoker$MethodInvocationAgent.invoke(TestInvoker.java:804)
	at org.testng.internal.TestInvoker.invokeTestMethods(TestInvoker.java:145)
	at org.testng.internal.TestMethodWorker.invokeTestMethods(TestMethodWorker.java:146)
	at org.testng.internal.TestMethodWorker.run(TestMethodWorker.java:128)
	at java.util.ArrayList.forEach(ArrayList.java:1257)
	at org.testng.TestRunner.privateRun(TestRunner.java:770)
	at org.testng.TestRunner.run(TestRunner.java:591)
	at org.testng.SuiteRunner.runTest(SuiteRunner.java:402)
	at org.testng.SuiteRunner.runSequentially(SuiteRunner.java:396)
	at org.testng.SuiteRunner.privateRun(SuiteRunner.java:355)
	at org.testng.SuiteRunner.run(SuiteRunner.java:304)
	at org.testng.SuiteRunnerWorker.runSuite(SuiteRunnerWorker.java:53)
	at org.testng.SuiteRunnerWorker.run(SuiteRunnerWorker.java:96)
	at org.testng.TestNG.runSuitesSequentially(TestNG.java:1180)
	at org.testng.TestNG.runSuitesLocally(TestNG.java:1102)
	at org.testng.TestNG.runSuites(TestNG.java:1032)
	at org.testng.TestNG.run(TestNG.java:1000)
	at org.apache.maven.surefire.testng.TestNGExecutor.run(TestNGExecutor.java:283)
	at org.apache.maven.surefire.testng.TestNGXmlTestSuite.execute(TestNGXmlTestSuite.java:75)
	at org.apache.maven.surefire.testng.TestNGProvider.invoke(TestNGProvider.java:120)
	at org.apache.maven.surefire.booter.ForkedBooter.invokeProviderInSameClassLoader(ForkedBooter.java:384)
	at org.apache.maven.surefire.booter.ForkedBooter.runSuitesInProcess(ForkedBooter.java:345)
	at org.apache.maven.surefire.booter.ForkedBooter.execute(ForkedBooter.java:126)
	at org.apache.maven.surefire.booter.ForkedBooter.main(ForkedBooter.java:418)

I am in onFinish method CRBT Widget Test
I am in onStart method Create NFTR FTR Tickets TEST
18:24:36.136 [main] INFO  Utils.DataProviders.DataProviders(244) - User Type ALL
18:24:36.136 [main] INFO  Utils.DataProviders.DataProviders(250) - NO USER FOUND
18:24:36.142 [main] INFO  Utils.DataProviders.DataProviders(244) - User Type BA
18:24:36.142 [main] INFO  Utils.DataProviders.DataProviders(250) - NO USER FOUND
18:24:36.142 [main] INFO  Utils.DataProviders.DataProviders(244) - User Type API
18:24:36.142 [main] INFO  Utils.DataProviders.DataProviders(250) - NO USER FOUND
18:24:36.142 [main] INFO  Utils.DataProviders.DataProviders(244) - User Type NFTR
18:24:36.144 [main] INFO  Utils.DataProviders.DataProviders(247) - User Type ADDED NFTR
18:24:36.144 I am in onTestStart method openCustomerInteraction start
18:24:36.247 [main] INFO  pages.BasePage(328) - Waiting for loader to be removed
18:24:41.259 [main] INFO  pages.BasePage(328) - Loader Removed
18:24:41.259 [main] INFO  pages.SideMenuPOM(42) - Clicking on Side Menu
18:24:42.501 [main] INFO  pages.BasePage(328) - Waiting for loader to be removed
18:24:47.570 [main] INFO  pages.BasePage(328) - Loader Removed
]]></system-out>
  </testcase>
  <testcase name="CreateInteraction" classname="tests.createInteractionTest" time="0">
    <skipped message="Method createInteractionTest.CreateInteraction(Utils.DataProviders.ftrDataBeans)[pri:2, instance:tests.createInteractionTest@1787f2a0] depends on not successfully finished methods"/>
    <system-out><![CDATA[18:24:48.689 I am in on TestFailure method openCustomerInteraction failed
org.openqa.selenium.ElementClickInterceptedException: element click intercepted: Element <button _ngcontent-jxq-c14="" mat-icon-button="" class="mat-icon-button ng-tns-c14-4" style="border: 2px solid black;">...</button> is not clickable at point (30, 34). Other element would receive the click: <div class="cdk-overlay-backdrop cdk-overlay-dark-backdrop cdk-overlay-backdrop-showing"></div>
  (Session info: headless chrome=89.0.4389.90)
Build info: version: '4.0.0-alpha-3', revision: '8c567de6dc'
System info: host: 'LT2394650', ip: '172.23.64.219', os.name: 'Windows 10', os.arch: 'amd64', os.version: '10.0', java.version: '1.8.0_231'
Driver info: org.openqa.selenium.chrome.ChromeDriver
Capabilities {acceptInsecureCerts: true, browserName: chrome, browserVersion: 89.0.4389.90, chrome: {chromedriverVersion: 89.0.4389.23 (61b08ee2c5002..., userDataDir: C:\Users\2394650\AppData\Lo...}, goog:chromeOptions: {debuggerAddress: localhost:52187}, javascriptEnabled: true, networkConnectionEnabled: false, pageLoadStrategy: normal, platform: WINDOWS, platformName: WINDOWS, proxy: Proxy(), setWindowRect: true, strictFileInteractability: false, timeouts: {implicit: 0, pageLoad: 300000, script: 30000}, unhandledPromptBehavior: dismiss and notify, webauthn:extension:largeBlob: true, webauthn:virtualAuthenticators: true}
Session ID: 9bddb60362793b98befcaaba70e29dcd
	at sun.reflect.NativeConstructorAccessorImpl.newInstance0(Native Method)
	at sun.reflect.NativeConstructorAccessorImpl.newInstance(NativeConstructorAccessorImpl.java:62)
	at sun.reflect.DelegatingConstructorAccessorImpl.newInstance(DelegatingConstructorAccessorImpl.java:45)
	at java.lang.reflect.Constructor.newInstance(Constructor.java:423)
	at org.openqa.selenium.remote.codec.w3c.W3CHttpResponseCodec.createException(W3CHttpResponseCodec.java:191)
	at org.openqa.selenium.remote.codec.w3c.W3CHttpResponseCodec.decode(W3CHttpResponseCodec.java:125)
	at org.openqa.selenium.remote.codec.w3c.W3CHttpResponseCodec.decode(W3CHttpResponseCodec.java:52)
	at org.openqa.selenium.remote.HttpCommandExecutor.execute(HttpCommandExecutor.java:161)
	at org.openqa.selenium.remote.service.DriverCommandExecutor.execute(DriverCommandExecutor.java:83)
	at org.openqa.selenium.remote.RemoteWebDriver.execute(RemoteWebDriver.java:576)
	at org.openqa.selenium.remote.RemoteWebElement.execute(RemoteWebElement.java:308)
	at org.openqa.selenium.remote.RemoteWebElement.click(RemoteWebElement.java:83)
	at pages.BasePage.click(BasePage.java:77)
	at pages.SideMenuPOM.clickOnSideMenu(SideMenuPOM.java:44)
	at tests.createInteractionTest.openCustomerInteraction(createInteractionTest.java:52)
	at sun.reflect.NativeMethodAccessorImpl.invoke0(Native Method)
	at sun.reflect.NativeMethodAccessorImpl.invoke(NativeMethodAccessorImpl.java:62)
	at sun.reflect.DelegatingMethodAccessorImpl.invoke(DelegatingMethodAccessorImpl.java:43)
	at java.lang.reflect.Method.invoke(Method.java:498)
	at org.testng.internal.MethodInvocationHelper.invokeMethod(MethodInvocationHelper.java:133)
	at org.testng.internal.TestInvoker.invokeMethod(TestInvoker.java:584)
	at org.testng.internal.TestInvoker.invokeTestMethod(TestInvoker.java:172)
	at org.testng.internal.MethodRunner.runInSequence(MethodRunner.java:46)
	at org.testng.internal.TestInvoker$MethodInvocationAgent.invoke(TestInvoker.java:804)
	at org.testng.internal.TestInvoker.invokeTestMethods(TestInvoker.java:145)
	at org.testng.internal.TestMethodWorker.invokeTestMethods(TestMethodWorker.java:146)
	at org.testng.internal.TestMethodWorker.run(TestMethodWorker.java:128)
	at java.util.ArrayList.forEach(ArrayList.java:1257)
	at org.testng.TestRunner.privateRun(TestRunner.java:770)
	at org.testng.TestRunner.run(TestRunner.java:591)
	at org.testng.SuiteRunner.runTest(SuiteRunner.java:402)
	at org.testng.SuiteRunner.runSequentially(SuiteRunner.java:396)
	at org.testng.SuiteRunner.privateRun(SuiteRunner.java:355)
	at org.testng.SuiteRunner.run(SuiteRunner.java:304)
	at org.testng.SuiteRunnerWorker.runSuite(SuiteRunnerWorker.java:53)
	at org.testng.SuiteRunnerWorker.run(SuiteRunnerWorker.java:96)
	at org.testng.TestNG.runSuitesSequentially(TestNG.java:1180)
	at org.testng.TestNG.runSuitesLocally(TestNG.java:1102)
	at org.testng.TestNG.runSuites(TestNG.java:1032)
	at org.testng.TestNG.run(TestNG.java:1000)
	at org.apache.maven.surefire.testng.TestNGExecutor.run(TestNGExecutor.java:283)
	at org.apache.maven.surefire.testng.TestNGXmlTestSuite.execute(TestNGXmlTestSuite.java:75)
	at org.apache.maven.surefire.testng.TestNGProvider.invoke(TestNGProvider.java:120)
	at org.apache.maven.surefire.booter.ForkedBooter.invokeProviderInSameClassLoader(ForkedBooter.java:384)
	at org.apache.maven.surefire.booter.ForkedBooter.runSuitesInProcess(ForkedBooter.java:345)
	at org.apache.maven.surefire.booter.ForkedBooter.execute(ForkedBooter.java:126)
	at org.apache.maven.surefire.booter.ForkedBooter.main(ForkedBooter.java:418)

18:24:49.246 I am in onTestStart method CreateInteraction start
]]></system-out>
  </testcase>
  <testcase name="loginAPI" classname="tests.createInteractionTest" time="1.386"/>
  <testcase name="CreateNFTRInteraction" classname="tests.createInteractionTest" time="0">
    <skipped message="Method createInteractionTest.CreateNFTRInteraction(Utils.DataProviders.nftrDataBeans)[pri:4, instance:tests.createInteractionTest@1787f2a0] depends on not successfully finished methods"/>
    <system-out><![CDATA[18:24:50.761 I am in on TestSuccess method loginAPI succeed
18:24:50.761 I am in onTestStart method CreateNFTRInteraction start
]]></system-out>
  </testcase>
  <testcase name="openCustomerInteraction" classname="tests.PinTagTest" time="12.547">
    <failure message="element click intercepted: Element &lt;button _ngcontent-jxq-c14=&quot;&quot; mat-icon-button=&quot;&quot; class=&quot;mat-icon-button ng-tns-c14-4&quot; style=&quot;border: 2px solid black;&quot;&gt;...&lt;/button&gt; is not clickable at point (30, 34). Other element would receive the click: &lt;div class=&quot;cdk-overlay-backdrop cdk-overlay-dark-backdrop cdk-overlay-backdrop-showing&quot;&gt;&lt;/div&gt;&#10;  (Session info: headless chrome=89.0.4389.90)&#10;Build info: version: &apos;4.0.0-alpha-3&apos;, revision: &apos;8c567de6dc&apos;&#10;System info: host: &apos;LT2394650&apos;, ip: &apos;172.23.64.219&apos;, os.name: &apos;Windows 10&apos;, os.arch: &apos;amd64&apos;, os.version: &apos;10.0&apos;, java.version: &apos;1.8.0_231&apos;&#10;Driver info: org.openqa.selenium.chrome.ChromeDriver&#10;Capabilities {acceptInsecureCerts: true, browserName: chrome, browserVersion: 89.0.4389.90, chrome: {chromedriverVersion: 89.0.4389.23 (61b08ee2c5002..., userDataDir: C:\Users\2394650\AppData\Lo...}, goog:chromeOptions: {debuggerAddress: localhost:52187}, javascriptEnabled: true, networkConnectionEnabled: false, pageLoadStrategy: normal, platform: WINDOWS, platformName: WINDOWS, proxy: Proxy(), setWindowRect: true, strictFileInteractability: false, timeouts: {implicit: 0, pageLoad: 300000, script: 30000}, unhandledPromptBehavior: dismiss and notify, webauthn:extension:largeBlob: true, webauthn:virtualAuthenticators: true}&#10;Session ID: 9bddb60362793b98befcaaba70e29dcd" type="org.openqa.selenium.ElementClickInterceptedException"><![CDATA[org.openqa.selenium.ElementClickInterceptedException: 
element click intercepted: Element <button _ngcontent-jxq-c14="" mat-icon-button="" class="mat-icon-button ng-tns-c14-4" style="border: 2px solid black;">...</button> is not clickable at point (30, 34). Other element would receive the click: <div class="cdk-overlay-backdrop cdk-overlay-dark-backdrop cdk-overlay-backdrop-showing"></div>
  (Session info: headless chrome=89.0.4389.90)
Build info: version: '4.0.0-alpha-3', revision: '8c567de6dc'
System info: host: 'LT2394650', ip: '172.23.64.219', os.name: 'Windows 10', os.arch: 'amd64', os.version: '10.0', java.version: '1.8.0_231'
Driver info: org.openqa.selenium.chrome.ChromeDriver
Capabilities {acceptInsecureCerts: true, browserName: chrome, browserVersion: 89.0.4389.90, chrome: {chromedriverVersion: 89.0.4389.23 (61b08ee2c5002..., userDataDir: C:\Users\2394650\AppData\Lo...}, goog:chromeOptions: {debuggerAddress: localhost:52187}, javascriptEnabled: true, networkConnectionEnabled: false, pageLoadStrategy: normal, platform: WINDOWS, platformName: WINDOWS, proxy: Proxy(), setWindowRect: true, strictFileInteractability: false, timeouts: {implicit: 0, pageLoad: 300000, script: 30000}, unhandledPromptBehavior: dismiss and notify, webauthn:extension:largeBlob: true, webauthn:virtualAuthenticators: true}
Session ID: 9bddb60362793b98befcaaba70e29dcd
	at tests.PinTagTest.openCustomerInteraction(PinTagTest.java:28)
]]></failure>
    <system-out><![CDATA[I am in on TestSkipped method CreateNFTRInteraction skipped
I am in onFinish method Create NFTR FTR Tickets TEST
I am in onStart method Customer Pinned Tag TEST
18:24:51.379 [main] INFO  Utils.DataProviders.DataProviders(244) - User Type ALL
18:24:51.379 [main] INFO  Utils.DataProviders.DataProviders(250) - NO USER FOUND
18:24:51.379 [main] INFO  Utils.DataProviders.DataProviders(244) - User Type BA
18:24:51.379 [main] INFO  Utils.DataProviders.DataProviders(250) - NO USER FOUND
18:24:51.379 [main] INFO  Utils.DataProviders.DataProviders(244) - User Type API
18:24:51.379 [main] INFO  Utils.DataProviders.DataProviders(250) - NO USER FOUND
18:24:51.379 [main] INFO  Utils.DataProviders.DataProviders(244) - User Type NFTR
18:24:51.379 [main] INFO  Utils.DataProviders.DataProviders(247) - User Type ADDED NFTR
18:24:51.387 I am in onTestStart method openCustomerInteraction start
18:24:51.520 [main] INFO  pages.BasePage(328) - Waiting for loader to be removed
18:24:56.555 [main] INFO  pages.BasePage(328) - Loader Removed
18:24:56.555 [main] INFO  pages.SideMenuPOM(42) - Clicking on Side Menu
18:24:57.764 [main] INFO  pages.BasePage(328) - Waiting for loader to be removed
18:25:02.814 [main] INFO  pages.BasePage(328) - Loader Removed
]]></system-out>
  </testcase>
  <testcase name="checkALLPinnedTag" classname="tests.PinTagTest" time="0.617">
    <failure message="The following asserts failed:&#10;	blank call tag should not display on UI as tagged not mention in config sheet.,&#10;	call drop tag does not display on UI but present in config sheet.,&#10;	silent call tag does not display on UI but present in config sheet." type="java.lang.AssertionError">java.lang.AssertionError: 
The following asserts failed:
	blank call tag should not display on UI as tagged not mention in config sheet.,
	call drop tag does not display on UI but present in config sheet.,
	silent call tag does not display on UI but present in config sheet.
	at tests.PinTagTest.checkALLPinnedTag(PinTagTest.java:69)
</failure>
    <system-out><![CDATA[18:25:03.936 I am in on TestFailure method openCustomerInteraction failed
org.openqa.selenium.ElementClickInterceptedException: element click intercepted: Element <button _ngcontent-jxq-c14="" mat-icon-button="" class="mat-icon-button ng-tns-c14-4" style="border: 2px solid black;">...</button> is not clickable at point (30, 34). Other element would receive the click: <div class="cdk-overlay-backdrop cdk-overlay-dark-backdrop cdk-overlay-backdrop-showing"></div>
  (Session info: headless chrome=89.0.4389.90)
Build info: version: '4.0.0-alpha-3', revision: '8c567de6dc'
System info: host: 'LT2394650', ip: '172.23.64.219', os.name: 'Windows 10', os.arch: 'amd64', os.version: '10.0', java.version: '1.8.0_231'
Driver info: org.openqa.selenium.chrome.ChromeDriver
Capabilities {acceptInsecureCerts: true, browserName: chrome, browserVersion: 89.0.4389.90, chrome: {chromedriverVersion: 89.0.4389.23 (61b08ee2c5002..., userDataDir: C:\Users\2394650\AppData\Lo...}, goog:chromeOptions: {debuggerAddress: localhost:52187}, javascriptEnabled: true, networkConnectionEnabled: false, pageLoadStrategy: normal, platform: WINDOWS, platformName: WINDOWS, proxy: Proxy(), setWindowRect: true, strictFileInteractability: false, timeouts: {implicit: 0, pageLoad: 300000, script: 30000}, unhandledPromptBehavior: dismiss and notify, webauthn:extension:largeBlob: true, webauthn:virtualAuthenticators: true}
Session ID: 9bddb60362793b98befcaaba70e29dcd
	at sun.reflect.NativeConstructorAccessorImpl.newInstance0(Native Method)
	at sun.reflect.NativeConstructorAccessorImpl.newInstance(NativeConstructorAccessorImpl.java:62)
	at sun.reflect.DelegatingConstructorAccessorImpl.newInstance(DelegatingConstructorAccessorImpl.java:45)
	at java.lang.reflect.Constructor.newInstance(Constructor.java:423)
	at org.openqa.selenium.remote.codec.w3c.W3CHttpResponseCodec.createException(W3CHttpResponseCodec.java:191)
	at org.openqa.selenium.remote.codec.w3c.W3CHttpResponseCodec.decode(W3CHttpResponseCodec.java:125)
	at org.openqa.selenium.remote.codec.w3c.W3CHttpResponseCodec.decode(W3CHttpResponseCodec.java:52)
	at org.openqa.selenium.remote.HttpCommandExecutor.execute(HttpCommandExecutor.java:161)
	at org.openqa.selenium.remote.service.DriverCommandExecutor.execute(DriverCommandExecutor.java:83)
	at org.openqa.selenium.remote.RemoteWebDriver.execute(RemoteWebDriver.java:576)
	at org.openqa.selenium.remote.RemoteWebElement.execute(RemoteWebElement.java:308)
	at org.openqa.selenium.remote.RemoteWebElement.click(RemoteWebElement.java:83)
	at pages.BasePage.click(BasePage.java:77)
	at pages.SideMenuPOM.clickOnSideMenu(SideMenuPOM.java:44)
	at tests.PinTagTest.openCustomerInteraction(PinTagTest.java:28)
	at sun.reflect.NativeMethodAccessorImpl.invoke0(Native Method)
	at sun.reflect.NativeMethodAccessorImpl.invoke(NativeMethodAccessorImpl.java:62)
	at sun.reflect.DelegatingMethodAccessorImpl.invoke(DelegatingMethodAccessorImpl.java:43)
	at java.lang.reflect.Method.invoke(Method.java:498)
	at org.testng.internal.MethodInvocationHelper.invokeMethod(MethodInvocationHelper.java:133)
	at org.testng.internal.TestInvoker.invokeMethod(TestInvoker.java:584)
	at org.testng.internal.TestInvoker.invokeTestMethod(TestInvoker.java:172)
	at org.testng.internal.MethodRunner.runInSequence(MethodRunner.java:46)
	at org.testng.internal.TestInvoker$MethodInvocationAgent.invoke(TestInvoker.java:804)
	at org.testng.internal.TestInvoker.invokeTestMethods(TestInvoker.java:145)
	at org.testng.internal.TestMethodWorker.invokeTestMethods(TestMethodWorker.java:146)
	at org.testng.internal.TestMethodWorker.run(TestMethodWorker.java:128)
	at java.util.ArrayList.forEach(ArrayList.java:1257)
	at org.testng.TestRunner.privateRun(TestRunner.java:770)
	at org.testng.TestRunner.run(TestRunner.java:591)
	at org.testng.SuiteRunner.runTest(SuiteRunner.java:402)
	at org.testng.SuiteRunner.runSequentially(SuiteRunner.java:396)
	at org.testng.SuiteRunner.privateRun(SuiteRunner.java:355)
	at org.testng.SuiteRunner.run(SuiteRunner.java:304)
	at org.testng.SuiteRunnerWorker.runSuite(SuiteRunnerWorker.java:53)
	at org.testng.SuiteRunnerWorker.run(SuiteRunnerWorker.java:96)
	at org.testng.TestNG.runSuitesSequentially(TestNG.java:1180)
	at org.testng.TestNG.runSuitesLocally(TestNG.java:1102)
	at org.testng.TestNG.runSuites(TestNG.java:1032)
	at org.testng.TestNG.run(TestNG.java:1000)
	at org.apache.maven.surefire.testng.TestNGExecutor.run(TestNGExecutor.java:283)
	at org.apache.maven.surefire.testng.TestNGXmlTestSuite.execute(TestNGXmlTestSuite.java:75)
	at org.apache.maven.surefire.testng.TestNGProvider.invoke(TestNGProvider.java:120)
	at org.apache.maven.surefire.booter.ForkedBooter.invokeProviderInSameClassLoader(ForkedBooter.java:384)
	at org.apache.maven.surefire.booter.ForkedBooter.runSuitesInProcess(ForkedBooter.java:345)
	at org.apache.maven.surefire.booter.ForkedBooter.execute(ForkedBooter.java:126)
	at org.apache.maven.surefire.booter.ForkedBooter.main(ForkedBooter.java:418)

18:25:04.522 I am in onTestStart method checkALLPinnedTag start
Size: 1
Text: blank call
18:25:04.960 [main] INFO  pages.customerInteractionPagePOM(85) - Reading pinned tag name: Blank Call
]]></system-out>
  </testcase>
  <testcase name="checkIssueCodeForPinTag" classname="tests.PinTagTest" time="5.114">
    <failure message="The following asserts failed:&#10;	Silent Call Does not display on UI" type="java.lang.AssertionError">java.lang.AssertionError: 
The following asserts failed:
	Silent Call Does not display on UI
	at tests.PinTagTest.checkIssueCodeForPinTag(PinTagTest.java:96)
</failure>
    <system-out><![CDATA[18:25:05.177 I am in on TestFailure method checkALLPinnedTag failed
java.lang.AssertionError: The following asserts failed:
	blank call tag should not display on UI as tagged not mention in config sheet.,
	call drop tag does not display on UI but present in config sheet.,
	silent call tag does not display on UI but present in config sheet.
	at org.testng.asserts.SoftAssert.assertAll(SoftAssert.java:47)
	at org.testng.asserts.SoftAssert.assertAll(SoftAssert.java:31)
	at tests.PinTagTest.checkALLPinnedTag(PinTagTest.java:69)
	at sun.reflect.NativeMethodAccessorImpl.invoke0(Native Method)
	at sun.reflect.NativeMethodAccessorImpl.invoke(NativeMethodAccessorImpl.java:62)
	at sun.reflect.DelegatingMethodAccessorImpl.invoke(DelegatingMethodAccessorImpl.java:43)
	at java.lang.reflect.Method.invoke(Method.java:498)
	at org.testng.internal.MethodInvocationHelper.invokeMethod(MethodInvocationHelper.java:133)
	at org.testng.internal.TestInvoker.invokeMethod(TestInvoker.java:584)
	at org.testng.internal.TestInvoker.invokeTestMethod(TestInvoker.java:172)
	at org.testng.internal.MethodRunner.runInSequence(MethodRunner.java:46)
	at org.testng.internal.TestInvoker$MethodInvocationAgent.invoke(TestInvoker.java:804)
	at org.testng.internal.TestInvoker.invokeTestMethods(TestInvoker.java:145)
	at org.testng.internal.TestMethodWorker.invokeTestMethods(TestMethodWorker.java:146)
	at org.testng.internal.TestMethodWorker.run(TestMethodWorker.java:128)
	at java.util.ArrayList.forEach(ArrayList.java:1257)
	at org.testng.TestRunner.privateRun(TestRunner.java:770)
	at org.testng.TestRunner.run(TestRunner.java:591)
	at org.testng.SuiteRunner.runTest(SuiteRunner.java:402)
	at org.testng.SuiteRunner.runSequentially(SuiteRunner.java:396)
	at org.testng.SuiteRunner.privateRun(SuiteRunner.java:355)
	at org.testng.SuiteRunner.run(SuiteRunner.java:304)
	at org.testng.SuiteRunnerWorker.runSuite(SuiteRunnerWorker.java:53)
	at org.testng.SuiteRunnerWorker.run(SuiteRunnerWorker.java:96)
	at org.testng.TestNG.runSuitesSequentially(TestNG.java:1180)
	at org.testng.TestNG.runSuitesLocally(TestNG.java:1102)
	at org.testng.TestNG.runSuites(TestNG.java:1032)
	at org.testng.TestNG.run(TestNG.java:1000)
	at org.apache.maven.surefire.testng.TestNGExecutor.run(TestNGExecutor.java:283)
	at org.apache.maven.surefire.testng.TestNGXmlTestSuite.execute(TestNGXmlTestSuite.java:75)
	at org.apache.maven.surefire.testng.TestNGProvider.invoke(TestNGProvider.java:120)
	at org.apache.maven.surefire.booter.ForkedBooter.invokeProviderInSameClassLoader(ForkedBooter.java:384)
	at org.apache.maven.surefire.booter.ForkedBooter.runSuitesInProcess(ForkedBooter.java:345)
	at org.apache.maven.surefire.booter.ForkedBooter.execute(ForkedBooter.java:126)
	at org.apache.maven.surefire.booter.ForkedBooter.main(ForkedBooter.java:418)

18:25:05.809 I am in onTestStart method checkIssueCodeForPinTag start
18:25:05.840 [main] INFO  pages.customerInteractionPagePOM(126) - Checking is Silent Call Pinned Tag Visible
]]></system-out>
    <system-err><![CDATA[org.openqa.selenium.NoSuchElementException: no such element: Unable to locate element: {"method":"xpath","selector":"//div[@class="sub-header__divide--control--tab ng-star-inserted" and contains(text(),"Silent Call")]"}
  (Session info: headless chrome=89.0.4389.90)
For documentation on this error, please visit: https://www.seleniumhq.org/exceptions/no_such_element.html
Build info: version: '4.0.0-alpha-3', revision: '8c567de6dc'
System info: host: 'LT2394650', ip: '172.23.64.219', os.name: 'Windows 10', os.arch: 'amd64', os.version: '10.0', java.version: '1.8.0_231'
Driver info: org.openqa.selenium.chrome.ChromeDriver
Capabilities {acceptInsecureCerts: true, browserName: chrome, browserVersion: 89.0.4389.90, chrome: {chromedriverVersion: 89.0.4389.23 (61b08ee2c5002..., userDataDir: C:\Users\2394650\AppData\Lo...}, goog:chromeOptions: {debuggerAddress: localhost:52187}, javascriptEnabled: true, networkConnectionEnabled: false, pageLoadStrategy: normal, platform: WINDOWS, platformName: WINDOWS, proxy: Proxy(), setWindowRect: true, strictFileInteractability: false, timeouts: {implicit: 0, pageLoad: 300000, script: 30000}, unhandledPromptBehavior: dismiss and notify, webauthn:extension:largeBlob: true, webauthn:virtualAuthenticators: true}
Session ID: 9bddb60362793b98befcaaba70e29dcd
*** Element info: {Using=xpath, value=//div[@class="sub-header__divide--control--tab ng-star-inserted" and contains(text(),"Silent Call")]}
	at sun.reflect.GeneratedConstructorAccessor50.newInstance(Unknown Source)
	at sun.reflect.DelegatingConstructorAccessorImpl.newInstance(DelegatingConstructorAccessorImpl.java:45)
	at java.lang.reflect.Constructor.newInstance(Constructor.java:423)
	at org.openqa.selenium.remote.codec.w3c.W3CHttpResponseCodec.createException(W3CHttpResponseCodec.java:191)
	at org.openqa.selenium.remote.codec.w3c.W3CHttpResponseCodec.decode(W3CHttpResponseCodec.java:125)
	at org.openqa.selenium.remote.codec.w3c.W3CHttpResponseCodec.decode(W3CHttpResponseCodec.java:52)
	at org.openqa.selenium.remote.HttpCommandExecutor.execute(HttpCommandExecutor.java:161)
	at org.openqa.selenium.remote.service.DriverCommandExecutor.execute(DriverCommandExecutor.java:83)
	at org.openqa.selenium.remote.RemoteWebDriver.execute(RemoteWebDriver.java:576)
	at org.openqa.selenium.remote.RemoteWebDriver.findElement(RemoteWebDriver.java:327)
	at org.openqa.selenium.remote.RemoteWebDriver.findElementByXPath(RemoteWebDriver.java:445)
	at org.openqa.selenium.By$ByXPath.findElement(By.java:396)
	at org.openqa.selenium.remote.RemoteWebDriver.findElement(RemoteWebDriver.java:319)
	at pages.BasePage.isElementVisible(BasePage.java:234)
	at pages.customerInteractionPagePOM.isPinTagVisible(customerInteractionPagePOM.java:128)
	at tests.PinTagTest.checkIssueCodeForPinTag(PinTagTest.java:78)
	at sun.reflect.NativeMethodAccessorImpl.invoke0(Native Method)
	at sun.reflect.NativeMethodAccessorImpl.invoke(NativeMethodAccessorImpl.java:62)
	at sun.reflect.DelegatingMethodAccessorImpl.invoke(DelegatingMethodAccessorImpl.java:43)
	at java.lang.reflect.Method.invoke(Method.java:498)
	at org.testng.internal.MethodInvocationHelper.invokeMethod(MethodInvocationHelper.java:133)
	at org.testng.internal.TestInvoker.invokeMethod(TestInvoker.java:584)
	at org.testng.internal.TestInvoker.invokeTestMethod(TestInvoker.java:172)
	at org.testng.internal.MethodRunner.runInSequence(MethodRunner.java:46)
	at org.testng.internal.TestInvoker$MethodInvocationAgent.invoke(TestInvoker.java:804)
	at org.testng.internal.TestInvoker.invokeTestMethods(TestInvoker.java:145)
	at org.testng.internal.TestMethodWorker.invokeTestMethods(TestMethodWorker.java:146)
	at org.testng.internal.TestMethodWorker.run(TestMethodWorker.java:128)
	at java.util.ArrayList.forEach(ArrayList.java:1257)
	at org.testng.TestRunner.privateRun(TestRunner.java:770)
	at org.testng.TestRunner.run(TestRunner.java:591)
	at org.testng.SuiteRunner.runTest(SuiteRunner.java:402)
	at org.testng.SuiteRunner.runSequentially(SuiteRunner.java:396)
	at org.testng.SuiteRunner.privateRun(SuiteRunner.java:355)
	at org.testng.SuiteRunner.run(SuiteRunner.java:304)
	at org.testng.SuiteRunnerWorker.runSuite(SuiteRunnerWorker.java:53)
	at org.testng.SuiteRunnerWorker.run(SuiteRunnerWorker.java:96)
	at org.testng.TestNG.runSuitesSequentially(TestNG.java:1180)
	at org.testng.TestNG.runSuitesLocally(TestNG.java:1102)
	at org.testng.TestNG.runSuites(TestNG.java:1032)
	at org.testng.TestNG.run(TestNG.java:1000)
	at org.apache.maven.surefire.testng.TestNGExecutor.run(TestNGExecutor.java:283)
	at org.apache.maven.surefire.testng.TestNGXmlTestSuite.execute(TestNGXmlTestSuite.java:75)
	at org.apache.maven.surefire.testng.TestNGProvider.invoke(TestNGProvider.java:120)
	at org.apache.maven.surefire.booter.ForkedBooter.invokeProviderInSameClassLoader(ForkedBooter.java:384)
	at org.apache.maven.surefire.booter.ForkedBooter.runSuitesInProcess(ForkedBooter.java:345)
	at org.apache.maven.surefire.booter.ForkedBooter.execute(ForkedBooter.java:126)
	at org.apache.maven.surefire.booter.ForkedBooter.main(ForkedBooter.java:418)
]]></system-err>
  </testcase>
  <testcase name="checkIssueCodeForPinTag" classname="tests.PinTagTest" time="5.104">
    <failure message="The following asserts failed:&#10;	Call Drop Does not display on UI" type="java.lang.AssertionError">java.lang.AssertionError: 
The following asserts failed:
	Call Drop Does not display on UI
	at tests.PinTagTest.checkIssueCodeForPinTag(PinTagTest.java:96)
</failure>
    <system-out><![CDATA[18:25:10.884 I am in on TestFailure method checkIssueCodeForPinTag failed
java.lang.AssertionError: The following asserts failed:
	Silent Call Does not display on UI
	at org.testng.asserts.SoftAssert.assertAll(SoftAssert.java:47)
	at org.testng.asserts.SoftAssert.assertAll(SoftAssert.java:31)
	at tests.PinTagTest.checkIssueCodeForPinTag(PinTagTest.java:96)
	at sun.reflect.NativeMethodAccessorImpl.invoke0(Native Method)
	at sun.reflect.NativeMethodAccessorImpl.invoke(NativeMethodAccessorImpl.java:62)
	at sun.reflect.DelegatingMethodAccessorImpl.invoke(DelegatingMethodAccessorImpl.java:43)
	at java.lang.reflect.Method.invoke(Method.java:498)
	at org.testng.internal.MethodInvocationHelper.invokeMethod(MethodInvocationHelper.java:133)
	at org.testng.internal.TestInvoker.invokeMethod(TestInvoker.java:584)
	at org.testng.internal.TestInvoker.invokeTestMethod(TestInvoker.java:172)
	at org.testng.internal.MethodRunner.runInSequence(MethodRunner.java:46)
	at org.testng.internal.TestInvoker$MethodInvocationAgent.invoke(TestInvoker.java:804)
	at org.testng.internal.TestInvoker.invokeTestMethods(TestInvoker.java:145)
	at org.testng.internal.TestMethodWorker.invokeTestMethods(TestMethodWorker.java:146)
	at org.testng.internal.TestMethodWorker.run(TestMethodWorker.java:128)
	at java.util.ArrayList.forEach(ArrayList.java:1257)
	at org.testng.TestRunner.privateRun(TestRunner.java:770)
	at org.testng.TestRunner.run(TestRunner.java:591)
	at org.testng.SuiteRunner.runTest(SuiteRunner.java:402)
	at org.testng.SuiteRunner.runSequentially(SuiteRunner.java:396)
	at org.testng.SuiteRunner.privateRun(SuiteRunner.java:355)
	at org.testng.SuiteRunner.run(SuiteRunner.java:304)
	at org.testng.SuiteRunnerWorker.runSuite(SuiteRunnerWorker.java:53)
	at org.testng.SuiteRunnerWorker.run(SuiteRunnerWorker.java:96)
	at org.testng.TestNG.runSuitesSequentially(TestNG.java:1180)
	at org.testng.TestNG.runSuitesLocally(TestNG.java:1102)
	at org.testng.TestNG.runSuites(TestNG.java:1032)
	at org.testng.TestNG.run(TestNG.java:1000)
	at org.apache.maven.surefire.testng.TestNGExecutor.run(TestNGExecutor.java:283)
	at org.apache.maven.surefire.testng.TestNGXmlTestSuite.execute(TestNGXmlTestSuite.java:75)
	at org.apache.maven.surefire.testng.TestNGProvider.invoke(TestNGProvider.java:120)
	at org.apache.maven.surefire.booter.ForkedBooter.invokeProviderInSameClassLoader(ForkedBooter.java:384)
	at org.apache.maven.surefire.booter.ForkedBooter.runSuitesInProcess(ForkedBooter.java:345)
	at org.apache.maven.surefire.booter.ForkedBooter.execute(ForkedBooter.java:126)
	at org.apache.maven.surefire.booter.ForkedBooter.main(ForkedBooter.java:418)

18:25:11.474 I am in onTestStart method checkIssueCodeForPinTag start
18:25:11.515 [main] INFO  pages.customerInteractionPagePOM(126) - Checking is Call Drop Pinned Tag Visible
]]></system-out>
    <system-err><![CDATA[org.openqa.selenium.NoSuchElementException: no such element: Unable to locate element: {"method":"xpath","selector":"//div[@class="sub-header__divide--control--tab ng-star-inserted" and contains(text(),"Call Drop")]"}
  (Session info: headless chrome=89.0.4389.90)
For documentation on this error, please visit: https://www.seleniumhq.org/exceptions/no_such_element.html
Build info: version: '4.0.0-alpha-3', revision: '8c567de6dc'
System info: host: 'LT2394650', ip: '172.23.64.219', os.name: 'Windows 10', os.arch: 'amd64', os.version: '10.0', java.version: '1.8.0_231'
Driver info: org.openqa.selenium.chrome.ChromeDriver
Capabilities {acceptInsecureCerts: true, browserName: chrome, browserVersion: 89.0.4389.90, chrome: {chromedriverVersion: 89.0.4389.23 (61b08ee2c5002..., userDataDir: C:\Users\2394650\AppData\Lo...}, goog:chromeOptions: {debuggerAddress: localhost:52187}, javascriptEnabled: true, networkConnectionEnabled: false, pageLoadStrategy: normal, platform: WINDOWS, platformName: WINDOWS, proxy: Proxy(), setWindowRect: true, strictFileInteractability: false, timeouts: {implicit: 0, pageLoad: 300000, script: 30000}, unhandledPromptBehavior: dismiss and notify, webauthn:extension:largeBlob: true, webauthn:virtualAuthenticators: true}
Session ID: 9bddb60362793b98befcaaba70e29dcd
*** Element info: {Using=xpath, value=//div[@class="sub-header__divide--control--tab ng-star-inserted" and contains(text(),"Call Drop")]}
	at sun.reflect.GeneratedConstructorAccessor50.newInstance(Unknown Source)
	at sun.reflect.DelegatingConstructorAccessorImpl.newInstance(DelegatingConstructorAccessorImpl.java:45)
	at java.lang.reflect.Constructor.newInstance(Constructor.java:423)
	at org.openqa.selenium.remote.codec.w3c.W3CHttpResponseCodec.createException(W3CHttpResponseCodec.java:191)
	at org.openqa.selenium.remote.codec.w3c.W3CHttpResponseCodec.decode(W3CHttpResponseCodec.java:125)
	at org.openqa.selenium.remote.codec.w3c.W3CHttpResponseCodec.decode(W3CHttpResponseCodec.java:52)
	at org.openqa.selenium.remote.HttpCommandExecutor.execute(HttpCommandExecutor.java:161)
	at org.openqa.selenium.remote.service.DriverCommandExecutor.execute(DriverCommandExecutor.java:83)
	at org.openqa.selenium.remote.RemoteWebDriver.execute(RemoteWebDriver.java:576)
	at org.openqa.selenium.remote.RemoteWebDriver.findElement(RemoteWebDriver.java:327)
	at org.openqa.selenium.remote.RemoteWebDriver.findElementByXPath(RemoteWebDriver.java:445)
	at org.openqa.selenium.By$ByXPath.findElement(By.java:396)
	at org.openqa.selenium.remote.RemoteWebDriver.findElement(RemoteWebDriver.java:319)
	at pages.BasePage.isElementVisible(BasePage.java:234)
	at pages.customerInteractionPagePOM.isPinTagVisible(customerInteractionPagePOM.java:128)
	at tests.PinTagTest.checkIssueCodeForPinTag(PinTagTest.java:78)
	at sun.reflect.NativeMethodAccessorImpl.invoke0(Native Method)
	at sun.reflect.NativeMethodAccessorImpl.invoke(NativeMethodAccessorImpl.java:62)
	at sun.reflect.DelegatingMethodAccessorImpl.invoke(DelegatingMethodAccessorImpl.java:43)
	at java.lang.reflect.Method.invoke(Method.java:498)
	at org.testng.internal.MethodInvocationHelper.invokeMethod(MethodInvocationHelper.java:133)
	at org.testng.internal.TestInvoker.invokeMethod(TestInvoker.java:584)
	at org.testng.internal.TestInvoker.invokeTestMethod(TestInvoker.java:172)
	at org.testng.internal.MethodRunner.runInSequence(MethodRunner.java:46)
	at org.testng.internal.TestInvoker$MethodInvocationAgent.invoke(TestInvoker.java:804)
	at org.testng.internal.TestInvoker.invokeTestMethods(TestInvoker.java:145)
	at org.testng.internal.TestMethodWorker.invokeTestMethods(TestMethodWorker.java:146)
	at org.testng.internal.TestMethodWorker.run(TestMethodWorker.java:128)
	at java.util.ArrayList.forEach(ArrayList.java:1257)
	at org.testng.TestRunner.privateRun(TestRunner.java:770)
	at org.testng.TestRunner.run(TestRunner.java:591)
	at org.testng.SuiteRunner.runTest(SuiteRunner.java:402)
	at org.testng.SuiteRunner.runSequentially(SuiteRunner.java:396)
	at org.testng.SuiteRunner.privateRun(SuiteRunner.java:355)
	at org.testng.SuiteRunner.run(SuiteRunner.java:304)
	at org.testng.SuiteRunnerWorker.runSuite(SuiteRunnerWorker.java:53)
	at org.testng.SuiteRunnerWorker.run(SuiteRunnerWorker.java:96)
	at org.testng.TestNG.runSuitesSequentially(TestNG.java:1180)
	at org.testng.TestNG.runSuitesLocally(TestNG.java:1102)
	at org.testng.TestNG.runSuites(TestNG.java:1032)
	at org.testng.TestNG.run(TestNG.java:1000)
	at org.apache.maven.surefire.testng.TestNGExecutor.run(TestNGExecutor.java:283)
	at org.apache.maven.surefire.testng.TestNGXmlTestSuite.execute(TestNGXmlTestSuite.java:75)
	at org.apache.maven.surefire.testng.TestNGProvider.invoke(TestNGProvider.java:120)
	at org.apache.maven.surefire.booter.ForkedBooter.invokeProviderInSameClassLoader(ForkedBooter.java:384)
	at org.apache.maven.surefire.booter.ForkedBooter.runSuitesInProcess(ForkedBooter.java:345)
	at org.apache.maven.surefire.booter.ForkedBooter.execute(ForkedBooter.java:126)
	at org.apache.maven.surefire.booter.ForkedBooter.main(ForkedBooter.java:418)
]]></system-err>
  </testcase>
  <testcase name="openCustomerInteraction" classname="tests.InteractionCommentTest" time="12.566">
    <failure message="element click intercepted: Element &lt;button _ngcontent-jxq-c14=&quot;&quot; mat-icon-button=&quot;&quot; class=&quot;mat-icon-button ng-tns-c14-4&quot; style=&quot;border: 2px solid black;&quot;&gt;...&lt;/button&gt; is not clickable at point (30, 34). Other element would receive the click: &lt;div class=&quot;cdk-overlay-backdrop cdk-overlay-dark-backdrop cdk-overlay-backdrop-showing&quot;&gt;&lt;/div&gt;&#10;  (Session info: headless chrome=89.0.4389.90)&#10;Build info: version: &apos;4.0.0-alpha-3&apos;, revision: &apos;8c567de6dc&apos;&#10;System info: host: &apos;LT2394650&apos;, ip: &apos;172.23.64.219&apos;, os.name: &apos;Windows 10&apos;, os.arch: &apos;amd64&apos;, os.version: &apos;10.0&apos;, java.version: &apos;1.8.0_231&apos;&#10;Driver info: org.openqa.selenium.chrome.ChromeDriver&#10;Capabilities {acceptInsecureCerts: true, browserName: chrome, browserVersion: 89.0.4389.90, chrome: {chromedriverVersion: 89.0.4389.23 (61b08ee2c5002..., userDataDir: C:\Users\2394650\AppData\Lo...}, goog:chromeOptions: {debuggerAddress: localhost:52187}, javascriptEnabled: true, networkConnectionEnabled: false, pageLoadStrategy: normal, platform: WINDOWS, platformName: WINDOWS, proxy: Proxy(), setWindowRect: true, strictFileInteractability: false, timeouts: {implicit: 0, pageLoad: 300000, script: 30000}, unhandledPromptBehavior: dismiss and notify, webauthn:extension:largeBlob: true, webauthn:virtualAuthenticators: true}&#10;Session ID: 9bddb60362793b98befcaaba70e29dcd" type="org.openqa.selenium.ElementClickInterceptedException"><![CDATA[org.openqa.selenium.ElementClickInterceptedException: 
element click intercepted: Element <button _ngcontent-jxq-c14="" mat-icon-button="" class="mat-icon-button ng-tns-c14-4" style="border: 2px solid black;">...</button> is not clickable at point (30, 34). Other element would receive the click: <div class="cdk-overlay-backdrop cdk-overlay-dark-backdrop cdk-overlay-backdrop-showing"></div>
  (Session info: headless chrome=89.0.4389.90)
Build info: version: '4.0.0-alpha-3', revision: '8c567de6dc'
System info: host: 'LT2394650', ip: '172.23.64.219', os.name: 'Windows 10', os.arch: 'amd64', os.version: '10.0', java.version: '1.8.0_231'
Driver info: org.openqa.selenium.chrome.ChromeDriver
Capabilities {acceptInsecureCerts: true, browserName: chrome, browserVersion: 89.0.4389.90, chrome: {chromedriverVersion: 89.0.4389.23 (61b08ee2c5002..., userDataDir: C:\Users\2394650\AppData\Lo...}, goog:chromeOptions: {debuggerAddress: localhost:52187}, javascriptEnabled: true, networkConnectionEnabled: false, pageLoadStrategy: normal, platform: WINDOWS, platformName: WINDOWS, proxy: Proxy(), setWindowRect: true, strictFileInteractability: false, timeouts: {implicit: 0, pageLoad: 300000, script: 30000}, unhandledPromptBehavior: dismiss and notify, webauthn:extension:largeBlob: true, webauthn:virtualAuthenticators: true}
Session ID: 9bddb60362793b98befcaaba70e29dcd
	at tests.InteractionCommentTest.openCustomerInteraction(InteractionCommentTest.java:31)
]]></failure>
    <system-out><![CDATA[18:25:16.554 I am in on TestFailure method checkIssueCodeForPinTag failed
java.lang.AssertionError: The following asserts failed:
	Call Drop Does not display on UI
	at org.testng.asserts.SoftAssert.assertAll(SoftAssert.java:47)
	at org.testng.asserts.SoftAssert.assertAll(SoftAssert.java:31)
	at tests.PinTagTest.checkIssueCodeForPinTag(PinTagTest.java:96)
	at sun.reflect.NativeMethodAccessorImpl.invoke0(Native Method)
	at sun.reflect.NativeMethodAccessorImpl.invoke(NativeMethodAccessorImpl.java:62)
	at sun.reflect.DelegatingMethodAccessorImpl.invoke(DelegatingMethodAccessorImpl.java:43)
	at java.lang.reflect.Method.invoke(Method.java:498)
	at org.testng.internal.MethodInvocationHelper.invokeMethod(MethodInvocationHelper.java:133)
	at org.testng.internal.TestInvoker.invokeMethod(TestInvoker.java:584)
	at org.testng.internal.TestInvoker.invokeTestMethod(TestInvoker.java:172)
	at org.testng.internal.MethodRunner.runInSequence(MethodRunner.java:46)
	at org.testng.internal.TestInvoker$MethodInvocationAgent.invoke(TestInvoker.java:804)
	at org.testng.internal.TestInvoker.invokeTestMethods(TestInvoker.java:145)
	at org.testng.internal.TestMethodWorker.invokeTestMethods(TestMethodWorker.java:146)
	at org.testng.internal.TestMethodWorker.run(TestMethodWorker.java:128)
	at java.util.ArrayList.forEach(ArrayList.java:1257)
	at org.testng.TestRunner.privateRun(TestRunner.java:770)
	at org.testng.TestRunner.run(TestRunner.java:591)
	at org.testng.SuiteRunner.runTest(SuiteRunner.java:402)
	at org.testng.SuiteRunner.runSequentially(SuiteRunner.java:396)
	at org.testng.SuiteRunner.privateRun(SuiteRunner.java:355)
	at org.testng.SuiteRunner.run(SuiteRunner.java:304)
	at org.testng.SuiteRunnerWorker.runSuite(SuiteRunnerWorker.java:53)
	at org.testng.SuiteRunnerWorker.run(SuiteRunnerWorker.java:96)
	at org.testng.TestNG.runSuitesSequentially(TestNG.java:1180)
	at org.testng.TestNG.runSuitesLocally(TestNG.java:1102)
	at org.testng.TestNG.runSuites(TestNG.java:1032)
	at org.testng.TestNG.run(TestNG.java:1000)
	at org.apache.maven.surefire.testng.TestNGExecutor.run(TestNGExecutor.java:283)
	at org.apache.maven.surefire.testng.TestNGXmlTestSuite.execute(TestNGXmlTestSuite.java:75)
	at org.apache.maven.surefire.testng.TestNGProvider.invoke(TestNGProvider.java:120)
	at org.apache.maven.surefire.booter.ForkedBooter.invokeProviderInSameClassLoader(ForkedBooter.java:384)
	at org.apache.maven.surefire.booter.ForkedBooter.runSuitesInProcess(ForkedBooter.java:345)
	at org.apache.maven.surefire.booter.ForkedBooter.execute(ForkedBooter.java:126)
	at org.apache.maven.surefire.booter.ForkedBooter.main(ForkedBooter.java:418)

I am in onFinish method Customer Pinned Tag TEST
I am in onStart method Add Interaction Ticket Comment
18:25:17.877 [main] INFO  Utils.DataProviders.DataProviders(244) - User Type ALL
18:25:17.877 [main] INFO  Utils.DataProviders.DataProviders(250) - NO USER FOUND
18:25:17.877 [main] INFO  Utils.DataProviders.DataProviders(244) - User Type BA
18:25:17.877 [main] INFO  Utils.DataProviders.DataProviders(250) - NO USER FOUND
18:25:17.877 [main] INFO  Utils.DataProviders.DataProviders(244) - User Type API
18:25:17.879 [main] INFO  Utils.DataProviders.DataProviders(250) - NO USER FOUND
18:25:17.879 [main] INFO  Utils.DataProviders.DataProviders(244) - User Type NFTR
18:25:17.879 [main] INFO  Utils.DataProviders.DataProviders(247) - User Type ADDED NFTR
18:25:17.879 I am in onTestStart method openCustomerInteraction start
18:25:17.990 [main] INFO  pages.BasePage(328) - Waiting for loader to be removed
18:25:23.063 [main] INFO  pages.BasePage(328) - Loader Removed
18:25:23.063 [main] INFO  pages.SideMenuPOM(42) - Clicking on Side Menu
18:25:24.300 [main] INFO  pages.BasePage(328) - Waiting for loader to be removed
18:25:29.336 [main] INFO  pages.BasePage(328) - Loader Removed
]]></system-out>
  </testcase>
  <testcase name="addInteractionComment" classname="tests.InteractionCommentTest" time="12.52">
    <failure message="element click intercepted: Element &lt;div _ngcontent-jxq-c26=&quot;&quot; class=&quot;sub-header__divide--control--tab&quot; style=&quot;border: 2px solid black;&quot;&gt;...&lt;/div&gt; is not clickable at point (1432, 265). Other element would receive the click: &lt;div class=&quot;cdk-overlay-backdrop cdk-overlay-dark-backdrop cdk-overlay-backdrop-showing&quot;&gt;&lt;/div&gt;&#10;  (Session info: headless chrome=89.0.4389.90)&#10;Build info: version: &apos;4.0.0-alpha-3&apos;, revision: &apos;8c567de6dc&apos;&#10;System info: host: &apos;LT2394650&apos;, ip: &apos;172.23.64.219&apos;, os.name: &apos;Windows 10&apos;, os.arch: &apos;amd64&apos;, os.version: &apos;10.0&apos;, java.version: &apos;1.8.0_231&apos;&#10;Driver info: org.openqa.selenium.chrome.ChromeDriver&#10;Capabilities {acceptInsecureCerts: true, browserName: chrome, browserVersion: 89.0.4389.90, chrome: {chromedriverVersion: 89.0.4389.23 (61b08ee2c5002..., userDataDir: C:\Users\2394650\AppData\Lo...}, goog:chromeOptions: {debuggerAddress: localhost:52187}, javascriptEnabled: true, networkConnectionEnabled: false, pageLoadStrategy: normal, platform: WINDOWS, platformName: WINDOWS, proxy: Proxy(), setWindowRect: true, strictFileInteractability: false, timeouts: {implicit: 0, pageLoad: 300000, script: 30000}, unhandledPromptBehavior: dismiss and notify, webauthn:extension:largeBlob: true, webauthn:virtualAuthenticators: true}&#10;Session ID: 9bddb60362793b98befcaaba70e29dcd" type="org.openqa.selenium.ElementClickInterceptedException"><![CDATA[org.openqa.selenium.ElementClickInterceptedException: 
element click intercepted: Element <div _ngcontent-jxq-c26="" class="sub-header__divide--control--tab" style="border: 2px solid black;">...</div> is not clickable at point (1432, 265). Other element would receive the click: <div class="cdk-overlay-backdrop cdk-overlay-dark-backdrop cdk-overlay-backdrop-showing"></div>
  (Session info: headless chrome=89.0.4389.90)
Build info: version: '4.0.0-alpha-3', revision: '8c567de6dc'
System info: host: 'LT2394650', ip: '172.23.64.219', os.name: 'Windows 10', os.arch: 'amd64', os.version: '10.0', java.version: '1.8.0_231'
Driver info: org.openqa.selenium.chrome.ChromeDriver
Capabilities {acceptInsecureCerts: true, browserName: chrome, browserVersion: 89.0.4389.90, chrome: {chromedriverVersion: 89.0.4389.23 (61b08ee2c5002..., userDataDir: C:\Users\2394650\AppData\Lo...}, goog:chromeOptions: {debuggerAddress: localhost:52187}, javascriptEnabled: true, networkConnectionEnabled: false, pageLoadStrategy: normal, platform: WINDOWS, platformName: WINDOWS, proxy: Proxy(), setWindowRect: true, strictFileInteractability: false, timeouts: {implicit: 0, pageLoad: 300000, script: 30000}, unhandledPromptBehavior: dismiss and notify, webauthn:extension:largeBlob: true, webauthn:virtualAuthenticators: true}
Session ID: 9bddb60362793b98befcaaba70e29dcd
	at tests.InteractionCommentTest.addInteractionComment(InteractionCommentTest.java:47)
]]></failure>
    <system-out><![CDATA[18:25:30.445 I am in on TestFailure method openCustomerInteraction failed
org.openqa.selenium.ElementClickInterceptedException: element click intercepted: Element <button _ngcontent-jxq-c14="" mat-icon-button="" class="mat-icon-button ng-tns-c14-4" style="border: 2px solid black;">...</button> is not clickable at point (30, 34). Other element would receive the click: <div class="cdk-overlay-backdrop cdk-overlay-dark-backdrop cdk-overlay-backdrop-showing"></div>
  (Session info: headless chrome=89.0.4389.90)
Build info: version: '4.0.0-alpha-3', revision: '8c567de6dc'
System info: host: 'LT2394650', ip: '172.23.64.219', os.name: 'Windows 10', os.arch: 'amd64', os.version: '10.0', java.version: '1.8.0_231'
Driver info: org.openqa.selenium.chrome.ChromeDriver
Capabilities {acceptInsecureCerts: true, browserName: chrome, browserVersion: 89.0.4389.90, chrome: {chromedriverVersion: 89.0.4389.23 (61b08ee2c5002..., userDataDir: C:\Users\2394650\AppData\Lo...}, goog:chromeOptions: {debuggerAddress: localhost:52187}, javascriptEnabled: true, networkConnectionEnabled: false, pageLoadStrategy: normal, platform: WINDOWS, platformName: WINDOWS, proxy: Proxy(), setWindowRect: true, strictFileInteractability: false, timeouts: {implicit: 0, pageLoad: 300000, script: 30000}, unhandledPromptBehavior: dismiss and notify, webauthn:extension:largeBlob: true, webauthn:virtualAuthenticators: true}
Session ID: 9bddb60362793b98befcaaba70e29dcd
	at sun.reflect.GeneratedConstructorAccessor58.newInstance(Unknown Source)
	at sun.reflect.DelegatingConstructorAccessorImpl.newInstance(DelegatingConstructorAccessorImpl.java:45)
	at java.lang.reflect.Constructor.newInstance(Constructor.java:423)
	at org.openqa.selenium.remote.codec.w3c.W3CHttpResponseCodec.createException(W3CHttpResponseCodec.java:191)
	at org.openqa.selenium.remote.codec.w3c.W3CHttpResponseCodec.decode(W3CHttpResponseCodec.java:125)
	at org.openqa.selenium.remote.codec.w3c.W3CHttpResponseCodec.decode(W3CHttpResponseCodec.java:52)
	at org.openqa.selenium.remote.HttpCommandExecutor.execute(HttpCommandExecutor.java:161)
	at org.openqa.selenium.remote.service.DriverCommandExecutor.execute(DriverCommandExecutor.java:83)
	at org.openqa.selenium.remote.RemoteWebDriver.execute(RemoteWebDriver.java:576)
	at org.openqa.selenium.remote.RemoteWebElement.execute(RemoteWebElement.java:308)
	at org.openqa.selenium.remote.RemoteWebElement.click(RemoteWebElement.java:83)
	at pages.BasePage.click(BasePage.java:77)
	at pages.SideMenuPOM.clickOnSideMenu(SideMenuPOM.java:44)
	at tests.InteractionCommentTest.openCustomerInteraction(InteractionCommentTest.java:31)
	at sun.reflect.NativeMethodAccessorImpl.invoke0(Native Method)
	at sun.reflect.NativeMethodAccessorImpl.invoke(NativeMethodAccessorImpl.java:62)
	at sun.reflect.DelegatingMethodAccessorImpl.invoke(DelegatingMethodAccessorImpl.java:43)
	at java.lang.reflect.Method.invoke(Method.java:498)
	at org.testng.internal.MethodInvocationHelper.invokeMethod(MethodInvocationHelper.java:133)
	at org.testng.internal.TestInvoker.invokeMethod(TestInvoker.java:584)
	at org.testng.internal.TestInvoker.invokeTestMethod(TestInvoker.java:172)
	at org.testng.internal.MethodRunner.runInSequence(MethodRunner.java:46)
	at org.testng.internal.TestInvoker$MethodInvocationAgent.invoke(TestInvoker.java:804)
	at org.testng.internal.TestInvoker.invokeTestMethods(TestInvoker.java:145)
	at org.testng.internal.TestMethodWorker.invokeTestMethods(TestMethodWorker.java:146)
	at org.testng.internal.TestMethodWorker.run(TestMethodWorker.java:128)
	at java.util.ArrayList.forEach(ArrayList.java:1257)
	at org.testng.TestRunner.privateRun(TestRunner.java:770)
	at org.testng.TestRunner.run(TestRunner.java:591)
	at org.testng.SuiteRunner.runTest(SuiteRunner.java:402)
	at org.testng.SuiteRunner.runSequentially(SuiteRunner.java:396)
	at org.testng.SuiteRunner.privateRun(SuiteRunner.java:355)
	at org.testng.SuiteRunner.run(SuiteRunner.java:304)
	at org.testng.SuiteRunnerWorker.runSuite(SuiteRunnerWorker.java:53)
	at org.testng.SuiteRunnerWorker.run(SuiteRunnerWorker.java:96)
	at org.testng.TestNG.runSuitesSequentially(TestNG.java:1180)
	at org.testng.TestNG.runSuitesLocally(TestNG.java:1102)
	at org.testng.TestNG.runSuites(TestNG.java:1032)
	at org.testng.TestNG.run(TestNG.java:1000)
	at org.apache.maven.surefire.testng.TestNGExecutor.run(TestNGExecutor.java:283)
	at org.apache.maven.surefire.testng.TestNGXmlTestSuite.execute(TestNGXmlTestSuite.java:75)
	at org.apache.maven.surefire.testng.TestNGProvider.invoke(TestNGProvider.java:120)
	at org.apache.maven.surefire.booter.ForkedBooter.invokeProviderInSameClassLoader(ForkedBooter.java:384)
	at org.apache.maven.surefire.booter.ForkedBooter.runSuitesInProcess(ForkedBooter.java:345)
	at org.apache.maven.surefire.booter.ForkedBooter.execute(ForkedBooter.java:126)
	at org.apache.maven.surefire.booter.ForkedBooter.main(ForkedBooter.java:418)

18:25:31.115 I am in onTestStart method addInteractionComment start
03/20/2021
18:25:31.153 [main] INFO  pages.BasePage(328) - Waiting for loader to be removed
18:25:36.230 [main] INFO  pages.BasePage(328) - Loader Removed
18:25:37.490 [main] INFO  pages.BasePage(328) - Waiting for loader to be removed
18:25:42.502 [main] INFO  pages.BasePage(328) - Loader Removed
]]></system-out>
  </testcase>
  <testcase name="checkSendMessageLog" classname="tests.InteractionCommentTest" time="0">
    <skipped message="Method InteractionCommentTest.checkSendMessageLog()[pri:3, instance:tests.InteractionCommentTest@19b843ba] depends on not successfully finished methods"/>
    <system-out><![CDATA[18:25:43.635 I am in on TestFailure method addInteractionComment failed
org.openqa.selenium.ElementClickInterceptedException: element click intercepted: Element <div _ngcontent-jxq-c26="" class="sub-header__divide--control--tab" style="border: 2px solid black;">...</div> is not clickable at point (1432, 265). Other element would receive the click: <div class="cdk-overlay-backdrop cdk-overlay-dark-backdrop cdk-overlay-backdrop-showing"></div>
  (Session info: headless chrome=89.0.4389.90)
Build info: version: '4.0.0-alpha-3', revision: '8c567de6dc'
System info: host: 'LT2394650', ip: '172.23.64.219', os.name: 'Windows 10', os.arch: 'amd64', os.version: '10.0', java.version: '1.8.0_231'
Driver info: org.openqa.selenium.chrome.ChromeDriver
Capabilities {acceptInsecureCerts: true, browserName: chrome, browserVersion: 89.0.4389.90, chrome: {chromedriverVersion: 89.0.4389.23 (61b08ee2c5002..., userDataDir: C:\Users\2394650\AppData\Lo...}, goog:chromeOptions: {debuggerAddress: localhost:52187}, javascriptEnabled: true, networkConnectionEnabled: false, pageLoadStrategy: normal, platform: WINDOWS, platformName: WINDOWS, proxy: Proxy(), setWindowRect: true, strictFileInteractability: false, timeouts: {implicit: 0, pageLoad: 300000, script: 30000}, unhandledPromptBehavior: dismiss and notify, webauthn:extension:largeBlob: true, webauthn:virtualAuthenticators: true}
Session ID: 9bddb60362793b98befcaaba70e29dcd
	at sun.reflect.GeneratedConstructorAccessor58.newInstance(Unknown Source)
	at sun.reflect.DelegatingConstructorAccessorImpl.newInstance(DelegatingConstructorAccessorImpl.java:45)
	at java.lang.reflect.Constructor.newInstance(Constructor.java:423)
	at org.openqa.selenium.remote.codec.w3c.W3CHttpResponseCodec.createException(W3CHttpResponseCodec.java:191)
	at org.openqa.selenium.remote.codec.w3c.W3CHttpResponseCodec.decode(W3CHttpResponseCodec.java:125)
	at org.openqa.selenium.remote.codec.w3c.W3CHttpResponseCodec.decode(W3CHttpResponseCodec.java:52)
	at org.openqa.selenium.remote.HttpCommandExecutor.execute(HttpCommandExecutor.java:161)
	at org.openqa.selenium.remote.service.DriverCommandExecutor.execute(DriverCommandExecutor.java:83)
	at org.openqa.selenium.remote.RemoteWebDriver.execute(RemoteWebDriver.java:576)
	at org.openqa.selenium.remote.RemoteWebElement.execute(RemoteWebElement.java:308)
	at org.openqa.selenium.remote.RemoteWebElement.click(RemoteWebElement.java:83)
	at pages.BasePage.click(BasePage.java:77)
	at pages.customerInteractionPagePOM.clickOnInteractionIcon(customerInteractionPagePOM.java:110)
	at tests.InteractionCommentTest.addInteractionComment(InteractionCommentTest.java:47)
	at sun.reflect.NativeMethodAccessorImpl.invoke0(Native Method)
	at sun.reflect.NativeMethodAccessorImpl.invoke(NativeMethodAccessorImpl.java:62)
	at sun.reflect.DelegatingMethodAccessorImpl.invoke(DelegatingMethodAccessorImpl.java:43)
	at java.lang.reflect.Method.invoke(Method.java:498)
	at org.testng.internal.MethodInvocationHelper.invokeMethod(MethodInvocationHelper.java:133)
	at org.testng.internal.TestInvoker.invokeMethod(TestInvoker.java:584)
	at org.testng.internal.TestInvoker.invokeTestMethod(TestInvoker.java:172)
	at org.testng.internal.MethodRunner.runInSequence(MethodRunner.java:46)
	at org.testng.internal.TestInvoker$MethodInvocationAgent.invoke(TestInvoker.java:804)
	at org.testng.internal.TestInvoker.invokeTestMethods(TestInvoker.java:145)
	at org.testng.internal.TestMethodWorker.invokeTestMethods(TestMethodWorker.java:146)
	at org.testng.internal.TestMethodWorker.run(TestMethodWorker.java:128)
	at java.util.ArrayList.forEach(ArrayList.java:1257)
	at org.testng.TestRunner.privateRun(TestRunner.java:770)
	at org.testng.TestRunner.run(TestRunner.java:591)
	at org.testng.SuiteRunner.runTest(SuiteRunner.java:402)
	at org.testng.SuiteRunner.runSequentially(SuiteRunner.java:396)
	at org.testng.SuiteRunner.privateRun(SuiteRunner.java:355)
	at org.testng.SuiteRunner.run(SuiteRunner.java:304)
	at org.testng.SuiteRunnerWorker.runSuite(SuiteRunnerWorker.java:53)
	at org.testng.SuiteRunnerWorker.run(SuiteRunnerWorker.java:96)
	at org.testng.TestNG.runSuitesSequentially(TestNG.java:1180)
	at org.testng.TestNG.runSuitesLocally(TestNG.java:1102)
	at org.testng.TestNG.runSuites(TestNG.java:1032)
	at org.testng.TestNG.run(TestNG.java:1000)
	at org.apache.maven.surefire.testng.TestNGExecutor.run(TestNGExecutor.java:283)
	at org.apache.maven.surefire.testng.TestNGXmlTestSuite.execute(TestNGXmlTestSuite.java:75)
	at org.apache.maven.surefire.testng.TestNGProvider.invoke(TestNGProvider.java:120)
	at org.apache.maven.surefire.booter.ForkedBooter.invokeProviderInSameClassLoader(ForkedBooter.java:384)
	at org.apache.maven.surefire.booter.ForkedBooter.runSuitesInProcess(ForkedBooter.java:345)
	at org.apache.maven.surefire.booter.ForkedBooter.execute(ForkedBooter.java:126)
	at org.apache.maven.surefire.booter.ForkedBooter.main(ForkedBooter.java:418)

18:25:44.223 I am in onTestStart method checkSendMessageLog start
]]></system-out>
  </testcase>
  <testcase name="openCustomerInteraction" classname="tests.FrontendAgentTicketTest" time="12.602">
    <failure message="element click intercepted: Element &lt;button _ngcontent-jxq-c14=&quot;&quot; mat-icon-button=&quot;&quot; class=&quot;mat-icon-button ng-tns-c14-4&quot; style=&quot;border: 2px solid black;&quot;&gt;...&lt;/button&gt; is not clickable at point (30, 34). Other element would receive the click: &lt;div class=&quot;cdk-overlay-backdrop cdk-overlay-dark-backdrop cdk-overlay-backdrop-showing&quot;&gt;&lt;/div&gt;&#10;  (Session info: headless chrome=89.0.4389.90)&#10;Build info: version: &apos;4.0.0-alpha-3&apos;, revision: &apos;8c567de6dc&apos;&#10;System info: host: &apos;LT2394650&apos;, ip: &apos;172.23.64.219&apos;, os.name: &apos;Windows 10&apos;, os.arch: &apos;amd64&apos;, os.version: &apos;10.0&apos;, java.version: &apos;1.8.0_231&apos;&#10;Driver info: org.openqa.selenium.chrome.ChromeDriver&#10;Capabilities {acceptInsecureCerts: true, browserName: chrome, browserVersion: 89.0.4389.90, chrome: {chromedriverVersion: 89.0.4389.23 (61b08ee2c5002..., userDataDir: C:\Users\2394650\AppData\Lo...}, goog:chromeOptions: {debuggerAddress: localhost:52187}, javascriptEnabled: true, networkConnectionEnabled: false, pageLoadStrategy: normal, platform: WINDOWS, platformName: WINDOWS, proxy: Proxy(), setWindowRect: true, strictFileInteractability: false, timeouts: {implicit: 0, pageLoad: 300000, script: 30000}, unhandledPromptBehavior: dismiss and notify, webauthn:extension:largeBlob: true, webauthn:virtualAuthenticators: true}&#10;Session ID: 9bddb60362793b98befcaaba70e29dcd" type="org.openqa.selenium.ElementClickInterceptedException"><![CDATA[org.openqa.selenium.ElementClickInterceptedException: 
element click intercepted: Element <button _ngcontent-jxq-c14="" mat-icon-button="" class="mat-icon-button ng-tns-c14-4" style="border: 2px solid black;">...</button> is not clickable at point (30, 34). Other element would receive the click: <div class="cdk-overlay-backdrop cdk-overlay-dark-backdrop cdk-overlay-backdrop-showing"></div>
  (Session info: headless chrome=89.0.4389.90)
Build info: version: '4.0.0-alpha-3', revision: '8c567de6dc'
System info: host: 'LT2394650', ip: '172.23.64.219', os.name: 'Windows 10', os.arch: 'amd64', os.version: '10.0', java.version: '1.8.0_231'
Driver info: org.openqa.selenium.chrome.ChromeDriver
Capabilities {acceptInsecureCerts: true, browserName: chrome, browserVersion: 89.0.4389.90, chrome: {chromedriverVersion: 89.0.4389.23 (61b08ee2c5002..., userDataDir: C:\Users\2394650\AppData\Lo...}, goog:chromeOptions: {debuggerAddress: localhost:52187}, javascriptEnabled: true, networkConnectionEnabled: false, pageLoadStrategy: normal, platform: WINDOWS, platformName: WINDOWS, proxy: Proxy(), setWindowRect: true, strictFileInteractability: false, timeouts: {implicit: 0, pageLoad: 300000, script: 30000}, unhandledPromptBehavior: dismiss and notify, webauthn:extension:largeBlob: true, webauthn:virtualAuthenticators: true}
Session ID: 9bddb60362793b98befcaaba70e29dcd
	at tests.FrontendAgentTicketTest.openCustomerInteraction(FrontendAgentTicketTest.java:25)
]]></failure>
    <system-out><![CDATA[I am in on TestSkipped method checkSendMessageLog skipped
I am in onFinish method Add Interaction Ticket Comment
I am in onStart method Validate Frontend Agent Ticket Page
18:25:44.960 [main] INFO  Utils.DataProviders.DataProviders(244) - User Type ALL
18:25:44.960 [main] INFO  Utils.DataProviders.DataProviders(250) - NO USER FOUND
18:25:44.960 [main] INFO  Utils.DataProviders.DataProviders(244) - User Type BA
18:25:44.960 [main] INFO  Utils.DataProviders.DataProviders(250) - NO USER FOUND
18:25:44.960 [main] INFO  Utils.DataProviders.DataProviders(244) - User Type API
18:25:44.960 [main] INFO  Utils.DataProviders.DataProviders(250) - NO USER FOUND
18:25:44.960 [main] INFO  Utils.DataProviders.DataProviders(244) - User Type NFTR
18:25:44.960 [main] INFO  Utils.DataProviders.DataProviders(247) - User Type ADDED NFTR
18:25:44.960 I am in onTestStart method openCustomerInteraction start
18:25:45.079 [main] INFO  pages.BasePage(328) - Waiting for loader to be removed
18:25:50.109 [main] INFO  pages.BasePage(328) - Loader Removed
18:25:50.109 [main] INFO  pages.SideMenuPOM(42) - Clicking on Side Menu
18:25:51.375 [main] INFO  pages.BasePage(328) - Waiting for loader to be removed
18:25:56.421 [main] INFO  pages.BasePage(328) - Loader Removed
]]></system-out>
  </testcase>
  <testcase name="validateTicket" classname="tests.FrontendAgentTicketTest" time="7.433">
    <failure message="element click intercepted: Element &lt;span _ngcontent-jxq-c26=&quot;&quot; apphotkeys=&quot;&quot; class=&quot;ng-star-inserted&quot; style=&quot;border: 2px solid black;&quot;&gt;...&lt;/span&gt; is not clickable at point (371, 262). Other element would receive the click: &lt;div class=&quot;cdk-overlay-backdrop cdk-overlay-dark-backdrop cdk-overlay-backdrop-showing&quot;&gt;&lt;/div&gt;&#10;  (Session info: headless chrome=89.0.4389.90)&#10;Build info: version: &apos;4.0.0-alpha-3&apos;, revision: &apos;8c567de6dc&apos;&#10;System info: host: &apos;LT2394650&apos;, ip: &apos;172.23.64.219&apos;, os.name: &apos;Windows 10&apos;, os.arch: &apos;amd64&apos;, os.version: &apos;10.0&apos;, java.version: &apos;1.8.0_231&apos;&#10;Driver info: org.openqa.selenium.chrome.ChromeDriver&#10;Capabilities {acceptInsecureCerts: true, browserName: chrome, browserVersion: 89.0.4389.90, chrome: {chromedriverVersion: 89.0.4389.23 (61b08ee2c5002..., userDataDir: C:\Users\2394650\AppData\Lo...}, goog:chromeOptions: {debuggerAddress: localhost:52187}, javascriptEnabled: true, networkConnectionEnabled: false, pageLoadStrategy: normal, platform: WINDOWS, platformName: WINDOWS, proxy: Proxy(), setWindowRect: true, strictFileInteractability: false, timeouts: {implicit: 0, pageLoad: 300000, script: 30000}, unhandledPromptBehavior: dismiss and notify, webauthn:extension:largeBlob: true, webauthn:virtualAuthenticators: true}&#10;Session ID: 9bddb60362793b98befcaaba70e29dcd" type="org.openqa.selenium.ElementClickInterceptedException"><![CDATA[org.openqa.selenium.ElementClickInterceptedException: 
element click intercepted: Element <span _ngcontent-jxq-c26="" apphotkeys="" class="ng-star-inserted" style="border: 2px solid black;">...</span> is not clickable at point (371, 262). Other element would receive the click: <div class="cdk-overlay-backdrop cdk-overlay-dark-backdrop cdk-overlay-backdrop-showing"></div>
  (Session info: headless chrome=89.0.4389.90)
Build info: version: '4.0.0-alpha-3', revision: '8c567de6dc'
System info: host: 'LT2394650', ip: '172.23.64.219', os.name: 'Windows 10', os.arch: 'amd64', os.version: '10.0', java.version: '1.8.0_231'
Driver info: org.openqa.selenium.chrome.ChromeDriver
Capabilities {acceptInsecureCerts: true, browserName: chrome, browserVersion: 89.0.4389.90, chrome: {chromedriverVersion: 89.0.4389.23 (61b08ee2c5002..., userDataDir: C:\Users\2394650\AppData\Lo...}, goog:chromeOptions: {debuggerAddress: localhost:52187}, javascriptEnabled: true, networkConnectionEnabled: false, pageLoadStrategy: normal, platform: WINDOWS, platformName: WINDOWS, proxy: Proxy(), setWindowRect: true, strictFileInteractability: false, timeouts: {implicit: 0, pageLoad: 300000, script: 30000}, unhandledPromptBehavior: dismiss and notify, webauthn:extension:largeBlob: true, webauthn:virtualAuthenticators: true}
Session ID: 9bddb60362793b98befcaaba70e29dcd
	at tests.FrontendAgentTicketTest.validateTicket(FrontendAgentTicketTest.java:39)
]]></failure>
    <system-out><![CDATA[18:25:57.562 I am in on TestFailure method openCustomerInteraction failed
org.openqa.selenium.ElementClickInterceptedException: element click intercepted: Element <button _ngcontent-jxq-c14="" mat-icon-button="" class="mat-icon-button ng-tns-c14-4" style="border: 2px solid black;">...</button> is not clickable at point (30, 34). Other element would receive the click: <div class="cdk-overlay-backdrop cdk-overlay-dark-backdrop cdk-overlay-backdrop-showing"></div>
  (Session info: headless chrome=89.0.4389.90)
Build info: version: '4.0.0-alpha-3', revision: '8c567de6dc'
System info: host: 'LT2394650', ip: '172.23.64.219', os.name: 'Windows 10', os.arch: 'amd64', os.version: '10.0', java.version: '1.8.0_231'
Driver info: org.openqa.selenium.chrome.ChromeDriver
Capabilities {acceptInsecureCerts: true, browserName: chrome, browserVersion: 89.0.4389.90, chrome: {chromedriverVersion: 89.0.4389.23 (61b08ee2c5002..., userDataDir: C:\Users\2394650\AppData\Lo...}, goog:chromeOptions: {debuggerAddress: localhost:52187}, javascriptEnabled: true, networkConnectionEnabled: false, pageLoadStrategy: normal, platform: WINDOWS, platformName: WINDOWS, proxy: Proxy(), setWindowRect: true, strictFileInteractability: false, timeouts: {implicit: 0, pageLoad: 300000, script: 30000}, unhandledPromptBehavior: dismiss and notify, webauthn:extension:largeBlob: true, webauthn:virtualAuthenticators: true}
Session ID: 9bddb60362793b98befcaaba70e29dcd
	at sun.reflect.GeneratedConstructorAccessor58.newInstance(Unknown Source)
	at sun.reflect.DelegatingConstructorAccessorImpl.newInstance(DelegatingConstructorAccessorImpl.java:45)
	at java.lang.reflect.Constructor.newInstance(Constructor.java:423)
	at org.openqa.selenium.remote.codec.w3c.W3CHttpResponseCodec.createException(W3CHttpResponseCodec.java:191)
	at org.openqa.selenium.remote.codec.w3c.W3CHttpResponseCodec.decode(W3CHttpResponseCodec.java:125)
	at org.openqa.selenium.remote.codec.w3c.W3CHttpResponseCodec.decode(W3CHttpResponseCodec.java:52)
	at org.openqa.selenium.remote.HttpCommandExecutor.execute(HttpCommandExecutor.java:161)
	at org.openqa.selenium.remote.service.DriverCommandExecutor.execute(DriverCommandExecutor.java:83)
	at org.openqa.selenium.remote.RemoteWebDriver.execute(RemoteWebDriver.java:576)
	at org.openqa.selenium.remote.RemoteWebElement.execute(RemoteWebElement.java:308)
	at org.openqa.selenium.remote.RemoteWebElement.click(RemoteWebElement.java:83)
	at pages.BasePage.click(BasePage.java:77)
	at pages.SideMenuPOM.clickOnSideMenu(SideMenuPOM.java:44)
	at tests.FrontendAgentTicketTest.openCustomerInteraction(FrontendAgentTicketTest.java:25)
	at sun.reflect.NativeMethodAccessorImpl.invoke0(Native Method)
	at sun.reflect.NativeMethodAccessorImpl.invoke(NativeMethodAccessorImpl.java:62)
	at sun.reflect.DelegatingMethodAccessorImpl.invoke(DelegatingMethodAccessorImpl.java:43)
	at java.lang.reflect.Method.invoke(Method.java:498)
	at org.testng.internal.MethodInvocationHelper.invokeMethod(MethodInvocationHelper.java:133)
	at org.testng.internal.TestInvoker.invokeMethod(TestInvoker.java:584)
	at org.testng.internal.TestInvoker.invokeTestMethod(TestInvoker.java:172)
	at org.testng.internal.MethodRunner.runInSequence(MethodRunner.java:46)
	at org.testng.internal.TestInvoker$MethodInvocationAgent.invoke(TestInvoker.java:804)
	at org.testng.internal.TestInvoker.invokeTestMethods(TestInvoker.java:145)
	at org.testng.internal.TestMethodWorker.invokeTestMethods(TestMethodWorker.java:146)
	at org.testng.internal.TestMethodWorker.run(TestMethodWorker.java:128)
	at java.util.ArrayList.forEach(ArrayList.java:1257)
	at org.testng.TestRunner.privateRun(TestRunner.java:770)
	at org.testng.TestRunner.run(TestRunner.java:591)
	at org.testng.SuiteRunner.runTest(SuiteRunner.java:402)
	at org.testng.SuiteRunner.runSequentially(SuiteRunner.java:396)
	at org.testng.SuiteRunner.privateRun(SuiteRunner.java:355)
	at org.testng.SuiteRunner.run(SuiteRunner.java:304)
	at org.testng.SuiteRunnerWorker.runSuite(SuiteRunnerWorker.java:53)
	at org.testng.SuiteRunnerWorker.run(SuiteRunnerWorker.java:96)
	at org.testng.TestNG.runSuitesSequentially(TestNG.java:1180)
	at org.testng.TestNG.runSuitesLocally(TestNG.java:1102)
	at org.testng.TestNG.runSuites(TestNG.java:1032)
	at org.testng.TestNG.run(TestNG.java:1000)
	at org.apache.maven.surefire.testng.TestNGExecutor.run(TestNGExecutor.java:283)
	at org.apache.maven.surefire.testng.TestNGXmlTestSuite.execute(TestNGXmlTestSuite.java:75)
	at org.apache.maven.surefire.testng.TestNGProvider.invoke(TestNGProvider.java:120)
	at org.apache.maven.surefire.booter.ForkedBooter.invokeProviderInSameClassLoader(ForkedBooter.java:384)
	at org.apache.maven.surefire.booter.ForkedBooter.runSuitesInProcess(ForkedBooter.java:345)
	at org.apache.maven.surefire.booter.ForkedBooter.execute(ForkedBooter.java:126)
	at org.apache.maven.surefire.booter.ForkedBooter.main(ForkedBooter.java:418)

18:25:58.110 I am in onTestStart method validateTicket start
18:25:59.383 [main] INFO  pages.BasePage(328) - Waiting for loader to be removed
18:26:04.425 [main] INFO  pages.BasePage(328) - Loader Removed
]]></system-out>
  </testcase>
  <testcase name="validateAddToInteraction" classname="tests.FrontendAgentTicketTest" time="7.341">
    <failure message="element click intercepted: Element &lt;span _ngcontent-jxq-c26=&quot;&quot; apphotkeys=&quot;&quot; class=&quot;ng-star-inserted&quot; style=&quot;border: 2px solid black;&quot;&gt;...&lt;/span&gt; is not clickable at point (371, 262). Other element would receive the click: &lt;div class=&quot;cdk-overlay-backdrop cdk-overlay-dark-backdrop cdk-overlay-backdrop-showing&quot;&gt;&lt;/div&gt;&#10;  (Session info: headless chrome=89.0.4389.90)&#10;Build info: version: &apos;4.0.0-alpha-3&apos;, revision: &apos;8c567de6dc&apos;&#10;System info: host: &apos;LT2394650&apos;, ip: &apos;172.23.64.219&apos;, os.name: &apos;Windows 10&apos;, os.arch: &apos;amd64&apos;, os.version: &apos;10.0&apos;, java.version: &apos;1.8.0_231&apos;&#10;Driver info: org.openqa.selenium.chrome.ChromeDriver&#10;Capabilities {acceptInsecureCerts: true, browserName: chrome, browserVersion: 89.0.4389.90, chrome: {chromedriverVersion: 89.0.4389.23 (61b08ee2c5002..., userDataDir: C:\Users\2394650\AppData\Lo...}, goog:chromeOptions: {debuggerAddress: localhost:52187}, javascriptEnabled: true, networkConnectionEnabled: false, pageLoadStrategy: normal, platform: WINDOWS, platformName: WINDOWS, proxy: Proxy(), setWindowRect: true, strictFileInteractability: false, timeouts: {implicit: 0, pageLoad: 300000, script: 30000}, unhandledPromptBehavior: dismiss and notify, webauthn:extension:largeBlob: true, webauthn:virtualAuthenticators: true}&#10;Session ID: 9bddb60362793b98befcaaba70e29dcd" type="org.openqa.selenium.ElementClickInterceptedException"><![CDATA[org.openqa.selenium.ElementClickInterceptedException: 
element click intercepted: Element <span _ngcontent-jxq-c26="" apphotkeys="" class="ng-star-inserted" style="border: 2px solid black;">...</span> is not clickable at point (371, 262). Other element would receive the click: <div class="cdk-overlay-backdrop cdk-overlay-dark-backdrop cdk-overlay-backdrop-showing"></div>
  (Session info: headless chrome=89.0.4389.90)
Build info: version: '4.0.0-alpha-3', revision: '8c567de6dc'
System info: host: 'LT2394650', ip: '172.23.64.219', os.name: 'Windows 10', os.arch: 'amd64', os.version: '10.0', java.version: '1.8.0_231'
Driver info: org.openqa.selenium.chrome.ChromeDriver
Capabilities {acceptInsecureCerts: true, browserName: chrome, browserVersion: 89.0.4389.90, chrome: {chromedriverVersion: 89.0.4389.23 (61b08ee2c5002..., userDataDir: C:\Users\2394650\AppData\Lo...}, goog:chromeOptions: {debuggerAddress: localhost:52187}, javascriptEnabled: true, networkConnectionEnabled: false, pageLoadStrategy: normal, platform: WINDOWS, platformName: WINDOWS, proxy: Proxy(), setWindowRect: true, strictFileInteractability: false, timeouts: {implicit: 0, pageLoad: 300000, script: 30000}, unhandledPromptBehavior: dismiss and notify, webauthn:extension:largeBlob: true, webauthn:virtualAuthenticators: true}
Session ID: 9bddb60362793b98befcaaba70e29dcd
	at tests.FrontendAgentTicketTest.validateAddToInteraction(FrontendAgentTicketTest.java:59)
]]></failure>
    <system-out><![CDATA[18:26:05.581 I am in on TestFailure method validateTicket failed
org.openqa.selenium.ElementClickInterceptedException: element click intercepted: Element <span _ngcontent-jxq-c26="" apphotkeys="" class="ng-star-inserted" style="border: 2px solid black;">...</span> is not clickable at point (371, 262). Other element would receive the click: <div class="cdk-overlay-backdrop cdk-overlay-dark-backdrop cdk-overlay-backdrop-showing"></div>
  (Session info: headless chrome=89.0.4389.90)
Build info: version: '4.0.0-alpha-3', revision: '8c567de6dc'
System info: host: 'LT2394650', ip: '172.23.64.219', os.name: 'Windows 10', os.arch: 'amd64', os.version: '10.0', java.version: '1.8.0_231'
Driver info: org.openqa.selenium.chrome.ChromeDriver
Capabilities {acceptInsecureCerts: true, browserName: chrome, browserVersion: 89.0.4389.90, chrome: {chromedriverVersion: 89.0.4389.23 (61b08ee2c5002..., userDataDir: C:\Users\2394650\AppData\Lo...}, goog:chromeOptions: {debuggerAddress: localhost:52187}, javascriptEnabled: true, networkConnectionEnabled: false, pageLoadStrategy: normal, platform: WINDOWS, platformName: WINDOWS, proxy: Proxy(), setWindowRect: true, strictFileInteractability: false, timeouts: {implicit: 0, pageLoad: 300000, script: 30000}, unhandledPromptBehavior: dismiss and notify, webauthn:extension:largeBlob: true, webauthn:virtualAuthenticators: true}
Session ID: 9bddb60362793b98befcaaba70e29dcd
	at sun.reflect.GeneratedConstructorAccessor58.newInstance(Unknown Source)
	at sun.reflect.DelegatingConstructorAccessorImpl.newInstance(DelegatingConstructorAccessorImpl.java:45)
	at java.lang.reflect.Constructor.newInstance(Constructor.java:423)
	at org.openqa.selenium.remote.codec.w3c.W3CHttpResponseCodec.createException(W3CHttpResponseCodec.java:191)
	at org.openqa.selenium.remote.codec.w3c.W3CHttpResponseCodec.decode(W3CHttpResponseCodec.java:125)
	at org.openqa.selenium.remote.codec.w3c.W3CHttpResponseCodec.decode(W3CHttpResponseCodec.java:52)
	at org.openqa.selenium.remote.HttpCommandExecutor.execute(HttpCommandExecutor.java:161)
	at org.openqa.selenium.remote.service.DriverCommandExecutor.execute(DriverCommandExecutor.java:83)
	at org.openqa.selenium.remote.RemoteWebDriver.execute(RemoteWebDriver.java:576)
	at org.openqa.selenium.remote.RemoteWebElement.execute(RemoteWebElement.java:308)
	at org.openqa.selenium.remote.RemoteWebElement.click(RemoteWebElement.java:83)
	at pages.BasePage.click(BasePage.java:77)
	at pages.customerInteractionPagePOM.clickOnViewHistory(customerInteractionPagePOM.java:117)
	at tests.FrontendAgentTicketTest.validateTicket(FrontendAgentTicketTest.java:39)
	at sun.reflect.NativeMethodAccessorImpl.invoke0(Native Method)
	at sun.reflect.NativeMethodAccessorImpl.invoke(NativeMethodAccessorImpl.java:62)
	at sun.reflect.DelegatingMethodAccessorImpl.invoke(DelegatingMethodAccessorImpl.java:43)
	at java.lang.reflect.Method.invoke(Method.java:498)
	at org.testng.internal.MethodInvocationHelper.invokeMethod(MethodInvocationHelper.java:133)
	at org.testng.internal.TestInvoker.invokeMethod(TestInvoker.java:584)
	at org.testng.internal.TestInvoker.invokeTestMethod(TestInvoker.java:172)
	at org.testng.internal.MethodRunner.runInSequence(MethodRunner.java:46)
	at org.testng.internal.TestInvoker$MethodInvocationAgent.invoke(TestInvoker.java:804)
	at org.testng.internal.TestInvoker.invokeTestMethods(TestInvoker.java:145)
	at org.testng.internal.TestMethodWorker.invokeTestMethods(TestMethodWorker.java:146)
	at org.testng.internal.TestMethodWorker.run(TestMethodWorker.java:128)
	at java.util.ArrayList.forEach(ArrayList.java:1257)
	at org.testng.TestRunner.privateRun(TestRunner.java:770)
	at org.testng.TestRunner.run(TestRunner.java:591)
	at org.testng.SuiteRunner.runTest(SuiteRunner.java:402)
	at org.testng.SuiteRunner.runSequentially(SuiteRunner.java:396)
	at org.testng.SuiteRunner.privateRun(SuiteRunner.java:355)
	at org.testng.SuiteRunner.run(SuiteRunner.java:304)
	at org.testng.SuiteRunnerWorker.runSuite(SuiteRunnerWorker.java:53)
	at org.testng.SuiteRunnerWorker.run(SuiteRunnerWorker.java:96)
	at org.testng.TestNG.runSuitesSequentially(TestNG.java:1180)
	at org.testng.TestNG.runSuitesLocally(TestNG.java:1102)
	at org.testng.TestNG.runSuites(TestNG.java:1032)
	at org.testng.TestNG.run(TestNG.java:1000)
	at org.apache.maven.surefire.testng.TestNGExecutor.run(TestNGExecutor.java:283)
	at org.apache.maven.surefire.testng.TestNGXmlTestSuite.execute(TestNGXmlTestSuite.java:75)
	at org.apache.maven.surefire.testng.TestNGProvider.invoke(TestNGProvider.java:120)
	at org.apache.maven.surefire.booter.ForkedBooter.invokeProviderInSameClassLoader(ForkedBooter.java:384)
	at org.apache.maven.surefire.booter.ForkedBooter.runSuitesInProcess(ForkedBooter.java:345)
	at org.apache.maven.surefire.booter.ForkedBooter.execute(ForkedBooter.java:126)
	at org.apache.maven.surefire.booter.ForkedBooter.main(ForkedBooter.java:418)

18:26:06.182 I am in onTestStart method validateAddToInteraction start
18:26:07.430 [main] INFO  pages.BasePage(328) - Waiting for loader to be removed
18:26:12.492 [main] INFO  pages.BasePage(328) - Loader Removed
]]></system-out>
  </testcase>
  <testcase name="validateNFTRIssue" classname="tests.FrontendAgentTicketTest" time="7.4">
    <failure message="element click intercepted: Element &lt;span _ngcontent-jxq-c26=&quot;&quot; apphotkeys=&quot;&quot; class=&quot;ng-star-inserted&quot; style=&quot;border: 2px solid black;&quot;&gt;...&lt;/span&gt; is not clickable at point (371, 262). Other element would receive the click: &lt;div class=&quot;cdk-overlay-backdrop cdk-overlay-dark-backdrop cdk-overlay-backdrop-showing&quot;&gt;&lt;/div&gt;&#10;  (Session info: headless chrome=89.0.4389.90)&#10;Build info: version: &apos;4.0.0-alpha-3&apos;, revision: &apos;8c567de6dc&apos;&#10;System info: host: &apos;LT2394650&apos;, ip: &apos;172.23.64.219&apos;, os.name: &apos;Windows 10&apos;, os.arch: &apos;amd64&apos;, os.version: &apos;10.0&apos;, java.version: &apos;1.8.0_231&apos;&#10;Driver info: org.openqa.selenium.chrome.ChromeDriver&#10;Capabilities {acceptInsecureCerts: true, browserName: chrome, browserVersion: 89.0.4389.90, chrome: {chromedriverVersion: 89.0.4389.23 (61b08ee2c5002..., userDataDir: C:\Users\2394650\AppData\Lo...}, goog:chromeOptions: {debuggerAddress: localhost:52187}, javascriptEnabled: true, networkConnectionEnabled: false, pageLoadStrategy: normal, platform: WINDOWS, platformName: WINDOWS, proxy: Proxy(), setWindowRect: true, strictFileInteractability: false, timeouts: {implicit: 0, pageLoad: 300000, script: 30000}, unhandledPromptBehavior: dismiss and notify, webauthn:extension:largeBlob: true, webauthn:virtualAuthenticators: true}&#10;Session ID: 9bddb60362793b98befcaaba70e29dcd" type="org.openqa.selenium.ElementClickInterceptedException"><![CDATA[org.openqa.selenium.ElementClickInterceptedException: 
element click intercepted: Element <span _ngcontent-jxq-c26="" apphotkeys="" class="ng-star-inserted" style="border: 2px solid black;">...</span> is not clickable at point (371, 262). Other element would receive the click: <div class="cdk-overlay-backdrop cdk-overlay-dark-backdrop cdk-overlay-backdrop-showing"></div>
  (Session info: headless chrome=89.0.4389.90)
Build info: version: '4.0.0-alpha-3', revision: '8c567de6dc'
System info: host: 'LT2394650', ip: '172.23.64.219', os.name: 'Windows 10', os.arch: 'amd64', os.version: '10.0', java.version: '1.8.0_231'
Driver info: org.openqa.selenium.chrome.ChromeDriver
Capabilities {acceptInsecureCerts: true, browserName: chrome, browserVersion: 89.0.4389.90, chrome: {chromedriverVersion: 89.0.4389.23 (61b08ee2c5002..., userDataDir: C:\Users\2394650\AppData\Lo...}, goog:chromeOptions: {debuggerAddress: localhost:52187}, javascriptEnabled: true, networkConnectionEnabled: false, pageLoadStrategy: normal, platform: WINDOWS, platformName: WINDOWS, proxy: Proxy(), setWindowRect: true, strictFileInteractability: false, timeouts: {implicit: 0, pageLoad: 300000, script: 30000}, unhandledPromptBehavior: dismiss and notify, webauthn:extension:largeBlob: true, webauthn:virtualAuthenticators: true}
Session ID: 9bddb60362793b98befcaaba70e29dcd
	at tests.FrontendAgentTicketTest.validateNFTRIssue(FrontendAgentTicketTest.java:71)
]]></failure>
    <system-out><![CDATA[18:26:13.571 I am in on TestFailure method validateAddToInteraction failed
org.openqa.selenium.ElementClickInterceptedException: element click intercepted: Element <span _ngcontent-jxq-c26="" apphotkeys="" class="ng-star-inserted" style="border: 2px solid black;">...</span> is not clickable at point (371, 262). Other element would receive the click: <div class="cdk-overlay-backdrop cdk-overlay-dark-backdrop cdk-overlay-backdrop-showing"></div>
  (Session info: headless chrome=89.0.4389.90)
Build info: version: '4.0.0-alpha-3', revision: '8c567de6dc'
System info: host: 'LT2394650', ip: '172.23.64.219', os.name: 'Windows 10', os.arch: 'amd64', os.version: '10.0', java.version: '1.8.0_231'
Driver info: org.openqa.selenium.chrome.ChromeDriver
Capabilities {acceptInsecureCerts: true, browserName: chrome, browserVersion: 89.0.4389.90, chrome: {chromedriverVersion: 89.0.4389.23 (61b08ee2c5002..., userDataDir: C:\Users\2394650\AppData\Lo...}, goog:chromeOptions: {debuggerAddress: localhost:52187}, javascriptEnabled: true, networkConnectionEnabled: false, pageLoadStrategy: normal, platform: WINDOWS, platformName: WINDOWS, proxy: Proxy(), setWindowRect: true, strictFileInteractability: false, timeouts: {implicit: 0, pageLoad: 300000, script: 30000}, unhandledPromptBehavior: dismiss and notify, webauthn:extension:largeBlob: true, webauthn:virtualAuthenticators: true}
Session ID: 9bddb60362793b98befcaaba70e29dcd
	at sun.reflect.GeneratedConstructorAccessor58.newInstance(Unknown Source)
	at sun.reflect.DelegatingConstructorAccessorImpl.newInstance(DelegatingConstructorAccessorImpl.java:45)
	at java.lang.reflect.Constructor.newInstance(Constructor.java:423)
	at org.openqa.selenium.remote.codec.w3c.W3CHttpResponseCodec.createException(W3CHttpResponseCodec.java:191)
	at org.openqa.selenium.remote.codec.w3c.W3CHttpResponseCodec.decode(W3CHttpResponseCodec.java:125)
	at org.openqa.selenium.remote.codec.w3c.W3CHttpResponseCodec.decode(W3CHttpResponseCodec.java:52)
	at org.openqa.selenium.remote.HttpCommandExecutor.execute(HttpCommandExecutor.java:161)
	at org.openqa.selenium.remote.service.DriverCommandExecutor.execute(DriverCommandExecutor.java:83)
	at org.openqa.selenium.remote.RemoteWebDriver.execute(RemoteWebDriver.java:576)
	at org.openqa.selenium.remote.RemoteWebElement.execute(RemoteWebElement.java:308)
	at org.openqa.selenium.remote.RemoteWebElement.click(RemoteWebElement.java:83)
	at pages.BasePage.click(BasePage.java:77)
	at pages.customerInteractionPagePOM.clickOnViewHistory(customerInteractionPagePOM.java:117)
	at tests.FrontendAgentTicketTest.validateAddToInteraction(FrontendAgentTicketTest.java:59)
	at sun.reflect.NativeMethodAccessorImpl.invoke0(Native Method)
	at sun.reflect.NativeMethodAccessorImpl.invoke(NativeMethodAccessorImpl.java:62)
	at sun.reflect.DelegatingMethodAccessorImpl.invoke(DelegatingMethodAccessorImpl.java:43)
	at java.lang.reflect.Method.invoke(Method.java:498)
	at org.testng.internal.MethodInvocationHelper.invokeMethod(MethodInvocationHelper.java:133)
	at org.testng.internal.TestInvoker.invokeMethod(TestInvoker.java:584)
	at org.testng.internal.TestInvoker.invokeTestMethod(TestInvoker.java:172)
	at org.testng.internal.MethodRunner.runInSequence(MethodRunner.java:46)
	at org.testng.internal.TestInvoker$MethodInvocationAgent.invoke(TestInvoker.java:804)
	at org.testng.internal.TestInvoker.invokeTestMethods(TestInvoker.java:145)
	at org.testng.internal.TestMethodWorker.invokeTestMethods(TestMethodWorker.java:146)
	at org.testng.internal.TestMethodWorker.run(TestMethodWorker.java:128)
	at java.util.ArrayList.forEach(ArrayList.java:1257)
	at org.testng.TestRunner.privateRun(TestRunner.java:770)
	at org.testng.TestRunner.run(TestRunner.java:591)
	at org.testng.SuiteRunner.runTest(SuiteRunner.java:402)
	at org.testng.SuiteRunner.runSequentially(SuiteRunner.java:396)
	at org.testng.SuiteRunner.privateRun(SuiteRunner.java:355)
	at org.testng.SuiteRunner.run(SuiteRunner.java:304)
	at org.testng.SuiteRunnerWorker.runSuite(SuiteRunnerWorker.java:53)
	at org.testng.SuiteRunnerWorker.run(SuiteRunnerWorker.java:96)
	at org.testng.TestNG.runSuitesSequentially(TestNG.java:1180)
	at org.testng.TestNG.runSuitesLocally(TestNG.java:1102)
	at org.testng.TestNG.runSuites(TestNG.java:1032)
	at org.testng.TestNG.run(TestNG.java:1000)
	at org.apache.maven.surefire.testng.TestNGExecutor.run(TestNGExecutor.java:283)
	at org.apache.maven.surefire.testng.TestNGXmlTestSuite.execute(TestNGXmlTestSuite.java:75)
	at org.apache.maven.surefire.testng.TestNGProvider.invoke(TestNGProvider.java:120)
	at org.apache.maven.surefire.booter.ForkedBooter.invokeProviderInSameClassLoader(ForkedBooter.java:384)
	at org.apache.maven.surefire.booter.ForkedBooter.runSuitesInProcess(ForkedBooter.java:345)
	at org.apache.maven.surefire.booter.ForkedBooter.execute(ForkedBooter.java:126)
	at org.apache.maven.surefire.booter.ForkedBooter.main(ForkedBooter.java:418)

18:26:14.127 I am in onTestStart method validateNFTRIssue start
18:26:15.358 [main] INFO  pages.BasePage(328) - Waiting for loader to be removed
18:26:20.424 [main] INFO  pages.BasePage(328) - Loader Removed
]]></system-out>
  </testcase>
  <testcase name="validateSendSMSTab" classname="tests.FrontendAgentTicketTest" time="0">
    <skipped message="Method FrontendAgentTicketTest.validateSendSMSTab()[pri:5, instance:tests.FrontendAgentTicketTest@6b0d80ed] depends on not successfully finished methods"/>
    <system-out><![CDATA[18:26:21.558 I am in on TestFailure method validateNFTRIssue failed
org.openqa.selenium.ElementClickInterceptedException: element click intercepted: Element <span _ngcontent-jxq-c26="" apphotkeys="" class="ng-star-inserted" style="border: 2px solid black;">...</span> is not clickable at point (371, 262). Other element would receive the click: <div class="cdk-overlay-backdrop cdk-overlay-dark-backdrop cdk-overlay-backdrop-showing"></div>
  (Session info: headless chrome=89.0.4389.90)
Build info: version: '4.0.0-alpha-3', revision: '8c567de6dc'
System info: host: 'LT2394650', ip: '172.23.64.219', os.name: 'Windows 10', os.arch: 'amd64', os.version: '10.0', java.version: '1.8.0_231'
Driver info: org.openqa.selenium.chrome.ChromeDriver
Capabilities {acceptInsecureCerts: true, browserName: chrome, browserVersion: 89.0.4389.90, chrome: {chromedriverVersion: 89.0.4389.23 (61b08ee2c5002..., userDataDir: C:\Users\2394650\AppData\Lo...}, goog:chromeOptions: {debuggerAddress: localhost:52187}, javascriptEnabled: true, networkConnectionEnabled: false, pageLoadStrategy: normal, platform: WINDOWS, platformName: WINDOWS, proxy: Proxy(), setWindowRect: true, strictFileInteractability: false, timeouts: {implicit: 0, pageLoad: 300000, script: 30000}, unhandledPromptBehavior: dismiss and notify, webauthn:extension:largeBlob: true, webauthn:virtualAuthenticators: true}
Session ID: 9bddb60362793b98befcaaba70e29dcd
	at sun.reflect.GeneratedConstructorAccessor58.newInstance(Unknown Source)
	at sun.reflect.DelegatingConstructorAccessorImpl.newInstance(DelegatingConstructorAccessorImpl.java:45)
	at java.lang.reflect.Constructor.newInstance(Constructor.java:423)
	at org.openqa.selenium.remote.codec.w3c.W3CHttpResponseCodec.createException(W3CHttpResponseCodec.java:191)
	at org.openqa.selenium.remote.codec.w3c.W3CHttpResponseCodec.decode(W3CHttpResponseCodec.java:125)
	at org.openqa.selenium.remote.codec.w3c.W3CHttpResponseCodec.decode(W3CHttpResponseCodec.java:52)
	at org.openqa.selenium.remote.HttpCommandExecutor.execute(HttpCommandExecutor.java:161)
	at org.openqa.selenium.remote.service.DriverCommandExecutor.execute(DriverCommandExecutor.java:83)
	at org.openqa.selenium.remote.RemoteWebDriver.execute(RemoteWebDriver.java:576)
	at org.openqa.selenium.remote.RemoteWebElement.execute(RemoteWebElement.java:308)
	at org.openqa.selenium.remote.RemoteWebElement.click(RemoteWebElement.java:83)
	at pages.BasePage.click(BasePage.java:77)
	at pages.customerInteractionPagePOM.clickOnViewHistory(customerInteractionPagePOM.java:117)
	at tests.FrontendAgentTicketTest.validateNFTRIssue(FrontendAgentTicketTest.java:71)
	at sun.reflect.NativeMethodAccessorImpl.invoke0(Native Method)
	at sun.reflect.NativeMethodAccessorImpl.invoke(NativeMethodAccessorImpl.java:62)
	at sun.reflect.DelegatingMethodAccessorImpl.invoke(DelegatingMethodAccessorImpl.java:43)
	at java.lang.reflect.Method.invoke(Method.java:498)
	at org.testng.internal.MethodInvocationHelper.invokeMethod(MethodInvocationHelper.java:133)
	at org.testng.internal.TestInvoker.invokeMethod(TestInvoker.java:584)
	at org.testng.internal.TestInvoker.invokeTestMethod(TestInvoker.java:172)
	at org.testng.internal.MethodRunner.runInSequence(MethodRunner.java:46)
	at org.testng.internal.TestInvoker$MethodInvocationAgent.invoke(TestInvoker.java:804)
	at org.testng.internal.TestInvoker.invokeTestMethods(TestInvoker.java:145)
	at org.testng.internal.TestMethodWorker.invokeTestMethods(TestMethodWorker.java:146)
	at org.testng.internal.TestMethodWorker.run(TestMethodWorker.java:128)
	at java.util.ArrayList.forEach(ArrayList.java:1257)
	at org.testng.TestRunner.privateRun(TestRunner.java:770)
	at org.testng.TestRunner.run(TestRunner.java:591)
	at org.testng.SuiteRunner.runTest(SuiteRunner.java:402)
	at org.testng.SuiteRunner.runSequentially(SuiteRunner.java:396)
	at org.testng.SuiteRunner.privateRun(SuiteRunner.java:355)
	at org.testng.SuiteRunner.run(SuiteRunner.java:304)
	at org.testng.SuiteRunnerWorker.runSuite(SuiteRunnerWorker.java:53)
	at org.testng.SuiteRunnerWorker.run(SuiteRunnerWorker.java:96)
	at org.testng.TestNG.runSuitesSequentially(TestNG.java:1180)
	at org.testng.TestNG.runSuitesLocally(TestNG.java:1102)
	at org.testng.TestNG.runSuites(TestNG.java:1032)
	at org.testng.TestNG.run(TestNG.java:1000)
	at org.apache.maven.surefire.testng.TestNGExecutor.run(TestNGExecutor.java:283)
	at org.apache.maven.surefire.testng.TestNGXmlTestSuite.execute(TestNGXmlTestSuite.java:75)
	at org.apache.maven.surefire.testng.TestNGProvider.invoke(TestNGProvider.java:120)
	at org.apache.maven.surefire.booter.ForkedBooter.invokeProviderInSameClassLoader(ForkedBooter.java:384)
	at org.apache.maven.surefire.booter.ForkedBooter.runSuitesInProcess(ForkedBooter.java:345)
	at org.apache.maven.surefire.booter.ForkedBooter.execute(ForkedBooter.java:126)
	at org.apache.maven.surefire.booter.ForkedBooter.main(ForkedBooter.java:418)

18:26:22.150 I am in onTestStart method validateSendSMSTab start
]]></system-out>
  </testcase>
  <testcase name="loginAPI" classname="tests.VoucherTabTest" time="2.286"/>
  <testcase name="openCustomerInteraction" classname="tests.VoucherTabTest" time="12.552">
    <failure message="element click intercepted: Element &lt;button _ngcontent-jxq-c14=&quot;&quot; mat-icon-button=&quot;&quot; class=&quot;mat-icon-button ng-tns-c14-4&quot; style=&quot;border: 2px solid black;&quot;&gt;...&lt;/button&gt; is not clickable at point (30, 34). Other element would receive the click: &lt;div class=&quot;cdk-overlay-backdrop cdk-overlay-dark-backdrop cdk-overlay-backdrop-showing&quot;&gt;&lt;/div&gt;&#10;  (Session info: headless chrome=89.0.4389.90)&#10;Build info: version: &apos;4.0.0-alpha-3&apos;, revision: &apos;8c567de6dc&apos;&#10;System info: host: &apos;LT2394650&apos;, ip: &apos;172.23.64.219&apos;, os.name: &apos;Windows 10&apos;, os.arch: &apos;amd64&apos;, os.version: &apos;10.0&apos;, java.version: &apos;1.8.0_231&apos;&#10;Driver info: org.openqa.selenium.chrome.ChromeDriver&#10;Capabilities {acceptInsecureCerts: true, browserName: chrome, browserVersion: 89.0.4389.90, chrome: {chromedriverVersion: 89.0.4389.23 (61b08ee2c5002..., userDataDir: C:\Users\2394650\AppData\Lo...}, goog:chromeOptions: {debuggerAddress: localhost:52187}, javascriptEnabled: true, networkConnectionEnabled: false, pageLoadStrategy: normal, platform: WINDOWS, platformName: WINDOWS, proxy: Proxy(), setWindowRect: true, strictFileInteractability: false, timeouts: {implicit: 0, pageLoad: 300000, script: 30000}, unhandledPromptBehavior: dismiss and notify, webauthn:extension:largeBlob: true, webauthn:virtualAuthenticators: true}&#10;Session ID: 9bddb60362793b98befcaaba70e29dcd" type="org.openqa.selenium.ElementClickInterceptedException"><![CDATA[org.openqa.selenium.ElementClickInterceptedException: 
element click intercepted: Element <button _ngcontent-jxq-c14="" mat-icon-button="" class="mat-icon-button ng-tns-c14-4" style="border: 2px solid black;">...</button> is not clickable at point (30, 34). Other element would receive the click: <div class="cdk-overlay-backdrop cdk-overlay-dark-backdrop cdk-overlay-backdrop-showing"></div>
  (Session info: headless chrome=89.0.4389.90)
Build info: version: '4.0.0-alpha-3', revision: '8c567de6dc'
System info: host: 'LT2394650', ip: '172.23.64.219', os.name: 'Windows 10', os.arch: 'amd64', os.version: '10.0', java.version: '1.8.0_231'
Driver info: org.openqa.selenium.chrome.ChromeDriver
Capabilities {acceptInsecureCerts: true, browserName: chrome, browserVersion: 89.0.4389.90, chrome: {chromedriverVersion: 89.0.4389.23 (61b08ee2c5002..., userDataDir: C:\Users\2394650\AppData\Lo...}, goog:chromeOptions: {debuggerAddress: localhost:52187}, javascriptEnabled: true, networkConnectionEnabled: false, pageLoadStrategy: normal, platform: WINDOWS, platformName: WINDOWS, proxy: Proxy(), setWindowRect: true, strictFileInteractability: false, timeouts: {implicit: 0, pageLoad: 300000, script: 30000}, unhandledPromptBehavior: dismiss and notify, webauthn:extension:largeBlob: true, webauthn:virtualAuthenticators: true}
Session ID: 9bddb60362793b98befcaaba70e29dcd
	at tests.VoucherTabTest.openCustomerInteraction(VoucherTabTest.java:81)
]]></failure>
    <system-out><![CDATA[18:26:25.347 I am in on TestSuccess method loginAPI succeed
18:26:25.447 [main] INFO  Utils.DataProviders.DataProviders(244) - User Type ALL
18:26:25.447 [main] INFO  Utils.DataProviders.DataProviders(250) - NO USER FOUND
18:26:25.447 [main] INFO  Utils.DataProviders.DataProviders(244) - User Type BA
18:26:25.447 [main] INFO  Utils.DataProviders.DataProviders(250) - NO USER FOUND
18:26:25.447 [main] INFO  Utils.DataProviders.DataProviders(244) - User Type API
18:26:25.447 [main] INFO  Utils.DataProviders.DataProviders(250) - NO USER FOUND
18:26:25.447 [main] INFO  Utils.DataProviders.DataProviders(244) - User Type NFTR
18:26:25.447 [main] INFO  Utils.DataProviders.DataProviders(247) - User Type ADDED NFTR
18:26:25.447 I am in onTestStart method openCustomerInteraction start
18:26:25.541 [main] INFO  pages.BasePage(328) - Waiting for loader to be removed
18:26:30.584 [main] INFO  pages.BasePage(328) - Loader Removed
18:26:30.584 [main] INFO  pages.SideMenuPOM(42) - Clicking on Side Menu
18:26:31.802 [main] INFO  pages.BasePage(328) - Waiting for loader to be removed
18:26:36.880 [main] INFO  pages.BasePage(328) - Loader Removed
]]></system-out>
  </testcase>
  <testcase name="voucherSearchTest" classname="tests.VoucherTabTest" time="0.085">
    <failure message="The following asserts failed:&#10;	Voucher Id does not found in config sheet. Please add voucher in sheet." type="java.lang.AssertionError">java.lang.AssertionError: 
The following asserts failed:
	Voucher Id does not found in config sheet. Please add voucher in sheet.
	at tests.VoucherTabTest.voucherSearchTest(VoucherTabTest.java:130)
</failure>
    <system-out><![CDATA[18:26:37.999 I am in on TestFailure method openCustomerInteraction failed
org.openqa.selenium.ElementClickInterceptedException: element click intercepted: Element <button _ngcontent-jxq-c14="" mat-icon-button="" class="mat-icon-button ng-tns-c14-4" style="border: 2px solid black;">...</button> is not clickable at point (30, 34). Other element would receive the click: <div class="cdk-overlay-backdrop cdk-overlay-dark-backdrop cdk-overlay-backdrop-showing"></div>
  (Session info: headless chrome=89.0.4389.90)
Build info: version: '4.0.0-alpha-3', revision: '8c567de6dc'
System info: host: 'LT2394650', ip: '172.23.64.219', os.name: 'Windows 10', os.arch: 'amd64', os.version: '10.0', java.version: '1.8.0_231'
Driver info: org.openqa.selenium.chrome.ChromeDriver
Capabilities {acceptInsecureCerts: true, browserName: chrome, browserVersion: 89.0.4389.90, chrome: {chromedriverVersion: 89.0.4389.23 (61b08ee2c5002..., userDataDir: C:\Users\2394650\AppData\Lo...}, goog:chromeOptions: {debuggerAddress: localhost:52187}, javascriptEnabled: true, networkConnectionEnabled: false, pageLoadStrategy: normal, platform: WINDOWS, platformName: WINDOWS, proxy: Proxy(), setWindowRect: true, strictFileInteractability: false, timeouts: {implicit: 0, pageLoad: 300000, script: 30000}, unhandledPromptBehavior: dismiss and notify, webauthn:extension:largeBlob: true, webauthn:virtualAuthenticators: true}
Session ID: 9bddb60362793b98befcaaba70e29dcd
	at sun.reflect.GeneratedConstructorAccessor58.newInstance(Unknown Source)
	at sun.reflect.DelegatingConstructorAccessorImpl.newInstance(DelegatingConstructorAccessorImpl.java:45)
	at java.lang.reflect.Constructor.newInstance(Constructor.java:423)
	at org.openqa.selenium.remote.codec.w3c.W3CHttpResponseCodec.createException(W3CHttpResponseCodec.java:191)
	at org.openqa.selenium.remote.codec.w3c.W3CHttpResponseCodec.decode(W3CHttpResponseCodec.java:125)
	at org.openqa.selenium.remote.codec.w3c.W3CHttpResponseCodec.decode(W3CHttpResponseCodec.java:52)
	at org.openqa.selenium.remote.HttpCommandExecutor.execute(HttpCommandExecutor.java:161)
	at org.openqa.selenium.remote.service.DriverCommandExecutor.execute(DriverCommandExecutor.java:83)
	at org.openqa.selenium.remote.RemoteWebDriver.execute(RemoteWebDriver.java:576)
	at org.openqa.selenium.remote.RemoteWebElement.execute(RemoteWebElement.java:308)
	at org.openqa.selenium.remote.RemoteWebElement.click(RemoteWebElement.java:83)
	at pages.BasePage.click(BasePage.java:77)
	at pages.SideMenuPOM.clickOnSideMenu(SideMenuPOM.java:44)
	at tests.VoucherTabTest.openCustomerInteraction(VoucherTabTest.java:81)
	at sun.reflect.NativeMethodAccessorImpl.invoke0(Native Method)
	at sun.reflect.NativeMethodAccessorImpl.invoke(NativeMethodAccessorImpl.java:62)
	at sun.reflect.DelegatingMethodAccessorImpl.invoke(DelegatingMethodAccessorImpl.java:43)
	at java.lang.reflect.Method.invoke(Method.java:498)
	at org.testng.internal.MethodInvocationHelper.invokeMethod(MethodInvocationHelper.java:133)
	at org.testng.internal.TestInvoker.invokeMethod(TestInvoker.java:584)
	at org.testng.internal.TestInvoker.invokeTestMethod(TestInvoker.java:172)
	at org.testng.internal.MethodRunner.runInSequence(MethodRunner.java:46)
	at org.testng.internal.TestInvoker$MethodInvocationAgent.invoke(TestInvoker.java:804)
	at org.testng.internal.TestInvoker.invokeTestMethods(TestInvoker.java:145)
	at org.testng.internal.TestMethodWorker.invokeTestMethods(TestMethodWorker.java:146)
	at org.testng.internal.TestMethodWorker.run(TestMethodWorker.java:128)
	at java.util.ArrayList.forEach(ArrayList.java:1257)
	at org.testng.TestRunner.privateRun(TestRunner.java:770)
	at org.testng.TestRunner.run(TestRunner.java:591)
	at org.testng.SuiteRunner.runTest(SuiteRunner.java:402)
	at org.testng.SuiteRunner.runSequentially(SuiteRunner.java:396)
	at org.testng.SuiteRunner.privateRun(SuiteRunner.java:355)
	at org.testng.SuiteRunner.run(SuiteRunner.java:304)
	at org.testng.SuiteRunnerWorker.runSuite(SuiteRunnerWorker.java:53)
	at org.testng.SuiteRunnerWorker.run(SuiteRunnerWorker.java:96)
	at org.testng.TestNG.runSuitesSequentially(TestNG.java:1180)
	at org.testng.TestNG.runSuitesLocally(TestNG.java:1102)
	at org.testng.TestNG.runSuites(TestNG.java:1032)
	at org.testng.TestNG.run(TestNG.java:1000)
	at org.apache.maven.surefire.testng.TestNGExecutor.run(TestNGExecutor.java:283)
	at org.apache.maven.surefire.testng.TestNGXmlTestSuite.execute(TestNGXmlTestSuite.java:75)
	at org.apache.maven.surefire.testng.TestNGProvider.invoke(TestNGProvider.java:120)
	at org.apache.maven.surefire.booter.ForkedBooter.invokeProviderInSameClassLoader(ForkedBooter.java:384)
	at org.apache.maven.surefire.booter.ForkedBooter.runSuitesInProcess(ForkedBooter.java:345)
	at org.apache.maven.surefire.booter.ForkedBooter.execute(ForkedBooter.java:126)
	at org.apache.maven.surefire.booter.ForkedBooter.main(ForkedBooter.java:418)

18:26:38.569 I am in onTestStart method voucherSearchTest start
]]></system-out>
  </testcase>
  <testcase name="openCustomerInteractionAPI" classname="tests.ClearRefillErrorTest" time="12.475">
    <failure message="element click intercepted: Element &lt;button _ngcontent-jxq-c14=&quot;&quot; mat-icon-button=&quot;&quot; class=&quot;mat-icon-button ng-tns-c14-4&quot; style=&quot;border: 2px solid black;&quot;&gt;...&lt;/button&gt; is not clickable at point (30, 34). Other element would receive the click: &lt;div class=&quot;cdk-overlay-backdrop cdk-overlay-dark-backdrop cdk-overlay-backdrop-showing&quot;&gt;&lt;/div&gt;&#10;  (Session info: headless chrome=89.0.4389.90)&#10;Build info: version: &apos;4.0.0-alpha-3&apos;, revision: &apos;8c567de6dc&apos;&#10;System info: host: &apos;LT2394650&apos;, ip: &apos;172.23.64.219&apos;, os.name: &apos;Windows 10&apos;, os.arch: &apos;amd64&apos;, os.version: &apos;10.0&apos;, java.version: &apos;1.8.0_231&apos;&#10;Driver info: org.openqa.selenium.chrome.ChromeDriver&#10;Capabilities {acceptInsecureCerts: true, browserName: chrome, browserVersion: 89.0.4389.90, chrome: {chromedriverVersion: 89.0.4389.23 (61b08ee2c5002..., userDataDir: C:\Users\2394650\AppData\Lo...}, goog:chromeOptions: {debuggerAddress: localhost:52187}, javascriptEnabled: true, networkConnectionEnabled: false, pageLoadStrategy: normal, platform: WINDOWS, platformName: WINDOWS, proxy: Proxy(), setWindowRect: true, strictFileInteractability: false, timeouts: {implicit: 0, pageLoad: 300000, script: 30000}, unhandledPromptBehavior: dismiss and notify, webauthn:extension:largeBlob: true, webauthn:virtualAuthenticators: true}&#10;Session ID: 9bddb60362793b98befcaaba70e29dcd" type="org.openqa.selenium.ElementClickInterceptedException"><![CDATA[org.openqa.selenium.ElementClickInterceptedException: 
element click intercepted: Element <button _ngcontent-jxq-c14="" mat-icon-button="" class="mat-icon-button ng-tns-c14-4" style="border: 2px solid black;">...</button> is not clickable at point (30, 34). Other element would receive the click: <div class="cdk-overlay-backdrop cdk-overlay-dark-backdrop cdk-overlay-backdrop-showing"></div>
  (Session info: headless chrome=89.0.4389.90)
Build info: version: '4.0.0-alpha-3', revision: '8c567de6dc'
System info: host: 'LT2394650', ip: '172.23.64.219', os.name: 'Windows 10', os.arch: 'amd64', os.version: '10.0', java.version: '1.8.0_231'
Driver info: org.openqa.selenium.chrome.ChromeDriver
Capabilities {acceptInsecureCerts: true, browserName: chrome, browserVersion: 89.0.4389.90, chrome: {chromedriverVersion: 89.0.4389.23 (61b08ee2c5002..., userDataDir: C:\Users\2394650\AppData\Lo...}, goog:chromeOptions: {debuggerAddress: localhost:52187}, javascriptEnabled: true, networkConnectionEnabled: false, pageLoadStrategy: normal, platform: WINDOWS, platformName: WINDOWS, proxy: Proxy(), setWindowRect: true, strictFileInteractability: false, timeouts: {implicit: 0, pageLoad: 300000, script: 30000}, unhandledPromptBehavior: dismiss and notify, webauthn:extension:largeBlob: true, webauthn:virtualAuthenticators: true}
Session ID: 9bddb60362793b98befcaaba70e29dcd
	at tests.ClearRefillErrorTest.openCustomerInteractionAPI(ClearRefillErrorTest.java:30)
]]></failure>
    <system-out><![CDATA[18:26:38.685 I am in on TestFailure method voucherSearchTest failed
java.lang.AssertionError: The following asserts failed:
	Voucher Id does not found in config sheet. Please add voucher in sheet.
	at org.testng.asserts.SoftAssert.assertAll(SoftAssert.java:47)
	at org.testng.asserts.SoftAssert.assertAll(SoftAssert.java:31)
	at tests.VoucherTabTest.voucherSearchTest(VoucherTabTest.java:130)
	at sun.reflect.NativeMethodAccessorImpl.invoke0(Native Method)
	at sun.reflect.NativeMethodAccessorImpl.invoke(NativeMethodAccessorImpl.java:62)
	at sun.reflect.DelegatingMethodAccessorImpl.invoke(DelegatingMethodAccessorImpl.java:43)
	at java.lang.reflect.Method.invoke(Method.java:498)
	at org.testng.internal.MethodInvocationHelper.invokeMethod(MethodInvocationHelper.java:133)
	at org.testng.internal.TestInvoker.invokeMethod(TestInvoker.java:584)
	at org.testng.internal.TestInvoker.invokeTestMethod(TestInvoker.java:172)
	at org.testng.internal.MethodRunner.runInSequence(MethodRunner.java:46)
	at org.testng.internal.TestInvoker$MethodInvocationAgent.invoke(TestInvoker.java:804)
	at org.testng.internal.TestInvoker.invokeTestMethods(TestInvoker.java:145)
	at org.testng.internal.TestMethodWorker.invokeTestMethods(TestMethodWorker.java:146)
	at org.testng.internal.TestMethodWorker.run(TestMethodWorker.java:128)
	at java.util.ArrayList.forEach(ArrayList.java:1257)
	at org.testng.TestRunner.privateRun(TestRunner.java:770)
	at org.testng.TestRunner.run(TestRunner.java:591)
	at org.testng.SuiteRunner.runTest(SuiteRunner.java:402)
	at org.testng.SuiteRunner.runSequentially(SuiteRunner.java:396)
	at org.testng.SuiteRunner.privateRun(SuiteRunner.java:355)
	at org.testng.SuiteRunner.run(SuiteRunner.java:304)
	at org.testng.SuiteRunnerWorker.runSuite(SuiteRunnerWorker.java:53)
	at org.testng.SuiteRunnerWorker.run(SuiteRunnerWorker.java:96)
	at org.testng.TestNG.runSuitesSequentially(TestNG.java:1180)
	at org.testng.TestNG.runSuitesLocally(TestNG.java:1102)
	at org.testng.TestNG.runSuites(TestNG.java:1032)
	at org.testng.TestNG.run(TestNG.java:1000)
	at org.apache.maven.surefire.testng.TestNGExecutor.run(TestNGExecutor.java:283)
	at org.apache.maven.surefire.testng.TestNGXmlTestSuite.execute(TestNGXmlTestSuite.java:75)
	at org.apache.maven.surefire.testng.TestNGProvider.invoke(TestNGProvider.java:120)
	at org.apache.maven.surefire.booter.ForkedBooter.invokeProviderInSameClassLoader(ForkedBooter.java:384)
	at org.apache.maven.surefire.booter.ForkedBooter.runSuitesInProcess(ForkedBooter.java:345)
	at org.apache.maven.surefire.booter.ForkedBooter.execute(ForkedBooter.java:126)
	at org.apache.maven.surefire.booter.ForkedBooter.main(ForkedBooter.java:418)

I am in onFinish method Validate Voucher Tab
I am in onStart method Clear Refill error
18:26:40.055 [main] INFO  Utils.DataProviders.DataProviders(244) - User Type ALL
18:26:40.055 [main] INFO  Utils.DataProviders.DataProviders(250) - NO USER FOUND
18:26:40.055 [main] INFO  Utils.DataProviders.DataProviders(244) - User Type BA
18:26:40.055 [main] INFO  Utils.DataProviders.DataProviders(250) - NO USER FOUND
18:26:40.055 [main] INFO  Utils.DataProviders.DataProviders(244) - User Type API
18:26:40.055 [main] INFO  Utils.DataProviders.DataProviders(247) - User Type ADDED API
18:26:40.055 [main] INFO  Utils.DataProviders.DataProviders(244) - User Type NFTR
18:26:40.055 [main] INFO  Utils.DataProviders.DataProviders(250) - NO USER FOUND
18:26:40.055 I am in onTestStart method openCustomerInteractionAPI start
18:26:40.177 [main] INFO  pages.BasePage(328) - Waiting for loader to be removed
18:26:45.218 [main] INFO  pages.BasePage(328) - Loader Removed
18:26:45.218 [main] INFO  pages.SideMenuPOM(42) - Clicking on Side Menu
18:26:46.376 [main] INFO  pages.BasePage(328) - Waiting for loader to be removed
18:26:51.435 [main] INFO  pages.BasePage(328) - Loader Removed
]]></system-out>
  </testcase>
  <testcase name="clearRefillTest" classname="tests.ClearRefillErrorTest" time="0">
    <skipped message="Method ClearRefillErrorTest.clearRefillTest()[pri:2, instance:tests.ClearRefillErrorTest@4bc222e] depends on not successfully finished methods"/>
    <system-out><![CDATA[18:26:52.538 I am in on TestFailure method openCustomerInteractionAPI failed
org.openqa.selenium.ElementClickInterceptedException: element click intercepted: Element <button _ngcontent-jxq-c14="" mat-icon-button="" class="mat-icon-button ng-tns-c14-4" style="border: 2px solid black;">...</button> is not clickable at point (30, 34). Other element would receive the click: <div class="cdk-overlay-backdrop cdk-overlay-dark-backdrop cdk-overlay-backdrop-showing"></div>
  (Session info: headless chrome=89.0.4389.90)
Build info: version: '4.0.0-alpha-3', revision: '8c567de6dc'
System info: host: 'LT2394650', ip: '172.23.64.219', os.name: 'Windows 10', os.arch: 'amd64', os.version: '10.0', java.version: '1.8.0_231'
Driver info: org.openqa.selenium.chrome.ChromeDriver
Capabilities {acceptInsecureCerts: true, browserName: chrome, browserVersion: 89.0.4389.90, chrome: {chromedriverVersion: 89.0.4389.23 (61b08ee2c5002..., userDataDir: C:\Users\2394650\AppData\Lo...}, goog:chromeOptions: {debuggerAddress: localhost:52187}, javascriptEnabled: true, networkConnectionEnabled: false, pageLoadStrategy: normal, platform: WINDOWS, platformName: WINDOWS, proxy: Proxy(), setWindowRect: true, strictFileInteractability: false, timeouts: {implicit: 0, pageLoad: 300000, script: 30000}, unhandledPromptBehavior: dismiss and notify, webauthn:extension:largeBlob: true, webauthn:virtualAuthenticators: true}
Session ID: 9bddb60362793b98befcaaba70e29dcd
	at sun.reflect.GeneratedConstructorAccessor58.newInstance(Unknown Source)
	at sun.reflect.DelegatingConstructorAccessorImpl.newInstance(DelegatingConstructorAccessorImpl.java:45)
	at java.lang.reflect.Constructor.newInstance(Constructor.java:423)
	at org.openqa.selenium.remote.codec.w3c.W3CHttpResponseCodec.createException(W3CHttpResponseCodec.java:191)
	at org.openqa.selenium.remote.codec.w3c.W3CHttpResponseCodec.decode(W3CHttpResponseCodec.java:125)
	at org.openqa.selenium.remote.codec.w3c.W3CHttpResponseCodec.decode(W3CHttpResponseCodec.java:52)
	at org.openqa.selenium.remote.HttpCommandExecutor.execute(HttpCommandExecutor.java:161)
	at org.openqa.selenium.remote.service.DriverCommandExecutor.execute(DriverCommandExecutor.java:83)
	at org.openqa.selenium.remote.RemoteWebDriver.execute(RemoteWebDriver.java:576)
	at org.openqa.selenium.remote.RemoteWebElement.execute(RemoteWebElement.java:308)
	at org.openqa.selenium.remote.RemoteWebElement.click(RemoteWebElement.java:83)
	at pages.BasePage.click(BasePage.java:77)
	at pages.SideMenuPOM.clickOnSideMenu(SideMenuPOM.java:44)
	at tests.ClearRefillErrorTest.openCustomerInteractionAPI(ClearRefillErrorTest.java:30)
	at sun.reflect.NativeMethodAccessorImpl.invoke0(Native Method)
	at sun.reflect.NativeMethodAccessorImpl.invoke(NativeMethodAccessorImpl.java:62)
	at sun.reflect.DelegatingMethodAccessorImpl.invoke(DelegatingMethodAccessorImpl.java:43)
	at java.lang.reflect.Method.invoke(Method.java:498)
	at org.testng.internal.MethodInvocationHelper.invokeMethod(MethodInvocationHelper.java:133)
	at org.testng.internal.TestInvoker.invokeMethod(TestInvoker.java:584)
	at org.testng.internal.TestInvoker.invokeTestMethod(TestInvoker.java:172)
	at org.testng.internal.MethodRunner.runInSequence(MethodRunner.java:46)
	at org.testng.internal.TestInvoker$MethodInvocationAgent.invoke(TestInvoker.java:804)
	at org.testng.internal.TestInvoker.invokeTestMethods(TestInvoker.java:145)
	at org.testng.internal.TestMethodWorker.invokeTestMethods(TestMethodWorker.java:146)
	at org.testng.internal.TestMethodWorker.run(TestMethodWorker.java:128)
	at java.util.ArrayList.forEach(ArrayList.java:1257)
	at org.testng.TestRunner.privateRun(TestRunner.java:770)
	at org.testng.TestRunner.run(TestRunner.java:591)
	at org.testng.SuiteRunner.runTest(SuiteRunner.java:402)
	at org.testng.SuiteRunner.runSequentially(SuiteRunner.java:396)
	at org.testng.SuiteRunner.privateRun(SuiteRunner.java:355)
	at org.testng.SuiteRunner.run(SuiteRunner.java:304)
	at org.testng.SuiteRunnerWorker.runSuite(SuiteRunnerWorker.java:53)
	at org.testng.SuiteRunnerWorker.run(SuiteRunnerWorker.java:96)
	at org.testng.TestNG.runSuitesSequentially(TestNG.java:1180)
	at org.testng.TestNG.runSuitesLocally(TestNG.java:1102)
	at org.testng.TestNG.runSuites(TestNG.java:1032)
	at org.testng.TestNG.run(TestNG.java:1000)
	at org.apache.maven.surefire.testng.TestNGExecutor.run(TestNGExecutor.java:283)
	at org.apache.maven.surefire.testng.TestNGXmlTestSuite.execute(TestNGXmlTestSuite.java:75)
	at org.apache.maven.surefire.testng.TestNGProvider.invoke(TestNGProvider.java:120)
	at org.apache.maven.surefire.booter.ForkedBooter.invokeProviderInSameClassLoader(ForkedBooter.java:384)
	at org.apache.maven.surefire.booter.ForkedBooter.runSuitesInProcess(ForkedBooter.java:345)
	at org.apache.maven.surefire.booter.ForkedBooter.execute(ForkedBooter.java:126)
	at org.apache.maven.surefire.booter.ForkedBooter.main(ForkedBooter.java:418)

18:26:53.107 I am in onTestStart method clearRefillTest start
]]></system-out>
  </testcase>
  <testcase name="openCustomerInteraction" classname="tests.LoanWidgetTest" time="12.519">
    <failure message="element click intercepted: Element &lt;button _ngcontent-jxq-c14=&quot;&quot; mat-icon-button=&quot;&quot; class=&quot;mat-icon-button ng-tns-c14-4&quot; style=&quot;border: 2px solid black;&quot;&gt;...&lt;/button&gt; is not clickable at point (30, 34). Other element would receive the click: &lt;div class=&quot;cdk-overlay-backdrop cdk-overlay-dark-backdrop cdk-overlay-backdrop-showing&quot;&gt;&lt;/div&gt;&#10;  (Session info: headless chrome=89.0.4389.90)&#10;Build info: version: &apos;4.0.0-alpha-3&apos;, revision: &apos;8c567de6dc&apos;&#10;System info: host: &apos;LT2394650&apos;, ip: &apos;172.23.64.219&apos;, os.name: &apos;Windows 10&apos;, os.arch: &apos;amd64&apos;, os.version: &apos;10.0&apos;, java.version: &apos;1.8.0_231&apos;&#10;Driver info: org.openqa.selenium.chrome.ChromeDriver&#10;Capabilities {acceptInsecureCerts: true, browserName: chrome, browserVersion: 89.0.4389.90, chrome: {chromedriverVersion: 89.0.4389.23 (61b08ee2c5002..., userDataDir: C:\Users\2394650\AppData\Lo...}, goog:chromeOptions: {debuggerAddress: localhost:52187}, javascriptEnabled: true, networkConnectionEnabled: false, pageLoadStrategy: normal, platform: WINDOWS, platformName: WINDOWS, proxy: Proxy(), setWindowRect: true, strictFileInteractability: false, timeouts: {implicit: 0, pageLoad: 300000, script: 30000}, unhandledPromptBehavior: dismiss and notify, webauthn:extension:largeBlob: true, webauthn:virtualAuthenticators: true}&#10;Session ID: 9bddb60362793b98befcaaba70e29dcd" type="org.openqa.selenium.ElementClickInterceptedException"><![CDATA[org.openqa.selenium.ElementClickInterceptedException: 
element click intercepted: Element <button _ngcontent-jxq-c14="" mat-icon-button="" class="mat-icon-button ng-tns-c14-4" style="border: 2px solid black;">...</button> is not clickable at point (30, 34). Other element would receive the click: <div class="cdk-overlay-backdrop cdk-overlay-dark-backdrop cdk-overlay-backdrop-showing"></div>
  (Session info: headless chrome=89.0.4389.90)
Build info: version: '4.0.0-alpha-3', revision: '8c567de6dc'
System info: host: 'LT2394650', ip: '172.23.64.219', os.name: 'Windows 10', os.arch: 'amd64', os.version: '10.0', java.version: '1.8.0_231'
Driver info: org.openqa.selenium.chrome.ChromeDriver
Capabilities {acceptInsecureCerts: true, browserName: chrome, browserVersion: 89.0.4389.90, chrome: {chromedriverVersion: 89.0.4389.23 (61b08ee2c5002..., userDataDir: C:\Users\2394650\AppData\Lo...}, goog:chromeOptions: {debuggerAddress: localhost:52187}, javascriptEnabled: true, networkConnectionEnabled: false, pageLoadStrategy: normal, platform: WINDOWS, platformName: WINDOWS, proxy: Proxy(), setWindowRect: true, strictFileInteractability: false, timeouts: {implicit: 0, pageLoad: 300000, script: 30000}, unhandledPromptBehavior: dismiss and notify, webauthn:extension:largeBlob: true, webauthn:virtualAuthenticators: true}
Session ID: 9bddb60362793b98befcaaba70e29dcd
	at tests.LoanWidgetTest.openCustomerInteraction(LoanWidgetTest.java:37)
]]></failure>
    <system-out><![CDATA[I am in on TestSkipped method clearRefillTest skipped
I am in onFinish method Clear Refill error
I am in onStart method Loan Widget Test
18:26:53.878 [main] INFO  Utils.DataProviders.DataProviders(244) - User Type ALL
18:26:53.878 [main] INFO  Utils.DataProviders.DataProviders(247) - User Type ADDED ALL
18:26:53.878 [main] INFO  Utils.DataProviders.DataProviders(244) - User Type BA
18:26:53.878 [main] INFO  Utils.DataProviders.DataProviders(250) - NO USER FOUND
18:26:53.878 [main] INFO  Utils.DataProviders.DataProviders(244) - User Type API
18:26:53.878 [main] INFO  Utils.DataProviders.DataProviders(250) - NO USER FOUND
18:26:53.894 [main] INFO  Utils.DataProviders.DataProviders(244) - User Type NFTR
18:26:53.894 [main] INFO  Utils.DataProviders.DataProviders(250) - NO USER FOUND
18:26:53.894 I am in onTestStart method openCustomerInteraction start
18:26:54.010 [main] INFO  pages.BasePage(328) - Waiting for loader to be removed
18:26:59.040 [main] INFO  pages.BasePage(328) - Loader Removed
18:26:59.040 [main] INFO  pages.SideMenuPOM(42) - Clicking on Side Menu
18:27:00.251 [main] INFO  pages.BasePage(328) - Waiting for loader to be removed
18:27:05.344 [main] INFO  pages.BasePage(328) - Loader Removed
]]></system-out>
  </testcase>
  <testcase name="validateLoanWidgetLayout" classname="tests.LoanWidgetTest" time="0">
    <skipped message="Method LoanWidgetTest.validateLoanWidgetLayout(Utils.DataProviders.HeaderDataBean)[pri:2, instance:tests.LoanWidgetTest@102cec62] depends on not successfully finished methods"/>
    <system-out><![CDATA[18:27:06.413 I am in on TestFailure method openCustomerInteraction failed
org.openqa.selenium.ElementClickInterceptedException: element click intercepted: Element <button _ngcontent-jxq-c14="" mat-icon-button="" class="mat-icon-button ng-tns-c14-4" style="border: 2px solid black;">...</button> is not clickable at point (30, 34). Other element would receive the click: <div class="cdk-overlay-backdrop cdk-overlay-dark-backdrop cdk-overlay-backdrop-showing"></div>
  (Session info: headless chrome=89.0.4389.90)
Build info: version: '4.0.0-alpha-3', revision: '8c567de6dc'
System info: host: 'LT2394650', ip: '172.23.64.219', os.name: 'Windows 10', os.arch: 'amd64', os.version: '10.0', java.version: '1.8.0_231'
Driver info: org.openqa.selenium.chrome.ChromeDriver
Capabilities {acceptInsecureCerts: true, browserName: chrome, browserVersion: 89.0.4389.90, chrome: {chromedriverVersion: 89.0.4389.23 (61b08ee2c5002..., userDataDir: C:\Users\2394650\AppData\Lo...}, goog:chromeOptions: {debuggerAddress: localhost:52187}, javascriptEnabled: true, networkConnectionEnabled: false, pageLoadStrategy: normal, platform: WINDOWS, platformName: WINDOWS, proxy: Proxy(), setWindowRect: true, strictFileInteractability: false, timeouts: {implicit: 0, pageLoad: 300000, script: 30000}, unhandledPromptBehavior: dismiss and notify, webauthn:extension:largeBlob: true, webauthn:virtualAuthenticators: true}
Session ID: 9bddb60362793b98befcaaba70e29dcd
	at sun.reflect.GeneratedConstructorAccessor58.newInstance(Unknown Source)
	at sun.reflect.DelegatingConstructorAccessorImpl.newInstance(DelegatingConstructorAccessorImpl.java:45)
	at java.lang.reflect.Constructor.newInstance(Constructor.java:423)
	at org.openqa.selenium.remote.codec.w3c.W3CHttpResponseCodec.createException(W3CHttpResponseCodec.java:191)
	at org.openqa.selenium.remote.codec.w3c.W3CHttpResponseCodec.decode(W3CHttpResponseCodec.java:125)
	at org.openqa.selenium.remote.codec.w3c.W3CHttpResponseCodec.decode(W3CHttpResponseCodec.java:52)
	at org.openqa.selenium.remote.HttpCommandExecutor.execute(HttpCommandExecutor.java:161)
	at org.openqa.selenium.remote.service.DriverCommandExecutor.execute(DriverCommandExecutor.java:83)
	at org.openqa.selenium.remote.RemoteWebDriver.execute(RemoteWebDriver.java:576)
	at org.openqa.selenium.remote.RemoteWebElement.execute(RemoteWebElement.java:308)
	at org.openqa.selenium.remote.RemoteWebElement.click(RemoteWebElement.java:83)
	at pages.BasePage.click(BasePage.java:77)
	at pages.SideMenuPOM.clickOnSideMenu(SideMenuPOM.java:44)
	at tests.LoanWidgetTest.openCustomerInteraction(LoanWidgetTest.java:37)
	at sun.reflect.NativeMethodAccessorImpl.invoke0(Native Method)
	at sun.reflect.NativeMethodAccessorImpl.invoke(NativeMethodAccessorImpl.java:62)
	at sun.reflect.DelegatingMethodAccessorImpl.invoke(DelegatingMethodAccessorImpl.java:43)
	at java.lang.reflect.Method.invoke(Method.java:498)
	at org.testng.internal.MethodInvocationHelper.invokeMethod(MethodInvocationHelper.java:133)
	at org.testng.internal.TestInvoker.invokeMethod(TestInvoker.java:584)
	at org.testng.internal.TestInvoker.invokeTestMethod(TestInvoker.java:172)
	at org.testng.internal.MethodRunner.runInSequence(MethodRunner.java:46)
	at org.testng.internal.TestInvoker$MethodInvocationAgent.invoke(TestInvoker.java:804)
	at org.testng.internal.TestInvoker.invokeTestMethods(TestInvoker.java:145)
	at org.testng.internal.TestMethodWorker.invokeTestMethods(TestMethodWorker.java:146)
	at org.testng.internal.TestMethodWorker.run(TestMethodWorker.java:128)
	at java.util.ArrayList.forEach(ArrayList.java:1257)
	at org.testng.TestRunner.privateRun(TestRunner.java:770)
	at org.testng.TestRunner.run(TestRunner.java:591)
	at org.testng.SuiteRunner.runTest(SuiteRunner.java:402)
	at org.testng.SuiteRunner.runSequentially(SuiteRunner.java:396)
	at org.testng.SuiteRunner.privateRun(SuiteRunner.java:355)
	at org.testng.SuiteRunner.run(SuiteRunner.java:304)
	at org.testng.SuiteRunnerWorker.runSuite(SuiteRunnerWorker.java:53)
	at org.testng.SuiteRunnerWorker.run(SuiteRunnerWorker.java:96)
	at org.testng.TestNG.runSuitesSequentially(TestNG.java:1180)
	at org.testng.TestNG.runSuitesLocally(TestNG.java:1102)
	at org.testng.TestNG.runSuites(TestNG.java:1032)
	at org.testng.TestNG.run(TestNG.java:1000)
	at org.apache.maven.surefire.testng.TestNGExecutor.run(TestNGExecutor.java:283)
	at org.apache.maven.surefire.testng.TestNGXmlTestSuite.execute(TestNGXmlTestSuite.java:75)
	at org.apache.maven.surefire.testng.TestNGProvider.invoke(TestNGProvider.java:120)
	at org.apache.maven.surefire.booter.ForkedBooter.invokeProviderInSameClassLoader(ForkedBooter.java:384)
	at org.apache.maven.surefire.booter.ForkedBooter.runSuitesInProcess(ForkedBooter.java:345)
	at org.apache.maven.surefire.booter.ForkedBooter.execute(ForkedBooter.java:126)
	at org.apache.maven.surefire.booter.ForkedBooter.main(ForkedBooter.java:418)

18:27:06.973 I am in onTestStart method validateLoanWidgetLayout start
]]></system-out>
  </testcase>
  <testcase name="validateLoanWidget" classname="tests.LoanWidgetTest" time="0">
    <skipped message="Method LoanWidgetTest.validateLoanWidget()[pri:3, instance:tests.LoanWidgetTest@102cec62] depends on not successfully finished methods"/>
    <system-out><![CDATA[I am in on TestSkipped method validateLoanWidgetLayout skipped
18:27:06.973 I am in onTestStart method validateLoanWidget start
]]></system-out>
  </testcase>
  <testcase name="validateLoanDetailWidget" classname="tests.LoanWidgetTest" time="0">
    <skipped message="Method LoanWidgetTest.validateLoanDetailWidget(Utils.DataProviders.HeaderDataBean)[pri:4, instance:tests.LoanWidgetTest@102cec62] depends on not successfully finished methods"/>
    <system-out><![CDATA[I am in on TestSkipped method validateLoanWidget skipped
18:27:06.973 I am in onTestStart method validateLoanDetailWidget start
]]></system-out>
  </testcase>
  <testcase name="validateLoanHistoryWidget" classname="tests.LoanWidgetTest" time="0">
    <skipped message="Method LoanWidgetTest.validateLoanHistoryWidget(Utils.DataProviders.HeaderDataBean)[pri:5, instance:tests.LoanWidgetTest@102cec62] depends on not successfully finished methods"/>
    <system-out><![CDATA[I am in on TestSkipped method validateLoanDetailWidget skipped
18:27:06.973 I am in onTestStart method validateLoanHistoryWidget start
]]></system-out>
  </testcase>
  <testcase name="openTicketBulkUpdate" classname="tests.TicketBulkUpdateTest" time="17.597">
    <failure message="element click intercepted: Element &lt;button _ngcontent-jxq-c14=&quot;&quot; mat-icon-button=&quot;&quot; class=&quot;mat-icon-button ng-tns-c14-4&quot; style=&quot;border: 2px solid black;&quot;&gt;...&lt;/button&gt; is not clickable at point (30, 34). Other element would receive the click: &lt;div class=&quot;cdk-overlay-backdrop cdk-overlay-dark-backdrop cdk-overlay-backdrop-showing&quot;&gt;&lt;/div&gt;&#10;  (Session info: headless chrome=89.0.4389.90)&#10;Build info: version: &apos;4.0.0-alpha-3&apos;, revision: &apos;8c567de6dc&apos;&#10;System info: host: &apos;LT2394650&apos;, ip: &apos;172.23.64.219&apos;, os.name: &apos;Windows 10&apos;, os.arch: &apos;amd64&apos;, os.version: &apos;10.0&apos;, java.version: &apos;1.8.0_231&apos;&#10;Driver info: org.openqa.selenium.chrome.ChromeDriver&#10;Capabilities {acceptInsecureCerts: true, browserName: chrome, browserVersion: 89.0.4389.90, chrome: {chromedriverVersion: 89.0.4389.23 (61b08ee2c5002..., userDataDir: C:\Users\2394650\AppData\Lo...}, goog:chromeOptions: {debuggerAddress: localhost:52187}, javascriptEnabled: true, networkConnectionEnabled: false, pageLoadStrategy: normal, platform: WINDOWS, platformName: WINDOWS, proxy: Proxy(), setWindowRect: true, strictFileInteractability: false, timeouts: {implicit: 0, pageLoad: 300000, script: 30000}, unhandledPromptBehavior: dismiss and notify, webauthn:extension:largeBlob: true, webauthn:virtualAuthenticators: true}&#10;Session ID: 9bddb60362793b98befcaaba70e29dcd" type="org.openqa.selenium.ElementClickInterceptedException"><![CDATA[org.openqa.selenium.ElementClickInterceptedException: 
element click intercepted: Element <button _ngcontent-jxq-c14="" mat-icon-button="" class="mat-icon-button ng-tns-c14-4" style="border: 2px solid black;">...</button> is not clickable at point (30, 34). Other element would receive the click: <div class="cdk-overlay-backdrop cdk-overlay-dark-backdrop cdk-overlay-backdrop-showing"></div>
  (Session info: headless chrome=89.0.4389.90)
Build info: version: '4.0.0-alpha-3', revision: '8c567de6dc'
System info: host: 'LT2394650', ip: '172.23.64.219', os.name: 'Windows 10', os.arch: 'amd64', os.version: '10.0', java.version: '1.8.0_231'
Driver info: org.openqa.selenium.chrome.ChromeDriver
Capabilities {acceptInsecureCerts: true, browserName: chrome, browserVersion: 89.0.4389.90, chrome: {chromedriverVersion: 89.0.4389.23 (61b08ee2c5002..., userDataDir: C:\Users\2394650\AppData\Lo...}, goog:chromeOptions: {debuggerAddress: localhost:52187}, javascriptEnabled: true, networkConnectionEnabled: false, pageLoadStrategy: normal, platform: WINDOWS, platformName: WINDOWS, proxy: Proxy(), setWindowRect: true, strictFileInteractability: false, timeouts: {implicit: 0, pageLoad: 300000, script: 30000}, unhandledPromptBehavior: dismiss and notify, webauthn:extension:largeBlob: true, webauthn:virtualAuthenticators: true}
Session ID: 9bddb60362793b98befcaaba70e29dcd
	at tests.TicketBulkUpdateTest.openTicketBulkUpdate(TicketBulkUpdateTest.java:29)
]]></failure>
    <system-out><![CDATA[I am in on TestSkipped method validateLoanHistoryWidget skipped
I am in onFinish method Loan Widget Test
I am in onStart method Supervisors Ticket Bulk Update Test
18:27:07.689 I am in onTestStart method openTicketBulkUpdate start
18:27:07.737 [main] INFO  pages.BasePage(328) - Waiting for loader to be removed
18:27:12.771 [main] INFO  pages.BasePage(328) - Loader Removed
18:27:12.848 [main] INFO  pages.BasePage(328) - Waiting for loader to be removed
18:27:17.899 [main] INFO  pages.BasePage(328) - Loader Removed
18:27:17.901 [main] INFO  pages.SideMenuPOM(42) - Clicking on Side Menu
18:27:19.090 [main] INFO  pages.BasePage(328) - Waiting for loader to be removed
18:27:24.155 [main] INFO  pages.BasePage(328) - Loader Removed
]]></system-out>
  </testcase>
  <testcase name="maxTicketSelectTest" classname="tests.TicketBulkUpdateTest" time="0">
    <skipped message="Method TicketBulkUpdateTest.maxTicketSelectTest(java.lang.reflect.Method)[pri:2, instance:tests.TicketBulkUpdateTest@791d1f8b] depends on not successfully finished methods"/>
    <system-out><![CDATA[18:27:25.286 I am in on TestFailure method openTicketBulkUpdate failed
org.openqa.selenium.ElementClickInterceptedException: element click intercepted: Element <button _ngcontent-jxq-c14="" mat-icon-button="" class="mat-icon-button ng-tns-c14-4" style="border: 2px solid black;">...</button> is not clickable at point (30, 34). Other element would receive the click: <div class="cdk-overlay-backdrop cdk-overlay-dark-backdrop cdk-overlay-backdrop-showing"></div>
  (Session info: headless chrome=89.0.4389.90)
Build info: version: '4.0.0-alpha-3', revision: '8c567de6dc'
System info: host: 'LT2394650', ip: '172.23.64.219', os.name: 'Windows 10', os.arch: 'amd64', os.version: '10.0', java.version: '1.8.0_231'
Driver info: org.openqa.selenium.chrome.ChromeDriver
Capabilities {acceptInsecureCerts: true, browserName: chrome, browserVersion: 89.0.4389.90, chrome: {chromedriverVersion: 89.0.4389.23 (61b08ee2c5002..., userDataDir: C:\Users\2394650\AppData\Lo...}, goog:chromeOptions: {debuggerAddress: localhost:52187}, javascriptEnabled: true, networkConnectionEnabled: false, pageLoadStrategy: normal, platform: WINDOWS, platformName: WINDOWS, proxy: Proxy(), setWindowRect: true, strictFileInteractability: false, timeouts: {implicit: 0, pageLoad: 300000, script: 30000}, unhandledPromptBehavior: dismiss and notify, webauthn:extension:largeBlob: true, webauthn:virtualAuthenticators: true}
Session ID: 9bddb60362793b98befcaaba70e29dcd
	at sun.reflect.GeneratedConstructorAccessor58.newInstance(Unknown Source)
	at sun.reflect.DelegatingConstructorAccessorImpl.newInstance(DelegatingConstructorAccessorImpl.java:45)
	at java.lang.reflect.Constructor.newInstance(Constructor.java:423)
	at org.openqa.selenium.remote.codec.w3c.W3CHttpResponseCodec.createException(W3CHttpResponseCodec.java:191)
	at org.openqa.selenium.remote.codec.w3c.W3CHttpResponseCodec.decode(W3CHttpResponseCodec.java:125)
	at org.openqa.selenium.remote.codec.w3c.W3CHttpResponseCodec.decode(W3CHttpResponseCodec.java:52)
	at org.openqa.selenium.remote.HttpCommandExecutor.execute(HttpCommandExecutor.java:161)
	at org.openqa.selenium.remote.service.DriverCommandExecutor.execute(DriverCommandExecutor.java:83)
	at org.openqa.selenium.remote.RemoteWebDriver.execute(RemoteWebDriver.java:576)
	at org.openqa.selenium.remote.RemoteWebElement.execute(RemoteWebElement.java:308)
	at org.openqa.selenium.remote.RemoteWebElement.click(RemoteWebElement.java:83)
	at pages.BasePage.click(BasePage.java:77)
	at pages.SideMenuPOM.clickOnSideMenu(SideMenuPOM.java:44)
	at tests.TicketBulkUpdateTest.openTicketBulkUpdate(TicketBulkUpdateTest.java:29)
	at sun.reflect.NativeMethodAccessorImpl.invoke0(Native Method)
	at sun.reflect.NativeMethodAccessorImpl.invoke(NativeMethodAccessorImpl.java:62)
	at sun.reflect.DelegatingMethodAccessorImpl.invoke(DelegatingMethodAccessorImpl.java:43)
	at java.lang.reflect.Method.invoke(Method.java:498)
	at org.testng.internal.MethodInvocationHelper.invokeMethod(MethodInvocationHelper.java:133)
	at org.testng.internal.TestInvoker.invokeMethod(TestInvoker.java:584)
	at org.testng.internal.TestInvoker.invokeTestMethod(TestInvoker.java:172)
	at org.testng.internal.MethodRunner.runInSequence(MethodRunner.java:46)
	at org.testng.internal.TestInvoker$MethodInvocationAgent.invoke(TestInvoker.java:804)
	at org.testng.internal.TestInvoker.invokeTestMethods(TestInvoker.java:145)
	at org.testng.internal.TestMethodWorker.invokeTestMethods(TestMethodWorker.java:146)
	at org.testng.internal.TestMethodWorker.run(TestMethodWorker.java:128)
	at java.util.ArrayList.forEach(ArrayList.java:1257)
	at org.testng.TestRunner.privateRun(TestRunner.java:770)
	at org.testng.TestRunner.run(TestRunner.java:591)
	at org.testng.SuiteRunner.runTest(SuiteRunner.java:402)
	at org.testng.SuiteRunner.runSequentially(SuiteRunner.java:396)
	at org.testng.SuiteRunner.privateRun(SuiteRunner.java:355)
	at org.testng.SuiteRunner.run(SuiteRunner.java:304)
	at org.testng.SuiteRunnerWorker.runSuite(SuiteRunnerWorker.java:53)
	at org.testng.SuiteRunnerWorker.run(SuiteRunnerWorker.java:96)
	at org.testng.TestNG.runSuitesSequentially(TestNG.java:1180)
	at org.testng.TestNG.runSuitesLocally(TestNG.java:1102)
	at org.testng.TestNG.runSuites(TestNG.java:1032)
	at org.testng.TestNG.run(TestNG.java:1000)
	at org.apache.maven.surefire.testng.TestNGExecutor.run(TestNGExecutor.java:283)
	at org.apache.maven.surefire.testng.TestNGXmlTestSuite.execute(TestNGXmlTestSuite.java:75)
	at org.apache.maven.surefire.testng.TestNGProvider.invoke(TestNGProvider.java:120)
	at org.apache.maven.surefire.booter.ForkedBooter.invokeProviderInSameClassLoader(ForkedBooter.java:384)
	at org.apache.maven.surefire.booter.ForkedBooter.runSuitesInProcess(ForkedBooter.java:345)
	at org.apache.maven.surefire.booter.ForkedBooter.execute(ForkedBooter.java:126)
	at org.apache.maven.surefire.booter.ForkedBooter.main(ForkedBooter.java:418)

18:27:25.846 I am in onTestStart method maxTicketSelectTest start
]]></system-out>
  </testcase>
  <testcase name="uploadTicketFromExcelTest" classname="tests.TicketBulkUpdateTest" time="0">
    <skipped message="Method TicketBulkUpdateTest.uploadTicketFromExcelTest(java.lang.reflect.Method)[pri:3, instance:tests.TicketBulkUpdateTest@791d1f8b] depends on not successfully finished methods"/>
    <system-out><![CDATA[I am in on TestSkipped method maxTicketSelectTest skipped
18:27:25.846 I am in onTestStart method uploadTicketFromExcelTest start
]]></system-out>
  </testcase>
  <testcase name="bulkOptionTest" classname="tests.TicketBulkUpdateTest" time="0">
    <skipped message="Method TicketBulkUpdateTest.bulkOptionTest(java.lang.reflect.Method)[pri:4, instance:tests.TicketBulkUpdateTest@791d1f8b] depends on not successfully finished methods"/>
    <system-out><![CDATA[I am in on TestSkipped method uploadTicketFromExcelTest skipped
18:27:25.846 I am in onTestStart method bulkOptionTest start
]]></system-out>
  </testcase>
  <testcase name="bulkAddCommentTest" classname="tests.TicketBulkUpdateTest" time="26.85">
    <failure message="Expected condition failed: waiting for element to be clickable: By.xpath: //form//div//div[3]//div[@class=&quot;label customer-checkbox&quot;]//label (tried for 20 second(s) with 500 milliseconds interval)" type="org.openqa.selenium.TimeoutException">org.openqa.selenium.TimeoutException: Expected condition failed: waiting for element to be clickable: By.xpath: //form//div//div[3]//div[@class="label customer-checkbox"]//label (tried for 20 second(s) with 500 milliseconds interval)
	at tests.TicketBulkUpdateTest.bulkAddCommentTest(TicketBulkUpdateTest.java:155)
Caused by: org.openqa.selenium.NoSuchElementException: 
no such element: Unable to locate element: {"method":"xpath","selector":"//form//div//div[3]//div[@class="label customer-checkbox"]//label"}
  (Session info: headless chrome=89.0.4389.90)
For documentation on this error, please visit: https://www.seleniumhq.org/exceptions/no_such_element.html
Build info: version: '4.0.0-alpha-3', revision: '8c567de6dc'
System info: host: 'LT2394650', ip: '172.23.64.219', os.name: 'Windows 10', os.arch: 'amd64', os.version: '10.0', java.version: '1.8.0_231'
Driver info: org.openqa.selenium.chrome.ChromeDriver
Capabilities {acceptInsecureCerts: true, browserName: chrome, browserVersion: 89.0.4389.90, chrome: {chromedriverVersion: 89.0.4389.23 (61b08ee2c5002..., userDataDir: C:\Users\2394650\AppData\Lo...}, goog:chromeOptions: {debuggerAddress: localhost:52187}, javascriptEnabled: true, networkConnectionEnabled: false, pageLoadStrategy: normal, platform: WINDOWS, platformName: WINDOWS, proxy: Proxy(), setWindowRect: true, strictFileInteractability: false, timeouts: {implicit: 0, pageLoad: 300000, script: 30000}, unhandledPromptBehavior: dismiss and notify, webauthn:extension:largeBlob: true, webauthn:virtualAuthenticators: true}
Session ID: 9bddb60362793b98befcaaba70e29dcd
*** Element info: {Using=xpath, value=//form//div//div[3]//div[@class="label customer-checkbox"]//label}
	at tests.TicketBulkUpdateTest.bulkAddCommentTest(TicketBulkUpdateTest.java:155)
</failure>
    <system-out><![CDATA[I am in on TestSkipped method bulkOptionTest skipped
18:27:25.846 I am in onTestStart method bulkAddCommentTest start
18:27:25.886 [main] INFO  pages.BasePage(328) - Waiting for loader to be removed
18:27:30.903 [main] INFO  pages.BasePage(328) - Loader Removed
18:27:30.903 [main] INFO  pages.BasePage(328) - Clicking Add Ticket Comment Option
]]></system-out>
  </testcase>
  <testcase name="Logout" classname="tests.LogoutTest" time="17.692">
    <failure message="element click intercepted: Element &lt;button _ngcontent-jxq-c14=&quot;&quot; mat-icon-button=&quot;&quot; class=&quot;mat-icon-button ng-tns-c14-4&quot; style=&quot;border: 2px solid black;&quot;&gt;...&lt;/button&gt; is not clickable at point (30, 34). Other element would receive the click: &lt;div class=&quot;cdk-overlay-backdrop cdk-overlay-dark-backdrop cdk-overlay-backdrop-showing&quot;&gt;&lt;/div&gt;&#10;  (Session info: headless chrome=89.0.4389.90)&#10;Build info: version: &apos;4.0.0-alpha-3&apos;, revision: &apos;8c567de6dc&apos;&#10;System info: host: &apos;LT2394650&apos;, ip: &apos;172.23.64.219&apos;, os.name: &apos;Windows 10&apos;, os.arch: &apos;amd64&apos;, os.version: &apos;10.0&apos;, java.version: &apos;1.8.0_231&apos;&#10;Driver info: org.openqa.selenium.chrome.ChromeDriver&#10;Capabilities {acceptInsecureCerts: true, browserName: chrome, browserVersion: 89.0.4389.90, chrome: {chromedriverVersion: 89.0.4389.23 (61b08ee2c5002..., userDataDir: C:\Users\2394650\AppData\Lo...}, goog:chromeOptions: {debuggerAddress: localhost:52187}, javascriptEnabled: true, networkConnectionEnabled: false, pageLoadStrategy: normal, platform: WINDOWS, platformName: WINDOWS, proxy: Proxy(), setWindowRect: true, strictFileInteractability: false, timeouts: {implicit: 0, pageLoad: 300000, script: 30000}, unhandledPromptBehavior: dismiss and notify, webauthn:extension:largeBlob: true, webauthn:virtualAuthenticators: true}&#10;Session ID: 9bddb60362793b98befcaaba70e29dcd" type="org.openqa.selenium.ElementClickInterceptedException"><![CDATA[org.openqa.selenium.ElementClickInterceptedException: 
element click intercepted: Element <button _ngcontent-jxq-c14="" mat-icon-button="" class="mat-icon-button ng-tns-c14-4" style="border: 2px solid black;">...</button> is not clickable at point (30, 34). Other element would receive the click: <div class="cdk-overlay-backdrop cdk-overlay-dark-backdrop cdk-overlay-backdrop-showing"></div>
  (Session info: headless chrome=89.0.4389.90)
Build info: version: '4.0.0-alpha-3', revision: '8c567de6dc'
System info: host: 'LT2394650', ip: '172.23.64.219', os.name: 'Windows 10', os.arch: 'amd64', os.version: '10.0', java.version: '1.8.0_231'
Driver info: org.openqa.selenium.chrome.ChromeDriver
Capabilities {acceptInsecureCerts: true, browserName: chrome, browserVersion: 89.0.4389.90, chrome: {chromedriverVersion: 89.0.4389.23 (61b08ee2c5002..., userDataDir: C:\Users\2394650\AppData\Lo...}, goog:chromeOptions: {debuggerAddress: localhost:52187}, javascriptEnabled: true, networkConnectionEnabled: false, pageLoadStrategy: normal, platform: WINDOWS, platformName: WINDOWS, proxy: Proxy(), setWindowRect: true, strictFileInteractability: false, timeouts: {implicit: 0, pageLoad: 300000, script: 30000}, unhandledPromptBehavior: dismiss and notify, webauthn:extension:largeBlob: true, webauthn:virtualAuthenticators: true}
Session ID: 9bddb60362793b98befcaaba70e29dcd
	at tests.LogoutTest.Logout(LogoutTest.java:22)
]]></failure>
    <system-out><![CDATA[18:27:52.736 I am in on TestFailure method bulkAddCommentTest failed
org.openqa.selenium.TimeoutException: Expected condition failed: waiting for element to be clickable: By.xpath: //form//div//div[3]//div[@class="label customer-checkbox"]//label (tried for 20 second(s) with 500 milliseconds interval)
	at org.openqa.selenium.support.ui.WebDriverWait.timeoutException(WebDriverWait.java:138)
	at org.openqa.selenium.support.ui.FluentWait.until(FluentWait.java:234)
	at pages.BasePage.click(BasePage.java:71)
	at pages.TicketBulkUpdatePOM.clickAddCommentOption(TicketBulkUpdatePOM.java:199)
	at tests.TicketBulkUpdateTest.bulkAddCommentTest(TicketBulkUpdateTest.java:155)
	at sun.reflect.NativeMethodAccessorImpl.invoke0(Native Method)
	at sun.reflect.NativeMethodAccessorImpl.invoke(NativeMethodAccessorImpl.java:62)
	at sun.reflect.DelegatingMethodAccessorImpl.invoke(DelegatingMethodAccessorImpl.java:43)
	at java.lang.reflect.Method.invoke(Method.java:498)
	at org.testng.internal.MethodInvocationHelper.invokeMethod(MethodInvocationHelper.java:133)
	at org.testng.internal.TestInvoker.invokeMethod(TestInvoker.java:584)
	at org.testng.internal.TestInvoker.invokeTestMethod(TestInvoker.java:172)
	at org.testng.internal.MethodRunner.runInSequence(MethodRunner.java:46)
	at org.testng.internal.TestInvoker$MethodInvocationAgent.invoke(TestInvoker.java:804)
	at org.testng.internal.TestInvoker.invokeTestMethods(TestInvoker.java:145)
	at org.testng.internal.TestMethodWorker.invokeTestMethods(TestMethodWorker.java:146)
	at org.testng.internal.TestMethodWorker.run(TestMethodWorker.java:128)
	at java.util.ArrayList.forEach(ArrayList.java:1257)
	at org.testng.TestRunner.privateRun(TestRunner.java:770)
	at org.testng.TestRunner.run(TestRunner.java:591)
	at org.testng.SuiteRunner.runTest(SuiteRunner.java:402)
	at org.testng.SuiteRunner.runSequentially(SuiteRunner.java:396)
	at org.testng.SuiteRunner.privateRun(SuiteRunner.java:355)
	at org.testng.SuiteRunner.run(SuiteRunner.java:304)
	at org.testng.SuiteRunnerWorker.runSuite(SuiteRunnerWorker.java:53)
	at org.testng.SuiteRunnerWorker.run(SuiteRunnerWorker.java:96)
	at org.testng.TestNG.runSuitesSequentially(TestNG.java:1180)
	at org.testng.TestNG.runSuitesLocally(TestNG.java:1102)
	at org.testng.TestNG.runSuites(TestNG.java:1032)
	at org.testng.TestNG.run(TestNG.java:1000)
	at org.apache.maven.surefire.testng.TestNGExecutor.run(TestNGExecutor.java:283)
	at org.apache.maven.surefire.testng.TestNGXmlTestSuite.execute(TestNGXmlTestSuite.java:75)
	at org.apache.maven.surefire.testng.TestNGProvider.invoke(TestNGProvider.java:120)
	at org.apache.maven.surefire.booter.ForkedBooter.invokeProviderInSameClassLoader(ForkedBooter.java:384)
	at org.apache.maven.surefire.booter.ForkedBooter.runSuitesInProcess(ForkedBooter.java:345)
	at org.apache.maven.surefire.booter.ForkedBooter.execute(ForkedBooter.java:126)
	at org.apache.maven.surefire.booter.ForkedBooter.main(ForkedBooter.java:418)
Caused by: org.openqa.selenium.NoSuchElementException: no such element: Unable to locate element: {"method":"xpath","selector":"//form//div//div[3]//div[@class="label customer-checkbox"]//label"}
  (Session info: headless chrome=89.0.4389.90)
For documentation on this error, please visit: https://www.seleniumhq.org/exceptions/no_such_element.html
Build info: version: '4.0.0-alpha-3', revision: '8c567de6dc'
System info: host: 'LT2394650', ip: '172.23.64.219', os.name: 'Windows 10', os.arch: 'amd64', os.version: '10.0', java.version: '1.8.0_231'
Driver info: org.openqa.selenium.chrome.ChromeDriver
Capabilities {acceptInsecureCerts: true, browserName: chrome, browserVersion: 89.0.4389.90, chrome: {chromedriverVersion: 89.0.4389.23 (61b08ee2c5002..., userDataDir: C:\Users\2394650\AppData\Lo...}, goog:chromeOptions: {debuggerAddress: localhost:52187}, javascriptEnabled: true, networkConnectionEnabled: false, pageLoadStrategy: normal, platform: WINDOWS, platformName: WINDOWS, proxy: Proxy(), setWindowRect: true, strictFileInteractability: false, timeouts: {implicit: 0, pageLoad: 300000, script: 30000}, unhandledPromptBehavior: dismiss and notify, webauthn:extension:largeBlob: true, webauthn:virtualAuthenticators: true}
Session ID: 9bddb60362793b98befcaaba70e29dcd
*** Element info: {Using=xpath, value=//form//div//div[3]//div[@class="label customer-checkbox"]//label}
	at sun.reflect.GeneratedConstructorAccessor50.newInstance(Unknown Source)
	at sun.reflect.DelegatingConstructorAccessorImpl.newInstance(DelegatingConstructorAccessorImpl.java:45)
	at java.lang.reflect.Constructor.newInstance(Constructor.java:423)
	at org.openqa.selenium.remote.codec.w3c.W3CHttpResponseCodec.createException(W3CHttpResponseCodec.java:191)
	at org.openqa.selenium.remote.codec.w3c.W3CHttpResponseCodec.decode(W3CHttpResponseCodec.java:125)
	at org.openqa.selenium.remote.codec.w3c.W3CHttpResponseCodec.decode(W3CHttpResponseCodec.java:52)
	at org.openqa.selenium.remote.HttpCommandExecutor.execute(HttpCommandExecutor.java:161)
	at org.openqa.selenium.remote.service.DriverCommandExecutor.execute(DriverCommandExecutor.java:83)
	at org.openqa.selenium.remote.RemoteWebDriver.execute(RemoteWebDriver.java:576)
	at org.openqa.selenium.remote.RemoteWebDriver.findElement(RemoteWebDriver.java:327)
	at org.openqa.selenium.remote.RemoteWebDriver.findElementByXPath(RemoteWebDriver.java:445)
	at org.openqa.selenium.By$ByXPath.findElement(By.java:396)
	at org.openqa.selenium.remote.RemoteWebDriver.findElement(RemoteWebDriver.java:319)
	at org.openqa.selenium.support.ui.ExpectedConditions$7.apply(ExpectedConditions.java:205)
	at org.openqa.selenium.support.ui.ExpectedConditions$7.apply(ExpectedConditions.java:201)
	at org.openqa.selenium.support.ui.ExpectedConditions$22.apply(ExpectedConditions.java:641)
	at org.openqa.selenium.support.ui.ExpectedConditions$22.apply(ExpectedConditions.java:638)
	at org.openqa.selenium.support.ui.FluentWait.until(FluentWait.java:211)
	... 35 more

I am in onFinish method Supervisors Ticket Bulk Update Test
I am in onStart method Logout Test
18:27:54.092 I am in onTestStart method Logout start
18:27:54.132 [main] INFO  pages.BasePage(328) - Waiting for loader to be removed
18:27:59.205 [main] INFO  pages.BasePage(328) - Loader Removed
18:27:59.207 [main] INFO  pages.SideMenuPOM(57) - Checking that  Side Menu options are Visible or Not
18:27:59.349 [main] INFO  pages.BasePage(328) - Waiting for loader to be removed
18:28:04.383 [main] INFO  pages.BasePage(328) - Loader Removed
18:28:04.383 [main] INFO  pages.SideMenuPOM(42) - Clicking on Side Menu
18:28:05.585 [main] INFO  pages.BasePage(328) - Waiting for loader to be removed
18:28:10.656 [main] INFO  pages.BasePage(328) - Loader Removed
]]></system-out>
  </testcase>
  <testcase name="Logout" classname="tests.LogoutTest" time="15.323"/>
  <testcase name="Logout" classname="tests.LogoutTest" time="32.532"/>
  <testcase name="Logout" classname="tests.LogoutTest" time="32.629"/>
  <testcase name="LoggingIN" classname="tests.SupervisorLoginTest" time="5.019"/>
  <testcase name="openSupervisorDashboard" classname="tests.SupervisorLoginTest" time="39.49"/>
  <testcase name="validateTicketSearchOptions" classname="tests.SupervisorLoginTest" time="1.213"/>
  <testcase name="validateSupervisorTabs" classname="tests.SupervisorLoginTest" time="0.297"/>
  <testcase name="openSupervisorDashboard" classname="tests.SupervisorGlobalSearchTest" time="26.776"/>
  <testcase name="globalSearchTestByTicket" classname="tests.SupervisorGlobalSearchTest" time="27.901"/>
  <testcase name="globalSearchTestByInvalidTicket" classname="tests.SupervisorGlobalSearchTest" time="54.166">
    <failure message="Expected condition failed: waiting for element to be clickable: By.xpath: //app-ticket-search-box//button (tried for 20 second(s) with 500 milliseconds interval)" type="org.openqa.selenium.TimeoutException">org.openqa.selenium.TimeoutException: Expected condition failed: waiting for element to be clickable: By.xpath: //app-ticket-search-box//button (tried for 20 second(s) with 500 milliseconds interval)
	at tests.SupervisorGlobalSearchTest.globalSearchTestByInvalidTicket(SupervisorGlobalSearchTest.java:62)
Caused by: org.openqa.selenium.NoSuchElementException: 
no such element: Unable to locate element: {"method":"xpath","selector":"//app-ticket-search-box//button"}
  (Session info: headless chrome=89.0.4389.90)
For documentation on this error, please visit: https://www.seleniumhq.org/exceptions/no_such_element.html
Build info: version: '4.0.0-alpha-3', revision: '8c567de6dc'
System info: host: 'LT2394650', ip: '172.23.64.219', os.name: 'Windows 10', os.arch: 'amd64', os.version: '10.0', java.version: '1.8.0_231'
Driver info: org.openqa.selenium.chrome.ChromeDriver
Capabilities {acceptInsecureCerts: true, browserName: chrome, browserVersion: 89.0.4389.90, chrome: {chromedriverVersion: 89.0.4389.23 (61b08ee2c5002..., userDataDir: C:\Users\2394650\AppData\Lo...}, goog:chromeOptions: {debuggerAddress: localhost:52187}, javascriptEnabled: true, networkConnectionEnabled: false, pageLoadStrategy: normal, platform: WINDOWS, platformName: WINDOWS, proxy: Proxy(), setWindowRect: true, strictFileInteractability: false, timeouts: {implicit: 0, pageLoad: 300000, script: 30000}, unhandledPromptBehavior: dismiss and notify, webauthn:extension:largeBlob: true, webauthn:virtualAuthenticators: true}
Session ID: 9bddb60362793b98befcaaba70e29dcd
*** Element info: {Using=xpath, value=//app-ticket-search-box//button}
	at tests.SupervisorGlobalSearchTest.globalSearchTestByInvalidTicket(SupervisorGlobalSearchTest.java:62)
</failure>
    <system-out><![CDATA[18:29:57.086 I am in on TestSuccess method globalSearchTestByTicket succeed
18:29:57.087 I am in onTestStart method globalSearchTestByInvalidTicket start
18:29:57.100 [main] INFO  pages.BasePage(328) - Waiting for loader to be removed
18:30:12.966 [main] INFO  pages.BasePage(328) - Loader Removed
18:30:12.966 [main] INFO  pages.supervisorTicketListPagePOM(110) - Search Ticket Id: 987654321012
18:30:13.378 [main] INFO  pages.BasePage(94) - Writing 987654321012to  By.xpath: //input[@type='search'][1]
18:30:13.379 [main] INFO  pages.supervisorTicketListPagePOM(129) - Clicking on Search Button
18:30:13.379 [main] INFO  pages.BasePage(328) - Waiting for loader to be removed
18:30:29.539 [main] INFO  pages.BasePage(328) - Loader Removed
]]></system-out>
  </testcase>
  <testcase name="globalSearchTestBy" classname="tests.SupervisorGlobalSearchTest" time="31.817">
    <failure message="no such element: Unable to locate element: {&quot;method&quot;:&quot;xpath&quot;,&quot;selector&quot;:&quot;//input[@type=&apos;search&apos;][1]&quot;}&#10;  (Session info: headless chrome=89.0.4389.90)&#10;For documentation on this error, please visit: https://www.seleniumhq.org/exceptions/no_such_element.html&#10;Build info: version: &apos;4.0.0-alpha-3&apos;, revision: &apos;8c567de6dc&apos;&#10;System info: host: &apos;LT2394650&apos;, ip: &apos;172.23.64.219&apos;, os.name: &apos;Windows 10&apos;, os.arch: &apos;amd64&apos;, os.version: &apos;10.0&apos;, java.version: &apos;1.8.0_231&apos;&#10;Driver info: org.openqa.selenium.chrome.ChromeDriver&#10;Capabilities {acceptInsecureCerts: true, browserName: chrome, browserVersion: 89.0.4389.90, chrome: {chromedriverVersion: 89.0.4389.23 (61b08ee2c5002..., userDataDir: C:\Users\2394650\AppData\Lo...}, goog:chromeOptions: {debuggerAddress: localhost:52187}, javascriptEnabled: true, networkConnectionEnabled: false, pageLoadStrategy: normal, platform: WINDOWS, platformName: WINDOWS, proxy: Proxy(), setWindowRect: true, strictFileInteractability: false, timeouts: {implicit: 0, pageLoad: 300000, script: 30000}, unhandledPromptBehavior: dismiss and notify, webauthn:extension:largeBlob: true, webauthn:virtualAuthenticators: true}&#10;Session ID: 9bddb60362793b98befcaaba70e29dcd&#10;*** Element info: {Using=xpath, value=//input[@type=&apos;search&apos;][1]}" type="org.openqa.selenium.NoSuchElementException">org.openqa.selenium.NoSuchElementException: 
no such element: Unable to locate element: {"method":"xpath","selector":"//input[@type='search'][1]"}
  (Session info: headless chrome=89.0.4389.90)
For documentation on this error, please visit: https://www.seleniumhq.org/exceptions/no_such_element.html
Build info: version: '4.0.0-alpha-3', revision: '8c567de6dc'
System info: host: 'LT2394650', ip: '172.23.64.219', os.name: 'Windows 10', os.arch: 'amd64', os.version: '10.0', java.version: '1.8.0_231'
Driver info: org.openqa.selenium.chrome.ChromeDriver
Capabilities {acceptInsecureCerts: true, browserName: chrome, browserVersion: 89.0.4389.90, chrome: {chromedriverVersion: 89.0.4389.23 (61b08ee2c5002..., userDataDir: C:\Users\2394650\AppData\Lo...}, goog:chromeOptions: {debuggerAddress: localhost:52187}, javascriptEnabled: true, networkConnectionEnabled: false, pageLoadStrategy: normal, platform: WINDOWS, platformName: WINDOWS, proxy: Proxy(), setWindowRect: true, strictFileInteractability: false, timeouts: {implicit: 0, pageLoad: 300000, script: 30000}, unhandledPromptBehavior: dismiss and notify, webauthn:extension:largeBlob: true, webauthn:virtualAuthenticators: true}
Session ID: 9bddb60362793b98befcaaba70e29dcd
*** Element info: {Using=xpath, value=//input[@type='search'][1]}
	at tests.SupervisorGlobalSearchTest.globalSearchTestBy(SupervisorGlobalSearchTest.java:87)
</failure>
    <system-out><![CDATA[18:30:51.254 I am in on TestFailure method globalSearchTestByInvalidTicket failed
org.openqa.selenium.TimeoutException: Expected condition failed: waiting for element to be clickable: By.xpath: //app-ticket-search-box//button (tried for 20 second(s) with 500 milliseconds interval)
	at org.openqa.selenium.support.ui.WebDriverWait.timeoutException(WebDriverWait.java:138)
	at org.openqa.selenium.support.ui.FluentWait.until(FluentWait.java:234)
	at pages.supervisorTicketListPagePOM.clickSearchBtn(supervisorTicketListPagePOM.java:131)
	at tests.SupervisorGlobalSearchTest.globalSearchTestByInvalidTicket(SupervisorGlobalSearchTest.java:62)
	at sun.reflect.NativeMethodAccessorImpl.invoke0(Native Method)
	at sun.reflect.NativeMethodAccessorImpl.invoke(NativeMethodAccessorImpl.java:62)
	at sun.reflect.DelegatingMethodAccessorImpl.invoke(DelegatingMethodAccessorImpl.java:43)
	at java.lang.reflect.Method.invoke(Method.java:498)
	at org.testng.internal.MethodInvocationHelper.invokeMethod(MethodInvocationHelper.java:133)
	at org.testng.internal.TestInvoker.invokeMethod(TestInvoker.java:584)
	at org.testng.internal.TestInvoker.invokeTestMethod(TestInvoker.java:172)
	at org.testng.internal.MethodRunner.runInSequence(MethodRunner.java:46)
	at org.testng.internal.TestInvoker$MethodInvocationAgent.invoke(TestInvoker.java:804)
	at org.testng.internal.TestInvoker.invokeTestMethods(TestInvoker.java:145)
	at org.testng.internal.TestMethodWorker.invokeTestMethods(TestMethodWorker.java:146)
	at org.testng.internal.TestMethodWorker.run(TestMethodWorker.java:128)
	at java.util.ArrayList.forEach(ArrayList.java:1257)
	at org.testng.TestRunner.privateRun(TestRunner.java:770)
	at org.testng.TestRunner.run(TestRunner.java:591)
	at org.testng.SuiteRunner.runTest(SuiteRunner.java:402)
	at org.testng.SuiteRunner.runSequentially(SuiteRunner.java:396)
	at org.testng.SuiteRunner.privateRun(SuiteRunner.java:355)
	at org.testng.SuiteRunner.run(SuiteRunner.java:304)
	at org.testng.SuiteRunnerWorker.runSuite(SuiteRunnerWorker.java:53)
	at org.testng.SuiteRunnerWorker.run(SuiteRunnerWorker.java:96)
	at org.testng.TestNG.runSuitesSequentially(TestNG.java:1180)
	at org.testng.TestNG.runSuitesLocally(TestNG.java:1102)
	at org.testng.TestNG.runSuites(TestNG.java:1032)
	at org.testng.TestNG.run(TestNG.java:1000)
	at org.apache.maven.surefire.testng.TestNGExecutor.run(TestNGExecutor.java:283)
	at org.apache.maven.surefire.testng.TestNGXmlTestSuite.execute(TestNGXmlTestSuite.java:75)
	at org.apache.maven.surefire.testng.TestNGProvider.invoke(TestNGProvider.java:120)
	at org.apache.maven.surefire.booter.ForkedBooter.invokeProviderInSameClassLoader(ForkedBooter.java:384)
	at org.apache.maven.surefire.booter.ForkedBooter.runSuitesInProcess(ForkedBooter.java:345)
	at org.apache.maven.surefire.booter.ForkedBooter.execute(ForkedBooter.java:126)
	at org.apache.maven.surefire.booter.ForkedBooter.main(ForkedBooter.java:418)
Caused by: org.openqa.selenium.NoSuchElementException: no such element: Unable to locate element: {"method":"xpath","selector":"//app-ticket-search-box//button"}
  (Session info: headless chrome=89.0.4389.90)
For documentation on this error, please visit: https://www.seleniumhq.org/exceptions/no_such_element.html
Build info: version: '4.0.0-alpha-3', revision: '8c567de6dc'
System info: host: 'LT2394650', ip: '172.23.64.219', os.name: 'Windows 10', os.arch: 'amd64', os.version: '10.0', java.version: '1.8.0_231'
Driver info: org.openqa.selenium.chrome.ChromeDriver
Capabilities {acceptInsecureCerts: true, browserName: chrome, browserVersion: 89.0.4389.90, chrome: {chromedriverVersion: 89.0.4389.23 (61b08ee2c5002..., userDataDir: C:\Users\2394650\AppData\Lo...}, goog:chromeOptions: {debuggerAddress: localhost:52187}, javascriptEnabled: true, networkConnectionEnabled: false, pageLoadStrategy: normal, platform: WINDOWS, platformName: WINDOWS, proxy: Proxy(), setWindowRect: true, strictFileInteractability: false, timeouts: {implicit: 0, pageLoad: 300000, script: 30000}, unhandledPromptBehavior: dismiss and notify, webauthn:extension:largeBlob: true, webauthn:virtualAuthenticators: true}
Session ID: 9bddb60362793b98befcaaba70e29dcd
*** Element info: {Using=xpath, value=//app-ticket-search-box//button}
	at sun.reflect.GeneratedConstructorAccessor50.newInstance(Unknown Source)
	at sun.reflect.DelegatingConstructorAccessorImpl.newInstance(DelegatingConstructorAccessorImpl.java:45)
	at java.lang.reflect.Constructor.newInstance(Constructor.java:423)
	at org.openqa.selenium.remote.codec.w3c.W3CHttpResponseCodec.createException(W3CHttpResponseCodec.java:191)
	at org.openqa.selenium.remote.codec.w3c.W3CHttpResponseCodec.decode(W3CHttpResponseCodec.java:125)
	at org.openqa.selenium.remote.codec.w3c.W3CHttpResponseCodec.decode(W3CHttpResponseCodec.java:52)
	at org.openqa.selenium.remote.HttpCommandExecutor.execute(HttpCommandExecutor.java:161)
	at org.openqa.selenium.remote.service.DriverCommandExecutor.execute(DriverCommandExecutor.java:83)
	at org.openqa.selenium.remote.RemoteWebDriver.execute(RemoteWebDriver.java:576)
	at org.openqa.selenium.remote.RemoteWebDriver.findElement(RemoteWebDriver.java:327)
	at org.openqa.selenium.remote.RemoteWebDriver.findElementByXPath(RemoteWebDriver.java:445)
	at org.openqa.selenium.By$ByXPath.findElement(By.java:396)
	at org.openqa.selenium.remote.RemoteWebDriver.findElement(RemoteWebDriver.java:319)
	at org.openqa.selenium.support.ui.ExpectedConditions$7.apply(ExpectedConditions.java:205)
	at org.openqa.selenium.support.ui.ExpectedConditions$7.apply(ExpectedConditions.java:201)
	at org.openqa.selenium.support.ui.ExpectedConditions$22.apply(ExpectedConditions.java:641)
	at org.openqa.selenium.support.ui.ExpectedConditions$22.apply(ExpectedConditions.java:638)
	at org.openqa.selenium.support.ui.FluentWait.until(FluentWait.java:211)
	... 34 more

18:30:51.855 [main] INFO  Utils.DataProviders.DataProviders(244) - User Type ALL
18:30:51.855 [main] INFO  Utils.DataProviders.DataProviders(250) - NO USER FOUND
18:30:51.855 [main] INFO  Utils.DataProviders.DataProviders(244) - User Type BA
18:30:51.855 [main] INFO  Utils.DataProviders.DataProviders(250) - NO USER FOUND
18:30:51.855 [main] INFO  Utils.DataProviders.DataProviders(244) - User Type API
18:30:51.855 [main] INFO  Utils.DataProviders.DataProviders(250) - NO USER FOUND
18:30:51.855 [main] INFO  Utils.DataProviders.DataProviders(244) - User Type NFTR
18:30:51.855 [main] INFO  Utils.DataProviders.DataProviders(247) - User Type ADDED NFTR
18:30:51.855 I am in onTestStart method globalSearchTestBy start
18:30:51.906 [main] INFO  pages.BasePage(328) - Waiting for loader to be removed
18:30:56.944 [main] INFO  pages.BasePage(328) - Loader Removed
18:31:18.626 [main] INFO  pages.supervisorTicketListPagePOM(122) - Clear Search Box
]]></system-out>
  </testcase>
  <testcase name="loginAPI" classname="tests.SupervisorSearchTicket" time="1.827"/>
  <testcase name="validateCheckBox" classname="tests.SupervisorSearchTicket" time="21.789">
    <failure message="Expected condition failed: waiting for element to be clickable: By.xpath: //app-ticket-list//div[1]//div[1]//div[1]//input[@class=&quot;supercheck&quot; or @class=&quot;supercheck ng-star-inserted&quot;] (tried for 20 second(s) with 500 milliseconds interval)" type="org.openqa.selenium.TimeoutException">org.openqa.selenium.TimeoutException: Expected condition failed: waiting for element to be clickable: By.xpath: //app-ticket-list//div[1]//div[1]//div[1]//input[@class="supercheck" or @class="supercheck ng-star-inserted"] (tried for 20 second(s) with 500 milliseconds interval)
	at tests.SupervisorSearchTicket.validateCheckBox(SupervisorSearchTicket.java:201)
Caused by: org.openqa.selenium.NoSuchElementException: 
no such element: Unable to locate element: {"method":"xpath","selector":"//app-ticket-list//div[1]//div[1]//div[1]//input[@class="supercheck" or @class="supercheck ng-star-inserted"]"}
  (Session info: headless chrome=89.0.4389.90)
For documentation on this error, please visit: https://www.seleniumhq.org/exceptions/no_such_element.html
Build info: version: '4.0.0-alpha-3', revision: '8c567de6dc'
System info: host: 'LT2394650', ip: '172.23.64.219', os.name: 'Windows 10', os.arch: 'amd64', os.version: '10.0', java.version: '1.8.0_231'
Driver info: org.openqa.selenium.chrome.ChromeDriver
Capabilities {acceptInsecureCerts: true, browserName: chrome, browserVersion: 89.0.4389.90, chrome: {chromedriverVersion: 89.0.4389.23 (61b08ee2c5002..., userDataDir: C:\Users\2394650\AppData\Lo...}, goog:chromeOptions: {debuggerAddress: localhost:52187}, javascriptEnabled: true, networkConnectionEnabled: false, pageLoadStrategy: normal, platform: WINDOWS, platformName: WINDOWS, proxy: Proxy(), setWindowRect: true, strictFileInteractability: false, timeouts: {implicit: 0, pageLoad: 300000, script: 30000}, unhandledPromptBehavior: dismiss and notify, webauthn:extension:largeBlob: true, webauthn:virtualAuthenticators: true}
Session ID: 9bddb60362793b98befcaaba70e29dcd
*** Element info: {Using=xpath, value=//app-ticket-list//div[1]//div[1]//div[1]//input[@class="supercheck" or @class="supercheck ng-star-inserted"]}
	at tests.SupervisorSearchTicket.validateCheckBox(SupervisorSearchTicket.java:201)
</failure>
    <system-out><![CDATA[18:31:26.810 I am in on TestSuccess method loginAPI succeed
No Ticket Found
No Ticket Found
18:31:26.888 I am in onTestStart method validateCheckBox start
18:31:26.926 [main] INFO  pages.supervisorTicketListPagePOM(255) - Selecting Ticket
]]></system-out>
  </testcase>
  <testcase name="validateOpenFilterTab" classname="tests.SupervisorFilterTest" time="21.791">
    <failure message="Expected condition failed: waiting for element to be clickable: By.xpath: //*[@name=&quot;state&quot;] (tried for 20 second(s) with 500 milliseconds interval)" type="org.openqa.selenium.TimeoutException">org.openqa.selenium.TimeoutException: Expected condition failed: waiting for element to be clickable: By.xpath: //*[@name="state"] (tried for 20 second(s) with 500 milliseconds interval)
	at tests.SupervisorFilterTest.validateOpenFilterTab(SupervisorFilterTest.java:26)
Caused by: org.openqa.selenium.NoSuchElementException: 
no such element: Unable to locate element: {"method":"xpath","selector":"//*[@name="state"]"}
  (Session info: headless chrome=89.0.4389.90)
For documentation on this error, please visit: https://www.seleniumhq.org/exceptions/no_such_element.html
Build info: version: '4.0.0-alpha-3', revision: '8c567de6dc'
System info: host: 'LT2394650', ip: '172.23.64.219', os.name: 'Windows 10', os.arch: 'amd64', os.version: '10.0', java.version: '1.8.0_231'
Driver info: org.openqa.selenium.chrome.ChromeDriver
Capabilities {acceptInsecureCerts: true, browserName: chrome, browserVersion: 89.0.4389.90, chrome: {chromedriverVersion: 89.0.4389.23 (61b08ee2c5002..., userDataDir: C:\Users\2394650\AppData\Lo...}, goog:chromeOptions: {debuggerAddress: localhost:52187}, javascriptEnabled: true, networkConnectionEnabled: false, pageLoadStrategy: normal, platform: WINDOWS, platformName: WINDOWS, proxy: Proxy(), setWindowRect: true, strictFileInteractability: false, timeouts: {implicit: 0, pageLoad: 300000, script: 30000}, unhandledPromptBehavior: dismiss and notify, webauthn:extension:largeBlob: true, webauthn:virtualAuthenticators: true}
Session ID: 9bddb60362793b98befcaaba70e29dcd
*** Element info: {Using=xpath, value=//*[@name="state"]}
	at tests.SupervisorFilterTest.validateOpenFilterTab(SupervisorFilterTest.java:26)
</failure>
    <system-out><![CDATA[18:31:48.677 I am in on TestFailure method validateCheckBox failed
org.openqa.selenium.TimeoutException: Expected condition failed: waiting for element to be clickable: By.xpath: //app-ticket-list//div[1]//div[1]//div[1]//input[@class="supercheck" or @class="supercheck ng-star-inserted"] (tried for 20 second(s) with 500 milliseconds interval)
	at org.openqa.selenium.support.ui.WebDriverWait.timeoutException(WebDriverWait.java:138)
	at org.openqa.selenium.support.ui.FluentWait.until(FluentWait.java:234)
	at pages.BasePage.click(BasePage.java:71)
	at pages.supervisorTicketListPagePOM.clickCheckbox(supervisorTicketListPagePOM.java:256)
	at tests.SupervisorSearchTicket.validateCheckBox(SupervisorSearchTicket.java:201)
	at sun.reflect.NativeMethodAccessorImpl.invoke0(Native Method)
	at sun.reflect.NativeMethodAccessorImpl.invoke(NativeMethodAccessorImpl.java:62)
	at sun.reflect.DelegatingMethodAccessorImpl.invoke(DelegatingMethodAccessorImpl.java:43)
	at java.lang.reflect.Method.invoke(Method.java:498)
	at org.testng.internal.MethodInvocationHelper.invokeMethod(MethodInvocationHelper.java:133)
	at org.testng.internal.TestInvoker.invokeMethod(TestInvoker.java:584)
	at org.testng.internal.TestInvoker.invokeTestMethod(TestInvoker.java:172)
	at org.testng.internal.MethodRunner.runInSequence(MethodRunner.java:46)
	at org.testng.internal.TestInvoker$MethodInvocationAgent.invoke(TestInvoker.java:804)
	at org.testng.internal.TestInvoker.invokeTestMethods(TestInvoker.java:145)
	at org.testng.internal.TestMethodWorker.invokeTestMethods(TestMethodWorker.java:146)
	at org.testng.internal.TestMethodWorker.run(TestMethodWorker.java:128)
	at java.util.ArrayList.forEach(ArrayList.java:1257)
	at org.testng.TestRunner.privateRun(TestRunner.java:770)
	at org.testng.TestRunner.run(TestRunner.java:591)
	at org.testng.SuiteRunner.runTest(SuiteRunner.java:402)
	at org.testng.SuiteRunner.runSequentially(SuiteRunner.java:396)
	at org.testng.SuiteRunner.privateRun(SuiteRunner.java:355)
	at org.testng.SuiteRunner.run(SuiteRunner.java:304)
	at org.testng.SuiteRunnerWorker.runSuite(SuiteRunnerWorker.java:53)
	at org.testng.SuiteRunnerWorker.run(SuiteRunnerWorker.java:96)
	at org.testng.TestNG.runSuitesSequentially(TestNG.java:1180)
	at org.testng.TestNG.runSuitesLocally(TestNG.java:1102)
	at org.testng.TestNG.runSuites(TestNG.java:1032)
	at org.testng.TestNG.run(TestNG.java:1000)
	at org.apache.maven.surefire.testng.TestNGExecutor.run(TestNGExecutor.java:283)
	at org.apache.maven.surefire.testng.TestNGXmlTestSuite.execute(TestNGXmlTestSuite.java:75)
	at org.apache.maven.surefire.testng.TestNGProvider.invoke(TestNGProvider.java:120)
	at org.apache.maven.surefire.booter.ForkedBooter.invokeProviderInSameClassLoader(ForkedBooter.java:384)
	at org.apache.maven.surefire.booter.ForkedBooter.runSuitesInProcess(ForkedBooter.java:345)
	at org.apache.maven.surefire.booter.ForkedBooter.execute(ForkedBooter.java:126)
	at org.apache.maven.surefire.booter.ForkedBooter.main(ForkedBooter.java:418)
Caused by: org.openqa.selenium.NoSuchElementException: no such element: Unable to locate element: {"method":"xpath","selector":"//app-ticket-list//div[1]//div[1]//div[1]//input[@class="supercheck" or @class="supercheck ng-star-inserted"]"}
  (Session info: headless chrome=89.0.4389.90)
For documentation on this error, please visit: https://www.seleniumhq.org/exceptions/no_such_element.html
Build info: version: '4.0.0-alpha-3', revision: '8c567de6dc'
System info: host: 'LT2394650', ip: '172.23.64.219', os.name: 'Windows 10', os.arch: 'amd64', os.version: '10.0', java.version: '1.8.0_231'
Driver info: org.openqa.selenium.chrome.ChromeDriver
Capabilities {acceptInsecureCerts: true, browserName: chrome, browserVersion: 89.0.4389.90, chrome: {chromedriverVersion: 89.0.4389.23 (61b08ee2c5002..., userDataDir: C:\Users\2394650\AppData\Lo...}, goog:chromeOptions: {debuggerAddress: localhost:52187}, javascriptEnabled: true, networkConnectionEnabled: false, pageLoadStrategy: normal, platform: WINDOWS, platformName: WINDOWS, proxy: Proxy(), setWindowRect: true, strictFileInteractability: false, timeouts: {implicit: 0, pageLoad: 300000, script: 30000}, unhandledPromptBehavior: dismiss and notify, webauthn:extension:largeBlob: true, webauthn:virtualAuthenticators: true}
Session ID: 9bddb60362793b98befcaaba70e29dcd
*** Element info: {Using=xpath, value=//app-ticket-list//div[1]//div[1]//div[1]//input[@class="supercheck" or @class="supercheck ng-star-inserted"]}
	at sun.reflect.GeneratedConstructorAccessor50.newInstance(Unknown Source)
	at sun.reflect.DelegatingConstructorAccessorImpl.newInstance(DelegatingConstructorAccessorImpl.java:45)
	at java.lang.reflect.Constructor.newInstance(Constructor.java:423)
	at org.openqa.selenium.remote.codec.w3c.W3CHttpResponseCodec.createException(W3CHttpResponseCodec.java:191)
	at org.openqa.selenium.remote.codec.w3c.W3CHttpResponseCodec.decode(W3CHttpResponseCodec.java:125)
	at org.openqa.selenium.remote.codec.w3c.W3CHttpResponseCodec.decode(W3CHttpResponseCodec.java:52)
	at org.openqa.selenium.remote.HttpCommandExecutor.execute(HttpCommandExecutor.java:161)
	at org.openqa.selenium.remote.service.DriverCommandExecutor.execute(DriverCommandExecutor.java:83)
	at org.openqa.selenium.remote.RemoteWebDriver.execute(RemoteWebDriver.java:576)
	at org.openqa.selenium.remote.RemoteWebDriver.findElement(RemoteWebDriver.java:327)
	at org.openqa.selenium.remote.RemoteWebDriver.findElementByXPath(RemoteWebDriver.java:445)
	at org.openqa.selenium.By$ByXPath.findElement(By.java:396)
	at org.openqa.selenium.remote.RemoteWebDriver.findElement(RemoteWebDriver.java:319)
	at org.openqa.selenium.support.ui.ExpectedConditions$7.apply(ExpectedConditions.java:205)
	at org.openqa.selenium.support.ui.ExpectedConditions$7.apply(ExpectedConditions.java:201)
	at org.openqa.selenium.support.ui.ExpectedConditions$22.apply(ExpectedConditions.java:641)
	at org.openqa.selenium.support.ui.ExpectedConditions$22.apply(ExpectedConditions.java:638)
	at org.openqa.selenium.support.ui.FluentWait.until(FluentWait.java:211)
	... 35 more

I am in onFinish method Supervisors Search Ticket Test 
I am in onStart method Supervisors Validate Filter Option 
18:31:49.762 I am in onTestStart method validateOpenFilterTab start
18:31:49.831 [main] INFO  pages.supervisorTicketListPagePOM(302) - Switch Ticket State Type to Open
]]></system-out>
  </testcase>
  <testcase name="validateClosedFilterTab" classname="tests.SupervisorFilterTest" time="21.755">
    <failure message="Expected condition failed: waiting for element to be clickable: By.xpath: //*[@name=&quot;state&quot;] (tried for 20 second(s) with 500 milliseconds interval)" type="org.openqa.selenium.TimeoutException">org.openqa.selenium.TimeoutException: Expected condition failed: waiting for element to be clickable: By.xpath: //*[@name="state"] (tried for 20 second(s) with 500 milliseconds interval)
	at tests.SupervisorFilterTest.validateClosedFilterTab(SupervisorFilterTest.java:83)
Caused by: org.openqa.selenium.NoSuchElementException: 
no such element: Unable to locate element: {"method":"xpath","selector":"//*[@name="state"]"}
  (Session info: headless chrome=89.0.4389.90)
For documentation on this error, please visit: https://www.seleniumhq.org/exceptions/no_such_element.html
Build info: version: '4.0.0-alpha-3', revision: '8c567de6dc'
System info: host: 'LT2394650', ip: '172.23.64.219', os.name: 'Windows 10', os.arch: 'amd64', os.version: '10.0', java.version: '1.8.0_231'
Driver info: org.openqa.selenium.chrome.ChromeDriver
Capabilities {acceptInsecureCerts: true, browserName: chrome, browserVersion: 89.0.4389.90, chrome: {chromedriverVersion: 89.0.4389.23 (61b08ee2c5002..., userDataDir: C:\Users\2394650\AppData\Lo...}, goog:chromeOptions: {debuggerAddress: localhost:52187}, javascriptEnabled: true, networkConnectionEnabled: false, pageLoadStrategy: normal, platform: WINDOWS, platformName: WINDOWS, proxy: Proxy(), setWindowRect: true, strictFileInteractability: false, timeouts: {implicit: 0, pageLoad: 300000, script: 30000}, unhandledPromptBehavior: dismiss and notify, webauthn:extension:largeBlob: true, webauthn:virtualAuthenticators: true}
Session ID: 9bddb60362793b98befcaaba70e29dcd
*** Element info: {Using=xpath, value=//*[@name="state"]}
	at tests.SupervisorFilterTest.validateClosedFilterTab(SupervisorFilterTest.java:83)
</failure>
    <system-out><![CDATA[18:32:11.551 I am in on TestFailure method validateOpenFilterTab failed
org.openqa.selenium.TimeoutException: Expected condition failed: waiting for element to be clickable: By.xpath: //*[@name="state"] (tried for 20 second(s) with 500 milliseconds interval)
	at org.openqa.selenium.support.ui.WebDriverWait.timeoutException(WebDriverWait.java:138)
	at org.openqa.selenium.support.ui.FluentWait.until(FluentWait.java:234)
	at pages.BasePage.click(BasePage.java:71)
	at pages.supervisorTicketListPagePOM.changeTicketTypeToOpen(supervisorTicketListPagePOM.java:303)
	at tests.SupervisorFilterTest.validateOpenFilterTab(SupervisorFilterTest.java:26)
	at sun.reflect.NativeMethodAccessorImpl.invoke0(Native Method)
	at sun.reflect.NativeMethodAccessorImpl.invoke(NativeMethodAccessorImpl.java:62)
	at sun.reflect.DelegatingMethodAccessorImpl.invoke(DelegatingMethodAccessorImpl.java:43)
	at java.lang.reflect.Method.invoke(Method.java:498)
	at org.testng.internal.MethodInvocationHelper.invokeMethod(MethodInvocationHelper.java:133)
	at org.testng.internal.TestInvoker.invokeMethod(TestInvoker.java:584)
	at org.testng.internal.TestInvoker.invokeTestMethod(TestInvoker.java:172)
	at org.testng.internal.MethodRunner.runInSequence(MethodRunner.java:46)
	at org.testng.internal.TestInvoker$MethodInvocationAgent.invoke(TestInvoker.java:804)
	at org.testng.internal.TestInvoker.invokeTestMethods(TestInvoker.java:145)
	at org.testng.internal.TestMethodWorker.invokeTestMethods(TestMethodWorker.java:146)
	at org.testng.internal.TestMethodWorker.run(TestMethodWorker.java:128)
	at java.util.ArrayList.forEach(ArrayList.java:1257)
	at org.testng.TestRunner.privateRun(TestRunner.java:770)
	at org.testng.TestRunner.run(TestRunner.java:591)
	at org.testng.SuiteRunner.runTest(SuiteRunner.java:402)
	at org.testng.SuiteRunner.runSequentially(SuiteRunner.java:396)
	at org.testng.SuiteRunner.privateRun(SuiteRunner.java:355)
	at org.testng.SuiteRunner.run(SuiteRunner.java:304)
	at org.testng.SuiteRunnerWorker.runSuite(SuiteRunnerWorker.java:53)
	at org.testng.SuiteRunnerWorker.run(SuiteRunnerWorker.java:96)
	at org.testng.TestNG.runSuitesSequentially(TestNG.java:1180)
	at org.testng.TestNG.runSuitesLocally(TestNG.java:1102)
	at org.testng.TestNG.runSuites(TestNG.java:1032)
	at org.testng.TestNG.run(TestNG.java:1000)
	at org.apache.maven.surefire.testng.TestNGExecutor.run(TestNGExecutor.java:283)
	at org.apache.maven.surefire.testng.TestNGXmlTestSuite.execute(TestNGXmlTestSuite.java:75)
	at org.apache.maven.surefire.testng.TestNGProvider.invoke(TestNGProvider.java:120)
	at org.apache.maven.surefire.booter.ForkedBooter.invokeProviderInSameClassLoader(ForkedBooter.java:384)
	at org.apache.maven.surefire.booter.ForkedBooter.runSuitesInProcess(ForkedBooter.java:345)
	at org.apache.maven.surefire.booter.ForkedBooter.execute(ForkedBooter.java:126)
	at org.apache.maven.surefire.booter.ForkedBooter.main(ForkedBooter.java:418)
Caused by: org.openqa.selenium.NoSuchElementException: no such element: Unable to locate element: {"method":"xpath","selector":"//*[@name="state"]"}
  (Session info: headless chrome=89.0.4389.90)
For documentation on this error, please visit: https://www.seleniumhq.org/exceptions/no_such_element.html
Build info: version: '4.0.0-alpha-3', revision: '8c567de6dc'
System info: host: 'LT2394650', ip: '172.23.64.219', os.name: 'Windows 10', os.arch: 'amd64', os.version: '10.0', java.version: '1.8.0_231'
Driver info: org.openqa.selenium.chrome.ChromeDriver
Capabilities {acceptInsecureCerts: true, browserName: chrome, browserVersion: 89.0.4389.90, chrome: {chromedriverVersion: 89.0.4389.23 (61b08ee2c5002..., userDataDir: C:\Users\2394650\AppData\Lo...}, goog:chromeOptions: {debuggerAddress: localhost:52187}, javascriptEnabled: true, networkConnectionEnabled: false, pageLoadStrategy: normal, platform: WINDOWS, platformName: WINDOWS, proxy: Proxy(), setWindowRect: true, strictFileInteractability: false, timeouts: {implicit: 0, pageLoad: 300000, script: 30000}, unhandledPromptBehavior: dismiss and notify, webauthn:extension:largeBlob: true, webauthn:virtualAuthenticators: true}
Session ID: 9bddb60362793b98befcaaba70e29dcd
*** Element info: {Using=xpath, value=//*[@name="state"]}
	at sun.reflect.GeneratedConstructorAccessor50.newInstance(Unknown Source)
	at sun.reflect.DelegatingConstructorAccessorImpl.newInstance(DelegatingConstructorAccessorImpl.java:45)
	at java.lang.reflect.Constructor.newInstance(Constructor.java:423)
	at org.openqa.selenium.remote.codec.w3c.W3CHttpResponseCodec.createException(W3CHttpResponseCodec.java:191)
	at org.openqa.selenium.remote.codec.w3c.W3CHttpResponseCodec.decode(W3CHttpResponseCodec.java:125)
	at org.openqa.selenium.remote.codec.w3c.W3CHttpResponseCodec.decode(W3CHttpResponseCodec.java:52)
	at org.openqa.selenium.remote.HttpCommandExecutor.execute(HttpCommandExecutor.java:161)
	at org.openqa.selenium.remote.service.DriverCommandExecutor.execute(DriverCommandExecutor.java:83)
	at org.openqa.selenium.remote.RemoteWebDriver.execute(RemoteWebDriver.java:576)
	at org.openqa.selenium.remote.RemoteWebDriver.findElement(RemoteWebDriver.java:327)
	at org.openqa.selenium.remote.RemoteWebDriver.findElementByXPath(RemoteWebDriver.java:445)
	at org.openqa.selenium.By$ByXPath.findElement(By.java:396)
	at org.openqa.selenium.remote.RemoteWebDriver.findElement(RemoteWebDriver.java:319)
	at org.openqa.selenium.support.ui.ExpectedConditions$7.apply(ExpectedConditions.java:205)
	at org.openqa.selenium.support.ui.ExpectedConditions$7.apply(ExpectedConditions.java:201)
	at org.openqa.selenium.support.ui.ExpectedConditions$22.apply(ExpectedConditions.java:641)
	at org.openqa.selenium.support.ui.ExpectedConditions$22.apply(ExpectedConditions.java:638)
	at org.openqa.selenium.support.ui.FluentWait.until(FluentWait.java:211)
	... 35 more

18:32:12.078 I am in onTestStart method validateClosedFilterTab start
18:32:12.161 [main] INFO  pages.BasePage(328) - Switch Ticket State Type to closed
]]></system-out>
  </testcase>
  <testcase name="applyFilterByCreatedDate" classname="tests.SupervisorFilterTest" time="43.704">
    <failure message="Expected condition failed: waiting for element to be clickable: By.xpath: //span[@class=&apos;close-button&apos;] (tried for 20 second(s) with 500 milliseconds interval)" type="org.openqa.selenium.TimeoutException">org.openqa.selenium.TimeoutException: Expected condition failed: waiting for element to be clickable: By.xpath: //span[@class='close-button'] (tried for 20 second(s) with 500 milliseconds interval)
	at tests.SupervisorFilterTest.applyFilterByCreatedDate(SupervisorFilterTest.java:153)
Caused by: org.openqa.selenium.NoSuchElementException: 
no such element: Unable to locate element: {"method":"xpath","selector":"//span[@class='close-button']"}
  (Session info: headless chrome=89.0.4389.90)
For documentation on this error, please visit: https://www.seleniumhq.org/exceptions/no_such_element.html
Build info: version: '4.0.0-alpha-3', revision: '8c567de6dc'
System info: host: 'LT2394650', ip: '172.23.64.219', os.name: 'Windows 10', os.arch: 'amd64', os.version: '10.0', java.version: '1.8.0_231'
Driver info: org.openqa.selenium.chrome.ChromeDriver
Capabilities {acceptInsecureCerts: true, browserName: chrome, browserVersion: 89.0.4389.90, chrome: {chromedriverVersion: 89.0.4389.23 (61b08ee2c5002..., userDataDir: C:\Users\2394650\AppData\Lo...}, goog:chromeOptions: {debuggerAddress: localhost:52187}, javascriptEnabled: true, networkConnectionEnabled: false, pageLoadStrategy: normal, platform: WINDOWS, platformName: WINDOWS, proxy: Proxy(), setWindowRect: true, strictFileInteractability: false, timeouts: {implicit: 0, pageLoad: 300000, script: 30000}, unhandledPromptBehavior: dismiss and notify, webauthn:extension:largeBlob: true, webauthn:virtualAuthenticators: true}
Session ID: 9bddb60362793b98befcaaba70e29dcd
*** Element info: {Using=xpath, value=//span[@class='close-button']}
	at tests.SupervisorFilterTest.applyFilterByCreatedDate(SupervisorFilterTest.java:153)
</failure>
    <system-out><![CDATA[18:32:33.865 I am in on TestFailure method validateClosedFilterTab failed
org.openqa.selenium.TimeoutException: Expected condition failed: waiting for element to be clickable: By.xpath: //*[@name="state"] (tried for 20 second(s) with 500 milliseconds interval)
	at org.openqa.selenium.support.ui.WebDriverWait.timeoutException(WebDriverWait.java:138)
	at org.openqa.selenium.support.ui.FluentWait.until(FluentWait.java:234)
	at pages.BasePage.click(BasePage.java:71)
	at pages.supervisorTicketListPagePOM.changeTicketTypeToClosed(supervisorTicketListPagePOM.java:297)
	at tests.SupervisorFilterTest.validateClosedFilterTab(SupervisorFilterTest.java:83)
	at sun.reflect.NativeMethodAccessorImpl.invoke0(Native Method)
	at sun.reflect.NativeMethodAccessorImpl.invoke(NativeMethodAccessorImpl.java:62)
	at sun.reflect.DelegatingMethodAccessorImpl.invoke(DelegatingMethodAccessorImpl.java:43)
	at java.lang.reflect.Method.invoke(Method.java:498)
	at org.testng.internal.MethodInvocationHelper.invokeMethod(MethodInvocationHelper.java:133)
	at org.testng.internal.TestInvoker.invokeMethod(TestInvoker.java:584)
	at org.testng.internal.TestInvoker.invokeTestMethod(TestInvoker.java:172)
	at org.testng.internal.MethodRunner.runInSequence(MethodRunner.java:46)
	at org.testng.internal.TestInvoker$MethodInvocationAgent.invoke(TestInvoker.java:804)
	at org.testng.internal.TestInvoker.invokeTestMethods(TestInvoker.java:145)
	at org.testng.internal.TestMethodWorker.invokeTestMethods(TestMethodWorker.java:146)
	at org.testng.internal.TestMethodWorker.run(TestMethodWorker.java:128)
	at java.util.ArrayList.forEach(ArrayList.java:1257)
	at org.testng.TestRunner.privateRun(TestRunner.java:770)
	at org.testng.TestRunner.run(TestRunner.java:591)
	at org.testng.SuiteRunner.runTest(SuiteRunner.java:402)
	at org.testng.SuiteRunner.runSequentially(SuiteRunner.java:396)
	at org.testng.SuiteRunner.privateRun(SuiteRunner.java:355)
	at org.testng.SuiteRunner.run(SuiteRunner.java:304)
	at org.testng.SuiteRunnerWorker.runSuite(SuiteRunnerWorker.java:53)
	at org.testng.SuiteRunnerWorker.run(SuiteRunnerWorker.java:96)
	at org.testng.TestNG.runSuitesSequentially(TestNG.java:1180)
	at org.testng.TestNG.runSuitesLocally(TestNG.java:1102)
	at org.testng.TestNG.runSuites(TestNG.java:1032)
	at org.testng.TestNG.run(TestNG.java:1000)
	at org.apache.maven.surefire.testng.TestNGExecutor.run(TestNGExecutor.java:283)
	at org.apache.maven.surefire.testng.TestNGXmlTestSuite.execute(TestNGXmlTestSuite.java:75)
	at org.apache.maven.surefire.testng.TestNGProvider.invoke(TestNGProvider.java:120)
	at org.apache.maven.surefire.booter.ForkedBooter.invokeProviderInSameClassLoader(ForkedBooter.java:384)
	at org.apache.maven.surefire.booter.ForkedBooter.runSuitesInProcess(ForkedBooter.java:345)
	at org.apache.maven.surefire.booter.ForkedBooter.execute(ForkedBooter.java:126)
	at org.apache.maven.surefire.booter.ForkedBooter.main(ForkedBooter.java:418)
Caused by: org.openqa.selenium.NoSuchElementException: no such element: Unable to locate element: {"method":"xpath","selector":"//*[@name="state"]"}
  (Session info: headless chrome=89.0.4389.90)
For documentation on this error, please visit: https://www.seleniumhq.org/exceptions/no_such_element.html
Build info: version: '4.0.0-alpha-3', revision: '8c567de6dc'
System info: host: 'LT2394650', ip: '172.23.64.219', os.name: 'Windows 10', os.arch: 'amd64', os.version: '10.0', java.version: '1.8.0_231'
Driver info: org.openqa.selenium.chrome.ChromeDriver
Capabilities {acceptInsecureCerts: true, browserName: chrome, browserVersion: 89.0.4389.90, chrome: {chromedriverVersion: 89.0.4389.23 (61b08ee2c5002..., userDataDir: C:\Users\2394650\AppData\Lo...}, goog:chromeOptions: {debuggerAddress: localhost:52187}, javascriptEnabled: true, networkConnectionEnabled: false, pageLoadStrategy: normal, platform: WINDOWS, platformName: WINDOWS, proxy: Proxy(), setWindowRect: true, strictFileInteractability: false, timeouts: {implicit: 0, pageLoad: 300000, script: 30000}, unhandledPromptBehavior: dismiss and notify, webauthn:extension:largeBlob: true, webauthn:virtualAuthenticators: true}
Session ID: 9bddb60362793b98befcaaba70e29dcd
*** Element info: {Using=xpath, value=//*[@name="state"]}
	at sun.reflect.GeneratedConstructorAccessor50.newInstance(Unknown Source)
	at sun.reflect.DelegatingConstructorAccessorImpl.newInstance(DelegatingConstructorAccessorImpl.java:45)
	at java.lang.reflect.Constructor.newInstance(Constructor.java:423)
	at org.openqa.selenium.remote.codec.w3c.W3CHttpResponseCodec.createException(W3CHttpResponseCodec.java:191)
	at org.openqa.selenium.remote.codec.w3c.W3CHttpResponseCodec.decode(W3CHttpResponseCodec.java:125)
	at org.openqa.selenium.remote.codec.w3c.W3CHttpResponseCodec.decode(W3CHttpResponseCodec.java:52)
	at org.openqa.selenium.remote.HttpCommandExecutor.execute(HttpCommandExecutor.java:161)
	at org.openqa.selenium.remote.service.DriverCommandExecutor.execute(DriverCommandExecutor.java:83)
	at org.openqa.selenium.remote.RemoteWebDriver.execute(RemoteWebDriver.java:576)
	at org.openqa.selenium.remote.RemoteWebDriver.findElement(RemoteWebDriver.java:327)
	at org.openqa.selenium.remote.RemoteWebDriver.findElementByXPath(RemoteWebDriver.java:445)
	at org.openqa.selenium.By$ByXPath.findElement(By.java:396)
	at org.openqa.selenium.remote.RemoteWebDriver.findElement(RemoteWebDriver.java:319)
	at org.openqa.selenium.support.ui.ExpectedConditions$7.apply(ExpectedConditions.java:205)
	at org.openqa.selenium.support.ui.ExpectedConditions$7.apply(ExpectedConditions.java:201)
	at org.openqa.selenium.support.ui.ExpectedConditions$22.apply(ExpectedConditions.java:641)
	at org.openqa.selenium.support.ui.ExpectedConditions$22.apply(ExpectedConditions.java:638)
	at org.openqa.selenium.support.ui.FluentWait.until(FluentWait.java:211)
	... 35 more

18:32:34.357 I am in onTestStart method applyFilterByCreatedDate start
18:32:34.438 [main] INFO  pages.supervisorTicketListPagePOM(321) - Selecting Filter
18:32:56.389 [main] INFO  pages.BasePage(328) - Closing Filter Tab
]]></system-out>
    <system-err><![CDATA[org.openqa.selenium.TimeoutException: Expected condition failed: waiting for element to be clickable: By.xpath: //span[contains(text(),'Select Filter')] (tried for 20 second(s) with 500 milliseconds interval)
	at org.openqa.selenium.support.ui.WebDriverWait.timeoutException(WebDriverWait.java:138)
	at org.openqa.selenium.support.ui.FluentWait.until(FluentWait.java:234)
	at pages.BasePage.click(BasePage.java:71)
	at pages.supervisorTicketListPagePOM.clickFilter(supervisorTicketListPagePOM.java:323)
	at tests.SupervisorFilterTest.applyFilterByCreatedDate(SupervisorFilterTest.java:141)
	at sun.reflect.NativeMethodAccessorImpl.invoke0(Native Method)
	at sun.reflect.NativeMethodAccessorImpl.invoke(NativeMethodAccessorImpl.java:62)
	at sun.reflect.DelegatingMethodAccessorImpl.invoke(DelegatingMethodAccessorImpl.java:43)
	at java.lang.reflect.Method.invoke(Method.java:498)
	at org.testng.internal.MethodInvocationHelper.invokeMethod(MethodInvocationHelper.java:133)
	at org.testng.internal.TestInvoker.invokeMethod(TestInvoker.java:584)
	at org.testng.internal.TestInvoker.invokeTestMethod(TestInvoker.java:172)
	at org.testng.internal.MethodRunner.runInSequence(MethodRunner.java:46)
	at org.testng.internal.TestInvoker$MethodInvocationAgent.invoke(TestInvoker.java:804)
	at org.testng.internal.TestInvoker.invokeTestMethods(TestInvoker.java:145)
	at org.testng.internal.TestMethodWorker.invokeTestMethods(TestMethodWorker.java:146)
	at org.testng.internal.TestMethodWorker.run(TestMethodWorker.java:128)
	at java.util.ArrayList.forEach(ArrayList.java:1257)
	at org.testng.TestRunner.privateRun(TestRunner.java:770)
	at org.testng.TestRunner.run(TestRunner.java:591)
	at org.testng.SuiteRunner.runTest(SuiteRunner.java:402)
	at org.testng.SuiteRunner.runSequentially(SuiteRunner.java:396)
	at org.testng.SuiteRunner.privateRun(SuiteRunner.java:355)
	at org.testng.SuiteRunner.run(SuiteRunner.java:304)
	at org.testng.SuiteRunnerWorker.runSuite(SuiteRunnerWorker.java:53)
	at org.testng.SuiteRunnerWorker.run(SuiteRunnerWorker.java:96)
	at org.testng.TestNG.runSuitesSequentially(TestNG.java:1180)
	at org.testng.TestNG.runSuitesLocally(TestNG.java:1102)
	at org.testng.TestNG.runSuites(TestNG.java:1032)
	at org.testng.TestNG.run(TestNG.java:1000)
	at org.apache.maven.surefire.testng.TestNGExecutor.run(TestNGExecutor.java:283)
	at org.apache.maven.surefire.testng.TestNGXmlTestSuite.execute(TestNGXmlTestSuite.java:75)
	at org.apache.maven.surefire.testng.TestNGProvider.invoke(TestNGProvider.java:120)
	at org.apache.maven.surefire.booter.ForkedBooter.invokeProviderInSameClassLoader(ForkedBooter.java:384)
	at org.apache.maven.surefire.booter.ForkedBooter.runSuitesInProcess(ForkedBooter.java:345)
	at org.apache.maven.surefire.booter.ForkedBooter.execute(ForkedBooter.java:126)
	at org.apache.maven.surefire.booter.ForkedBooter.main(ForkedBooter.java:418)
Caused by: org.openqa.selenium.NoSuchElementException: no such element: Unable to locate element: {"method":"xpath","selector":"//span[contains(text(),'Select Filter')]"}
  (Session info: headless chrome=89.0.4389.90)
For documentation on this error, please visit: https://www.seleniumhq.org/exceptions/no_such_element.html
Build info: version: '4.0.0-alpha-3', revision: '8c567de6dc'
System info: host: 'LT2394650', ip: '172.23.64.219', os.name: 'Windows 10', os.arch: 'amd64', os.version: '10.0', java.version: '1.8.0_231'
Driver info: org.openqa.selenium.chrome.ChromeDriver
Capabilities {acceptInsecureCerts: true, browserName: chrome, browserVersion: 89.0.4389.90, chrome: {chromedriverVersion: 89.0.4389.23 (61b08ee2c5002..., userDataDir: C:\Users\2394650\AppData\Lo...}, goog:chromeOptions: {debuggerAddress: localhost:52187}, javascriptEnabled: true, networkConnectionEnabled: false, pageLoadStrategy: normal, platform: WINDOWS, platformName: WINDOWS, proxy: Proxy(), setWindowRect: true, strictFileInteractability: false, timeouts: {implicit: 0, pageLoad: 300000, script: 30000}, unhandledPromptBehavior: dismiss and notify, webauthn:extension:largeBlob: true, webauthn:virtualAuthenticators: true}
Session ID: 9bddb60362793b98befcaaba70e29dcd
*** Element info: {Using=xpath, value=//span[contains(text(),'Select Filter')]}
	at sun.reflect.GeneratedConstructorAccessor50.newInstance(Unknown Source)
	at sun.reflect.DelegatingConstructorAccessorImpl.newInstance(DelegatingConstructorAccessorImpl.java:45)
	at java.lang.reflect.Constructor.newInstance(Constructor.java:423)
	at org.openqa.selenium.remote.codec.w3c.W3CHttpResponseCodec.createException(W3CHttpResponseCodec.java:191)
	at org.openqa.selenium.remote.codec.w3c.W3CHttpResponseCodec.decode(W3CHttpResponseCodec.java:125)
	at org.openqa.selenium.remote.codec.w3c.W3CHttpResponseCodec.decode(W3CHttpResponseCodec.java:52)
	at org.openqa.selenium.remote.HttpCommandExecutor.execute(HttpCommandExecutor.java:161)
	at org.openqa.selenium.remote.service.DriverCommandExecutor.execute(DriverCommandExecutor.java:83)
	at org.openqa.selenium.remote.RemoteWebDriver.execute(RemoteWebDriver.java:576)
	at org.openqa.selenium.remote.RemoteWebDriver.findElement(RemoteWebDriver.java:327)
	at org.openqa.selenium.remote.RemoteWebDriver.findElementByXPath(RemoteWebDriver.java:445)
	at org.openqa.selenium.By$ByXPath.findElement(By.java:396)
	at org.openqa.selenium.remote.RemoteWebDriver.findElement(RemoteWebDriver.java:319)
	at org.openqa.selenium.support.ui.ExpectedConditions$7.apply(ExpectedConditions.java:205)
	at org.openqa.selenium.support.ui.ExpectedConditions$7.apply(ExpectedConditions.java:201)
	at org.openqa.selenium.support.ui.ExpectedConditions$22.apply(ExpectedConditions.java:641)
	at org.openqa.selenium.support.ui.ExpectedConditions$22.apply(ExpectedConditions.java:638)
	at org.openqa.selenium.support.ui.FluentWait.until(FluentWait.java:211)
	... 35 more
]]></system-err>
  </testcase>
  <testcase name="loginAPI" classname="tests.SupervisorUpdateTicket" time="1.672"/>
  <testcase name="setCustomerNumber" classname="tests.SupervisorUpdateTicket" time="0"/>
  <testcase name="openCustomerInteraction" classname="tests.SupervisorUpdateTicket" time="0.03"/>
  <testcase name="validateReopenIcon" classname="tests.SupervisorUpdateTicket" time="0.041"/>
  <testcase name="openSupervisorDashboard" classname="tests.AssignToAgentTicketTest" time="26.74">
    <failure message="Expected condition failed: waiting for visibility of element located by By.xpath: //mat-toolbar//button (tried for 20 second(s) with 500 milliseconds interval)" type="org.openqa.selenium.TimeoutException">org.openqa.selenium.TimeoutException: Expected condition failed: waiting for visibility of element located by By.xpath: //mat-toolbar//button (tried for 20 second(s) with 500 milliseconds interval)
	at tests.AssignToAgentTicketTest.openSupervisorDashboard(AssignToAgentTicketTest.java:28)
Caused by: org.openqa.selenium.NoSuchElementException: 
no such element: Unable to locate element: {"method":"xpath","selector":"//mat-toolbar//button"}
  (Session info: headless chrome=89.0.4389.90)
For documentation on this error, please visit: https://www.seleniumhq.org/exceptions/no_such_element.html
Build info: version: '4.0.0-alpha-3', revision: '8c567de6dc'
System info: host: 'LT2394650', ip: '172.23.64.219', os.name: 'Windows 10', os.arch: 'amd64', os.version: '10.0', java.version: '1.8.0_231'
Driver info: org.openqa.selenium.chrome.ChromeDriver
Capabilities {acceptInsecureCerts: true, browserName: chrome, browserVersion: 89.0.4389.90, chrome: {chromedriverVersion: 89.0.4389.23 (61b08ee2c5002..., userDataDir: C:\Users\2394650\AppData\Lo...}, goog:chromeOptions: {debuggerAddress: localhost:52187}, javascriptEnabled: true, networkConnectionEnabled: false, pageLoadStrategy: normal, platform: WINDOWS, platformName: WINDOWS, proxy: Proxy(), setWindowRect: true, strictFileInteractability: false, timeouts: {implicit: 0, pageLoad: 300000, script: 30000}, unhandledPromptBehavior: dismiss and notify, webauthn:extension:largeBlob: true, webauthn:virtualAuthenticators: true}
Session ID: 9bddb60362793b98befcaaba70e29dcd
*** Element info: {Using=xpath, value=//mat-toolbar//button}
	at tests.AssignToAgentTicketTest.openSupervisorDashboard(AssignToAgentTicketTest.java:28)
</failure>
    <system-out><![CDATA[18:33:21.507 I am in on TestSuccess method validateReopenIcon succeed
I am in onFinish method Supervisors Update Ticket Test
I am in onStart method Supervisors Assign To Agent Test
18:33:22.185 I am in onTestStart method openSupervisorDashboard start
18:33:22.215 [main] INFO  pages.BasePage(328) - Waiting for loader to be removed
18:33:27.255 [main] INFO  pages.BasePage(328) - Loader Removed
]]></system-out>
  </testcase>
  <testcase name="assignTicketToAgent" classname="tests.AssignToAgentTicketTest" time="0">
    <skipped message="Method AssignToAgentTicketTest.assignTicketToAgent(java.lang.reflect.Method)[pri:2, instance:tests.AssignToAgentTicketTest@f627d13] depends on not successfully finished methods"/>
    <system-out><![CDATA[18:33:48.925 I am in on TestFailure method openSupervisorDashboard failed
org.openqa.selenium.TimeoutException: Expected condition failed: waiting for visibility of element located by By.xpath: //mat-toolbar//button (tried for 20 second(s) with 500 milliseconds interval)
	at org.openqa.selenium.support.ui.WebDriverWait.timeoutException(WebDriverWait.java:138)
	at org.openqa.selenium.support.ui.FluentWait.until(FluentWait.java:234)
	at pages.SideMenuPOM.clickOnSideMenu(SideMenuPOM.java:40)
	at tests.AssignToAgentTicketTest.openSupervisorDashboard(AssignToAgentTicketTest.java:28)
	at sun.reflect.NativeMethodAccessorImpl.invoke0(Native Method)
	at sun.reflect.NativeMethodAccessorImpl.invoke(NativeMethodAccessorImpl.java:62)
	at sun.reflect.DelegatingMethodAccessorImpl.invoke(DelegatingMethodAccessorImpl.java:43)
	at java.lang.reflect.Method.invoke(Method.java:498)
	at org.testng.internal.MethodInvocationHelper.invokeMethod(MethodInvocationHelper.java:133)
	at org.testng.internal.TestInvoker.invokeMethod(TestInvoker.java:584)
	at org.testng.internal.TestInvoker.invokeTestMethod(TestInvoker.java:172)
	at org.testng.internal.MethodRunner.runInSequence(MethodRunner.java:46)
	at org.testng.internal.TestInvoker$MethodInvocationAgent.invoke(TestInvoker.java:804)
	at org.testng.internal.TestInvoker.invokeTestMethods(TestInvoker.java:145)
	at org.testng.internal.TestMethodWorker.invokeTestMethods(TestMethodWorker.java:146)
	at org.testng.internal.TestMethodWorker.run(TestMethodWorker.java:128)
	at java.util.ArrayList.forEach(ArrayList.java:1257)
	at org.testng.TestRunner.privateRun(TestRunner.java:770)
	at org.testng.TestRunner.run(TestRunner.java:591)
	at org.testng.SuiteRunner.runTest(SuiteRunner.java:402)
	at org.testng.SuiteRunner.runSequentially(SuiteRunner.java:396)
	at org.testng.SuiteRunner.privateRun(SuiteRunner.java:355)
	at org.testng.SuiteRunner.run(SuiteRunner.java:304)
	at org.testng.SuiteRunnerWorker.runSuite(SuiteRunnerWorker.java:53)
	at org.testng.SuiteRunnerWorker.run(SuiteRunnerWorker.java:96)
	at org.testng.TestNG.runSuitesSequentially(TestNG.java:1180)
	at org.testng.TestNG.runSuitesLocally(TestNG.java:1102)
	at org.testng.TestNG.runSuites(TestNG.java:1032)
	at org.testng.TestNG.run(TestNG.java:1000)
	at org.apache.maven.surefire.testng.TestNGExecutor.run(TestNGExecutor.java:283)
	at org.apache.maven.surefire.testng.TestNGXmlTestSuite.execute(TestNGXmlTestSuite.java:75)
	at org.apache.maven.surefire.testng.TestNGProvider.invoke(TestNGProvider.java:120)
	at org.apache.maven.surefire.booter.ForkedBooter.invokeProviderInSameClassLoader(ForkedBooter.java:384)
	at org.apache.maven.surefire.booter.ForkedBooter.runSuitesInProcess(ForkedBooter.java:345)
	at org.apache.maven.surefire.booter.ForkedBooter.execute(ForkedBooter.java:126)
	at org.apache.maven.surefire.booter.ForkedBooter.main(ForkedBooter.java:418)
Caused by: org.openqa.selenium.NoSuchElementException: no such element: Unable to locate element: {"method":"xpath","selector":"//mat-toolbar//button"}
  (Session info: headless chrome=89.0.4389.90)
For documentation on this error, please visit: https://www.seleniumhq.org/exceptions/no_such_element.html
Build info: version: '4.0.0-alpha-3', revision: '8c567de6dc'
System info: host: 'LT2394650', ip: '172.23.64.219', os.name: 'Windows 10', os.arch: 'amd64', os.version: '10.0', java.version: '1.8.0_231'
Driver info: org.openqa.selenium.chrome.ChromeDriver
Capabilities {acceptInsecureCerts: true, browserName: chrome, browserVersion: 89.0.4389.90, chrome: {chromedriverVersion: 89.0.4389.23 (61b08ee2c5002..., userDataDir: C:\Users\2394650\AppData\Lo...}, goog:chromeOptions: {debuggerAddress: localhost:52187}, javascriptEnabled: true, networkConnectionEnabled: false, pageLoadStrategy: normal, platform: WINDOWS, platformName: WINDOWS, proxy: Proxy(), setWindowRect: true, strictFileInteractability: false, timeouts: {implicit: 0, pageLoad: 300000, script: 30000}, unhandledPromptBehavior: dismiss and notify, webauthn:extension:largeBlob: true, webauthn:virtualAuthenticators: true}
Session ID: 9bddb60362793b98befcaaba70e29dcd
*** Element info: {Using=xpath, value=//mat-toolbar//button}
	at sun.reflect.GeneratedConstructorAccessor50.newInstance(Unknown Source)
	at sun.reflect.DelegatingConstructorAccessorImpl.newInstance(DelegatingConstructorAccessorImpl.java:45)
	at java.lang.reflect.Constructor.newInstance(Constructor.java:423)
	at org.openqa.selenium.remote.codec.w3c.W3CHttpResponseCodec.createException(W3CHttpResponseCodec.java:191)
	at org.openqa.selenium.remote.codec.w3c.W3CHttpResponseCodec.decode(W3CHttpResponseCodec.java:125)
	at org.openqa.selenium.remote.codec.w3c.W3CHttpResponseCodec.decode(W3CHttpResponseCodec.java:52)
	at org.openqa.selenium.remote.HttpCommandExecutor.execute(HttpCommandExecutor.java:161)
	at org.openqa.selenium.remote.service.DriverCommandExecutor.execute(DriverCommandExecutor.java:83)
	at org.openqa.selenium.remote.RemoteWebDriver.execute(RemoteWebDriver.java:576)
	at org.openqa.selenium.remote.RemoteWebDriver.findElement(RemoteWebDriver.java:327)
	at org.openqa.selenium.remote.RemoteWebDriver.findElementByXPath(RemoteWebDriver.java:445)
	at org.openqa.selenium.By$ByXPath.findElement(By.java:396)
	at org.openqa.selenium.remote.RemoteWebDriver.findElement(RemoteWebDriver.java:319)
	at org.openqa.selenium.support.ui.ExpectedConditions$7.apply(ExpectedConditions.java:205)
	at org.openqa.selenium.support.ui.ExpectedConditions$7.apply(ExpectedConditions.java:201)
	at org.openqa.selenium.support.ui.FluentWait.until(FluentWait.java:211)
	... 34 more

18:33:49.412 I am in onTestStart method assignTicketToAgent start
]]></system-out>
  </testcase>
  <testcase name="openSupervisorDashboard" classname="tests.TransferToQueueTest" time="26.818">
    <failure message="Expected condition failed: waiting for visibility of element located by By.xpath: //mat-toolbar//button (tried for 20 second(s) with 500 milliseconds interval)" type="org.openqa.selenium.TimeoutException">org.openqa.selenium.TimeoutException: Expected condition failed: waiting for visibility of element located by By.xpath: //mat-toolbar//button (tried for 20 second(s) with 500 milliseconds interval)
	at tests.TransferToQueueTest.openSupervisorDashboard(TransferToQueueTest.java:25)
Caused by: org.openqa.selenium.NoSuchElementException: 
no such element: Unable to locate element: {"method":"xpath","selector":"//mat-toolbar//button"}
  (Session info: headless chrome=89.0.4389.90)
For documentation on this error, please visit: https://www.seleniumhq.org/exceptions/no_such_element.html
Build info: version: '4.0.0-alpha-3', revision: '8c567de6dc'
System info: host: 'LT2394650', ip: '172.23.64.219', os.name: 'Windows 10', os.arch: 'amd64', os.version: '10.0', java.version: '1.8.0_231'
Driver info: org.openqa.selenium.chrome.ChromeDriver
Capabilities {acceptInsecureCerts: true, browserName: chrome, browserVersion: 89.0.4389.90, chrome: {chromedriverVersion: 89.0.4389.23 (61b08ee2c5002..., userDataDir: C:\Users\2394650\AppData\Lo...}, goog:chromeOptions: {debuggerAddress: localhost:52187}, javascriptEnabled: true, networkConnectionEnabled: false, pageLoadStrategy: normal, platform: WINDOWS, platformName: WINDOWS, proxy: Proxy(), setWindowRect: true, strictFileInteractability: false, timeouts: {implicit: 0, pageLoad: 300000, script: 30000}, unhandledPromptBehavior: dismiss and notify, webauthn:extension:largeBlob: true, webauthn:virtualAuthenticators: true}
Session ID: 9bddb60362793b98befcaaba70e29dcd
*** Element info: {Using=xpath, value=//mat-toolbar//button}
	at tests.TransferToQueueTest.openSupervisorDashboard(TransferToQueueTest.java:25)
</failure>
    <system-out><![CDATA[I am in on TestSkipped method assignTicketToAgent skipped
I am in onFinish method Supervisors Assign To Agent Test
I am in onStart method Supervisors Ticket Transfer To Queue Test
18:33:50.049 I am in onTestStart method openSupervisorDashboard start
18:33:50.092 [main] INFO  pages.BasePage(328) - Waiting for loader to be removed
18:33:55.172 [main] INFO  pages.BasePage(328) - Loader Removed
]]></system-out>
  </testcase>
  <testcase name="transferToQueue" classname="tests.TransferToQueueTest" time="43.866">
    <failure message="Expected condition failed: waiting for element to be clickable: By.xpath: //span[@class=&apos;close-button&apos;] (tried for 20 second(s) with 500 milliseconds interval)" type="org.openqa.selenium.TimeoutException">org.openqa.selenium.TimeoutException: Expected condition failed: waiting for element to be clickable: By.xpath: //span[@class='close-button'] (tried for 20 second(s) with 500 milliseconds interval)
	at tests.TransferToQueueTest.transferToQueue(TransferToQueueTest.java:103)
Caused by: org.openqa.selenium.NoSuchElementException: 
no such element: Unable to locate element: {"method":"xpath","selector":"//span[@class='close-button']"}
  (Session info: headless chrome=89.0.4389.90)
For documentation on this error, please visit: https://www.seleniumhq.org/exceptions/no_such_element.html
Build info: version: '4.0.0-alpha-3', revision: '8c567de6dc'
System info: host: 'LT2394650', ip: '172.23.64.219', os.name: 'Windows 10', os.arch: 'amd64', os.version: '10.0', java.version: '1.8.0_231'
Driver info: org.openqa.selenium.chrome.ChromeDriver
Capabilities {acceptInsecureCerts: true, browserName: chrome, browserVersion: 89.0.4389.90, chrome: {chromedriverVersion: 89.0.4389.23 (61b08ee2c5002..., userDataDir: C:\Users\2394650\AppData\Lo...}, goog:chromeOptions: {debuggerAddress: localhost:52187}, javascriptEnabled: true, networkConnectionEnabled: false, pageLoadStrategy: normal, platform: WINDOWS, platformName: WINDOWS, proxy: Proxy(), setWindowRect: true, strictFileInteractability: false, timeouts: {implicit: 0, pageLoad: 300000, script: 30000}, unhandledPromptBehavior: dismiss and notify, webauthn:extension:largeBlob: true, webauthn:virtualAuthenticators: true}
Session ID: 9bddb60362793b98befcaaba70e29dcd
*** Element info: {Using=xpath, value=//span[@class='close-button']}
	at tests.TransferToQueueTest.transferToQueue(TransferToQueueTest.java:103)
</failure>
    <system-out><![CDATA[18:34:16.867 I am in on TestFailure method openSupervisorDashboard failed
org.openqa.selenium.TimeoutException: Expected condition failed: waiting for visibility of element located by By.xpath: //mat-toolbar//button (tried for 20 second(s) with 500 milliseconds interval)
	at org.openqa.selenium.support.ui.WebDriverWait.timeoutException(WebDriverWait.java:138)
	at org.openqa.selenium.support.ui.FluentWait.until(FluentWait.java:234)
	at pages.SideMenuPOM.clickOnSideMenu(SideMenuPOM.java:40)
	at tests.TransferToQueueTest.openSupervisorDashboard(TransferToQueueTest.java:25)
	at sun.reflect.NativeMethodAccessorImpl.invoke0(Native Method)
	at sun.reflect.NativeMethodAccessorImpl.invoke(NativeMethodAccessorImpl.java:62)
	at sun.reflect.DelegatingMethodAccessorImpl.invoke(DelegatingMethodAccessorImpl.java:43)
	at java.lang.reflect.Method.invoke(Method.java:498)
	at org.testng.internal.MethodInvocationHelper.invokeMethod(MethodInvocationHelper.java:133)
	at org.testng.internal.TestInvoker.invokeMethod(TestInvoker.java:584)
	at org.testng.internal.TestInvoker.invokeTestMethod(TestInvoker.java:172)
	at org.testng.internal.MethodRunner.runInSequence(MethodRunner.java:46)
	at org.testng.internal.TestInvoker$MethodInvocationAgent.invoke(TestInvoker.java:804)
	at org.testng.internal.TestInvoker.invokeTestMethods(TestInvoker.java:145)
	at org.testng.internal.TestMethodWorker.invokeTestMethods(TestMethodWorker.java:146)
	at org.testng.internal.TestMethodWorker.run(TestMethodWorker.java:128)
	at java.util.ArrayList.forEach(ArrayList.java:1257)
	at org.testng.TestRunner.privateRun(TestRunner.java:770)
	at org.testng.TestRunner.run(TestRunner.java:591)
	at org.testng.SuiteRunner.runTest(SuiteRunner.java:402)
	at org.testng.SuiteRunner.runSequentially(SuiteRunner.java:396)
	at org.testng.SuiteRunner.privateRun(SuiteRunner.java:355)
	at org.testng.SuiteRunner.run(SuiteRunner.java:304)
	at org.testng.SuiteRunnerWorker.runSuite(SuiteRunnerWorker.java:53)
	at org.testng.SuiteRunnerWorker.run(SuiteRunnerWorker.java:96)
	at org.testng.TestNG.runSuitesSequentially(TestNG.java:1180)
	at org.testng.TestNG.runSuitesLocally(TestNG.java:1102)
	at org.testng.TestNG.runSuites(TestNG.java:1032)
	at org.testng.TestNG.run(TestNG.java:1000)
	at org.apache.maven.surefire.testng.TestNGExecutor.run(TestNGExecutor.java:283)
	at org.apache.maven.surefire.testng.TestNGXmlTestSuite.execute(TestNGXmlTestSuite.java:75)
	at org.apache.maven.surefire.testng.TestNGProvider.invoke(TestNGProvider.java:120)
	at org.apache.maven.surefire.booter.ForkedBooter.invokeProviderInSameClassLoader(ForkedBooter.java:384)
	at org.apache.maven.surefire.booter.ForkedBooter.runSuitesInProcess(ForkedBooter.java:345)
	at org.apache.maven.surefire.booter.ForkedBooter.execute(ForkedBooter.java:126)
	at org.apache.maven.surefire.booter.ForkedBooter.main(ForkedBooter.java:418)
Caused by: org.openqa.selenium.NoSuchElementException: no such element: Unable to locate element: {"method":"xpath","selector":"//mat-toolbar//button"}
  (Session info: headless chrome=89.0.4389.90)
For documentation on this error, please visit: https://www.seleniumhq.org/exceptions/no_such_element.html
Build info: version: '4.0.0-alpha-3', revision: '8c567de6dc'
System info: host: 'LT2394650', ip: '172.23.64.219', os.name: 'Windows 10', os.arch: 'amd64', os.version: '10.0', java.version: '1.8.0_231'
Driver info: org.openqa.selenium.chrome.ChromeDriver
Capabilities {acceptInsecureCerts: true, browserName: chrome, browserVersion: 89.0.4389.90, chrome: {chromedriverVersion: 89.0.4389.23 (61b08ee2c5002..., userDataDir: C:\Users\2394650\AppData\Lo...}, goog:chromeOptions: {debuggerAddress: localhost:52187}, javascriptEnabled: true, networkConnectionEnabled: false, pageLoadStrategy: normal, platform: WINDOWS, platformName: WINDOWS, proxy: Proxy(), setWindowRect: true, strictFileInteractability: false, timeouts: {implicit: 0, pageLoad: 300000, script: 30000}, unhandledPromptBehavior: dismiss and notify, webauthn:extension:largeBlob: true, webauthn:virtualAuthenticators: true}
Session ID: 9bddb60362793b98befcaaba70e29dcd
*** Element info: {Using=xpath, value=//mat-toolbar//button}
	at sun.reflect.GeneratedConstructorAccessor50.newInstance(Unknown Source)
	at sun.reflect.DelegatingConstructorAccessorImpl.newInstance(DelegatingConstructorAccessorImpl.java:45)
	at java.lang.reflect.Constructor.newInstance(Constructor.java:423)
	at org.openqa.selenium.remote.codec.w3c.W3CHttpResponseCodec.createException(W3CHttpResponseCodec.java:191)
	at org.openqa.selenium.remote.codec.w3c.W3CHttpResponseCodec.decode(W3CHttpResponseCodec.java:125)
	at org.openqa.selenium.remote.codec.w3c.W3CHttpResponseCodec.decode(W3CHttpResponseCodec.java:52)
	at org.openqa.selenium.remote.HttpCommandExecutor.execute(HttpCommandExecutor.java:161)
	at org.openqa.selenium.remote.service.DriverCommandExecutor.execute(DriverCommandExecutor.java:83)
	at org.openqa.selenium.remote.RemoteWebDriver.execute(RemoteWebDriver.java:576)
	at org.openqa.selenium.remote.RemoteWebDriver.findElement(RemoteWebDriver.java:327)
	at org.openqa.selenium.remote.RemoteWebDriver.findElementByXPath(RemoteWebDriver.java:445)
	at org.openqa.selenium.By$ByXPath.findElement(By.java:396)
	at org.openqa.selenium.remote.RemoteWebDriver.findElement(RemoteWebDriver.java:319)
	at org.openqa.selenium.support.ui.ExpectedConditions$7.apply(ExpectedConditions.java:205)
	at org.openqa.selenium.support.ui.ExpectedConditions$7.apply(ExpectedConditions.java:201)
	at org.openqa.selenium.support.ui.FluentWait.until(FluentWait.java:211)
	... 34 more

18:34:17.498 I am in onTestStart method transferToQueue start
18:34:17.629 [main] INFO  pages.supervisorTicketListPagePOM(321) - Selecting Filter
18:34:39.581 [main] INFO  pages.BasePage(328) - Closing Filter Tab
]]></system-out>
    <system-err><![CDATA[org.openqa.selenium.TimeoutException: Expected condition failed: waiting for element to be clickable: By.xpath: //span[contains(text(),'Select Filter')] (tried for 20 second(s) with 500 milliseconds interval)
	at org.openqa.selenium.support.ui.WebDriverWait.timeoutException(WebDriverWait.java:138)
	at org.openqa.selenium.support.ui.FluentWait.until(FluentWait.java:234)
	at pages.BasePage.click(BasePage.java:71)
	at pages.supervisorTicketListPagePOM.clickFilter(supervisorTicketListPagePOM.java:323)
	at tests.TransferToQueueTest.transferToQueue(TransferToQueueTest.java:44)
	at sun.reflect.NativeMethodAccessorImpl.invoke0(Native Method)
	at sun.reflect.NativeMethodAccessorImpl.invoke(NativeMethodAccessorImpl.java:62)
	at sun.reflect.DelegatingMethodAccessorImpl.invoke(DelegatingMethodAccessorImpl.java:43)
	at java.lang.reflect.Method.invoke(Method.java:498)
	at org.testng.internal.MethodInvocationHelper.invokeMethod(MethodInvocationHelper.java:133)
	at org.testng.internal.TestInvoker.invokeMethod(TestInvoker.java:584)
	at org.testng.internal.TestInvoker.invokeTestMethod(TestInvoker.java:172)
	at org.testng.internal.MethodRunner.runInSequence(MethodRunner.java:46)
	at org.testng.internal.TestInvoker$MethodInvocationAgent.invoke(TestInvoker.java:804)
	at org.testng.internal.TestInvoker.invokeTestMethods(TestInvoker.java:145)
	at org.testng.internal.TestMethodWorker.invokeTestMethods(TestMethodWorker.java:146)
	at org.testng.internal.TestMethodWorker.run(TestMethodWorker.java:128)
	at java.util.ArrayList.forEach(ArrayList.java:1257)
	at org.testng.TestRunner.privateRun(TestRunner.java:770)
	at org.testng.TestRunner.run(TestRunner.java:591)
	at org.testng.SuiteRunner.runTest(SuiteRunner.java:402)
	at org.testng.SuiteRunner.runSequentially(SuiteRunner.java:396)
	at org.testng.SuiteRunner.privateRun(SuiteRunner.java:355)
	at org.testng.SuiteRunner.run(SuiteRunner.java:304)
	at org.testng.SuiteRunnerWorker.runSuite(SuiteRunnerWorker.java:53)
	at org.testng.SuiteRunnerWorker.run(SuiteRunnerWorker.java:96)
	at org.testng.TestNG.runSuitesSequentially(TestNG.java:1180)
	at org.testng.TestNG.runSuitesLocally(TestNG.java:1102)
	at org.testng.TestNG.runSuites(TestNG.java:1032)
	at org.testng.TestNG.run(TestNG.java:1000)
	at org.apache.maven.surefire.testng.TestNGExecutor.run(TestNGExecutor.java:283)
	at org.apache.maven.surefire.testng.TestNGXmlTestSuite.execute(TestNGXmlTestSuite.java:75)
	at org.apache.maven.surefire.testng.TestNGProvider.invoke(TestNGProvider.java:120)
	at org.apache.maven.surefire.booter.ForkedBooter.invokeProviderInSameClassLoader(ForkedBooter.java:384)
	at org.apache.maven.surefire.booter.ForkedBooter.runSuitesInProcess(ForkedBooter.java:345)
	at org.apache.maven.surefire.booter.ForkedBooter.execute(ForkedBooter.java:126)
	at org.apache.maven.surefire.booter.ForkedBooter.main(ForkedBooter.java:418)
Caused by: org.openqa.selenium.NoSuchElementException: no such element: Unable to locate element: {"method":"xpath","selector":"//span[contains(text(),'Select Filter')]"}
  (Session info: headless chrome=89.0.4389.90)
For documentation on this error, please visit: https://www.seleniumhq.org/exceptions/no_such_element.html
Build info: version: '4.0.0-alpha-3', revision: '8c567de6dc'
System info: host: 'LT2394650', ip: '172.23.64.219', os.name: 'Windows 10', os.arch: 'amd64', os.version: '10.0', java.version: '1.8.0_231'
Driver info: org.openqa.selenium.chrome.ChromeDriver
Capabilities {acceptInsecureCerts: true, browserName: chrome, browserVersion: 89.0.4389.90, chrome: {chromedriverVersion: 89.0.4389.23 (61b08ee2c5002..., userDataDir: C:\Users\2394650\AppData\Lo...}, goog:chromeOptions: {debuggerAddress: localhost:52187}, javascriptEnabled: true, networkConnectionEnabled: false, pageLoadStrategy: normal, platform: WINDOWS, platformName: WINDOWS, proxy: Proxy(), setWindowRect: true, strictFileInteractability: false, timeouts: {implicit: 0, pageLoad: 300000, script: 30000}, unhandledPromptBehavior: dismiss and notify, webauthn:extension:largeBlob: true, webauthn:virtualAuthenticators: true}
Session ID: 9bddb60362793b98befcaaba70e29dcd
*** Element info: {Using=xpath, value=//span[contains(text(),'Select Filter')]}
	at sun.reflect.GeneratedConstructorAccessor50.newInstance(Unknown Source)
	at sun.reflect.DelegatingConstructorAccessorImpl.newInstance(DelegatingConstructorAccessorImpl.java:45)
	at java.lang.reflect.Constructor.newInstance(Constructor.java:423)
	at org.openqa.selenium.remote.codec.w3c.W3CHttpResponseCodec.createException(W3CHttpResponseCodec.java:191)
	at org.openqa.selenium.remote.codec.w3c.W3CHttpResponseCodec.decode(W3CHttpResponseCodec.java:125)
	at org.openqa.selenium.remote.codec.w3c.W3CHttpResponseCodec.decode(W3CHttpResponseCodec.java:52)
	at org.openqa.selenium.remote.HttpCommandExecutor.execute(HttpCommandExecutor.java:161)
	at org.openqa.selenium.remote.service.DriverCommandExecutor.execute(DriverCommandExecutor.java:83)
	at org.openqa.selenium.remote.RemoteWebDriver.execute(RemoteWebDriver.java:576)
	at org.openqa.selenium.remote.RemoteWebDriver.findElement(RemoteWebDriver.java:327)
	at org.openqa.selenium.remote.RemoteWebDriver.findElementByXPath(RemoteWebDriver.java:445)
	at org.openqa.selenium.By$ByXPath.findElement(By.java:396)
	at org.openqa.selenium.remote.RemoteWebDriver.findElement(RemoteWebDriver.java:319)
	at org.openqa.selenium.support.ui.ExpectedConditions$7.apply(ExpectedConditions.java:205)
	at org.openqa.selenium.support.ui.ExpectedConditions$7.apply(ExpectedConditions.java:201)
	at org.openqa.selenium.support.ui.ExpectedConditions$22.apply(ExpectedConditions.java:641)
	at org.openqa.selenium.support.ui.ExpectedConditions$22.apply(ExpectedConditions.java:638)
	at org.openqa.selenium.support.ui.FluentWait.until(FluentWait.java:211)
	... 35 more
]]></system-err>
  </testcase>
  <testcase name="transferToQueue" classname="tests.TransferToQueueTest" time="43.789">
    <failure message="Expected condition failed: waiting for element to be clickable: By.xpath: //span[@class=&apos;close-button&apos;] (tried for 20 second(s) with 500 milliseconds interval)" type="org.openqa.selenium.TimeoutException">org.openqa.selenium.TimeoutException: Expected condition failed: waiting for element to be clickable: By.xpath: //span[@class='close-button'] (tried for 20 second(s) with 500 milliseconds interval)
	at tests.TransferToQueueTest.transferToQueue(TransferToQueueTest.java:103)
Caused by: org.openqa.selenium.NoSuchElementException: 
no such element: Unable to locate element: {"method":"xpath","selector":"//span[@class='close-button']"}
  (Session info: headless chrome=89.0.4389.90)
For documentation on this error, please visit: https://www.seleniumhq.org/exceptions/no_such_element.html
Build info: version: '4.0.0-alpha-3', revision: '8c567de6dc'
System info: host: 'LT2394650', ip: '172.23.64.219', os.name: 'Windows 10', os.arch: 'amd64', os.version: '10.0', java.version: '1.8.0_231'
Driver info: org.openqa.selenium.chrome.ChromeDriver
Capabilities {acceptInsecureCerts: true, browserName: chrome, browserVersion: 89.0.4389.90, chrome: {chromedriverVersion: 89.0.4389.23 (61b08ee2c5002..., userDataDir: C:\Users\2394650\AppData\Lo...}, goog:chromeOptions: {debuggerAddress: localhost:52187}, javascriptEnabled: true, networkConnectionEnabled: false, pageLoadStrategy: normal, platform: WINDOWS, platformName: WINDOWS, proxy: Proxy(), setWindowRect: true, strictFileInteractability: false, timeouts: {implicit: 0, pageLoad: 300000, script: 30000}, unhandledPromptBehavior: dismiss and notify, webauthn:extension:largeBlob: true, webauthn:virtualAuthenticators: true}
Session ID: 9bddb60362793b98befcaaba70e29dcd
*** Element info: {Using=xpath, value=//span[@class='close-button']}
	at tests.TransferToQueueTest.transferToQueue(TransferToQueueTest.java:103)
</failure>
    <system-out><![CDATA[18:35:01.364 I am in on TestFailure method transferToQueue failed
org.openqa.selenium.TimeoutException: Expected condition failed: waiting for element to be clickable: By.xpath: //span[@class='close-button'] (tried for 20 second(s) with 500 milliseconds interval)
	at org.openqa.selenium.support.ui.WebDriverWait.timeoutException(WebDriverWait.java:138)
	at org.openqa.selenium.support.ui.FluentWait.until(FluentWait.java:234)
	at pages.BasePage.click(BasePage.java:71)
	at pages.FilterTabPOM.clickCloseFilter(FilterTabPOM.java:291)
	at tests.TransferToQueueTest.transferToQueue(TransferToQueueTest.java:103)
	at sun.reflect.NativeMethodAccessorImpl.invoke0(Native Method)
	at sun.reflect.NativeMethodAccessorImpl.invoke(NativeMethodAccessorImpl.java:62)
	at sun.reflect.DelegatingMethodAccessorImpl.invoke(DelegatingMethodAccessorImpl.java:43)
	at java.lang.reflect.Method.invoke(Method.java:498)
	at org.testng.internal.MethodInvocationHelper.invokeMethod(MethodInvocationHelper.java:133)
	at org.testng.internal.TestInvoker.invokeMethod(TestInvoker.java:584)
	at org.testng.internal.TestInvoker.invokeTestMethod(TestInvoker.java:172)
	at org.testng.internal.MethodRunner.runInSequence(MethodRunner.java:46)
	at org.testng.internal.TestInvoker$MethodInvocationAgent.invoke(TestInvoker.java:804)
	at org.testng.internal.TestInvoker.invokeTestMethods(TestInvoker.java:145)
	at org.testng.internal.TestMethodWorker.invokeTestMethods(TestMethodWorker.java:146)
	at org.testng.internal.TestMethodWorker.run(TestMethodWorker.java:128)
	at java.util.ArrayList.forEach(ArrayList.java:1257)
	at org.testng.TestRunner.privateRun(TestRunner.java:770)
	at org.testng.TestRunner.run(TestRunner.java:591)
	at org.testng.SuiteRunner.runTest(SuiteRunner.java:402)
	at org.testng.SuiteRunner.runSequentially(SuiteRunner.java:396)
	at org.testng.SuiteRunner.privateRun(SuiteRunner.java:355)
	at org.testng.SuiteRunner.run(SuiteRunner.java:304)
	at org.testng.SuiteRunnerWorker.runSuite(SuiteRunnerWorker.java:53)
	at org.testng.SuiteRunnerWorker.run(SuiteRunnerWorker.java:96)
	at org.testng.TestNG.runSuitesSequentially(TestNG.java:1180)
	at org.testng.TestNG.runSuitesLocally(TestNG.java:1102)
	at org.testng.TestNG.runSuites(TestNG.java:1032)
	at org.testng.TestNG.run(TestNG.java:1000)
	at org.apache.maven.surefire.testng.TestNGExecutor.run(TestNGExecutor.java:283)
	at org.apache.maven.surefire.testng.TestNGXmlTestSuite.execute(TestNGXmlTestSuite.java:75)
	at org.apache.maven.surefire.testng.TestNGProvider.invoke(TestNGProvider.java:120)
	at org.apache.maven.surefire.booter.ForkedBooter.invokeProviderInSameClassLoader(ForkedBooter.java:384)
	at org.apache.maven.surefire.booter.ForkedBooter.runSuitesInProcess(ForkedBooter.java:345)
	at org.apache.maven.surefire.booter.ForkedBooter.execute(ForkedBooter.java:126)
	at org.apache.maven.surefire.booter.ForkedBooter.main(ForkedBooter.java:418)
Caused by: org.openqa.selenium.NoSuchElementException: no such element: Unable to locate element: {"method":"xpath","selector":"//span[@class='close-button']"}
  (Session info: headless chrome=89.0.4389.90)
For documentation on this error, please visit: https://www.seleniumhq.org/exceptions/no_such_element.html
Build info: version: '4.0.0-alpha-3', revision: '8c567de6dc'
System info: host: 'LT2394650', ip: '172.23.64.219', os.name: 'Windows 10', os.arch: 'amd64', os.version: '10.0', java.version: '1.8.0_231'
Driver info: org.openqa.selenium.chrome.ChromeDriver
Capabilities {acceptInsecureCerts: true, browserName: chrome, browserVersion: 89.0.4389.90, chrome: {chromedriverVersion: 89.0.4389.23 (61b08ee2c5002..., userDataDir: C:\Users\2394650\AppData\Lo...}, goog:chromeOptions: {debuggerAddress: localhost:52187}, javascriptEnabled: true, networkConnectionEnabled: false, pageLoadStrategy: normal, platform: WINDOWS, platformName: WINDOWS, proxy: Proxy(), setWindowRect: true, strictFileInteractability: false, timeouts: {implicit: 0, pageLoad: 300000, script: 30000}, unhandledPromptBehavior: dismiss and notify, webauthn:extension:largeBlob: true, webauthn:virtualAuthenticators: true}
Session ID: 9bddb60362793b98befcaaba70e29dcd
*** Element info: {Using=xpath, value=//span[@class='close-button']}
	at sun.reflect.GeneratedConstructorAccessor50.newInstance(Unknown Source)
	at sun.reflect.DelegatingConstructorAccessorImpl.newInstance(DelegatingConstructorAccessorImpl.java:45)
	at java.lang.reflect.Constructor.newInstance(Constructor.java:423)
	at org.openqa.selenium.remote.codec.w3c.W3CHttpResponseCodec.createException(W3CHttpResponseCodec.java:191)
	at org.openqa.selenium.remote.codec.w3c.W3CHttpResponseCodec.decode(W3CHttpResponseCodec.java:125)
	at org.openqa.selenium.remote.codec.w3c.W3CHttpResponseCodec.decode(W3CHttpResponseCodec.java:52)
	at org.openqa.selenium.remote.HttpCommandExecutor.execute(HttpCommandExecutor.java:161)
	at org.openqa.selenium.remote.service.DriverCommandExecutor.execute(DriverCommandExecutor.java:83)
	at org.openqa.selenium.remote.RemoteWebDriver.execute(RemoteWebDriver.java:576)
	at org.openqa.selenium.remote.RemoteWebDriver.findElement(RemoteWebDriver.java:327)
	at org.openqa.selenium.remote.RemoteWebDriver.findElementByXPath(RemoteWebDriver.java:445)
	at org.openqa.selenium.By$ByXPath.findElement(By.java:396)
	at org.openqa.selenium.remote.RemoteWebDriver.findElement(RemoteWebDriver.java:319)
	at org.openqa.selenium.support.ui.ExpectedConditions$7.apply(ExpectedConditions.java:205)
	at org.openqa.selenium.support.ui.ExpectedConditions$7.apply(ExpectedConditions.java:201)
	at org.openqa.selenium.support.ui.ExpectedConditions$22.apply(ExpectedConditions.java:641)
	at org.openqa.selenium.support.ui.ExpectedConditions$22.apply(ExpectedConditions.java:638)
	at org.openqa.selenium.support.ui.FluentWait.until(FluentWait.java:211)
	... 35 more

18:35:01.912 I am in onTestStart method transferToQueue start
18:35:02.013 [main] INFO  pages.supervisorTicketListPagePOM(321) - Selecting Filter
18:35:23.969 [main] INFO  pages.BasePage(328) - Closing Filter Tab
]]></system-out>
    <system-err><![CDATA[org.openqa.selenium.TimeoutException: Expected condition failed: waiting for element to be clickable: By.xpath: //span[contains(text(),'Select Filter')] (tried for 20 second(s) with 500 milliseconds interval)
	at org.openqa.selenium.support.ui.WebDriverWait.timeoutException(WebDriverWait.java:138)
	at org.openqa.selenium.support.ui.FluentWait.until(FluentWait.java:234)
	at pages.BasePage.click(BasePage.java:71)
	at pages.supervisorTicketListPagePOM.clickFilter(supervisorTicketListPagePOM.java:323)
	at tests.TransferToQueueTest.transferToQueue(TransferToQueueTest.java:44)
	at sun.reflect.NativeMethodAccessorImpl.invoke0(Native Method)
	at sun.reflect.NativeMethodAccessorImpl.invoke(NativeMethodAccessorImpl.java:62)
	at sun.reflect.DelegatingMethodAccessorImpl.invoke(DelegatingMethodAccessorImpl.java:43)
	at java.lang.reflect.Method.invoke(Method.java:498)
	at org.testng.internal.MethodInvocationHelper.invokeMethod(MethodInvocationHelper.java:133)
	at org.testng.internal.TestInvoker.invokeMethod(TestInvoker.java:584)
	at org.testng.internal.TestInvoker.invokeTestMethod(TestInvoker.java:172)
	at org.testng.internal.MethodRunner.runInSequence(MethodRunner.java:46)
	at org.testng.internal.TestInvoker$MethodInvocationAgent.invoke(TestInvoker.java:804)
	at org.testng.internal.TestInvoker.invokeTestMethods(TestInvoker.java:145)
	at org.testng.internal.TestMethodWorker.invokeTestMethods(TestMethodWorker.java:146)
	at org.testng.internal.TestMethodWorker.run(TestMethodWorker.java:128)
	at java.util.ArrayList.forEach(ArrayList.java:1257)
	at org.testng.TestRunner.privateRun(TestRunner.java:770)
	at org.testng.TestRunner.run(TestRunner.java:591)
	at org.testng.SuiteRunner.runTest(SuiteRunner.java:402)
	at org.testng.SuiteRunner.runSequentially(SuiteRunner.java:396)
	at org.testng.SuiteRunner.privateRun(SuiteRunner.java:355)
	at org.testng.SuiteRunner.run(SuiteRunner.java:304)
	at org.testng.SuiteRunnerWorker.runSuite(SuiteRunnerWorker.java:53)
	at org.testng.SuiteRunnerWorker.run(SuiteRunnerWorker.java:96)
	at org.testng.TestNG.runSuitesSequentially(TestNG.java:1180)
	at org.testng.TestNG.runSuitesLocally(TestNG.java:1102)
	at org.testng.TestNG.runSuites(TestNG.java:1032)
	at org.testng.TestNG.run(TestNG.java:1000)
	at org.apache.maven.surefire.testng.TestNGExecutor.run(TestNGExecutor.java:283)
	at org.apache.maven.surefire.testng.TestNGXmlTestSuite.execute(TestNGXmlTestSuite.java:75)
	at org.apache.maven.surefire.testng.TestNGProvider.invoke(TestNGProvider.java:120)
	at org.apache.maven.surefire.booter.ForkedBooter.invokeProviderInSameClassLoader(ForkedBooter.java:384)
	at org.apache.maven.surefire.booter.ForkedBooter.runSuitesInProcess(ForkedBooter.java:345)
	at org.apache.maven.surefire.booter.ForkedBooter.execute(ForkedBooter.java:126)
	at org.apache.maven.surefire.booter.ForkedBooter.main(ForkedBooter.java:418)
Caused by: org.openqa.selenium.NoSuchElementException: no such element: Unable to locate element: {"method":"xpath","selector":"//span[contains(text(),'Select Filter')]"}
  (Session info: headless chrome=89.0.4389.90)
For documentation on this error, please visit: https://www.seleniumhq.org/exceptions/no_such_element.html
Build info: version: '4.0.0-alpha-3', revision: '8c567de6dc'
System info: host: 'LT2394650', ip: '172.23.64.219', os.name: 'Windows 10', os.arch: 'amd64', os.version: '10.0', java.version: '1.8.0_231'
Driver info: org.openqa.selenium.chrome.ChromeDriver
Capabilities {acceptInsecureCerts: true, browserName: chrome, browserVersion: 89.0.4389.90, chrome: {chromedriverVersion: 89.0.4389.23 (61b08ee2c5002..., userDataDir: C:\Users\2394650\AppData\Lo...}, goog:chromeOptions: {debuggerAddress: localhost:52187}, javascriptEnabled: true, networkConnectionEnabled: false, pageLoadStrategy: normal, platform: WINDOWS, platformName: WINDOWS, proxy: Proxy(), setWindowRect: true, strictFileInteractability: false, timeouts: {implicit: 0, pageLoad: 300000, script: 30000}, unhandledPromptBehavior: dismiss and notify, webauthn:extension:largeBlob: true, webauthn:virtualAuthenticators: true}
Session ID: 9bddb60362793b98befcaaba70e29dcd
*** Element info: {Using=xpath, value=//span[contains(text(),'Select Filter')]}
	at sun.reflect.GeneratedConstructorAccessor50.newInstance(Unknown Source)
	at sun.reflect.DelegatingConstructorAccessorImpl.newInstance(DelegatingConstructorAccessorImpl.java:45)
	at java.lang.reflect.Constructor.newInstance(Constructor.java:423)
	at org.openqa.selenium.remote.codec.w3c.W3CHttpResponseCodec.createException(W3CHttpResponseCodec.java:191)
	at org.openqa.selenium.remote.codec.w3c.W3CHttpResponseCodec.decode(W3CHttpResponseCodec.java:125)
	at org.openqa.selenium.remote.codec.w3c.W3CHttpResponseCodec.decode(W3CHttpResponseCodec.java:52)
	at org.openqa.selenium.remote.HttpCommandExecutor.execute(HttpCommandExecutor.java:161)
	at org.openqa.selenium.remote.service.DriverCommandExecutor.execute(DriverCommandExecutor.java:83)
	at org.openqa.selenium.remote.RemoteWebDriver.execute(RemoteWebDriver.java:576)
	at org.openqa.selenium.remote.RemoteWebDriver.findElement(RemoteWebDriver.java:327)
	at org.openqa.selenium.remote.RemoteWebDriver.findElementByXPath(RemoteWebDriver.java:445)
	at org.openqa.selenium.By$ByXPath.findElement(By.java:396)
	at org.openqa.selenium.remote.RemoteWebDriver.findElement(RemoteWebDriver.java:319)
	at org.openqa.selenium.support.ui.ExpectedConditions$7.apply(ExpectedConditions.java:205)
	at org.openqa.selenium.support.ui.ExpectedConditions$7.apply(ExpectedConditions.java:201)
	at org.openqa.selenium.support.ui.ExpectedConditions$22.apply(ExpectedConditions.java:641)
	at org.openqa.selenium.support.ui.ExpectedConditions$22.apply(ExpectedConditions.java:638)
	at org.openqa.selenium.support.ui.FluentWait.until(FluentWait.java:211)
	... 35 more
]]></system-err>
  </testcase>
  <testcase name="openSupervisorDashboard" classname="tests.SupervisorReopenTicketTest" time="26.82">
    <failure message="Expected condition failed: waiting for visibility of element located by By.xpath: //mat-toolbar//button (tried for 20 second(s) with 500 milliseconds interval)" type="org.openqa.selenium.TimeoutException">org.openqa.selenium.TimeoutException: Expected condition failed: waiting for visibility of element located by By.xpath: //mat-toolbar//button (tried for 20 second(s) with 500 milliseconds interval)
	at tests.SupervisorReopenTicketTest.openSupervisorDashboard(SupervisorReopenTicketTest.java:26)
Caused by: org.openqa.selenium.NoSuchElementException: 
no such element: Unable to locate element: {"method":"xpath","selector":"//mat-toolbar//button"}
  (Session info: headless chrome=89.0.4389.90)
For documentation on this error, please visit: https://www.seleniumhq.org/exceptions/no_such_element.html
Build info: version: '4.0.0-alpha-3', revision: '8c567de6dc'
System info: host: 'LT2394650', ip: '172.23.64.219', os.name: 'Windows 10', os.arch: 'amd64', os.version: '10.0', java.version: '1.8.0_231'
Driver info: org.openqa.selenium.chrome.ChromeDriver
Capabilities {acceptInsecureCerts: true, browserName: chrome, browserVersion: 89.0.4389.90, chrome: {chromedriverVersion: 89.0.4389.23 (61b08ee2c5002..., userDataDir: C:\Users\2394650\AppData\Lo...}, goog:chromeOptions: {debuggerAddress: localhost:52187}, javascriptEnabled: true, networkConnectionEnabled: false, pageLoadStrategy: normal, platform: WINDOWS, platformName: WINDOWS, proxy: Proxy(), setWindowRect: true, strictFileInteractability: false, timeouts: {implicit: 0, pageLoad: 300000, script: 30000}, unhandledPromptBehavior: dismiss and notify, webauthn:extension:largeBlob: true, webauthn:virtualAuthenticators: true}
Session ID: 9bddb60362793b98befcaaba70e29dcd
*** Element info: {Using=xpath, value=//mat-toolbar//button}
	at tests.SupervisorReopenTicketTest.openSupervisorDashboard(SupervisorReopenTicketTest.java:26)
</failure>
    <system-out><![CDATA[18:35:45.739 I am in on TestFailure method transferToQueue failed
org.openqa.selenium.TimeoutException: Expected condition failed: waiting for element to be clickable: By.xpath: //span[@class='close-button'] (tried for 20 second(s) with 500 milliseconds interval)
	at org.openqa.selenium.support.ui.WebDriverWait.timeoutException(WebDriverWait.java:138)
	at org.openqa.selenium.support.ui.FluentWait.until(FluentWait.java:234)
	at pages.BasePage.click(BasePage.java:71)
	at pages.FilterTabPOM.clickCloseFilter(FilterTabPOM.java:291)
	at tests.TransferToQueueTest.transferToQueue(TransferToQueueTest.java:103)
	at sun.reflect.NativeMethodAccessorImpl.invoke0(Native Method)
	at sun.reflect.NativeMethodAccessorImpl.invoke(NativeMethodAccessorImpl.java:62)
	at sun.reflect.DelegatingMethodAccessorImpl.invoke(DelegatingMethodAccessorImpl.java:43)
	at java.lang.reflect.Method.invoke(Method.java:498)
	at org.testng.internal.MethodInvocationHelper.invokeMethod(MethodInvocationHelper.java:133)
	at org.testng.internal.TestInvoker.invokeMethod(TestInvoker.java:584)
	at org.testng.internal.TestInvoker.invokeTestMethod(TestInvoker.java:172)
	at org.testng.internal.MethodRunner.runInSequence(MethodRunner.java:46)
	at org.testng.internal.TestInvoker$MethodInvocationAgent.invoke(TestInvoker.java:804)
	at org.testng.internal.TestInvoker.invokeTestMethods(TestInvoker.java:145)
	at org.testng.internal.TestMethodWorker.invokeTestMethods(TestMethodWorker.java:146)
	at org.testng.internal.TestMethodWorker.run(TestMethodWorker.java:128)
	at java.util.ArrayList.forEach(ArrayList.java:1257)
	at org.testng.TestRunner.privateRun(TestRunner.java:770)
	at org.testng.TestRunner.run(TestRunner.java:591)
	at org.testng.SuiteRunner.runTest(SuiteRunner.java:402)
	at org.testng.SuiteRunner.runSequentially(SuiteRunner.java:396)
	at org.testng.SuiteRunner.privateRun(SuiteRunner.java:355)
	at org.testng.SuiteRunner.run(SuiteRunner.java:304)
	at org.testng.SuiteRunnerWorker.runSuite(SuiteRunnerWorker.java:53)
	at org.testng.SuiteRunnerWorker.run(SuiteRunnerWorker.java:96)
	at org.testng.TestNG.runSuitesSequentially(TestNG.java:1180)
	at org.testng.TestNG.runSuitesLocally(TestNG.java:1102)
	at org.testng.TestNG.runSuites(TestNG.java:1032)
	at org.testng.TestNG.run(TestNG.java:1000)
	at org.apache.maven.surefire.testng.TestNGExecutor.run(TestNGExecutor.java:283)
	at org.apache.maven.surefire.testng.TestNGXmlTestSuite.execute(TestNGXmlTestSuite.java:75)
	at org.apache.maven.surefire.testng.TestNGProvider.invoke(TestNGProvider.java:120)
	at org.apache.maven.surefire.booter.ForkedBooter.invokeProviderInSameClassLoader(ForkedBooter.java:384)
	at org.apache.maven.surefire.booter.ForkedBooter.runSuitesInProcess(ForkedBooter.java:345)
	at org.apache.maven.surefire.booter.ForkedBooter.execute(ForkedBooter.java:126)
	at org.apache.maven.surefire.booter.ForkedBooter.main(ForkedBooter.java:418)
Caused by: org.openqa.selenium.NoSuchElementException: no such element: Unable to locate element: {"method":"xpath","selector":"//span[@class='close-button']"}
  (Session info: headless chrome=89.0.4389.90)
For documentation on this error, please visit: https://www.seleniumhq.org/exceptions/no_such_element.html
Build info: version: '4.0.0-alpha-3', revision: '8c567de6dc'
System info: host: 'LT2394650', ip: '172.23.64.219', os.name: 'Windows 10', os.arch: 'amd64', os.version: '10.0', java.version: '1.8.0_231'
Driver info: org.openqa.selenium.chrome.ChromeDriver
Capabilities {acceptInsecureCerts: true, browserName: chrome, browserVersion: 89.0.4389.90, chrome: {chromedriverVersion: 89.0.4389.23 (61b08ee2c5002..., userDataDir: C:\Users\2394650\AppData\Lo...}, goog:chromeOptions: {debuggerAddress: localhost:52187}, javascriptEnabled: true, networkConnectionEnabled: false, pageLoadStrategy: normal, platform: WINDOWS, platformName: WINDOWS, proxy: Proxy(), setWindowRect: true, strictFileInteractability: false, timeouts: {implicit: 0, pageLoad: 300000, script: 30000}, unhandledPromptBehavior: dismiss and notify, webauthn:extension:largeBlob: true, webauthn:virtualAuthenticators: true}
Session ID: 9bddb60362793b98befcaaba70e29dcd
*** Element info: {Using=xpath, value=//span[@class='close-button']}
	at sun.reflect.GeneratedConstructorAccessor50.newInstance(Unknown Source)
	at sun.reflect.DelegatingConstructorAccessorImpl.newInstance(DelegatingConstructorAccessorImpl.java:45)
	at java.lang.reflect.Constructor.newInstance(Constructor.java:423)
	at org.openqa.selenium.remote.codec.w3c.W3CHttpResponseCodec.createException(W3CHttpResponseCodec.java:191)
	at org.openqa.selenium.remote.codec.w3c.W3CHttpResponseCodec.decode(W3CHttpResponseCodec.java:125)
	at org.openqa.selenium.remote.codec.w3c.W3CHttpResponseCodec.decode(W3CHttpResponseCodec.java:52)
	at org.openqa.selenium.remote.HttpCommandExecutor.execute(HttpCommandExecutor.java:161)
	at org.openqa.selenium.remote.service.DriverCommandExecutor.execute(DriverCommandExecutor.java:83)
	at org.openqa.selenium.remote.RemoteWebDriver.execute(RemoteWebDriver.java:576)
	at org.openqa.selenium.remote.RemoteWebDriver.findElement(RemoteWebDriver.java:327)
	at org.openqa.selenium.remote.RemoteWebDriver.findElementByXPath(RemoteWebDriver.java:445)
	at org.openqa.selenium.By$ByXPath.findElement(By.java:396)
	at org.openqa.selenium.remote.RemoteWebDriver.findElement(RemoteWebDriver.java:319)
	at org.openqa.selenium.support.ui.ExpectedConditions$7.apply(ExpectedConditions.java:205)
	at org.openqa.selenium.support.ui.ExpectedConditions$7.apply(ExpectedConditions.java:201)
	at org.openqa.selenium.support.ui.ExpectedConditions$22.apply(ExpectedConditions.java:641)
	at org.openqa.selenium.support.ui.ExpectedConditions$22.apply(ExpectedConditions.java:638)
	at org.openqa.selenium.support.ui.FluentWait.until(FluentWait.java:211)
	... 35 more

I am in onFinish method Supervisors Ticket Transfer To Queue Test
I am in onStart method Supervisor Re-Open Ticket
18:35:46.957 I am in onTestStart method openSupervisorDashboard start
18:35:46.987 [main] INFO  pages.BasePage(328) - Waiting for loader to be removed
18:35:52.035 [main] INFO  pages.BasePage(328) - Loader Removed
]]></system-out>
  </testcase>
  <testcase name="ReopenTicket" classname="tests.SupervisorReopenTicketTest" time="0">
    <skipped message="Method SupervisorReopenTicketTest.ReopenTicket(java.lang.reflect.Method, Utils.DataProviders.TicketStateDataBean)[pri:2, instance:tests.SupervisorReopenTicketTest@651aed93] depends on not successfully finished methods"/>
    <system-out><![CDATA[18:36:13.777 I am in on TestFailure method openSupervisorDashboard failed
org.openqa.selenium.TimeoutException: Expected condition failed: waiting for visibility of element located by By.xpath: //mat-toolbar//button (tried for 20 second(s) with 500 milliseconds interval)
	at org.openqa.selenium.support.ui.WebDriverWait.timeoutException(WebDriverWait.java:138)
	at org.openqa.selenium.support.ui.FluentWait.until(FluentWait.java:234)
	at pages.SideMenuPOM.clickOnSideMenu(SideMenuPOM.java:40)
	at tests.SupervisorReopenTicketTest.openSupervisorDashboard(SupervisorReopenTicketTest.java:26)
	at sun.reflect.NativeMethodAccessorImpl.invoke0(Native Method)
	at sun.reflect.NativeMethodAccessorImpl.invoke(NativeMethodAccessorImpl.java:62)
	at sun.reflect.DelegatingMethodAccessorImpl.invoke(DelegatingMethodAccessorImpl.java:43)
	at java.lang.reflect.Method.invoke(Method.java:498)
	at org.testng.internal.MethodInvocationHelper.invokeMethod(MethodInvocationHelper.java:133)
	at org.testng.internal.TestInvoker.invokeMethod(TestInvoker.java:584)
	at org.testng.internal.TestInvoker.invokeTestMethod(TestInvoker.java:172)
	at org.testng.internal.MethodRunner.runInSequence(MethodRunner.java:46)
	at org.testng.internal.TestInvoker$MethodInvocationAgent.invoke(TestInvoker.java:804)
	at org.testng.internal.TestInvoker.invokeTestMethods(TestInvoker.java:145)
	at org.testng.internal.TestMethodWorker.invokeTestMethods(TestMethodWorker.java:146)
	at org.testng.internal.TestMethodWorker.run(TestMethodWorker.java:128)
	at java.util.ArrayList.forEach(ArrayList.java:1257)
	at org.testng.TestRunner.privateRun(TestRunner.java:770)
	at org.testng.TestRunner.run(TestRunner.java:591)
	at org.testng.SuiteRunner.runTest(SuiteRunner.java:402)
	at org.testng.SuiteRunner.runSequentially(SuiteRunner.java:396)
	at org.testng.SuiteRunner.privateRun(SuiteRunner.java:355)
	at org.testng.SuiteRunner.run(SuiteRunner.java:304)
	at org.testng.SuiteRunnerWorker.runSuite(SuiteRunnerWorker.java:53)
	at org.testng.SuiteRunnerWorker.run(SuiteRunnerWorker.java:96)
	at org.testng.TestNG.runSuitesSequentially(TestNG.java:1180)
	at org.testng.TestNG.runSuitesLocally(TestNG.java:1102)
	at org.testng.TestNG.runSuites(TestNG.java:1032)
	at org.testng.TestNG.run(TestNG.java:1000)
	at org.apache.maven.surefire.testng.TestNGExecutor.run(TestNGExecutor.java:283)
	at org.apache.maven.surefire.testng.TestNGXmlTestSuite.execute(TestNGXmlTestSuite.java:75)
	at org.apache.maven.surefire.testng.TestNGProvider.invoke(TestNGProvider.java:120)
	at org.apache.maven.surefire.booter.ForkedBooter.invokeProviderInSameClassLoader(ForkedBooter.java:384)
	at org.apache.maven.surefire.booter.ForkedBooter.runSuitesInProcess(ForkedBooter.java:345)
	at org.apache.maven.surefire.booter.ForkedBooter.execute(ForkedBooter.java:126)
	at org.apache.maven.surefire.booter.ForkedBooter.main(ForkedBooter.java:418)
Caused by: org.openqa.selenium.NoSuchElementException: no such element: Unable to locate element: {"method":"xpath","selector":"//mat-toolbar//button"}
  (Session info: headless chrome=89.0.4389.90)
For documentation on this error, please visit: https://www.seleniumhq.org/exceptions/no_such_element.html
Build info: version: '4.0.0-alpha-3', revision: '8c567de6dc'
System info: host: 'LT2394650', ip: '172.23.64.219', os.name: 'Windows 10', os.arch: 'amd64', os.version: '10.0', java.version: '1.8.0_231'
Driver info: org.openqa.selenium.chrome.ChromeDriver
Capabilities {acceptInsecureCerts: true, browserName: chrome, browserVersion: 89.0.4389.90, chrome: {chromedriverVersion: 89.0.4389.23 (61b08ee2c5002..., userDataDir: C:\Users\2394650\AppData\Lo...}, goog:chromeOptions: {debuggerAddress: localhost:52187}, javascriptEnabled: true, networkConnectionEnabled: false, pageLoadStrategy: normal, platform: WINDOWS, platformName: WINDOWS, proxy: Proxy(), setWindowRect: true, strictFileInteractability: false, timeouts: {implicit: 0, pageLoad: 300000, script: 30000}, unhandledPromptBehavior: dismiss and notify, webauthn:extension:largeBlob: true, webauthn:virtualAuthenticators: true}
Session ID: 9bddb60362793b98befcaaba70e29dcd
*** Element info: {Using=xpath, value=//mat-toolbar//button}
	at sun.reflect.GeneratedConstructorAccessor50.newInstance(Unknown Source)
	at sun.reflect.DelegatingConstructorAccessorImpl.newInstance(DelegatingConstructorAccessorImpl.java:45)
	at java.lang.reflect.Constructor.newInstance(Constructor.java:423)
	at org.openqa.selenium.remote.codec.w3c.W3CHttpResponseCodec.createException(W3CHttpResponseCodec.java:191)
	at org.openqa.selenium.remote.codec.w3c.W3CHttpResponseCodec.decode(W3CHttpResponseCodec.java:125)
	at org.openqa.selenium.remote.codec.w3c.W3CHttpResponseCodec.decode(W3CHttpResponseCodec.java:52)
	at org.openqa.selenium.remote.HttpCommandExecutor.execute(HttpCommandExecutor.java:161)
	at org.openqa.selenium.remote.service.DriverCommandExecutor.execute(DriverCommandExecutor.java:83)
	at org.openqa.selenium.remote.RemoteWebDriver.execute(RemoteWebDriver.java:576)
	at org.openqa.selenium.remote.RemoteWebDriver.findElement(RemoteWebDriver.java:327)
	at org.openqa.selenium.remote.RemoteWebDriver.findElementByXPath(RemoteWebDriver.java:445)
	at org.openqa.selenium.By$ByXPath.findElement(By.java:396)
	at org.openqa.selenium.remote.RemoteWebDriver.findElement(RemoteWebDriver.java:319)
	at org.openqa.selenium.support.ui.ExpectedConditions$7.apply(ExpectedConditions.java:205)
	at org.openqa.selenium.support.ui.ExpectedConditions$7.apply(ExpectedConditions.java:201)
	at org.openqa.selenium.support.ui.FluentWait.until(FluentWait.java:211)
	... 34 more

18:36:14.267 I am in onTestStart method ReopenTicket start
]]></system-out>
  </testcase>
  <testcase name="openSupervisorDashboard" classname="tests.TicketEscalationTest" time="26.817">
    <failure message="Expected condition failed: waiting for visibility of element located by By.xpath: //mat-toolbar//button (tried for 20 second(s) with 500 milliseconds interval)" type="org.openqa.selenium.TimeoutException">org.openqa.selenium.TimeoutException: Expected condition failed: waiting for visibility of element located by By.xpath: //mat-toolbar//button (tried for 20 second(s) with 500 milliseconds interval)
	at tests.TicketEscalationTest.openSupervisorDashboard(TicketEscalationTest.java:24)
Caused by: org.openqa.selenium.NoSuchElementException: 
no such element: Unable to locate element: {"method":"xpath","selector":"//mat-toolbar//button"}
  (Session info: headless chrome=89.0.4389.90)
For documentation on this error, please visit: https://www.seleniumhq.org/exceptions/no_such_element.html
Build info: version: '4.0.0-alpha-3', revision: '8c567de6dc'
System info: host: 'LT2394650', ip: '172.23.64.219', os.name: 'Windows 10', os.arch: 'amd64', os.version: '10.0', java.version: '1.8.0_231'
Driver info: org.openqa.selenium.chrome.ChromeDriver
Capabilities {acceptInsecureCerts: true, browserName: chrome, browserVersion: 89.0.4389.90, chrome: {chromedriverVersion: 89.0.4389.23 (61b08ee2c5002..., userDataDir: C:\Users\2394650\AppData\Lo...}, goog:chromeOptions: {debuggerAddress: localhost:52187}, javascriptEnabled: true, networkConnectionEnabled: false, pageLoadStrategy: normal, platform: WINDOWS, platformName: WINDOWS, proxy: Proxy(), setWindowRect: true, strictFileInteractability: false, timeouts: {implicit: 0, pageLoad: 300000, script: 30000}, unhandledPromptBehavior: dismiss and notify, webauthn:extension:largeBlob: true, webauthn:virtualAuthenticators: true}
Session ID: 9bddb60362793b98befcaaba70e29dcd
*** Element info: {Using=xpath, value=//mat-toolbar//button}
	at tests.TicketEscalationTest.openSupervisorDashboard(TicketEscalationTest.java:24)
</failure>
    <system-out><![CDATA[I am in on TestSkipped method ReopenTicket skipped
I am in onFinish method Supervisor Re-Open Ticket
I am in onStart method Ticket Escalation
18:36:14.916 I am in onTestStart method openSupervisorDashboard start
18:36:14.956 [main] INFO  pages.BasePage(328) - Waiting for loader to be removed
18:36:20.009 [main] INFO  pages.BasePage(328) - Loader Removed
]]></system-out>
  </testcase>
  <testcase name="ticketEscalation" classname="tests.TicketEscalationTest" time="0">
    <skipped message="Method TicketEscalationTest.ticketEscalation(java.lang.reflect.Method)[pri:2, instance:tests.TicketEscalationTest@4a00d9cf] depends on not successfully finished methods"/>
    <system-out><![CDATA[18:36:41.731 I am in on TestFailure method openSupervisorDashboard failed
org.openqa.selenium.TimeoutException: Expected condition failed: waiting for visibility of element located by By.xpath: //mat-toolbar//button (tried for 20 second(s) with 500 milliseconds interval)
	at org.openqa.selenium.support.ui.WebDriverWait.timeoutException(WebDriverWait.java:138)
	at org.openqa.selenium.support.ui.FluentWait.until(FluentWait.java:234)
	at pages.SideMenuPOM.clickOnSideMenu(SideMenuPOM.java:40)
	at tests.TicketEscalationTest.openSupervisorDashboard(TicketEscalationTest.java:24)
	at sun.reflect.NativeMethodAccessorImpl.invoke0(Native Method)
	at sun.reflect.NativeMethodAccessorImpl.invoke(NativeMethodAccessorImpl.java:62)
	at sun.reflect.DelegatingMethodAccessorImpl.invoke(DelegatingMethodAccessorImpl.java:43)
	at java.lang.reflect.Method.invoke(Method.java:498)
	at org.testng.internal.MethodInvocationHelper.invokeMethod(MethodInvocationHelper.java:133)
	at org.testng.internal.TestInvoker.invokeMethod(TestInvoker.java:584)
	at org.testng.internal.TestInvoker.invokeTestMethod(TestInvoker.java:172)
	at org.testng.internal.MethodRunner.runInSequence(MethodRunner.java:46)
	at org.testng.internal.TestInvoker$MethodInvocationAgent.invoke(TestInvoker.java:804)
	at org.testng.internal.TestInvoker.invokeTestMethods(TestInvoker.java:145)
	at org.testng.internal.TestMethodWorker.invokeTestMethods(TestMethodWorker.java:146)
	at org.testng.internal.TestMethodWorker.run(TestMethodWorker.java:128)
	at java.util.ArrayList.forEach(ArrayList.java:1257)
	at org.testng.TestRunner.privateRun(TestRunner.java:770)
	at org.testng.TestRunner.run(TestRunner.java:591)
	at org.testng.SuiteRunner.runTest(SuiteRunner.java:402)
	at org.testng.SuiteRunner.runSequentially(SuiteRunner.java:396)
	at org.testng.SuiteRunner.privateRun(SuiteRunner.java:355)
	at org.testng.SuiteRunner.run(SuiteRunner.java:304)
	at org.testng.SuiteRunnerWorker.runSuite(SuiteRunnerWorker.java:53)
	at org.testng.SuiteRunnerWorker.run(SuiteRunnerWorker.java:96)
	at org.testng.TestNG.runSuitesSequentially(TestNG.java:1180)
	at org.testng.TestNG.runSuitesLocally(TestNG.java:1102)
	at org.testng.TestNG.runSuites(TestNG.java:1032)
	at org.testng.TestNG.run(TestNG.java:1000)
	at org.apache.maven.surefire.testng.TestNGExecutor.run(TestNGExecutor.java:283)
	at org.apache.maven.surefire.testng.TestNGXmlTestSuite.execute(TestNGXmlTestSuite.java:75)
	at org.apache.maven.surefire.testng.TestNGProvider.invoke(TestNGProvider.java:120)
	at org.apache.maven.surefire.booter.ForkedBooter.invokeProviderInSameClassLoader(ForkedBooter.java:384)
	at org.apache.maven.surefire.booter.ForkedBooter.runSuitesInProcess(ForkedBooter.java:345)
	at org.apache.maven.surefire.booter.ForkedBooter.execute(ForkedBooter.java:126)
	at org.apache.maven.surefire.booter.ForkedBooter.main(ForkedBooter.java:418)
Caused by: org.openqa.selenium.NoSuchElementException: no such element: Unable to locate element: {"method":"xpath","selector":"//mat-toolbar//button"}
  (Session info: headless chrome=89.0.4389.90)
For documentation on this error, please visit: https://www.seleniumhq.org/exceptions/no_such_element.html
Build info: version: '4.0.0-alpha-3', revision: '8c567de6dc'
System info: host: 'LT2394650', ip: '172.23.64.219', os.name: 'Windows 10', os.arch: 'amd64', os.version: '10.0', java.version: '1.8.0_231'
Driver info: org.openqa.selenium.chrome.ChromeDriver
Capabilities {acceptInsecureCerts: true, browserName: chrome, browserVersion: 89.0.4389.90, chrome: {chromedriverVersion: 89.0.4389.23 (61b08ee2c5002..., userDataDir: C:\Users\2394650\AppData\Lo...}, goog:chromeOptions: {debuggerAddress: localhost:52187}, javascriptEnabled: true, networkConnectionEnabled: false, pageLoadStrategy: normal, platform: WINDOWS, platformName: WINDOWS, proxy: Proxy(), setWindowRect: true, strictFileInteractability: false, timeouts: {implicit: 0, pageLoad: 300000, script: 30000}, unhandledPromptBehavior: dismiss and notify, webauthn:extension:largeBlob: true, webauthn:virtualAuthenticators: true}
Session ID: 9bddb60362793b98befcaaba70e29dcd
*** Element info: {Using=xpath, value=//mat-toolbar//button}
	at sun.reflect.GeneratedConstructorAccessor50.newInstance(Unknown Source)
	at sun.reflect.DelegatingConstructorAccessorImpl.newInstance(DelegatingConstructorAccessorImpl.java:45)
	at java.lang.reflect.Constructor.newInstance(Constructor.java:423)
	at org.openqa.selenium.remote.codec.w3c.W3CHttpResponseCodec.createException(W3CHttpResponseCodec.java:191)
	at org.openqa.selenium.remote.codec.w3c.W3CHttpResponseCodec.decode(W3CHttpResponseCodec.java:125)
	at org.openqa.selenium.remote.codec.w3c.W3CHttpResponseCodec.decode(W3CHttpResponseCodec.java:52)
	at org.openqa.selenium.remote.HttpCommandExecutor.execute(HttpCommandExecutor.java:161)
	at org.openqa.selenium.remote.service.DriverCommandExecutor.execute(DriverCommandExecutor.java:83)
	at org.openqa.selenium.remote.RemoteWebDriver.execute(RemoteWebDriver.java:576)
	at org.openqa.selenium.remote.RemoteWebDriver.findElement(RemoteWebDriver.java:327)
	at org.openqa.selenium.remote.RemoteWebDriver.findElementByXPath(RemoteWebDriver.java:445)
	at org.openqa.selenium.By$ByXPath.findElement(By.java:396)
	at org.openqa.selenium.remote.RemoteWebDriver.findElement(RemoteWebDriver.java:319)
	at org.openqa.selenium.support.ui.ExpectedConditions$7.apply(ExpectedConditions.java:205)
	at org.openqa.selenium.support.ui.ExpectedConditions$7.apply(ExpectedConditions.java:201)
	at org.openqa.selenium.support.ui.FluentWait.until(FluentWait.java:211)
	... 34 more

18:36:42.240 I am in onTestStart method ticketEscalation start
]]></system-out>
  </testcase>
  <testcase name="ticketEscalationBeforeSLA" classname="tests.TicketEscalationTest" time="0">
    <skipped message="Method TicketEscalationTest.ticketEscalationBeforeSLA(java.lang.reflect.Method)[pri:3, instance:tests.TicketEscalationTest@4a00d9cf] depends on not successfully finished methods"/>
    <system-out><![CDATA[I am in on TestSkipped method ticketEscalation skipped
18:36:42.240 I am in onTestStart method ticketEscalationBeforeSLA start
]]></system-out>
  </testcase>
  <testcase name="ticketEscalationAfterSLA" classname="tests.TicketEscalationTest" time="0">
    <skipped message="Method TicketEscalationTest.ticketEscalationAfterSLA(java.lang.reflect.Method)[pri:4, instance:tests.TicketEscalationTest@4a00d9cf] depends on not successfully finished methods"/>
    <system-out><![CDATA[I am in on TestSkipped method ticketEscalationBeforeSLA skipped
18:36:42.240 I am in onTestStart method ticketEscalationAfterSLA start
]]></system-out>
  </testcase>
  <testcase name="ticketEscalationOnSLA" classname="tests.TicketEscalationTest" time="0">
    <skipped message="Method TicketEscalationTest.ticketEscalationOnSLA(java.lang.reflect.Method)[pri:5, instance:tests.TicketEscalationTest@4a00d9cf] depends on not successfully finished methods"/>
    <system-out><![CDATA[I am in on TestSkipped method ticketEscalationAfterSLA skipped
18:36:42.240 I am in onTestStart method ticketEscalationOnSLA start
]]></system-out>
  </testcase>
  <testcase name="openSupervisorDashboard" classname="tests.SupervisorAddCommentTest" time="26.762">
    <failure message="Expected condition failed: waiting for visibility of element located by By.xpath: //mat-toolbar//button (tried for 20 second(s) with 500 milliseconds interval)" type="org.openqa.selenium.TimeoutException">org.openqa.selenium.TimeoutException: Expected condition failed: waiting for visibility of element located by By.xpath: //mat-toolbar//button (tried for 20 second(s) with 500 milliseconds interval)
	at tests.SupervisorAddCommentTest.openSupervisorDashboard(SupervisorAddCommentTest.java:28)
Caused by: org.openqa.selenium.NoSuchElementException: 
no such element: Unable to locate element: {"method":"xpath","selector":"//mat-toolbar//button"}
  (Session info: headless chrome=89.0.4389.90)
For documentation on this error, please visit: https://www.seleniumhq.org/exceptions/no_such_element.html
Build info: version: '4.0.0-alpha-3', revision: '8c567de6dc'
System info: host: 'LT2394650', ip: '172.23.64.219', os.name: 'Windows 10', os.arch: 'amd64', os.version: '10.0', java.version: '1.8.0_231'
Driver info: org.openqa.selenium.chrome.ChromeDriver
Capabilities {acceptInsecureCerts: true, browserName: chrome, browserVersion: 89.0.4389.90, chrome: {chromedriverVersion: 89.0.4389.23 (61b08ee2c5002..., userDataDir: C:\Users\2394650\AppData\Lo...}, goog:chromeOptions: {debuggerAddress: localhost:52187}, javascriptEnabled: true, networkConnectionEnabled: false, pageLoadStrategy: normal, platform: WINDOWS, platformName: WINDOWS, proxy: Proxy(), setWindowRect: true, strictFileInteractability: false, timeouts: {implicit: 0, pageLoad: 300000, script: 30000}, unhandledPromptBehavior: dismiss and notify, webauthn:extension:largeBlob: true, webauthn:virtualAuthenticators: true}
Session ID: 9bddb60362793b98befcaaba70e29dcd
*** Element info: {Using=xpath, value=//mat-toolbar//button}
	at tests.SupervisorAddCommentTest.openSupervisorDashboard(SupervisorAddCommentTest.java:28)
</failure>
    <system-out><![CDATA[I am in on TestSkipped method ticketEscalationOnSLA skipped
I am in onFinish method Ticket Escalation
I am in onStart method Supervisors Add Comment on Ticket
18:36:42.845 I am in onTestStart method openSupervisorDashboard start
18:36:42.877 [main] INFO  pages.BasePage(328) - Waiting for loader to be removed
18:36:47.906 [main] INFO  pages.BasePage(328) - Loader Removed
]]></system-out>
  </testcase>
  <testcase name="addCommentOnTicket" classname="tests.SupervisorAddCommentTest" time="0">
    <skipped message="Method SupervisorAddCommentTest.addCommentOnTicket(java.lang.reflect.Method)[pri:2, instance:tests.SupervisorAddCommentTest@4bd31064] depends on not successfully finished methods"/>
    <system-out><![CDATA[18:37:09.607 I am in on TestFailure method openSupervisorDashboard failed
org.openqa.selenium.TimeoutException: Expected condition failed: waiting for visibility of element located by By.xpath: //mat-toolbar//button (tried for 20 second(s) with 500 milliseconds interval)
	at org.openqa.selenium.support.ui.WebDriverWait.timeoutException(WebDriverWait.java:138)
	at org.openqa.selenium.support.ui.FluentWait.until(FluentWait.java:234)
	at pages.SideMenuPOM.clickOnSideMenu(SideMenuPOM.java:40)
	at tests.SupervisorAddCommentTest.openSupervisorDashboard(SupervisorAddCommentTest.java:28)
	at sun.reflect.NativeMethodAccessorImpl.invoke0(Native Method)
	at sun.reflect.NativeMethodAccessorImpl.invoke(NativeMethodAccessorImpl.java:62)
	at sun.reflect.DelegatingMethodAccessorImpl.invoke(DelegatingMethodAccessorImpl.java:43)
	at java.lang.reflect.Method.invoke(Method.java:498)
	at org.testng.internal.MethodInvocationHelper.invokeMethod(MethodInvocationHelper.java:133)
	at org.testng.internal.TestInvoker.invokeMethod(TestInvoker.java:584)
	at org.testng.internal.TestInvoker.invokeTestMethod(TestInvoker.java:172)
	at org.testng.internal.MethodRunner.runInSequence(MethodRunner.java:46)
	at org.testng.internal.TestInvoker$MethodInvocationAgent.invoke(TestInvoker.java:804)
	at org.testng.internal.TestInvoker.invokeTestMethods(TestInvoker.java:145)
	at org.testng.internal.TestMethodWorker.invokeTestMethods(TestMethodWorker.java:146)
	at org.testng.internal.TestMethodWorker.run(TestMethodWorker.java:128)
	at java.util.ArrayList.forEach(ArrayList.java:1257)
	at org.testng.TestRunner.privateRun(TestRunner.java:770)
	at org.testng.TestRunner.run(TestRunner.java:591)
	at org.testng.SuiteRunner.runTest(SuiteRunner.java:402)
	at org.testng.SuiteRunner.runSequentially(SuiteRunner.java:396)
	at org.testng.SuiteRunner.privateRun(SuiteRunner.java:355)
	at org.testng.SuiteRunner.run(SuiteRunner.java:304)
	at org.testng.SuiteRunnerWorker.runSuite(SuiteRunnerWorker.java:53)
	at org.testng.SuiteRunnerWorker.run(SuiteRunnerWorker.java:96)
	at org.testng.TestNG.runSuitesSequentially(TestNG.java:1180)
	at org.testng.TestNG.runSuitesLocally(TestNG.java:1102)
	at org.testng.TestNG.runSuites(TestNG.java:1032)
	at org.testng.TestNG.run(TestNG.java:1000)
	at org.apache.maven.surefire.testng.TestNGExecutor.run(TestNGExecutor.java:283)
	at org.apache.maven.surefire.testng.TestNGXmlTestSuite.execute(TestNGXmlTestSuite.java:75)
	at org.apache.maven.surefire.testng.TestNGProvider.invoke(TestNGProvider.java:120)
	at org.apache.maven.surefire.booter.ForkedBooter.invokeProviderInSameClassLoader(ForkedBooter.java:384)
	at org.apache.maven.surefire.booter.ForkedBooter.runSuitesInProcess(ForkedBooter.java:345)
	at org.apache.maven.surefire.booter.ForkedBooter.execute(ForkedBooter.java:126)
	at org.apache.maven.surefire.booter.ForkedBooter.main(ForkedBooter.java:418)
Caused by: org.openqa.selenium.NoSuchElementException: no such element: Unable to locate element: {"method":"xpath","selector":"//mat-toolbar//button"}
  (Session info: headless chrome=89.0.4389.90)
For documentation on this error, please visit: https://www.seleniumhq.org/exceptions/no_such_element.html
Build info: version: '4.0.0-alpha-3', revision: '8c567de6dc'
System info: host: 'LT2394650', ip: '172.23.64.219', os.name: 'Windows 10', os.arch: 'amd64', os.version: '10.0', java.version: '1.8.0_231'
Driver info: org.openqa.selenium.chrome.ChromeDriver
Capabilities {acceptInsecureCerts: true, browserName: chrome, browserVersion: 89.0.4389.90, chrome: {chromedriverVersion: 89.0.4389.23 (61b08ee2c5002..., userDataDir: C:\Users\2394650\AppData\Lo...}, goog:chromeOptions: {debuggerAddress: localhost:52187}, javascriptEnabled: true, networkConnectionEnabled: false, pageLoadStrategy: normal, platform: WINDOWS, platformName: WINDOWS, proxy: Proxy(), setWindowRect: true, strictFileInteractability: false, timeouts: {implicit: 0, pageLoad: 300000, script: 30000}, unhandledPromptBehavior: dismiss and notify, webauthn:extension:largeBlob: true, webauthn:virtualAuthenticators: true}
Session ID: 9bddb60362793b98befcaaba70e29dcd
*** Element info: {Using=xpath, value=//mat-toolbar//button}
	at sun.reflect.GeneratedConstructorAccessor50.newInstance(Unknown Source)
	at sun.reflect.DelegatingConstructorAccessorImpl.newInstance(DelegatingConstructorAccessorImpl.java:45)
	at java.lang.reflect.Constructor.newInstance(Constructor.java:423)
	at org.openqa.selenium.remote.codec.w3c.W3CHttpResponseCodec.createException(W3CHttpResponseCodec.java:191)
	at org.openqa.selenium.remote.codec.w3c.W3CHttpResponseCodec.decode(W3CHttpResponseCodec.java:125)
	at org.openqa.selenium.remote.codec.w3c.W3CHttpResponseCodec.decode(W3CHttpResponseCodec.java:52)
	at org.openqa.selenium.remote.HttpCommandExecutor.execute(HttpCommandExecutor.java:161)
	at org.openqa.selenium.remote.service.DriverCommandExecutor.execute(DriverCommandExecutor.java:83)
	at org.openqa.selenium.remote.RemoteWebDriver.execute(RemoteWebDriver.java:576)
	at org.openqa.selenium.remote.RemoteWebDriver.findElement(RemoteWebDriver.java:327)
	at org.openqa.selenium.remote.RemoteWebDriver.findElementByXPath(RemoteWebDriver.java:445)
	at org.openqa.selenium.By$ByXPath.findElement(By.java:396)
	at org.openqa.selenium.remote.RemoteWebDriver.findElement(RemoteWebDriver.java:319)
	at org.openqa.selenium.support.ui.ExpectedConditions$7.apply(ExpectedConditions.java:205)
	at org.openqa.selenium.support.ui.ExpectedConditions$7.apply(ExpectedConditions.java:201)
	at org.openqa.selenium.support.ui.FluentWait.until(FluentWait.java:211)
	... 34 more

18:37:10.155 I am in onTestStart method addCommentOnTicket start
]]></system-out>
  </testcase>
  <testcase name="validateIssueComment" classname="tests.SupervisorAddCommentTest" time="0">
    <skipped message="Method SupervisorAddCommentTest.validateIssueComment(java.lang.reflect.Method)[pri:3, instance:tests.SupervisorAddCommentTest@4bd31064] depends on not successfully finished methods"/>
    <system-out><![CDATA[I am in on TestSkipped method addCommentOnTicket skipped
18:37:10.155 I am in onTestStart method validateIssueComment start
]]></system-out>
  </testcase>
  <testcase name="editComment" classname="tests.SupervisorAddCommentTest" time="0">
    <skipped message="Method SupervisorAddCommentTest.editComment()[pri:4, instance:tests.SupervisorAddCommentTest@4bd31064] depends on not successfully finished methods"/>
    <system-out><![CDATA[I am in on TestSkipped method validateIssueComment skipped
18:37:10.155 I am in onTestStart method editComment start
]]></system-out>
  </testcase>
  <testcase name="deleteLastAddedComment" classname="tests.SupervisorAddCommentTest" time="0">
    <skipped message="Method SupervisorAddCommentTest.deleteLastAddedComment()[pri:5, instance:tests.SupervisorAddCommentTest@4bd31064] depends on not successfully finished methods"/>
    <system-out><![CDATA[I am in on TestSkipped method editComment skipped
18:37:10.155 I am in onTestStart method deleteLastAddedComment start
]]></system-out>
  </testcase>
  <testcase name="openTemplateManagement" classname="tests.CreateTemplateTest" time="8.162"/>
  <testcase name="ValidateAddTemplateManagementPage" classname="tests.CreateTemplateTest" time="1.438"/>
  <testcase name="addTemplateCategory" classname="tests.CreateTemplateTest" time="27.43"/>
  <testcase name="createTemplate" classname="tests.CreateTemplateTest" time="30.544"/>
  <testcase name="validateAddedTemplate" classname="tests.CreateTemplateTest" time="16.929"/>
  <testcase name="openTemplateManagement" classname="tests.ViewTemplateTest" time="11.274"/>
  <testcase name="openViewCreatedTemplate" classname="tests.ViewTemplateTest" time="5.336"/>
  <testcase name="validateAgentChannel" classname="tests.ViewTemplateTest" time="0.88"/>
  <testcase name="validateRoles" classname="tests.ViewTemplateTest" time="1.416">
    <failure message="The following asserts failed:&#10;	cm supervisor Agent Roles should not display on UI as Agent channel not mention in config sheet.,&#10;	cs admin Agent Roles should not display on UI as Agent channel not mention in config sheet.,&#10;	cs user management Agent Roles should not display on UI as Agent channel not mention in config sheet.,&#10;	it admin zm Agent Roles should not display on UI as Agent channel not mention in config sheet.,&#10;	cs portal sms management Agent Roles should not display on UI as Agent channel not mention in config sheet.,&#10;	cs um it admin Agent Roles should not display on UI as Agent channel not mention in config sheet.,&#10;	kyc it admin Agent Roles should not display on UI as Agent channel not mention in config sheet.,&#10;	testdepartmentroles Agent Roles should not display on UI as Agent channel not mention in config sheet.,&#10;	departmenttest Agent Roles should not display on UI as Agent channel not mention in config sheet.,&#10;	cs beta user Agent Roles should not display on UI as Agent channel not mention in config sheet.,&#10;	cs sms management Agent Roles does not display on UI but present in config sheet." type="java.lang.AssertionError">java.lang.AssertionError: 
The following asserts failed:
	cm supervisor Agent Roles should not display on UI as Agent channel not mention in config sheet.,
	cs admin Agent Roles should not display on UI as Agent channel not mention in config sheet.,
	cs user management Agent Roles should not display on UI as Agent channel not mention in config sheet.,
	it admin zm Agent Roles should not display on UI as Agent channel not mention in config sheet.,
	cs portal sms management Agent Roles should not display on UI as Agent channel not mention in config sheet.,
	cs um it admin Agent Roles should not display on UI as Agent channel not mention in config sheet.,
	kyc it admin Agent Roles should not display on UI as Agent channel not mention in config sheet.,
	testdepartmentroles Agent Roles should not display on UI as Agent channel not mention in config sheet.,
	departmenttest Agent Roles should not display on UI as Agent channel not mention in config sheet.,
	cs beta user Agent Roles should not display on UI as Agent channel not mention in config sheet.,
	cs sms management Agent Roles does not display on UI but present in config sheet.
	at tests.ViewTemplateTest.validateRoles(ViewTemplateTest.java:104)
</failure>
    <system-out><![CDATA[18:39:54.581 I am in on TestSuccess method validateAgentChannel succeed
18:39:54.582 I am in onTestStart method validateRoles start
18:39:54.594 [main] INFO  pages.ViewCreatedTemplatePOM(49) - Clicking on Roles list
18:39:54.781 [main] INFO  pages.BasePage(74) - Clicking on elementBy.xpath: //mat-label[contains(text(),'Roles')]//ancestor::div[1]
List Size: 15
]]></system-out>
  </testcase>
  <testcase name="validateLanguage" classname="tests.ViewTemplateTest" time="0.874"/>
  <testcase name="validateTemplateLayout" classname="tests.ViewTemplateTest" time="2.144"/>
  <testcase name="deactivateTemplate" classname="tests.ViewTemplateTest" time="0.845"/>
  <testcase name="openUserManagementPage" classname="tests.userManagementTest" time="6.493"/>
  <testcase name="openEditUserPage" classname="tests.userManagementTest" time="50.004"/>
  <testcase name="getInteractionChannel" classname="tests.userManagementTest" time="3.739"/>
  <testcase name="getWorkflows" classname="tests.userManagementTest" time="3.674">
    <failure message="The following asserts failed:&#10;	sales and distribution workgroup should not display on UI as interaction channel not mention in config sheet.,&#10;	service recovery workgroup should not display on UI as interaction channel not mention in config sheet.,&#10;	close looping workgroup should not display on UI as interaction channel not mention in config sheet.,&#10;	it support workgroup should not display on UI as interaction channel not mention in config sheet.,&#10;	tsg workgroup does not display on UI but present in config sheet.,&#10;	tsg workgroup does not display on UI but present in config sheet.,&#10;	sales and distibution workgroup does not display on UI but present in config sheet.,&#10;	sales and distibution workgroup does not display on UI but present in config sheet.,&#10;	sales and distibution workgroup does not display on UI but present in config sheet.,&#10;	sales and distibution workgroup does not display on UI but present in config sheet.,&#10;	sales and distibution workgroup does not display on UI but present in config sheet.,&#10;	sales and distibution workgroup does not display on UI but present in config sheet.,&#10;	marketing workgroup does not display on UI but present in config sheet.,&#10;	marketing workgroup does not display on UI but present in config sheet.,&#10;	marketing workgroup does not display on UI but present in config sheet.,&#10;	marketing workgroup does not display on UI but present in config sheet.,&#10;	cs operations workgroup does not display on UI but present in config sheet.,&#10;	cs operations workgroup does not display on UI but present in config sheet.,&#10;	cs operations workgroup does not display on UI but present in config sheet.,&#10;	airtel money finance workgroup does not display on UI but present in config sheet.,&#10;	it  support workgroup does not display on UI but present in config sheet.,&#10;	it  support workgroup does not display on UI but present in config sheet.,&#10;	enteprise business workgroup does not display on UI but present in config sheet.,&#10;	enteprise business workgroup does not display on UI but present in config sheet.,&#10;	cs operations workgroup does not display on UI but present in config sheet.,&#10;	cs operations workgroup does not display on UI but present in config sheet.,&#10;	cs operations workgroup does not display on UI but present in config sheet.,&#10;	ericsson workgroup does not display on UI but present in config sheet.,&#10;	enteprise business workgroup does not display on UI but present in config sheet.,&#10;	it  support workgroup does not display on UI but present in config sheet.,&#10;	marketing workgroup does not display on UI but present in config sheet.,&#10;	tsg workgroup does not display on UI but present in config sheet." type="java.lang.AssertionError">java.lang.AssertionError: 
The following asserts failed:
	sales and distribution workgroup should not display on UI as interaction channel not mention in config sheet.,
	service recovery workgroup should not display on UI as interaction channel not mention in config sheet.,
	close looping workgroup should not display on UI as interaction channel not mention in config sheet.,
	it support workgroup should not display on UI as interaction channel not mention in config sheet.,
	tsg workgroup does not display on UI but present in config sheet.,
	tsg workgroup does not display on UI but present in config sheet.,
	sales and distibution workgroup does not display on UI but present in config sheet.,
	sales and distibution workgroup does not display on UI but present in config sheet.,
	sales and distibution workgroup does not display on UI but present in config sheet.,
	sales and distibution workgroup does not display on UI but present in config sheet.,
	sales and distibution workgroup does not display on UI but present in config sheet.,
	sales and distibution workgroup does not display on UI but present in config sheet.,
	marketing workgroup does not display on UI but present in config sheet.,
	marketing workgroup does not display on UI but present in config sheet.,
	marketing workgroup does not display on UI but present in config sheet.,
	marketing workgroup does not display on UI but present in config sheet.,
	cs operations workgroup does not display on UI but present in config sheet.,
	cs operations workgroup does not display on UI but present in config sheet.,
	cs operations workgroup does not display on UI but present in config sheet.,
	airtel money finance workgroup does not display on UI but present in config sheet.,
	it  support workgroup does not display on UI but present in config sheet.,
	it  support workgroup does not display on UI but present in config sheet.,
	enteprise business workgroup does not display on UI but present in config sheet.,
	enteprise business workgroup does not display on UI but present in config sheet.,
	cs operations workgroup does not display on UI but present in config sheet.,
	cs operations workgroup does not display on UI but present in config sheet.,
	cs operations workgroup does not display on UI but present in config sheet.,
	ericsson workgroup does not display on UI but present in config sheet.,
	enteprise business workgroup does not display on UI but present in config sheet.,
	it  support workgroup does not display on UI but present in config sheet.,
	marketing workgroup does not display on UI but present in config sheet.,
	tsg workgroup does not display on UI but present in config sheet.
	at tests.userManagementTest.getWorkflows(userManagementTest.java:119)
</failure>
    <system-out><![CDATA[18:41:01.232 I am in on TestSuccess method getInteractionChannel succeed
18:41:01.232 I am in onTestStart method getWorkflows start
18:41:01.403 [main] INFO  pages.userManagementPOM(117) - Opening Work Group Flow List
total elements 9
]]></system-out>
  </testcase>
  <testcase name="getLoginQueue" classname="tests.userManagementTest" time="4.185">
    <failure message="The following asserts failed:&#10;	bank to wallet reversals ticketPool should not display on UI as interaction channel not mention in config sheet.,&#10;	bank to wallet  reversals ticketPool does not display on UI but present in config sheet.,&#10;	technical support corprate customers ticketPool does not display on UI but present in config sheet.,&#10;	enterprise billing ticketPool does not display on UI but present in config sheet.,&#10;	airtel money_cs ticketPool does not display on UI but present in config sheet.,&#10;	airtel money_operations ticketPool does not display on UI but present in config sheet.,&#10;	ericsson ticketPool does not display on UI but present in config sheet.,&#10;	credit control ticketPool does not display on UI but present in config sheet.,&#10;	it ticketPool does not display on UI but present in config sheet.,&#10;	marketing ticketPool does not display on UI but present in config sheet.,&#10;	tsg ticketPool does not display on UI but present in config sheet." type="java.lang.AssertionError">java.lang.AssertionError: 
The following asserts failed:
	bank to wallet reversals ticketPool should not display on UI as interaction channel not mention in config sheet.,
	bank to wallet  reversals ticketPool does not display on UI but present in config sheet.,
	technical support corprate customers ticketPool does not display on UI but present in config sheet.,
	enterprise billing ticketPool does not display on UI but present in config sheet.,
	airtel money_cs ticketPool does not display on UI but present in config sheet.,
	airtel money_operations ticketPool does not display on UI but present in config sheet.,
	ericsson ticketPool does not display on UI but present in config sheet.,
	credit control ticketPool does not display on UI but present in config sheet.,
	it ticketPool does not display on UI but present in config sheet.,
	marketing ticketPool does not display on UI but present in config sheet.,
	tsg ticketPool does not display on UI but present in config sheet.
	at tests.userManagementTest.getLoginQueue(userManagementTest.java:154)
</failure>
    <system-out><![CDATA[18:41:04.906 I am in on TestFailure method getWorkflows failed
java.lang.AssertionError: The following asserts failed:
	sales and distribution workgroup should not display on UI as interaction channel not mention in config sheet.,
	service recovery workgroup should not display on UI as interaction channel not mention in config sheet.,
	close looping workgroup should not display on UI as interaction channel not mention in config sheet.,
	it support workgroup should not display on UI as interaction channel not mention in config sheet.,
	tsg workgroup does not display on UI but present in config sheet.,
	tsg workgroup does not display on UI but present in config sheet.,
	sales and distibution workgroup does not display on UI but present in config sheet.,
	sales and distibution workgroup does not display on UI but present in config sheet.,
	sales and distibution workgroup does not display on UI but present in config sheet.,
	sales and distibution workgroup does not display on UI but present in config sheet.,
	sales and distibution workgroup does not display on UI but present in config sheet.,
	sales and distibution workgroup does not display on UI but present in config sheet.,
	marketing workgroup does not display on UI but present in config sheet.,
	marketing workgroup does not display on UI but present in config sheet.,
	marketing workgroup does not display on UI but present in config sheet.,
	marketing workgroup does not display on UI but present in config sheet.,
	cs operations workgroup does not display on UI but present in config sheet.,
	cs operations workgroup does not display on UI but present in config sheet.,
	cs operations workgroup does not display on UI but present in config sheet.,
	airtel money finance workgroup does not display on UI but present in config sheet.,
	it  support workgroup does not display on UI but present in config sheet.,
	it  support workgroup does not display on UI but present in config sheet.,
	enteprise business workgroup does not display on UI but present in config sheet.,
	enteprise business workgroup does not display on UI but present in config sheet.,
	cs operations workgroup does not display on UI but present in config sheet.,
	cs operations workgroup does not display on UI but present in config sheet.,
	cs operations workgroup does not display on UI but present in config sheet.,
	ericsson workgroup does not display on UI but present in config sheet.,
	enteprise business workgroup does not display on UI but present in config sheet.,
	it  support workgroup does not display on UI but present in config sheet.,
	marketing workgroup does not display on UI but present in config sheet.,
	tsg workgroup does not display on UI but present in config sheet.
	at org.testng.asserts.SoftAssert.assertAll(SoftAssert.java:47)
	at org.testng.asserts.SoftAssert.assertAll(SoftAssert.java:31)
	at tests.userManagementTest.getWorkflows(userManagementTest.java:119)
	at sun.reflect.NativeMethodAccessorImpl.invoke0(Native Method)
	at sun.reflect.NativeMethodAccessorImpl.invoke(NativeMethodAccessorImpl.java:62)
	at sun.reflect.DelegatingMethodAccessorImpl.invoke(DelegatingMethodAccessorImpl.java:43)
	at java.lang.reflect.Method.invoke(Method.java:498)
	at org.testng.internal.MethodInvocationHelper.invokeMethod(MethodInvocationHelper.java:133)
	at org.testng.internal.TestInvoker.invokeMethod(TestInvoker.java:584)
	at org.testng.internal.TestInvoker.invokeTestMethod(TestInvoker.java:172)
	at org.testng.internal.MethodRunner.runInSequence(MethodRunner.java:46)
	at org.testng.internal.TestInvoker$MethodInvocationAgent.invoke(TestInvoker.java:804)
	at org.testng.internal.TestInvoker.invokeTestMethods(TestInvoker.java:145)
	at org.testng.internal.TestMethodWorker.invokeTestMethods(TestMethodWorker.java:146)
	at org.testng.internal.TestMethodWorker.run(TestMethodWorker.java:128)
	at java.util.ArrayList.forEach(ArrayList.java:1257)
	at org.testng.TestRunner.privateRun(TestRunner.java:770)
	at org.testng.TestRunner.run(TestRunner.java:591)
	at org.testng.SuiteRunner.runTest(SuiteRunner.java:402)
	at org.testng.SuiteRunner.runSequentially(SuiteRunner.java:396)
	at org.testng.SuiteRunner.privateRun(SuiteRunner.java:355)
	at org.testng.SuiteRunner.run(SuiteRunner.java:304)
	at org.testng.SuiteRunnerWorker.runSuite(SuiteRunnerWorker.java:53)
	at org.testng.SuiteRunnerWorker.run(SuiteRunnerWorker.java:96)
	at org.testng.TestNG.runSuitesSequentially(TestNG.java:1180)
	at org.testng.TestNG.runSuitesLocally(TestNG.java:1102)
	at org.testng.TestNG.runSuites(TestNG.java:1032)
	at org.testng.TestNG.run(TestNG.java:1000)
	at org.apache.maven.surefire.testng.TestNGExecutor.run(TestNGExecutor.java:283)
	at org.apache.maven.surefire.testng.TestNGXmlTestSuite.execute(TestNGXmlTestSuite.java:75)
	at org.apache.maven.surefire.testng.TestNGProvider.invoke(TestNGProvider.java:120)
	at org.apache.maven.surefire.booter.ForkedBooter.invokeProviderInSameClassLoader(ForkedBooter.java:384)
	at org.apache.maven.surefire.booter.ForkedBooter.runSuitesInProcess(ForkedBooter.java:345)
	at org.apache.maven.surefire.booter.ForkedBooter.execute(ForkedBooter.java:126)
	at org.apache.maven.surefire.booter.ForkedBooter.main(ForkedBooter.java:418)

18:41:05.385 I am in onTestStart method getLoginQueue start
18:41:05.547 [main] INFO  pages.userManagementPOM(126) - Opening Login QueueFlow List
total elements 24
]]></system-out>
  </testcase>
  <testcase name="changeBucketSize" classname="tests.userManagementTest" time="36.622"/>
  <testcase name="openProfileManagementPage" classname="tests.profileManagementTest" time="8.448"/>
  <testcase name="configurationFilterTest" classname="tests.profileManagementTest" time="33.559"/>
  <testcase name="roleStatusFilterTest" classname="tests.profileManagementTest" time="70.976"/>
  <testcase name="widgetOrderTest" classname="tests.profileManagementTest" time="40.43">
    <failure message="Expected condition failed: waiting for presence of element located by: By.xpath: //span[@class=&quot;order-no ng-star-inserted&quot;and contains(text(),&quot;7&quot;)]/ancestor::div[@class=&quot;widgetDataTable&quot;]/div[1] (tried for 20 second(s) with 500 milliseconds interval)" type="org.openqa.selenium.TimeoutException">org.openqa.selenium.TimeoutException: Expected condition failed: waiting for presence of element located by: By.xpath: //span[@class="order-no ng-star-inserted"and contains(text(),"7")]/ancestor::div[@class="widgetDataTable"]/div[1] (tried for 20 second(s) with 500 milliseconds interval)
	at tests.profileManagementTest.widgetOrderTest(profileManagementTest.java:104)
Caused by: org.openqa.selenium.NoSuchElementException: 
no such element: Unable to locate element: {"method":"xpath","selector":"//span[@class="order-no ng-star-inserted"and contains(text(),"7")]/ancestor::div[@class="widgetDataTable"]/div[1]"}
  (Session info: headless chrome=89.0.4389.90)
For documentation on this error, please visit: https://www.seleniumhq.org/exceptions/no_such_element.html
Build info: version: '4.0.0-alpha-3', revision: '8c567de6dc'
System info: host: 'LT2394650', ip: '172.23.64.219', os.name: 'Windows 10', os.arch: 'amd64', os.version: '10.0', java.version: '1.8.0_231'
Driver info: org.openqa.selenium.chrome.ChromeDriver
Capabilities {acceptInsecureCerts: true, browserName: chrome, browserVersion: 89.0.4389.90, chrome: {chromedriverVersion: 89.0.4389.23 (61b08ee2c5002..., userDataDir: C:\Users\2394650\AppData\Lo...}, goog:chromeOptions: {debuggerAddress: localhost:52187}, javascriptEnabled: true, networkConnectionEnabled: false, pageLoadStrategy: normal, platform: WINDOWS, platformName: WINDOWS, proxy: Proxy(), setWindowRect: true, strictFileInteractability: false, timeouts: {implicit: 0, pageLoad: 300000, script: 30000}, unhandledPromptBehavior: dismiss and notify, webauthn:extension:largeBlob: true, webauthn:virtualAuthenticators: true}
Session ID: 9bddb60362793b98befcaaba70e29dcd
*** Element info: {Using=xpath, value=//span[@class="order-no ng-star-inserted"and contains(text(),"7")]/ancestor::div[@class="widgetDataTable"]/div[1]}
	at tests.profileManagementTest.widgetOrderTest(profileManagementTest.java:104)
</failure>
    <system-out><![CDATA[18:43:40.255 I am in on TestSuccess method roleStatusFilterTest succeed
18:43:40.377 [main] INFO  Utils.DataProviders.DataProviders(244) - User Type ALL
18:43:40.378 [main] INFO  Utils.DataProviders.DataProviders(247) - User Type ADDED ALL
18:43:40.378 [main] INFO  Utils.DataProviders.DataProviders(244) - User Type BA
18:43:40.378 [main] INFO  Utils.DataProviders.DataProviders(250) - NO USER FOUND
18:43:40.379 [main] INFO  Utils.DataProviders.DataProviders(244) - User Type API
18:43:40.379 [main] INFO  Utils.DataProviders.DataProviders(250) - NO USER FOUND
18:43:40.379 [main] INFO  Utils.DataProviders.DataProviders(244) - User Type NFTR
18:43:40.380 [main] INFO  Utils.DataProviders.DataProviders(250) - NO USER FOUND
18:43:40.381 I am in onTestStart method widgetOrderTest start
18:43:41.351 [main] INFO  pages.profileManagementPOM(71) - Clicking on view/Edit button for Role : Advisor Supervisor
4
18:43:41.428 [main] INFO  pages.profileManagementPOM(75) - Found Role Advisor Supervisor
18:43:42.325 [main] INFO  pages.profileManagementPOM(77) - Clicked on view/Edit button for Role : Advisor Supervisor
18:43:42.325 [main] INFO  pages.BasePage(328) - Waiting for loader to be removed
18:43:57.942 [main] INFO  pages.BasePage(328) - Loader Removed
18:43:58.105 [main] INFO  pages.profileManagementPOM(90) - Getting number of Widgets : 7
18:43:58.105 [main] INFO  pages.profileManagementPOM(84) - Getting name for widget with order no : 1
18:43:58.277 [main] INFO  pages.profileManagementPOM(84) - Getting name for widget with order no : 2
18:43:58.446 [main] INFO  pages.profileManagementPOM(84) - Getting name for widget with order no : 3
18:43:58.615 [main] INFO  pages.profileManagementPOM(84) - Getting name for widget with order no : 4
18:43:58.778 [main] INFO  pages.profileManagementPOM(84) - Getting name for widget with order no : 5
18:43:58.932 [main] INFO  pages.profileManagementPOM(84) - Getting name for widget with order no : 6
18:43:59.079 [main] INFO  pages.profileManagementPOM(84) - Getting name for widget with order no : 7
]]></system-out>
  </testcase>
  <testcase name="LoggingIN" classname="tests.BackendAgentLoginTest" time="52.631"/>
  <testcase name="agentQueueLogin" classname="tests.BackendAgentLoginTest" time="39.42"/>
  <testcase name="ValidateTicket" classname="tests.BackendAgentLoginTest" time="9.303"/>
  <testcase name="agentQueueLogin" classname="tests.BackendAgentFilterTest" time="39.951"/>
  <testcase name="validateFilter" classname="tests.BackendAgentFilterTest" time="10.424"/>
  <testcase name="updateTicket" classname="tests.BackendAgentUpdateTicket" time="58.147"/>
  <testcase name="agentQueueLogin" classname="tests.BackendAgentAddComment" time="39.652"/>
  <testcase name="addNewComment" classname="tests.BackendAgentAddComment" time="20.421"/>
  <testcase name="validateIssueCommentBS" classname="tests.BackendAgentAddComment" time="0.646"/>
  <testcase name="editComment" classname="tests.BackendAgentAddComment" time="19.133"/>
  <testcase name="deleteLastAddedComment" classname="tests.BackendAgentAddComment" time="35.834"/>
</testsuite>