<?xml version="1.0" encoding="UTF-8"?>
<testsuite xmlns:xsi="http://www.w3.org/2001/XMLSchema-instance" xsi:noNamespaceSchemaLocation="https://maven.apache.org/surefire/maven-surefire-plugin/xsd/surefire-test-report-3.0.xsd" version="3.0" name="TestSuite" time="80.929" tests="716" errors="0" skipped="672" failures="44">
  <properties>
    <property name="sun.desktop" value="windows"/>
    <property name="awt.toolkit" value="sun.awt.windows.WToolkit"/>
    <property name="file.encoding.pkg" value="sun.io"/>
    <property name="java.specification.version" value="1.8"/>
    <property name="sun.cpu.isalist" value="amd64"/>
    <property name="sun.jnu.encoding" value="Cp1252"/>
    <property name="Opco" value="MW"/>
    <property name="java.class.path" value="C:\Users\2394650\IdeaProjects\cs-portal-automation_selenium1\target\test-classes;C:\Users\2394650\IdeaProjects\cs-portal-automation_selenium1\target\classes;C:\Users\2394650\.m2\repository\org\seleniumhq\selenium\selenium-java\4.0.0-alpha-3\selenium-java-4.0.0-alpha-3.jar;C:\Users\2394650\.m2\repository\org\seleniumhq\selenium\selenium-api\4.0.0-alpha-3\selenium-api-4.0.0-alpha-3.jar;C:\Users\2394650\.m2\repository\org\seleniumhq\selenium\selenium-chrome-driver\4.0.0-alpha-3\selenium-chrome-driver-4.0.0-alpha-3.jar;C:\Users\2394650\.m2\repository\com\google\guava\guava\27.1-jre\guava-27.1-jre.jar;C:\Users\2394650\.m2\repository\com\google\guava\failureaccess\1.0.1\failureaccess-1.0.1.jar;C:\Users\2394650\.m2\repository\com\google\guava\listenablefuture\9999.0-empty-to-avoid-conflict-with-guava\listenablefuture-9999.0-empty-to-avoid-conflict-with-guava.jar;C:\Users\2394650\.m2\repository\org\checkerframework\checker-qual\2.5.2\checker-qual-2.5.2.jar;C:\Users\2394650\.m2\repository\com\google\errorprone\error_prone_annotations\2.2.0\error_prone_annotations-2.2.0.jar;C:\Users\2394650\.m2\repository\com\google\j2objc\j2objc-annotations\1.1\j2objc-annotations-1.1.jar;C:\Users\2394650\.m2\repository\org\codehaus\mojo\animal-sniffer-annotations\1.17\animal-sniffer-annotations-1.17.jar;C:\Users\2394650\.m2\repository\org\seleniumhq\selenium\selenium-chromium-driver\4.0.0-alpha-3\selenium-chromium-driver-4.0.0-alpha-3.jar;C:\Users\2394650\.m2\repository\org\seleniumhq\selenium\selenium-devtools\4.0.0-alpha-3\selenium-devtools-4.0.0-alpha-3.jar;C:\Users\2394650\.m2\repository\org\seleniumhq\selenium\selenium-http\4.0.0-alpha-3\selenium-http-4.0.0-alpha-3.jar;C:\Users\2394650\.m2\repository\org\seleniumhq\selenium\selenium-json\4.0.0-alpha-3\selenium-json-4.0.0-alpha-3.jar;C:\Users\2394650\.m2\repository\org\seleniumhq\selenium\selenium-edge-driver\4.0.0-alpha-3\selenium-edge-driver-4.0.0-alpha-3.jar;C:\Users\2394650\.m2\repository\org\seleniumhq\selenium\selenium-edgehtml-driver\4.0.0-alpha-3\selenium-edgehtml-driver-4.0.0-alpha-3.jar;C:\Users\2394650\.m2\repository\org\seleniumhq\selenium\selenium-firefox-driver\4.0.0-alpha-3\selenium-firefox-driver-4.0.0-alpha-3.jar;C:\Users\2394650\.m2\repository\org\seleniumhq\selenium\selenium-firefox-xpi-driver\4.0.0-alpha-3\selenium-firefox-xpi-driver-4.0.0-alpha-3.jar;C:\Users\2394650\.m2\repository\org\seleniumhq\selenium\selenium-ie-driver\4.0.0-alpha-3\selenium-ie-driver-4.0.0-alpha-3.jar;C:\Users\2394650\.m2\repository\org\seleniumhq\selenium\selenium-opera-driver\4.0.0-alpha-3\selenium-opera-driver-4.0.0-alpha-3.jar;C:\Users\2394650\.m2\repository\org\seleniumhq\selenium\selenium-remote-driver\4.0.0-alpha-3\selenium-remote-driver-4.0.0-alpha-3.jar;C:\Users\2394650\.m2\repository\com\squareup\okhttp3\okhttp\4.0.1\okhttp-4.0.1.jar;C:\Users\2394650\.m2\repository\com\squareup\okio\okio\2.2.2\okio-2.2.2.jar;C:\Users\2394650\.m2\repository\org\jetbrains\kotlin\kotlin-stdlib\1.3.40\kotlin-stdlib-1.3.40.jar;C:\Users\2394650\.m2\repository\org\jetbrains\kotlin\kotlin-stdlib-common\1.3.40\kotlin-stdlib-common-1.3.40.jar;C:\Users\2394650\.m2\repository\org\jetbrains\annotations\13.0\annotations-13.0.jar;C:\Users\2394650\.m2\repository\io\opentracing\opentracing-api\0.33.0\opentracing-api-0.33.0.jar;C:\Users\2394650\.m2\repository\net\bytebuddy\byte-buddy\1.9.12\byte-buddy-1.9.12.jar;C:\Users\2394650\.m2\repository\org\apache\commons\commons-exec\1.3\commons-exec-1.3.jar;C:\Users\2394650\.m2\repository\org\seleniumhq\selenium\selenium-safari-driver\4.0.0-alpha-3\selenium-safari-driver-4.0.0-alpha-3.jar;C:\Users\2394650\.m2\repository\org\seleniumhq\selenium\selenium-support\4.0.0-alpha-3\selenium-support-4.0.0-alpha-3.jar;C:\Users\2394650\.m2\repository\org\hamcrest\java-hamcrest\2.0.0.0\java-hamcrest-2.0.0.0.jar;C:\Users\2394650\.m2\repository\commons-cli\commons-cli\1.4\commons-cli-1.4.jar;C:\Users\2394650\.m2\repository\com\fasterxml\jackson\core\jackson-core\2.10.2\jackson-core-2.10.2.jar;C:\Users\2394650\.m2\repository\com\fasterxml\jackson\core\jackson-databind\2.9.8\jackson-databind-2.9.8.jar;C:\Users\2394650\.m2\repository\com\fasterxml\jackson\core\jackson-annotations\2.9.0\jackson-annotations-2.9.0.jar;C:\Users\2394650\.m2\repository\org\hamcrest\hamcrest-all\1.3\hamcrest-all-1.3.jar;C:\Users\2394650\.m2\repository\org\hamcrest\hamcrest\2.2\hamcrest-2.2.jar;C:\Users\2394650\.m2\repository\io\rest-assured\rest-assured\3.3.0\rest-assured-3.3.0.jar;C:\Users\2394650\.m2\repository\org\codehaus\groovy\groovy\2.4.15\groovy-2.4.15.jar;C:\Users\2394650\.m2\repository\org\codehaus\groovy\groovy-xml\2.4.15\groovy-xml-2.4.15.jar;C:\Users\2394650\.m2\repository\org\apache\httpcomponents\httpclient\4.5.3\httpclient-4.5.3.jar;C:\Users\2394650\.m2\repository\org\apache\httpcomponents\httpcore\4.4.6\httpcore-4.4.6.jar;C:\Users\2394650\.m2\repository\commons-logging\commons-logging\1.2\commons-logging-1.2.jar;C:\Users\2394650\.m2\repository\commons-codec\commons-codec\1.9\commons-codec-1.9.jar;C:\Users\2394650\.m2\repository\org\apache\httpcomponents\httpmime\4.5.3\httpmime-4.5.3.jar;C:\Users\2394650\.m2\repository\org\hamcrest\hamcrest-core\1.3\hamcrest-core-1.3.jar;C:\Users\2394650\.m2\repository\org\hamcrest\hamcrest-library\1.3\hamcrest-library-1.3.jar;C:\Users\2394650\.m2\repository\org\ccil\cowan\tagsoup\tagsoup\1.2.1\tagsoup-1.2.1.jar;C:\Users\2394650\.m2\repository\io\rest-assured\xml-path\3.3.0\xml-path-3.3.0.jar;C:\Users\2394650\.m2\repository\javax\xml\bind\jaxb-api\2.2.12\jaxb-api-2.2.12.jar;C:\Users\2394650\.m2\repository\com\sun\xml\bind\jaxb-osgi\2.2.10\jaxb-osgi-2.2.10.jar;C:\Users\2394650\.m2\repository\org\apache\sling\org.apache.sling.javax.activation\0.1.0\org.apache.sling.javax.activation-0.1.0.jar;C:\Users\2394650\.m2\repository\javax\activation\activation\1.1.1\activation-1.1.1.jar;C:\Users\2394650\.m2\repository\io\rest-assured\json-path\4.2.0\json-path-4.2.0.jar;C:\Users\2394650\.m2\repository\org\codehaus\groovy\groovy-json\2.5.8\groovy-json-2.5.8.jar;C:\Users\2394650\.m2\repository\io\rest-assured\rest-assured-common\4.2.0\rest-assured-common-4.2.0.jar;C:\Users\2394650\.m2\repository\commons-io\commons-io\2.6\commons-io-2.6.jar;C:\Users\2394650\.m2\repository\io\rest-assured\json-schema-validator\4.2.0\json-schema-validator-4.2.0.jar;C:\Users\2394650\.m2\repository\com\github\java-json-tools\json-schema-validator\2.2.10\json-schema-validator-2.2.10.jar;C:\Users\2394650\.m2\repository\com\github\java-json-tools\json-schema-core\1.2.10\json-schema-core-1.2.10.jar;C:\Users\2394650\.m2\repository\com\github\java-json-tools\jackson-coreutils\1.9\jackson-coreutils-1.9.jar;C:\Users\2394650\.m2\repository\com\github\fge\msg-simple\1.1\msg-simple-1.1.jar;C:\Users\2394650\.m2\repository\com\github\fge\btf\1.2\btf-1.2.jar;C:\Users\2394650\.m2\repository\com\github\fge\uri-template\0.9\uri-template-0.9.jar;C:\Users\2394650\.m2\repository\org\mozilla\rhino\1.7.7.1\rhino-1.7.7.1.jar;C:\Users\2394650\.m2\repository\javax\mail\mailapi\1.4.3\mailapi-1.4.3.jar;C:\Users\2394650\.m2\repository\joda-time\joda-time\2.9.7\joda-time-2.9.7.jar;C:\Users\2394650\.m2\repository\com\googlecode\libphonenumber\libphonenumber\8.0.0\libphonenumber-8.0.0.jar;C:\Users\2394650\.m2\repository\com\google\code\findbugs\jsr305\3.0.1\jsr305-3.0.1.jar;C:\Users\2394650\.m2\repository\net\sf\jopt-simple\jopt-simple\5.0.3\jopt-simple-5.0.3.jar;C:\Users\2394650\.m2\repository\org\codehaus\jackson\jackson-core-asl\1.9.13\jackson-core-asl-1.9.13.jar;C:\Users\2394650\.m2\repository\org\codehaus\jackson\jackson-mapper-lgpl\1.9.13\jackson-mapper-lgpl-1.9.13.jar;C:\Users\2394650\.m2\repository\org\codehaus\jackson\jackson-core-lgpl\1.9.13\jackson-core-lgpl-1.9.13.jar;C:\Users\2394650\.m2\repository\org\testng\testng\7.0.0\testng-7.0.0.jar;C:\Users\2394650\.m2\repository\com\beust\jcommander\1.72\jcommander-1.72.jar;C:\Users\2394650\.m2\repository\org\apache\logging\log4j\log4j-api\2.13.3\log4j-api-2.13.3.jar;C:\Users\2394650\.m2\repository\org\apache\logging\log4j\log4j-core\2.13.3\log4j-core-2.13.3.jar;C:\Users\2394650\.m2\repository\org\apache\commons\commons-lang3\3.9\commons-lang3-3.9.jar;C:\Users\2394650\.m2\repository\org\apache\poi\poi-ooxml\4.1.0\poi-ooxml-4.1.0.jar;C:\Users\2394650\.m2\repository\org\apache\poi\poi\4.1.0\poi-4.1.0.jar;C:\Users\2394650\.m2\repository\org\apache\commons\commons-collections4\4.3\commons-collections4-4.3.jar;C:\Users\2394650\.m2\repository\org\apache\commons\commons-math3\3.6.1\commons-math3-3.6.1.jar;C:\Users\2394650\.m2\repository\org\apache\poi\poi-ooxml-schemas\4.1.0\poi-ooxml-schemas-4.1.0.jar;C:\Users\2394650\.m2\repository\org\apache\xmlbeans\xmlbeans\3.1.0\xmlbeans-3.1.0.jar;C:\Users\2394650\.m2\repository\org\apache\commons\commons-compress\1.18\commons-compress-1.18.jar;C:\Users\2394650\.m2\repository\com\github\virtuald\curvesapi\1.06\curvesapi-1.06.jar;C:\Users\2394650\.m2\repository\org\projectlombok\lombok\1.18.12\lombok-1.18.12.jar;C:\Users\2394650\.m2\repository\com\relevantcodes\extentreports\2.41.2\extentreports-2.41.2.jar;C:\Users\2394650\.m2\repository\org\jsoup\jsoup\1.8.3\jsoup-1.8.3.jar;C:\Users\2394650\.m2\repository\org\xerial\sqlite-jdbc\3.8.11.1\sqlite-jdbc-3.8.11.1.jar;C:\Users\2394650\.m2\repository\org\freemarker\freemarker\2.3.23\freemarker-2.3.23.jar;C:\Users\2394650\.m2\repository\org\mongodb\mongodb-driver\3.0.4\mongodb-driver-3.0.4.jar;C:\Users\2394650\.m2\repository\org\mongodb\bson\3.0.4\bson-3.0.4.jar;C:\Users\2394650\.m2\repository\org\mongodb\mongodb-driver-core\3.0.4\mongodb-driver-core-3.0.4.jar;C:\Users\2394650\.m2\repository\io\github\bonigarcia\webdrivermanager\4.2.2\webdrivermanager-4.2.2.jar;C:\Users\2394650\.m2\repository\org\slf4j\slf4j-api\1.7.30\slf4j-api-1.7.30.jar;C:\Users\2394650\.m2\repository\com\google\code\gson\gson\2.8.6\gson-2.8.6.jar;C:\Users\2394650\.m2\repository\org\apache\httpcomponents\client5\httpclient5\5.0.1\httpclient5-5.0.1.jar;C:\Users\2394650\.m2\repository\org\apache\httpcomponents\core5\httpcore5\5.0.1\httpcore5-5.0.1.jar;C:\Users\2394650\.m2\repository\org\apache\httpcomponents\core5\httpcore5-h2\5.0.1\httpcore5-h2-5.0.1.jar;C:\Users\2394650\.m2\repository\org\rauschig\jarchivelib\1.1.0\jarchivelib-1.1.0.jar;"/>
    <property name="java.vm.vendor" value="Oracle Corporation"/>
    <property name="sun.arch.data.model" value="64"/>
    <property name="user.variant" value=""/>
    <property name="java.vendor.url" value="http://java.oracle.com/"/>
    <property name="user.timezone" value="Asia/Calcutta"/>
    <property name="java.vm.specification.version" value="1.8"/>
    <property name="os.name" value="Windows 10"/>
    <property name="user.country" value="US"/>
    <property name="sun.java.launcher" value="SUN_STANDARD"/>
    <property name="sun.boot.library.path" value="C:\Program Files\Java\jdk1.8.0_231\jre\bin"/>
    <property name="sun.java.command" value="C:\Users\2394650\AppData\Local\Temp\surefire7891993542933368906\surefirebooter2371052841683896284.jar C:\Users\2394650\AppData\Local\Temp\surefire7891993542933368906 2021-03-21T03-24-30_105-jvmRun1 surefire2481271262479257152tmp surefire_01988552698880036905tmp"/>
    <property name="surefire.test.class.path" value="C:\Users\2394650\IdeaProjects\cs-portal-automation_selenium1\target\test-classes;C:\Users\2394650\IdeaProjects\cs-portal-automation_selenium1\target\classes;C:\Users\2394650\.m2\repository\org\seleniumhq\selenium\selenium-java\4.0.0-alpha-3\selenium-java-4.0.0-alpha-3.jar;C:\Users\2394650\.m2\repository\org\seleniumhq\selenium\selenium-api\4.0.0-alpha-3\selenium-api-4.0.0-alpha-3.jar;C:\Users\2394650\.m2\repository\org\seleniumhq\selenium\selenium-chrome-driver\4.0.0-alpha-3\selenium-chrome-driver-4.0.0-alpha-3.jar;C:\Users\2394650\.m2\repository\com\google\guava\guava\27.1-jre\guava-27.1-jre.jar;C:\Users\2394650\.m2\repository\com\google\guava\failureaccess\1.0.1\failureaccess-1.0.1.jar;C:\Users\2394650\.m2\repository\com\google\guava\listenablefuture\9999.0-empty-to-avoid-conflict-with-guava\listenablefuture-9999.0-empty-to-avoid-conflict-with-guava.jar;C:\Users\2394650\.m2\repository\org\checkerframework\checker-qual\2.5.2\checker-qual-2.5.2.jar;C:\Users\2394650\.m2\repository\com\google\errorprone\error_prone_annotations\2.2.0\error_prone_annotations-2.2.0.jar;C:\Users\2394650\.m2\repository\com\google\j2objc\j2objc-annotations\1.1\j2objc-annotations-1.1.jar;C:\Users\2394650\.m2\repository\org\codehaus\mojo\animal-sniffer-annotations\1.17\animal-sniffer-annotations-1.17.jar;C:\Users\2394650\.m2\repository\org\seleniumhq\selenium\selenium-chromium-driver\4.0.0-alpha-3\selenium-chromium-driver-4.0.0-alpha-3.jar;C:\Users\2394650\.m2\repository\org\seleniumhq\selenium\selenium-devtools\4.0.0-alpha-3\selenium-devtools-4.0.0-alpha-3.jar;C:\Users\2394650\.m2\repository\org\seleniumhq\selenium\selenium-http\4.0.0-alpha-3\selenium-http-4.0.0-alpha-3.jar;C:\Users\2394650\.m2\repository\org\seleniumhq\selenium\selenium-json\4.0.0-alpha-3\selenium-json-4.0.0-alpha-3.jar;C:\Users\2394650\.m2\repository\org\seleniumhq\selenium\selenium-edge-driver\4.0.0-alpha-3\selenium-edge-driver-4.0.0-alpha-3.jar;C:\Users\2394650\.m2\repository\org\seleniumhq\selenium\selenium-edgehtml-driver\4.0.0-alpha-3\selenium-edgehtml-driver-4.0.0-alpha-3.jar;C:\Users\2394650\.m2\repository\org\seleniumhq\selenium\selenium-firefox-driver\4.0.0-alpha-3\selenium-firefox-driver-4.0.0-alpha-3.jar;C:\Users\2394650\.m2\repository\org\seleniumhq\selenium\selenium-firefox-xpi-driver\4.0.0-alpha-3\selenium-firefox-xpi-driver-4.0.0-alpha-3.jar;C:\Users\2394650\.m2\repository\org\seleniumhq\selenium\selenium-ie-driver\4.0.0-alpha-3\selenium-ie-driver-4.0.0-alpha-3.jar;C:\Users\2394650\.m2\repository\org\seleniumhq\selenium\selenium-opera-driver\4.0.0-alpha-3\selenium-opera-driver-4.0.0-alpha-3.jar;C:\Users\2394650\.m2\repository\org\seleniumhq\selenium\selenium-remote-driver\4.0.0-alpha-3\selenium-remote-driver-4.0.0-alpha-3.jar;C:\Users\2394650\.m2\repository\com\squareup\okhttp3\okhttp\4.0.1\okhttp-4.0.1.jar;C:\Users\2394650\.m2\repository\com\squareup\okio\okio\2.2.2\okio-2.2.2.jar;C:\Users\2394650\.m2\repository\org\jetbrains\kotlin\kotlin-stdlib\1.3.40\kotlin-stdlib-1.3.40.jar;C:\Users\2394650\.m2\repository\org\jetbrains\kotlin\kotlin-stdlib-common\1.3.40\kotlin-stdlib-common-1.3.40.jar;C:\Users\2394650\.m2\repository\org\jetbrains\annotations\13.0\annotations-13.0.jar;C:\Users\2394650\.m2\repository\io\opentracing\opentracing-api\0.33.0\opentracing-api-0.33.0.jar;C:\Users\2394650\.m2\repository\net\bytebuddy\byte-buddy\1.9.12\byte-buddy-1.9.12.jar;C:\Users\2394650\.m2\repository\org\apache\commons\commons-exec\1.3\commons-exec-1.3.jar;C:\Users\2394650\.m2\repository\org\seleniumhq\selenium\selenium-safari-driver\4.0.0-alpha-3\selenium-safari-driver-4.0.0-alpha-3.jar;C:\Users\2394650\.m2\repository\org\seleniumhq\selenium\selenium-support\4.0.0-alpha-3\selenium-support-4.0.0-alpha-3.jar;C:\Users\2394650\.m2\repository\org\hamcrest\java-hamcrest\2.0.0.0\java-hamcrest-2.0.0.0.jar;C:\Users\2394650\.m2\repository\commons-cli\commons-cli\1.4\commons-cli-1.4.jar;C:\Users\2394650\.m2\repository\com\fasterxml\jackson\core\jackson-core\2.10.2\jackson-core-2.10.2.jar;C:\Users\2394650\.m2\repository\com\fasterxml\jackson\core\jackson-databind\2.9.8\jackson-databind-2.9.8.jar;C:\Users\2394650\.m2\repository\com\fasterxml\jackson\core\jackson-annotations\2.9.0\jackson-annotations-2.9.0.jar;C:\Users\2394650\.m2\repository\org\hamcrest\hamcrest-all\1.3\hamcrest-all-1.3.jar;C:\Users\2394650\.m2\repository\org\hamcrest\hamcrest\2.2\hamcrest-2.2.jar;C:\Users\2394650\.m2\repository\io\rest-assured\rest-assured\3.3.0\rest-assured-3.3.0.jar;C:\Users\2394650\.m2\repository\org\codehaus\groovy\groovy\2.4.15\groovy-2.4.15.jar;C:\Users\2394650\.m2\repository\org\codehaus\groovy\groovy-xml\2.4.15\groovy-xml-2.4.15.jar;C:\Users\2394650\.m2\repository\org\apache\httpcomponents\httpclient\4.5.3\httpclient-4.5.3.jar;C:\Users\2394650\.m2\repository\org\apache\httpcomponents\httpcore\4.4.6\httpcore-4.4.6.jar;C:\Users\2394650\.m2\repository\commons-logging\commons-logging\1.2\commons-logging-1.2.jar;C:\Users\2394650\.m2\repository\commons-codec\commons-codec\1.9\commons-codec-1.9.jar;C:\Users\2394650\.m2\repository\org\apache\httpcomponents\httpmime\4.5.3\httpmime-4.5.3.jar;C:\Users\2394650\.m2\repository\org\hamcrest\hamcrest-core\1.3\hamcrest-core-1.3.jar;C:\Users\2394650\.m2\repository\org\hamcrest\hamcrest-library\1.3\hamcrest-library-1.3.jar;C:\Users\2394650\.m2\repository\org\ccil\cowan\tagsoup\tagsoup\1.2.1\tagsoup-1.2.1.jar;C:\Users\2394650\.m2\repository\io\rest-assured\xml-path\3.3.0\xml-path-3.3.0.jar;C:\Users\2394650\.m2\repository\javax\xml\bind\jaxb-api\2.2.12\jaxb-api-2.2.12.jar;C:\Users\2394650\.m2\repository\com\sun\xml\bind\jaxb-osgi\2.2.10\jaxb-osgi-2.2.10.jar;C:\Users\2394650\.m2\repository\org\apache\sling\org.apache.sling.javax.activation\0.1.0\org.apache.sling.javax.activation-0.1.0.jar;C:\Users\2394650\.m2\repository\javax\activation\activation\1.1.1\activation-1.1.1.jar;C:\Users\2394650\.m2\repository\io\rest-assured\json-path\4.2.0\json-path-4.2.0.jar;C:\Users\2394650\.m2\repository\org\codehaus\groovy\groovy-json\2.5.8\groovy-json-2.5.8.jar;C:\Users\2394650\.m2\repository\io\rest-assured\rest-assured-common\4.2.0\rest-assured-common-4.2.0.jar;C:\Users\2394650\.m2\repository\commons-io\commons-io\2.6\commons-io-2.6.jar;C:\Users\2394650\.m2\repository\io\rest-assured\json-schema-validator\4.2.0\json-schema-validator-4.2.0.jar;C:\Users\2394650\.m2\repository\com\github\java-json-tools\json-schema-validator\2.2.10\json-schema-validator-2.2.10.jar;C:\Users\2394650\.m2\repository\com\github\java-json-tools\json-schema-core\1.2.10\json-schema-core-1.2.10.jar;C:\Users\2394650\.m2\repository\com\github\java-json-tools\jackson-coreutils\1.9\jackson-coreutils-1.9.jar;C:\Users\2394650\.m2\repository\com\github\fge\msg-simple\1.1\msg-simple-1.1.jar;C:\Users\2394650\.m2\repository\com\github\fge\btf\1.2\btf-1.2.jar;C:\Users\2394650\.m2\repository\com\github\fge\uri-template\0.9\uri-template-0.9.jar;C:\Users\2394650\.m2\repository\org\mozilla\rhino\1.7.7.1\rhino-1.7.7.1.jar;C:\Users\2394650\.m2\repository\javax\mail\mailapi\1.4.3\mailapi-1.4.3.jar;C:\Users\2394650\.m2\repository\joda-time\joda-time\2.9.7\joda-time-2.9.7.jar;C:\Users\2394650\.m2\repository\com\googlecode\libphonenumber\libphonenumber\8.0.0\libphonenumber-8.0.0.jar;C:\Users\2394650\.m2\repository\com\google\code\findbugs\jsr305\3.0.1\jsr305-3.0.1.jar;C:\Users\2394650\.m2\repository\net\sf\jopt-simple\jopt-simple\5.0.3\jopt-simple-5.0.3.jar;C:\Users\2394650\.m2\repository\org\codehaus\jackson\jackson-core-asl\1.9.13\jackson-core-asl-1.9.13.jar;C:\Users\2394650\.m2\repository\org\codehaus\jackson\jackson-mapper-lgpl\1.9.13\jackson-mapper-lgpl-1.9.13.jar;C:\Users\2394650\.m2\repository\org\codehaus\jackson\jackson-core-lgpl\1.9.13\jackson-core-lgpl-1.9.13.jar;C:\Users\2394650\.m2\repository\org\testng\testng\7.0.0\testng-7.0.0.jar;C:\Users\2394650\.m2\repository\com\beust\jcommander\1.72\jcommander-1.72.jar;C:\Users\2394650\.m2\repository\org\apache\logging\log4j\log4j-api\2.13.3\log4j-api-2.13.3.jar;C:\Users\2394650\.m2\repository\org\apache\logging\log4j\log4j-core\2.13.3\log4j-core-2.13.3.jar;C:\Users\2394650\.m2\repository\org\apache\commons\commons-lang3\3.9\commons-lang3-3.9.jar;C:\Users\2394650\.m2\repository\org\apache\poi\poi-ooxml\4.1.0\poi-ooxml-4.1.0.jar;C:\Users\2394650\.m2\repository\org\apache\poi\poi\4.1.0\poi-4.1.0.jar;C:\Users\2394650\.m2\repository\org\apache\commons\commons-collections4\4.3\commons-collections4-4.3.jar;C:\Users\2394650\.m2\repository\org\apache\commons\commons-math3\3.6.1\commons-math3-3.6.1.jar;C:\Users\2394650\.m2\repository\org\apache\poi\poi-ooxml-schemas\4.1.0\poi-ooxml-schemas-4.1.0.jar;C:\Users\2394650\.m2\repository\org\apache\xmlbeans\xmlbeans\3.1.0\xmlbeans-3.1.0.jar;C:\Users\2394650\.m2\repository\org\apache\commons\commons-compress\1.18\commons-compress-1.18.jar;C:\Users\2394650\.m2\repository\com\github\virtuald\curvesapi\1.06\curvesapi-1.06.jar;C:\Users\2394650\.m2\repository\org\projectlombok\lombok\1.18.12\lombok-1.18.12.jar;C:\Users\2394650\.m2\repository\com\relevantcodes\extentreports\2.41.2\extentreports-2.41.2.jar;C:\Users\2394650\.m2\repository\org\jsoup\jsoup\1.8.3\jsoup-1.8.3.jar;C:\Users\2394650\.m2\repository\org\xerial\sqlite-jdbc\3.8.11.1\sqlite-jdbc-3.8.11.1.jar;C:\Users\2394650\.m2\repository\org\freemarker\freemarker\2.3.23\freemarker-2.3.23.jar;C:\Users\2394650\.m2\repository\org\mongodb\mongodb-driver\3.0.4\mongodb-driver-3.0.4.jar;C:\Users\2394650\.m2\repository\org\mongodb\bson\3.0.4\bson-3.0.4.jar;C:\Users\2394650\.m2\repository\org\mongodb\mongodb-driver-core\3.0.4\mongodb-driver-core-3.0.4.jar;C:\Users\2394650\.m2\repository\io\github\bonigarcia\webdrivermanager\4.2.2\webdrivermanager-4.2.2.jar;C:\Users\2394650\.m2\repository\org\slf4j\slf4j-api\1.7.30\slf4j-api-1.7.30.jar;C:\Users\2394650\.m2\repository\com\google\code\gson\gson\2.8.6\gson-2.8.6.jar;C:\Users\2394650\.m2\repository\org\apache\httpcomponents\client5\httpclient5\5.0.1\httpclient5-5.0.1.jar;C:\Users\2394650\.m2\repository\org\apache\httpcomponents\core5\httpcore5\5.0.1\httpcore5-5.0.1.jar;C:\Users\2394650\.m2\repository\org\apache\httpcomponents\core5\httpcore5-h2\5.0.1\httpcore5-h2-5.0.1.jar;C:\Users\2394650\.m2\repository\org\rauschig\jarchivelib\1.1.0\jarchivelib-1.1.0.jar;"/>
    <property name="sun.cpu.endian" value="little"/>
    <property name="user.home" value="C:\Users\2394650"/>
    <property name="user.language" value="en"/>
    <property name="java.specification.vendor" value="Oracle Corporation"/>
    <property name="java.home" value="C:\Program Files\Java\jdk1.8.0_231\jre"/>
    <property name="basedir" value="C:\Users\2394650\IdeaProjects\cs-portal-automation_selenium1"/>
    <property name="file.separator" value="\"/>
    <property name="line.separator" value="&#10;"/>
    <property name="java.vm.specification.vendor" value="Oracle Corporation"/>
    <property name="java.specification.name" value="Java Platform API Specification"/>
    <property name="java.awt.graphicsenv" value="sun.awt.Win32GraphicsEnvironment"/>
    <property name="idea.version2020.1.2" value="true"/>
    <property name="surefire.real.class.path" value="C:\Users\2394650\AppData\Local\Temp\surefire7891993542933368906\surefirebooter2371052841683896284.jar"/>
    <property name="sun.boot.class.path" value="C:\Program Files\Java\jdk1.8.0_231\jre\lib\resources.jar;C:\Program Files\Java\jdk1.8.0_231\jre\lib\rt.jar;C:\Program Files\Java\jdk1.8.0_231\jre\lib\sunrsasign.jar;C:\Program Files\Java\jdk1.8.0_231\jre\lib\jsse.jar;C:\Program Files\Java\jdk1.8.0_231\jre\lib\jce.jar;C:\Program Files\Java\jdk1.8.0_231\jre\lib\charsets.jar;C:\Program Files\Java\jdk1.8.0_231\jre\lib\jfr.jar;C:\Program Files\Java\jdk1.8.0_231\jre\classes"/>
    <property name="user.script" value=""/>
    <property name="sun.management.compiler" value="HotSpot 64-Bit Tiered Compilers"/>
    <property name="java.runtime.version" value="1.8.0_231-b11"/>
    <property name="user.name" value="2394650"/>
    <property name="path.separator" value=";"/>
    <property name="Env" value="UAT"/>
    <property name="os.version" value="10.0"/>
    <property name="java.endorsed.dirs" value="C:\Program Files\Java\jdk1.8.0_231\jre\lib\endorsed"/>
    <property name="java.runtime.name" value="Java(TM) SE Runtime Environment"/>
    <property name="file.encoding" value="Cp1252"/>
    <property name="java.vm.name" value="Java HotSpot(TM) 64-Bit Server VM"/>
    <property name="localRepository" value="C:\Users\2394650\.m2\repository"/>
    <property name="java.vendor.url.bug" value="http://bugreport.sun.com/bugreport/"/>
    <property name="java.io.tmpdir" value="C:\Users\2394650\AppData\Local\Temp\"/>
    <property name="java.version" value="1.8.0_231"/>
    <property name="user.dir" value="C:\Users\2394650\IdeaProjects\cs-portal-automation_selenium1"/>
    <property name="os.arch" value="amd64"/>
    <property name="java.vm.specification.name" value="Java Virtual Machine Specification"/>
    <property name="java.awt.printerjob" value="sun.awt.windows.WPrinterJob"/>
    <property name="suiteType" value="Regression"/>
    <property name="sun.os.patch.level" value=""/>
    <property name="java.library.path" value="C:\Program Files\Java\jdk1.8.0_231\jre\bin;C:\windows\Sun\Java\bin;C:\windows\system32;C:\windows;C:\Program Files (x86)\Common Files\Oracle\Java\javapath;C:\windows\system32;C:\windows;C:\windows\System32\Wbem;C:\windows\System32\WindowsPowerShell\v1.0\;C:\windows\System32\OpenSSH\;C:\Program Files\nodejs\;C:\Program Files\PuTTY\;C:\Users\2394650\AppData\Local\Microsoft\WindowsApps;C:\Users\2394650\AppData\Roaming\npm;C:\Users\2394650\AppData\Local\Programs\Git\cmd;."/>
    <property name="java.vm.info" value="mixed mode"/>
    <property name="java.vendor" value="Oracle Corporation"/>
    <property name="java.vm.version" value="25.231-b11"/>
    <property name="java.ext.dirs" value="C:\Program Files\Java\jdk1.8.0_231\jre\lib\ext;C:\windows\Sun\Java\lib\ext"/>
    <property name="sun.io.unicode.encoding" value="UnicodeLittle"/>
    <property name="java.class.version" value="52.0"/>
  </properties>
  <testcase name="loginAPI" classname="tests.frontendAgent.SystemStatusTest" time="42.929">
    <failure message="The following asserts failed:&#10;	Connectivity issue occurred, Not able to connect with server : java.net.ConnectException: Connection timed out: connect" type="java.lang.AssertionError">java.lang.AssertionError: 
The following asserts failed:
	Connectivity issue occurred, Not able to connect with server : java.net.ConnectException: Connection timed out: connect
	at tests.frontendAgent.SystemStatusTest.loginAPI(SystemStatusTest.java:79)
</failure>
    <system-out><![CDATA[2021-03-21 03:24:32,264 main DEBUG Apache Log4j Core 2.13.3 initializing configuration XmlConfiguration[location=C:\Users\2394650\IdeaProjects\cs-portal-automation_selenium1\target\classes\log4j2.xml]
2021-03-21 03:24:32,269 main DEBUG Installed 1 script engine
2021-03-21 03:24:32,676 main DEBUG Oracle Nashorn version: 1.8.0_231, language: ECMAScript, threading: Not Thread Safe, compile: true, names: [nashorn, Nashorn, js, JS, JavaScript, javascript, ECMAScript, ecmascript], factory class: jdk.nashorn.api.scripting.NashornScriptEngineFactory
2021-03-21 03:24:32,677 main DEBUG PluginManager 'Core' found 122 plugins
2021-03-21 03:24:32,677 main DEBUG PluginManager 'Level' found 0 plugins
2021-03-21 03:24:32,686 main DEBUG PluginManager 'Lookup' found 16 plugins
2021-03-21 03:24:32,690 main DEBUG Building Plugin[name=layout, class=org.apache.logging.log4j.core.layout.PatternLayout].
2021-03-21 03:24:32,707 main DEBUG PluginManager 'TypeConverter' found 26 plugins
2021-03-21 03:24:32,728 main DEBUG PatternLayout$Builder(pattern="%d{HH:mm:ss.SSS} [%t] %-5level %logger{36}(%L) - %msg%n", PatternSelector=null, Configuration(C:\Users\2394650\IdeaProjects\cs-portal-automation_selenium1\target\classes\log4j2.xml), Replace=null, charset="null", alwaysWriteExceptions="null", disableAnsi="null", noConsoleNoAnsi="null", header="null", footer="null")
2021-03-21 03:24:32,729 main DEBUG PluginManager 'Converter' found 44 plugins
2021-03-21 03:24:32,732 main DEBUG Building Plugin[name=appender, class=org.apache.logging.log4j.core.appender.ConsoleAppender].
2021-03-21 03:24:32,750 main DEBUG ConsoleAppender$Builder(target="SYSTEM_OUT", follow="null", direct="null", bufferedIo="null", bufferSize="null", immediateFlush="null", ignoreExceptions="null", PatternLayout(%d{HH:mm:ss.SSS} [%t] %-5level %logger{36}(%L) - %msg%n), name="LogToConsole", Configuration(C:\Users\2394650\IdeaProjects\cs-portal-automation_selenium1\target\classes\log4j2.xml), Filter=null, ={})
2021-03-21 03:24:32,754 main DEBUG Starting OutputStreamManager SYSTEM_OUT.false.false
2021-03-21 03:24:32,754 main DEBUG Building Plugin[name=layout, class=org.apache.logging.log4j.core.layout.PatternLayout].
2021-03-21 03:24:32,756 main DEBUG PatternLayout$Builder(pattern="%d{yyyy-MM-dd HH:mm:ss.SSS} [%-5p/%t{1}/%M]: %C{1}(%L): %msg%n", PatternSelector=null, Configuration(C:\Users\2394650\IdeaProjects\cs-portal-automation_selenium1\target\classes\log4j2.xml), Replace=null, charset="null", alwaysWriteExceptions="null", disableAnsi="null", noConsoleNoAnsi="null", header="null", footer="null")
2021-03-21 03:24:32,783 main DEBUG Building Plugin[name=SizeBasedTriggeringPolicy, class=org.apache.logging.log4j.core.appender.rolling.SizeBasedTriggeringPolicy].
2021-03-21 03:24:32,795 main DEBUG createPolicy(size="10MB")
2021-03-21 03:24:32,797 main DEBUG Building Plugin[name=OnStartupTriggeringPolicy, class=org.apache.logging.log4j.core.appender.rolling.OnStartupTriggeringPolicy].
2021-03-21 03:24:32,799 main DEBUG createPolicy(minSize="1")
2021-03-21 03:24:32,801 main DEBUG Building Plugin[name=Policies, class=org.apache.logging.log4j.core.appender.rolling.CompositeTriggeringPolicy].
2021-03-21 03:24:32,803 main DEBUG createPolicy(={SizeBasedTriggeringPolicy(size=10485760), OnStartupTriggeringPolicy})
2021-03-21 03:24:32,803 main DEBUG Building Plugin[name=DefaultRolloverStrategy, class=org.apache.logging.log4j.core.appender.rolling.DefaultRolloverStrategy].
2021-03-21 03:24:32,811 main DEBUG DefaultRolloverStrategy$Builder(max="100", min="null", fileIndex="null", compressionLevel="null", ={}, stopCustomActionsOnError="null", tempCompressedFilePattern="null", Configuration(C:\Users\2394650\IdeaProjects\cs-portal-automation_selenium1\target\classes\log4j2.xml))
2021-03-21 03:24:32,813 main DEBUG Building Plugin[name=appender, class=org.apache.logging.log4j.core.appender.RollingFileAppender].
2021-03-21 03:24:32,818 main DEBUG RollingFileAppender$Builder(fileName="logs/app.log", filePattern="logs/app-%d{yyyy-MM-dd}-%i.log", append="null", locking="null", Policies(CompositeTriggeringPolicy(policies=[SizeBasedTriggeringPolicy(size=10485760), OnStartupTriggeringPolicy])), DefaultRolloverStrategy(DefaultRolloverStrategy(min=1, max=100, useMax=true)), advertise="null", advertiseUri="null", createOnDemand="null", filePermissions="null", fileOwner="null", fileGroup="null", bufferedIo="null", bufferSize="null", immediateFlush="null", ignoreExceptions="null", PatternLayout(%d{yyyy-MM-dd HH:mm:ss.SSS} [%-5p/%t{1}/%M]: %C{1}(%L): %msg%n), name="RollingFile", Configuration(C:\Users\2394650\IdeaProjects\cs-portal-automation_selenium1\target\classes\log4j2.xml), Filter=null, ={})
2021-03-21 03:24:32,834 main DEBUG Returning file creation time for C:\Users\2394650\IdeaProjects\cs-portal-automation_selenium1\logs\app.log
2021-03-21 03:24:32,835 main DEBUG Starting RollingFileManager logs/app.log
2021-03-21 03:24:32,838 main DEBUG PluginManager 'FileConverter' found 2 plugins
2021-03-21 03:24:32,844 main DEBUG Setting prev file time to 2021-03-21T03:22:48.131+0530
2021-03-21 03:24:32,844 main DEBUG Initializing triggering policy CompositeTriggeringPolicy(policies=[SizeBasedTriggeringPolicy(size=10485760), OnStartupTriggeringPolicy])
2021-03-21 03:24:32,845 main DEBUG Initializing triggering policy SizeBasedTriggeringPolicy(size=10485760)
2021-03-21 03:24:32,845 main DEBUG Initializing triggering policy OnStartupTriggeringPolicy
2021-03-21 03:24:32,846 main DEBUG Initiating rollover at startup
2021-03-21 03:24:32,847 main DEBUG Formatting file name. useCurrentTime=false. currentFileTime=0, prevFileTime=1616277168131
2021-03-21 03:24:32,851 main DEBUG org.apache.logging.log4j.core.util.SystemClock does not support precise timestamps.
2021-03-21 03:24:32,853 main DEBUG Current file: logs/app.log
2021-03-21 03:24:32,864 main DEBUG Formatting file name. useCurrentTime=false. currentFileTime=0, prevFileTime=1616277168131
2021-03-21 03:24:32,866 main DEBUG OutputStream closed
2021-03-21 03:24:32,867 main DEBUG RollingFileManager executing synchronous FileRenameAction[logs\app.log to logs\app-2021-03-21-17.log, renameEmptyFiles=false]
2021-03-21 03:24:32,869 main DEBUG Now writing to logs/app.log at 2021-03-21T03:24:32.869+0530
2021-03-21 03:24:32,871 main DEBUG Building Plugin[name=appenders, class=org.apache.logging.log4j.core.config.AppendersPlugin].
2021-03-21 03:24:32,872 main DEBUG createAppenders(={LogToConsole, RollingFile})
2021-03-21 03:24:32,872 main DEBUG Building Plugin[name=AppenderRef, class=org.apache.logging.log4j.core.config.AppenderRef].
2021-03-21 03:24:32,873 main DEBUG createAppenderRef(ref="RollingFile", level="null", Filter=null)
2021-03-21 03:24:32,874 main DEBUG Building Plugin[name=AppenderRef, class=org.apache.logging.log4j.core.config.AppenderRef].
2021-03-21 03:24:32,875 main DEBUG createAppenderRef(ref="LogToConsole", level="null", Filter=null)
2021-03-21 03:24:32,875 main DEBUG Building Plugin[name=logger, class=org.apache.logging.log4j.core.config.LoggerConfig].
2021-03-21 03:24:32,879 main DEBUG createLogger(additivity="false", level="DEBUG", name="java", includeLocation="null", ={RollingFile, LogToConsole}, ={}, Configuration(C:\Users\2394650\IdeaProjects\cs-portal-automation_selenium1\target\classes\log4j2.xml), Filter=null)
2021-03-21 03:24:32,882 main DEBUG Building Plugin[name=AppenderRef, class=org.apache.logging.log4j.core.config.AppenderRef].
2021-03-21 03:24:32,883 main DEBUG createAppenderRef(ref="LogToConsole", level="null", Filter=null)
2021-03-21 03:24:32,884 main DEBUG Building Plugin[name=AppenderRef, class=org.apache.logging.log4j.core.config.AppenderRef].
2021-03-21 03:24:32,885 main DEBUG createAppenderRef(ref="RollingFile", level="null", Filter=null)
2021-03-21 03:24:32,886 main DEBUG Building Plugin[name=root, class=org.apache.logging.log4j.core.config.LoggerConfig$RootLogger].
2021-03-21 03:24:32,888 main DEBUG createLogger(additivity="false", level="DEBUG", includeLocation="null", ={LogToConsole, RollingFile}, ={}, Configuration(C:\Users\2394650\IdeaProjects\cs-portal-automation_selenium1\target\classes\log4j2.xml), Filter=null)
2021-03-21 03:24:32,889 main DEBUG Building Plugin[name=loggers, class=org.apache.logging.log4j.core.config.LoggersPlugin].
2021-03-21 03:24:32,892 main DEBUG createLoggers(={java, root})
2021-03-21 03:24:32,893 main DEBUG Configuration XmlConfiguration[location=C:\Users\2394650\IdeaProjects\cs-portal-automation_selenium1\target\classes\log4j2.xml] initialized
2021-03-21 03:24:32,894 main DEBUG Starting configuration XmlConfiguration[location=C:\Users\2394650\IdeaProjects\cs-portal-automation_selenium1\target\classes\log4j2.xml]
2021-03-21 03:24:32,894 main DEBUG Started configuration XmlConfiguration[location=C:\Users\2394650\IdeaProjects\cs-portal-automation_selenium1\target\classes\log4j2.xml] OK.
2021-03-21 03:24:32,896 main DEBUG Shutting down OutputStreamManager SYSTEM_OUT.false.false-1
2021-03-21 03:24:32,896 main DEBUG OutputStream closed
2021-03-21 03:24:32,897 main DEBUG Shut down OutputStreamManager SYSTEM_OUT.false.false-1, all resources released: true
2021-03-21 03:24:32,898 main DEBUG Appender DefaultConsole-1 stopped with status true
2021-03-21 03:24:32,898 main DEBUG Stopped org.apache.logging.log4j.core.config.DefaultConfiguration@7d0587f1 OK
2021-03-21 03:24:32,962 main DEBUG Registering MBean org.apache.logging.log4j2:type=42a57993
2021-03-21 03:24:32,966 main DEBUG Registering MBean org.apache.logging.log4j2:type=42a57993,component=StatusLogger
2021-03-21 03:24:32,968 main DEBUG Registering MBean org.apache.logging.log4j2:type=42a57993,component=ContextSelector
2021-03-21 03:24:32,970 main DEBUG Registering MBean org.apache.logging.log4j2:type=42a57993,component=Loggers,name=
2021-03-21 03:24:32,971 main DEBUG Registering MBean org.apache.logging.log4j2:type=42a57993,component=Loggers,name=java
2021-03-21 03:24:32,972 main DEBUG Registering MBean org.apache.logging.log4j2:type=42a57993,component=Appenders,name=LogToConsole
2021-03-21 03:24:32,973 main DEBUG Registering MBean org.apache.logging.log4j2:type=42a57993,component=Appenders,name=RollingFile
2021-03-21 03:24:32,974 main DEBUG Reconfiguration complete for context[name=42a57993] at URI C:\Users\2394650\IdeaProjects\cs-portal-automation_selenium1\target\classes\log4j2.xml (org.apache.logging.log4j.core.LoggerContext@15043a2f) with optional ClassLoader: null
2021-03-21 03:24:32,974 main DEBUG Shutdown hook enabled. Registering a new one.
2021-03-21 03:24:32,976 main DEBUG LoggerContext[name=42a57993, org.apache.logging.log4j.core.LoggerContext@15043a2f] started OK.
NFTRTickets-Reg
OPCO Chosen :MW
Environment Chosen : UAT
Suite Type : Regression
http://172.26.146.190:30050
I am in onStart method Regression API Login
03:24:37.674 [main] INFO  Utils.DataProviders.DataProviders(243) - User Type ALL
03:24:37.674 [main] INFO  Utils.DataProviders.DataProviders(249) - NO USER FOUND
03:24:37.674 [main] INFO  Utils.DataProviders.DataProviders(243) - User Type BA
03:24:37.674 [main] INFO  Utils.DataProviders.DataProviders(249) - NO USER FOUND
03:24:37.674 [main] INFO  Utils.DataProviders.DataProviders(243) - User Type NFTR
03:24:37.674 [main] INFO  Utils.DataProviders.DataProviders(249) - NO USER FOUND
03:24:37.674 [main] INFO  Utils.DataProviders.DataProviders(243) - User Type API
03:24:37.674 [main] INFO  Utils.DataProviders.DataProviders(246) - User Type ADDED API
03:24:37.706 I am in onTestStart method loginAPI start
03:24:38.083 [main] INFO  Utils.UtilsMethods(17) - Logging in Using Login API for getting TOKEN with user : 2394650
03:24:38.725 [main] INFO  Utils.UtilsMethods(17) - Request Headers are  : x-app-name=cs-service
x-service-id=customer_service_service_request_webctx
x-app-type=web
x-client-id=3
x-api-key=ae00c8a7-7ca9-4cb4-bf2a-29bf1ae05025
x-login-module=MSISDN
x-channel=4
x-app-version=1.0.0
Opco=MW
Content-Type=application/json
]]></system-out>
    <system-err><![CDATA[SLF4J: Failed to load class "org.slf4j.impl.StaticLoggerBinder".
SLF4J: Defaulting to no-operation (NOP) logger implementation
SLF4J: See http://www.slf4j.org/codes.html#StaticLoggerBinder for further details.
Starting ChromeDriver 89.0.4389.23 (61b08ee2c50024bab004e48d2b1b083cdbdac579-refs/branch-heads/4389@{#294}) on port 14420
Only local connections are allowed.
Please see https://chromedriver.chromium.org/security-considerations for suggestions on keeping ChromeDriver safe.
ChromeDriver was started successfully.
Mar 21, 2021 3:24:36 AM org.openqa.selenium.remote.ProtocolHandshake createSession
INFO: Detected dialect: W3C
Mar 21, 2021 3:24:59 AM org.apache.http.impl.client.DefaultHttpClient tryConnect
INFO: I/O exception (java.net.SocketException) caught when connecting to {}->http://172.26.146.190:30050: Network is unreachable: connect
Mar 21, 2021 3:24:59 AM org.apache.http.impl.client.DefaultHttpClient tryConnect
INFO: Retrying connect to {}->http://172.26.146.190:30050
]]></system-err>
  </testcase>
  <testcase name="loginAPI" classname="tests.frontendAgent.SystemStatusTest" time="1.422">
    <failure message="The following asserts failed:&#10;	Not able to generate Token. Please Update Password As soon as possible if required.&#10;API Response Message: Failed to authenticate user." type="java.lang.AssertionError">java.lang.AssertionError: 
The following asserts failed:
	Not able to generate Token. Please Update Password As soon as possible if required.
API Response Message: Failed to authenticate user.
	at tests.frontendAgent.SystemStatusTest.loginAPI(SystemStatusTest.java:79)
</failure>
    <system-out><![CDATA[I am in on TestSkipped method validateSupervisorTabs skipped
I am in onFinish method Supervisors Login Test
I am in onStart method api-Regenerate
03:25:36.496 [main] INFO  Utils.DataProviders.DataProviders(243) - User Type ALL
03:25:36.496 [main] INFO  Utils.DataProviders.DataProviders(249) - NO USER FOUND
03:25:36.496 [main] INFO  Utils.DataProviders.DataProviders(243) - User Type BA
03:25:36.496 [main] INFO  Utils.DataProviders.DataProviders(249) - NO USER FOUND
03:25:36.496 [main] INFO  Utils.DataProviders.DataProviders(243) - User Type NFTR
03:25:36.496 [main] INFO  Utils.DataProviders.DataProviders(249) - NO USER FOUND
03:25:36.496 [main] INFO  Utils.DataProviders.DataProviders(243) - User Type API
03:25:36.496 [main] INFO  Utils.DataProviders.DataProviders(246) - User Type ADDED API
03:25:36.496 I am in onTestStart method loginAPI start
03:25:36.496 [main] INFO  Utils.UtilsMethods(17) - Logging in Using Login API for getting TOKEN with user : 2394650
03:25:36.496 [main] INFO  Utils.UtilsMethods(17) - Request Headers are  : x-app-name=cs-service
x-service-id=customer_service_service_request_webctx
x-app-type=web
x-client-id=3
x-api-key=ae00c8a7-7ca9-4cb4-bf2a-29bf1ae05025
x-login-module=MSISDN
x-channel=4
x-app-version=1.0.0
Opco=MW
Content-Type=application/json
03:25:37.902 [main] INFO  Utils.UtilsMethods(17) - Request URL : http://172.26.146.190:30050/auth/api/user-mngmnt/v2/login
03:25:37.902 [main] INFO  Utils.UtilsMethods(17) - Response Body : {"message":"Failed to authenticate user.","statusCode":1120}
03:25:37.902 [main] INFO  Utils.UtilsMethods(17) - Response time : 1 s
]]></system-out>
  </testcase>
  <testcase name="testCredOfAdmin" classname="tests.frontendAgent.SystemStatusTest" time="2.087">
    <failure message="The following asserts failed:&#10;	Not able to generate Token. Please Update Password As soon as possible if required.&#10;API Response Message: Failed to authenticate user." type="java.lang.AssertionError">java.lang.AssertionError: 
The following asserts failed:
	Not able to generate Token. Please Update Password As soon as possible if required.
API Response Message: Failed to authenticate user.
	at tests.frontendAgent.SystemStatusTest.testCredOfAdmin(SystemStatusTest.java:122)
</failure>
    <system-out><![CDATA[03:25:20.635 I am in on TestFailure method loginAPI failed
java.lang.AssertionError: The following asserts failed:
	Connectivity issue occurred, Not able to connect with server : java.net.ConnectException: Connection timed out: connect
	at org.testng.asserts.SoftAssert.assertAll(SoftAssert.java:47)
	at org.testng.asserts.SoftAssert.assertAll(SoftAssert.java:31)
	at tests.frontendAgent.SystemStatusTest.loginAPI(SystemStatusTest.java:79)
	at sun.reflect.NativeMethodAccessorImpl.invoke0(Native Method)
	at sun.reflect.NativeMethodAccessorImpl.invoke(NativeMethodAccessorImpl.java:62)
	at sun.reflect.DelegatingMethodAccessorImpl.invoke(DelegatingMethodAccessorImpl.java:43)
	at java.lang.reflect.Method.invoke(Method.java:498)
	at org.testng.internal.MethodInvocationHelper.invokeMethod(MethodInvocationHelper.java:133)
	at org.testng.internal.TestInvoker.invokeMethod(TestInvoker.java:584)
	at org.testng.internal.TestInvoker.invokeTestMethod(TestInvoker.java:172)
	at org.testng.internal.MethodRunner.runInSequence(MethodRunner.java:46)
	at org.testng.internal.TestInvoker$MethodInvocationAgent.invoke(TestInvoker.java:804)
	at org.testng.internal.TestInvoker.invokeTestMethods(TestInvoker.java:145)
	at org.testng.internal.TestMethodWorker.invokeTestMethods(TestMethodWorker.java:146)
	at org.testng.internal.TestMethodWorker.run(TestMethodWorker.java:128)
	at java.util.ArrayList.forEach(ArrayList.java:1257)
	at org.testng.TestRunner.privateRun(TestRunner.java:770)
	at org.testng.TestRunner.run(TestRunner.java:591)
	at org.testng.SuiteRunner.runTest(SuiteRunner.java:402)
	at org.testng.SuiteRunner.runSequentially(SuiteRunner.java:396)
	at org.testng.SuiteRunner.privateRun(SuiteRunner.java:355)
	at org.testng.SuiteRunner.run(SuiteRunner.java:304)
	at org.testng.SuiteRunnerWorker.runSuite(SuiteRunnerWorker.java:53)
	at org.testng.SuiteRunnerWorker.run(SuiteRunnerWorker.java:96)
	at org.testng.TestNG.runSuitesSequentially(TestNG.java:1180)
	at org.testng.TestNG.runSuitesLocally(TestNG.java:1102)
	at org.testng.TestNG.runSuites(TestNG.java:1032)
	at org.testng.TestNG.run(TestNG.java:1000)
	at org.apache.maven.surefire.testng.TestNGExecutor.run(TestNGExecutor.java:283)
	at org.apache.maven.surefire.testng.TestNGXmlTestSuite.execute(TestNGXmlTestSuite.java:75)
	at org.apache.maven.surefire.testng.TestNGProvider.invoke(TestNGProvider.java:120)
	at org.apache.maven.surefire.booter.ForkedBooter.invokeProviderInSameClassLoader(ForkedBooter.java:384)
	at org.apache.maven.surefire.booter.ForkedBooter.runSuitesInProcess(ForkedBooter.java:345)
	at org.apache.maven.surefire.booter.ForkedBooter.execute(ForkedBooter.java:126)
	at org.apache.maven.surefire.booter.ForkedBooter.main(ForkedBooter.java:418)

03:25:21.211 [main] INFO  Utils.DataProviders.DataProviders(243) - User Type ALL
03:25:21.212 [main] INFO  Utils.DataProviders.DataProviders(246) - User Type ADDED ALL
03:25:21.212 [main] INFO  Utils.DataProviders.DataProviders(243) - User Type BA
03:25:21.213 [main] INFO  Utils.DataProviders.DataProviders(249) - NO USER FOUND
03:25:21.213 [main] INFO  Utils.DataProviders.DataProviders(243) - User Type NFTR
03:25:21.213 [main] INFO  Utils.DataProviders.DataProviders(249) - NO USER FOUND
03:25:21.214 [main] INFO  Utils.DataProviders.DataProviders(243) - User Type API
03:25:21.214 [main] INFO  Utils.DataProviders.DataProviders(249) - NO USER FOUND
03:25:21.215 I am in onTestStart method testCredOfAdmin start
03:25:21.216 [main] INFO  Utils.UtilsMethods(17) - Logging in Using Login API for getting TOKEN with user : 2390495
03:25:21.219 [main] INFO  Utils.UtilsMethods(17) - Request Headers are  : x-app-name=cs-service
x-service-id=customer_service_service_request_webctx
x-app-type=web
x-client-id=3
x-api-key=ae00c8a7-7ca9-4cb4-bf2a-29bf1ae05025
x-login-module=MSISDN
x-channel=4
x-app-version=1.0.0
Opco=MW
Content-Type=application/json
03:25:22.743 [main] INFO  Utils.UtilsMethods(17) - Request URL : http://172.26.146.190:30050/auth/api/user-mngmnt/v2/login
03:25:22.755 [main] INFO  Utils.UtilsMethods(17) - Response Body : {"message":"Failed to authenticate user.","statusCode":1120}
03:25:22.759 [main] INFO  Utils.UtilsMethods(17) - Response time : 1 s
]]></system-out>
  </testcase>
  <testcase name="testCredOfBackendAgent" classname="tests.frontendAgent.SystemStatusTest" time="1.443">
    <failure message="The following asserts failed:&#10;	Not able to generate Token. Please Update Password As soon as possible if required.&#10;API Response Message: Failed to authenticate user." type="java.lang.AssertionError">java.lang.AssertionError: 
The following asserts failed:
	Not able to generate Token. Please Update Password As soon as possible if required.
API Response Message: Failed to authenticate user.
	at tests.frontendAgent.SystemStatusTest.testCredOfBackendAgent(SystemStatusTest.java:161)
</failure>
    <system-out><![CDATA[03:25:23.304 I am in on TestFailure method testCredOfAdmin failed
java.lang.AssertionError: The following asserts failed:
	Not able to generate Token. Please Update Password As soon as possible if required.
API Response Message: Failed to authenticate user.
	at org.testng.asserts.SoftAssert.assertAll(SoftAssert.java:47)
	at org.testng.asserts.SoftAssert.assertAll(SoftAssert.java:31)
	at tests.frontendAgent.SystemStatusTest.testCredOfAdmin(SystemStatusTest.java:122)
	at sun.reflect.NativeMethodAccessorImpl.invoke0(Native Method)
	at sun.reflect.NativeMethodAccessorImpl.invoke(NativeMethodAccessorImpl.java:62)
	at sun.reflect.DelegatingMethodAccessorImpl.invoke(DelegatingMethodAccessorImpl.java:43)
	at java.lang.reflect.Method.invoke(Method.java:498)
	at org.testng.internal.MethodInvocationHelper.invokeMethod(MethodInvocationHelper.java:133)
	at org.testng.internal.TestInvoker.invokeMethod(TestInvoker.java:584)
	at org.testng.internal.TestInvoker.invokeTestMethod(TestInvoker.java:172)
	at org.testng.internal.MethodRunner.runInSequence(MethodRunner.java:46)
	at org.testng.internal.TestInvoker$MethodInvocationAgent.invoke(TestInvoker.java:804)
	at org.testng.internal.TestInvoker.invokeTestMethods(TestInvoker.java:145)
	at org.testng.internal.TestMethodWorker.invokeTestMethods(TestMethodWorker.java:146)
	at org.testng.internal.TestMethodWorker.run(TestMethodWorker.java:128)
	at java.util.ArrayList.forEach(ArrayList.java:1257)
	at org.testng.TestRunner.privateRun(TestRunner.java:770)
	at org.testng.TestRunner.run(TestRunner.java:591)
	at org.testng.SuiteRunner.runTest(SuiteRunner.java:402)
	at org.testng.SuiteRunner.runSequentially(SuiteRunner.java:396)
	at org.testng.SuiteRunner.privateRun(SuiteRunner.java:355)
	at org.testng.SuiteRunner.run(SuiteRunner.java:304)
	at org.testng.SuiteRunnerWorker.runSuite(SuiteRunnerWorker.java:53)
	at org.testng.SuiteRunnerWorker.run(SuiteRunnerWorker.java:96)
	at org.testng.TestNG.runSuitesSequentially(TestNG.java:1180)
	at org.testng.TestNG.runSuitesLocally(TestNG.java:1102)
	at org.testng.TestNG.runSuites(TestNG.java:1032)
	at org.testng.TestNG.run(TestNG.java:1000)
	at org.apache.maven.surefire.testng.TestNGExecutor.run(TestNGExecutor.java:283)
	at org.apache.maven.surefire.testng.TestNGXmlTestSuite.execute(TestNGXmlTestSuite.java:75)
	at org.apache.maven.surefire.testng.TestNGProvider.invoke(TestNGProvider.java:120)
	at org.apache.maven.surefire.booter.ForkedBooter.invokeProviderInSameClassLoader(ForkedBooter.java:384)
	at org.apache.maven.surefire.booter.ForkedBooter.runSuitesInProcess(ForkedBooter.java:345)
	at org.apache.maven.surefire.booter.ForkedBooter.execute(ForkedBooter.java:126)
	at org.apache.maven.surefire.booter.ForkedBooter.main(ForkedBooter.java:418)

03:25:23.904 [main] INFO  Utils.DataProviders.DataProviders(243) - User Type ALL
03:25:23.906 [main] INFO  Utils.DataProviders.DataProviders(249) - NO USER FOUND
03:25:23.906 [main] INFO  Utils.DataProviders.DataProviders(243) - User Type BA
03:25:23.907 [main] INFO  Utils.DataProviders.DataProviders(246) - User Type ADDED BA
03:25:23.907 [main] INFO  Utils.DataProviders.DataProviders(243) - User Type NFTR
03:25:23.908 [main] INFO  Utils.DataProviders.DataProviders(249) - NO USER FOUND
03:25:23.909 [main] INFO  Utils.DataProviders.DataProviders(243) - User Type API
03:25:23.909 [main] INFO  Utils.DataProviders.DataProviders(249) - NO USER FOUND
03:25:23.910 I am in onTestStart method testCredOfBackendAgent start
03:25:23.912 [main] INFO  Utils.UtilsMethods(17) - Logging in Using Login API for getting TOKEN with user : 2388192
03:25:23.914 [main] INFO  Utils.UtilsMethods(17) - Request Headers are  : x-app-name=cs-service
x-service-id=customer_service_service_request_webctx
x-app-type=web
x-client-id=3
x-api-key=ae00c8a7-7ca9-4cb4-bf2a-29bf1ae05025
x-login-module=MSISDN
x-channel=4
x-app-version=1.0.0
Opco=MW
Content-Type=application/json
03:25:25.340 [main] INFO  Utils.UtilsMethods(17) - Request URL : http://172.26.146.190:30050/auth/api/user-mngmnt/v2/login
03:25:25.340 [main] INFO  Utils.UtilsMethods(17) - Response Body : {"message":"Failed to authenticate user.","statusCode":1120}
03:25:25.340 [main] INFO  Utils.UtilsMethods(17) - Response time : 1 s
]]></system-out>
  </testcase>
  <testcase name="checkExecution" classname="tests.frontendAgent.LoginTests" time="2.644">
    <failure message="The following asserts failed:&#10;	Terminate Execution as user not able to login into portal or Role does not assign to user. Please do needful." type="java.lang.AssertionError">java.lang.AssertionError: 
The following asserts failed:
	Terminate Execution as user not able to login into portal or Role does not assign to user. Please do needful.
	at tests.frontendAgent.LoginTests.checkExecution(LoginTests.java:23)
</failure>
    <system-out><![CDATA[03:25:25.356 I am in on TestFailure method testCredOfBackendAgent failed
java.lang.AssertionError: The following asserts failed:
	Not able to generate Token. Please Update Password As soon as possible if required.
API Response Message: Failed to authenticate user.
	at org.testng.asserts.SoftAssert.assertAll(SoftAssert.java:47)
	at org.testng.asserts.SoftAssert.assertAll(SoftAssert.java:31)
	at tests.frontendAgent.SystemStatusTest.testCredOfBackendAgent(SystemStatusTest.java:161)
	at sun.reflect.NativeMethodAccessorImpl.invoke0(Native Method)
	at sun.reflect.NativeMethodAccessorImpl.invoke(NativeMethodAccessorImpl.java:62)
	at sun.reflect.DelegatingMethodAccessorImpl.invoke(DelegatingMethodAccessorImpl.java:43)
	at java.lang.reflect.Method.invoke(Method.java:498)
	at org.testng.internal.MethodInvocationHelper.invokeMethod(MethodInvocationHelper.java:133)
	at org.testng.internal.TestInvoker.invokeMethod(TestInvoker.java:584)
	at org.testng.internal.TestInvoker.invokeTestMethod(TestInvoker.java:172)
	at org.testng.internal.MethodRunner.runInSequence(MethodRunner.java:46)
	at org.testng.internal.TestInvoker$MethodInvocationAgent.invoke(TestInvoker.java:804)
	at org.testng.internal.TestInvoker.invokeTestMethods(TestInvoker.java:145)
	at org.testng.internal.TestMethodWorker.invokeTestMethods(TestMethodWorker.java:146)
	at org.testng.internal.TestMethodWorker.run(TestMethodWorker.java:128)
	at java.util.ArrayList.forEach(ArrayList.java:1257)
	at org.testng.TestRunner.privateRun(TestRunner.java:770)
	at org.testng.TestRunner.run(TestRunner.java:591)
	at org.testng.SuiteRunner.runTest(SuiteRunner.java:402)
	at org.testng.SuiteRunner.runSequentially(SuiteRunner.java:396)
	at org.testng.SuiteRunner.privateRun(SuiteRunner.java:355)
	at org.testng.SuiteRunner.run(SuiteRunner.java:304)
	at org.testng.SuiteRunnerWorker.runSuite(SuiteRunnerWorker.java:53)
	at org.testng.SuiteRunnerWorker.run(SuiteRunnerWorker.java:96)
	at org.testng.TestNG.runSuitesSequentially(TestNG.java:1180)
	at org.testng.TestNG.runSuitesLocally(TestNG.java:1102)
	at org.testng.TestNG.runSuites(TestNG.java:1032)
	at org.testng.TestNG.run(TestNG.java:1000)
	at org.apache.maven.surefire.testng.TestNGExecutor.run(TestNGExecutor.java:283)
	at org.apache.maven.surefire.testng.TestNGXmlTestSuite.execute(TestNGXmlTestSuite.java:75)
	at org.apache.maven.surefire.testng.TestNGProvider.invoke(TestNGProvider.java:120)
	at org.apache.maven.surefire.booter.ForkedBooter.invokeProviderInSameClassLoader(ForkedBooter.java:384)
	at org.apache.maven.surefire.booter.ForkedBooter.runSuitesInProcess(ForkedBooter.java:345)
	at org.apache.maven.surefire.booter.ForkedBooter.execute(ForkedBooter.java:126)
	at org.apache.maven.surefire.booter.ForkedBooter.main(ForkedBooter.java:418)

I am in onFinish method Regression API Login
I am in onStart method Login Admin 1 Test
03:25:26.541 [main] INFO  Utils.DataProviders.DataProviders(243) - User Type ALL
03:25:26.541 [main] INFO  Utils.DataProviders.DataProviders(246) - User Type ADDED ALL
03:25:26.541 [main] INFO  Utils.DataProviders.DataProviders(243) - User Type BA
03:25:26.541 [main] INFO  Utils.DataProviders.DataProviders(249) - NO USER FOUND
03:25:26.541 [main] INFO  Utils.DataProviders.DataProviders(243) - User Type NFTR
03:25:26.541 [main] INFO  Utils.DataProviders.DataProviders(249) - NO USER FOUND
03:25:26.541 [main] INFO  Utils.DataProviders.DataProviders(243) - User Type API
03:25:26.541 [main] INFO  Utils.DataProviders.DataProviders(249) - NO USER FOUND
]]></system-out>
  </testcase>
  <testcase name="checkExecution" classname="tests.frontendAgent.LoginTests" time="0.843">
    <failure message="The following asserts failed:&#10;	Terminate Execution as user not able to login into portal or Role does not assign to user. Please do needful." type="java.lang.AssertionError">java.lang.AssertionError: 
The following asserts failed:
	Terminate Execution as user not able to login into portal or Role does not assign to user. Please do needful.
	at tests.frontendAgent.LoginTests.checkExecution(LoginTests.java:23)
</failure>
    <system-out><![CDATA[I am in on TestSkipped method Logout skipped
I am in onFinish method Logout Supervisor Test
I am in onStart method Login Admin Test
03:25:47.652 [main] INFO  Utils.DataProviders.DataProviders(243) - User Type ALL
03:25:47.653 [main] INFO  Utils.DataProviders.DataProviders(246) - User Type ADDED ALL
03:25:47.653 [main] INFO  Utils.DataProviders.DataProviders(243) - User Type BA
03:25:47.653 [main] INFO  Utils.DataProviders.DataProviders(249) - NO USER FOUND
03:25:47.653 [main] INFO  Utils.DataProviders.DataProviders(243) - User Type NFTR
03:25:47.654 [main] INFO  Utils.DataProviders.DataProviders(249) - NO USER FOUND
03:25:47.654 [main] INFO  Utils.DataProviders.DataProviders(243) - User Type API
03:25:47.654 [main] INFO  Utils.DataProviders.DataProviders(249) - NO USER FOUND
]]></system-out>
  </testcase>
  <testcase name="LoggingIN" classname="tests.frontendAgent.LoginTests" time="0">
    <skipped message="The following asserts failed:&#10;	Terminate Execution as user not able to login into portal or Role does not assign to user. Please do needful."/>
    <system-out><![CDATA[03:25:26.557 I am in onTestStart method LoggingIN start
]]></system-out>
  </testcase>
  <testcase name="LoggingIN" classname="tests.frontendAgent.LoginTests" time="0">
    <skipped message="The following asserts failed:&#10;	Terminate Execution as user not able to login into portal or Role does not assign to user. Please do needful."/>
    <system-out><![CDATA[03:25:47.656 I am in onTestStart method LoggingIN start
]]></system-out>
  </testcase>
  <testcase name="checkExecution" classname="tests.frontendAgent.sideMenuTests" time="0.363">
    <failure message="The following asserts failed:&#10;	Terminate Execution as user not able to login into portal or Role does not assign to user. Please do needful." type="java.lang.AssertionError">java.lang.AssertionError: 
The following asserts failed:
	Terminate Execution as user not able to login into portal or Role does not assign to user. Please do needful.
	at tests.frontendAgent.sideMenuTests.checkExecution(sideMenuTests.java:20)
</failure>
    <system-out><![CDATA[I am in on TestSkipped method LoggingIN skipped
I am in onFinish method Login Admin 1 Test
I am in onStart method Side Menu
]]></system-out>
  </testcase>
  <testcase name="sideMenuAssert" classname="tests.frontendAgent.sideMenuTests" time="0">
    <skipped message="The following asserts failed:&#10;	Terminate Execution as user not able to login into portal or Role does not assign to user. Please do needful."/>
    <system-out><![CDATA[03:25:26.920 I am in onTestStart method sideMenuAssert start
]]></system-out>
  </testcase>
  <testcase name="checkExecution" classname="tests.frontendAgent.customerInteractionTest" time="0.484">
    <failure message="The following asserts failed:&#10;	Terminate Execution as user not able to login into portal or Role does not assign to user. Please do needful." type="java.lang.AssertionError">java.lang.AssertionError: 
The following asserts failed:
	Terminate Execution as user not able to login into portal or Role does not assign to user. Please do needful.
	at tests.frontendAgent.customerInteractionTest.checkExecution(customerInteractionTest.java:40)
</failure>
    <system-out><![CDATA[I am in on TestSkipped method sideMenuAssert skipped
I am in onFinish method Side Menu
I am in onStart method Customer Interactions TEST
03:25:27.388 [main] INFO  Utils.DataProviders.DataProviders(243) - User Type ALL
03:25:27.388 [main] INFO  Utils.DataProviders.DataProviders(246) - User Type ADDED ALL
03:25:27.388 [main] INFO  Utils.DataProviders.DataProviders(243) - User Type BA
03:25:27.388 [main] INFO  Utils.DataProviders.DataProviders(249) - NO USER FOUND
03:25:27.388 [main] INFO  Utils.DataProviders.DataProviders(243) - User Type NFTR
03:25:27.388 [main] INFO  Utils.DataProviders.DataProviders(249) - NO USER FOUND
03:25:27.388 [main] INFO  Utils.DataProviders.DataProviders(243) - User Type API
03:25:27.404 [main] INFO  Utils.DataProviders.DataProviders(249) - NO USER FOUND
]]></system-out>
  </testcase>
  <testcase name="checkExecution" classname="tests.frontendAgent.customerInteractionTest" time="0">
    <skipped/>
  </testcase>
  <testcase name="checkExecution" classname="tests.frontendAgent.customerInteractionTest" time="0">
    <skipped/>
  </testcase>
  <testcase name="openCustomerInteraction" classname="tests.frontendAgent.customerInteractionTest" time="0">
    <skipped message="The following asserts failed:&#10;	Terminate Execution as user not able to login into portal or Role does not assign to user. Please do needful."/>
    <system-out><![CDATA[03:25:27.404 I am in onTestStart method openCustomerInteraction start
]]></system-out>
  </testcase>
  <testcase name="validateDemographicInformation" classname="tests.frontendAgent.customerInteractionTest" time="0">
    <skipped message="Method customerInteractionTest.validateDemographicInformation(Utils.DataProviders.TestDatabean)[pri:2, instance:tests.frontendAgent.customerInteractionTest@4c2bb6e0] depends on not successfully finished methods"/>
    <system-out><![CDATA[I am in on TestSkipped method openCustomerInteraction skipped
03:25:27.404 I am in onTestStart method validateDemographicInformation start
]]></system-out>
  </testcase>
  <testcase name="methodLevelSetup" classname="tests.frontendAgent.customerInteractionTest" time="0">
    <skipped/>
    <system-out><![CDATA[I am in on TestSkipped method validateDemographicInformation skipped
03:25:27.545 [main] INFO  Utils.DataProviders.DataProviders(243) - User Type ALL
03:25:27.545 [main] INFO  Utils.DataProviders.DataProviders(246) - User Type ADDED ALL
03:25:27.545 [main] INFO  Utils.DataProviders.DataProviders(243) - User Type BA
03:25:27.545 [main] INFO  Utils.DataProviders.DataProviders(249) - NO USER FOUND
03:25:27.545 [main] INFO  Utils.DataProviders.DataProviders(243) - User Type NFTR
03:25:27.545 [main] INFO  Utils.DataProviders.DataProviders(249) - NO USER FOUND
03:25:27.545 [main] INFO  Utils.DataProviders.DataProviders(243) - User Type API
03:25:27.545 [main] INFO  Utils.DataProviders.DataProviders(249) - NO USER FOUND
]]></system-out>
  </testcase>
  <testcase name="methodLevelSetup" classname="tests.frontendAgent.customerInteractionTest" time="0">
    <skipped/>
    <system-out><![CDATA[I am in on TestSkipped method invalidMSISDNTest skipped
03:25:27.716 [main] INFO  Utils.DataProviders.DataProviders(243) - User Type ALL
03:25:27.716 [main] INFO  Utils.DataProviders.DataProviders(249) - NO USER FOUND
03:25:27.716 [main] INFO  Utils.DataProviders.DataProviders(243) - User Type BA
03:25:27.716 [main] INFO  Utils.DataProviders.DataProviders(249) - NO USER FOUND
03:25:27.716 [main] INFO  Utils.DataProviders.DataProviders(243) - User Type NFTR
03:25:27.716 [main] INFO  Utils.DataProviders.DataProviders(249) - NO USER FOUND
03:25:27.716 [main] INFO  Utils.DataProviders.DataProviders(243) - User Type API
03:25:27.716 [main] INFO  Utils.DataProviders.DataProviders(246) - User Type ADDED API
]]></system-out>
  </testcase>
  <testcase name="openCustomerInteractionBySIM" classname="tests.frontendAgent.customerInteractionTest" time="0">
    <skipped message="The following asserts failed:&#10;	Terminate Execution as user not able to login into portal or Role does not assign to user. Please do needful."/>
    <system-out><![CDATA[03:25:27.560 I am in onTestStart method openCustomerInteractionBySIM start
]]></system-out>
  </testcase>
  <testcase name="validateDemographicInformationBySIMNumber" classname="tests.frontendAgent.customerInteractionTest" time="0">
    <skipped message="Method customerInteractionTest.validateDemographicInformationBySIMNumber(Utils.DataProviders.TestDatabean)[pri:4, instance:tests.frontendAgent.customerInteractionTest@4c2bb6e0] depends on not successfully finished methods"/>
    <system-out><![CDATA[I am in on TestSkipped method openCustomerInteractionBySIM skipped
03:25:27.560 I am in onTestStart method validateDemographicInformationBySIMNumber start
]]></system-out>
  </testcase>
  <testcase name="invalidMSISDNTest" classname="tests.frontendAgent.customerInteractionTest" time="0">
    <skipped message="Method customerInteractionTest.invalidMSISDNTest()[pri:5, instance:tests.frontendAgent.customerInteractionTest@4c2bb6e0] depends on not successfully finished methods"/>
    <system-out><![CDATA[I am in on TestSkipped method validateDemographicInformationBySIMNumber skipped
03:25:27.560 I am in onTestStart method invalidMSISDNTest start
]]></system-out>
  </testcase>
  <testcase name="openCustomerInteractionAPI" classname="tests.frontendAgent.customerInteractionTest" time="0">
    <skipped message="The following asserts failed:&#10;	Terminate Execution as user not able to login into portal or Role does not assign to user. Please do needful."/>
    <system-out><![CDATA[03:25:27.716 I am in onTestStart method openCustomerInteractionAPI start
]]></system-out>
  </testcase>
  <testcase name="airtelMoneyTransactionWidgetTest" classname="tests.frontendAgent.customerInteractionTest" time="0">
    <skipped message="Method customerInteractionTest.airtelMoneyTransactionWidgetTest(Utils.DataProviders.HeaderDataBean)[pri:7, instance:tests.frontendAgent.customerInteractionTest@4c2bb6e0] depends on not successfully finished methods"/>
    <system-out><![CDATA[I am in on TestSkipped method openCustomerInteractionAPI skipped
03:25:27.716 I am in onTestStart method airtelMoneyTransactionWidgetTest start
]]></system-out>
  </testcase>
  <testcase name="yourCurrentBalanceWidgetTest" classname="tests.frontendAgent.customerInteractionTest" time="0">
    <skipped message="Method customerInteractionTest.yourCurrentBalanceWidgetTest()[pri:8, instance:tests.frontendAgent.customerInteractionTest@4c2bb6e0] depends on not successfully finished methods"/>
    <system-out><![CDATA[I am in on TestSkipped method airtelMoneyTransactionWidgetTest skipped
03:25:27.716 I am in onTestStart method yourCurrentBalanceWidgetTest start
]]></system-out>
  </testcase>
  <testcase name="usageHistoryWidgetTest" classname="tests.frontendAgent.customerInteractionTest" time="0">
    <skipped message="Method customerInteractionTest.usageHistoryWidgetTest(Utils.DataProviders.HeaderDataBean)[pri:9, instance:tests.frontendAgent.customerInteractionTest@4c2bb6e0] depends on not successfully finished methods"/>
    <system-out><![CDATA[I am in on TestSkipped method yourCurrentBalanceWidgetTest skipped
03:25:27.716 I am in onTestStart method usageHistoryWidgetTest start
]]></system-out>
  </testcase>
  <testcase name="rechargeHistoryWidgetTest" classname="tests.frontendAgent.customerInteractionTest" time="0">
    <skipped message="Method customerInteractionTest.rechargeHistoryWidgetTest(Utils.DataProviders.HeaderDataBean)[pri:10, instance:tests.frontendAgent.customerInteractionTest@4c2bb6e0] depends on not successfully finished methods"/>
    <system-out><![CDATA[I am in on TestSkipped method usageHistoryWidgetTest skipped
03:25:27.716 I am in onTestStart method rechargeHistoryWidgetTest start
]]></system-out>
  </testcase>
  <testcase name="validateServiceProfileWidget" classname="tests.frontendAgent.customerInteractionTest" time="0">
    <skipped message="Method customerInteractionTest.validateServiceProfileWidget(Utils.DataProviders.HeaderDataBean)[pri:11, instance:tests.frontendAgent.customerInteractionTest@4c2bb6e0] depends on not successfully finished methods"/>
    <system-out><![CDATA[I am in on TestSkipped method rechargeHistoryWidgetTest skipped
03:25:27.732 I am in onTestStart method validateServiceProfileWidget start
]]></system-out>
  </testcase>
  <testcase name="checkExecution" classname="tests.frontendAgent.widgetsOptionsTest" time="0.109">
    <failure message="The following asserts failed:&#10;	Terminate Execution as user not able to login into portal or Role does not assign to user. Please do needful." type="java.lang.AssertionError">java.lang.AssertionError: 
The following asserts failed:
	Terminate Execution as user not able to login into portal or Role does not assign to user. Please do needful.
	at tests.frontendAgent.widgetsOptionsTest.checkExecution(widgetsOptionsTest.java:35)
</failure>
    <system-out><![CDATA[I am in on TestSkipped method validateServiceProfileWidget skipped
03:25:27.826 [main] INFO  Utils.DataProviders.DataProviders(243) - User Type ALL
03:25:27.826 [main] INFO  Utils.DataProviders.DataProviders(249) - NO USER FOUND
03:25:27.826 [main] INFO  Utils.DataProviders.DataProviders(243) - User Type BA
03:25:27.826 [main] INFO  Utils.DataProviders.DataProviders(249) - NO USER FOUND
03:25:27.826 [main] INFO  Utils.DataProviders.DataProviders(243) - User Type NFTR
03:25:27.826 [main] INFO  Utils.DataProviders.DataProviders(249) - NO USER FOUND
03:25:27.826 [main] INFO  Utils.DataProviders.DataProviders(243) - User Type API
03:25:27.826 [main] INFO  Utils.DataProviders.DataProviders(246) - User Type ADDED API
]]></system-out>
  </testcase>
  <testcase name="openCustomerInteractionAPI" classname="tests.frontendAgent.widgetsOptionsTest" time="0">
    <skipped message="The following asserts failed:&#10;	Terminate Execution as user not able to login into portal or Role does not assign to user. Please do needful."/>
    <system-out><![CDATA[03:25:27.826 I am in onTestStart method openCustomerInteractionAPI start
]]></system-out>
  </testcase>
  <testcase name="daDetailsTest" classname="tests.frontendAgent.widgetsOptionsTest" time="0">
    <skipped message="Method widgetsOptionsTest.daDetailsTest(Utils.DataProviders.HeaderDataBean)[pri:1, instance:tests.frontendAgent.widgetsOptionsTest@3e62d773] depends on not successfully finished methods"/>
    <system-out><![CDATA[I am in on TestSkipped method openCustomerInteractionAPI skipped
03:25:27.826 I am in onTestStart method daDetailsTest start
]]></system-out>
  </testcase>
  <testcase name="accumulatorDetailsTest" classname="tests.frontendAgent.widgetsOptionsTest" time="0">
    <skipped message="Method widgetsOptionsTest.accumulatorDetailsTest(Utils.DataProviders.HeaderDataBean)[pri:2, instance:tests.frontendAgent.widgetsOptionsTest@3e62d773] depends on not successfully finished methods"/>
    <system-out><![CDATA[I am in on TestSkipped method daDetailsTest skipped
03:25:27.841 I am in onTestStart method accumulatorDetailsTest start
]]></system-out>
  </testcase>
  <testcase name="rechargeHistoryMenuTest" classname="tests.frontendAgent.widgetsOptionsTest" time="0">
    <skipped message="Method widgetsOptionsTest.rechargeHistoryMenuTest(Utils.DataProviders.HeaderDataBean)[pri:5, instance:tests.frontendAgent.widgetsOptionsTest@3e62d773] depends on not successfully finished methods"/>
    <system-out><![CDATA[I am in on TestSkipped method accumulatorDetailsTest skipped
03:25:27.841 I am in onTestStart method rechargeHistoryMenuTest start
]]></system-out>
  </testcase>
  <testcase name="usageHistoryMenuTest" classname="tests.frontendAgent.widgetsOptionsTest" time="0">
    <skipped message="Method widgetsOptionsTest.usageHistoryMenuTest(Utils.DataProviders.HeaderDataBean)[pri:6, instance:tests.frontendAgent.widgetsOptionsTest@3e62d773] depends on not successfully finished methods"/>
    <system-out><![CDATA[I am in on TestSkipped method rechargeHistoryMenuTest skipped
03:25:27.841 I am in onTestStart method usageHistoryMenuTest start
]]></system-out>
  </testcase>
  <testcase name="checkExecution" classname="tests.frontendAgent.createInteractionTest" time="0.578">
    <failure message="The following asserts failed:&#10;	Terminate Execution as user not able to login into portal or Role does not assign to user. Please do needful." type="java.lang.AssertionError">java.lang.AssertionError: 
The following asserts failed:
	Terminate Execution as user not able to login into portal or Role does not assign to user. Please do needful.
	at tests.frontendAgent.createInteractionTest.checkExecution(createInteractionTest.java:53)
</failure>
    <system-out><![CDATA[I am in on TestSkipped method usageHistoryMenuTest skipped
I am in onFinish method Customer Interactions TEST
I am in onStart method Create NFTR FTR Tickets TEST
03:25:28.404 [main] INFO  Utils.DataProviders.DataProviders(243) - User Type ALL
03:25:28.404 [main] INFO  Utils.DataProviders.DataProviders(249) - NO USER FOUND
03:25:28.404 [main] INFO  Utils.DataProviders.DataProviders(243) - User Type BA
03:25:28.404 [main] INFO  Utils.DataProviders.DataProviders(249) - NO USER FOUND
03:25:28.404 [main] INFO  Utils.DataProviders.DataProviders(243) - User Type NFTR
03:25:28.404 [main] INFO  Utils.DataProviders.DataProviders(246) - User Type ADDED NFTR
03:25:28.404 [main] INFO  Utils.DataProviders.DataProviders(243) - User Type API
03:25:28.404 [main] INFO  Utils.DataProviders.DataProviders(249) - NO USER FOUND
]]></system-out>
  </testcase>
  <testcase name="checkExecution" classname="tests.frontendAgent.createInteractionTest" time="0">
    <skipped/>
  </testcase>
  <testcase name="openCustomerInteraction" classname="tests.frontendAgent.createInteractionTest" time="0">
    <skipped message="The following asserts failed:&#10;	Terminate Execution as user not able to login into portal or Role does not assign to user. Please do needful."/>
    <system-out><![CDATA[03:25:28.404 I am in onTestStart method openCustomerInteraction start
]]></system-out>
  </testcase>
  <testcase name="CreateInteraction" classname="tests.frontendAgent.createInteractionTest" time="0">
    <skipped message="Method createInteractionTest.CreateInteraction(Utils.DataProviders.ftrDataBeans)[pri:2, instance:tests.frontendAgent.createInteractionTest@264f218] depends on not successfully finished methods"/>
    <system-out><![CDATA[I am in on TestSkipped method openCustomerInteraction skipped
03:25:28.404 I am in onTestStart method CreateInteraction start
]]></system-out>
  </testcase>
  <testcase name="methodLevelSetup" classname="tests.frontendAgent.createInteractionTest" time="0">
    <skipped/>
    <system-out><![CDATA[I am in on TestSkipped method CreateInteraction skipped
03:25:28.544 [main] INFO  Utils.DataProviders.DataProviders(243) - User Type ALL
03:25:28.544 [main] INFO  Utils.DataProviders.DataProviders(249) - NO USER FOUND
03:25:28.544 [main] INFO  Utils.DataProviders.DataProviders(243) - User Type BA
03:25:28.544 [main] INFO  Utils.DataProviders.DataProviders(249) - NO USER FOUND
03:25:28.544 [main] INFO  Utils.DataProviders.DataProviders(243) - User Type NFTR
03:25:28.544 [main] INFO  Utils.DataProviders.DataProviders(249) - NO USER FOUND
03:25:28.544 [main] INFO  Utils.DataProviders.DataProviders(243) - User Type API
03:25:28.544 [main] INFO  Utils.DataProviders.DataProviders(246) - User Type ADDED API
]]></system-out>
  </testcase>
  <testcase name="loginAPI" classname="tests.frontendAgent.createInteractionTest" time="0">
    <skipped message="The following asserts failed:&#10;	Terminate Execution as user not able to login into portal or Role does not assign to user. Please do needful."/>
    <system-out><![CDATA[03:25:28.544 I am in onTestStart method loginAPI start
]]></system-out>
  </testcase>
  <testcase name="CreateNFTRInteraction" classname="tests.frontendAgent.createInteractionTest" time="0">
    <skipped message="Method createInteractionTest.CreateNFTRInteraction(Utils.DataProviders.nftrDataBeans)[pri:4, instance:tests.frontendAgent.createInteractionTest@264f218] depends on not successfully finished methods"/>
    <system-out><![CDATA[I am in on TestSkipped method loginAPI skipped
03:25:28.544 I am in onTestStart method CreateNFTRInteraction start
]]></system-out>
  </testcase>
  <testcase name="checkExecution" classname="tests.frontendAgent.WidgetTaggedIssueTest" time="0.594">
    <failure message="The following asserts failed:&#10;	Terminate Execution as user not able to login into portal or Role does not assign to user. Please do needful." type="java.lang.AssertionError">java.lang.AssertionError: 
The following asserts failed:
	Terminate Execution as user not able to login into portal or Role does not assign to user. Please do needful.
	at tests.frontendAgent.WidgetTaggedIssueTest.checkExecution(WidgetTaggedIssueTest.java:25)
</failure>
    <system-out><![CDATA[I am in on TestSkipped method CreateNFTRInteraction skipped
I am in onFinish method Create NFTR FTR Tickets TEST
I am in onStart method Widget Tagged Interaction TEST
03:25:29.154 [main] INFO  Utils.DataProviders.DataProviders(243) - User Type ALL
03:25:29.154 [main] INFO  Utils.DataProviders.DataProviders(249) - NO USER FOUND
03:25:29.154 [main] INFO  Utils.DataProviders.DataProviders(243) - User Type BA
03:25:29.154 [main] INFO  Utils.DataProviders.DataProviders(249) - NO USER FOUND
03:25:29.154 [main] INFO  Utils.DataProviders.DataProviders(243) - User Type NFTR
03:25:29.154 [main] INFO  Utils.DataProviders.DataProviders(246) - User Type ADDED NFTR
03:25:29.154 [main] INFO  Utils.DataProviders.DataProviders(243) - User Type API
03:25:29.154 [main] INFO  Utils.DataProviders.DataProviders(249) - NO USER FOUND
]]></system-out>
  </testcase>
  <testcase name="checkExecution" classname="tests.frontendAgent.WidgetTaggedIssueTest" time="0">
    <skipped/>
  </testcase>
  <testcase name="checkExecution" classname="tests.frontendAgent.WidgetTaggedIssueTest" time="0">
    <skipped/>
  </testcase>
  <testcase name="checkExecution" classname="tests.frontendAgent.WidgetTaggedIssueTest" time="0">
    <skipped/>
  </testcase>
  <testcase name="checkExecution" classname="tests.frontendAgent.WidgetTaggedIssueTest" time="0">
    <skipped/>
  </testcase>
  <testcase name="checkExecution" classname="tests.frontendAgent.WidgetTaggedIssueTest" time="0">
    <skipped/>
  </testcase>
  <testcase name="openCustomerInteraction" classname="tests.frontendAgent.WidgetTaggedIssueTest" time="0">
    <skipped message="The following asserts failed:&#10;	Terminate Execution as user not able to login into portal or Role does not assign to user. Please do needful."/>
    <system-out><![CDATA[03:25:29.154 I am in onTestStart method openCustomerInteraction start
]]></system-out>
  </testcase>
  <testcase name="methodLevelSetup" classname="tests.frontendAgent.WidgetTaggedIssueTest" time="0">
    <skipped/>
    <system-out><![CDATA[I am in on TestSkipped method openCustomerInteraction skipped
]]></system-out>
  </testcase>
  <testcase name="methodLevelSetup" classname="tests.frontendAgent.WidgetTaggedIssueTest" time="0">
    <skipped/>
    <system-out><![CDATA[I am in on TestSkipped method currentPlanWidgetTagIssue skipped
]]></system-out>
  </testcase>
  <testcase name="methodLevelSetup" classname="tests.frontendAgent.WidgetTaggedIssueTest" time="0">
    <skipped/>
    <system-out><![CDATA[I am in on TestSkipped method rechargeHistoryWidgetTagIssue skipped
]]></system-out>
  </testcase>
  <testcase name="methodLevelSetup" classname="tests.frontendAgent.WidgetTaggedIssueTest" time="0">
    <skipped/>
    <system-out><![CDATA[I am in on TestSkipped method usageWidgetTagIssue skipped
]]></system-out>
  </testcase>
  <testcase name="methodLevelSetup" classname="tests.frontendAgent.WidgetTaggedIssueTest" time="0">
    <skipped/>
    <system-out><![CDATA[I am in on TestSkipped method airtelMoneyWidgetTagIssue skipped
]]></system-out>
  </testcase>
  <testcase name="currentPlanWidgetTagIssue" classname="tests.frontendAgent.WidgetTaggedIssueTest" time="0">
    <skipped message="The following asserts failed:&#10;	Terminate Execution as user not able to login into portal or Role does not assign to user. Please do needful."/>
    <system-out><![CDATA[03:25:29.154 I am in onTestStart method currentPlanWidgetTagIssue start
]]></system-out>
  </testcase>
  <testcase name="rechargeHistoryWidgetTagIssue" classname="tests.frontendAgent.WidgetTaggedIssueTest" time="0">
    <skipped message="The following asserts failed:&#10;	Terminate Execution as user not able to login into portal or Role does not assign to user. Please do needful."/>
    <system-out><![CDATA[03:25:29.154 I am in onTestStart method rechargeHistoryWidgetTagIssue start
]]></system-out>
  </testcase>
  <testcase name="usageWidgetTagIssue" classname="tests.frontendAgent.WidgetTaggedIssueTest" time="0">
    <skipped message="The following asserts failed:&#10;	Terminate Execution as user not able to login into portal or Role does not assign to user. Please do needful."/>
    <system-out><![CDATA[03:25:29.154 I am in onTestStart method usageWidgetTagIssue start
]]></system-out>
  </testcase>
  <testcase name="airtelMoneyWidgetTagIssue" classname="tests.frontendAgent.WidgetTaggedIssueTest" time="0">
    <skipped message="The following asserts failed:&#10;	Terminate Execution as user not able to login into portal or Role does not assign to user. Please do needful."/>
    <system-out><![CDATA[03:25:29.154 I am in onTestStart method airtelMoneyWidgetTagIssue start
]]></system-out>
  </testcase>
  <testcase name="daDetailsTest" classname="tests.frontendAgent.WidgetTaggedIssueTest" time="0">
    <skipped message="The following asserts failed:&#10;	Terminate Execution as user not able to login into portal or Role does not assign to user. Please do needful."/>
    <system-out><![CDATA[03:25:29.154 I am in onTestStart method daDetailsTest start
]]></system-out>
  </testcase>
  <testcase name="checkExecution" classname="tests.frontendAgent.PinTagTest" time="0.5">
    <failure message="The following asserts failed:&#10;	Terminate Execution as user not able to login into portal or Role does not assign to user. Please do needful." type="java.lang.AssertionError">java.lang.AssertionError: 
The following asserts failed:
	Terminate Execution as user not able to login into portal or Role does not assign to user. Please do needful.
	at tests.frontendAgent.PinTagTest.checkExecution(PinTagTest.java:28)
</failure>
    <system-out><![CDATA[I am in on TestSkipped method daDetailsTest skipped
I am in onFinish method Widget Tagged Interaction TEST
I am in onStart method Customer Pinned Tag TEST
03:25:29.669 [main] INFO  Utils.DataProviders.DataProviders(243) - User Type ALL
03:25:29.669 [main] INFO  Utils.DataProviders.DataProviders(249) - NO USER FOUND
03:25:29.669 [main] INFO  Utils.DataProviders.DataProviders(243) - User Type BA
03:25:29.669 [main] INFO  Utils.DataProviders.DataProviders(249) - NO USER FOUND
03:25:29.669 [main] INFO  Utils.DataProviders.DataProviders(243) - User Type NFTR
03:25:29.669 [main] INFO  Utils.DataProviders.DataProviders(246) - User Type ADDED NFTR
03:25:29.669 [main] INFO  Utils.DataProviders.DataProviders(243) - User Type API
03:25:29.669 [main] INFO  Utils.DataProviders.DataProviders(249) - NO USER FOUND
]]></system-out>
  </testcase>
  <testcase name="checkExecution" classname="tests.frontendAgent.PinTagTest" time="0">
    <skipped/>
  </testcase>
  <testcase name="checkExecution" classname="tests.frontendAgent.PinTagTest" time="0">
    <skipped/>
  </testcase>
  <testcase name="checkExecution" classname="tests.frontendAgent.PinTagTest" time="0">
    <skipped/>
  </testcase>
  <testcase name="checkExecution" classname="tests.frontendAgent.PinTagTest" time="0">
    <skipped/>
  </testcase>
  <testcase name="openCustomerInteraction" classname="tests.frontendAgent.PinTagTest" time="0">
    <skipped message="The following asserts failed:&#10;	Terminate Execution as user not able to login into portal or Role does not assign to user. Please do needful."/>
    <system-out><![CDATA[03:25:29.669 I am in onTestStart method openCustomerInteraction start
]]></system-out>
  </testcase>
  <testcase name="methodLevelSetup" classname="tests.frontendAgent.PinTagTest" time="0">
    <skipped/>
    <system-out><![CDATA[I am in on TestSkipped method openCustomerInteraction skipped
]]></system-out>
  </testcase>
  <testcase name="methodLevelSetup" classname="tests.frontendAgent.PinTagTest" time="0">
    <skipped/>
    <system-out><![CDATA[I am in on TestSkipped method checkALLPinnedTag skipped
]]></system-out>
  </testcase>
  <testcase name="methodLevelSetup" classname="tests.frontendAgent.PinTagTest" time="0">
    <skipped/>
    <system-out><![CDATA[I am in on TestSkipped method checkIssueCodeForPinTag skipped
]]></system-out>
  </testcase>
  <testcase name="methodLevelSetup" classname="tests.frontendAgent.PinTagTest" time="0">
    <skipped/>
    <system-out><![CDATA[I am in on TestSkipped method checkIssueCodeForPinTag skipped
]]></system-out>
  </testcase>
  <testcase name="checkALLPinnedTag" classname="tests.frontendAgent.PinTagTest" time="0">
    <skipped message="The following asserts failed:&#10;	Terminate Execution as user not able to login into portal or Role does not assign to user. Please do needful."/>
    <system-out><![CDATA[03:25:29.669 I am in onTestStart method checkALLPinnedTag start
]]></system-out>
  </testcase>
  <testcase name="checkIssueCodeForPinTag" classname="tests.frontendAgent.PinTagTest" time="0">
    <skipped message="The following asserts failed:&#10;	Terminate Execution as user not able to login into portal or Role does not assign to user. Please do needful."/>
    <system-out><![CDATA[03:25:29.779 I am in onTestStart method checkIssueCodeForPinTag start
]]></system-out>
  </testcase>
  <testcase name="checkIssueCodeForPinTag" classname="tests.frontendAgent.PinTagTest" time="0">
    <skipped message="The following asserts failed:&#10;	Terminate Execution as user not able to login into portal or Role does not assign to user. Please do needful."/>
    <system-out><![CDATA[03:25:29.779 I am in onTestStart method checkIssueCodeForPinTag start
]]></system-out>
  </testcase>
  <testcase name="checkIssueCodeForPinTag" classname="tests.frontendAgent.PinTagTest" time="0">
    <skipped message="The following asserts failed:&#10;	Terminate Execution as user not able to login into portal or Role does not assign to user. Please do needful."/>
    <system-out><![CDATA[03:25:29.779 I am in onTestStart method checkIssueCodeForPinTag start
]]></system-out>
  </testcase>
  <testcase name="checkExecution" classname="tests.frontendAgent.InteractionCommentTest" time="0.578">
    <failure message="The following asserts failed:&#10;	Terminate Execution as user not able to login into portal or Role does not assign to user. Please do needful." type="java.lang.AssertionError">java.lang.AssertionError: 
The following asserts failed:
	Terminate Execution as user not able to login into portal or Role does not assign to user. Please do needful.
	at tests.frontendAgent.InteractionCommentTest.checkExecution(InteractionCommentTest.java:32)
</failure>
    <system-out><![CDATA[I am in on TestSkipped method checkIssueCodeForPinTag skipped
I am in onFinish method Customer Pinned Tag TEST
I am in onStart method Add Interaction Ticket Comment
03:25:30.357 [main] INFO  Utils.DataProviders.DataProviders(243) - User Type ALL
03:25:30.357 [main] INFO  Utils.DataProviders.DataProviders(249) - NO USER FOUND
03:25:30.357 [main] INFO  Utils.DataProviders.DataProviders(243) - User Type BA
03:25:30.357 [main] INFO  Utils.DataProviders.DataProviders(249) - NO USER FOUND
03:25:30.357 [main] INFO  Utils.DataProviders.DataProviders(243) - User Type NFTR
03:25:30.357 [main] INFO  Utils.DataProviders.DataProviders(246) - User Type ADDED NFTR
03:25:30.357 [main] INFO  Utils.DataProviders.DataProviders(243) - User Type API
03:25:30.357 [main] INFO  Utils.DataProviders.DataProviders(249) - NO USER FOUND
]]></system-out>
  </testcase>
  <testcase name="checkExecution" classname="tests.frontendAgent.InteractionCommentTest" time="0">
    <skipped/>
  </testcase>
  <testcase name="openCustomerInteraction" classname="tests.frontendAgent.InteractionCommentTest" time="0">
    <skipped message="The following asserts failed:&#10;	Terminate Execution as user not able to login into portal or Role does not assign to user. Please do needful."/>
    <system-out><![CDATA[03:25:30.357 I am in onTestStart method openCustomerInteraction start
]]></system-out>
  </testcase>
  <testcase name="methodLevelSetup" classname="tests.frontendAgent.InteractionCommentTest" time="0">
    <skipped/>
    <system-out><![CDATA[I am in on TestSkipped method openCustomerInteraction skipped
]]></system-out>
  </testcase>
  <testcase name="addInteractionComment" classname="tests.frontendAgent.InteractionCommentTest" time="0">
    <skipped message="The following asserts failed:&#10;	Terminate Execution as user not able to login into portal or Role does not assign to user. Please do needful."/>
    <system-out><![CDATA[03:25:30.763 I am in onTestStart method addInteractionComment start
]]></system-out>
  </testcase>
  <testcase name="checkSendMessageLog" classname="tests.frontendAgent.InteractionCommentTest" time="0">
    <skipped message="Method InteractionCommentTest.checkSendMessageLog()[pri:3, instance:tests.frontendAgent.InteractionCommentTest@6ca18a14] depends on not successfully finished methods"/>
    <system-out><![CDATA[I am in on TestSkipped method addInteractionComment skipped
03:25:30.763 I am in onTestStart method checkSendMessageLog start
]]></system-out>
  </testcase>
  <testcase name="checkExecution" classname="tests.frontendAgent.FrontendAgentTicketTest" time="0.578">
    <failure message="The following asserts failed:&#10;	Terminate Execution as user not able to login into portal or Role does not assign to user. Please do needful." type="java.lang.AssertionError">java.lang.AssertionError: 
The following asserts failed:
	Terminate Execution as user not able to login into portal or Role does not assign to user. Please do needful.
	at tests.frontendAgent.FrontendAgentTicketTest.checkExecution(FrontendAgentTicketTest.java:25)
</failure>
    <system-out><![CDATA[I am in on TestSkipped method checkSendMessageLog skipped
I am in onFinish method Add Interaction Ticket Comment
I am in onStart method Validate Frontend Agent Ticket Page
03:25:31.325 [main] INFO  Utils.DataProviders.DataProviders(243) - User Type ALL
03:25:31.341 [main] INFO  Utils.DataProviders.DataProviders(249) - NO USER FOUND
03:25:31.341 [main] INFO  Utils.DataProviders.DataProviders(243) - User Type BA
03:25:31.341 [main] INFO  Utils.DataProviders.DataProviders(249) - NO USER FOUND
03:25:31.341 [main] INFO  Utils.DataProviders.DataProviders(243) - User Type NFTR
03:25:31.341 [main] INFO  Utils.DataProviders.DataProviders(246) - User Type ADDED NFTR
03:25:31.341 [main] INFO  Utils.DataProviders.DataProviders(243) - User Type API
03:25:31.341 [main] INFO  Utils.DataProviders.DataProviders(249) - NO USER FOUND
]]></system-out>
  </testcase>
  <testcase name="checkExecution" classname="tests.frontendAgent.FrontendAgentTicketTest" time="0">
    <skipped/>
  </testcase>
  <testcase name="checkExecution" classname="tests.frontendAgent.FrontendAgentTicketTest" time="0">
    <skipped/>
  </testcase>
  <testcase name="checkExecution" classname="tests.frontendAgent.FrontendAgentTicketTest" time="0">
    <skipped/>
  </testcase>
  <testcase name="openCustomerInteraction" classname="tests.frontendAgent.FrontendAgentTicketTest" time="0">
    <skipped message="The following asserts failed:&#10;	Terminate Execution as user not able to login into portal or Role does not assign to user. Please do needful."/>
    <system-out><![CDATA[03:25:31.341 I am in onTestStart method openCustomerInteraction start
]]></system-out>
  </testcase>
  <testcase name="methodLevelSetup" classname="tests.frontendAgent.FrontendAgentTicketTest" time="0">
    <skipped/>
    <system-out><![CDATA[I am in on TestSkipped method openCustomerInteraction skipped
]]></system-out>
  </testcase>
  <testcase name="methodLevelSetup" classname="tests.frontendAgent.FrontendAgentTicketTest" time="0">
    <skipped/>
    <system-out><![CDATA[I am in on TestSkipped method validateTicket skipped
]]></system-out>
  </testcase>
  <testcase name="methodLevelSetup" classname="tests.frontendAgent.FrontendAgentTicketTest" time="0">
    <skipped/>
    <system-out><![CDATA[I am in on TestSkipped method validateAddToInteraction skipped
]]></system-out>
  </testcase>
  <testcase name="validateTicket" classname="tests.frontendAgent.FrontendAgentTicketTest" time="0">
    <skipped message="The following asserts failed:&#10;	Terminate Execution as user not able to login into portal or Role does not assign to user. Please do needful."/>
    <system-out><![CDATA[03:25:31.341 I am in onTestStart method validateTicket start
]]></system-out>
  </testcase>
  <testcase name="validateAddToInteraction" classname="tests.frontendAgent.FrontendAgentTicketTest" time="0">
    <skipped message="The following asserts failed:&#10;	Terminate Execution as user not able to login into portal or Role does not assign to user. Please do needful."/>
    <system-out><![CDATA[03:25:31.341 I am in onTestStart method validateAddToInteraction start
]]></system-out>
  </testcase>
  <testcase name="validateNFTRIssue" classname="tests.frontendAgent.FrontendAgentTicketTest" time="0">
    <skipped message="The following asserts failed:&#10;	Terminate Execution as user not able to login into portal or Role does not assign to user. Please do needful."/>
    <system-out><![CDATA[03:25:31.341 I am in onTestStart method validateNFTRIssue start
]]></system-out>
  </testcase>
  <testcase name="validateSendSMSTab" classname="tests.frontendAgent.FrontendAgentTicketTest" time="0">
    <skipped message="Method FrontendAgentTicketTest.validateSendSMSTab()[pri:5, instance:tests.frontendAgent.FrontendAgentTicketTest@77659b30] depends on not successfully finished methods"/>
    <system-out><![CDATA[I am in on TestSkipped method validateNFTRIssue skipped
03:25:31.341 I am in onTestStart method validateSendSMSTab start
]]></system-out>
  </testcase>
  <testcase name="checkExecution" classname="tests.frontendAgent.VoucherTabTest" time="0.5">
    <failure message="The following asserts failed:&#10;	Terminate Execution as user not able to login into portal or Role does not assign to user. Please do needful." type="java.lang.AssertionError">java.lang.AssertionError: 
The following asserts failed:
	Terminate Execution as user not able to login into portal or Role does not assign to user. Please do needful.
	at tests.frontendAgent.VoucherTabTest.checkExecution(VoucherTabTest.java:45)
</failure>
    <system-out><![CDATA[I am in on TestSkipped method validateSendSMSTab skipped
I am in onFinish method Validate Frontend Agent Ticket Page
I am in onStart method Validate Voucher Tab
03:25:31.825 [main] INFO  Utils.DataProviders.DataProviders(243) - User Type ALL
03:25:31.841 [main] INFO  Utils.DataProviders.DataProviders(249) - NO USER FOUND
03:25:31.841 [main] INFO  Utils.DataProviders.DataProviders(243) - User Type BA
03:25:31.841 [main] INFO  Utils.DataProviders.DataProviders(249) - NO USER FOUND
03:25:31.841 [main] INFO  Utils.DataProviders.DataProviders(243) - User Type NFTR
03:25:31.841 [main] INFO  Utils.DataProviders.DataProviders(249) - NO USER FOUND
03:25:31.841 [main] INFO  Utils.DataProviders.DataProviders(243) - User Type API
03:25:31.841 [main] INFO  Utils.DataProviders.DataProviders(246) - User Type ADDED API
]]></system-out>
  </testcase>
  <testcase name="checkExecution" classname="tests.frontendAgent.VoucherTabTest" time="0">
    <skipped/>
  </testcase>
  <testcase name="checkExecution" classname="tests.frontendAgent.VoucherTabTest" time="0">
    <skipped/>
  </testcase>
  <testcase name="loginAPI" classname="tests.frontendAgent.VoucherTabTest" time="0">
    <skipped message="The following asserts failed:&#10;	Terminate Execution as user not able to login into portal or Role does not assign to user. Please do needful."/>
    <system-out><![CDATA[03:25:31.841 I am in onTestStart method loginAPI start
]]></system-out>
  </testcase>
  <testcase name="methodLevelSetup" classname="tests.frontendAgent.VoucherTabTest" time="0">
    <skipped/>
    <system-out><![CDATA[I am in on TestSkipped method loginAPI skipped
03:25:31.966 [main] INFO  Utils.DataProviders.DataProviders(243) - User Type ALL
03:25:31.966 [main] INFO  Utils.DataProviders.DataProviders(249) - NO USER FOUND
03:25:31.966 [main] INFO  Utils.DataProviders.DataProviders(243) - User Type BA
03:25:31.966 [main] INFO  Utils.DataProviders.DataProviders(249) - NO USER FOUND
03:25:31.966 [main] INFO  Utils.DataProviders.DataProviders(243) - User Type NFTR
03:25:31.981 [main] INFO  Utils.DataProviders.DataProviders(246) - User Type ADDED NFTR
03:25:31.981 [main] INFO  Utils.DataProviders.DataProviders(243) - User Type API
03:25:31.981 [main] INFO  Utils.DataProviders.DataProviders(249) - NO USER FOUND
]]></system-out>
  </testcase>
  <testcase name="methodLevelSetup" classname="tests.frontendAgent.VoucherTabTest" time="0">
    <skipped/>
    <system-out><![CDATA[I am in on TestSkipped method openCustomerInteraction skipped
]]></system-out>
  </testcase>
  <testcase name="openCustomerInteraction" classname="tests.frontendAgent.VoucherTabTest" time="0">
    <skipped message="The following asserts failed:&#10;	Terminate Execution as user not able to login into portal or Role does not assign to user. Please do needful."/>
    <system-out><![CDATA[03:25:31.981 I am in onTestStart method openCustomerInteraction start
]]></system-out>
  </testcase>
  <testcase name="voucherSearchTest" classname="tests.frontendAgent.VoucherTabTest" time="0">
    <skipped message="The following asserts failed:&#10;	Terminate Execution as user not able to login into portal or Role does not assign to user. Please do needful."/>
    <system-out><![CDATA[03:25:31.981 I am in onTestStart method voucherSearchTest start
]]></system-out>
  </testcase>
  <testcase name="checkExecution" classname="tests.frontendAgent.ClearRefillErrorTest" time="0.563">
    <failure message="The following asserts failed:&#10;	Terminate Execution as user not able to login into portal or Role does not assign to user. Please do needful." type="java.lang.AssertionError">java.lang.AssertionError: 
The following asserts failed:
	Terminate Execution as user not able to login into portal or Role does not assign to user. Please do needful.
	at tests.frontendAgent.ClearRefillErrorTest.checkExecution(ClearRefillErrorTest.java:31)
</failure>
    <system-out><![CDATA[I am in on TestSkipped method voucherSearchTest skipped
I am in onFinish method Validate Voucher Tab
I am in onStart method Clear Refill error
03:25:32.528 [main] INFO  Utils.DataProviders.DataProviders(243) - User Type ALL
03:25:32.544 [main] INFO  Utils.DataProviders.DataProviders(249) - NO USER FOUND
03:25:32.544 [main] INFO  Utils.DataProviders.DataProviders(243) - User Type BA
03:25:32.544 [main] INFO  Utils.DataProviders.DataProviders(249) - NO USER FOUND
03:25:32.544 [main] INFO  Utils.DataProviders.DataProviders(243) - User Type NFTR
03:25:32.544 [main] INFO  Utils.DataProviders.DataProviders(249) - NO USER FOUND
03:25:32.544 [main] INFO  Utils.DataProviders.DataProviders(243) - User Type API
03:25:32.544 [main] INFO  Utils.DataProviders.DataProviders(246) - User Type ADDED API
]]></system-out>
  </testcase>
  <testcase name="openCustomerInteractionAPI" classname="tests.frontendAgent.ClearRefillErrorTest" time="0">
    <skipped message="The following asserts failed:&#10;	Terminate Execution as user not able to login into portal or Role does not assign to user. Please do needful."/>
    <system-out><![CDATA[03:25:32.544 I am in onTestStart method openCustomerInteractionAPI start
]]></system-out>
  </testcase>
  <testcase name="clearRefillTest" classname="tests.frontendAgent.ClearRefillErrorTest" time="0">
    <skipped message="Method ClearRefillErrorTest.clearRefillTest()[pri:2, instance:tests.frontendAgent.ClearRefillErrorTest@19976a65] depends on not successfully finished methods"/>
    <system-out><![CDATA[I am in on TestSkipped method openCustomerInteractionAPI skipped
03:25:32.544 I am in onTestStart method clearRefillTest start
]]></system-out>
  </testcase>
  <testcase name="checkExecution" classname="tests.frontendAgent.AuthTabTest" time="0.546">
    <failure message="The following asserts failed:&#10;	Terminate Execution as user not able to login into portal or Role does not assign to user. Please do needful." type="java.lang.AssertionError">java.lang.AssertionError: 
The following asserts failed:
	Terminate Execution as user not able to login into portal or Role does not assign to user. Please do needful.
	at tests.frontendAgent.AuthTabTest.checkExecution(AuthTabTest.java:27)
</failure>
    <system-out><![CDATA[I am in on TestSkipped method clearRefillTest skipped
I am in onFinish method Clear Refill error
I am in onStart method Validate Authentication tab
03:25:33.075 [main] INFO  Utils.DataProviders.DataProviders(243) - User Type ALL
03:25:33.075 [main] INFO  Utils.DataProviders.DataProviders(249) - NO USER FOUND
03:25:33.075 [main] INFO  Utils.DataProviders.DataProviders(243) - User Type BA
03:25:33.075 [main] INFO  Utils.DataProviders.DataProviders(249) - NO USER FOUND
03:25:33.075 [main] INFO  Utils.DataProviders.DataProviders(243) - User Type NFTR
03:25:33.090 [main] INFO  Utils.DataProviders.DataProviders(246) - User Type ADDED NFTR
03:25:33.090 [main] INFO  Utils.DataProviders.DataProviders(243) - User Type API
03:25:33.090 [main] INFO  Utils.DataProviders.DataProviders(249) - NO USER FOUND
]]></system-out>
  </testcase>
  <testcase name="checkExecution" classname="tests.frontendAgent.AuthTabTest" time="0">
    <skipped/>
  </testcase>
  <testcase name="openCustomerInteraction" classname="tests.frontendAgent.AuthTabTest" time="0">
    <skipped message="The following asserts failed:&#10;	Terminate Execution as user not able to login into portal or Role does not assign to user. Please do needful."/>
    <system-out><![CDATA[03:25:33.090 I am in onTestStart method openCustomerInteraction start
]]></system-out>
  </testcase>
  <testcase name="validateAuthTab" classname="tests.frontendAgent.AuthTabTest" time="0">
    <skipped message="Method AuthTabTest.validateAuthTab()[pri:2, instance:tests.frontendAgent.AuthTabTest@6531a794] depends on not successfully finished methods"/>
    <system-out><![CDATA[I am in on TestSkipped method openCustomerInteraction skipped
03:25:33.090 I am in onTestStart method validateAuthTab start
]]></system-out>
  </testcase>
  <testcase name="methodLevelSetup" classname="tests.frontendAgent.AuthTabTest" time="0">
    <skipped/>
    <system-out><![CDATA[I am in on TestSkipped method validateAuthTab skipped
]]></system-out>
  </testcase>
  <testcase name="validateAuthTabMinQuestion" classname="tests.frontendAgent.AuthTabTest" time="0">
    <skipped message="The following asserts failed:&#10;	Terminate Execution as user not able to login into portal or Role does not assign to user. Please do needful."/>
    <system-out><![CDATA[03:25:33.090 I am in onTestStart method validateAuthTabMinQuestion start
]]></system-out>
  </testcase>
  <testcase name="validateSendInternetSetting" classname="tests.frontendAgent.AuthTabTest" time="0">
    <skipped message="Method AuthTabTest.validateSendInternetSetting()[pri:5, instance:tests.frontendAgent.AuthTabTest@6531a794] depends on not successfully finished methods"/>
    <system-out><![CDATA[I am in on TestSkipped method validateAuthTabMinQuestion skipped
03:25:33.090 I am in onTestStart method validateSendInternetSetting start
]]></system-out>
  </testcase>
  <testcase name="validateResetME2UPassword" classname="tests.frontendAgent.AuthTabTest" time="0">
    <skipped message="Method AuthTabTest.validateResetME2UPassword()[pri:6, instance:tests.frontendAgent.AuthTabTest@6531a794] depends on not successfully finished methods"/>
    <system-out><![CDATA[I am in on TestSkipped method validateSendInternetSetting skipped
03:25:33.090 I am in onTestStart method validateResetME2UPassword start
]]></system-out>
  </testcase>
  <testcase name="checkExecution" classname="tests.frontendAgent.LoanWidgetTest" time="0.672">
    <failure message="The following asserts failed:&#10;	Terminate Execution as user not able to login into portal or Role does not assign to user. Please do needful." type="java.lang.AssertionError">java.lang.AssertionError: 
The following asserts failed:
	Terminate Execution as user not able to login into portal or Role does not assign to user. Please do needful.
	at tests.frontendAgent.LoanWidgetTest.checkExecution(LoanWidgetTest.java:38)
</failure>
    <system-out><![CDATA[I am in on TestSkipped method validateResetME2UPassword skipped
I am in onFinish method Validate Authentication tab
I am in onStart method Loan Widget Test
03:25:33.762 [main] INFO  Utils.DataProviders.DataProviders(243) - User Type ALL
03:25:33.762 [main] INFO  Utils.DataProviders.DataProviders(246) - User Type ADDED ALL
03:25:33.762 [main] INFO  Utils.DataProviders.DataProviders(243) - User Type BA
03:25:33.762 [main] INFO  Utils.DataProviders.DataProviders(249) - NO USER FOUND
03:25:33.762 [main] INFO  Utils.DataProviders.DataProviders(243) - User Type NFTR
03:25:33.762 [main] INFO  Utils.DataProviders.DataProviders(249) - NO USER FOUND
03:25:33.762 [main] INFO  Utils.DataProviders.DataProviders(243) - User Type API
03:25:33.762 [main] INFO  Utils.DataProviders.DataProviders(249) - NO USER FOUND
]]></system-out>
  </testcase>
  <testcase name="openCustomerInteraction" classname="tests.frontendAgent.LoanWidgetTest" time="0">
    <skipped message="The following asserts failed:&#10;	Terminate Execution as user not able to login into portal or Role does not assign to user. Please do needful."/>
    <system-out><![CDATA[03:25:33.762 I am in onTestStart method openCustomerInteraction start
]]></system-out>
  </testcase>
  <testcase name="validateLoanWidgetLayout" classname="tests.frontendAgent.LoanWidgetTest" time="0">
    <skipped message="Method LoanWidgetTest.validateLoanWidgetLayout(Utils.DataProviders.HeaderDataBean)[pri:2, instance:tests.frontendAgent.LoanWidgetTest@34b9f960] depends on not successfully finished methods"/>
    <system-out><![CDATA[I am in on TestSkipped method openCustomerInteraction skipped
03:25:33.762 I am in onTestStart method validateLoanWidgetLayout start
]]></system-out>
  </testcase>
  <testcase name="validateLoanWidget" classname="tests.frontendAgent.LoanWidgetTest" time="0">
    <skipped message="Method LoanWidgetTest.validateLoanWidget()[pri:3, instance:tests.frontendAgent.LoanWidgetTest@34b9f960] depends on not successfully finished methods"/>
    <system-out><![CDATA[I am in on TestSkipped method validateLoanWidgetLayout skipped
03:25:33.778 I am in onTestStart method validateLoanWidget start
]]></system-out>
  </testcase>
  <testcase name="validateLoanDetailWidget" classname="tests.frontendAgent.LoanWidgetTest" time="0">
    <skipped message="Method LoanWidgetTest.validateLoanDetailWidget(Utils.DataProviders.HeaderDataBean)[pri:4, instance:tests.frontendAgent.LoanWidgetTest@34b9f960] depends on not successfully finished methods"/>
    <system-out><![CDATA[I am in on TestSkipped method validateLoanWidget skipped
03:25:33.778 I am in onTestStart method validateLoanDetailWidget start
]]></system-out>
  </testcase>
  <testcase name="validateLoanHistoryWidget" classname="tests.frontendAgent.LoanWidgetTest" time="0">
    <skipped message="Method LoanWidgetTest.validateLoanHistoryWidget(Utils.DataProviders.HeaderDataBean)[pri:5, instance:tests.frontendAgent.LoanWidgetTest@34b9f960] depends on not successfully finished methods"/>
    <system-out><![CDATA[I am in on TestSkipped method validateLoanDetailWidget skipped
03:25:33.778 I am in onTestStart method validateLoanHistoryWidget start
]]></system-out>
  </testcase>
  <testcase name="checkExecution" classname="tests.frontendAgent.CRBTWidgetTest" time="0.609">
    <failure message="The following asserts failed:&#10;	Terminate Execution as user not able to login into portal or Role does not assign to user. Please do needful." type="java.lang.AssertionError">java.lang.AssertionError: 
The following asserts failed:
	Terminate Execution as user not able to login into portal or Role does not assign to user. Please do needful.
	at tests.frontendAgent.CRBTWidgetTest.checkExecution(CRBTWidgetTest.java:32)
</failure>
    <system-out><![CDATA[I am in on TestSkipped method validateLoanHistoryWidget skipped
I am in onFinish method Loan Widget Test
I am in onStart method CRBT Widget Test
03:25:34.371 [main] INFO  Utils.DataProviders.DataProviders(243) - User Type ALL
03:25:34.371 [main] INFO  Utils.DataProviders.DataProviders(249) - NO USER FOUND
03:25:34.371 [main] INFO  Utils.DataProviders.DataProviders(243) - User Type BA
03:25:34.371 [main] INFO  Utils.DataProviders.DataProviders(249) - NO USER FOUND
03:25:34.371 [main] INFO  Utils.DataProviders.DataProviders(243) - User Type NFTR
03:25:34.371 [main] INFO  Utils.DataProviders.DataProviders(246) - User Type ADDED NFTR
03:25:34.387 [main] INFO  Utils.DataProviders.DataProviders(243) - User Type API
03:25:34.387 [main] INFO  Utils.DataProviders.DataProviders(249) - NO USER FOUND
]]></system-out>
  </testcase>
  <testcase name="checkExecution" classname="tests.frontendAgent.CRBTWidgetTest" time="0">
    <skipped/>
  </testcase>
  <testcase name="openCustomerInteraction" classname="tests.frontendAgent.CRBTWidgetTest" time="0">
    <skipped message="The following asserts failed:&#10;	Terminate Execution as user not able to login into portal or Role does not assign to user. Please do needful."/>
    <system-out><![CDATA[03:25:34.387 I am in onTestStart method openCustomerInteraction start
]]></system-out>
  </testcase>
  <testcase name="methodLevelSetup" classname="tests.frontendAgent.CRBTWidgetTest" time="0">
    <skipped/>
    <system-out><![CDATA[I am in on TestSkipped method openCustomerInteraction skipped
]]></system-out>
  </testcase>
  <testcase name="validateMyTuneTab" classname="tests.frontendAgent.CRBTWidgetTest" time="0">
    <skipped message="The following asserts failed:&#10;	Terminate Execution as user not able to login into portal or Role does not assign to user. Please do needful."/>
    <system-out><![CDATA[03:25:34.465 I am in onTestStart method validateMyTuneTab start
]]></system-out>
  </testcase>
  <testcase name="checkExecution" classname="tests.ticketBulkUpdate.TicketBulkUpdateTest" time="0.516">
    <failure message="The following asserts failed:&#10;	Terminate Execution as Backend Supervisor user not able to login into portal or Role does not assign to user. Please do needful." type="java.lang.AssertionError">java.lang.AssertionError: 
The following asserts failed:
	Terminate Execution as Backend Supervisor user not able to login into portal or Role does not assign to user. Please do needful.
	at tests.ticketBulkUpdate.TicketBulkUpdateTest.checkExecution(TicketBulkUpdateTest.java:32)
</failure>
    <system-out><![CDATA[I am in on TestSkipped method validateMyTuneTab skipped
I am in onFinish method CRBT Widget Test
I am in onStart method Supervisors Ticket Bulk Update Test
]]></system-out>
  </testcase>
  <testcase name="checkExecution" classname="tests.ticketBulkUpdate.TicketBulkUpdateTest" time="0">
    <skipped/>
  </testcase>
  <testcase name="openTicketBulkUpdate" classname="tests.ticketBulkUpdate.TicketBulkUpdateTest" time="0">
    <skipped message="The following asserts failed:&#10;	Terminate Execution as Backend Supervisor user not able to login into portal or Role does not assign to user. Please do needful."/>
    <system-out><![CDATA[03:25:34.981 I am in onTestStart method openTicketBulkUpdate start
]]></system-out>
  </testcase>
  <testcase name="maxTicketSelectTest" classname="tests.ticketBulkUpdate.TicketBulkUpdateTest" time="0">
    <skipped message="Method TicketBulkUpdateTest.maxTicketSelectTest(java.lang.reflect.Method)[pri:2, instance:tests.ticketBulkUpdate.TicketBulkUpdateTest@16c069df] depends on not successfully finished methods"/>
    <system-out><![CDATA[I am in on TestSkipped method openTicketBulkUpdate skipped
03:25:34.996 I am in onTestStart method maxTicketSelectTest start
]]></system-out>
  </testcase>
  <testcase name="uploadTicketFromExcelTest" classname="tests.ticketBulkUpdate.TicketBulkUpdateTest" time="0">
    <skipped message="Method TicketBulkUpdateTest.uploadTicketFromExcelTest(java.lang.reflect.Method)[pri:3, instance:tests.ticketBulkUpdate.TicketBulkUpdateTest@16c069df] depends on not successfully finished methods"/>
    <system-out><![CDATA[I am in on TestSkipped method maxTicketSelectTest skipped
03:25:34.996 I am in onTestStart method uploadTicketFromExcelTest start
]]></system-out>
  </testcase>
  <testcase name="bulkOptionTest" classname="tests.ticketBulkUpdate.TicketBulkUpdateTest" time="0">
    <skipped message="Method TicketBulkUpdateTest.bulkOptionTest(java.lang.reflect.Method)[pri:4, instance:tests.ticketBulkUpdate.TicketBulkUpdateTest@16c069df] depends on not successfully finished methods"/>
    <system-out><![CDATA[I am in on TestSkipped method uploadTicketFromExcelTest skipped
03:25:34.996 I am in onTestStart method bulkOptionTest start
]]></system-out>
  </testcase>
  <testcase name="methodLevelSetup" classname="tests.ticketBulkUpdate.TicketBulkUpdateTest" time="0">
    <skipped/>
    <system-out><![CDATA[I am in on TestSkipped method bulkOptionTest skipped
]]></system-out>
  </testcase>
  <testcase name="bulkAddCommentTest" classname="tests.ticketBulkUpdate.TicketBulkUpdateTest" time="0">
    <skipped message="The following asserts failed:&#10;	Terminate Execution as Backend Supervisor user not able to login into portal or Role does not assign to user. Please do needful."/>
    <system-out><![CDATA[03:25:34.996 I am in onTestStart method bulkAddCommentTest start
]]></system-out>
  </testcase>
  <testcase name="checkExecution" classname="tests.frontendAgent.LogoutTest" time="0.469">
    <failure message="The following asserts failed:&#10;	Terminate Execution as user not able to login into portal or Role does not assign to user. Please do needful." type="java.lang.AssertionError">java.lang.AssertionError: 
The following asserts failed:
	Terminate Execution as user not able to login into portal or Role does not assign to user. Please do needful.
	at tests.frontendAgent.LogoutTest.checkExecution(LogoutTest.java:23)
</failure>
    <system-out><![CDATA[I am in on TestSkipped method bulkAddCommentTest skipped
I am in onFinish method Supervisors Ticket Bulk Update Test
I am in onStart method Logout Test
]]></system-out>
  </testcase>
  <testcase name="checkExecution" classname="tests.frontendAgent.LogoutTest" time="0.541">
    <failure message="The following asserts failed:&#10;	Terminate Execution as user not able to login into portal or Role does not assign to user. Please do needful." type="java.lang.AssertionError">java.lang.AssertionError: 
The following asserts failed:
	Terminate Execution as user not able to login into portal or Role does not assign to user. Please do needful.
	at tests.frontendAgent.LogoutTest.checkExecution(LogoutTest.java:23)
</failure>
    <system-out><![CDATA[I am in on TestSkipped method deleteLastAddedComment skipped
I am in onFinish method Supervisors Add Comment on Ticket
I am in onStart method Logout Supervisor Test
]]></system-out>
  </testcase>
  <testcase name="checkExecution" classname="tests.frontendAgent.LogoutTest" time="0.334">
    <failure message="The following asserts failed:&#10;	Terminate Execution as user not able to login into portal or Role does not assign to user. Please do needful." type="java.lang.AssertionError">java.lang.AssertionError: 
The following asserts failed:
	Terminate Execution as user not able to login into portal or Role does not assign to user. Please do needful.
	at tests.frontendAgent.LogoutTest.checkExecution(LogoutTest.java:23)
</failure>
    <system-out><![CDATA[I am in on TestSkipped method widgetOrderTest skipped
I am in onFinish method Profile Management Test
I am in onStart method Logout Test from ADMIN/SUPERVISOR
]]></system-out>
  </testcase>
  <testcase name="checkExecution" classname="tests.frontendAgent.LogoutTest" time="0.118">
    <failure message="The following asserts failed:&#10;	Terminate Execution as user not able to login into portal or Role does not assign to user. Please do needful." type="java.lang.AssertionError">java.lang.AssertionError: 
The following asserts failed:
	Terminate Execution as user not able to login into portal or Role does not assign to user. Please do needful.
	at tests.frontendAgent.LogoutTest.checkExecution(LogoutTest.java:23)
</failure>
    <system-out><![CDATA[I am in on TestSkipped method deleteLastAddedComment skipped
I am in onFinish method BACKEND AGENT Add Comment on Ticket
I am in onStart method Logout Test from Backend agent
]]></system-out>
  </testcase>
  <testcase name="Logout" classname="tests.frontendAgent.LogoutTest" time="0">
    <skipped message="The following asserts failed:&#10;	Terminate Execution as user not able to login into portal or Role does not assign to user. Please do needful."/>
    <system-out><![CDATA[03:25:35.465 I am in onTestStart method Logout start
]]></system-out>
  </testcase>
  <testcase name="Logout" classname="tests.frontendAgent.LogoutTest" time="0">
    <skipped message="The following asserts failed:&#10;	Terminate Execution as user not able to login into portal or Role does not assign to user. Please do needful."/>
    <system-out><![CDATA[03:25:46.814 I am in onTestStart method Logout start
]]></system-out>
  </testcase>
  <testcase name="Logout" classname="tests.frontendAgent.LogoutTest" time="0">
    <skipped message="The following asserts failed:&#10;	Terminate Execution as user not able to login into portal or Role does not assign to user. Please do needful."/>
    <system-out><![CDATA[03:25:50.173 I am in onTestStart method Logout start
]]></system-out>
  </testcase>
  <testcase name="Logout" classname="tests.frontendAgent.LogoutTest" time="0">
    <skipped message="The following asserts failed:&#10;	Terminate Execution as user not able to login into portal or Role does not assign to user. Please do needful."/>
    <system-out><![CDATA[03:25:51.261 I am in onTestStart method Logout start
]]></system-out>
  </testcase>
  <testcase name="checkExecution" classname="tests.backendSupervisor.SupervisorLoginTest" time="0.484">
    <failure message="The following asserts failed:&#10;	Terminate Execution as Backend Supervisor user not able to login into portal or Role does not assign to user. Please do needful." type="java.lang.AssertionError">java.lang.AssertionError: 
The following asserts failed:
	Terminate Execution as Backend Supervisor user not able to login into portal or Role does not assign to user. Please do needful.
	at tests.backendSupervisor.SupervisorLoginTest.checkExecution(SupervisorLoginTest.java:29)
</failure>
    <system-out><![CDATA[I am in on TestSkipped method Logout skipped
I am in onFinish method Logout Test
I am in onStart method Supervisors Login Test
03:25:35.949 [main] INFO  Utils.DataProviders.DataProviders(243) - User Type ALL
03:25:35.949 [main] INFO  Utils.DataProviders.DataProviders(246) - User Type ADDED ALL
03:25:35.949 [main] INFO  Utils.DataProviders.DataProviders(243) - User Type BA
03:25:35.949 [main] INFO  Utils.DataProviders.DataProviders(249) - NO USER FOUND
03:25:35.949 [main] INFO  Utils.DataProviders.DataProviders(243) - User Type NFTR
03:25:35.949 [main] INFO  Utils.DataProviders.DataProviders(249) - NO USER FOUND
03:25:35.949 [main] INFO  Utils.DataProviders.DataProviders(243) - User Type API
03:25:35.949 [main] INFO  Utils.DataProviders.DataProviders(249) - NO USER FOUND
]]></system-out>
  </testcase>
  <testcase name="checkExecution" classname="tests.backendSupervisor.SupervisorLoginTest" time="0">
    <skipped/>
  </testcase>
  <testcase name="checkExecution" classname="tests.backendSupervisor.SupervisorLoginTest" time="0">
    <skipped/>
  </testcase>
  <testcase name="checkExecution" classname="tests.backendSupervisor.SupervisorLoginTest" time="0">
    <skipped/>
  </testcase>
  <testcase name="LoggingIN" classname="tests.backendSupervisor.SupervisorLoginTest" time="0">
    <skipped message="The following asserts failed:&#10;	Terminate Execution as Backend Supervisor user not able to login into portal or Role does not assign to user. Please do needful."/>
    <system-out><![CDATA[03:25:35.949 I am in onTestStart method LoggingIN start
]]></system-out>
  </testcase>
  <testcase name="methodLevelSetup" classname="tests.backendSupervisor.SupervisorLoginTest" time="0">
    <skipped/>
    <system-out><![CDATA[I am in on TestSkipped method LoggingIN skipped
]]></system-out>
  </testcase>
  <testcase name="methodLevelSetup" classname="tests.backendSupervisor.SupervisorLoginTest" time="0">
    <skipped/>
    <system-out><![CDATA[I am in on TestSkipped method openSupervisorDashboard skipped
]]></system-out>
  </testcase>
  <testcase name="methodLevelSetup" classname="tests.backendSupervisor.SupervisorLoginTest" time="0">
    <skipped/>
    <system-out><![CDATA[I am in on TestSkipped method validateTicketSearchOptions skipped
]]></system-out>
  </testcase>
  <testcase name="openSupervisorDashboard" classname="tests.backendSupervisor.SupervisorLoginTest" time="0">
    <skipped message="The following asserts failed:&#10;	Terminate Execution as Backend Supervisor user not able to login into portal or Role does not assign to user. Please do needful."/>
    <system-out><![CDATA[03:25:35.949 I am in onTestStart method openSupervisorDashboard start
]]></system-out>
  </testcase>
  <testcase name="validateTicketSearchOptions" classname="tests.backendSupervisor.SupervisorLoginTest" time="0">
    <skipped message="The following asserts failed:&#10;	Terminate Execution as Backend Supervisor user not able to login into portal or Role does not assign to user. Please do needful."/>
    <system-out><![CDATA[03:25:35.949 I am in onTestStart method validateTicketSearchOptions start
]]></system-out>
  </testcase>
  <testcase name="validateSupervisorTabs" classname="tests.backendSupervisor.SupervisorLoginTest" time="0">
    <skipped message="The following asserts failed:&#10;	Terminate Execution as Backend Supervisor user not able to login into portal or Role does not assign to user. Please do needful."/>
    <system-out><![CDATA[03:25:35.949 I am in onTestStart method validateSupervisorTabs start
]]></system-out>
  </testcase>
  <testcase name="checkExecution" classname="tests.backendSupervisor.SupervisorGlobalSearchTest" time="2.128">
    <failure message="The following asserts failed:&#10;	Terminate Execution as Backend Supervisor user not able to login into portal or Role does not assign to user. Please do needful." type="java.lang.AssertionError">java.lang.AssertionError: 
The following asserts failed:
	Terminate Execution as Backend Supervisor user not able to login into portal or Role does not assign to user. Please do needful.
	at tests.backendSupervisor.SupervisorGlobalSearchTest.checkExecution(SupervisorGlobalSearchTest.java:28)
</failure>
    <system-out><![CDATA[03:25:37.918 I am in on TestFailure method loginAPI failed
java.lang.AssertionError: The following asserts failed:
	Not able to generate Token. Please Update Password As soon as possible if required.
API Response Message: Failed to authenticate user.
	at org.testng.asserts.SoftAssert.assertAll(SoftAssert.java:47)
	at org.testng.asserts.SoftAssert.assertAll(SoftAssert.java:31)
	at tests.frontendAgent.SystemStatusTest.loginAPI(SystemStatusTest.java:79)
	at sun.reflect.NativeMethodAccessorImpl.invoke0(Native Method)
	at sun.reflect.NativeMethodAccessorImpl.invoke(NativeMethodAccessorImpl.java:62)
	at sun.reflect.DelegatingMethodAccessorImpl.invoke(DelegatingMethodAccessorImpl.java:43)
	at java.lang.reflect.Method.invoke(Method.java:498)
	at org.testng.internal.MethodInvocationHelper.invokeMethod(MethodInvocationHelper.java:133)
	at org.testng.internal.TestInvoker.invokeMethod(TestInvoker.java:584)
	at org.testng.internal.TestInvoker.invokeTestMethod(TestInvoker.java:172)
	at org.testng.internal.MethodRunner.runInSequence(MethodRunner.java:46)
	at org.testng.internal.TestInvoker$MethodInvocationAgent.invoke(TestInvoker.java:804)
	at org.testng.internal.TestInvoker.invokeTestMethods(TestInvoker.java:145)
	at org.testng.internal.TestMethodWorker.invokeTestMethods(TestMethodWorker.java:146)
	at org.testng.internal.TestMethodWorker.run(TestMethodWorker.java:128)
	at java.util.ArrayList.forEach(ArrayList.java:1257)
	at org.testng.TestRunner.privateRun(TestRunner.java:770)
	at org.testng.TestRunner.run(TestRunner.java:591)
	at org.testng.SuiteRunner.runTest(SuiteRunner.java:402)
	at org.testng.SuiteRunner.runSequentially(SuiteRunner.java:396)
	at org.testng.SuiteRunner.privateRun(SuiteRunner.java:355)
	at org.testng.SuiteRunner.run(SuiteRunner.java:304)
	at org.testng.SuiteRunnerWorker.runSuite(SuiteRunnerWorker.java:53)
	at org.testng.SuiteRunnerWorker.run(SuiteRunnerWorker.java:96)
	at org.testng.TestNG.runSuitesSequentially(TestNG.java:1180)
	at org.testng.TestNG.runSuitesLocally(TestNG.java:1102)
	at org.testng.TestNG.runSuites(TestNG.java:1032)
	at org.testng.TestNG.run(TestNG.java:1000)
	at org.apache.maven.surefire.testng.TestNGExecutor.run(TestNGExecutor.java:283)
	at org.apache.maven.surefire.testng.TestNGXmlTestSuite.execute(TestNGXmlTestSuite.java:75)
	at org.apache.maven.surefire.testng.TestNGProvider.invoke(TestNGProvider.java:120)
	at org.apache.maven.surefire.booter.ForkedBooter.invokeProviderInSameClassLoader(ForkedBooter.java:384)
	at org.apache.maven.surefire.booter.ForkedBooter.runSuitesInProcess(ForkedBooter.java:345)
	at org.apache.maven.surefire.booter.ForkedBooter.execute(ForkedBooter.java:126)
	at org.apache.maven.surefire.booter.ForkedBooter.main(ForkedBooter.java:418)

I am in onFinish method api-Regenerate
I am in onStart method Supervisors Global Search Ticket Test
]]></system-out>
  </testcase>
  <testcase name="checkExecution" classname="tests.backendSupervisor.SupervisorGlobalSearchTest" time="0">
    <skipped/>
  </testcase>
  <testcase name="checkExecution" classname="tests.backendSupervisor.SupervisorGlobalSearchTest" time="0">
    <skipped/>
  </testcase>
  <testcase name="checkExecution" classname="tests.backendSupervisor.SupervisorGlobalSearchTest" time="0">
    <skipped/>
  </testcase>
  <testcase name="openSupervisorDashboard" classname="tests.backendSupervisor.SupervisorGlobalSearchTest" time="0">
    <skipped message="The following asserts failed:&#10;	Terminate Execution as Backend Supervisor user not able to login into portal or Role does not assign to user. Please do needful."/>
    <system-out><![CDATA[03:25:38.624 I am in onTestStart method openSupervisorDashboard start
]]></system-out>
  </testcase>
  <testcase name="methodLevelSetup" classname="tests.backendSupervisor.SupervisorGlobalSearchTest" time="0">
    <skipped/>
    <system-out><![CDATA[I am in on TestSkipped method openSupervisorDashboard skipped
]]></system-out>
  </testcase>
  <testcase name="methodLevelSetup" classname="tests.backendSupervisor.SupervisorGlobalSearchTest" time="0">
    <skipped/>
    <system-out><![CDATA[I am in on TestSkipped method globalSearchTestByTicket skipped
]]></system-out>
  </testcase>
  <testcase name="methodLevelSetup" classname="tests.backendSupervisor.SupervisorGlobalSearchTest" time="0">
    <skipped/>
    <system-out><![CDATA[I am in on TestSkipped method globalSearchTestByInvalidTicket skipped
03:25:38.702 [main] INFO  Utils.DataProviders.DataProviders(243) - User Type ALL
03:25:38.702 [main] INFO  Utils.DataProviders.DataProviders(249) - NO USER FOUND
03:25:38.702 [main] INFO  Utils.DataProviders.DataProviders(243) - User Type BA
03:25:38.702 [main] INFO  Utils.DataProviders.DataProviders(249) - NO USER FOUND
03:25:38.702 [main] INFO  Utils.DataProviders.DataProviders(243) - User Type NFTR
03:25:38.702 [main] INFO  Utils.DataProviders.DataProviders(246) - User Type ADDED NFTR
03:25:38.702 [main] INFO  Utils.DataProviders.DataProviders(243) - User Type API
03:25:38.702 [main] INFO  Utils.DataProviders.DataProviders(249) - NO USER FOUND
]]></system-out>
  </testcase>
  <testcase name="globalSearchTestByTicket" classname="tests.backendSupervisor.SupervisorGlobalSearchTest" time="0">
    <skipped message="The following asserts failed:&#10;	Terminate Execution as Backend Supervisor user not able to login into portal or Role does not assign to user. Please do needful."/>
    <system-out><![CDATA[03:25:38.624 I am in onTestStart method globalSearchTestByTicket start
]]></system-out>
  </testcase>
  <testcase name="globalSearchTestByInvalidTicket" classname="tests.backendSupervisor.SupervisorGlobalSearchTest" time="0">
    <skipped message="The following asserts failed:&#10;	Terminate Execution as Backend Supervisor user not able to login into portal or Role does not assign to user. Please do needful."/>
    <system-out><![CDATA[03:25:38.624 I am in onTestStart method globalSearchTestByInvalidTicket start
]]></system-out>
  </testcase>
  <testcase name="globalSearchTestBy" classname="tests.backendSupervisor.SupervisorGlobalSearchTest" time="0">
    <skipped message="The following asserts failed:&#10;	Terminate Execution as Backend Supervisor user not able to login into portal or Role does not assign to user. Please do needful."/>
    <system-out><![CDATA[03:25:38.702 I am in onTestStart method globalSearchTestBy start
]]></system-out>
  </testcase>
  <testcase name="checkExecution" classname="tests.backendSupervisor.SupervisorSearchTicket" time="0.507">
    <failure message="The following asserts failed:&#10;	Terminate Execution as Backend Supervisor user not able to login into portal or Role does not assign to user. Please do needful." type="java.lang.AssertionError">java.lang.AssertionError: 
The following asserts failed:
	Terminate Execution as Backend Supervisor user not able to login into portal or Role does not assign to user. Please do needful.
	at tests.backendSupervisor.SupervisorSearchTicket.checkExecution(SupervisorSearchTicket.java:55)
</failure>
    <system-out><![CDATA[I am in on TestSkipped method globalSearchTestBy skipped
I am in onFinish method Supervisors Global Search Ticket Test
I am in onStart method Supervisors Search Ticket Test 
03:25:39.204 [main] INFO  Utils.DataProviders.DataProviders(243) - User Type ALL
03:25:39.204 [main] INFO  Utils.DataProviders.DataProviders(249) - NO USER FOUND
03:25:39.205 [main] INFO  Utils.DataProviders.DataProviders(243) - User Type BA
03:25:39.205 [main] INFO  Utils.DataProviders.DataProviders(249) - NO USER FOUND
03:25:39.205 [main] INFO  Utils.DataProviders.DataProviders(243) - User Type NFTR
03:25:39.206 [main] INFO  Utils.DataProviders.DataProviders(249) - NO USER FOUND
03:25:39.206 [main] INFO  Utils.DataProviders.DataProviders(243) - User Type API
03:25:39.206 [main] INFO  Utils.DataProviders.DataProviders(246) - User Type ADDED API
]]></system-out>
  </testcase>
  <testcase name="checkExecution" classname="tests.backendSupervisor.SupervisorSearchTicket" time="0">
    <skipped/>
  </testcase>
  <testcase name="checkExecution" classname="tests.backendSupervisor.SupervisorSearchTicket" time="0">
    <skipped/>
  </testcase>
  <testcase name="checkExecution" classname="tests.backendSupervisor.SupervisorSearchTicket" time="0">
    <skipped/>
  </testcase>
  <testcase name="checkExecution" classname="tests.backendSupervisor.SupervisorSearchTicket" time="0">
    <skipped/>
  </testcase>
  <testcase name="checkExecution" classname="tests.backendSupervisor.SupervisorSearchTicket" time="0">
    <skipped/>
  </testcase>
  <testcase name="checkExecution" classname="tests.backendSupervisor.SupervisorSearchTicket" time="0">
    <skipped/>
  </testcase>
  <testcase name="checkExecution" classname="tests.backendSupervisor.SupervisorSearchTicket" time="0">
    <skipped/>
  </testcase>
  <testcase name="checkExecution" classname="tests.backendSupervisor.SupervisorSearchTicket" time="0">
    <skipped/>
  </testcase>
  <testcase name="checkExecution" classname="tests.backendSupervisor.SupervisorSearchTicket" time="0">
    <skipped/>
  </testcase>
  <testcase name="checkExecution" classname="tests.backendSupervisor.SupervisorSearchTicket" time="0">
    <skipped/>
  </testcase>
  <testcase name="checkExecution" classname="tests.backendSupervisor.SupervisorSearchTicket" time="0">
    <skipped/>
  </testcase>
  <testcase name="checkExecution" classname="tests.backendSupervisor.SupervisorSearchTicket" time="0">
    <skipped/>
  </testcase>
  <testcase name="checkExecution" classname="tests.backendSupervisor.SupervisorSearchTicket" time="0">
    <skipped/>
  </testcase>
  <testcase name="checkExecution" classname="tests.backendSupervisor.SupervisorSearchTicket" time="0">
    <skipped/>
  </testcase>
  <testcase name="checkExecution" classname="tests.backendSupervisor.SupervisorSearchTicket" time="0">
    <skipped/>
  </testcase>
  <testcase name="checkExecution" classname="tests.backendSupervisor.SupervisorSearchTicket" time="0">
    <skipped/>
  </testcase>
  <testcase name="checkExecution" classname="tests.backendSupervisor.SupervisorSearchTicket" time="0">
    <skipped/>
  </testcase>
  <testcase name="checkExecution" classname="tests.backendSupervisor.SupervisorSearchTicket" time="0">
    <skipped/>
  </testcase>
  <testcase name="checkExecution" classname="tests.backendSupervisor.SupervisorSearchTicket" time="0">
    <skipped/>
  </testcase>
  <testcase name="checkExecution" classname="tests.backendSupervisor.SupervisorSearchTicket" time="0">
    <skipped/>
  </testcase>
  <testcase name="checkExecution" classname="tests.backendSupervisor.SupervisorSearchTicket" time="0">
    <skipped/>
  </testcase>
  <testcase name="checkExecution" classname="tests.backendSupervisor.SupervisorSearchTicket" time="0">
    <skipped/>
  </testcase>
  <testcase name="checkExecution" classname="tests.backendSupervisor.SupervisorSearchTicket" time="0">
    <skipped/>
  </testcase>
  <testcase name="checkExecution" classname="tests.backendSupervisor.SupervisorSearchTicket" time="0">
    <skipped/>
  </testcase>
  <testcase name="checkExecution" classname="tests.backendSupervisor.SupervisorSearchTicket" time="0">
    <skipped/>
  </testcase>
  <testcase name="checkExecution" classname="tests.backendSupervisor.SupervisorSearchTicket" time="0">
    <skipped/>
  </testcase>
  <testcase name="checkExecution" classname="tests.backendSupervisor.SupervisorSearchTicket" time="0">
    <skipped/>
  </testcase>
  <testcase name="checkExecution" classname="tests.backendSupervisor.SupervisorSearchTicket" time="0">
    <skipped/>
  </testcase>
  <testcase name="checkExecution" classname="tests.backendSupervisor.SupervisorSearchTicket" time="0">
    <skipped/>
  </testcase>
  <testcase name="checkExecution" classname="tests.backendSupervisor.SupervisorSearchTicket" time="0">
    <skipped/>
  </testcase>
  <testcase name="checkExecution" classname="tests.backendSupervisor.SupervisorSearchTicket" time="0">
    <skipped/>
  </testcase>
  <testcase name="checkExecution" classname="tests.backendSupervisor.SupervisorSearchTicket" time="0">
    <skipped/>
  </testcase>
  <testcase name="checkExecution" classname="tests.backendSupervisor.SupervisorSearchTicket" time="0">
    <skipped/>
  </testcase>
  <testcase name="checkExecution" classname="tests.backendSupervisor.SupervisorSearchTicket" time="0">
    <skipped/>
  </testcase>
  <testcase name="checkExecution" classname="tests.backendSupervisor.SupervisorSearchTicket" time="0">
    <skipped/>
  </testcase>
  <testcase name="checkExecution" classname="tests.backendSupervisor.SupervisorSearchTicket" time="0">
    <skipped/>
  </testcase>
  <testcase name="checkExecution" classname="tests.backendSupervisor.SupervisorSearchTicket" time="0">
    <skipped/>
  </testcase>
  <testcase name="checkExecution" classname="tests.backendSupervisor.SupervisorSearchTicket" time="0">
    <skipped/>
  </testcase>
  <testcase name="checkExecution" classname="tests.backendSupervisor.SupervisorSearchTicket" time="0">
    <skipped/>
  </testcase>
  <testcase name="checkExecution" classname="tests.backendSupervisor.SupervisorSearchTicket" time="0">
    <skipped/>
  </testcase>
  <testcase name="checkExecution" classname="tests.backendSupervisor.SupervisorSearchTicket" time="0">
    <skipped/>
  </testcase>
  <testcase name="checkExecution" classname="tests.backendSupervisor.SupervisorSearchTicket" time="0">
    <skipped/>
  </testcase>
  <testcase name="checkExecution" classname="tests.backendSupervisor.SupervisorSearchTicket" time="0">
    <skipped/>
  </testcase>
  <testcase name="checkExecution" classname="tests.backendSupervisor.SupervisorSearchTicket" time="0">
    <skipped/>
  </testcase>
  <testcase name="checkExecution" classname="tests.backendSupervisor.SupervisorSearchTicket" time="0">
    <skipped/>
  </testcase>
  <testcase name="checkExecution" classname="tests.backendSupervisor.SupervisorSearchTicket" time="0">
    <skipped/>
  </testcase>
  <testcase name="checkExecution" classname="tests.backendSupervisor.SupervisorSearchTicket" time="0">
    <skipped/>
  </testcase>
  <testcase name="checkExecution" classname="tests.backendSupervisor.SupervisorSearchTicket" time="0">
    <skipped/>
  </testcase>
  <testcase name="checkExecution" classname="tests.backendSupervisor.SupervisorSearchTicket" time="0">
    <skipped/>
  </testcase>
  <testcase name="checkExecution" classname="tests.backendSupervisor.SupervisorSearchTicket" time="0">
    <skipped/>
  </testcase>
  <testcase name="checkExecution" classname="tests.backendSupervisor.SupervisorSearchTicket" time="0">
    <skipped/>
  </testcase>
  <testcase name="checkExecution" classname="tests.backendSupervisor.SupervisorSearchTicket" time="0">
    <skipped/>
  </testcase>
  <testcase name="checkExecution" classname="tests.backendSupervisor.SupervisorSearchTicket" time="0">
    <skipped/>
  </testcase>
  <testcase name="checkExecution" classname="tests.backendSupervisor.SupervisorSearchTicket" time="0">
    <skipped/>
  </testcase>
  <testcase name="checkExecution" classname="tests.backendSupervisor.SupervisorSearchTicket" time="0">
    <skipped/>
  </testcase>
  <testcase name="checkExecution" classname="tests.backendSupervisor.SupervisorSearchTicket" time="0">
    <skipped/>
  </testcase>
  <testcase name="checkExecution" classname="tests.backendSupervisor.SupervisorSearchTicket" time="0">
    <skipped/>
  </testcase>
  <testcase name="checkExecution" classname="tests.backendSupervisor.SupervisorSearchTicket" time="0">
    <skipped/>
  </testcase>
  <testcase name="checkExecution" classname="tests.backendSupervisor.SupervisorSearchTicket" time="0">
    <skipped/>
  </testcase>
  <testcase name="checkExecution" classname="tests.backendSupervisor.SupervisorSearchTicket" time="0">
    <skipped/>
  </testcase>
  <testcase name="checkExecution" classname="tests.backendSupervisor.SupervisorSearchTicket" time="0">
    <skipped/>
  </testcase>
  <testcase name="checkExecution" classname="tests.backendSupervisor.SupervisorSearchTicket" time="0">
    <skipped/>
  </testcase>
  <testcase name="checkExecution" classname="tests.backendSupervisor.SupervisorSearchTicket" time="0">
    <skipped/>
  </testcase>
  <testcase name="checkExecution" classname="tests.backendSupervisor.SupervisorSearchTicket" time="0">
    <skipped/>
  </testcase>
  <testcase name="checkExecution" classname="tests.backendSupervisor.SupervisorSearchTicket" time="0">
    <skipped/>
  </testcase>
  <testcase name="checkExecution" classname="tests.backendSupervisor.SupervisorSearchTicket" time="0">
    <skipped/>
  </testcase>
  <testcase name="checkExecution" classname="tests.backendSupervisor.SupervisorSearchTicket" time="0">
    <skipped/>
  </testcase>
  <testcase name="checkExecution" classname="tests.backendSupervisor.SupervisorSearchTicket" time="0">
    <skipped/>
  </testcase>
  <testcase name="checkExecution" classname="tests.backendSupervisor.SupervisorSearchTicket" time="0">
    <skipped/>
  </testcase>
  <testcase name="checkExecution" classname="tests.backendSupervisor.SupervisorSearchTicket" time="0">
    <skipped/>
  </testcase>
  <testcase name="checkExecution" classname="tests.backendSupervisor.SupervisorSearchTicket" time="0">
    <skipped/>
  </testcase>
  <testcase name="checkExecution" classname="tests.backendSupervisor.SupervisorSearchTicket" time="0">
    <skipped/>
  </testcase>
  <testcase name="checkExecution" classname="tests.backendSupervisor.SupervisorSearchTicket" time="0">
    <skipped/>
  </testcase>
  <testcase name="checkExecution" classname="tests.backendSupervisor.SupervisorSearchTicket" time="0">
    <skipped/>
  </testcase>
  <testcase name="checkExecution" classname="tests.backendSupervisor.SupervisorSearchTicket" time="0">
    <skipped/>
  </testcase>
  <testcase name="loginAPI" classname="tests.backendSupervisor.SupervisorSearchTicket" time="0">
    <skipped message="The following asserts failed:&#10;	Terminate Execution as Backend Supervisor user not able to login into portal or Role does not assign to user. Please do needful."/>
    <system-out><![CDATA[03:25:39.207 I am in onTestStart method loginAPI start
]]></system-out>
  </testcase>
  <testcase name="methodLevelSetup" classname="tests.backendSupervisor.SupervisorSearchTicket" time="0">
    <skipped/>
    <system-out><![CDATA[I am in on TestSkipped method loginAPI skipped
No Ticket Found
Ticket Id: 091120000302
No Ticket Found
Ticket Id: 091120000303
Ticket Id: 091120000304
Ticket Id: 091120000305
No Ticket Found
Ticket Id: 091120000306
Ticket Id: 091120000307
Ticket Id: 091120000308
Ticket Id: 091120000309
Ticket Id: 091120000310
Ticket Id: 091120000311
Ticket Id: 091120000312
Ticket Id: 091120000313
Ticket Id: 091120000314
Ticket Id: 091120000315
Ticket Id: 091120000316
Ticket Id: 091120000317
Ticket Id: 091120000318
Ticket Id: 091120000319
Ticket Id: 091120000320
Ticket Id: 091120000321
Ticket Id: 091120000322
Ticket Id: 091120000323
Ticket Id: 091120000324
Ticket Id: 091120000325
Ticket Id: 091120000326
Ticket Id: 091120000327
Ticket Id: 091120000328
Ticket Id: 091120000329
Ticket Id: 091120000330
Ticket Id: 091120000331
Ticket Id: 091120000332
Ticket Id: 091120000333
Ticket Id: 091120000334
Ticket Id: 091120000335
Ticket Id: 091120000336
Ticket Id: 091120000337
Ticket Id: 091120000338
Ticket Id: 091120000339
Ticket Id: 091120000340
Ticket Id: 091120000341
Ticket Id: 091120000342
Ticket Id: 091120000343
Ticket Id: 091120000344
Ticket Id: 091120000345
Ticket Id: 091120000346
Ticket Id: 091120000347
Ticket Id: 091120000348
Ticket Id: 091120000349
Ticket Id: 091120000350
Ticket Id: 091120000351
Ticket Id: 091120000352
Ticket Id: 091120000353
Ticket Id: 091120000354
Ticket Id: 091120000355
Ticket Id: 091120000356
Ticket Id: 091120000357
Ticket Id: 091120000358
Ticket Id: 091120000359
Ticket Id: 091120000360
Ticket Id: 091120000361
Ticket Id: 101120000362
Ticket Id: 101120000363
Ticket Id: 101120000364
Ticket Id: 101120000365
Ticket Id: 101120000366
Ticket Id: 101120000367
Ticket Id: 101120000368
Ticket Id: 101120000369
Ticket Id: 101120000370
Ticket Id: 101120000371
Ticket Id: 101120000372
Ticket Id: 101120000373
Ticket Id: 101120000374
Ticket Id: 101120000375
]]></system-out>
  </testcase>
  <testcase name="methodLevelSetup" classname="tests.backendSupervisor.SupervisorSearchTicket" time="0">
    <skipped/>
    <system-out><![CDATA[I am in on TestSkipped method SearchTicket skipped
]]></system-out>
  </testcase>
  <testcase name="methodLevelSetup" classname="tests.backendSupervisor.SupervisorSearchTicket" time="0">
    <skipped/>
    <system-out><![CDATA[I am in on TestSkipped method SearchTicket skipped
]]></system-out>
  </testcase>
  <testcase name="methodLevelSetup" classname="tests.backendSupervisor.SupervisorSearchTicket" time="0">
    <skipped/>
    <system-out><![CDATA[I am in on TestSkipped method SearchTicket skipped
]]></system-out>
  </testcase>
  <testcase name="methodLevelSetup" classname="tests.backendSupervisor.SupervisorSearchTicket" time="0">
    <skipped/>
    <system-out><![CDATA[I am in on TestSkipped method SearchTicket skipped
]]></system-out>
  </testcase>
  <testcase name="methodLevelSetup" classname="tests.backendSupervisor.SupervisorSearchTicket" time="0">
    <skipped/>
    <system-out><![CDATA[I am in on TestSkipped method SearchTicket skipped
]]></system-out>
  </testcase>
  <testcase name="methodLevelSetup" classname="tests.backendSupervisor.SupervisorSearchTicket" time="0">
    <skipped/>
    <system-out><![CDATA[I am in on TestSkipped method SearchTicket skipped
]]></system-out>
  </testcase>
  <testcase name="methodLevelSetup" classname="tests.backendSupervisor.SupervisorSearchTicket" time="0">
    <skipped/>
    <system-out><![CDATA[I am in on TestSkipped method SearchTicket skipped
]]></system-out>
  </testcase>
  <testcase name="methodLevelSetup" classname="tests.backendSupervisor.SupervisorSearchTicket" time="0">
    <skipped/>
    <system-out><![CDATA[I am in on TestSkipped method SearchTicket skipped
]]></system-out>
  </testcase>
  <testcase name="methodLevelSetup" classname="tests.backendSupervisor.SupervisorSearchTicket" time="0">
    <skipped/>
    <system-out><![CDATA[I am in on TestSkipped method SearchTicket skipped
]]></system-out>
  </testcase>
  <testcase name="methodLevelSetup" classname="tests.backendSupervisor.SupervisorSearchTicket" time="0">
    <skipped/>
    <system-out><![CDATA[I am in on TestSkipped method SearchTicket skipped
]]></system-out>
  </testcase>
  <testcase name="methodLevelSetup" classname="tests.backendSupervisor.SupervisorSearchTicket" time="0">
    <skipped/>
    <system-out><![CDATA[I am in on TestSkipped method SearchTicket skipped
]]></system-out>
  </testcase>
  <testcase name="methodLevelSetup" classname="tests.backendSupervisor.SupervisorSearchTicket" time="0">
    <skipped/>
    <system-out><![CDATA[I am in on TestSkipped method SearchTicket skipped
]]></system-out>
  </testcase>
  <testcase name="methodLevelSetup" classname="tests.backendSupervisor.SupervisorSearchTicket" time="0">
    <skipped/>
    <system-out><![CDATA[I am in on TestSkipped method SearchTicket skipped
]]></system-out>
  </testcase>
  <testcase name="methodLevelSetup" classname="tests.backendSupervisor.SupervisorSearchTicket" time="0">
    <skipped/>
    <system-out><![CDATA[I am in on TestSkipped method SearchTicket skipped
]]></system-out>
  </testcase>
  <testcase name="methodLevelSetup" classname="tests.backendSupervisor.SupervisorSearchTicket" time="0">
    <skipped/>
    <system-out><![CDATA[I am in on TestSkipped method SearchTicket skipped
]]></system-out>
  </testcase>
  <testcase name="methodLevelSetup" classname="tests.backendSupervisor.SupervisorSearchTicket" time="0">
    <skipped/>
    <system-out><![CDATA[I am in on TestSkipped method SearchTicket skipped
]]></system-out>
  </testcase>
  <testcase name="methodLevelSetup" classname="tests.backendSupervisor.SupervisorSearchTicket" time="0">
    <skipped/>
    <system-out><![CDATA[I am in on TestSkipped method SearchTicket skipped
]]></system-out>
  </testcase>
  <testcase name="methodLevelSetup" classname="tests.backendSupervisor.SupervisorSearchTicket" time="0">
    <skipped/>
    <system-out><![CDATA[I am in on TestSkipped method SearchTicket skipped
]]></system-out>
  </testcase>
  <testcase name="methodLevelSetup" classname="tests.backendSupervisor.SupervisorSearchTicket" time="0">
    <skipped/>
    <system-out><![CDATA[I am in on TestSkipped method SearchTicket skipped
]]></system-out>
  </testcase>
  <testcase name="methodLevelSetup" classname="tests.backendSupervisor.SupervisorSearchTicket" time="0">
    <skipped/>
    <system-out><![CDATA[I am in on TestSkipped method SearchTicket skipped
]]></system-out>
  </testcase>
  <testcase name="methodLevelSetup" classname="tests.backendSupervisor.SupervisorSearchTicket" time="0">
    <skipped/>
    <system-out><![CDATA[I am in on TestSkipped method SearchTicket skipped
]]></system-out>
  </testcase>
  <testcase name="methodLevelSetup" classname="tests.backendSupervisor.SupervisorSearchTicket" time="0">
    <skipped/>
    <system-out><![CDATA[I am in on TestSkipped method SearchTicket skipped
]]></system-out>
  </testcase>
  <testcase name="methodLevelSetup" classname="tests.backendSupervisor.SupervisorSearchTicket" time="0">
    <skipped/>
    <system-out><![CDATA[I am in on TestSkipped method SearchTicket skipped
]]></system-out>
  </testcase>
  <testcase name="methodLevelSetup" classname="tests.backendSupervisor.SupervisorSearchTicket" time="0">
    <skipped/>
    <system-out><![CDATA[I am in on TestSkipped method SearchTicket skipped
]]></system-out>
  </testcase>
  <testcase name="methodLevelSetup" classname="tests.backendSupervisor.SupervisorSearchTicket" time="0">
    <skipped/>
    <system-out><![CDATA[I am in on TestSkipped method SearchTicket skipped
]]></system-out>
  </testcase>
  <testcase name="methodLevelSetup" classname="tests.backendSupervisor.SupervisorSearchTicket" time="0">
    <skipped/>
    <system-out><![CDATA[I am in on TestSkipped method SearchTicket skipped
]]></system-out>
  </testcase>
  <testcase name="methodLevelSetup" classname="tests.backendSupervisor.SupervisorSearchTicket" time="0">
    <skipped/>
    <system-out><![CDATA[I am in on TestSkipped method SearchTicket skipped
]]></system-out>
  </testcase>
  <testcase name="methodLevelSetup" classname="tests.backendSupervisor.SupervisorSearchTicket" time="0">
    <skipped/>
    <system-out><![CDATA[I am in on TestSkipped method SearchTicket skipped
]]></system-out>
  </testcase>
  <testcase name="methodLevelSetup" classname="tests.backendSupervisor.SupervisorSearchTicket" time="0">
    <skipped/>
    <system-out><![CDATA[I am in on TestSkipped method SearchTicket skipped
]]></system-out>
  </testcase>
  <testcase name="methodLevelSetup" classname="tests.backendSupervisor.SupervisorSearchTicket" time="0">
    <skipped/>
    <system-out><![CDATA[I am in on TestSkipped method SearchTicket skipped
]]></system-out>
  </testcase>
  <testcase name="methodLevelSetup" classname="tests.backendSupervisor.SupervisorSearchTicket" time="0">
    <skipped/>
    <system-out><![CDATA[I am in on TestSkipped method SearchTicket skipped
]]></system-out>
  </testcase>
  <testcase name="methodLevelSetup" classname="tests.backendSupervisor.SupervisorSearchTicket" time="0">
    <skipped/>
    <system-out><![CDATA[I am in on TestSkipped method SearchTicket skipped
]]></system-out>
  </testcase>
  <testcase name="methodLevelSetup" classname="tests.backendSupervisor.SupervisorSearchTicket" time="0">
    <skipped/>
    <system-out><![CDATA[I am in on TestSkipped method SearchTicket skipped
]]></system-out>
  </testcase>
  <testcase name="methodLevelSetup" classname="tests.backendSupervisor.SupervisorSearchTicket" time="0">
    <skipped/>
    <system-out><![CDATA[I am in on TestSkipped method SearchTicket skipped
]]></system-out>
  </testcase>
  <testcase name="methodLevelSetup" classname="tests.backendSupervisor.SupervisorSearchTicket" time="0">
    <skipped/>
    <system-out><![CDATA[I am in on TestSkipped method SearchTicket skipped
]]></system-out>
  </testcase>
  <testcase name="methodLevelSetup" classname="tests.backendSupervisor.SupervisorSearchTicket" time="0">
    <skipped/>
    <system-out><![CDATA[I am in on TestSkipped method SearchTicket skipped
]]></system-out>
  </testcase>
  <testcase name="methodLevelSetup" classname="tests.backendSupervisor.SupervisorSearchTicket" time="0">
    <skipped/>
    <system-out><![CDATA[I am in on TestSkipped method SearchTicket skipped
]]></system-out>
  </testcase>
  <testcase name="methodLevelSetup" classname="tests.backendSupervisor.SupervisorSearchTicket" time="0">
    <skipped/>
    <system-out><![CDATA[I am in on TestSkipped method SearchTicket skipped
]]></system-out>
  </testcase>
  <testcase name="methodLevelSetup" classname="tests.backendSupervisor.SupervisorSearchTicket" time="0">
    <skipped/>
    <system-out><![CDATA[I am in on TestSkipped method SearchTicket skipped
]]></system-out>
  </testcase>
  <testcase name="methodLevelSetup" classname="tests.backendSupervisor.SupervisorSearchTicket" time="0">
    <skipped/>
    <system-out><![CDATA[I am in on TestSkipped method SearchTicket skipped
]]></system-out>
  </testcase>
  <testcase name="methodLevelSetup" classname="tests.backendSupervisor.SupervisorSearchTicket" time="0">
    <skipped/>
    <system-out><![CDATA[I am in on TestSkipped method SearchTicket skipped
]]></system-out>
  </testcase>
  <testcase name="methodLevelSetup" classname="tests.backendSupervisor.SupervisorSearchTicket" time="0">
    <skipped/>
    <system-out><![CDATA[I am in on TestSkipped method SearchTicket skipped
]]></system-out>
  </testcase>
  <testcase name="methodLevelSetup" classname="tests.backendSupervisor.SupervisorSearchTicket" time="0">
    <skipped/>
    <system-out><![CDATA[I am in on TestSkipped method SearchTicket skipped
]]></system-out>
  </testcase>
  <testcase name="methodLevelSetup" classname="tests.backendSupervisor.SupervisorSearchTicket" time="0">
    <skipped/>
    <system-out><![CDATA[I am in on TestSkipped method SearchTicket skipped
]]></system-out>
  </testcase>
  <testcase name="methodLevelSetup" classname="tests.backendSupervisor.SupervisorSearchTicket" time="0">
    <skipped/>
    <system-out><![CDATA[I am in on TestSkipped method SearchTicket skipped
]]></system-out>
  </testcase>
  <testcase name="methodLevelSetup" classname="tests.backendSupervisor.SupervisorSearchTicket" time="0">
    <skipped/>
    <system-out><![CDATA[I am in on TestSkipped method SearchTicket skipped
]]></system-out>
  </testcase>
  <testcase name="methodLevelSetup" classname="tests.backendSupervisor.SupervisorSearchTicket" time="0">
    <skipped/>
    <system-out><![CDATA[I am in on TestSkipped method SearchTicket skipped
]]></system-out>
  </testcase>
  <testcase name="methodLevelSetup" classname="tests.backendSupervisor.SupervisorSearchTicket" time="0">
    <skipped/>
    <system-out><![CDATA[I am in on TestSkipped method SearchTicket skipped
]]></system-out>
  </testcase>
  <testcase name="methodLevelSetup" classname="tests.backendSupervisor.SupervisorSearchTicket" time="0">
    <skipped/>
    <system-out><![CDATA[I am in on TestSkipped method SearchTicket skipped
]]></system-out>
  </testcase>
  <testcase name="methodLevelSetup" classname="tests.backendSupervisor.SupervisorSearchTicket" time="0">
    <skipped/>
    <system-out><![CDATA[I am in on TestSkipped method SearchTicket skipped
]]></system-out>
  </testcase>
  <testcase name="methodLevelSetup" classname="tests.backendSupervisor.SupervisorSearchTicket" time="0">
    <skipped/>
    <system-out><![CDATA[I am in on TestSkipped method SearchTicket skipped
]]></system-out>
  </testcase>
  <testcase name="methodLevelSetup" classname="tests.backendSupervisor.SupervisorSearchTicket" time="0">
    <skipped/>
    <system-out><![CDATA[I am in on TestSkipped method SearchTicket skipped
]]></system-out>
  </testcase>
  <testcase name="methodLevelSetup" classname="tests.backendSupervisor.SupervisorSearchTicket" time="0">
    <skipped/>
    <system-out><![CDATA[I am in on TestSkipped method SearchTicket skipped
]]></system-out>
  </testcase>
  <testcase name="methodLevelSetup" classname="tests.backendSupervisor.SupervisorSearchTicket" time="0">
    <skipped/>
    <system-out><![CDATA[I am in on TestSkipped method SearchTicket skipped
]]></system-out>
  </testcase>
  <testcase name="methodLevelSetup" classname="tests.backendSupervisor.SupervisorSearchTicket" time="0">
    <skipped/>
    <system-out><![CDATA[I am in on TestSkipped method SearchTicket skipped
]]></system-out>
  </testcase>
  <testcase name="methodLevelSetup" classname="tests.backendSupervisor.SupervisorSearchTicket" time="0">
    <skipped/>
    <system-out><![CDATA[I am in on TestSkipped method SearchTicket skipped
]]></system-out>
  </testcase>
  <testcase name="methodLevelSetup" classname="tests.backendSupervisor.SupervisorSearchTicket" time="0">
    <skipped/>
    <system-out><![CDATA[I am in on TestSkipped method SearchTicket skipped
]]></system-out>
  </testcase>
  <testcase name="methodLevelSetup" classname="tests.backendSupervisor.SupervisorSearchTicket" time="0">
    <skipped/>
    <system-out><![CDATA[I am in on TestSkipped method SearchTicket skipped
]]></system-out>
  </testcase>
  <testcase name="methodLevelSetup" classname="tests.backendSupervisor.SupervisorSearchTicket" time="0">
    <skipped/>
    <system-out><![CDATA[I am in on TestSkipped method SearchTicket skipped
]]></system-out>
  </testcase>
  <testcase name="methodLevelSetup" classname="tests.backendSupervisor.SupervisorSearchTicket" time="0">
    <skipped/>
    <system-out><![CDATA[I am in on TestSkipped method SearchTicket skipped
]]></system-out>
  </testcase>
  <testcase name="methodLevelSetup" classname="tests.backendSupervisor.SupervisorSearchTicket" time="0">
    <skipped/>
    <system-out><![CDATA[I am in on TestSkipped method SearchTicket skipped
]]></system-out>
  </testcase>
  <testcase name="methodLevelSetup" classname="tests.backendSupervisor.SupervisorSearchTicket" time="0">
    <skipped/>
    <system-out><![CDATA[I am in on TestSkipped method SearchTicket skipped
]]></system-out>
  </testcase>
  <testcase name="methodLevelSetup" classname="tests.backendSupervisor.SupervisorSearchTicket" time="0">
    <skipped/>
    <system-out><![CDATA[I am in on TestSkipped method SearchTicket skipped
]]></system-out>
  </testcase>
  <testcase name="methodLevelSetup" classname="tests.backendSupervisor.SupervisorSearchTicket" time="0">
    <skipped/>
    <system-out><![CDATA[I am in on TestSkipped method SearchTicket skipped
]]></system-out>
  </testcase>
  <testcase name="methodLevelSetup" classname="tests.backendSupervisor.SupervisorSearchTicket" time="0">
    <skipped/>
    <system-out><![CDATA[I am in on TestSkipped method SearchTicket skipped
]]></system-out>
  </testcase>
  <testcase name="methodLevelSetup" classname="tests.backendSupervisor.SupervisorSearchTicket" time="0">
    <skipped/>
    <system-out><![CDATA[I am in on TestSkipped method SearchTicket skipped
]]></system-out>
  </testcase>
  <testcase name="methodLevelSetup" classname="tests.backendSupervisor.SupervisorSearchTicket" time="0">
    <skipped/>
    <system-out><![CDATA[I am in on TestSkipped method SearchTicket skipped
]]></system-out>
  </testcase>
  <testcase name="methodLevelSetup" classname="tests.backendSupervisor.SupervisorSearchTicket" time="0">
    <skipped/>
    <system-out><![CDATA[I am in on TestSkipped method SearchTicket skipped
]]></system-out>
  </testcase>
  <testcase name="methodLevelSetup" classname="tests.backendSupervisor.SupervisorSearchTicket" time="0">
    <skipped/>
    <system-out><![CDATA[I am in on TestSkipped method SearchTicket skipped
]]></system-out>
  </testcase>
  <testcase name="methodLevelSetup" classname="tests.backendSupervisor.SupervisorSearchTicket" time="0">
    <skipped/>
    <system-out><![CDATA[I am in on TestSkipped method SearchTicket skipped
]]></system-out>
  </testcase>
  <testcase name="methodLevelSetup" classname="tests.backendSupervisor.SupervisorSearchTicket" time="0">
    <skipped/>
    <system-out><![CDATA[I am in on TestSkipped method SearchTicket skipped
]]></system-out>
  </testcase>
  <testcase name="methodLevelSetup" classname="tests.backendSupervisor.SupervisorSearchTicket" time="0">
    <skipped/>
    <system-out><![CDATA[I am in on TestSkipped method SearchTicket skipped
]]></system-out>
  </testcase>
  <testcase name="methodLevelSetup" classname="tests.backendSupervisor.SupervisorSearchTicket" time="0">
    <skipped/>
    <system-out><![CDATA[I am in on TestSkipped method SearchTicket skipped
]]></system-out>
  </testcase>
  <testcase name="methodLevelSetup" classname="tests.backendSupervisor.SupervisorSearchTicket" time="0">
    <skipped/>
    <system-out><![CDATA[I am in on TestSkipped method SearchTicket skipped
]]></system-out>
  </testcase>
  <testcase name="SearchTicket" classname="tests.backendSupervisor.SupervisorSearchTicket" time="0">
    <skipped message="The following asserts failed:&#10;	Terminate Execution as Backend Supervisor user not able to login into portal or Role does not assign to user. Please do needful."/>
    <system-out><![CDATA[03:25:39.311 I am in onTestStart method SearchTicket start
]]></system-out>
  </testcase>
  <testcase name="SearchTicket" classname="tests.backendSupervisor.SupervisorSearchTicket" time="0">
    <skipped message="The following asserts failed:&#10;	Terminate Execution as Backend Supervisor user not able to login into portal or Role does not assign to user. Please do needful."/>
    <system-out><![CDATA[03:25:39.311 I am in onTestStart method SearchTicket start
]]></system-out>
  </testcase>
  <testcase name="SearchTicket" classname="tests.backendSupervisor.SupervisorSearchTicket" time="0">
    <skipped message="The following asserts failed:&#10;	Terminate Execution as Backend Supervisor user not able to login into portal or Role does not assign to user. Please do needful."/>
    <system-out><![CDATA[03:25:39.312 I am in onTestStart method SearchTicket start
]]></system-out>
  </testcase>
  <testcase name="SearchTicket" classname="tests.backendSupervisor.SupervisorSearchTicket" time="0">
    <skipped message="The following asserts failed:&#10;	Terminate Execution as Backend Supervisor user not able to login into portal or Role does not assign to user. Please do needful."/>
    <system-out><![CDATA[03:25:39.313 I am in onTestStart method SearchTicket start
]]></system-out>
  </testcase>
  <testcase name="SearchTicket" classname="tests.backendSupervisor.SupervisorSearchTicket" time="0">
    <skipped message="The following asserts failed:&#10;	Terminate Execution as Backend Supervisor user not able to login into portal or Role does not assign to user. Please do needful."/>
    <system-out><![CDATA[03:25:39.314 I am in onTestStart method SearchTicket start
]]></system-out>
  </testcase>
  <testcase name="SearchTicket" classname="tests.backendSupervisor.SupervisorSearchTicket" time="0">
    <skipped message="The following asserts failed:&#10;	Terminate Execution as Backend Supervisor user not able to login into portal or Role does not assign to user. Please do needful."/>
    <system-out><![CDATA[03:25:39.315 I am in onTestStart method SearchTicket start
]]></system-out>
  </testcase>
  <testcase name="SearchTicket" classname="tests.backendSupervisor.SupervisorSearchTicket" time="0">
    <skipped message="The following asserts failed:&#10;	Terminate Execution as Backend Supervisor user not able to login into portal or Role does not assign to user. Please do needful."/>
    <system-out><![CDATA[03:25:39.316 I am in onTestStart method SearchTicket start
]]></system-out>
  </testcase>
  <testcase name="SearchTicket" classname="tests.backendSupervisor.SupervisorSearchTicket" time="0">
    <skipped message="The following asserts failed:&#10;	Terminate Execution as Backend Supervisor user not able to login into portal or Role does not assign to user. Please do needful."/>
    <system-out><![CDATA[03:25:39.316 I am in onTestStart method SearchTicket start
]]></system-out>
  </testcase>
  <testcase name="SearchTicket" classname="tests.backendSupervisor.SupervisorSearchTicket" time="0">
    <skipped message="The following asserts failed:&#10;	Terminate Execution as Backend Supervisor user not able to login into portal or Role does not assign to user. Please do needful."/>
    <system-out><![CDATA[03:25:39.318 I am in onTestStart method SearchTicket start
]]></system-out>
  </testcase>
  <testcase name="SearchTicket" classname="tests.backendSupervisor.SupervisorSearchTicket" time="0">
    <skipped message="The following asserts failed:&#10;	Terminate Execution as Backend Supervisor user not able to login into portal or Role does not assign to user. Please do needful."/>
    <system-out><![CDATA[03:25:39.318 I am in onTestStart method SearchTicket start
]]></system-out>
  </testcase>
  <testcase name="SearchTicket" classname="tests.backendSupervisor.SupervisorSearchTicket" time="0">
    <skipped message="The following asserts failed:&#10;	Terminate Execution as Backend Supervisor user not able to login into portal or Role does not assign to user. Please do needful."/>
    <system-out><![CDATA[03:25:39.319 I am in onTestStart method SearchTicket start
]]></system-out>
  </testcase>
  <testcase name="SearchTicket" classname="tests.backendSupervisor.SupervisorSearchTicket" time="0">
    <skipped message="The following asserts failed:&#10;	Terminate Execution as Backend Supervisor user not able to login into portal or Role does not assign to user. Please do needful."/>
    <system-out><![CDATA[03:25:39.320 I am in onTestStart method SearchTicket start
]]></system-out>
  </testcase>
  <testcase name="SearchTicket" classname="tests.backendSupervisor.SupervisorSearchTicket" time="0">
    <skipped message="The following asserts failed:&#10;	Terminate Execution as Backend Supervisor user not able to login into portal or Role does not assign to user. Please do needful."/>
    <system-out><![CDATA[03:25:39.321 I am in onTestStart method SearchTicket start
]]></system-out>
  </testcase>
  <testcase name="SearchTicket" classname="tests.backendSupervisor.SupervisorSearchTicket" time="0">
    <skipped message="The following asserts failed:&#10;	Terminate Execution as Backend Supervisor user not able to login into portal or Role does not assign to user. Please do needful."/>
    <system-out><![CDATA[03:25:39.322 I am in onTestStart method SearchTicket start
]]></system-out>
  </testcase>
  <testcase name="SearchTicket" classname="tests.backendSupervisor.SupervisorSearchTicket" time="0">
    <skipped message="The following asserts failed:&#10;	Terminate Execution as Backend Supervisor user not able to login into portal or Role does not assign to user. Please do needful."/>
    <system-out><![CDATA[03:25:39.323 I am in onTestStart method SearchTicket start
]]></system-out>
  </testcase>
  <testcase name="SearchTicket" classname="tests.backendSupervisor.SupervisorSearchTicket" time="0">
    <skipped message="The following asserts failed:&#10;	Terminate Execution as Backend Supervisor user not able to login into portal or Role does not assign to user. Please do needful."/>
    <system-out><![CDATA[03:25:39.325 I am in onTestStart method SearchTicket start
]]></system-out>
  </testcase>
  <testcase name="SearchTicket" classname="tests.backendSupervisor.SupervisorSearchTicket" time="0">
    <skipped message="The following asserts failed:&#10;	Terminate Execution as Backend Supervisor user not able to login into portal or Role does not assign to user. Please do needful."/>
    <system-out><![CDATA[03:25:39.327 I am in onTestStart method SearchTicket start
]]></system-out>
  </testcase>
  <testcase name="SearchTicket" classname="tests.backendSupervisor.SupervisorSearchTicket" time="0">
    <skipped message="The following asserts failed:&#10;	Terminate Execution as Backend Supervisor user not able to login into portal or Role does not assign to user. Please do needful."/>
    <system-out><![CDATA[03:25:39.327 I am in onTestStart method SearchTicket start
]]></system-out>
  </testcase>
  <testcase name="SearchTicket" classname="tests.backendSupervisor.SupervisorSearchTicket" time="0">
    <skipped message="The following asserts failed:&#10;	Terminate Execution as Backend Supervisor user not able to login into portal or Role does not assign to user. Please do needful."/>
    <system-out><![CDATA[03:25:39.328 I am in onTestStart method SearchTicket start
]]></system-out>
  </testcase>
  <testcase name="SearchTicket" classname="tests.backendSupervisor.SupervisorSearchTicket" time="0">
    <skipped message="The following asserts failed:&#10;	Terminate Execution as Backend Supervisor user not able to login into portal or Role does not assign to user. Please do needful."/>
    <system-out><![CDATA[03:25:39.329 I am in onTestStart method SearchTicket start
]]></system-out>
  </testcase>
  <testcase name="SearchTicket" classname="tests.backendSupervisor.SupervisorSearchTicket" time="0">
    <skipped message="The following asserts failed:&#10;	Terminate Execution as Backend Supervisor user not able to login into portal or Role does not assign to user. Please do needful."/>
    <system-out><![CDATA[03:25:39.330 I am in onTestStart method SearchTicket start
]]></system-out>
  </testcase>
  <testcase name="SearchTicket" classname="tests.backendSupervisor.SupervisorSearchTicket" time="0">
    <skipped message="The following asserts failed:&#10;	Terminate Execution as Backend Supervisor user not able to login into portal or Role does not assign to user. Please do needful."/>
    <system-out><![CDATA[03:25:39.331 I am in onTestStart method SearchTicket start
]]></system-out>
  </testcase>
  <testcase name="SearchTicket" classname="tests.backendSupervisor.SupervisorSearchTicket" time="0">
    <skipped message="The following asserts failed:&#10;	Terminate Execution as Backend Supervisor user not able to login into portal or Role does not assign to user. Please do needful."/>
    <system-out><![CDATA[03:25:39.332 I am in onTestStart method SearchTicket start
]]></system-out>
  </testcase>
  <testcase name="SearchTicket" classname="tests.backendSupervisor.SupervisorSearchTicket" time="0">
    <skipped message="The following asserts failed:&#10;	Terminate Execution as Backend Supervisor user not able to login into portal or Role does not assign to user. Please do needful."/>
    <system-out><![CDATA[03:25:39.333 I am in onTestStart method SearchTicket start
]]></system-out>
  </testcase>
  <testcase name="SearchTicket" classname="tests.backendSupervisor.SupervisorSearchTicket" time="0">
    <skipped message="The following asserts failed:&#10;	Terminate Execution as Backend Supervisor user not able to login into portal or Role does not assign to user. Please do needful."/>
    <system-out><![CDATA[03:25:39.333 I am in onTestStart method SearchTicket start
]]></system-out>
  </testcase>
  <testcase name="SearchTicket" classname="tests.backendSupervisor.SupervisorSearchTicket" time="0">
    <skipped message="The following asserts failed:&#10;	Terminate Execution as Backend Supervisor user not able to login into portal or Role does not assign to user. Please do needful."/>
    <system-out><![CDATA[03:25:39.334 I am in onTestStart method SearchTicket start
]]></system-out>
  </testcase>
  <testcase name="SearchTicket" classname="tests.backendSupervisor.SupervisorSearchTicket" time="0">
    <skipped message="The following asserts failed:&#10;	Terminate Execution as Backend Supervisor user not able to login into portal or Role does not assign to user. Please do needful."/>
    <system-out><![CDATA[03:25:39.335 I am in onTestStart method SearchTicket start
]]></system-out>
  </testcase>
  <testcase name="SearchTicket" classname="tests.backendSupervisor.SupervisorSearchTicket" time="0">
    <skipped message="The following asserts failed:&#10;	Terminate Execution as Backend Supervisor user not able to login into portal or Role does not assign to user. Please do needful."/>
    <system-out><![CDATA[03:25:39.336 I am in onTestStart method SearchTicket start
]]></system-out>
  </testcase>
  <testcase name="SearchTicket" classname="tests.backendSupervisor.SupervisorSearchTicket" time="0">
    <skipped message="The following asserts failed:&#10;	Terminate Execution as Backend Supervisor user not able to login into portal or Role does not assign to user. Please do needful."/>
    <system-out><![CDATA[03:25:39.337 I am in onTestStart method SearchTicket start
]]></system-out>
  </testcase>
  <testcase name="SearchTicket" classname="tests.backendSupervisor.SupervisorSearchTicket" time="0">
    <skipped message="The following asserts failed:&#10;	Terminate Execution as Backend Supervisor user not able to login into portal or Role does not assign to user. Please do needful."/>
    <system-out><![CDATA[03:25:39.338 I am in onTestStart method SearchTicket start
]]></system-out>
  </testcase>
  <testcase name="SearchTicket" classname="tests.backendSupervisor.SupervisorSearchTicket" time="0">
    <skipped message="The following asserts failed:&#10;	Terminate Execution as Backend Supervisor user not able to login into portal or Role does not assign to user. Please do needful."/>
    <system-out><![CDATA[03:25:39.338 I am in onTestStart method SearchTicket start
]]></system-out>
  </testcase>
  <testcase name="SearchTicket" classname="tests.backendSupervisor.SupervisorSearchTicket" time="0">
    <skipped message="The following asserts failed:&#10;	Terminate Execution as Backend Supervisor user not able to login into portal or Role does not assign to user. Please do needful."/>
    <system-out><![CDATA[03:25:39.339 I am in onTestStart method SearchTicket start
]]></system-out>
  </testcase>
  <testcase name="SearchTicket" classname="tests.backendSupervisor.SupervisorSearchTicket" time="0">
    <skipped message="The following asserts failed:&#10;	Terminate Execution as Backend Supervisor user not able to login into portal or Role does not assign to user. Please do needful."/>
    <system-out><![CDATA[03:25:39.340 I am in onTestStart method SearchTicket start
]]></system-out>
  </testcase>
  <testcase name="SearchTicket" classname="tests.backendSupervisor.SupervisorSearchTicket" time="0">
    <skipped message="The following asserts failed:&#10;	Terminate Execution as Backend Supervisor user not able to login into portal or Role does not assign to user. Please do needful."/>
    <system-out><![CDATA[03:25:39.341 I am in onTestStart method SearchTicket start
]]></system-out>
  </testcase>
  <testcase name="SearchTicket" classname="tests.backendSupervisor.SupervisorSearchTicket" time="0">
    <skipped message="The following asserts failed:&#10;	Terminate Execution as Backend Supervisor user not able to login into portal or Role does not assign to user. Please do needful."/>
    <system-out><![CDATA[03:25:39.342 I am in onTestStart method SearchTicket start
]]></system-out>
  </testcase>
  <testcase name="SearchTicket" classname="tests.backendSupervisor.SupervisorSearchTicket" time="0">
    <skipped message="The following asserts failed:&#10;	Terminate Execution as Backend Supervisor user not able to login into portal or Role does not assign to user. Please do needful."/>
    <system-out><![CDATA[03:25:39.343 I am in onTestStart method SearchTicket start
]]></system-out>
  </testcase>
  <testcase name="SearchTicket" classname="tests.backendSupervisor.SupervisorSearchTicket" time="0">
    <skipped message="The following asserts failed:&#10;	Terminate Execution as Backend Supervisor user not able to login into portal or Role does not assign to user. Please do needful."/>
    <system-out><![CDATA[03:25:39.344 I am in onTestStart method SearchTicket start
]]></system-out>
  </testcase>
  <testcase name="SearchTicket" classname="tests.backendSupervisor.SupervisorSearchTicket" time="0">
    <skipped message="The following asserts failed:&#10;	Terminate Execution as Backend Supervisor user not able to login into portal or Role does not assign to user. Please do needful."/>
    <system-out><![CDATA[03:25:39.345 I am in onTestStart method SearchTicket start
]]></system-out>
  </testcase>
  <testcase name="SearchTicket" classname="tests.backendSupervisor.SupervisorSearchTicket" time="0">
    <skipped message="The following asserts failed:&#10;	Terminate Execution as Backend Supervisor user not able to login into portal or Role does not assign to user. Please do needful."/>
    <system-out><![CDATA[03:25:39.346 I am in onTestStart method SearchTicket start
]]></system-out>
  </testcase>
  <testcase name="SearchTicket" classname="tests.backendSupervisor.SupervisorSearchTicket" time="0">
    <skipped message="The following asserts failed:&#10;	Terminate Execution as Backend Supervisor user not able to login into portal or Role does not assign to user. Please do needful."/>
    <system-out><![CDATA[03:25:39.346 I am in onTestStart method SearchTicket start
]]></system-out>
  </testcase>
  <testcase name="SearchTicket" classname="tests.backendSupervisor.SupervisorSearchTicket" time="0">
    <skipped message="The following asserts failed:&#10;	Terminate Execution as Backend Supervisor user not able to login into portal or Role does not assign to user. Please do needful."/>
    <system-out><![CDATA[03:25:39.347 I am in onTestStart method SearchTicket start
]]></system-out>
  </testcase>
  <testcase name="SearchTicket" classname="tests.backendSupervisor.SupervisorSearchTicket" time="0">
    <skipped message="The following asserts failed:&#10;	Terminate Execution as Backend Supervisor user not able to login into portal or Role does not assign to user. Please do needful."/>
    <system-out><![CDATA[03:25:39.348 I am in onTestStart method SearchTicket start
]]></system-out>
  </testcase>
  <testcase name="SearchTicket" classname="tests.backendSupervisor.SupervisorSearchTicket" time="0">
    <skipped message="The following asserts failed:&#10;	Terminate Execution as Backend Supervisor user not able to login into portal or Role does not assign to user. Please do needful."/>
    <system-out><![CDATA[03:25:39.349 I am in onTestStart method SearchTicket start
]]></system-out>
  </testcase>
  <testcase name="SearchTicket" classname="tests.backendSupervisor.SupervisorSearchTicket" time="0">
    <skipped message="The following asserts failed:&#10;	Terminate Execution as Backend Supervisor user not able to login into portal or Role does not assign to user. Please do needful."/>
    <system-out><![CDATA[03:25:39.349 I am in onTestStart method SearchTicket start
]]></system-out>
  </testcase>
  <testcase name="SearchTicket" classname="tests.backendSupervisor.SupervisorSearchTicket" time="0">
    <skipped message="The following asserts failed:&#10;	Terminate Execution as Backend Supervisor user not able to login into portal or Role does not assign to user. Please do needful."/>
    <system-out><![CDATA[03:25:39.350 I am in onTestStart method SearchTicket start
]]></system-out>
  </testcase>
  <testcase name="SearchTicket" classname="tests.backendSupervisor.SupervisorSearchTicket" time="0">
    <skipped message="The following asserts failed:&#10;	Terminate Execution as Backend Supervisor user not able to login into portal or Role does not assign to user. Please do needful."/>
    <system-out><![CDATA[03:25:39.351 I am in onTestStart method SearchTicket start
]]></system-out>
  </testcase>
  <testcase name="SearchTicket" classname="tests.backendSupervisor.SupervisorSearchTicket" time="0">
    <skipped message="The following asserts failed:&#10;	Terminate Execution as Backend Supervisor user not able to login into portal or Role does not assign to user. Please do needful."/>
    <system-out><![CDATA[03:25:39.352 I am in onTestStart method SearchTicket start
]]></system-out>
  </testcase>
  <testcase name="SearchTicket" classname="tests.backendSupervisor.SupervisorSearchTicket" time="0">
    <skipped message="The following asserts failed:&#10;	Terminate Execution as Backend Supervisor user not able to login into portal or Role does not assign to user. Please do needful."/>
    <system-out><![CDATA[03:25:39.353 I am in onTestStart method SearchTicket start
]]></system-out>
  </testcase>
  <testcase name="SearchTicket" classname="tests.backendSupervisor.SupervisorSearchTicket" time="0">
    <skipped message="The following asserts failed:&#10;	Terminate Execution as Backend Supervisor user not able to login into portal or Role does not assign to user. Please do needful."/>
    <system-out><![CDATA[03:25:39.353 I am in onTestStart method SearchTicket start
]]></system-out>
  </testcase>
  <testcase name="SearchTicket" classname="tests.backendSupervisor.SupervisorSearchTicket" time="0">
    <skipped message="The following asserts failed:&#10;	Terminate Execution as Backend Supervisor user not able to login into portal or Role does not assign to user. Please do needful."/>
    <system-out><![CDATA[03:25:39.354 I am in onTestStart method SearchTicket start
]]></system-out>
  </testcase>
  <testcase name="SearchTicket" classname="tests.backendSupervisor.SupervisorSearchTicket" time="0">
    <skipped message="The following asserts failed:&#10;	Terminate Execution as Backend Supervisor user not able to login into portal or Role does not assign to user. Please do needful."/>
    <system-out><![CDATA[03:25:39.355 I am in onTestStart method SearchTicket start
]]></system-out>
  </testcase>
  <testcase name="SearchTicket" classname="tests.backendSupervisor.SupervisorSearchTicket" time="0">
    <skipped message="The following asserts failed:&#10;	Terminate Execution as Backend Supervisor user not able to login into portal or Role does not assign to user. Please do needful."/>
    <system-out><![CDATA[03:25:39.356 I am in onTestStart method SearchTicket start
]]></system-out>
  </testcase>
  <testcase name="SearchTicket" classname="tests.backendSupervisor.SupervisorSearchTicket" time="0">
    <skipped message="The following asserts failed:&#10;	Terminate Execution as Backend Supervisor user not able to login into portal or Role does not assign to user. Please do needful."/>
    <system-out><![CDATA[03:25:39.357 I am in onTestStart method SearchTicket start
]]></system-out>
  </testcase>
  <testcase name="SearchTicket" classname="tests.backendSupervisor.SupervisorSearchTicket" time="0">
    <skipped message="The following asserts failed:&#10;	Terminate Execution as Backend Supervisor user not able to login into portal or Role does not assign to user. Please do needful."/>
    <system-out><![CDATA[03:25:39.358 I am in onTestStart method SearchTicket start
]]></system-out>
  </testcase>
  <testcase name="SearchTicket" classname="tests.backendSupervisor.SupervisorSearchTicket" time="0">
    <skipped message="The following asserts failed:&#10;	Terminate Execution as Backend Supervisor user not able to login into portal or Role does not assign to user. Please do needful."/>
    <system-out><![CDATA[03:25:39.359 I am in onTestStart method SearchTicket start
]]></system-out>
  </testcase>
  <testcase name="SearchTicket" classname="tests.backendSupervisor.SupervisorSearchTicket" time="0">
    <skipped message="The following asserts failed:&#10;	Terminate Execution as Backend Supervisor user not able to login into portal or Role does not assign to user. Please do needful."/>
    <system-out><![CDATA[03:25:39.360 I am in onTestStart method SearchTicket start
]]></system-out>
  </testcase>
  <testcase name="SearchTicket" classname="tests.backendSupervisor.SupervisorSearchTicket" time="0">
    <skipped message="The following asserts failed:&#10;	Terminate Execution as Backend Supervisor user not able to login into portal or Role does not assign to user. Please do needful."/>
    <system-out><![CDATA[03:25:39.361 I am in onTestStart method SearchTicket start
]]></system-out>
  </testcase>
  <testcase name="SearchTicket" classname="tests.backendSupervisor.SupervisorSearchTicket" time="0">
    <skipped message="The following asserts failed:&#10;	Terminate Execution as Backend Supervisor user not able to login into portal or Role does not assign to user. Please do needful."/>
    <system-out><![CDATA[03:25:39.362 I am in onTestStart method SearchTicket start
]]></system-out>
  </testcase>
  <testcase name="SearchTicket" classname="tests.backendSupervisor.SupervisorSearchTicket" time="0">
    <skipped message="The following asserts failed:&#10;	Terminate Execution as Backend Supervisor user not able to login into portal or Role does not assign to user. Please do needful."/>
    <system-out><![CDATA[03:25:39.362 I am in onTestStart method SearchTicket start
]]></system-out>
  </testcase>
  <testcase name="SearchTicket" classname="tests.backendSupervisor.SupervisorSearchTicket" time="0">
    <skipped message="The following asserts failed:&#10;	Terminate Execution as Backend Supervisor user not able to login into portal or Role does not assign to user. Please do needful."/>
    <system-out><![CDATA[03:25:39.363 I am in onTestStart method SearchTicket start
]]></system-out>
  </testcase>
  <testcase name="SearchTicket" classname="tests.backendSupervisor.SupervisorSearchTicket" time="0">
    <skipped message="The following asserts failed:&#10;	Terminate Execution as Backend Supervisor user not able to login into portal or Role does not assign to user. Please do needful."/>
    <system-out><![CDATA[03:25:39.364 I am in onTestStart method SearchTicket start
]]></system-out>
  </testcase>
  <testcase name="SearchTicket" classname="tests.backendSupervisor.SupervisorSearchTicket" time="0">
    <skipped message="The following asserts failed:&#10;	Terminate Execution as Backend Supervisor user not able to login into portal or Role does not assign to user. Please do needful."/>
    <system-out><![CDATA[03:25:39.365 I am in onTestStart method SearchTicket start
]]></system-out>
  </testcase>
  <testcase name="SearchTicket" classname="tests.backendSupervisor.SupervisorSearchTicket" time="0">
    <skipped message="The following asserts failed:&#10;	Terminate Execution as Backend Supervisor user not able to login into portal or Role does not assign to user. Please do needful."/>
    <system-out><![CDATA[03:25:39.366 I am in onTestStart method SearchTicket start
]]></system-out>
  </testcase>
  <testcase name="SearchTicket" classname="tests.backendSupervisor.SupervisorSearchTicket" time="0">
    <skipped message="The following asserts failed:&#10;	Terminate Execution as Backend Supervisor user not able to login into portal or Role does not assign to user. Please do needful."/>
    <system-out><![CDATA[03:25:39.366 I am in onTestStart method SearchTicket start
]]></system-out>
  </testcase>
  <testcase name="SearchTicket" classname="tests.backendSupervisor.SupervisorSearchTicket" time="0">
    <skipped message="The following asserts failed:&#10;	Terminate Execution as Backend Supervisor user not able to login into portal or Role does not assign to user. Please do needful."/>
    <system-out><![CDATA[03:25:39.367 I am in onTestStart method SearchTicket start
]]></system-out>
  </testcase>
  <testcase name="SearchTicket" classname="tests.backendSupervisor.SupervisorSearchTicket" time="0">
    <skipped message="The following asserts failed:&#10;	Terminate Execution as Backend Supervisor user not able to login into portal or Role does not assign to user. Please do needful."/>
    <system-out><![CDATA[03:25:39.368 I am in onTestStart method SearchTicket start
]]></system-out>
  </testcase>
  <testcase name="SearchTicket" classname="tests.backendSupervisor.SupervisorSearchTicket" time="0">
    <skipped message="The following asserts failed:&#10;	Terminate Execution as Backend Supervisor user not able to login into portal or Role does not assign to user. Please do needful."/>
    <system-out><![CDATA[03:25:39.368 I am in onTestStart method SearchTicket start
]]></system-out>
  </testcase>
  <testcase name="SearchTicket" classname="tests.backendSupervisor.SupervisorSearchTicket" time="0">
    <skipped message="The following asserts failed:&#10;	Terminate Execution as Backend Supervisor user not able to login into portal or Role does not assign to user. Please do needful."/>
    <system-out><![CDATA[03:25:39.369 I am in onTestStart method SearchTicket start
]]></system-out>
  </testcase>
  <testcase name="SearchTicket" classname="tests.backendSupervisor.SupervisorSearchTicket" time="0">
    <skipped message="The following asserts failed:&#10;	Terminate Execution as Backend Supervisor user not able to login into portal or Role does not assign to user. Please do needful."/>
    <system-out><![CDATA[03:25:39.370 I am in onTestStart method SearchTicket start
]]></system-out>
  </testcase>
  <testcase name="SearchTicket" classname="tests.backendSupervisor.SupervisorSearchTicket" time="0">
    <skipped message="The following asserts failed:&#10;	Terminate Execution as Backend Supervisor user not able to login into portal or Role does not assign to user. Please do needful."/>
    <system-out><![CDATA[03:25:39.371 I am in onTestStart method SearchTicket start
]]></system-out>
  </testcase>
  <testcase name="SearchTicket" classname="tests.backendSupervisor.SupervisorSearchTicket" time="0">
    <skipped message="The following asserts failed:&#10;	Terminate Execution as Backend Supervisor user not able to login into portal or Role does not assign to user. Please do needful."/>
    <system-out><![CDATA[03:25:39.372 I am in onTestStart method SearchTicket start
]]></system-out>
  </testcase>
  <testcase name="SearchTicket" classname="tests.backendSupervisor.SupervisorSearchTicket" time="0">
    <skipped message="The following asserts failed:&#10;	Terminate Execution as Backend Supervisor user not able to login into portal or Role does not assign to user. Please do needful."/>
    <system-out><![CDATA[03:25:39.373 I am in onTestStart method SearchTicket start
]]></system-out>
  </testcase>
  <testcase name="SearchTicket" classname="tests.backendSupervisor.SupervisorSearchTicket" time="0">
    <skipped message="The following asserts failed:&#10;	Terminate Execution as Backend Supervisor user not able to login into portal or Role does not assign to user. Please do needful."/>
    <system-out><![CDATA[03:25:39.374 I am in onTestStart method SearchTicket start
]]></system-out>
  </testcase>
  <testcase name="SearchTicket" classname="tests.backendSupervisor.SupervisorSearchTicket" time="0">
    <skipped message="The following asserts failed:&#10;	Terminate Execution as Backend Supervisor user not able to login into portal or Role does not assign to user. Please do needful."/>
    <system-out><![CDATA[03:25:39.374 I am in onTestStart method SearchTicket start
]]></system-out>
  </testcase>
  <testcase name="validateCheckBox" classname="tests.backendSupervisor.SupervisorSearchTicket" time="0">
    <skipped message="The following asserts failed:&#10;	Terminate Execution as Backend Supervisor user not able to login into portal or Role does not assign to user. Please do needful."/>
    <system-out><![CDATA[03:25:39.376 I am in onTestStart method validateCheckBox start
]]></system-out>
  </testcase>
  <testcase name="checkExecution" classname="tests.backendSupervisor.SupervisorFilterTest" time="1.466">
    <failure message="The following asserts failed:&#10;	Terminate Execution as Backend Supervisor user not able to login into portal or Role does not assign to user. Please do needful." type="java.lang.AssertionError">java.lang.AssertionError: 
The following asserts failed:
	Terminate Execution as Backend Supervisor user not able to login into portal or Role does not assign to user. Please do needful.
	at tests.backendSupervisor.SupervisorFilterTest.checkExecution(SupervisorFilterTest.java:25)
</failure>
    <system-out><![CDATA[I am in on TestSkipped method validateCheckBox skipped
I am in onFinish method Supervisors Search Ticket Test 
I am in onStart method Ticket Transfer Rule Test 
I am in onFinish method Ticket Transfer Rule Test 
I am in onStart method Supervisors Validate Filter Option 
]]></system-out>
  </testcase>
  <testcase name="checkExecution" classname="tests.backendSupervisor.SupervisorFilterTest" time="0">
    <skipped/>
  </testcase>
  <testcase name="checkExecution" classname="tests.backendSupervisor.SupervisorFilterTest" time="0">
    <skipped/>
  </testcase>
  <testcase name="validateOpenFilterTab" classname="tests.backendSupervisor.SupervisorFilterTest" time="0">
    <skipped message="The following asserts failed:&#10;	Terminate Execution as Backend Supervisor user not able to login into portal or Role does not assign to user. Please do needful."/>
    <system-out><![CDATA[03:25:40.885 I am in onTestStart method validateOpenFilterTab start
]]></system-out>
  </testcase>
  <testcase name="methodLevelSetup" classname="tests.backendSupervisor.SupervisorFilterTest" time="0">
    <skipped/>
    <system-out><![CDATA[I am in on TestSkipped method validateOpenFilterTab skipped
]]></system-out>
  </testcase>
  <testcase name="methodLevelSetup" classname="tests.backendSupervisor.SupervisorFilterTest" time="0">
    <skipped/>
    <system-out><![CDATA[I am in on TestSkipped method validateClosedFilterTab skipped
]]></system-out>
  </testcase>
  <testcase name="validateClosedFilterTab" classname="tests.backendSupervisor.SupervisorFilterTest" time="0">
    <skipped message="The following asserts failed:&#10;	Terminate Execution as Backend Supervisor user not able to login into portal or Role does not assign to user. Please do needful."/>
    <system-out><![CDATA[03:25:40.885 I am in onTestStart method validateClosedFilterTab start
]]></system-out>
  </testcase>
  <testcase name="applyFilterByCreatedDate" classname="tests.backendSupervisor.SupervisorFilterTest" time="0">
    <skipped message="The following asserts failed:&#10;	Terminate Execution as Backend Supervisor user not able to login into portal or Role does not assign to user. Please do needful."/>
    <system-out><![CDATA[03:25:40.887 I am in onTestStart method applyFilterByCreatedDate start
]]></system-out>
  </testcase>
  <testcase name="checkExecution" classname="tests.backendSupervisor.StateQueueMappingTest" time="0.6">
    <failure message="The following asserts failed:&#10;	Terminate Execution as Backend Supervisor user not able to login into portal or Role does not assign to user. Please do needful." type="java.lang.AssertionError">java.lang.AssertionError: 
The following asserts failed:
	Terminate Execution as Backend Supervisor user not able to login into portal or Role does not assign to user. Please do needful.
	at tests.backendSupervisor.StateQueueMappingTest.checkExecution(StateQueueMappingTest.java:51)
</failure>
    <system-out><![CDATA[I am in on TestSkipped method applyFilterByCreatedDate skipped
I am in onFinish method Supervisors Validate Filter Option 
I am in onStart method Validate Ticket State Queue Mapping
03:25:41.483 [main] INFO  Utils.DataProviders.DataProviders(243) - User Type ALL
03:25:41.483 [main] INFO  Utils.DataProviders.DataProviders(249) - NO USER FOUND
03:25:41.483 [main] INFO  Utils.DataProviders.DataProviders(243) - User Type BA
03:25:41.484 [main] INFO  Utils.DataProviders.DataProviders(249) - NO USER FOUND
03:25:41.484 [main] INFO  Utils.DataProviders.DataProviders(243) - User Type NFTR
03:25:41.484 [main] INFO  Utils.DataProviders.DataProviders(249) - NO USER FOUND
03:25:41.484 [main] INFO  Utils.DataProviders.DataProviders(243) - User Type API
03:25:41.484 [main] INFO  Utils.DataProviders.DataProviders(246) - User Type ADDED API
]]></system-out>
  </testcase>
  <testcase name="checkExecution" classname="tests.backendSupervisor.StateQueueMappingTest" time="0">
    <skipped/>
  </testcase>
  <testcase name="checkExecution" classname="tests.backendSupervisor.StateQueueMappingTest" time="0">
    <skipped/>
  </testcase>
  <testcase name="checkExecution" classname="tests.backendSupervisor.StateQueueMappingTest" time="0">
    <skipped/>
  </testcase>
  <testcase name="loginAPI" classname="tests.backendSupervisor.StateQueueMappingTest" time="0">
    <skipped message="The following asserts failed:&#10;	Terminate Execution as Backend Supervisor user not able to login into portal or Role does not assign to user. Please do needful."/>
    <system-out><![CDATA[03:25:41.486 I am in onTestStart method loginAPI start
]]></system-out>
  </testcase>
  <testcase name="methodLevelSetup" classname="tests.backendSupervisor.StateQueueMappingTest" time="0">
    <skipped/>
    <system-out><![CDATA[I am in on TestSkipped method loginAPI skipped
]]></system-out>
  </testcase>
  <testcase name="methodLevelSetup" classname="tests.backendSupervisor.StateQueueMappingTest" time="0">
    <skipped/>
    <system-out><![CDATA[I am in on TestSkipped method stateQueueTest skipped
]]></system-out>
  </testcase>
  <testcase name="methodLevelSetup" classname="tests.backendSupervisor.StateQueueMappingTest" time="0">
    <skipped/>
    <system-out><![CDATA[I am in on TestSkipped method stateQueueTest skipped
]]></system-out>
  </testcase>
  <testcase name="stateQueueTest" classname="tests.backendSupervisor.StateQueueMappingTest" time="0">
    <skipped message="The following asserts failed:&#10;	Terminate Execution as Backend Supervisor user not able to login into portal or Role does not assign to user. Please do needful."/>
    <system-out><![CDATA[03:25:41.555 I am in onTestStart method stateQueueTest start
]]></system-out>
  </testcase>
  <testcase name="stateQueueTest" classname="tests.backendSupervisor.StateQueueMappingTest" time="0">
    <skipped message="The following asserts failed:&#10;	Terminate Execution as Backend Supervisor user not able to login into portal or Role does not assign to user. Please do needful."/>
    <system-out><![CDATA[03:25:41.556 I am in onTestStart method stateQueueTest start
]]></system-out>
  </testcase>
  <testcase name="stateQueueTest" classname="tests.backendSupervisor.StateQueueMappingTest" time="0">
    <skipped message="The following asserts failed:&#10;	Terminate Execution as Backend Supervisor user not able to login into portal or Role does not assign to user. Please do needful."/>
    <system-out><![CDATA[03:25:41.556 I am in onTestStart method stateQueueTest start
]]></system-out>
  </testcase>
  <testcase name="checkExecution" classname="tests.backendSupervisor.SupervisorUpdateTicket" time="0.763">
    <failure message="The following asserts failed:&#10;	Terminate Execution as Backend Supervisor user not able to login into portal or Role does not assign to user. Please do needful." type="java.lang.AssertionError">java.lang.AssertionError: 
The following asserts failed:
	Terminate Execution as Backend Supervisor user not able to login into portal or Role does not assign to user. Please do needful.
	at tests.backendSupervisor.SupervisorUpdateTicket.checkExecution(SupervisorUpdateTicket.java:52)
</failure>
    <system-out><![CDATA[I am in on TestSkipped method stateQueueTest skipped
I am in onFinish method Validate Ticket State Queue Mapping
I am in onStart method Supervisors Update Ticket Test
03:25:42.315 [main] INFO  Utils.DataProviders.DataProviders(243) - User Type ALL
03:25:42.315 [main] INFO  Utils.DataProviders.DataProviders(249) - NO USER FOUND
03:25:42.316 [main] INFO  Utils.DataProviders.DataProviders(243) - User Type BA
03:25:42.316 [main] INFO  Utils.DataProviders.DataProviders(249) - NO USER FOUND
03:25:42.316 [main] INFO  Utils.DataProviders.DataProviders(243) - User Type NFTR
03:25:42.316 [main] INFO  Utils.DataProviders.DataProviders(249) - NO USER FOUND
03:25:42.317 [main] INFO  Utils.DataProviders.DataProviders(243) - User Type API
03:25:42.317 [main] INFO  Utils.DataProviders.DataProviders(246) - User Type ADDED API
]]></system-out>
  </testcase>
  <testcase name="checkExecution" classname="tests.backendSupervisor.SupervisorUpdateTicket" time="0">
    <skipped/>
  </testcase>
  <testcase name="checkExecution" classname="tests.backendSupervisor.SupervisorUpdateTicket" time="0">
    <skipped/>
  </testcase>
  <testcase name="checkExecution" classname="tests.backendSupervisor.SupervisorUpdateTicket" time="0">
    <skipped/>
  </testcase>
  <testcase name="checkExecution" classname="tests.backendSupervisor.SupervisorUpdateTicket" time="0">
    <skipped/>
  </testcase>
  <testcase name="checkExecution" classname="tests.backendSupervisor.SupervisorUpdateTicket" time="0">
    <skipped/>
  </testcase>
  <testcase name="checkExecution" classname="tests.backendSupervisor.SupervisorUpdateTicket" time="0">
    <skipped/>
  </testcase>
  <testcase name="checkExecution" classname="tests.backendSupervisor.SupervisorUpdateTicket" time="0">
    <skipped/>
  </testcase>
  <testcase name="checkExecution" classname="tests.backendSupervisor.SupervisorUpdateTicket" time="0">
    <skipped/>
  </testcase>
  <testcase name="checkExecution" classname="tests.backendSupervisor.SupervisorUpdateTicket" time="0">
    <skipped/>
  </testcase>
  <testcase name="checkExecution" classname="tests.backendSupervisor.SupervisorUpdateTicket" time="0">
    <skipped/>
  </testcase>
  <testcase name="checkExecution" classname="tests.backendSupervisor.SupervisorUpdateTicket" time="0">
    <skipped/>
  </testcase>
  <testcase name="checkExecution" classname="tests.backendSupervisor.SupervisorUpdateTicket" time="0">
    <skipped/>
  </testcase>
  <testcase name="checkExecution" classname="tests.backendSupervisor.SupervisorUpdateTicket" time="0">
    <skipped/>
  </testcase>
  <testcase name="checkExecution" classname="tests.backendSupervisor.SupervisorUpdateTicket" time="0">
    <skipped/>
  </testcase>
  <testcase name="checkExecution" classname="tests.backendSupervisor.SupervisorUpdateTicket" time="0">
    <skipped/>
  </testcase>
  <testcase name="checkExecution" classname="tests.backendSupervisor.SupervisorUpdateTicket" time="0">
    <skipped/>
  </testcase>
  <testcase name="checkExecution" classname="tests.backendSupervisor.SupervisorUpdateTicket" time="0">
    <skipped/>
  </testcase>
  <testcase name="checkExecution" classname="tests.backendSupervisor.SupervisorUpdateTicket" time="0">
    <skipped/>
  </testcase>
  <testcase name="checkExecution" classname="tests.backendSupervisor.SupervisorUpdateTicket" time="0">
    <skipped/>
  </testcase>
  <testcase name="checkExecution" classname="tests.backendSupervisor.SupervisorUpdateTicket" time="0">
    <skipped/>
  </testcase>
  <testcase name="checkExecution" classname="tests.backendSupervisor.SupervisorUpdateTicket" time="0">
    <skipped/>
  </testcase>
  <testcase name="checkExecution" classname="tests.backendSupervisor.SupervisorUpdateTicket" time="0">
    <skipped/>
  </testcase>
  <testcase name="checkExecution" classname="tests.backendSupervisor.SupervisorUpdateTicket" time="0">
    <skipped/>
  </testcase>
  <testcase name="checkExecution" classname="tests.backendSupervisor.SupervisorUpdateTicket" time="0">
    <skipped/>
  </testcase>
  <testcase name="checkExecution" classname="tests.backendSupervisor.SupervisorUpdateTicket" time="0">
    <skipped/>
  </testcase>
  <testcase name="checkExecution" classname="tests.backendSupervisor.SupervisorUpdateTicket" time="0">
    <skipped/>
  </testcase>
  <testcase name="checkExecution" classname="tests.backendSupervisor.SupervisorUpdateTicket" time="0">
    <skipped/>
  </testcase>
  <testcase name="checkExecution" classname="tests.backendSupervisor.SupervisorUpdateTicket" time="0">
    <skipped/>
  </testcase>
  <testcase name="checkExecution" classname="tests.backendSupervisor.SupervisorUpdateTicket" time="0">
    <skipped/>
  </testcase>
  <testcase name="checkExecution" classname="tests.backendSupervisor.SupervisorUpdateTicket" time="0">
    <skipped/>
  </testcase>
  <testcase name="checkExecution" classname="tests.backendSupervisor.SupervisorUpdateTicket" time="0">
    <skipped/>
  </testcase>
  <testcase name="checkExecution" classname="tests.backendSupervisor.SupervisorUpdateTicket" time="0">
    <skipped/>
  </testcase>
  <testcase name="checkExecution" classname="tests.backendSupervisor.SupervisorUpdateTicket" time="0">
    <skipped/>
  </testcase>
  <testcase name="checkExecution" classname="tests.backendSupervisor.SupervisorUpdateTicket" time="0">
    <skipped/>
  </testcase>
  <testcase name="checkExecution" classname="tests.backendSupervisor.SupervisorUpdateTicket" time="0">
    <skipped/>
  </testcase>
  <testcase name="checkExecution" classname="tests.backendSupervisor.SupervisorUpdateTicket" time="0">
    <skipped/>
  </testcase>
  <testcase name="checkExecution" classname="tests.backendSupervisor.SupervisorUpdateTicket" time="0">
    <skipped/>
  </testcase>
  <testcase name="checkExecution" classname="tests.backendSupervisor.SupervisorUpdateTicket" time="0">
    <skipped/>
  </testcase>
  <testcase name="checkExecution" classname="tests.backendSupervisor.SupervisorUpdateTicket" time="0">
    <skipped/>
  </testcase>
  <testcase name="checkExecution" classname="tests.backendSupervisor.SupervisorUpdateTicket" time="0">
    <skipped/>
  </testcase>
  <testcase name="checkExecution" classname="tests.backendSupervisor.SupervisorUpdateTicket" time="0">
    <skipped/>
  </testcase>
  <testcase name="checkExecution" classname="tests.backendSupervisor.SupervisorUpdateTicket" time="0">
    <skipped/>
  </testcase>
  <testcase name="checkExecution" classname="tests.backendSupervisor.SupervisorUpdateTicket" time="0">
    <skipped/>
  </testcase>
  <testcase name="checkExecution" classname="tests.backendSupervisor.SupervisorUpdateTicket" time="0">
    <skipped/>
  </testcase>
  <testcase name="checkExecution" classname="tests.backendSupervisor.SupervisorUpdateTicket" time="0">
    <skipped/>
  </testcase>
  <testcase name="checkExecution" classname="tests.backendSupervisor.SupervisorUpdateTicket" time="0">
    <skipped/>
  </testcase>
  <testcase name="checkExecution" classname="tests.backendSupervisor.SupervisorUpdateTicket" time="0">
    <skipped/>
  </testcase>
  <testcase name="checkExecution" classname="tests.backendSupervisor.SupervisorUpdateTicket" time="0">
    <skipped/>
  </testcase>
  <testcase name="checkExecution" classname="tests.backendSupervisor.SupervisorUpdateTicket" time="0">
    <skipped/>
  </testcase>
  <testcase name="checkExecution" classname="tests.backendSupervisor.SupervisorUpdateTicket" time="0">
    <skipped/>
  </testcase>
  <testcase name="checkExecution" classname="tests.backendSupervisor.SupervisorUpdateTicket" time="0">
    <skipped/>
  </testcase>
  <testcase name="checkExecution" classname="tests.backendSupervisor.SupervisorUpdateTicket" time="0">
    <skipped/>
  </testcase>
  <testcase name="checkExecution" classname="tests.backendSupervisor.SupervisorUpdateTicket" time="0">
    <skipped/>
  </testcase>
  <testcase name="checkExecution" classname="tests.backendSupervisor.SupervisorUpdateTicket" time="0">
    <skipped/>
  </testcase>
  <testcase name="checkExecution" classname="tests.backendSupervisor.SupervisorUpdateTicket" time="0">
    <skipped/>
  </testcase>
  <testcase name="checkExecution" classname="tests.backendSupervisor.SupervisorUpdateTicket" time="0">
    <skipped/>
  </testcase>
  <testcase name="checkExecution" classname="tests.backendSupervisor.SupervisorUpdateTicket" time="0">
    <skipped/>
  </testcase>
  <testcase name="checkExecution" classname="tests.backendSupervisor.SupervisorUpdateTicket" time="0">
    <skipped/>
  </testcase>
  <testcase name="checkExecution" classname="tests.backendSupervisor.SupervisorUpdateTicket" time="0">
    <skipped/>
  </testcase>
  <testcase name="checkExecution" classname="tests.backendSupervisor.SupervisorUpdateTicket" time="0">
    <skipped/>
  </testcase>
  <testcase name="checkExecution" classname="tests.backendSupervisor.SupervisorUpdateTicket" time="0">
    <skipped/>
  </testcase>
  <testcase name="checkExecution" classname="tests.backendSupervisor.SupervisorUpdateTicket" time="0">
    <skipped/>
  </testcase>
  <testcase name="checkExecution" classname="tests.backendSupervisor.SupervisorUpdateTicket" time="0">
    <skipped/>
  </testcase>
  <testcase name="checkExecution" classname="tests.backendSupervisor.SupervisorUpdateTicket" time="0">
    <skipped/>
  </testcase>
  <testcase name="checkExecution" classname="tests.backendSupervisor.SupervisorUpdateTicket" time="0">
    <skipped/>
  </testcase>
  <testcase name="checkExecution" classname="tests.backendSupervisor.SupervisorUpdateTicket" time="0">
    <skipped/>
  </testcase>
  <testcase name="checkExecution" classname="tests.backendSupervisor.SupervisorUpdateTicket" time="0">
    <skipped/>
  </testcase>
  <testcase name="checkExecution" classname="tests.backendSupervisor.SupervisorUpdateTicket" time="0">
    <skipped/>
  </testcase>
  <testcase name="checkExecution" classname="tests.backendSupervisor.SupervisorUpdateTicket" time="0">
    <skipped/>
  </testcase>
  <testcase name="checkExecution" classname="tests.backendSupervisor.SupervisorUpdateTicket" time="0">
    <skipped/>
  </testcase>
  <testcase name="checkExecution" classname="tests.backendSupervisor.SupervisorUpdateTicket" time="0">
    <skipped/>
  </testcase>
  <testcase name="checkExecution" classname="tests.backendSupervisor.SupervisorUpdateTicket" time="0">
    <skipped/>
  </testcase>
  <testcase name="checkExecution" classname="tests.backendSupervisor.SupervisorUpdateTicket" time="0">
    <skipped/>
  </testcase>
  <testcase name="checkExecution" classname="tests.backendSupervisor.SupervisorUpdateTicket" time="0">
    <skipped/>
  </testcase>
  <testcase name="checkExecution" classname="tests.backendSupervisor.SupervisorUpdateTicket" time="0">
    <skipped/>
  </testcase>
  <testcase name="checkExecution" classname="tests.backendSupervisor.SupervisorUpdateTicket" time="0">
    <skipped/>
  </testcase>
  <testcase name="loginAPI" classname="tests.backendSupervisor.SupervisorUpdateTicket" time="0">
    <skipped message="The following asserts failed:&#10;	Terminate Execution as Backend Supervisor user not able to login into portal or Role does not assign to user. Please do needful."/>
    <system-out><![CDATA[03:25:42.318 I am in onTestStart method loginAPI start
]]></system-out>
  </testcase>
  <testcase name="methodLevelSetup" classname="tests.backendSupervisor.SupervisorUpdateTicket" time="0">
    <skipped/>
    <system-out><![CDATA[I am in on TestSkipped method loginAPI skipped
03:25:42.393 [main] INFO  Utils.DataProviders.DataProviders(243) - User Type ALL
03:25:42.394 [main] INFO  Utils.DataProviders.DataProviders(249) - NO USER FOUND
03:25:42.394 [main] INFO  Utils.DataProviders.DataProviders(243) - User Type BA
03:25:42.395 [main] INFO  Utils.DataProviders.DataProviders(249) - NO USER FOUND
03:25:42.395 [main] INFO  Utils.DataProviders.DataProviders(243) - User Type NFTR
03:25:42.396 [main] INFO  Utils.DataProviders.DataProviders(246) - User Type ADDED NFTR
03:25:42.396 [main] INFO  Utils.DataProviders.DataProviders(243) - User Type API
03:25:42.396 [main] INFO  Utils.DataProviders.DataProviders(249) - NO USER FOUND
]]></system-out>
  </testcase>
  <testcase name="methodLevelSetup" classname="tests.backendSupervisor.SupervisorUpdateTicket" time="0">
    <skipped/>
    <system-out><![CDATA[I am in on TestSkipped method setCustomerNumber skipped
No Ticket Found
Ticket Id: 091120000302
No Ticket Found
Ticket Id: 091120000303
Ticket Id: 091120000304
Ticket Id: 091120000305
No Ticket Found
Ticket Id: 091120000306
Ticket Id: 091120000307
Ticket Id: 091120000308
Ticket Id: 091120000309
Ticket Id: 091120000310
Ticket Id: 091120000311
Ticket Id: 091120000312
Ticket Id: 091120000313
Ticket Id: 091120000314
Ticket Id: 091120000315
Ticket Id: 091120000316
Ticket Id: 091120000317
Ticket Id: 091120000318
Ticket Id: 091120000319
Ticket Id: 091120000320
Ticket Id: 091120000321
Ticket Id: 091120000322
Ticket Id: 091120000323
Ticket Id: 091120000324
Ticket Id: 091120000325
Ticket Id: 091120000326
Ticket Id: 091120000327
Ticket Id: 091120000328
Ticket Id: 091120000329
Ticket Id: 091120000330
Ticket Id: 091120000331
Ticket Id: 091120000332
Ticket Id: 091120000333
Ticket Id: 091120000334
Ticket Id: 091120000335
Ticket Id: 091120000336
Ticket Id: 091120000337
Ticket Id: 091120000338
Ticket Id: 091120000339
Ticket Id: 091120000340
Ticket Id: 091120000341
Ticket Id: 091120000342
Ticket Id: 091120000343
Ticket Id: 091120000344
Ticket Id: 091120000345
Ticket Id: 091120000346
Ticket Id: 091120000347
Ticket Id: 091120000348
Ticket Id: 091120000349
Ticket Id: 091120000350
Ticket Id: 091120000351
Ticket Id: 091120000352
Ticket Id: 091120000353
Ticket Id: 091120000354
Ticket Id: 091120000355
Ticket Id: 091120000356
Ticket Id: 091120000357
Ticket Id: 091120000358
Ticket Id: 091120000359
Ticket Id: 091120000360
Ticket Id: 091120000361
Ticket Id: 101120000362
Ticket Id: 101120000363
Ticket Id: 101120000364
Ticket Id: 101120000365
Ticket Id: 101120000366
Ticket Id: 101120000367
Ticket Id: 101120000368
Ticket Id: 101120000369
Ticket Id: 101120000370
Ticket Id: 101120000371
Ticket Id: 101120000372
Ticket Id: 101120000373
Ticket Id: 101120000374
Ticket Id: 101120000375
]]></system-out>
  </testcase>
  <testcase name="methodLevelSetup" classname="tests.backendSupervisor.SupervisorUpdateTicket" time="0">
    <skipped/>
    <system-out><![CDATA[I am in on TestSkipped method updateTicket skipped
]]></system-out>
  </testcase>
  <testcase name="methodLevelSetup" classname="tests.backendSupervisor.SupervisorUpdateTicket" time="0">
    <skipped/>
    <system-out><![CDATA[I am in on TestSkipped method updateTicket skipped
]]></system-out>
  </testcase>
  <testcase name="methodLevelSetup" classname="tests.backendSupervisor.SupervisorUpdateTicket" time="0">
    <skipped/>
    <system-out><![CDATA[I am in on TestSkipped method updateTicket skipped
]]></system-out>
  </testcase>
  <testcase name="methodLevelSetup" classname="tests.backendSupervisor.SupervisorUpdateTicket" time="0">
    <skipped/>
    <system-out><![CDATA[I am in on TestSkipped method updateTicket skipped
]]></system-out>
  </testcase>
  <testcase name="methodLevelSetup" classname="tests.backendSupervisor.SupervisorUpdateTicket" time="0">
    <skipped/>
    <system-out><![CDATA[I am in on TestSkipped method updateTicket skipped
]]></system-out>
  </testcase>
  <testcase name="methodLevelSetup" classname="tests.backendSupervisor.SupervisorUpdateTicket" time="0">
    <skipped/>
    <system-out><![CDATA[I am in on TestSkipped method updateTicket skipped
]]></system-out>
  </testcase>
  <testcase name="methodLevelSetup" classname="tests.backendSupervisor.SupervisorUpdateTicket" time="0">
    <skipped/>
    <system-out><![CDATA[I am in on TestSkipped method updateTicket skipped
]]></system-out>
  </testcase>
  <testcase name="methodLevelSetup" classname="tests.backendSupervisor.SupervisorUpdateTicket" time="0">
    <skipped/>
    <system-out><![CDATA[I am in on TestSkipped method updateTicket skipped
]]></system-out>
  </testcase>
  <testcase name="methodLevelSetup" classname="tests.backendSupervisor.SupervisorUpdateTicket" time="0">
    <skipped/>
    <system-out><![CDATA[I am in on TestSkipped method updateTicket skipped
]]></system-out>
  </testcase>
  <testcase name="methodLevelSetup" classname="tests.backendSupervisor.SupervisorUpdateTicket" time="0">
    <skipped/>
    <system-out><![CDATA[I am in on TestSkipped method updateTicket skipped
]]></system-out>
  </testcase>
  <testcase name="methodLevelSetup" classname="tests.backendSupervisor.SupervisorUpdateTicket" time="0">
    <skipped/>
    <system-out><![CDATA[I am in on TestSkipped method updateTicket skipped
]]></system-out>
  </testcase>
  <testcase name="methodLevelSetup" classname="tests.backendSupervisor.SupervisorUpdateTicket" time="0">
    <skipped/>
    <system-out><![CDATA[I am in on TestSkipped method updateTicket skipped
]]></system-out>
  </testcase>
  <testcase name="methodLevelSetup" classname="tests.backendSupervisor.SupervisorUpdateTicket" time="0">
    <skipped/>
    <system-out><![CDATA[I am in on TestSkipped method updateTicket skipped
]]></system-out>
  </testcase>
  <testcase name="methodLevelSetup" classname="tests.backendSupervisor.SupervisorUpdateTicket" time="0">
    <skipped/>
    <system-out><![CDATA[I am in on TestSkipped method updateTicket skipped
]]></system-out>
  </testcase>
  <testcase name="methodLevelSetup" classname="tests.backendSupervisor.SupervisorUpdateTicket" time="0">
    <skipped/>
    <system-out><![CDATA[I am in on TestSkipped method updateTicket skipped
]]></system-out>
  </testcase>
  <testcase name="methodLevelSetup" classname="tests.backendSupervisor.SupervisorUpdateTicket" time="0">
    <skipped/>
    <system-out><![CDATA[I am in on TestSkipped method updateTicket skipped
]]></system-out>
  </testcase>
  <testcase name="methodLevelSetup" classname="tests.backendSupervisor.SupervisorUpdateTicket" time="0">
    <skipped/>
    <system-out><![CDATA[I am in on TestSkipped method updateTicket skipped
]]></system-out>
  </testcase>
  <testcase name="methodLevelSetup" classname="tests.backendSupervisor.SupervisorUpdateTicket" time="0">
    <skipped/>
    <system-out><![CDATA[I am in on TestSkipped method updateTicket skipped
]]></system-out>
  </testcase>
  <testcase name="methodLevelSetup" classname="tests.backendSupervisor.SupervisorUpdateTicket" time="0">
    <skipped/>
    <system-out><![CDATA[I am in on TestSkipped method updateTicket skipped
]]></system-out>
  </testcase>
  <testcase name="methodLevelSetup" classname="tests.backendSupervisor.SupervisorUpdateTicket" time="0">
    <skipped/>
    <system-out><![CDATA[I am in on TestSkipped method updateTicket skipped
]]></system-out>
  </testcase>
  <testcase name="methodLevelSetup" classname="tests.backendSupervisor.SupervisorUpdateTicket" time="0">
    <skipped/>
    <system-out><![CDATA[I am in on TestSkipped method updateTicket skipped
]]></system-out>
  </testcase>
  <testcase name="methodLevelSetup" classname="tests.backendSupervisor.SupervisorUpdateTicket" time="0">
    <skipped/>
    <system-out><![CDATA[I am in on TestSkipped method updateTicket skipped
]]></system-out>
  </testcase>
  <testcase name="methodLevelSetup" classname="tests.backendSupervisor.SupervisorUpdateTicket" time="0">
    <skipped/>
    <system-out><![CDATA[I am in on TestSkipped method updateTicket skipped
]]></system-out>
  </testcase>
  <testcase name="methodLevelSetup" classname="tests.backendSupervisor.SupervisorUpdateTicket" time="0">
    <skipped/>
    <system-out><![CDATA[I am in on TestSkipped method updateTicket skipped
]]></system-out>
  </testcase>
  <testcase name="methodLevelSetup" classname="tests.backendSupervisor.SupervisorUpdateTicket" time="0">
    <skipped/>
    <system-out><![CDATA[I am in on TestSkipped method updateTicket skipped
]]></system-out>
  </testcase>
  <testcase name="methodLevelSetup" classname="tests.backendSupervisor.SupervisorUpdateTicket" time="0">
    <skipped/>
    <system-out><![CDATA[I am in on TestSkipped method updateTicket skipped
]]></system-out>
  </testcase>
  <testcase name="methodLevelSetup" classname="tests.backendSupervisor.SupervisorUpdateTicket" time="0">
    <skipped/>
    <system-out><![CDATA[I am in on TestSkipped method updateTicket skipped
]]></system-out>
  </testcase>
  <testcase name="methodLevelSetup" classname="tests.backendSupervisor.SupervisorUpdateTicket" time="0">
    <skipped/>
    <system-out><![CDATA[I am in on TestSkipped method updateTicket skipped
]]></system-out>
  </testcase>
  <testcase name="methodLevelSetup" classname="tests.backendSupervisor.SupervisorUpdateTicket" time="0">
    <skipped/>
    <system-out><![CDATA[I am in on TestSkipped method updateTicket skipped
]]></system-out>
  </testcase>
  <testcase name="methodLevelSetup" classname="tests.backendSupervisor.SupervisorUpdateTicket" time="0">
    <skipped/>
    <system-out><![CDATA[I am in on TestSkipped method updateTicket skipped
]]></system-out>
  </testcase>
  <testcase name="methodLevelSetup" classname="tests.backendSupervisor.SupervisorUpdateTicket" time="0">
    <skipped/>
    <system-out><![CDATA[I am in on TestSkipped method updateTicket skipped
]]></system-out>
  </testcase>
  <testcase name="methodLevelSetup" classname="tests.backendSupervisor.SupervisorUpdateTicket" time="0">
    <skipped/>
    <system-out><![CDATA[I am in on TestSkipped method updateTicket skipped
]]></system-out>
  </testcase>
  <testcase name="methodLevelSetup" classname="tests.backendSupervisor.SupervisorUpdateTicket" time="0">
    <skipped/>
    <system-out><![CDATA[I am in on TestSkipped method updateTicket skipped
]]></system-out>
  </testcase>
  <testcase name="methodLevelSetup" classname="tests.backendSupervisor.SupervisorUpdateTicket" time="0">
    <skipped/>
    <system-out><![CDATA[I am in on TestSkipped method updateTicket skipped
]]></system-out>
  </testcase>
  <testcase name="methodLevelSetup" classname="tests.backendSupervisor.SupervisorUpdateTicket" time="0">
    <skipped/>
    <system-out><![CDATA[I am in on TestSkipped method updateTicket skipped
]]></system-out>
  </testcase>
  <testcase name="methodLevelSetup" classname="tests.backendSupervisor.SupervisorUpdateTicket" time="0">
    <skipped/>
    <system-out><![CDATA[I am in on TestSkipped method updateTicket skipped
]]></system-out>
  </testcase>
  <testcase name="methodLevelSetup" classname="tests.backendSupervisor.SupervisorUpdateTicket" time="0">
    <skipped/>
    <system-out><![CDATA[I am in on TestSkipped method updateTicket skipped
]]></system-out>
  </testcase>
  <testcase name="methodLevelSetup" classname="tests.backendSupervisor.SupervisorUpdateTicket" time="0">
    <skipped/>
    <system-out><![CDATA[I am in on TestSkipped method updateTicket skipped
]]></system-out>
  </testcase>
  <testcase name="methodLevelSetup" classname="tests.backendSupervisor.SupervisorUpdateTicket" time="0">
    <skipped/>
    <system-out><![CDATA[I am in on TestSkipped method updateTicket skipped
]]></system-out>
  </testcase>
  <testcase name="methodLevelSetup" classname="tests.backendSupervisor.SupervisorUpdateTicket" time="0">
    <skipped/>
    <system-out><![CDATA[I am in on TestSkipped method updateTicket skipped
]]></system-out>
  </testcase>
  <testcase name="methodLevelSetup" classname="tests.backendSupervisor.SupervisorUpdateTicket" time="0">
    <skipped/>
    <system-out><![CDATA[I am in on TestSkipped method updateTicket skipped
]]></system-out>
  </testcase>
  <testcase name="methodLevelSetup" classname="tests.backendSupervisor.SupervisorUpdateTicket" time="0">
    <skipped/>
    <system-out><![CDATA[I am in on TestSkipped method updateTicket skipped
]]></system-out>
  </testcase>
  <testcase name="methodLevelSetup" classname="tests.backendSupervisor.SupervisorUpdateTicket" time="0">
    <skipped/>
    <system-out><![CDATA[I am in on TestSkipped method updateTicket skipped
]]></system-out>
  </testcase>
  <testcase name="methodLevelSetup" classname="tests.backendSupervisor.SupervisorUpdateTicket" time="0">
    <skipped/>
    <system-out><![CDATA[I am in on TestSkipped method updateTicket skipped
]]></system-out>
  </testcase>
  <testcase name="methodLevelSetup" classname="tests.backendSupervisor.SupervisorUpdateTicket" time="0">
    <skipped/>
    <system-out><![CDATA[I am in on TestSkipped method updateTicket skipped
]]></system-out>
  </testcase>
  <testcase name="methodLevelSetup" classname="tests.backendSupervisor.SupervisorUpdateTicket" time="0">
    <skipped/>
    <system-out><![CDATA[I am in on TestSkipped method updateTicket skipped
]]></system-out>
  </testcase>
  <testcase name="methodLevelSetup" classname="tests.backendSupervisor.SupervisorUpdateTicket" time="0">
    <skipped/>
    <system-out><![CDATA[I am in on TestSkipped method updateTicket skipped
]]></system-out>
  </testcase>
  <testcase name="methodLevelSetup" classname="tests.backendSupervisor.SupervisorUpdateTicket" time="0">
    <skipped/>
    <system-out><![CDATA[I am in on TestSkipped method updateTicket skipped
]]></system-out>
  </testcase>
  <testcase name="methodLevelSetup" classname="tests.backendSupervisor.SupervisorUpdateTicket" time="0">
    <skipped/>
    <system-out><![CDATA[I am in on TestSkipped method updateTicket skipped
]]></system-out>
  </testcase>
  <testcase name="methodLevelSetup" classname="tests.backendSupervisor.SupervisorUpdateTicket" time="0">
    <skipped/>
    <system-out><![CDATA[I am in on TestSkipped method updateTicket skipped
]]></system-out>
  </testcase>
  <testcase name="methodLevelSetup" classname="tests.backendSupervisor.SupervisorUpdateTicket" time="0">
    <skipped/>
    <system-out><![CDATA[I am in on TestSkipped method updateTicket skipped
]]></system-out>
  </testcase>
  <testcase name="methodLevelSetup" classname="tests.backendSupervisor.SupervisorUpdateTicket" time="0">
    <skipped/>
    <system-out><![CDATA[I am in on TestSkipped method updateTicket skipped
]]></system-out>
  </testcase>
  <testcase name="methodLevelSetup" classname="tests.backendSupervisor.SupervisorUpdateTicket" time="0">
    <skipped/>
    <system-out><![CDATA[I am in on TestSkipped method updateTicket skipped
]]></system-out>
  </testcase>
  <testcase name="methodLevelSetup" classname="tests.backendSupervisor.SupervisorUpdateTicket" time="0">
    <skipped/>
    <system-out><![CDATA[I am in on TestSkipped method updateTicket skipped
]]></system-out>
  </testcase>
  <testcase name="methodLevelSetup" classname="tests.backendSupervisor.SupervisorUpdateTicket" time="0">
    <skipped/>
    <system-out><![CDATA[I am in on TestSkipped method updateTicket skipped
]]></system-out>
  </testcase>
  <testcase name="methodLevelSetup" classname="tests.backendSupervisor.SupervisorUpdateTicket" time="0">
    <skipped/>
    <system-out><![CDATA[I am in on TestSkipped method updateTicket skipped
]]></system-out>
  </testcase>
  <testcase name="methodLevelSetup" classname="tests.backendSupervisor.SupervisorUpdateTicket" time="0">
    <skipped/>
    <system-out><![CDATA[I am in on TestSkipped method updateTicket skipped
]]></system-out>
  </testcase>
  <testcase name="methodLevelSetup" classname="tests.backendSupervisor.SupervisorUpdateTicket" time="0">
    <skipped/>
    <system-out><![CDATA[I am in on TestSkipped method updateTicket skipped
]]></system-out>
  </testcase>
  <testcase name="methodLevelSetup" classname="tests.backendSupervisor.SupervisorUpdateTicket" time="0">
    <skipped/>
    <system-out><![CDATA[I am in on TestSkipped method updateTicket skipped
]]></system-out>
  </testcase>
  <testcase name="methodLevelSetup" classname="tests.backendSupervisor.SupervisorUpdateTicket" time="0">
    <skipped/>
    <system-out><![CDATA[I am in on TestSkipped method updateTicket skipped
]]></system-out>
  </testcase>
  <testcase name="methodLevelSetup" classname="tests.backendSupervisor.SupervisorUpdateTicket" time="0">
    <skipped/>
    <system-out><![CDATA[I am in on TestSkipped method updateTicket skipped
]]></system-out>
  </testcase>
  <testcase name="methodLevelSetup" classname="tests.backendSupervisor.SupervisorUpdateTicket" time="0">
    <skipped/>
    <system-out><![CDATA[I am in on TestSkipped method updateTicket skipped
]]></system-out>
  </testcase>
  <testcase name="methodLevelSetup" classname="tests.backendSupervisor.SupervisorUpdateTicket" time="0">
    <skipped/>
    <system-out><![CDATA[I am in on TestSkipped method updateTicket skipped
]]></system-out>
  </testcase>
  <testcase name="methodLevelSetup" classname="tests.backendSupervisor.SupervisorUpdateTicket" time="0">
    <skipped/>
    <system-out><![CDATA[I am in on TestSkipped method updateTicket skipped
]]></system-out>
  </testcase>
  <testcase name="methodLevelSetup" classname="tests.backendSupervisor.SupervisorUpdateTicket" time="0">
    <skipped/>
    <system-out><![CDATA[I am in on TestSkipped method updateTicket skipped
]]></system-out>
  </testcase>
  <testcase name="methodLevelSetup" classname="tests.backendSupervisor.SupervisorUpdateTicket" time="0">
    <skipped/>
    <system-out><![CDATA[I am in on TestSkipped method updateTicket skipped
]]></system-out>
  </testcase>
  <testcase name="methodLevelSetup" classname="tests.backendSupervisor.SupervisorUpdateTicket" time="0">
    <skipped/>
    <system-out><![CDATA[I am in on TestSkipped method updateTicket skipped
]]></system-out>
  </testcase>
  <testcase name="methodLevelSetup" classname="tests.backendSupervisor.SupervisorUpdateTicket" time="0">
    <skipped/>
    <system-out><![CDATA[I am in on TestSkipped method updateTicket skipped
]]></system-out>
  </testcase>
  <testcase name="methodLevelSetup" classname="tests.backendSupervisor.SupervisorUpdateTicket" time="0">
    <skipped/>
    <system-out><![CDATA[I am in on TestSkipped method updateTicket skipped
]]></system-out>
  </testcase>
  <testcase name="methodLevelSetup" classname="tests.backendSupervisor.SupervisorUpdateTicket" time="0">
    <skipped/>
    <system-out><![CDATA[I am in on TestSkipped method updateTicket skipped
]]></system-out>
  </testcase>
  <testcase name="methodLevelSetup" classname="tests.backendSupervisor.SupervisorUpdateTicket" time="0">
    <skipped/>
    <system-out><![CDATA[I am in on TestSkipped method updateTicket skipped
]]></system-out>
  </testcase>
  <testcase name="methodLevelSetup" classname="tests.backendSupervisor.SupervisorUpdateTicket" time="0">
    <skipped/>
    <system-out><![CDATA[I am in on TestSkipped method updateTicket skipped
]]></system-out>
  </testcase>
  <testcase name="methodLevelSetup" classname="tests.backendSupervisor.SupervisorUpdateTicket" time="0">
    <skipped/>
    <system-out><![CDATA[I am in on TestSkipped method updateTicket skipped
]]></system-out>
  </testcase>
  <testcase name="methodLevelSetup" classname="tests.backendSupervisor.SupervisorUpdateTicket" time="0">
    <skipped/>
    <system-out><![CDATA[I am in on TestSkipped method updateTicket skipped
03:25:42.742 [main] INFO  Utils.DataProviders.DataProviders(243) - User Type ALL
03:25:42.742 [main] INFO  Utils.DataProviders.DataProviders(249) - NO USER FOUND
03:25:42.743 [main] INFO  Utils.DataProviders.DataProviders(243) - User Type BA
03:25:42.743 [main] INFO  Utils.DataProviders.DataProviders(249) - NO USER FOUND
03:25:42.744 [main] INFO  Utils.DataProviders.DataProviders(243) - User Type NFTR
03:25:42.745 [main] INFO  Utils.DataProviders.DataProviders(246) - User Type ADDED NFTR
03:25:42.745 [main] INFO  Utils.DataProviders.DataProviders(243) - User Type API
03:25:42.746 [main] INFO  Utils.DataProviders.DataProviders(249) - NO USER FOUND
]]></system-out>
  </testcase>
  <testcase name="setCustomerNumber" classname="tests.backendSupervisor.SupervisorUpdateTicket" time="0">
    <skipped message="The following asserts failed:&#10;	Terminate Execution as Backend Supervisor user not able to login into portal or Role does not assign to user. Please do needful."/>
    <system-out><![CDATA[03:25:42.398 I am in onTestStart method setCustomerNumber start
]]></system-out>
  </testcase>
  <testcase name="updateTicket" classname="tests.backendSupervisor.SupervisorUpdateTicket" time="0">
    <skipped message="The following asserts failed:&#10;	Terminate Execution as Backend Supervisor user not able to login into portal or Role does not assign to user. Please do needful."/>
    <system-out><![CDATA[03:25:42.547 I am in onTestStart method updateTicket start
]]></system-out>
  </testcase>
  <testcase name="updateTicket" classname="tests.backendSupervisor.SupervisorUpdateTicket" time="0">
    <skipped message="The following asserts failed:&#10;	Terminate Execution as Backend Supervisor user not able to login into portal or Role does not assign to user. Please do needful."/>
    <system-out><![CDATA[03:25:42.549 I am in onTestStart method updateTicket start
]]></system-out>
  </testcase>
  <testcase name="updateTicket" classname="tests.backendSupervisor.SupervisorUpdateTicket" time="0">
    <skipped message="The following asserts failed:&#10;	Terminate Execution as Backend Supervisor user not able to login into portal or Role does not assign to user. Please do needful."/>
    <system-out><![CDATA[03:25:42.551 I am in onTestStart method updateTicket start
]]></system-out>
  </testcase>
  <testcase name="updateTicket" classname="tests.backendSupervisor.SupervisorUpdateTicket" time="0">
    <skipped message="The following asserts failed:&#10;	Terminate Execution as Backend Supervisor user not able to login into portal or Role does not assign to user. Please do needful."/>
    <system-out><![CDATA[03:25:42.552 I am in onTestStart method updateTicket start
]]></system-out>
  </testcase>
  <testcase name="updateTicket" classname="tests.backendSupervisor.SupervisorUpdateTicket" time="0">
    <skipped message="The following asserts failed:&#10;	Terminate Execution as Backend Supervisor user not able to login into portal or Role does not assign to user. Please do needful."/>
    <system-out><![CDATA[03:25:42.560 I am in onTestStart method updateTicket start
]]></system-out>
  </testcase>
  <testcase name="updateTicket" classname="tests.backendSupervisor.SupervisorUpdateTicket" time="0">
    <skipped message="The following asserts failed:&#10;	Terminate Execution as Backend Supervisor user not able to login into portal or Role does not assign to user. Please do needful."/>
    <system-out><![CDATA[03:25:42.560 I am in onTestStart method updateTicket start
]]></system-out>
  </testcase>
  <testcase name="updateTicket" classname="tests.backendSupervisor.SupervisorUpdateTicket" time="0">
    <skipped message="The following asserts failed:&#10;	Terminate Execution as Backend Supervisor user not able to login into portal or Role does not assign to user. Please do needful."/>
    <system-out><![CDATA[03:25:42.561 I am in onTestStart method updateTicket start
]]></system-out>
  </testcase>
  <testcase name="updateTicket" classname="tests.backendSupervisor.SupervisorUpdateTicket" time="0">
    <skipped message="The following asserts failed:&#10;	Terminate Execution as Backend Supervisor user not able to login into portal or Role does not assign to user. Please do needful."/>
    <system-out><![CDATA[03:25:42.562 I am in onTestStart method updateTicket start
]]></system-out>
  </testcase>
  <testcase name="updateTicket" classname="tests.backendSupervisor.SupervisorUpdateTicket" time="0">
    <skipped message="The following asserts failed:&#10;	Terminate Execution as Backend Supervisor user not able to login into portal or Role does not assign to user. Please do needful."/>
    <system-out><![CDATA[03:25:42.562 I am in onTestStart method updateTicket start
]]></system-out>
  </testcase>
  <testcase name="updateTicket" classname="tests.backendSupervisor.SupervisorUpdateTicket" time="0">
    <skipped message="The following asserts failed:&#10;	Terminate Execution as Backend Supervisor user not able to login into portal or Role does not assign to user. Please do needful."/>
    <system-out><![CDATA[03:25:42.566 I am in onTestStart method updateTicket start
]]></system-out>
  </testcase>
  <testcase name="updateTicket" classname="tests.backendSupervisor.SupervisorUpdateTicket" time="0">
    <skipped message="The following asserts failed:&#10;	Terminate Execution as Backend Supervisor user not able to login into portal or Role does not assign to user. Please do needful."/>
    <system-out><![CDATA[03:25:42.567 I am in onTestStart method updateTicket start
]]></system-out>
  </testcase>
  <testcase name="updateTicket" classname="tests.backendSupervisor.SupervisorUpdateTicket" time="0">
    <skipped message="The following asserts failed:&#10;	Terminate Execution as Backend Supervisor user not able to login into portal or Role does not assign to user. Please do needful."/>
    <system-out><![CDATA[03:25:42.568 I am in onTestStart method updateTicket start
]]></system-out>
  </testcase>
  <testcase name="updateTicket" classname="tests.backendSupervisor.SupervisorUpdateTicket" time="0">
    <skipped message="The following asserts failed:&#10;	Terminate Execution as Backend Supervisor user not able to login into portal or Role does not assign to user. Please do needful."/>
    <system-out><![CDATA[03:25:42.569 I am in onTestStart method updateTicket start
]]></system-out>
  </testcase>
  <testcase name="updateTicket" classname="tests.backendSupervisor.SupervisorUpdateTicket" time="0">
    <skipped message="The following asserts failed:&#10;	Terminate Execution as Backend Supervisor user not able to login into portal or Role does not assign to user. Please do needful."/>
    <system-out><![CDATA[03:25:42.569 I am in onTestStart method updateTicket start
]]></system-out>
  </testcase>
  <testcase name="updateTicket" classname="tests.backendSupervisor.SupervisorUpdateTicket" time="0">
    <skipped message="The following asserts failed:&#10;	Terminate Execution as Backend Supervisor user not able to login into portal or Role does not assign to user. Please do needful."/>
    <system-out><![CDATA[03:25:42.570 I am in onTestStart method updateTicket start
]]></system-out>
  </testcase>
  <testcase name="updateTicket" classname="tests.backendSupervisor.SupervisorUpdateTicket" time="0">
    <skipped message="The following asserts failed:&#10;	Terminate Execution as Backend Supervisor user not able to login into portal or Role does not assign to user. Please do needful."/>
    <system-out><![CDATA[03:25:42.572 I am in onTestStart method updateTicket start
]]></system-out>
  </testcase>
  <testcase name="updateTicket" classname="tests.backendSupervisor.SupervisorUpdateTicket" time="0">
    <skipped message="The following asserts failed:&#10;	Terminate Execution as Backend Supervisor user not able to login into portal or Role does not assign to user. Please do needful."/>
    <system-out><![CDATA[03:25:42.573 I am in onTestStart method updateTicket start
]]></system-out>
  </testcase>
  <testcase name="updateTicket" classname="tests.backendSupervisor.SupervisorUpdateTicket" time="0">
    <skipped message="The following asserts failed:&#10;	Terminate Execution as Backend Supervisor user not able to login into portal or Role does not assign to user. Please do needful."/>
    <system-out><![CDATA[03:25:42.574 I am in onTestStart method updateTicket start
]]></system-out>
  </testcase>
  <testcase name="updateTicket" classname="tests.backendSupervisor.SupervisorUpdateTicket" time="0">
    <skipped message="The following asserts failed:&#10;	Terminate Execution as Backend Supervisor user not able to login into portal or Role does not assign to user. Please do needful."/>
    <system-out><![CDATA[03:25:42.575 I am in onTestStart method updateTicket start
]]></system-out>
  </testcase>
  <testcase name="updateTicket" classname="tests.backendSupervisor.SupervisorUpdateTicket" time="0">
    <skipped message="The following asserts failed:&#10;	Terminate Execution as Backend Supervisor user not able to login into portal or Role does not assign to user. Please do needful."/>
    <system-out><![CDATA[03:25:42.576 I am in onTestStart method updateTicket start
]]></system-out>
  </testcase>
  <testcase name="updateTicket" classname="tests.backendSupervisor.SupervisorUpdateTicket" time="0">
    <skipped message="The following asserts failed:&#10;	Terminate Execution as Backend Supervisor user not able to login into portal or Role does not assign to user. Please do needful."/>
    <system-out><![CDATA[03:25:42.577 I am in onTestStart method updateTicket start
]]></system-out>
  </testcase>
  <testcase name="updateTicket" classname="tests.backendSupervisor.SupervisorUpdateTicket" time="0">
    <skipped message="The following asserts failed:&#10;	Terminate Execution as Backend Supervisor user not able to login into portal or Role does not assign to user. Please do needful."/>
    <system-out><![CDATA[03:25:42.577 I am in onTestStart method updateTicket start
]]></system-out>
  </testcase>
  <testcase name="updateTicket" classname="tests.backendSupervisor.SupervisorUpdateTicket" time="0">
    <skipped message="The following asserts failed:&#10;	Terminate Execution as Backend Supervisor user not able to login into portal or Role does not assign to user. Please do needful."/>
    <system-out><![CDATA[03:25:42.578 I am in onTestStart method updateTicket start
]]></system-out>
  </testcase>
  <testcase name="updateTicket" classname="tests.backendSupervisor.SupervisorUpdateTicket" time="0">
    <skipped message="The following asserts failed:&#10;	Terminate Execution as Backend Supervisor user not able to login into portal or Role does not assign to user. Please do needful."/>
    <system-out><![CDATA[03:25:42.579 I am in onTestStart method updateTicket start
]]></system-out>
  </testcase>
  <testcase name="updateTicket" classname="tests.backendSupervisor.SupervisorUpdateTicket" time="0">
    <skipped message="The following asserts failed:&#10;	Terminate Execution as Backend Supervisor user not able to login into portal or Role does not assign to user. Please do needful."/>
    <system-out><![CDATA[03:25:42.580 I am in onTestStart method updateTicket start
]]></system-out>
  </testcase>
  <testcase name="updateTicket" classname="tests.backendSupervisor.SupervisorUpdateTicket" time="0">
    <skipped message="The following asserts failed:&#10;	Terminate Execution as Backend Supervisor user not able to login into portal or Role does not assign to user. Please do needful."/>
    <system-out><![CDATA[03:25:42.580 I am in onTestStart method updateTicket start
]]></system-out>
  </testcase>
  <testcase name="updateTicket" classname="tests.backendSupervisor.SupervisorUpdateTicket" time="0">
    <skipped message="The following asserts failed:&#10;	Terminate Execution as Backend Supervisor user not able to login into portal or Role does not assign to user. Please do needful."/>
    <system-out><![CDATA[03:25:42.582 I am in onTestStart method updateTicket start
]]></system-out>
  </testcase>
  <testcase name="updateTicket" classname="tests.backendSupervisor.SupervisorUpdateTicket" time="0">
    <skipped message="The following asserts failed:&#10;	Terminate Execution as Backend Supervisor user not able to login into portal or Role does not assign to user. Please do needful."/>
    <system-out><![CDATA[03:25:42.582 I am in onTestStart method updateTicket start
]]></system-out>
  </testcase>
  <testcase name="updateTicket" classname="tests.backendSupervisor.SupervisorUpdateTicket" time="0">
    <skipped message="The following asserts failed:&#10;	Terminate Execution as Backend Supervisor user not able to login into portal or Role does not assign to user. Please do needful."/>
    <system-out><![CDATA[03:25:42.583 I am in onTestStart method updateTicket start
]]></system-out>
  </testcase>
  <testcase name="updateTicket" classname="tests.backendSupervisor.SupervisorUpdateTicket" time="0">
    <skipped message="The following asserts failed:&#10;	Terminate Execution as Backend Supervisor user not able to login into portal or Role does not assign to user. Please do needful."/>
    <system-out><![CDATA[03:25:42.584 I am in onTestStart method updateTicket start
]]></system-out>
  </testcase>
  <testcase name="updateTicket" classname="tests.backendSupervisor.SupervisorUpdateTicket" time="0">
    <skipped message="The following asserts failed:&#10;	Terminate Execution as Backend Supervisor user not able to login into portal or Role does not assign to user. Please do needful."/>
    <system-out><![CDATA[03:25:42.585 I am in onTestStart method updateTicket start
]]></system-out>
  </testcase>
  <testcase name="updateTicket" classname="tests.backendSupervisor.SupervisorUpdateTicket" time="0">
    <skipped message="The following asserts failed:&#10;	Terminate Execution as Backend Supervisor user not able to login into portal or Role does not assign to user. Please do needful."/>
    <system-out><![CDATA[03:25:42.586 I am in onTestStart method updateTicket start
]]></system-out>
  </testcase>
  <testcase name="updateTicket" classname="tests.backendSupervisor.SupervisorUpdateTicket" time="0">
    <skipped message="The following asserts failed:&#10;	Terminate Execution as Backend Supervisor user not able to login into portal or Role does not assign to user. Please do needful."/>
    <system-out><![CDATA[03:25:42.588 I am in onTestStart method updateTicket start
]]></system-out>
  </testcase>
  <testcase name="updateTicket" classname="tests.backendSupervisor.SupervisorUpdateTicket" time="0">
    <skipped message="The following asserts failed:&#10;	Terminate Execution as Backend Supervisor user not able to login into portal or Role does not assign to user. Please do needful."/>
    <system-out><![CDATA[03:25:42.591 I am in onTestStart method updateTicket start
]]></system-out>
  </testcase>
  <testcase name="updateTicket" classname="tests.backendSupervisor.SupervisorUpdateTicket" time="0">
    <skipped message="The following asserts failed:&#10;	Terminate Execution as Backend Supervisor user not able to login into portal or Role does not assign to user. Please do needful."/>
    <system-out><![CDATA[03:25:42.593 I am in onTestStart method updateTicket start
]]></system-out>
  </testcase>
  <testcase name="updateTicket" classname="tests.backendSupervisor.SupervisorUpdateTicket" time="0">
    <skipped message="The following asserts failed:&#10;	Terminate Execution as Backend Supervisor user not able to login into portal or Role does not assign to user. Please do needful."/>
    <system-out><![CDATA[03:25:42.593 I am in onTestStart method updateTicket start
]]></system-out>
  </testcase>
  <testcase name="updateTicket" classname="tests.backendSupervisor.SupervisorUpdateTicket" time="0">
    <skipped message="The following asserts failed:&#10;	Terminate Execution as Backend Supervisor user not able to login into portal or Role does not assign to user. Please do needful."/>
    <system-out><![CDATA[03:25:42.594 I am in onTestStart method updateTicket start
]]></system-out>
  </testcase>
  <testcase name="updateTicket" classname="tests.backendSupervisor.SupervisorUpdateTicket" time="0">
    <skipped message="The following asserts failed:&#10;	Terminate Execution as Backend Supervisor user not able to login into portal or Role does not assign to user. Please do needful."/>
    <system-out><![CDATA[03:25:42.595 I am in onTestStart method updateTicket start
]]></system-out>
  </testcase>
  <testcase name="updateTicket" classname="tests.backendSupervisor.SupervisorUpdateTicket" time="0">
    <skipped message="The following asserts failed:&#10;	Terminate Execution as Backend Supervisor user not able to login into portal or Role does not assign to user. Please do needful."/>
    <system-out><![CDATA[03:25:42.598 I am in onTestStart method updateTicket start
]]></system-out>
  </testcase>
  <testcase name="updateTicket" classname="tests.backendSupervisor.SupervisorUpdateTicket" time="0">
    <skipped message="The following asserts failed:&#10;	Terminate Execution as Backend Supervisor user not able to login into portal or Role does not assign to user. Please do needful."/>
    <system-out><![CDATA[03:25:42.599 I am in onTestStart method updateTicket start
]]></system-out>
  </testcase>
  <testcase name="updateTicket" classname="tests.backendSupervisor.SupervisorUpdateTicket" time="0">
    <skipped message="The following asserts failed:&#10;	Terminate Execution as Backend Supervisor user not able to login into portal or Role does not assign to user. Please do needful."/>
    <system-out><![CDATA[03:25:42.599 I am in onTestStart method updateTicket start
]]></system-out>
  </testcase>
  <testcase name="updateTicket" classname="tests.backendSupervisor.SupervisorUpdateTicket" time="0">
    <skipped message="The following asserts failed:&#10;	Terminate Execution as Backend Supervisor user not able to login into portal or Role does not assign to user. Please do needful."/>
    <system-out><![CDATA[03:25:42.601 I am in onTestStart method updateTicket start
]]></system-out>
  </testcase>
  <testcase name="updateTicket" classname="tests.backendSupervisor.SupervisorUpdateTicket" time="0">
    <skipped message="The following asserts failed:&#10;	Terminate Execution as Backend Supervisor user not able to login into portal or Role does not assign to user. Please do needful."/>
    <system-out><![CDATA[03:25:42.602 I am in onTestStart method updateTicket start
]]></system-out>
  </testcase>
  <testcase name="updateTicket" classname="tests.backendSupervisor.SupervisorUpdateTicket" time="0">
    <skipped message="The following asserts failed:&#10;	Terminate Execution as Backend Supervisor user not able to login into portal or Role does not assign to user. Please do needful."/>
    <system-out><![CDATA[03:25:42.603 I am in onTestStart method updateTicket start
]]></system-out>
  </testcase>
  <testcase name="updateTicket" classname="tests.backendSupervisor.SupervisorUpdateTicket" time="0">
    <skipped message="The following asserts failed:&#10;	Terminate Execution as Backend Supervisor user not able to login into portal or Role does not assign to user. Please do needful."/>
    <system-out><![CDATA[03:25:42.606 I am in onTestStart method updateTicket start
]]></system-out>
  </testcase>
  <testcase name="updateTicket" classname="tests.backendSupervisor.SupervisorUpdateTicket" time="0">
    <skipped message="The following asserts failed:&#10;	Terminate Execution as Backend Supervisor user not able to login into portal or Role does not assign to user. Please do needful."/>
    <system-out><![CDATA[03:25:42.607 I am in onTestStart method updateTicket start
]]></system-out>
  </testcase>
  <testcase name="updateTicket" classname="tests.backendSupervisor.SupervisorUpdateTicket" time="0">
    <skipped message="The following asserts failed:&#10;	Terminate Execution as Backend Supervisor user not able to login into portal or Role does not assign to user. Please do needful."/>
    <system-out><![CDATA[03:25:42.609 I am in onTestStart method updateTicket start
]]></system-out>
  </testcase>
  <testcase name="updateTicket" classname="tests.backendSupervisor.SupervisorUpdateTicket" time="0">
    <skipped message="The following asserts failed:&#10;	Terminate Execution as Backend Supervisor user not able to login into portal or Role does not assign to user. Please do needful."/>
    <system-out><![CDATA[03:25:42.610 I am in onTestStart method updateTicket start
]]></system-out>
  </testcase>
  <testcase name="updateTicket" classname="tests.backendSupervisor.SupervisorUpdateTicket" time="0">
    <skipped message="The following asserts failed:&#10;	Terminate Execution as Backend Supervisor user not able to login into portal or Role does not assign to user. Please do needful."/>
    <system-out><![CDATA[03:25:42.614 I am in onTestStart method updateTicket start
]]></system-out>
  </testcase>
  <testcase name="updateTicket" classname="tests.backendSupervisor.SupervisorUpdateTicket" time="0">
    <skipped message="The following asserts failed:&#10;	Terminate Execution as Backend Supervisor user not able to login into portal or Role does not assign to user. Please do needful."/>
    <system-out><![CDATA[03:25:42.615 I am in onTestStart method updateTicket start
]]></system-out>
  </testcase>
  <testcase name="updateTicket" classname="tests.backendSupervisor.SupervisorUpdateTicket" time="0">
    <skipped message="The following asserts failed:&#10;	Terminate Execution as Backend Supervisor user not able to login into portal or Role does not assign to user. Please do needful."/>
    <system-out><![CDATA[03:25:42.616 I am in onTestStart method updateTicket start
]]></system-out>
  </testcase>
  <testcase name="updateTicket" classname="tests.backendSupervisor.SupervisorUpdateTicket" time="0">
    <skipped message="The following asserts failed:&#10;	Terminate Execution as Backend Supervisor user not able to login into portal or Role does not assign to user. Please do needful."/>
    <system-out><![CDATA[03:25:42.617 I am in onTestStart method updateTicket start
]]></system-out>
  </testcase>
  <testcase name="updateTicket" classname="tests.backendSupervisor.SupervisorUpdateTicket" time="0">
    <skipped message="The following asserts failed:&#10;	Terminate Execution as Backend Supervisor user not able to login into portal or Role does not assign to user. Please do needful."/>
    <system-out><![CDATA[03:25:42.619 I am in onTestStart method updateTicket start
]]></system-out>
  </testcase>
  <testcase name="updateTicket" classname="tests.backendSupervisor.SupervisorUpdateTicket" time="0">
    <skipped message="The following asserts failed:&#10;	Terminate Execution as Backend Supervisor user not able to login into portal or Role does not assign to user. Please do needful."/>
    <system-out><![CDATA[03:25:42.620 I am in onTestStart method updateTicket start
]]></system-out>
  </testcase>
  <testcase name="updateTicket" classname="tests.backendSupervisor.SupervisorUpdateTicket" time="0">
    <skipped message="The following asserts failed:&#10;	Terminate Execution as Backend Supervisor user not able to login into portal or Role does not assign to user. Please do needful."/>
    <system-out><![CDATA[03:25:42.621 I am in onTestStart method updateTicket start
]]></system-out>
  </testcase>
  <testcase name="updateTicket" classname="tests.backendSupervisor.SupervisorUpdateTicket" time="0">
    <skipped message="The following asserts failed:&#10;	Terminate Execution as Backend Supervisor user not able to login into portal or Role does not assign to user. Please do needful."/>
    <system-out><![CDATA[03:25:42.621 I am in onTestStart method updateTicket start
]]></system-out>
  </testcase>
  <testcase name="updateTicket" classname="tests.backendSupervisor.SupervisorUpdateTicket" time="0">
    <skipped message="The following asserts failed:&#10;	Terminate Execution as Backend Supervisor user not able to login into portal or Role does not assign to user. Please do needful."/>
    <system-out><![CDATA[03:25:42.622 I am in onTestStart method updateTicket start
]]></system-out>
  </testcase>
  <testcase name="updateTicket" classname="tests.backendSupervisor.SupervisorUpdateTicket" time="0">
    <skipped message="The following asserts failed:&#10;	Terminate Execution as Backend Supervisor user not able to login into portal or Role does not assign to user. Please do needful."/>
    <system-out><![CDATA[03:25:42.623 I am in onTestStart method updateTicket start
]]></system-out>
  </testcase>
  <testcase name="updateTicket" classname="tests.backendSupervisor.SupervisorUpdateTicket" time="0">
    <skipped message="The following asserts failed:&#10;	Terminate Execution as Backend Supervisor user not able to login into portal or Role does not assign to user. Please do needful."/>
    <system-out><![CDATA[03:25:42.623 I am in onTestStart method updateTicket start
]]></system-out>
  </testcase>
  <testcase name="updateTicket" classname="tests.backendSupervisor.SupervisorUpdateTicket" time="0">
    <skipped message="The following asserts failed:&#10;	Terminate Execution as Backend Supervisor user not able to login into portal or Role does not assign to user. Please do needful."/>
    <system-out><![CDATA[03:25:42.624 I am in onTestStart method updateTicket start
]]></system-out>
  </testcase>
  <testcase name="updateTicket" classname="tests.backendSupervisor.SupervisorUpdateTicket" time="0">
    <skipped message="The following asserts failed:&#10;	Terminate Execution as Backend Supervisor user not able to login into portal or Role does not assign to user. Please do needful."/>
    <system-out><![CDATA[03:25:42.625 I am in onTestStart method updateTicket start
]]></system-out>
  </testcase>
  <testcase name="updateTicket" classname="tests.backendSupervisor.SupervisorUpdateTicket" time="0">
    <skipped message="The following asserts failed:&#10;	Terminate Execution as Backend Supervisor user not able to login into portal or Role does not assign to user. Please do needful."/>
    <system-out><![CDATA[03:25:42.626 I am in onTestStart method updateTicket start
]]></system-out>
  </testcase>
  <testcase name="updateTicket" classname="tests.backendSupervisor.SupervisorUpdateTicket" time="0">
    <skipped message="The following asserts failed:&#10;	Terminate Execution as Backend Supervisor user not able to login into portal or Role does not assign to user. Please do needful."/>
    <system-out><![CDATA[03:25:42.627 I am in onTestStart method updateTicket start
]]></system-out>
  </testcase>
  <testcase name="updateTicket" classname="tests.backendSupervisor.SupervisorUpdateTicket" time="0">
    <skipped message="The following asserts failed:&#10;	Terminate Execution as Backend Supervisor user not able to login into portal or Role does not assign to user. Please do needful."/>
    <system-out><![CDATA[03:25:42.628 I am in onTestStart method updateTicket start
]]></system-out>
  </testcase>
  <testcase name="updateTicket" classname="tests.backendSupervisor.SupervisorUpdateTicket" time="0">
    <skipped message="The following asserts failed:&#10;	Terminate Execution as Backend Supervisor user not able to login into portal or Role does not assign to user. Please do needful."/>
    <system-out><![CDATA[03:25:42.628 I am in onTestStart method updateTicket start
]]></system-out>
  </testcase>
  <testcase name="updateTicket" classname="tests.backendSupervisor.SupervisorUpdateTicket" time="0">
    <skipped message="The following asserts failed:&#10;	Terminate Execution as Backend Supervisor user not able to login into portal or Role does not assign to user. Please do needful."/>
    <system-out><![CDATA[03:25:42.629 I am in onTestStart method updateTicket start
]]></system-out>
  </testcase>
  <testcase name="updateTicket" classname="tests.backendSupervisor.SupervisorUpdateTicket" time="0">
    <skipped message="The following asserts failed:&#10;	Terminate Execution as Backend Supervisor user not able to login into portal or Role does not assign to user. Please do needful."/>
    <system-out><![CDATA[03:25:42.631 I am in onTestStart method updateTicket start
]]></system-out>
  </testcase>
  <testcase name="updateTicket" classname="tests.backendSupervisor.SupervisorUpdateTicket" time="0">
    <skipped message="The following asserts failed:&#10;	Terminate Execution as Backend Supervisor user not able to login into portal or Role does not assign to user. Please do needful."/>
    <system-out><![CDATA[03:25:42.632 I am in onTestStart method updateTicket start
]]></system-out>
  </testcase>
  <testcase name="updateTicket" classname="tests.backendSupervisor.SupervisorUpdateTicket" time="0">
    <skipped message="The following asserts failed:&#10;	Terminate Execution as Backend Supervisor user not able to login into portal or Role does not assign to user. Please do needful."/>
    <system-out><![CDATA[03:25:42.633 I am in onTestStart method updateTicket start
]]></system-out>
  </testcase>
  <testcase name="updateTicket" classname="tests.backendSupervisor.SupervisorUpdateTicket" time="0">
    <skipped message="The following asserts failed:&#10;	Terminate Execution as Backend Supervisor user not able to login into portal or Role does not assign to user. Please do needful."/>
    <system-out><![CDATA[03:25:42.633 I am in onTestStart method updateTicket start
]]></system-out>
  </testcase>
  <testcase name="updateTicket" classname="tests.backendSupervisor.SupervisorUpdateTicket" time="0">
    <skipped message="The following asserts failed:&#10;	Terminate Execution as Backend Supervisor user not able to login into portal or Role does not assign to user. Please do needful."/>
    <system-out><![CDATA[03:25:42.635 I am in onTestStart method updateTicket start
]]></system-out>
  </testcase>
  <testcase name="updateTicket" classname="tests.backendSupervisor.SupervisorUpdateTicket" time="0">
    <skipped message="The following asserts failed:&#10;	Terminate Execution as Backend Supervisor user not able to login into portal or Role does not assign to user. Please do needful."/>
    <system-out><![CDATA[03:25:42.636 I am in onTestStart method updateTicket start
]]></system-out>
  </testcase>
  <testcase name="updateTicket" classname="tests.backendSupervisor.SupervisorUpdateTicket" time="0">
    <skipped message="The following asserts failed:&#10;	Terminate Execution as Backend Supervisor user not able to login into portal or Role does not assign to user. Please do needful."/>
    <system-out><![CDATA[03:25:42.636 I am in onTestStart method updateTicket start
]]></system-out>
  </testcase>
  <testcase name="updateTicket" classname="tests.backendSupervisor.SupervisorUpdateTicket" time="0">
    <skipped message="The following asserts failed:&#10;	Terminate Execution as Backend Supervisor user not able to login into portal or Role does not assign to user. Please do needful."/>
    <system-out><![CDATA[03:25:42.637 I am in onTestStart method updateTicket start
]]></system-out>
  </testcase>
  <testcase name="openCustomerInteraction" classname="tests.backendSupervisor.SupervisorUpdateTicket" time="0">
    <skipped message="The following asserts failed:&#10;	Terminate Execution as Backend Supervisor user not able to login into portal or Role does not assign to user. Please do needful."/>
    <system-out><![CDATA[03:25:42.748 I am in onTestStart method openCustomerInteraction start
]]></system-out>
  </testcase>
  <testcase name="validateReopenIcon" classname="tests.backendSupervisor.SupervisorUpdateTicket" time="0">
    <skipped message="Method SupervisorUpdateTicket.validateReopenIcon()[pri:4, instance:tests.backendSupervisor.SupervisorUpdateTicket@1cd629b3] depends on not successfully finished methods"/>
    <system-out><![CDATA[I am in on TestSkipped method openCustomerInteraction skipped
03:25:42.749 I am in onTestStart method validateReopenIcon start
]]></system-out>
  </testcase>
  <testcase name="checkExecution" classname="tests.backendSupervisor.AssignToAgentTicketTest" time="0.78">
    <failure message="The following asserts failed:&#10;	Terminate Execution as Backend Supervisor user not able to login into portal or Role does not assign to user. Please do needful." type="java.lang.AssertionError">java.lang.AssertionError: 
The following asserts failed:
	Terminate Execution as Backend Supervisor user not able to login into portal or Role does not assign to user. Please do needful.
	at tests.backendSupervisor.AssignToAgentTicketTest.checkExecution(AssignToAgentTicketTest.java:30)
</failure>
    <system-out><![CDATA[I am in on TestSkipped method validateReopenIcon skipped
I am in onFinish method Supervisors Update Ticket Test
I am in onStart method Supervisors Assign To Agent Test
]]></system-out>
  </testcase>
  <testcase name="openSupervisorDashboard" classname="tests.backendSupervisor.AssignToAgentTicketTest" time="0">
    <skipped message="The following asserts failed:&#10;	Terminate Execution as Backend Supervisor user not able to login into portal or Role does not assign to user. Please do needful."/>
    <system-out><![CDATA[03:25:43.532 I am in onTestStart method openSupervisorDashboard start
]]></system-out>
  </testcase>
  <testcase name="assignTicketToAgent" classname="tests.backendSupervisor.AssignToAgentTicketTest" time="0">
    <skipped message="Method AssignToAgentTicketTest.assignTicketToAgent(java.lang.reflect.Method)[pri:2, instance:tests.backendSupervisor.AssignToAgentTicketTest@4c012563] depends on not successfully finished methods"/>
    <system-out><![CDATA[I am in on TestSkipped method openSupervisorDashboard skipped
03:25:43.532 I am in onTestStart method assignTicketToAgent start
]]></system-out>
  </testcase>
  <testcase name="checkExecution" classname="tests.backendSupervisor.TransferToQueueTest" time="0.702">
    <failure message="The following asserts failed:&#10;	Terminate Execution as Backend Supervisor user not able to login into portal or Role does not assign to user. Please do needful." type="java.lang.AssertionError">java.lang.AssertionError: 
The following asserts failed:
	Terminate Execution as Backend Supervisor user not able to login into portal or Role does not assign to user. Please do needful.
	at tests.backendSupervisor.TransferToQueueTest.checkExecution(TransferToQueueTest.java:27)
</failure>
    <system-out><![CDATA[I am in on TestSkipped method assignTicketToAgent skipped
I am in onFinish method Supervisors Assign To Agent Test
I am in onStart method Supervisors Ticket Transfer To Queue Test
]]></system-out>
  </testcase>
  <testcase name="checkExecution" classname="tests.backendSupervisor.TransferToQueueTest" time="0">
    <skipped/>
  </testcase>
  <testcase name="checkExecution" classname="tests.backendSupervisor.TransferToQueueTest" time="0">
    <skipped/>
  </testcase>
  <testcase name="checkExecution" classname="tests.backendSupervisor.TransferToQueueTest" time="0">
    <skipped/>
  </testcase>
  <testcase name="openSupervisorDashboard" classname="tests.backendSupervisor.TransferToQueueTest" time="0">
    <skipped message="The following asserts failed:&#10;	Terminate Execution as Backend Supervisor user not able to login into portal or Role does not assign to user. Please do needful."/>
    <system-out><![CDATA[03:25:44.235 I am in onTestStart method openSupervisorDashboard start
]]></system-out>
  </testcase>
  <testcase name="methodLevelSetup" classname="tests.backendSupervisor.TransferToQueueTest" time="0">
    <skipped/>
    <system-out><![CDATA[I am in on TestSkipped method openSupervisorDashboard skipped
]]></system-out>
  </testcase>
  <testcase name="methodLevelSetup" classname="tests.backendSupervisor.TransferToQueueTest" time="0">
    <skipped/>
    <system-out><![CDATA[I am in on TestSkipped method transferToQueue skipped
]]></system-out>
  </testcase>
  <testcase name="methodLevelSetup" classname="tests.backendSupervisor.TransferToQueueTest" time="0">
    <skipped/>
    <system-out><![CDATA[I am in on TestSkipped method transferToQueue skipped
]]></system-out>
  </testcase>
  <testcase name="transferToQueue" classname="tests.backendSupervisor.TransferToQueueTest" time="0">
    <skipped message="The following asserts failed:&#10;	Terminate Execution as Backend Supervisor user not able to login into portal or Role does not assign to user. Please do needful."/>
    <system-out><![CDATA[03:25:44.292 I am in onTestStart method transferToQueue start
]]></system-out>
  </testcase>
  <testcase name="transferToQueue" classname="tests.backendSupervisor.TransferToQueueTest" time="0">
    <skipped message="The following asserts failed:&#10;	Terminate Execution as Backend Supervisor user not able to login into portal or Role does not assign to user. Please do needful."/>
    <system-out><![CDATA[03:25:44.293 I am in onTestStart method transferToQueue start
]]></system-out>
  </testcase>
  <testcase name="transferToQueue" classname="tests.backendSupervisor.TransferToQueueTest" time="0">
    <skipped message="The following asserts failed:&#10;	Terminate Execution as Backend Supervisor user not able to login into portal or Role does not assign to user. Please do needful."/>
    <system-out><![CDATA[03:25:44.294 I am in onTestStart method transferToQueue start
]]></system-out>
  </testcase>
  <testcase name="checkExecution" classname="tests.backendSupervisor.SupervisorReopenTicketTest" time="0.706">
    <failure message="The following asserts failed:&#10;	Terminate Execution as Backend Supervisor user not able to login into portal or Role does not assign to user. Please do needful." type="java.lang.AssertionError">java.lang.AssertionError: 
The following asserts failed:
	Terminate Execution as Backend Supervisor user not able to login into portal or Role does not assign to user. Please do needful.
	at tests.backendSupervisor.SupervisorReopenTicketTest.checkExecution(SupervisorReopenTicketTest.java:28)
</failure>
    <system-out><![CDATA[I am in on TestSkipped method transferToQueue skipped
I am in onFinish method Supervisors Ticket Transfer To Queue Test
I am in onStart method Supervisor Re-Open Ticket
]]></system-out>
  </testcase>
  <testcase name="openSupervisorDashboard" classname="tests.backendSupervisor.SupervisorReopenTicketTest" time="0">
    <skipped message="The following asserts failed:&#10;	Terminate Execution as Backend Supervisor user not able to login into portal or Role does not assign to user. Please do needful."/>
    <system-out><![CDATA[03:25:45.001 I am in onTestStart method openSupervisorDashboard start
]]></system-out>
  </testcase>
  <testcase name="ReopenTicket" classname="tests.backendSupervisor.SupervisorReopenTicketTest" time="0">
    <skipped message="Method SupervisorReopenTicketTest.ReopenTicket(java.lang.reflect.Method, Utils.DataProviders.TicketStateDataBean)[pri:2, instance:tests.backendSupervisor.SupervisorReopenTicketTest@2fba3fc4] depends on not successfully finished methods"/>
    <system-out><![CDATA[I am in on TestSkipped method openSupervisorDashboard skipped
03:25:45.001 I am in onTestStart method ReopenTicket start
]]></system-out>
  </testcase>
  <testcase name="checkExecution" classname="tests.backendSupervisor.TicketEscalationTest" time="0.645">
    <failure message="The following asserts failed:&#10;	Terminate Execution as Backend Supervisor user not able to login into portal or Role does not assign to user. Please do needful." type="java.lang.AssertionError">java.lang.AssertionError: 
The following asserts failed:
	Terminate Execution as Backend Supervisor user not able to login into portal or Role does not assign to user. Please do needful.
	at tests.backendSupervisor.TicketEscalationTest.checkExecution(TicketEscalationTest.java:26)
</failure>
    <system-out><![CDATA[I am in on TestSkipped method ReopenTicket skipped
I am in onFinish method Supervisor Re-Open Ticket
I am in onStart method Ticket Escalation
]]></system-out>
  </testcase>
  <testcase name="openSupervisorDashboard" classname="tests.backendSupervisor.TicketEscalationTest" time="0">
    <skipped message="The following asserts failed:&#10;	Terminate Execution as Backend Supervisor user not able to login into portal or Role does not assign to user. Please do needful."/>
    <system-out><![CDATA[03:25:45.647 I am in onTestStart method openSupervisorDashboard start
]]></system-out>
  </testcase>
  <testcase name="ticketEscalation" classname="tests.backendSupervisor.TicketEscalationTest" time="0">
    <skipped message="Method TicketEscalationTest.ticketEscalation(java.lang.reflect.Method)[pri:2, instance:tests.backendSupervisor.TicketEscalationTest@266374ef] depends on not successfully finished methods"/>
    <system-out><![CDATA[I am in on TestSkipped method openSupervisorDashboard skipped
03:25:45.648 I am in onTestStart method ticketEscalation start
]]></system-out>
  </testcase>
  <testcase name="ticketEscalationBeforeSLA" classname="tests.backendSupervisor.TicketEscalationTest" time="0">
    <skipped message="Method TicketEscalationTest.ticketEscalationBeforeSLA(java.lang.reflect.Method)[pri:3, instance:tests.backendSupervisor.TicketEscalationTest@266374ef] depends on not successfully finished methods"/>
    <system-out><![CDATA[I am in on TestSkipped method ticketEscalation skipped
03:25:45.648 I am in onTestStart method ticketEscalationBeforeSLA start
]]></system-out>
  </testcase>
  <testcase name="ticketEscalationAfterSLA" classname="tests.backendSupervisor.TicketEscalationTest" time="0">
    <skipped message="Method TicketEscalationTest.ticketEscalationAfterSLA(java.lang.reflect.Method)[pri:4, instance:tests.backendSupervisor.TicketEscalationTest@266374ef] depends on not successfully finished methods"/>
    <system-out><![CDATA[I am in on TestSkipped method ticketEscalationBeforeSLA skipped
03:25:45.648 I am in onTestStart method ticketEscalationAfterSLA start
]]></system-out>
  </testcase>
  <testcase name="ticketEscalationOnSLA" classname="tests.backendSupervisor.TicketEscalationTest" time="0">
    <skipped message="Method TicketEscalationTest.ticketEscalationOnSLA(java.lang.reflect.Method)[pri:5, instance:tests.backendSupervisor.TicketEscalationTest@266374ef] depends on not successfully finished methods"/>
    <system-out><![CDATA[I am in on TestSkipped method ticketEscalationAfterSLA skipped
03:25:45.649 I am in onTestStart method ticketEscalationOnSLA start
]]></system-out>
  </testcase>
  <testcase name="checkExecution" classname="tests.backendSupervisor.SupervisorAddCommentTest" time="0.617">
    <failure message="The following asserts failed:&#10;	Terminate Execution as Backend Supervisor user not able to login into portal or Role does not assign to user. Please do needful." type="java.lang.AssertionError">java.lang.AssertionError: 
The following asserts failed:
	Terminate Execution as Backend Supervisor user not able to login into portal or Role does not assign to user. Please do needful.
	at tests.backendSupervisor.SupervisorAddCommentTest.checkExecution(SupervisorAddCommentTest.java:28)
</failure>
    <system-out><![CDATA[I am in on TestSkipped method ticketEscalationOnSLA skipped
I am in onFinish method Ticket Escalation
I am in onStart method Supervisors Add Comment on Ticket
]]></system-out>
  </testcase>
  <testcase name="openSupervisorDashboard" classname="tests.backendSupervisor.SupervisorAddCommentTest" time="0">
    <skipped message="The following asserts failed:&#10;	Terminate Execution as Backend Supervisor user not able to login into portal or Role does not assign to user. Please do needful."/>
    <system-out><![CDATA[03:25:46.268 I am in onTestStart method openSupervisorDashboard start
]]></system-out>
  </testcase>
  <testcase name="addCommentOnTicket" classname="tests.backendSupervisor.SupervisorAddCommentTest" time="0">
    <skipped message="Method SupervisorAddCommentTest.addCommentOnTicket(java.lang.reflect.Method)[pri:2, instance:tests.backendSupervisor.SupervisorAddCommentTest@766653e6] depends on not successfully finished methods"/>
    <system-out><![CDATA[I am in on TestSkipped method openSupervisorDashboard skipped
03:25:46.269 I am in onTestStart method addCommentOnTicket start
]]></system-out>
  </testcase>
  <testcase name="validateIssueComment" classname="tests.backendSupervisor.SupervisorAddCommentTest" time="0">
    <skipped message="Method SupervisorAddCommentTest.validateIssueComment(java.lang.reflect.Method)[pri:3, instance:tests.backendSupervisor.SupervisorAddCommentTest@766653e6] depends on not successfully finished methods"/>
    <system-out><![CDATA[I am in on TestSkipped method addCommentOnTicket skipped
03:25:46.270 I am in onTestStart method validateIssueComment start
]]></system-out>
  </testcase>
  <testcase name="editComment" classname="tests.backendSupervisor.SupervisorAddCommentTest" time="0">
    <skipped message="Method SupervisorAddCommentTest.editComment()[pri:4, instance:tests.backendSupervisor.SupervisorAddCommentTest@766653e6] depends on not successfully finished methods"/>
    <system-out><![CDATA[I am in on TestSkipped method validateIssueComment skipped
03:25:46.270 I am in onTestStart method editComment start
]]></system-out>
  </testcase>
  <testcase name="deleteLastAddedComment" classname="tests.backendSupervisor.SupervisorAddCommentTest" time="0">
    <skipped message="Method SupervisorAddCommentTest.deleteLastAddedComment()[pri:5, instance:tests.backendSupervisor.SupervisorAddCommentTest@766653e6] depends on not successfully finished methods"/>
    <system-out><![CDATA[I am in on TestSkipped method editComment skipped
03:25:46.271 I am in onTestStart method deleteLastAddedComment start
]]></system-out>
  </testcase>
  <testcase name="checkExecution" classname="tests.templateManagement.CreateTemplateTest" time="0.455">
    <failure message="The following asserts failed:&#10;	Terminate Execution as user not able to login into portal or Role does not assign to user. Please do needful." type="java.lang.AssertionError">java.lang.AssertionError: 
The following asserts failed:
	Terminate Execution as user not able to login into portal or Role does not assign to user. Please do needful.
	at tests.templateManagement.CreateTemplateTest.checkExecution(CreateTemplateTest.java:30)
</failure>
    <system-out><![CDATA[I am in on TestSkipped method LoggingIN skipped
I am in onFinish method Login Admin Test
I am in onStart method Create Template Test
]]></system-out>
  </testcase>
  <testcase name="checkExecution" classname="tests.templateManagement.CreateTemplateTest" time="0">
    <skipped/>
  </testcase>
  <testcase name="openTemplateManagement" classname="tests.templateManagement.CreateTemplateTest" time="0">
    <skipped message="The following asserts failed:&#10;	Terminate Execution as user not able to login into portal or Role does not assign to user. Please do needful."/>
    <system-out><![CDATA[03:25:48.112 I am in onTestStart method openTemplateManagement start
]]></system-out>
  </testcase>
  <testcase name="ValidateAddTemplateManagementPage" classname="tests.templateManagement.CreateTemplateTest" time="0">
    <skipped message="Method CreateTemplateTest.ValidateAddTemplateManagementPage()[pri:2, instance:tests.templateManagement.CreateTemplateTest@42a15bdc] depends on not successfully finished methods"/>
    <system-out><![CDATA[I am in on TestSkipped method openTemplateManagement skipped
03:25:48.113 I am in onTestStart method ValidateAddTemplateManagementPage start
]]></system-out>
  </testcase>
  <testcase name="methodLevelSetup" classname="tests.templateManagement.CreateTemplateTest" time="0">
    <skipped/>
    <system-out><![CDATA[I am in on TestSkipped method ValidateAddTemplateManagementPage skipped
]]></system-out>
  </testcase>
  <testcase name="addTemplateCategory" classname="tests.templateManagement.CreateTemplateTest" time="0">
    <skipped message="The following asserts failed:&#10;	Terminate Execution as user not able to login into portal or Role does not assign to user. Please do needful."/>
    <system-out><![CDATA[03:25:48.114 I am in onTestStart method addTemplateCategory start
]]></system-out>
  </testcase>
  <testcase name="createTemplate" classname="tests.templateManagement.CreateTemplateTest" time="0">
    <skipped message="Method CreateTemplateTest.createTemplate()[pri:4, instance:tests.templateManagement.CreateTemplateTest@42a15bdc] depends on not successfully finished methods"/>
    <system-out><![CDATA[I am in on TestSkipped method addTemplateCategory skipped
03:25:48.114 I am in onTestStart method createTemplate start
]]></system-out>
  </testcase>
  <testcase name="validateAddedTemplate" classname="tests.templateManagement.CreateTemplateTest" time="0">
    <skipped message="Method CreateTemplateTest.validateAddedTemplate()[pri:5, instance:tests.templateManagement.CreateTemplateTest@42a15bdc] depends on not successfully finished methods"/>
    <system-out><![CDATA[I am in on TestSkipped method createTemplate skipped
03:25:48.115 I am in onTestStart method validateAddedTemplate start
]]></system-out>
  </testcase>
  <testcase name="checkExecution" classname="tests.templateManagement.ViewTemplateTest" time="0.454">
    <failure message="The following asserts failed:&#10;	Terminate Execution as user not able to login into portal or Role does not assign to user. Please do needful." type="java.lang.AssertionError">java.lang.AssertionError: 
The following asserts failed:
	Terminate Execution as user not able to login into portal or Role does not assign to user. Please do needful.
	at tests.templateManagement.ViewTemplateTest.checkExecution(ViewTemplateTest.java:26)
</failure>
    <system-out><![CDATA[I am in on TestSkipped method validateAddedTemplate skipped
I am in onFinish method Create Template Test
I am in onStart method View Template Test
]]></system-out>
  </testcase>
  <testcase name="openTemplateManagement" classname="tests.templateManagement.ViewTemplateTest" time="0">
    <skipped message="The following asserts failed:&#10;	Terminate Execution as user not able to login into portal or Role does not assign to user. Please do needful."/>
    <system-out><![CDATA[03:25:48.570 I am in onTestStart method openTemplateManagement start
]]></system-out>
  </testcase>
  <testcase name="openViewCreatedTemplate" classname="tests.templateManagement.ViewTemplateTest" time="0">
    <skipped message="Method ViewTemplateTest.openViewCreatedTemplate()[pri:2, instance:tests.templateManagement.ViewTemplateTest@3ddc6915] depends on not successfully finished methods"/>
    <system-out><![CDATA[I am in on TestSkipped method openTemplateManagement skipped
03:25:48.570 I am in onTestStart method openViewCreatedTemplate start
]]></system-out>
  </testcase>
  <testcase name="validateAgentChannel" classname="tests.templateManagement.ViewTemplateTest" time="0">
    <skipped message="Method ViewTemplateTest.validateAgentChannel()[pri:3, instance:tests.templateManagement.ViewTemplateTest@3ddc6915] depends on not successfully finished methods"/>
    <system-out><![CDATA[I am in on TestSkipped method openViewCreatedTemplate skipped
03:25:48.571 I am in onTestStart method validateAgentChannel start
]]></system-out>
  </testcase>
  <testcase name="validateRoles" classname="tests.templateManagement.ViewTemplateTest" time="0">
    <skipped message="Method ViewTemplateTest.validateRoles()[pri:4, instance:tests.templateManagement.ViewTemplateTest@3ddc6915] depends on not successfully finished methods"/>
    <system-out><![CDATA[I am in on TestSkipped method validateAgentChannel skipped
03:25:48.571 I am in onTestStart method validateRoles start
]]></system-out>
  </testcase>
  <testcase name="validateLanguage" classname="tests.templateManagement.ViewTemplateTest" time="0">
    <skipped message="Method ViewTemplateTest.validateLanguage()[pri:5, instance:tests.templateManagement.ViewTemplateTest@3ddc6915] depends on not successfully finished methods"/>
    <system-out><![CDATA[I am in on TestSkipped method validateRoles skipped
03:25:48.571 I am in onTestStart method validateLanguage start
]]></system-out>
  </testcase>
  <testcase name="validateTemplateLayout" classname="tests.templateManagement.ViewTemplateTest" time="0">
    <skipped message="Method ViewTemplateTest.validateTemplateLayout()[pri:6, instance:tests.templateManagement.ViewTemplateTest@3ddc6915] depends on not successfully finished methods"/>
    <system-out><![CDATA[I am in on TestSkipped method validateLanguage skipped
03:25:48.572 I am in onTestStart method validateTemplateLayout start
]]></system-out>
  </testcase>
  <testcase name="deactivateTemplate" classname="tests.templateManagement.ViewTemplateTest" time="0">
    <skipped message="Method ViewTemplateTest.deactivateTemplate()[pri:7, instance:tests.templateManagement.ViewTemplateTest@3ddc6915] depends on not successfully finished methods"/>
    <system-out><![CDATA[I am in on TestSkipped method validateTemplateLayout skipped
03:25:48.572 I am in onTestStart method deactivateTemplate start
]]></system-out>
  </testcase>
  <testcase name="checkExecution" classname="tests.frontendAgent.SendSMSTest" time="0.526">
    <failure message="The following asserts failed:&#10;	Terminate Execution as user not able to login into portal or Role does not assign to user. Please do needful." type="java.lang.AssertionError">java.lang.AssertionError: 
The following asserts failed:
	Terminate Execution as user not able to login into portal or Role does not assign to user. Please do needful.
	at tests.frontendAgent.SendSMSTest.checkExecution(SendSMSTest.java:28)
</failure>
    <system-out><![CDATA[I am in on TestSkipped method deactivateTemplate skipped
I am in onFinish method View Template Test
I am in onStart method Send SMS Test
03:25:49.096 [main] INFO  Utils.DataProviders.DataProviders(243) - User Type ALL
03:25:49.096 [main] INFO  Utils.DataProviders.DataProviders(249) - NO USER FOUND
03:25:49.096 [main] INFO  Utils.DataProviders.DataProviders(243) - User Type BA
03:25:49.097 [main] INFO  Utils.DataProviders.DataProviders(249) - NO USER FOUND
03:25:49.097 [main] INFO  Utils.DataProviders.DataProviders(243) - User Type NFTR
03:25:49.097 [main] INFO  Utils.DataProviders.DataProviders(246) - User Type ADDED NFTR
03:25:49.098 [main] INFO  Utils.DataProviders.DataProviders(243) - User Type API
03:25:49.099 [main] INFO  Utils.DataProviders.DataProviders(249) - NO USER FOUND
]]></system-out>
  </testcase>
  <testcase name="checkExecution" classname="tests.frontendAgent.SendSMSTest" time="0">
    <skipped/>
  </testcase>
  <testcase name="checkExecution" classname="tests.frontendAgent.SendSMSTest" time="0">
    <skipped/>
  </testcase>
  <testcase name="openCustomerInteraction" classname="tests.frontendAgent.SendSMSTest" time="0">
    <skipped message="The following asserts failed:&#10;	Terminate Execution as user not able to login into portal or Role does not assign to user. Please do needful."/>
    <system-out><![CDATA[03:25:49.101 I am in onTestStart method openCustomerInteraction start
]]></system-out>
  </testcase>
  <testcase name="validateSendSMSTab" classname="tests.frontendAgent.SendSMSTest" time="0">
    <skipped message="Method SendSMSTest.validateSendSMSTab()[pri:2, instance:tests.frontendAgent.SendSMSTest@a307a8c] depends on not successfully finished methods"/>
    <system-out><![CDATA[I am in on TestSkipped method openCustomerInteraction skipped
03:25:49.101 I am in onTestStart method validateSendSMSTab start
]]></system-out>
  </testcase>
  <testcase name="sendSMS" classname="tests.frontendAgent.SendSMSTest" time="0">
    <skipped message="Method SendSMSTest.sendSMS()[pri:3, instance:tests.frontendAgent.SendSMSTest@a307a8c] depends on not successfully finished methods"/>
    <system-out><![CDATA[I am in on TestSkipped method validateSendSMSTab skipped
03:25:49.102 I am in onTestStart method sendSMS start
]]></system-out>
  </testcase>
  <testcase name="methodLevelSetup" classname="tests.frontendAgent.SendSMSTest" time="0">
    <skipped/>
    <system-out><![CDATA[I am in on TestSkipped method sendSMS skipped
]]></system-out>
  </testcase>
  <testcase name="methodLevelSetup" classname="tests.frontendAgent.SendSMSTest" time="0">
    <skipped/>
    <system-out><![CDATA[I am in on TestSkipped method checkSendMessageLog skipped
]]></system-out>
  </testcase>
  <testcase name="checkSendMessageLog" classname="tests.frontendAgent.SendSMSTest" time="0">
    <skipped message="The following asserts failed:&#10;	Terminate Execution as user not able to login into portal or Role does not assign to user. Please do needful."/>
    <system-out><![CDATA[03:25:49.102 I am in onTestStart method checkSendMessageLog start
]]></system-out>
  </testcase>
  <testcase name="ReSendMessageLog" classname="tests.frontendAgent.SendSMSTest" time="0">
    <skipped message="The following asserts failed:&#10;	Terminate Execution as user not able to login into portal or Role does not assign to user. Please do needful."/>
    <system-out><![CDATA[03:25:49.103 I am in onTestStart method ReSendMessageLog start
]]></system-out>
  </testcase>
  <testcase name="checkExecution" classname="tests.userManagement.userManagementTest" time="0.417">
    <failure message="The following asserts failed:&#10;	Terminate Execution as user not able to login into portal or Role does not assign to user. Please do needful." type="java.lang.AssertionError">java.lang.AssertionError: 
The following asserts failed:
	Terminate Execution as user not able to login into portal or Role does not assign to user. Please do needful.
	at tests.userManagement.userManagementTest.checkExecution(userManagementTest.java:28)
</failure>
    <system-out><![CDATA[I am in on TestSkipped method ReSendMessageLog skipped
I am in onFinish method Send SMS Test
I am in onStart method UserManagement Test
]]></system-out>
  </testcase>
  <testcase name="openUserManagementPage" classname="tests.userManagement.userManagementTest" time="0">
    <skipped message="The following asserts failed:&#10;	Terminate Execution as user not able to login into portal or Role does not assign to user. Please do needful."/>
    <system-out><![CDATA[03:25:49.523 I am in onTestStart method openUserManagementPage start
]]></system-out>
  </testcase>
  <testcase name="openEditUserPage" classname="tests.userManagement.userManagementTest" time="0">
    <skipped message="Method userManagementTest.openEditUserPage(Utils.DataProviders.TestDatabean)[pri:2, instance:tests.userManagement.userManagementTest@3fc79729] depends on not successfully finished methods"/>
    <system-out><![CDATA[I am in on TestSkipped method openUserManagementPage skipped
03:25:49.523 I am in onTestStart method openEditUserPage start
]]></system-out>
  </testcase>
  <testcase name="getInteractionChannel" classname="tests.userManagement.userManagementTest" time="0">
    <skipped message="Method userManagementTest.getInteractionChannel()[pri:3, instance:tests.userManagement.userManagementTest@3fc79729] depends on not successfully finished methods"/>
    <system-out><![CDATA[I am in on TestSkipped method openEditUserPage skipped
03:25:49.524 I am in onTestStart method getInteractionChannel start
]]></system-out>
  </testcase>
  <testcase name="getWorkflows" classname="tests.userManagement.userManagementTest" time="0">
    <skipped message="Method userManagementTest.getWorkflows()[pri:4, instance:tests.userManagement.userManagementTest@3fc79729] depends on not successfully finished methods"/>
    <system-out><![CDATA[I am in on TestSkipped method getInteractionChannel skipped
03:25:49.524 I am in onTestStart method getWorkflows start
]]></system-out>
  </testcase>
  <testcase name="getLoginQueue" classname="tests.userManagement.userManagementTest" time="0">
    <skipped message="Method userManagementTest.getLoginQueue()[pri:5, instance:tests.userManagement.userManagementTest@3fc79729] depends on not successfully finished methods"/>
    <system-out><![CDATA[I am in on TestSkipped method getWorkflows skipped
03:25:49.525 I am in onTestStart method getLoginQueue start
]]></system-out>
  </testcase>
  <testcase name="changeBucketSize" classname="tests.userManagement.userManagementTest" time="0">
    <skipped message="Method userManagementTest.changeBucketSize(Utils.DataProviders.TestDatabean)[pri:6, instance:tests.userManagement.userManagementTest@3fc79729] depends on not successfully finished methods"/>
    <system-out><![CDATA[I am in on TestSkipped method getLoginQueue skipped
03:25:49.525 I am in onTestStart method changeBucketSize start
]]></system-out>
  </testcase>
  <testcase name="checkExecution" classname="tests.profileManagement.profileManagementTest" time="0.309">
    <failure message="The following asserts failed:&#10;	Terminate Execution as user not able to login into portal or Role does not assign to user. Please do needful." type="java.lang.AssertionError">java.lang.AssertionError: 
The following asserts failed:
	Terminate Execution as user not able to login into portal or Role does not assign to user. Please do needful.
	at tests.profileManagement.profileManagementTest.checkExecution(profileManagementTest.java:25)
</failure>
    <system-out><![CDATA[I am in on TestSkipped method changeBucketSize skipped
I am in onFinish method UserManagement Test
I am in onStart method Profile Management Test
]]></system-out>
  </testcase>
  <testcase name="openProfileManagementPage" classname="tests.profileManagement.profileManagementTest" time="0">
    <skipped message="The following asserts failed:&#10;	Terminate Execution as user not able to login into portal or Role does not assign to user. Please do needful."/>
    <system-out><![CDATA[03:25:49.837 I am in onTestStart method openProfileManagementPage start
]]></system-out>
  </testcase>
  <testcase name="configurationFilterTest" classname="tests.profileManagement.profileManagementTest" time="0">
    <skipped message="Method profileManagementTest.configurationFilterTest()[pri:2, instance:tests.profileManagement.profileManagementTest@6d7fc27] depends on not successfully finished methods"/>
    <system-out><![CDATA[I am in on TestSkipped method openProfileManagementPage skipped
03:25:49.837 I am in onTestStart method configurationFilterTest start
]]></system-out>
  </testcase>
  <testcase name="roleStatusFilterTest" classname="tests.profileManagement.profileManagementTest" time="0">
    <skipped message="Method profileManagementTest.roleStatusFilterTest()[pri:3, instance:tests.profileManagement.profileManagementTest@6d7fc27] depends on not successfully finished methods"/>
    <system-out><![CDATA[I am in on TestSkipped method configurationFilterTest skipped
03:25:49.838 I am in onTestStart method roleStatusFilterTest start
]]></system-out>
  </testcase>
  <testcase name="widgetOrderTest" classname="tests.profileManagement.profileManagementTest" time="0">
    <skipped message="Method profileManagementTest.widgetOrderTest(Utils.DataProviders.TestDatabean)[pri:3, instance:tests.profileManagement.profileManagementTest@6d7fc27] depends on not successfully finished methods"/>
    <system-out><![CDATA[I am in on TestSkipped method roleStatusFilterTest skipped
03:25:49.838 I am in onTestStart method widgetOrderTest start
]]></system-out>
  </testcase>
  <testcase name="checkExecution" classname="tests.backendAgent.BackendAgentLoginTest" time="0.374">
    <failure message="The following asserts failed:&#10;	Terminate Execution as Backend Agent not able to login into portal or Role does not assign to user. Please do needful." type="java.lang.AssertionError">java.lang.AssertionError: 
The following asserts failed:
	Terminate Execution as Backend Agent not able to login into portal or Role does not assign to user. Please do needful.
	at tests.backendAgent.BackendAgentLoginTest.checkExecution(BackendAgentLoginTest.java:28)
</failure>
    <system-out><![CDATA[I am in on TestSkipped method Logout skipped
I am in onFinish method Logout Test from ADMIN/SUPERVISOR
I am in onStart method LOGIN TO BACKEND AGENT
03:25:50.542 [main] INFO  Utils.DataProviders.DataProviders(243) - User Type ALL
03:25:50.543 [main] INFO  Utils.DataProviders.DataProviders(249) - NO USER FOUND
03:25:50.543 [main] INFO  Utils.DataProviders.DataProviders(243) - User Type BA
03:25:50.543 [main] INFO  Utils.DataProviders.DataProviders(246) - User Type ADDED BA
03:25:50.543 [main] INFO  Utils.DataProviders.DataProviders(243) - User Type NFTR
03:25:50.544 [main] INFO  Utils.DataProviders.DataProviders(249) - NO USER FOUND
03:25:50.544 [main] INFO  Utils.DataProviders.DataProviders(243) - User Type API
03:25:50.544 [main] INFO  Utils.DataProviders.DataProviders(249) - NO USER FOUND
]]></system-out>
  </testcase>
  <testcase name="LoggingIN" classname="tests.backendAgent.BackendAgentLoginTest" time="0">
    <skipped message="The following asserts failed:&#10;	Terminate Execution as Backend Agent not able to login into portal or Role does not assign to user. Please do needful."/>
    <system-out><![CDATA[03:25:50.545 I am in onTestStart method LoggingIN start
]]></system-out>
  </testcase>
  <testcase name="agentQueueLogin" classname="tests.backendAgent.BackendAgentLoginTest" time="0">
    <skipped message="Method BackendAgentLoginTest.agentQueueLogin(java.lang.reflect.Method)[pri:2, instance:tests.backendAgent.BackendAgentLoginTest@57ad2aa7] depends on not successfully finished methods"/>
    <system-out><![CDATA[I am in on TestSkipped method LoggingIN skipped
03:25:50.546 I am in onTestStart method agentQueueLogin start
]]></system-out>
  </testcase>
  <testcase name="ValidateTicket" classname="tests.backendAgent.BackendAgentLoginTest" time="0">
    <skipped message="Method BackendAgentLoginTest.ValidateTicket(java.lang.reflect.Method)[pri:3, instance:tests.backendAgent.BackendAgentLoginTest@57ad2aa7] depends on not successfully finished methods"/>
    <system-out><![CDATA[I am in on TestSkipped method agentQueueLogin skipped
03:25:50.546 I am in onTestStart method ValidateTicket start
]]></system-out>
  </testcase>
  <testcase name="checkExecution" classname="tests.backendAgent.BackendAgentFilterTest" time="0.21">
    <failure message="The following asserts failed:&#10;	Terminate Execution as Backend Agent not able to login into portal or Role does not assign to user. Please do needful." type="java.lang.AssertionError">java.lang.AssertionError: 
The following asserts failed:
	Terminate Execution as Backend Agent not able to login into portal or Role does not assign to user. Please do needful.
	at tests.backendAgent.BackendAgentFilterTest.checkExecution(BackendAgentFilterTest.java:23)
</failure>
    <system-out><![CDATA[I am in on TestSkipped method ValidateTicket skipped
I am in onFinish method LOGIN TO BACKEND AGENT
I am in onStart method Validate BACKEND AGENT Filter Options
]]></system-out>
  </testcase>
  <testcase name="agentQueueLogin" classname="tests.backendAgent.BackendAgentFilterTest" time="0">
    <skipped message="The following asserts failed:&#10;	Terminate Execution as Backend Agent not able to login into portal or Role does not assign to user. Please do needful."/>
    <system-out><![CDATA[03:25:50.758 I am in onTestStart method agentQueueLogin start
]]></system-out>
  </testcase>
  <testcase name="validateFilter" classname="tests.backendAgent.BackendAgentFilterTest" time="0">
    <skipped message="Method BackendAgentFilterTest.validateFilter(java.lang.reflect.Method)[pri:2, instance:tests.backendAgent.BackendAgentFilterTest@12a94400] depends on not successfully finished methods"/>
    <system-out><![CDATA[I am in on TestSkipped method agentQueueLogin skipped
03:25:50.758 I am in onTestStart method validateFilter start
]]></system-out>
  </testcase>
  <testcase name="checkExecution" classname="tests.backendAgent.BackendAgentUpdateTicket" time="0.226">
    <failure message="The following asserts failed:&#10;	Terminate Execution as Backend Agent not able to login into portal or Role does not assign to user. Please do needful." type="java.lang.AssertionError">java.lang.AssertionError: 
The following asserts failed:
	Terminate Execution as Backend Agent not able to login into portal or Role does not assign to user. Please do needful.
	at tests.backendAgent.BackendAgentUpdateTicket.checkExecution(BackendAgentUpdateTicket.java:25)
</failure>
    <system-out><![CDATA[I am in on TestSkipped method validateFilter skipped
I am in onFinish method Validate BACKEND AGENT Filter Options
I am in onStart method BACKEND AGENT Update Ticket
]]></system-out>
  </testcase>
  <testcase name="updateTicket" classname="tests.backendAgent.BackendAgentUpdateTicket" time="0">
    <skipped message="The following asserts failed:&#10;	Terminate Execution as Backend Agent not able to login into portal or Role does not assign to user. Please do needful."/>
    <system-out><![CDATA[03:25:50.985 I am in onTestStart method updateTicket start
]]></system-out>
  </testcase>
  <testcase name="checkExecution" classname="tests.backendAgent.BackendAgentAddComment" time="0.155">
    <failure message="The following asserts failed:&#10;	Terminate Execution as Backend Agent not able to login into portal or Role does not assign to user. Please do needful." type="java.lang.AssertionError">java.lang.AssertionError: 
The following asserts failed:
	Terminate Execution as Backend Agent not able to login into portal or Role does not assign to user. Please do needful.
	at tests.backendAgent.BackendAgentAddComment.checkExecution(BackendAgentAddComment.java:25)
</failure>
    <system-out><![CDATA[I am in on TestSkipped method updateTicket skipped
I am in onFinish method BACKEND AGENT Update Ticket
I am in onStart method BACKEND AGENT Add Comment on Ticket
]]></system-out>
  </testcase>
  <testcase name="agentQueueLogin" classname="tests.backendAgent.BackendAgentAddComment" time="0">
    <skipped message="The following asserts failed:&#10;	Terminate Execution as Backend Agent not able to login into portal or Role does not assign to user. Please do needful."/>
    <system-out><![CDATA[03:25:51.140 I am in onTestStart method agentQueueLogin start
]]></system-out>
  </testcase>
  <testcase name="addNewComment" classname="tests.backendAgent.BackendAgentAddComment" time="0">
    <skipped message="Method BackendAgentAddComment.addNewComment(java.lang.reflect.Method, Utils.DataProviders.TicketStateDataBean)[pri:2, instance:tests.backendAgent.BackendAgentAddComment@67b9b51a] depends on not successfully finished methods"/>
    <system-out><![CDATA[I am in on TestSkipped method agentQueueLogin skipped
03:25:51.141 I am in onTestStart method addNewComment start
]]></system-out>
  </testcase>
  <testcase name="validateIssueCommentBS" classname="tests.backendAgent.BackendAgentAddComment" time="0">
    <skipped message="Method BackendAgentAddComment.validateIssueCommentBS(java.lang.reflect.Method)[pri:3, instance:tests.backendAgent.BackendAgentAddComment@67b9b51a] depends on not successfully finished methods"/>
    <system-out><![CDATA[I am in on TestSkipped method addNewComment skipped
03:25:51.141 I am in onTestStart method validateIssueCommentBS start
]]></system-out>
  </testcase>
  <testcase name="editComment" classname="tests.backendAgent.BackendAgentAddComment" time="0">
    <skipped message="Method BackendAgentAddComment.editComment()[pri:4, instance:tests.backendAgent.BackendAgentAddComment@67b9b51a] depends on not successfully finished methods"/>
    <system-out><![CDATA[I am in on TestSkipped method validateIssueCommentBS skipped
03:25:51.141 I am in onTestStart method editComment start
]]></system-out>
  </testcase>
  <testcase name="deleteLastAddedComment" classname="tests.backendAgent.BackendAgentAddComment" time="0">
    <skipped message="Method BackendAgentAddComment.deleteLastAddedComment()[pri:5, instance:tests.backendAgent.BackendAgentAddComment@67b9b51a] depends on not successfully finished methods"/>
    <system-out><![CDATA[I am in on TestSkipped method editComment skipped
03:25:51.142 I am in onTestStart method deleteLastAddedComment start
]]></system-out>
  </testcase>
  <testcase name="teardown" classname="tests.frontendAgent.LogoutTest" time="0">
    <skipped/>
    <system-out><![CDATA[I am in on TestSkipped method Logout skipped
I am in onFinish method Logout Test from Backend agent
]]></system-out>
  </testcase>
</testsuite>