<?xml version="1.0" encoding="UTF-8"?>
<!-- Generated by org.testng.reporters.JUnitReportReporter -->
<testsuite skipped="0" hostname="LT2394650" name="tests.LoginTests" tests="1" failures="0" timestamp="2021-01-11T13:43:30 IST" time="56.075" errors="0">
  <testcase name="LoggingIN" time="56.075" classname="tests.LoginTests"/>
</testsuite> <!-- tests.LoginTests -->
