<?xml version="1.0" encoding="UTF-8"?>
<!-- Generated by org.testng.reporters.JUnitReportReporter -->
<testsuite skipped="0" hostname="LT2394650" name="tests.LoginTests" tests="1" failures="0" timestamp="2021-03-12T00:38:52 IST" time="102.171" errors="0">
  <testcase name="LoggingIN" time="102.171" classname="tests.LoginTests"/>
</testsuite> <!-- tests.LoginTests -->
