<?xml version="1.0" encoding="UTF-8"?>
<!-- Generated by org.testng.reporters.JUnitReportReporter -->
<testsuite skipped="0" hostname="LT2394650" name="tests.LoginTests" tests="2" failures="0" timestamp="2021-03-20T18:50:56 IST" time="97.223" errors="0">
  <testcase name="LoggingIN" time="52.921" classname="tests.LoginTests"/>
  <testcase name="LoggingIN" time="44.302" classname="tests.LoginTests"/>
</testsuite> <!-- tests.LoginTests -->
