<?xml version="1.0" encoding="UTF-8"?>
<!-- Generated by org.testng.reporters.JUnitReportReporter -->
<testsuite skipped="0" hostname="LT2394650" name="tests.LoginTests" tests="2" failures="0" timestamp="2021-03-19T22:58:06 IST" time="100.693" errors="0">
  <testcase name="LoggingIN" time="42.490" classname="tests.LoginTests"/>
  <testcase name="LoggingIN" time="58.203" classname="tests.LoginTests"/>
</testsuite> <!-- tests.LoginTests -->
