<?xml version="1.0" encoding="UTF-8"?>
<!-- Generated by org.testng.reporters.JUnitReportReporter -->
<testsuite skipped="0" hostname="LT2394650" name="API.APITest" tests="1" failures="0" timestamp="2021-01-20T15:43:28 IST" time="3.548" errors="0">
  <testcase name="loginAPI" time="3.548" classname="API.APITest"/>
</testsuite> <!-- API.APITest -->
