<?xml version="1.0" encoding="UTF-8"?>
<!-- Generated by org.testng.reporters.JUnitReportReporter -->
<testsuite skipped="0" hostname="LT2394650" name="tests.LoginTests" tests="1" failures="0" timestamp="2021-03-19T21:51:51 IST" time="44.017" errors="0">
  <testcase name="LoggingIN" time="44.017" classname="tests.LoginTests"/>
</testsuite> <!-- tests.LoginTests -->
